sentence timestamp keyb_width keyb_height event x_pos y_pos x_radius y_radius angle word is_err
im_going_to_class 1580390381127 360 205 touchstart 251 29 1.4984393119812 1.4984393119812 0 im 0
im_going_to_class 1580390381152 360 205 touchmove 251 29 1.248699426651 1.248699426651 0 im 0
im_going_to_class 1580390381172 360 205 touchmove 252 30 1.4984393119812 1.4984393119812 0 im 0
im_going_to_class 1580390381192 360 205 touchmove 257 34 1.4984393119812 1.4984393119812 0 im 0
im_going_to_class 1580390381217 360 205 touchmove 268 55 0.9989595413208 0.9989595413208 0 im 0
im_going_to_class 1580390381242 360 205 touchmove 272 69 1.248699426651 1.248699426651 0 im 0
im_going_to_class 1580390381251 360 205 touchmove 276 86 0.9989595413208 0.9989595413208 0 im 0
im_going_to_class 1580390381268 360 205 touchmove 279 101 1.4984393119812 1.4984393119812 0 im 0
im_going_to_class 1580390381285 360 205 touchmove 281 114 1.248699426651 1.248699426651 0 im 0
im_going_to_class 1580390381301 360 205 touchmove 283 124 1.4984393119812 1.4984393119812 0 im 0
im_going_to_class 1580390381320 360 205 touchmove 285 131 1.4984393119812 1.4984393119812 0 im 0
im_going_to_class 1580390381336 360 205 touchmove 287 137 1.4984393119812 1.4984393119812 0 im 0
im_going_to_class 1580390381352 360 205 touchmove 289 141 1.4984393119812 1.4984393119812 0 im 0
im_going_to_class 1580390381370 360 205 touchmove 290 145 1.248699426651 1.248699426651 0 im 0
im_going_to_class 1580390381386 360 205 touchmove 291 149 1.4984393119812 1.4984393119812 0 im 0
im_going_to_class 1580390381402 360 205 touchmove 292 153 1.4984393119812 1.4984393119812 0 im 0
im_going_to_class 1580390381419 360 205 touchmove 292 157 1.4984393119812 1.4984393119812 0 im 0
im_going_to_class 1580390381436 360 205 touchmove 292 159 1.4984393119812 1.4984393119812 0 im 0
im_going_to_class 1580390381451 360 205 touchmove 292 161 1.4984393119812 1.4984393119812 0 im 0
im_going_to_class 1580390381470 360 205 touchmove 291 163 1.4984393119812 1.4984393119812 0 im 0
im_going_to_class 1580390381485 360 205 touchmove 289 164 1.4984393119812 1.4984393119812 0 im 0
im_going_to_class 1580390381503 360 205 touchmove 287 166 1.4984393119812 1.4984393119812 0 im 0
im_going_to_class 1580390381519 360 205 touchmove 283 167 1.4984393119812 1.4984393119812 0 im 0
im_going_to_class 1580390381537 360 205 touchmove 279 169 1.7481791973114 1.7481791973114 0 im 0
im_going_to_class 1580390381553 360 205 touchmove 275 170 1.9979190826416 1.9979190826416 0 im 0
im_going_to_class 1580390381569 360 205 touchmove 273 170 1.9979190826416 1.9979190826416 0 im 0
im_going_to_class 1580390381588 360 205 touchmove 269 171 1.9979190826416 1.9979190826416 0 im 0
im_going_to_class 1580390381603 360 205 touchmove 268 171 1.9979190826416 1.9979190826416 0 im 0
im_going_to_class 1580390381619 360 205 touchmove 267 171 1.9979190826416 1.9979190826416 0 im 0
im_going_to_class 1580390381636 360 205 touchmove 266 171 1.9979190826416 1.9979190826416 0 im 0
im_going_to_class 1580390381652 360 205 touchmove 266 171 1.4984393119812 1.4984393119812 0 im 0
im_going_to_class 1580390381670 360 205 touchmove 266 170 2.497398853302 2.497398853302 0 im 0
im_going_to_class 1580390381681 360 205 touchend 266 170 2.497398853302 2.497398853302 0 im 0
im_going_to_class 1580390383905 360 205 touchstart 167 91 0.4994797706604 0.4994797706604 0 going 0
im_going_to_class 1580390383928 360 205 touchmove 167 91 1.4984393119812 1.4984393119812 0 going 0
im_going_to_class 1580390383962 360 205 touchmove 169 92 1.248699426651 1.248699426651 0 going 0
im_going_to_class 1580390383978 360 205 touchmove 172 92 1.4984393119812 1.4984393119812 0 going 0
im_going_to_class 1580390383993 360 205 touchmove 176 92 1.4984393119812 1.4984393119812 0 going 0
im_going_to_class 1580390384010 360 205 touchmove 182 92 1.4984393119812 1.4984393119812 0 going 0
im_going_to_class 1580390384029 360 205 touchmove 190 92 1.9979190826416 1.9979190826416 0 going 0
im_going_to_class 1580390384046 360 205 touchmove 199 90 1.9979190826416 1.9979190826416 0 going 0
im_going_to_class 1580390384060 360 205 touchmove 208 87 1.4984393119812 1.4984393119812 0 going 0
im_going_to_class 1580390384075 360 205 touchmove 217 83 1.4984393119812 1.4984393119812 0 going 0
im_going_to_class 1580390384092 360 205 touchmove 226 79 1.4984393119812 1.4984393119812 0 going 0
im_going_to_class 1580390384109 360 205 touchmove 234 73 1.7481791973114 1.7481791973114 0 going 0
im_going_to_class 1580390384125 360 205 touchmove 240 67 1.4984393119812 1.4984393119812 0 going 0
im_going_to_class 1580390384141 360 205 touchmove 247 61 1.7481791973114 1.7481791973114 0 going 0
im_going_to_class 1580390384158 360 205 touchmove 253 56 1.4984393119812 1.4984393119812 0 going 0
im_going_to_class 1580390384176 360 205 touchmove 259 52 1.7481791973114 1.7481791973114 0 going 0
im_going_to_class 1580390384192 360 205 touchmove 265 48 1.9979190826416 1.9979190826416 0 going 0
im_going_to_class 1580390384210 360 205 touchmove 271 45 1.7481791973114 1.7481791973114 0 going 0
im_going_to_class 1580390384227 360 205 touchmove 277 42 1.7481791973114 1.7481791973114 0 going 0
im_going_to_class 1580390384243 360 205 touchmove 283 40 1.9979190826416 1.9979190826416 0 going 0
im_going_to_class 1580390384260 360 205 touchmove 289 39 1.7481791973114 1.7481791973114 0 going 0
im_going_to_class 1580390384276 360 205 touchmove 295 38 1.248699426651 1.248699426651 0 going 0
im_going_to_class 1580390384292 360 205 touchmove 300 38 1.4984393119812 1.4984393119812 0 going 0
im_going_to_class 1580390384310 360 205 touchmove 305 40 1.4984393119812 1.4984393119812 0 going 0
im_going_to_class 1580390384327 360 205 touchmove 310 42 1.248699426651 1.248699426651 0 going 0
im_going_to_class 1580390384342 360 205 touchmove 313 46 1.248699426651 1.248699426651 0 going 0
im_going_to_class 1580390384361 360 205 touchmove 315 50 1.248699426651 1.248699426651 0 going 0
im_going_to_class 1580390384375 360 205 touchmove 316 57 1.248699426651 1.248699426651 0 going 0
im_going_to_class 1580390384394 360 205 touchmove 316 66 1.4984393119812 1.4984393119812 0 going 0
im_going_to_class 1580390384409 360 205 touchmove 314 78 1.4984393119812 1.4984393119812 0 going 0
im_going_to_class 1580390384427 360 205 touchmove 309 92 1.248699426651 1.248699426651 0 going 0
im_going_to_class 1580390384442 360 205 touchmove 303 106 1.4984393119812 1.4984393119812 0 going 0
im_going_to_class 1580390384460 360 205 touchmove 298 119 1.248699426651 1.248699426651 0 going 0
im_going_to_class 1580390384477 360 205 touchmove 292 129 1.4984393119812 1.4984393119812 0 going 0
im_going_to_class 1580390384494 360 205 touchmove 286 137 1.4984393119812 1.4984393119812 0 going 0
im_going_to_class 1580390384509 360 205 touchmove 280 143 1.4984393119812 1.4984393119812 0 going 0
im_going_to_class 1580390384527 360 205 touchmove 273 148 1.9979190826416 1.9979190826416 0 going 0
im_going_to_class 1580390384542 360 205 touchmove 266 152 1.7481791973114 1.7481791973114 0 going 0
im_going_to_class 1580390384561 360 205 touchmove 259 155 1.248699426651 1.248699426651 0 going 0
im_going_to_class 1580390384577 360 205 touchmove 253 157 1.248699426651 1.248699426651 0 going 0
im_going_to_class 1580390384593 360 205 touchmove 248 158 1.248699426651 1.248699426651 0 going 0
im_going_to_class 1580390384612 360 205 touchmove 244 158 1.7481791973114 1.7481791973114 0 going 0
im_going_to_class 1580390384628 360 205 touchmove 241 156 0.9989595413208 0.9989595413208 0 going 0
im_going_to_class 1580390384644 360 205 touchmove 240 150 1.7481791973114 1.7481791973114 0 going 0
im_going_to_class 1580390384661 360 205 touchmove 241 141 1.4984393119812 1.4984393119812 0 going 0
im_going_to_class 1580390384677 360 205 touchmove 244 128 1.4984393119812 1.4984393119812 0 going 0
im_going_to_class 1580390384696 360 205 touchmove 248 110 1.248699426651 1.248699426651 0 going 0
im_going_to_class 1580390384711 360 205 touchmove 252 94 1.7481791973114 1.7481791973114 0 going 0
im_going_to_class 1580390384728 360 205 touchmove 257 78 1.9979190826416 1.9979190826416 0 going 0
im_going_to_class 1580390384744 360 205 touchmove 262 62 1.7481791973114 1.7481791973114 0 going 0
im_going_to_class 1580390384761 360 205 touchmove 268 48 1.9979190826416 1.9979190826416 0 going 0
im_going_to_class 1580390384777 360 205 touchmove 274 38 1.4984393119812 1.4984393119812 0 going 0
im_going_to_class 1580390384793 360 205 touchmove 279 31 1.7481791973114 1.7481791973114 0 going 0
im_going_to_class 1580390384811 360 205 touchmove 282 27 1.9979190826416 1.9979190826416 0 going 0
im_going_to_class 1580390384830 360 205 touchmove 284 24 1.7481791973114 1.7481791973114 0 going 0
im_going_to_class 1580390384844 360 205 touchmove 285 21 1.9979190826416 1.9979190826416 0 going 0
im_going_to_class 1580390384861 360 205 touchmove 285 19 1.9979190826416 1.9979190826416 0 going 0
im_going_to_class 1580390384876 360 205 touchmove 284 18 1.9979190826416 1.9979190826416 0 going 0
im_going_to_class 1580390384893 360 205 touchmove 283 17 2.2476589679718 2.2476589679718 0 going 0
im_going_to_class 1580390384913 360 205 touchmove 281 19 1.7481791973114 1.7481791973114 0 going 0
im_going_to_class 1580390384929 360 205 touchmove 277 25 1.4984393119812 1.4984393119812 0 going 0
im_going_to_class 1580390384943 360 205 touchmove 272 39 1.4984393119812 1.4984393119812 0 going 0
im_going_to_class 1580390384964 360 205 touchmove 266 54 1.4984393119812 1.4984393119812 0 going 0
im_going_to_class 1580390384978 360 205 touchmove 262 71 1.7481791973114 1.7481791973114 0 going 0
im_going_to_class 1580390384996 360 205 touchmove 258 88 1.4984393119812 1.4984393119812 0 going 0
im_going_to_class 1580390385011 360 205 touchmove 256 104 1.9979190826416 1.9979190826416 0 going 0
im_going_to_class 1580390385027 360 205 touchmove 255 116 1.248699426651 1.248699426651 0 going 0
im_going_to_class 1580390385044 360 205 touchmove 255 127 1.4984393119812 1.4984393119812 0 going 0
im_going_to_class 1580390385061 360 205 touchmove 255 136 1.4984393119812 1.4984393119812 0 going 0
im_going_to_class 1580390385078 360 205 touchmove 255 142 1.7481791973114 1.7481791973114 0 going 0
im_going_to_class 1580390385096 360 205 touchmove 255 146 1.7481791973114 1.7481791973114 0 going 0
im_going_to_class 1580390385111 360 205 touchmove 255 148 1.9979190826416 1.9979190826416 0 going 0
im_going_to_class 1580390385129 360 205 touchmove 255 150 1.9979190826416 1.9979190826416 0 going 0
im_going_to_class 1580390385145 360 205 touchmove 255 152 1.9979190826416 1.9979190826416 0 going 0
im_going_to_class 1580390385163 360 205 touchmove 255 154 1.9979190826416 1.9979190826416 0 going 0
im_going_to_class 1580390385177 360 205 touchmove 254 155 1.7481791973114 1.7481791973114 0 going 0
im_going_to_class 1580390385194 360 205 touchmove 253 156 1.4984393119812 1.4984393119812 0 going 0
im_going_to_class 1580390385214 360 205 touchmove 251 157 1.4984393119812 1.4984393119812 0 going 0
im_going_to_class 1580390385229 360 205 touchmove 248 157 1.7481791973114 1.7481791973114 0 going 0
im_going_to_class 1580390385247 360 205 touchmove 244 156 1.7481791973114 1.7481791973114 0 going 0
im_going_to_class 1580390385263 360 205 touchmove 238 154 1.248699426651 1.248699426651 0 going 0
im_going_to_class 1580390385277 360 205 touchmove 231 151 1.248699426651 1.248699426651 0 going 0
im_going_to_class 1580390385294 360 205 touchmove 224 147 1.7481791973114 1.7481791973114 0 going 0
im_going_to_class 1580390385312 360 205 touchmove 217 143 1.7481791973114 1.7481791973114 0 going 0
im_going_to_class 1580390385328 360 205 touchmove 210 138 1.4984393119812 1.4984393119812 0 going 0
im_going_to_class 1580390385346 360 205 touchmove 204 133 1.4984393119812 1.4984393119812 0 going 0
im_going_to_class 1580390385363 360 205 touchmove 197 127 1.4984393119812 1.4984393119812 0 going 0
im_going_to_class 1580390385379 360 205 touchmove 191 121 1.4984393119812 1.4984393119812 0 going 0
im_going_to_class 1580390385396 360 205 touchmove 186 115 1.7481791973114 1.7481791973114 0 going 0
im_going_to_class 1580390385411 360 205 touchmove 183 111 1.9979190826416 1.9979190826416 0 going 0
im_going_to_class 1580390385429 360 205 touchmove 182 108 1.9979190826416 1.9979190826416 0 going 0
im_going_to_class 1580390385447 360 205 touchmove 182 106 1.9979190826416 1.9979190826416 0 going 0
im_going_to_class 1580390385462 360 205 touchmove 183 104 1.7481791973114 1.7481791973114 0 going 0
im_going_to_class 1580390385478 360 205 touchmove 184 102 1.4984393119812 1.4984393119812 0 going 0
im_going_to_class 1580390385495 360 205 touchmove 185 100 1.7481791973114 1.7481791973114 0 going 0
im_going_to_class 1580390385512 360 205 touchmove 186 97 1.9979190826416 1.9979190826416 0 going 0
im_going_to_class 1580390385529 360 205 touchmove 187 94 1.7481791973114 1.7481791973114 0 going 0
im_going_to_class 1580390385545 360 205 touchmove 188 90 1.7481791973114 1.7481791973114 0 going 0
im_going_to_class 1580390385561 360 205 touchmove 190 86 1.248699426651 1.248699426651 0 going 0
im_going_to_class 1580390385578 360 205 touchmove 192 81 2.9968786239624 2.9968786239624 0 going 0
im_going_to_class 1580390385586 360 205 touchend 192 81 2.9968786239624 2.9968786239624 0 going 0
im_going_to_class 1580390386792 360 205 touchstart 148 36 1.4984393119812 1.4984393119812 0 to 0
im_going_to_class 1580390386814 360 205 touchmove 148 36 1.7481791973114 1.7481791973114 0 to 0
im_going_to_class 1580390386836 360 205 touchmove 149 36 2.2476589679718 2.2476589679718 0 to 0
im_going_to_class 1580390386851 360 205 touchmove 150 36 1.9979190826416 1.9979190826416 0 to 0
im_going_to_class 1580390386866 360 205 touchmove 161 35 1.4984393119812 1.4984393119812 0 to 0
im_going_to_class 1580390386881 360 205 touchmove 176 34 1.4984393119812 1.4984393119812 0 to 0
im_going_to_class 1580390386899 360 205 touchmove 197 33 1.248699426651 1.248699426651 0 to 0
im_going_to_class 1580390386916 360 205 touchmove 222 33 1.248699426651 1.248699426651 0 to 0
im_going_to_class 1580390386934 360 205 touchmove 239 33 1.248699426651 1.248699426651 0 to 0
im_going_to_class 1580390386948 360 205 touchmove 259 33 1.248699426651 1.248699426651 0 to 0
im_going_to_class 1580390386965 360 205 touchmove 277 33 1.248699426651 1.248699426651 0 to 0
im_going_to_class 1580390386984 360 205 touchmove 290 33 1.248699426651 1.248699426651 0 to 0
im_going_to_class 1580390386999 360 205 touchmove 301 34 1.248699426651 1.248699426651 0 to 0
im_going_to_class 1580390387016 360 205 touchmove 308 35 1.248699426651 1.248699426651 0 to 0
im_going_to_class 1580390387033 360 205 touchmove 313 35 1.248699426651 1.248699426651 0 to 0
im_going_to_class 1580390387048 360 205 touchmove 317 36 1.248699426651 1.248699426651 0 to 0
im_going_to_class 1580390387066 360 205 touchmove 319 36 1.248699426651 1.248699426651 0 to 0
im_going_to_class 1580390387083 360 205 touchmove 321 36 0.9989595413208 0.9989595413208 0 to 0
im_going_to_class 1580390387099 360 205 touchmove 322 36 0.2497398853302 0.2497398853302 0 to 0
im_going_to_class 1580390387112 360 205 touchmove 323 36 1.9979190826416 1.9979190826416 0 to 0
im_going_to_class 1580390387115 360 205 touchend 323 36 1.9979190826416 1.9979190826416 0 to 0
im_going_to_class 1580390388047 360 205 touchstart 130 147 1.4984393119812 1.4984393119812 0 class 0
im_going_to_class 1580390388067 360 205 touchmove 130 147 1.7481791973114 1.7481791973114 0 class 0
im_going_to_class 1580390388084 360 205 touchmove 130 147 1.9979190826416 1.9979190826416 0 class 0
im_going_to_class 1580390388101 360 205 touchmove 131 147 1.9979190826416 1.9979190826416 0 class 0
im_going_to_class 1580390388118 360 205 touchmove 135 147 1.7481791973114 1.7481791973114 0 class 0
im_going_to_class 1580390388135 360 205 touchmove 137 147 1.7481791973114 1.7481791973114 0 class 0
im_going_to_class 1580390388153 360 205 touchmove 148 146 1.248699426651 1.248699426651 0 class 0
im_going_to_class 1580390388169 360 205 touchmove 160 145 1.4984393119812 1.4984393119812 0 class 0
im_going_to_class 1580390388184 360 205 touchmove 172 143 1.248699426651 1.248699426651 0 class 0
im_going_to_class 1580390388201 360 205 touchmove 185 140 1.4984393119812 1.4984393119812 0 class 0
im_going_to_class 1580390388218 360 205 touchmove 196 137 1.4984393119812 1.4984393119812 0 class 0
im_going_to_class 1580390388234 360 205 touchmove 207 134 1.4984393119812 1.4984393119812 0 class 0
im_going_to_class 1580390388306 360 205 touchmove 217 131 0.9989595413208 0.9989595413208 0 class 0
im_going_to_class 1580390388319 360 205 touchmove 254 118 1.248699426651 1.248699426651 0 class 0
im_going_to_class 1580390388336 360 205 touchmove 257 117 1.4984393119812 1.4984393119812 0 class 0
im_going_to_class 1580390388352 360 205 touchmove 261 115 1.4984393119812 1.4984393119812 0 class 0
im_going_to_class 1580390388368 360 205 touchmove 265 112 1.4984393119812 1.4984393119812 0 class 0
im_going_to_class 1580390388386 360 205 touchmove 269 107 1.248699426651 1.248699426651 0 class 0
im_going_to_class 1580390388401 360 205 touchmove 273 105 1.248699426651 1.248699426651 0 class 0
im_going_to_class 1580390388420 360 205 touchmove 277 103 1.4984393119812 1.4984393119812 0 class 0
im_going_to_class 1580390388435 360 205 touchmove 278 102 1.4984393119812 1.4984393119812 0 class 0
im_going_to_class 1580390388454 360 205 touchmove 283 99 1.4984393119812 1.4984393119812 0 class 0
im_going_to_class 1580390388470 360 205 touchmove 286 98 1.4984393119812 1.4984393119812 0 class 0
im_going_to_class 1580390388487 360 205 touchmove 289 97 0.9989595413208 0.9989595413208 0 class 0
im_going_to_class 1580390388504 360 205 touchmove 293 97 1.4984393119812 1.4984393119812 0 class 0
im_going_to_class 1580390388520 360 205 touchmove 297 96 1.4984393119812 1.4984393119812 0 class 0
im_going_to_class 1580390388537 360 205 touchmove 302 96 1.4984393119812 1.4984393119812 0 class 0
im_going_to_class 1580390388553 360 205 touchmove 305 96 1.248699426651 1.248699426651 0 class 0
im_going_to_class 1580390388570 360 205 touchmove 312 96 1.248699426651 1.248699426651 0 class 0
im_going_to_class 1580390388587 360 205 touchmove 314 96 1.248699426651 1.248699426651 0 class 0
im_going_to_class 1580390388603 360 205 touchmove 319 95 1.4984393119812 1.4984393119812 0 class 0
im_going_to_class 1580390388618 360 205 touchmove 321 94 1.4984393119812 1.4984393119812 0 class 0
im_going_to_class 1580390388638 360 205 touchmove 323 93 1.4984393119812 1.4984393119812 0 class 0
im_going_to_class 1580390388652 360 205 touchmove 324 92 1.4984393119812 1.4984393119812 0 class 0
im_going_to_class 1580390388670 360 205 touchmove 325 91 1.4984393119812 1.4984393119812 0 class 0
im_going_to_class 1580390388687 360 205 touchmove 326 90 1.248699426651 1.248699426651 0 class 0
im_going_to_class 1580390388702 360 205 touchmove 327 89 0.9989595413208 0.9989595413208 0 class 0
im_going_to_class 1580390388721 360 205 touchmove 327 89 1.248699426651 1.248699426651 0 class 0
im_going_to_class 1580390388737 360 205 touchmove 327 88 1.4984393119812 1.4984393119812 0 class 0
im_going_to_class 1580390388754 360 205 touchmove 327 85 1.4984393119812 1.4984393119812 0 class 0
im_going_to_class 1580390388771 360 205 touchmove 325 81 1.4984393119812 1.4984393119812 0 class 0
im_going_to_class 1580390388788 360 205 touchmove 323 77 1.248699426651 1.248699426651 0 class 0
im_going_to_class 1580390388802 360 205 touchmove 319 72 1.248699426651 1.248699426651 0 class 0
im_going_to_class 1580390388821 360 205 touchmove 315 67 1.4984393119812 1.4984393119812 0 class 0
im_going_to_class 1580390388844 360 205 touchmove 308 62 1.4984393119812 1.4984393119812 0 class 0
im_going_to_class 1580390388857 360 205 touchmove 298 54 1.7481791973114 1.7481791973114 0 class 0
im_going_to_class 1580390388870 360 205 touchmove 292 50 1.7481791973114 1.7481791973114 0 class 0
im_going_to_class 1580390388886 360 205 touchmove 268 39 1.4984393119812 1.4984393119812 0 class 0
im_going_to_class 1580390388903 360 205 touchmove 253 34 1.7481791973114 1.7481791973114 0 class 0
im_going_to_class 1580390388922 360 205 touchmove 232 28 1.7481791973114 1.7481791973114 0 class 0
im_going_to_class 1580390388939 360 205 touchmove 212 23 1.7481791973114 1.7481791973114 0 class 0
im_going_to_class 1580390388956 360 205 touchmove 195 20 1.7481791973114 1.7481791973114 0 class 0
im_going_to_class 1580390388973 360 205 touchmove 180 18 1.7481791973114 1.7481791973114 0 class 0
im_going_to_class 1580390388990 360 205 touchmove 168 17 1.9979190826416 1.9979190826416 0 class 0
im_going_to_class 1580390389004 360 205 touchmove 158 17 1.7481791973114 1.7481791973114 0 class 0
im_going_to_class 1580390389022 360 205 touchmove 150 17 1.9979190826416 1.9979190826416 0 class 0
im_going_to_class 1580390389038 360 205 touchmove 143 17 2.2476589679718 2.2476589679718 0 class 0
im_going_to_class 1580390389054 360 205 touchmove 137 17 1.9979190826416 1.9979190826416 0 class 0
im_going_to_class 1580390389070 360 205 touchmove 132 17 1.7481791973114 1.7481791973114 0 class 0
im_going_to_class 1580390389087 360 205 touchmove 128 18 1.7481791973114 1.7481791973114 0 class 0
im_going_to_class 1580390389103 360 205 touchmove 124 19 1.9979190826416 1.9979190826416 0 class 0
im_going_to_class 1580390389120 360 205 touchmove 119 21 1.9979190826416 1.9979190826416 0 class 0
im_going_to_class 1580390389137 360 205 touchmove 115 23 1.4984393119812 1.4984393119812 0 class 0
im_going_to_class 1580390389156 360 205 touchmove 108 26 1.9979190826416 1.9979190826416 0 class 0
im_going_to_class 1580390389173 360 205 touchmove 101 31 1.9979190826416 1.9979190826416 0 class 0
im_going_to_class 1580390389188 360 205 touchmove 95 36 2.2476589679718 2.2476589679718 0 class 0
im_going_to_class 1580390389205 360 205 touchmove 89 42 2.2476589679718 2.2476589679718 0 class 0
im_going_to_class 1580390389221 360 205 touchmove 84 48 2.2476589679718 2.2476589679718 0 class 0
im_going_to_class 1580390389239 360 205 touchmove 80 53 1.7481791973114 1.7481791973114 0 class 0
im_going_to_class 1580390389254 360 205 touchmove 78 57 1.9979190826416 1.9979190826416 0 class 0
im_going_to_class 1580390389272 360 205 touchmove 76 61 2.2476589679718 2.2476589679718 0 class 0
im_going_to_class 1580390389289 360 205 touchmove 74 65 2.2476589679718 2.2476589679718 0 class 0
im_going_to_class 1580390389305 360 205 touchmove 73 68 1.9979190826416 1.9979190826416 0 class 0
im_going_to_class 1580390389320 360 205 touchmove 71 71 1.9979190826416 1.9979190826416 0 class 0
im_going_to_class 1580390389338 360 205 touchmove 69 74 1.9979190826416 1.9979190826416 0 class 0
im_going_to_class 1580390389355 360 205 touchmove 65 77 1.9979190826416 1.9979190826416 0 class 0
im_going_to_class 1580390389372 360 205 touchmove 59 79 1.7481791973114 1.7481791973114 0 class 0
im_going_to_class 1580390389388 360 205 touchmove 51 81 1.9979190826416 1.9979190826416 0 class 0
im_going_to_class 1580390389404 360 205 touchmove 42 83 1.9979190826416 1.9979190826416 0 class 0
im_going_to_class 1580390389421 360 205 touchmove 36 85 1.9979190826416 1.9979190826416 0 class 0
im_going_to_class 1580390389438 360 205 touchmove 32 87 1.9979190826416 1.9979190826416 0 class 0
im_going_to_class 1580390389454 360 205 touchmove 30 88 2.2476589679718 2.2476589679718 0 class 0
im_going_to_class 1580390389471 360 205 touchmove 29 89 2.2476589679718 2.2476589679718 0 class 0
im_going_to_class 1580390389489 360 205 touchmove 29 90 2.2476589679718 2.2476589679718 0 class 0
im_going_to_class 1580390389506 360 205 touchmove 30 92 2.2476589679718 2.2476589679718 0 class 0
im_going_to_class 1580390389522 360 205 touchmove 32 95 2.2476589679718 2.2476589679718 0 class 0
im_going_to_class 1580390389538 360 205 touchmove 36 98 2.2476589679718 2.2476589679718 0 class 0
im_going_to_class 1580390389556 360 205 touchmove 41 101 1.9979190826416 1.9979190826416 0 class 0
im_going_to_class 1580390389574 360 205 touchmove 50 101 1.9979190826416 1.9979190826416 0 class 0
im_going_to_class 1580390389589 360 205 touchmove 62 97 1.9979190826416 1.9979190826416 0 class 0
im_going_to_class 1580390389604 360 205 touchmove 74 91 2.2476589679718 2.2476589679718 0 class 0
im_going_to_class 1580390389621 360 205 touchmove 86 84 1.7481791973114 1.7481791973114 0 class 0
im_going_to_class 1580390389639 360 205 touchmove 96 78 1.9979190826416 1.9979190826416 0 class 0
im_going_to_class 1580390389656 360 205 touchmove 103 74 2.2476589679718 2.2476589679718 0 class 0
im_going_to_class 1580390389671 360 205 touchmove 108 71 2.2476589679718 2.2476589679718 0 class 0
im_going_to_class 1580390389690 360 205 touchmove 112 70 2.2476589679718 2.2476589679718 0 class 0
im_going_to_class 1580390389707 360 205 touchmove 114 69 1.9979190826416 1.9979190826416 0 class 0
im_going_to_class 1580390389723 360 205 touchmove 116 68 0.2497398853302 0.2497398853302 0 class 0
im_going_to_class 1580390389736 360 205 touchmove 118 67 1.4984393119812 1.4984393119812 0 class 0
im_going_to_class 1580390389738 360 205 touchend 118 67 1.4984393119812 1.4984393119812 0 class 0
paragraphs_comprehensive_service_still 1580390393790 360 205 touchstart 351 27 0.4994797706604 0.4994797706604 0 paragraphs 0
paragraphs_comprehensive_service_still 1580390393854 360 205 touchmove 351 27 0.7492196559906 0.7492196559906 0 paragraphs 0
paragraphs_comprehensive_service_still 1580390393882 360 205 touchmove 351 27 0.9989595413208 0.9989595413208 0 paragraphs 0
paragraphs_comprehensive_service_still 1580390393909 360 205 touchmove 350 27 0.9989595413208 0.9989595413208 0 paragraphs 0
paragraphs_comprehensive_service_still 1580390393921 360 205 touchmove 350 27 0.9989595413208 0.9989595413208 0 paragraphs 0
paragraphs_comprehensive_service_still 1580390393934 360 205 touchmove 349 27 0.9989595413208 0.9989595413208 0 paragraphs 0
paragraphs_comprehensive_service_still 1580390393951 360 205 touchmove 346 27 0.9989595413208 0.9989595413208 0 paragraphs 0
paragraphs_comprehensive_service_still 1580390393976 360 205 touchmove 344 26 0.9989595413208 0.9989595413208 0 paragraphs 0
paragraphs_comprehensive_service_still 1580390393983 360 205 touchmove 341 26 1.4984393119812 1.4984393119812 0 paragraphs 0
paragraphs_comprehensive_service_still 1580390393999 360 205 touchmove 337 26 1.4984393119812 1.4984393119812 0 paragraphs 0
paragraphs_comprehensive_service_still 1580390394017 360 205 touchmove 332 26 1.4984393119812 1.4984393119812 0 paragraphs 0
paragraphs_comprehensive_service_still 1580390394032 360 205 touchmove 323 26 1.4984393119812 1.4984393119812 0 paragraphs 0
paragraphs_comprehensive_service_still 1580390394049 360 205 touchmove 304 28 1.9979190826416 1.9979190826416 0 paragraphs 0
paragraphs_comprehensive_service_still 1580390394067 360 205 touchmove 282 31 2.2476589679718 2.2476589679718 0 paragraphs 0
paragraphs_comprehensive_service_still 1580390394084 360 205 touchmove 263 34 1.9979190826416 1.9979190826416 0 paragraphs 0
paragraphs_comprehensive_service_still 1580390394100 360 205 touchmove 238 38 1.9979190826416 1.9979190826416 0 paragraphs 0
paragraphs_comprehensive_service_still 1580390394117 360 205 touchmove 214 41 1.9979190826416 1.9979190826416 0 paragraphs 0
paragraphs_comprehensive_service_still 1580390394134 360 205 touchmove 193 42 1.9979190826416 1.9979190826416 0 paragraphs 0
paragraphs_comprehensive_service_still 1580390394149 360 205 touchmove 175 44 1.7481791973114 1.7481791973114 0 paragraphs 0
paragraphs_comprehensive_service_still 1580390394166 360 205 touchmove 162 45 1.9979190826416 1.9979190826416 0 paragraphs 0
paragraphs_comprehensive_service_still 1580390394182 360 205 touchmove 151 45 1.9979190826416 1.9979190826416 0 paragraphs 0
paragraphs_comprehensive_service_still 1580390394199 360 205 touchmove 143 46 1.9979190826416 1.9979190826416 0 paragraphs 0
paragraphs_comprehensive_service_still 1580390394216 360 205 touchmove 136 47 1.7481791973114 1.7481791973114 0 paragraphs 0
paragraphs_comprehensive_service_still 1580390394234 360 205 touchmove 131 47 1.7481791973114 1.7481791973114 0 paragraphs 0
paragraphs_comprehensive_service_still 1580390394250 360 205 touchmove 126 47 1.9979190826416 1.9979190826416 0 paragraphs 0
paragraphs_comprehensive_service_still 1580390394266 360 205 touchmove 121 47 1.7481791973114 1.7481791973114 0 paragraphs 0
paragraphs_comprehensive_service_still 1580390394283 360 205 touchmove 116 47 1.9979190826416 1.9979190826416 0 paragraphs 0
paragraphs_comprehensive_service_still 1580390394299 360 205 touchmove 110 47 1.9979190826416 1.9979190826416 0 paragraphs 0
paragraphs_comprehensive_service_still 1580390394317 360 205 touchmove 103 48 1.9979190826416 1.9979190826416 0 paragraphs 0
paragraphs_comprehensive_service_still 1580390394333 360 205 touchmove 96 50 1.7481791973114 1.7481791973114 0 paragraphs 0
paragraphs_comprehensive_service_still 1580390394350 360 205 touchmove 88 53 2.2476589679718 2.2476589679718 0 paragraphs 0
paragraphs_comprehensive_service_still 1580390394369 360 205 touchmove 80 57 1.7481791973114 1.7481791973114 0 paragraphs 0
paragraphs_comprehensive_service_still 1580390394384 360 205 touchmove 71 61 1.9979190826416 1.9979190826416 0 paragraphs 0
paragraphs_comprehensive_service_still 1580390394400 360 205 touchmove 61 65 1.4984393119812 1.4984393119812 0 paragraphs 0
paragraphs_comprehensive_service_still 1580390394417 360 205 touchmove 57 68 1.9979190826416 1.9979190826416 0 paragraphs 0
paragraphs_comprehensive_service_still 1580390394434 360 205 touchmove 44 74 2.2476589679718 2.2476589679718 0 paragraphs 0
paragraphs_comprehensive_service_still 1580390394452 360 205 touchmove 38 77 1.9979190826416 1.9979190826416 0 paragraphs 0
paragraphs_comprehensive_service_still 1580390394468 360 205 touchmove 34 80 1.9979190826416 1.9979190826416 0 paragraphs 0
paragraphs_comprehensive_service_still 1580390394486 360 205 touchmove 31 83 1.9979190826416 1.9979190826416 0 paragraphs 0
paragraphs_comprehensive_service_still 1580390394503 360 205 touchmove 29 87 1.9979190826416 1.9979190826416 0 paragraphs 0
paragraphs_comprehensive_service_still 1580390394517 360 205 touchmove 27 90 1.9979190826416 1.9979190826416 0 paragraphs 0
paragraphs_comprehensive_service_still 1580390394534 360 205 touchmove 26 94 1.9979190826416 1.9979190826416 0 paragraphs 0
paragraphs_comprehensive_service_still 1580390394551 360 205 touchmove 26 97 2.2476589679718 2.2476589679718 0 paragraphs 0
paragraphs_comprehensive_service_still 1580390394586 360 205 touchmove 28 104 2.2476589679718 2.2476589679718 0 paragraphs 0
paragraphs_comprehensive_service_still 1580390394603 360 205 touchmove 29 106 2.2476589679718 2.2476589679718 0 paragraphs 0
paragraphs_comprehensive_service_still 1580390394618 360 205 touchmove 34 111 2.2476589679718 2.2476589679718 0 paragraphs 0
paragraphs_comprehensive_service_still 1580390394636 360 205 touchmove 39 113 2.2476589679718 2.2476589679718 0 paragraphs 0
paragraphs_comprehensive_service_still 1580390394659 360 205 touchmove 46 113 2.2476589679718 2.2476589679718 0 paragraphs 0
paragraphs_comprehensive_service_still 1580390394670 360 205 touchmove 56 112 1.9979190826416 1.9979190826416 0 paragraphs 0
paragraphs_comprehensive_service_still 1580390394686 360 205 touchmove 70 107 2.2476589679718 2.2476589679718 0 paragraphs 0
paragraphs_comprehensive_service_still 1580390394703 360 205 touchmove 85 101 2.2476589679718 2.2476589679718 0 paragraphs 0
paragraphs_comprehensive_service_still 1580390394719 360 205 touchmove 100 94 1.7481791973114 1.7481791973114 0 paragraphs 0
paragraphs_comprehensive_service_still 1580390394736 360 205 touchmove 115 87 1.4984393119812 1.4984393119812 0 paragraphs 0
paragraphs_comprehensive_service_still 1580390394752 360 205 touchmove 129 81 1.4984393119812 1.4984393119812 0 paragraphs 0
paragraphs_comprehensive_service_still 1580390394768 360 205 touchmove 140 76 1.9979190826416 1.9979190826416 0 paragraphs 0
paragraphs_comprehensive_service_still 1580390394786 360 205 touchmove 149 73 1.4984393119812 1.4984393119812 0 paragraphs 0
paragraphs_comprehensive_service_still 1580390394801 360 205 touchmove 154 72 1.4984393119812 1.4984393119812 0 paragraphs 0
paragraphs_comprehensive_service_still 1580390394818 360 205 touchmove 158 72 1.9979190826416 1.9979190826416 0 paragraphs 0
paragraphs_comprehensive_service_still 1580390394836 360 205 touchmove 161 75 1.7481791973114 1.7481791973114 0 paragraphs 0
paragraphs_comprehensive_service_still 1580390394852 360 205 touchmove 164 80 1.4984393119812 1.4984393119812 0 paragraphs 0
paragraphs_comprehensive_service_still 1580390394871 360 205 touchmove 166 85 1.7481791973114 1.7481791973114 0 paragraphs 0
paragraphs_comprehensive_service_still 1580390394887 360 205 touchmove 169 92 1.7481791973114 1.7481791973114 0 paragraphs 0
paragraphs_comprehensive_service_still 1580390394905 360 205 touchmove 172 97 1.7481791973114 1.7481791973114 0 paragraphs 0
paragraphs_comprehensive_service_still 1580390394920 360 205 touchmove 177 102 1.9979190826416 1.9979190826416 0 paragraphs 0
paragraphs_comprehensive_service_still 1580390394937 360 205 touchmove 183 106 1.4984393119812 1.4984393119812 0 paragraphs 0
paragraphs_comprehensive_service_still 1580390394953 360 205 touchmove 190 108 1.4984393119812 1.4984393119812 0 paragraphs 0
paragraphs_comprehensive_service_still 1580390394969 360 205 touchmove 197 109 1.7481791973114 1.7481791973114 0 paragraphs 0
paragraphs_comprehensive_service_still 1580390394985 360 205 touchmove 202 110 1.9979190826416 1.9979190826416 0 paragraphs 0
paragraphs_comprehensive_service_still 1580390395002 360 205 touchmove 207 110 1.7481791973114 1.7481791973114 0 paragraphs 0
paragraphs_comprehensive_service_still 1580390395021 360 205 touchmove 210 109 1.4984393119812 1.4984393119812 0 paragraphs 0
paragraphs_comprehensive_service_still 1580390395038 360 205 touchmove 213 107 1.248699426651 1.248699426651 0 paragraphs 0
paragraphs_comprehensive_service_still 1580390395053 360 205 touchmove 215 104 1.4984393119812 1.4984393119812 0 paragraphs 0
paragraphs_comprehensive_service_still 1580390395071 360 205 touchmove 216 101 1.4984393119812 1.4984393119812 0 paragraphs 0
paragraphs_comprehensive_service_still 1580390395089 360 205 touchmove 218 97 1.7481791973114 1.7481791973114 0 paragraphs 0
paragraphs_comprehensive_service_still 1580390395106 360 205 touchmove 219 94 1.9979190826416 1.9979190826416 0 paragraphs 0
paragraphs_comprehensive_service_still 1580390395124 360 205 touchmove 220 91 1.9979190826416 1.9979190826416 0 paragraphs 0
paragraphs_comprehensive_service_still 1580390395139 360 205 touchmove 220 88 1.7481791973114 1.7481791973114 0 paragraphs 0
paragraphs_comprehensive_service_still 1580390395154 360 205 touchmove 219 86 1.4984393119812 1.4984393119812 0 paragraphs 0
paragraphs_comprehensive_service_still 1580390395170 360 205 touchmove 217 83 1.7481791973114 1.7481791973114 0 paragraphs 0
paragraphs_comprehensive_service_still 1580390395188 360 205 touchmove 216 82 1.4984393119812 1.4984393119812 0 paragraphs 0
paragraphs_comprehensive_service_still 1580390395204 360 205 touchmove 209 78 1.4984393119812 1.4984393119812 0 paragraphs 0
paragraphs_comprehensive_service_still 1580390395219 360 205 touchmove 204 75 1.7481791973114 1.7481791973114 0 paragraphs 0
paragraphs_comprehensive_service_still 1580390395237 360 205 touchmove 198 72 1.7481791973114 1.7481791973114 0 paragraphs 0
paragraphs_comprehensive_service_still 1580390395254 360 205 touchmove 193 70 1.4984393119812 1.4984393119812 0 paragraphs 0
paragraphs_comprehensive_service_still 1580390395269 360 205 touchmove 188 69 1.7481791973114 1.7481791973114 0 paragraphs 0
paragraphs_comprehensive_service_still 1580390395287 360 205 touchmove 184 70 1.7481791973114 1.7481791973114 0 paragraphs 0
paragraphs_comprehensive_service_still 1580390395304 360 205 touchmove 179 71 1.7481791973114 1.7481791973114 0 paragraphs 0
paragraphs_comprehensive_service_still 1580390395321 360 205 touchmove 174 73 1.9979190826416 1.9979190826416 0 paragraphs 0
paragraphs_comprehensive_service_still 1580390395336 360 205 touchmove 171 76 1.9979190826416 1.9979190826416 0 paragraphs 0
paragraphs_comprehensive_service_still 1580390395355 360 205 touchmove 168 78 1.7481791973114 1.7481791973114 0 paragraphs 0
paragraphs_comprehensive_service_still 1580390395371 360 205 touchmove 166 80 1.9979190826416 1.9979190826416 0 paragraphs 0
paragraphs_comprehensive_service_still 1580390395387 360 205 touchmove 164 81 1.9979190826416 1.9979190826416 0 paragraphs 0
paragraphs_comprehensive_service_still 1580390395404 360 205 touchmove 162 82 1.9979190826416 1.9979190826416 0 paragraphs 0
paragraphs_comprehensive_service_still 1580390395420 360 205 touchmove 161 83 1.9979190826416 1.9979190826416 0 paragraphs 0
paragraphs_comprehensive_service_still 1580390395439 360 205 touchmove 160 84 1.9979190826416 1.9979190826416 0 paragraphs 0
paragraphs_comprehensive_service_still 1580390395455 360 205 touchmove 160 84 1.9979190826416 1.9979190826416 0 paragraphs 0
paragraphs_comprehensive_service_still 1580390395488 360 205 touchmove 159 84 1.7481791973114 1.7481791973114 0 paragraphs 0
paragraphs_comprehensive_service_still 1580390395508 360 205 touchmove 159 84 1.9979190826416 1.9979190826416 0 paragraphs 0
paragraphs_comprehensive_service_still 1580390395521 360 205 touchmove 159 84 1.7481791973114 1.7481791973114 0 paragraphs 0
paragraphs_comprehensive_service_still 1580390395536 360 205 touchmove 158 83 1.7481791973114 1.7481791973114 0 paragraphs 0
paragraphs_comprehensive_service_still 1580390395557 360 205 touchmove 157 82 1.7481791973114 1.7481791973114 0 paragraphs 0
paragraphs_comprehensive_service_still 1580390395569 360 205 touchmove 156 81 1.7481791973114 1.7481791973114 0 paragraphs 0
paragraphs_comprehensive_service_still 1580390395587 360 205 touchmove 155 80 1.7481791973114 1.7481791973114 0 paragraphs 0
paragraphs_comprehensive_service_still 1580390395603 360 205 touchmove 154 77 1.9979190826416 1.9979190826416 0 paragraphs 0
paragraphs_comprehensive_service_still 1580390395620 360 205 touchmove 152 73 1.9979190826416 1.9979190826416 0 paragraphs 0
paragraphs_comprehensive_service_still 1580390395638 360 205 touchmove 149 68 1.9979190826416 1.9979190826416 0 paragraphs 0
paragraphs_comprehensive_service_still 1580390395653 360 205 touchmove 146 62 1.7481791973114 1.7481791973114 0 paragraphs 0
paragraphs_comprehensive_service_still 1580390395671 360 205 touchmove 143 56 1.9979190826416 1.9979190826416 0 paragraphs 0
paragraphs_comprehensive_service_still 1580390395686 360 205 touchmove 140 50 1.9979190826416 1.9979190826416 0 paragraphs 0
paragraphs_comprehensive_service_still 1580390395756 360 205 touchmove 128 32 1.7481791973114 1.7481791973114 0 paragraphs 0
paragraphs_comprehensive_service_still 1580390395774 360 205 touchmove 125 29 1.9979190826416 1.9979190826416 0 paragraphs 0
paragraphs_comprehensive_service_still 1580390395793 360 205 touchmove 120 27 1.7481791973114 1.7481791973114 0 paragraphs 0
paragraphs_comprehensive_service_still 1580390395812 360 205 touchmove 114 28 1.9979190826416 1.9979190826416 0 paragraphs 0
paragraphs_comprehensive_service_still 1580390395822 360 205 touchmove 104 31 1.7481791973114 1.7481791973114 0 paragraphs 0
paragraphs_comprehensive_service_still 1580390395837 360 205 touchmove 91 38 1.9979190826416 1.9979190826416 0 paragraphs 0
paragraphs_comprehensive_service_still 1580390395855 360 205 touchmove 77 46 1.9979190826416 1.9979190826416 0 paragraphs 0
paragraphs_comprehensive_service_still 1580390395870 360 205 touchmove 63 54 1.9979190826416 1.9979190826416 0 paragraphs 0
paragraphs_comprehensive_service_still 1580390395888 360 205 touchmove 50 62 1.9979190826416 1.9979190826416 0 paragraphs 0
paragraphs_comprehensive_service_still 1580390395905 360 205 touchmove 40 70 1.9979190826416 1.9979190826416 0 paragraphs 0
paragraphs_comprehensive_service_still 1580390395921 360 205 touchmove 33 76 1.9979190826416 1.9979190826416 0 paragraphs 0
paragraphs_comprehensive_service_still 1580390395939 360 205 touchmove 29 82 2.2476589679718 2.2476589679718 0 paragraphs 0
paragraphs_comprehensive_service_still 1580390395956 360 205 touchmove 28 87 2.497398853302 2.497398853302 0 paragraphs 0
paragraphs_comprehensive_service_still 1580390395971 360 205 touchmove 28 91 2.2476589679718 2.2476589679718 0 paragraphs 0
paragraphs_comprehensive_service_still 1580390395989 360 205 touchmove 29 95 2.2476589679718 2.2476589679718 0 paragraphs 0
paragraphs_comprehensive_service_still 1580390396004 360 205 touchmove 30 99 2.2476589679718 2.2476589679718 0 paragraphs 0
paragraphs_comprehensive_service_still 1580390396022 360 205 touchmove 31 102 2.2476589679718 2.2476589679718 0 paragraphs 0
paragraphs_comprehensive_service_still 1580390396038 360 205 touchmove 32 104 2.2476589679718 2.2476589679718 0 paragraphs 0
paragraphs_comprehensive_service_still 1580390396054 360 205 touchmove 33 106 2.2476589679718 2.2476589679718 0 paragraphs 0
paragraphs_comprehensive_service_still 1580390396072 360 205 touchmove 34 108 2.497398853302 2.497398853302 0 paragraphs 0
paragraphs_comprehensive_service_still 1580390396088 360 205 touchmove 36 110 2.7471387386322 2.7471387386322 0 paragraphs 0
paragraphs_comprehensive_service_still 1580390396106 360 205 touchmove 38 112 2.497398853302 2.497398853302 0 paragraphs 0
paragraphs_comprehensive_service_still 1580390396122 360 205 touchmove 40 113 2.2476589679718 2.2476589679718 0 paragraphs 0
paragraphs_comprehensive_service_still 1580390396141 360 205 touchmove 42 114 2.2476589679718 2.2476589679718 0 paragraphs 0
paragraphs_comprehensive_service_still 1580390396155 360 205 touchmove 44 115 2.2476589679718 2.2476589679718 0 paragraphs 0
paragraphs_comprehensive_service_still 1580390396172 360 205 touchmove 46 115 2.2476589679718 2.2476589679718 0 paragraphs 0
paragraphs_comprehensive_service_still 1580390396190 360 205 touchmove 49 115 2.2476589679718 2.2476589679718 0 paragraphs 0
paragraphs_comprehensive_service_still 1580390396205 360 205 touchmove 52 114 2.2476589679718 2.2476589679718 0 paragraphs 0
paragraphs_comprehensive_service_still 1580390396224 360 205 touchmove 56 113 2.2476589679718 2.2476589679718 0 paragraphs 0
paragraphs_comprehensive_service_still 1580390396240 360 205 touchmove 60 112 2.2476589679718 2.2476589679718 0 paragraphs 0
paragraphs_comprehensive_service_still 1580390396256 360 205 touchmove 63 111 1.9979190826416 1.9979190826416 0 paragraphs 0
paragraphs_comprehensive_service_still 1580390396274 360 205 touchmove 66 110 1.9979190826416 1.9979190826416 0 paragraphs 0
paragraphs_comprehensive_service_still 1580390396290 360 205 touchmove 69 110 1.9979190826416 1.9979190826416 0 paragraphs 0
paragraphs_comprehensive_service_still 1580390396305 360 205 touchmove 71 110 1.9979190826416 1.9979190826416 0 paragraphs 0
paragraphs_comprehensive_service_still 1580390396323 360 205 touchmove 73 110 2.2476589679718 2.2476589679718 0 paragraphs 0
paragraphs_comprehensive_service_still 1580390396340 360 205 touchmove 74 110 2.2476589679718 2.2476589679718 0 paragraphs 0
paragraphs_comprehensive_service_still 1580390396355 360 205 touchmove 75 110 2.2476589679718 2.2476589679718 0 paragraphs 0
paragraphs_comprehensive_service_still 1580390396372 360 205 touchmove 76 110 2.2476589679718 2.2476589679718 0 paragraphs 0
paragraphs_comprehensive_service_still 1580390396455 360 205 touchmove 76 110 2.2476589679718 2.2476589679718 0 paragraphs 0
paragraphs_comprehensive_service_still 1580390396522 360 205 touchmove 77 111 2.2476589679718 2.2476589679718 0 paragraphs 0
paragraphs_comprehensive_service_still 1580390396538 360 205 touchmove 77 111 2.497398853302 2.497398853302 0 paragraphs 0
paragraphs_comprehensive_service_still 1580390396556 360 205 touchmove 77 111 2.2476589679718 2.2476589679718 0 paragraphs 0
paragraphs_comprehensive_service_still 1580390396574 360 205 touchmove 77 111 2.2476589679718 2.2476589679718 0 paragraphs 0
paragraphs_comprehensive_service_still 1580390396591 360 205 touchmove 77 111 2.497398853302 2.497398853302 0 paragraphs 0
paragraphs_comprehensive_service_still 1580390396609 360 205 touchmove 78 111 2.497398853302 2.497398853302 0 paragraphs 0
paragraphs_comprehensive_service_still 1580390396625 360 205 touchmove 79 111 2.497398853302 2.497398853302 0 paragraphs 0
paragraphs_comprehensive_service_still 1580390396641 360 205 touchmove 79 111 2.497398853302 2.497398853302 0 paragraphs 0
paragraphs_comprehensive_service_still 1580390396658 360 205 touchmove 80 111 2.2476589679718 2.2476589679718 0 paragraphs 0
paragraphs_comprehensive_service_still 1580390396681 360 205 touchmove 80 111 2.2476589679718 2.2476589679718 0 paragraphs 0
paragraphs_comprehensive_service_still 1580390396698 360 205 touchmove 81 111 2.2476589679718 2.2476589679718 0 paragraphs 0
paragraphs_comprehensive_service_still 1580390396715 360 205 touchmove 81 111 2.2476589679718 2.2476589679718 0 paragraphs 0
paragraphs_comprehensive_service_still 1580390396735 360 205 touchmove 82 111 2.2476589679718 2.2476589679718 0 paragraphs 0
paragraphs_comprehensive_service_still 1580390396756 360 205 touchmove 82 111 2.497398853302 2.497398853302 0 paragraphs 0
paragraphs_comprehensive_service_still 1580390396781 360 205 touchmove 82 110 2.497398853302 2.497398853302 0 paragraphs 0
paragraphs_comprehensive_service_still 1580390396792 360 205 touchmove 82 110 2.497398853302 2.497398853302 0 paragraphs 0
paragraphs_comprehensive_service_still 1580390396815 360 205 touchmove 83 110 2.2476589679718 2.2476589679718 0 paragraphs 0
paragraphs_comprehensive_service_still 1580390396827 360 205 touchmove 83 110 2.2476589679718 2.2476589679718 0 paragraphs 0
paragraphs_comprehensive_service_still 1580390396840 360 205 touchmove 85 109 2.2476589679718 2.2476589679718 0 paragraphs 0
paragraphs_comprehensive_service_still 1580390396859 360 205 touchmove 90 105 1.9979190826416 1.9979190826416 0 paragraphs 0
paragraphs_comprehensive_service_still 1580390396873 360 205 touchmove 110 91 1.9979190826416 1.9979190826416 0 paragraphs 0
paragraphs_comprehensive_service_still 1580390396893 360 205 touchmove 134 74 1.7481791973114 1.7481791973114 0 paragraphs 0
paragraphs_comprehensive_service_still 1580390396910 360 205 touchmove 162 60 1.4984393119812 1.4984393119812 0 paragraphs 0
paragraphs_comprehensive_service_still 1580390396924 360 205 touchmove 182 52 1.7481791973114 1.7481791973114 0 paragraphs 0
paragraphs_comprehensive_service_still 1580390396941 360 205 touchmove 204 46 1.248699426651 1.248699426651 0 paragraphs 0
paragraphs_comprehensive_service_still 1580390397011 360 205 touchmove 230 39 1.248699426651 1.248699426651 0 paragraphs 0
paragraphs_comprehensive_service_still 1580390397041 360 205 touchmove 314 26 1.248699426651 1.248699426651 0 paragraphs 0
paragraphs_comprehensive_service_still 1580390397056 360 205 touchmove 318 26 1.248699426651 1.248699426651 0 paragraphs 0
paragraphs_comprehensive_service_still 1580390397074 360 205 touchmove 326 24 0.9989595413208 0.9989595413208 0 paragraphs 0
paragraphs_comprehensive_service_still 1580390397091 360 205 touchmove 330 24 0.9989595413208 0.9989595413208 0 paragraphs 0
paragraphs_comprehensive_service_still 1580390397108 360 205 touchmove 332 25 0.9989595413208 0.9989595413208 0 paragraphs 0
paragraphs_comprehensive_service_still 1580390397123 360 205 touchmove 333 25 0.9989595413208 0.9989595413208 0 paragraphs 0
paragraphs_comprehensive_service_still 1580390397140 360 205 touchmove 336 27 0.9989595413208 0.9989595413208 0 paragraphs 0
paragraphs_comprehensive_service_still 1580390397158 360 205 touchmove 338 29 0.7492196559906 0.7492196559906 0 paragraphs 0
paragraphs_comprehensive_service_still 1580390397175 360 205 touchmove 339 31 0.9989595413208 0.9989595413208 0 paragraphs 0
paragraphs_comprehensive_service_still 1580390397190 360 205 touchmove 340 33 0.7492196559906 0.7492196559906 0 paragraphs 0
paragraphs_comprehensive_service_still 1580390397209 360 205 touchmove 341 36 0.7492196559906 0.7492196559906 0 paragraphs 0
paragraphs_comprehensive_service_still 1580390397225 360 205 touchmove 342 40 0.7492196559906 0.7492196559906 0 paragraphs 0
paragraphs_comprehensive_service_still 1580390397240 360 205 touchmove 343 43 0.7492196559906 0.7492196559906 0 paragraphs 0
paragraphs_comprehensive_service_still 1580390397259 360 205 touchmove 344 50 0.9989595413208 0.9989595413208 0 paragraphs 0
paragraphs_comprehensive_service_still 1580390397276 360 205 touchmove 343 57 0.9989595413208 0.9989595413208 0 paragraphs 0
paragraphs_comprehensive_service_still 1580390397292 360 205 touchmove 342 63 1.248699426651 1.248699426651 0 paragraphs 0
paragraphs_comprehensive_service_still 1580390397307 360 205 touchmove 339 70 1.7481791973114 1.7481791973114 0 paragraphs 0
paragraphs_comprehensive_service_still 1580390397326 360 205 touchmove 334 76 1.7481791973114 1.7481791973114 0 paragraphs 0
paragraphs_comprehensive_service_still 1580390397342 360 205 touchmove 327 80 1.7481791973114 1.7481791973114 0 paragraphs 0
paragraphs_comprehensive_service_still 1580390397359 360 205 touchmove 312 84 1.9979190826416 1.9979190826416 0 paragraphs 0
paragraphs_comprehensive_service_still 1580390397376 360 205 touchmove 289 86 1.4984393119812 1.4984393119812 0 paragraphs 0
paragraphs_comprehensive_service_still 1580390397390 360 205 touchmove 253 86 1.9979190826416 1.9979190826416 0 paragraphs 0
paragraphs_comprehensive_service_still 1580390397409 360 205 touchmove 230 87 1.7481791973114 1.7481791973114 0 paragraphs 0
paragraphs_comprehensive_service_still 1580390397427 360 205 touchmove 212 87 1.7481791973114 1.7481791973114 0 paragraphs 0
paragraphs_comprehensive_service_still 1580390397443 360 205 touchmove 186 87 1.7481791973114 1.7481791973114 0 paragraphs 0
paragraphs_comprehensive_service_still 1580390397457 360 205 touchmove 163 88 1.7481791973114 1.7481791973114 0 paragraphs 0
paragraphs_comprehensive_service_still 1580390397476 360 205 touchmove 146 88 1.9979190826416 1.9979190826416 0 paragraphs 0
paragraphs_comprehensive_service_still 1580390397496 360 205 touchmove 131 90 0.9989595413208 0.9989595413208 0 paragraphs 0
paragraphs_comprehensive_service_still 1580390397509 360 205 touchmove 113 92 1.4984393119812 1.4984393119812 0 paragraphs 0
paragraphs_comprehensive_service_still 1580390397525 360 205 touchmove 100 95 1.9979190826416 1.9979190826416 0 paragraphs 0
paragraphs_comprehensive_service_still 1580390397542 360 205 touchmove 84 97 1.9979190826416 1.9979190826416 0 paragraphs 0
paragraphs_comprehensive_service_still 1580390397559 360 205 touchmove 72 100 2.2476589679718 2.2476589679718 0 paragraphs 0
paragraphs_comprehensive_service_still 1580390397577 360 205 touchmove 62 101 2.2476589679718 2.2476589679718 0 paragraphs 0
paragraphs_comprehensive_service_still 1580390397594 360 205 touchmove 55 102 2.2476589679718 2.2476589679718 0 paragraphs 0
paragraphs_comprehensive_service_still 1580390397610 360 205 touchmove 50 103 1.9979190826416 1.9979190826416 0 paragraphs 0
paragraphs_comprehensive_service_still 1580390397627 360 205 touchmove 47 103 1.9979190826416 1.9979190826416 0 paragraphs 0
paragraphs_comprehensive_service_still 1580390397641 360 205 touchmove 46 103 1.9979190826416 1.9979190826416 0 paragraphs 0
paragraphs_comprehensive_service_still 1580390397660 360 205 touchmove 43 103 0.9989595413208 0.9989595413208 0 paragraphs 0
paragraphs_comprehensive_service_still 1580390397674 360 205 touchmove 42 103 2.2476589679718 2.2476589679718 0 paragraphs 0
paragraphs_comprehensive_service_still 1580390397683 360 205 touchend 42 103 2.2476589679718 2.2476589679718 0 paragraphs 0
paragraphs_comprehensive_service_still 1580390400247 360 205 touchstart 107 147 1.4984393119812 1.4984393119812 0 comprehensive 1
paragraphs_comprehensive_service_still 1580390400281 360 205 touchmove 107 147 1.9979190826416 1.9979190826416 0 comprehensive 1
paragraphs_comprehensive_service_still 1580390400307 360 205 touchmove 107 147 1.7481791973114 1.7481791973114 0 comprehensive 1
paragraphs_comprehensive_service_still 1580390400332 360 205 touchmove 107 147 1.4984393119812 1.4984393119812 0 comprehensive 1
paragraphs_comprehensive_service_still 1580390400349 360 205 touchmove 108 146 1.9979190826416 1.9979190826416 0 comprehensive 1
paragraphs_comprehensive_service_still 1580390400367 360 205 touchmove 122 135 1.4984393119812 1.4984393119812 0 comprehensive 1
paragraphs_comprehensive_service_still 1580390400383 360 205 touchmove 133 128 1.9979190826416 1.9979190826416 0 comprehensive 1
paragraphs_comprehensive_service_still 1580390400400 360 205 touchmove 154 113 1.248699426651 1.248699426651 0 comprehensive 1
paragraphs_comprehensive_service_still 1580390400416 360 205 touchmove 174 99 1.7481791973114 1.7481791973114 0 comprehensive 1
paragraphs_comprehensive_service_still 1580390400432 360 205 touchmove 193 87 1.248699426651 1.248699426651 0 comprehensive 1
paragraphs_comprehensive_service_still 1580390400448 360 205 touchmove 201 82 1.4984393119812 1.4984393119812 0 comprehensive 1
paragraphs_comprehensive_service_still 1580390400466 360 205 touchmove 222 69 1.4984393119812 1.4984393119812 0 comprehensive 1
paragraphs_comprehensive_service_still 1580390400483 360 205 touchmove 238 58 1.4984393119812 1.4984393119812 0 comprehensive 1
paragraphs_comprehensive_service_still 1580390400498 360 205 touchmove 251 48 1.4984393119812 1.4984393119812 0 comprehensive 1
paragraphs_comprehensive_service_still 1580390400515 360 205 touchmove 257 43 1.4984393119812 1.4984393119812 0 comprehensive 1
paragraphs_comprehensive_service_still 1580390400533 360 205 touchmove 274 33 1.7481791973114 1.7481791973114 0 comprehensive 1
paragraphs_comprehensive_service_still 1580390400549 360 205 touchmove 282 27 1.9979190826416 1.9979190826416 0 comprehensive 1
paragraphs_comprehensive_service_still 1580390400566 360 205 touchmove 290 23 1.4984393119812 1.4984393119812 0 comprehensive 1
paragraphs_comprehensive_service_still 1580390400583 360 205 touchmove 296 20 1.7481791973114 1.7481791973114 0 comprehensive 1
paragraphs_comprehensive_service_still 1580390400599 360 205 touchmove 299 18 1.4984393119812 1.4984393119812 0 comprehensive 1
paragraphs_comprehensive_service_still 1580390400617 360 205 touchmove 307 14 1.7481791973114 1.7481791973114 0 comprehensive 1
paragraphs_comprehensive_service_still 1580390400633 360 205 touchmove 310 12 1.7481791973114 1.7481791973114 0 comprehensive 1
paragraphs_comprehensive_service_still 1580390400650 360 205 touchmove 313 10 1.4984393119812 1.4984393119812 0 comprehensive 1
paragraphs_comprehensive_service_still 1580390400665 360 205 touchmove 314 10 1.7481791973114 1.7481791973114 0 comprehensive 1
paragraphs_comprehensive_service_still 1580390400684 360 205 touchmove 317 11 1.4984393119812 1.4984393119812 0 comprehensive 1
paragraphs_comprehensive_service_still 1580390400700 360 205 touchmove 319 15 1.4984393119812 1.4984393119812 0 comprehensive 1
paragraphs_comprehensive_service_still 1580390400719 360 205 touchmove 321 20 1.4984393119812 1.4984393119812 0 comprehensive 1
paragraphs_comprehensive_service_still 1580390400733 360 205 touchmove 322 23 1.4984393119812 1.4984393119812 0 comprehensive 1
paragraphs_comprehensive_service_still 1580390400751 360 205 touchmove 322 36 1.7481791973114 1.7481791973114 0 comprehensive 1
paragraphs_comprehensive_service_still 1580390400766 360 205 touchmove 319 48 1.4984393119812 1.4984393119812 0 comprehensive 1
paragraphs_comprehensive_service_still 1580390400783 360 205 touchmove 311 67 1.4984393119812 1.4984393119812 0 comprehensive 1
paragraphs_comprehensive_service_still 1580390400801 360 205 touchmove 301 85 1.248699426651 1.248699426651 0 comprehensive 1
paragraphs_comprehensive_service_still 1580390400818 360 205 touchmove 290 103 1.4984393119812 1.4984393119812 0 comprehensive 1
paragraphs_comprehensive_service_still 1580390400833 360 205 touchmove 284 115 1.4984393119812 1.4984393119812 0 comprehensive 1
paragraphs_comprehensive_service_still 1580390400849 360 205 touchmove 281 122 1.4984393119812 1.4984393119812 0 comprehensive 1
paragraphs_comprehensive_service_still 1580390400866 360 205 touchmove 275 139 1.9979190826416 1.9979190826416 0 comprehensive 1
paragraphs_comprehensive_service_still 1580390400883 360 205 touchmove 274 145 1.4984393119812 1.4984393119812 0 comprehensive 1
paragraphs_comprehensive_service_still 1580390400900 360 205 touchmove 275 150 1.4984393119812 1.4984393119812 0 comprehensive 1
paragraphs_comprehensive_service_still 1580390400918 360 205 touchmove 277 153 1.4984393119812 1.4984393119812 0 comprehensive 1
paragraphs_comprehensive_service_still 1580390400933 360 205 touchmove 280 154 1.4984393119812 1.4984393119812 0 comprehensive 1
paragraphs_comprehensive_service_still 1580390400953 360 205 touchmove 284 154 1.4984393119812 1.4984393119812 0 comprehensive 1
paragraphs_comprehensive_service_still 1580390400968 360 205 touchmove 288 152 1.248699426651 1.248699426651 0 comprehensive 1
paragraphs_comprehensive_service_still 1580390400985 360 205 touchmove 294 149 1.4984393119812 1.4984393119812 0 comprehensive 1
paragraphs_comprehensive_service_still 1580390401000 360 205 touchmove 301 143 1.248699426651 1.248699426651 0 comprehensive 1
paragraphs_comprehensive_service_still 1580390401017 360 205 touchmove 307 136 1.248699426651 1.248699426651 0 comprehensive 1
paragraphs_comprehensive_service_still 1580390401033 360 205 touchmove 313 128 1.248699426651 1.248699426651 0 comprehensive 1
paragraphs_comprehensive_service_still 1580390401051 360 205 touchmove 318 120 1.4984393119812 1.4984393119812 0 comprehensive 1
paragraphs_comprehensive_service_still 1580390401067 360 205 touchmove 323 110 1.4984393119812 1.4984393119812 0 comprehensive 1
paragraphs_comprehensive_service_still 1580390401084 360 205 touchmove 326 99 1.4984393119812 1.4984393119812 0 comprehensive 1
paragraphs_comprehensive_service_still 1580390401102 360 205 touchmove 328 88 1.248699426651 1.248699426651 0 comprehensive 1
paragraphs_comprehensive_service_still 1580390401117 360 205 touchmove 330 78 0.9989595413208 0.9989595413208 0 comprehensive 1
paragraphs_comprehensive_service_still 1580390401134 360 205 touchmove 332 68 0.9989595413208 0.9989595413208 0 comprehensive 1
paragraphs_comprehensive_service_still 1580390401150 360 205 touchmove 334 60 0.7492196559906 0.7492196559906 0 comprehensive 1
paragraphs_comprehensive_service_still 1580390401166 360 205 touchmove 336 52 0.9989595413208 0.9989595413208 0 comprehensive 1
paragraphs_comprehensive_service_still 1580390401184 360 205 touchmove 337 44 0.9989595413208 0.9989595413208 0 comprehensive 1
paragraphs_comprehensive_service_still 1580390401201 360 205 touchmove 338 37 0.9989595413208 0.9989595413208 0 comprehensive 1
paragraphs_comprehensive_service_still 1580390401217 360 205 touchmove 339 32 0.9989595413208 0.9989595413208 0 comprehensive 1
paragraphs_comprehensive_service_still 1580390401243 360 205 touchmove 339 28 0.9989595413208 0.9989595413208 0 comprehensive 1
paragraphs_comprehensive_service_still 1580390401257 360 205 touchmove 339 26 0.9989595413208 0.9989595413208 0 comprehensive 1
paragraphs_comprehensive_service_still 1580390401269 360 205 touchmove 339 25 0.9989595413208 0.9989595413208 0 comprehensive 1
paragraphs_comprehensive_service_still 1580390401284 360 205 touchmove 338 25 0.9989595413208 0.9989595413208 0 comprehensive 1
paragraphs_comprehensive_service_still 1580390401301 360 205 touchmove 338 25 0.9989595413208 0.9989595413208 0 comprehensive 1
paragraphs_comprehensive_service_still 1580390401319 360 205 touchmove 337 25 1.248699426651 1.248699426651 0 comprehensive 1
paragraphs_comprehensive_service_still 1580390401334 360 205 touchmove 336 26 1.4984393119812 1.4984393119812 0 comprehensive 1
paragraphs_comprehensive_service_still 1580390401352 360 205 touchmove 335 27 1.4984393119812 1.4984393119812 0 comprehensive 1
paragraphs_comprehensive_service_still 1580390401367 360 205 touchmove 333 28 1.4984393119812 1.4984393119812 0 comprehensive 1
paragraphs_comprehensive_service_still 1580390401384 360 205 touchmove 331 29 1.7481791973114 1.7481791973114 0 comprehensive 1
paragraphs_comprehensive_service_still 1580390401402 360 205 touchmove 329 31 1.9979190826416 1.9979190826416 0 comprehensive 1
paragraphs_comprehensive_service_still 1580390401419 360 205 touchmove 325 34 2.2476589679718 2.2476589679718 0 comprehensive 1
paragraphs_comprehensive_service_still 1580390401436 360 205 touchmove 321 37 1.9979190826416 1.9979190826416 0 comprehensive 1
paragraphs_comprehensive_service_still 1580390401452 360 205 touchmove 316 39 1.4984393119812 1.4984393119812 0 comprehensive 1
paragraphs_comprehensive_service_still 1580390401467 360 205 touchmove 312 41 2.2476589679718 2.2476589679718 0 comprehensive 1
paragraphs_comprehensive_service_still 1580390401487 360 205 touchmove 307 42 2.2476589679718 2.2476589679718 0 comprehensive 1
paragraphs_comprehensive_service_still 1580390401504 360 205 touchmove 302 43 1.9979190826416 1.9979190826416 0 comprehensive 1
paragraphs_comprehensive_service_still 1580390401519 360 205 touchmove 298 43 1.4984393119812 1.4984393119812 0 comprehensive 1
paragraphs_comprehensive_service_still 1580390401535 360 205 touchmove 293 43 1.9979190826416 1.9979190826416 0 comprehensive 1
paragraphs_comprehensive_service_still 1580390401554 360 205 touchmove 289 43 2.2476589679718 2.2476589679718 0 comprehensive 1
paragraphs_comprehensive_service_still 1580390401569 360 205 touchmove 285 43 1.9979190826416 1.9979190826416 0 comprehensive 1
paragraphs_comprehensive_service_still 1580390401584 360 205 touchmove 281 43 1.9979190826416 1.9979190826416 0 comprehensive 1
paragraphs_comprehensive_service_still 1580390401602 360 205 touchmove 276 43 1.4984393119812 1.4984393119812 0 comprehensive 1
paragraphs_comprehensive_service_still 1580390401618 360 205 touchmove 271 43 2.2476589679718 2.2476589679718 0 comprehensive 1
paragraphs_comprehensive_service_still 1580390401635 360 205 touchmove 266 44 1.9979190826416 1.9979190826416 0 comprehensive 1
paragraphs_comprehensive_service_still 1580390401652 360 205 touchmove 260 45 1.7481791973114 1.7481791973114 0 comprehensive 1
paragraphs_comprehensive_service_still 1580390401670 360 205 touchmove 254 46 1.9979190826416 1.9979190826416 0 comprehensive 1
paragraphs_comprehensive_service_still 1580390401685 360 205 touchmove 248 47 1.7481791973114 1.7481791973114 0 comprehensive 1
paragraphs_comprehensive_service_still 1580390401703 360 205 touchmove 242 49 1.7481791973114 1.7481791973114 0 comprehensive 1
paragraphs_comprehensive_service_still 1580390401718 360 205 touchmove 235 51 1.4984393119812 1.4984393119812 0 comprehensive 1
paragraphs_comprehensive_service_still 1580390401736 360 205 touchmove 228 53 1.9979190826416 1.9979190826416 0 comprehensive 1
paragraphs_comprehensive_service_still 1580390401752 360 205 touchmove 219 55 1.7481791973114 1.7481791973114 0 comprehensive 1
paragraphs_comprehensive_service_still 1580390401771 360 205 touchmove 209 57 1.9979190826416 1.9979190826416 0 comprehensive 1
paragraphs_comprehensive_service_still 1580390401787 360 205 touchmove 199 59 1.9979190826416 1.9979190826416 0 comprehensive 1
paragraphs_comprehensive_service_still 1580390401802 360 205 touchmove 188 60 1.9979190826416 1.9979190826416 0 comprehensive 1
paragraphs_comprehensive_service_still 1580390401818 360 205 touchmove 178 61 1.7481791973114 1.7481791973114 0 comprehensive 1
paragraphs_comprehensive_service_still 1580390401835 360 205 touchmove 168 60 1.7481791973114 1.7481791973114 0 comprehensive 1
paragraphs_comprehensive_service_still 1580390401854 360 205 touchmove 160 57 1.4984393119812 1.4984393119812 0 comprehensive 1
paragraphs_comprehensive_service_still 1580390401868 360 205 touchmove 152 53 1.9979190826416 1.9979190826416 0 comprehensive 1
paragraphs_comprehensive_service_still 1580390401885 360 205 touchmove 145 48 1.9979190826416 1.9979190826416 0 comprehensive 1
paragraphs_comprehensive_service_still 1580390401903 360 205 touchmove 138 44 1.9979190826416 1.9979190826416 0 comprehensive 1
paragraphs_comprehensive_service_still 1580390401919 360 205 touchmove 132 39 1.4984393119812 1.4984393119812 0 comprehensive 1
paragraphs_comprehensive_service_still 1580390401937 360 205 touchmove 126 36 1.7481791973114 1.7481791973114 0 comprehensive 1
paragraphs_comprehensive_service_still 1580390401953 360 205 touchmove 120 33 1.7481791973114 1.7481791973114 0 comprehensive 1
paragraphs_comprehensive_service_still 1580390401969 360 205 touchmove 116 31 1.9979190826416 1.9979190826416 0 comprehensive 1
paragraphs_comprehensive_service_still 1580390401985 360 205 touchmove 113 30 1.9979190826416 1.9979190826416 0 comprehensive 1
paragraphs_comprehensive_service_still 1580390402005 360 205 touchmove 111 29 2.2476589679718 2.2476589679718 0 comprehensive 1
paragraphs_comprehensive_service_still 1580390402019 360 205 touchmove 109 29 2.2476589679718 2.2476589679718 0 comprehensive 1
paragraphs_comprehensive_service_still 1580390402036 360 205 touchmove 107 29 2.497398853302 2.497398853302 0 comprehensive 1
paragraphs_comprehensive_service_still 1580390402054 360 205 touchmove 105 29 1.9979190826416 1.9979190826416 0 comprehensive 1
paragraphs_comprehensive_service_still 1580390402071 360 205 touchmove 102 30 1.9979190826416 1.9979190826416 0 comprehensive 1
paragraphs_comprehensive_service_still 1580390402086 360 205 touchmove 98 31 1.9979190826416 1.9979190826416 0 comprehensive 1
paragraphs_comprehensive_service_still 1580390402104 360 205 touchmove 93 33 1.9979190826416 1.9979190826416 0 comprehensive 1
paragraphs_comprehensive_service_still 1580390402122 360 205 touchmove 88 35 1.9979190826416 1.9979190826416 0 comprehensive 1
paragraphs_comprehensive_service_still 1580390402137 360 205 touchmove 83 38 1.9979190826416 1.9979190826416 0 comprehensive 1
paragraphs_comprehensive_service_still 1580390402152 360 205 touchmove 78 40 2.2476589679718 2.2476589679718 0 comprehensive 1
paragraphs_comprehensive_service_still 1580390402175 360 205 touchmove 74 43 1.9979190826416 1.9979190826416 0 comprehensive 1
paragraphs_comprehensive_service_still 1580390402189 360 205 touchmove 71 45 1.9979190826416 1.9979190826416 0 comprehensive 1
paragraphs_comprehensive_service_still 1580390402206 360 205 touchmove 69 48 2.2476589679718 2.2476589679718 0 comprehensive 1
paragraphs_comprehensive_service_still 1580390402219 360 205 touchmove 68 50 2.2476589679718 2.2476589679718 0 comprehensive 1
paragraphs_comprehensive_service_still 1580390402239 360 205 touchmove 67 52 1.9979190826416 1.9979190826416 0 comprehensive 1
paragraphs_comprehensive_service_still 1580390402253 360 205 touchmove 66 54 2.2476589679718 2.2476589679718 0 comprehensive 1
paragraphs_comprehensive_service_still 1580390402270 360 205 touchmove 66 55 2.2476589679718 2.2476589679718 0 comprehensive 1
paragraphs_comprehensive_service_still 1580390402287 360 205 touchmove 66 57 2.2476589679718 2.2476589679718 0 comprehensive 1
paragraphs_comprehensive_service_still 1580390402306 360 205 touchmove 67 59 2.2476589679718 2.2476589679718 0 comprehensive 1
paragraphs_comprehensive_service_still 1580390402322 360 205 touchmove 68 61 1.9979190826416 1.9979190826416 0 comprehensive 1
paragraphs_comprehensive_service_still 1580390402336 360 205 touchmove 69 63 1.9979190826416 1.9979190826416 0 comprehensive 1
paragraphs_comprehensive_service_still 1580390402355 360 205 touchmove 70 65 1.9979190826416 1.9979190826416 0 comprehensive 1
paragraphs_comprehensive_service_still 1580390402371 360 205 touchmove 71 66 2.2476589679718 2.2476589679718 0 comprehensive 1
paragraphs_comprehensive_service_still 1580390402387 360 205 touchmove 72 67 2.2476589679718 2.2476589679718 0 comprehensive 1
paragraphs_comprehensive_service_still 1580390402405 360 205 touchmove 73 67 2.2476589679718 2.2476589679718 0 comprehensive 1
paragraphs_comprehensive_service_still 1580390402421 360 205 touchmove 74 68 2.497398853302 2.497398853302 0 comprehensive 1
paragraphs_comprehensive_service_still 1580390402438 360 205 touchmove 75 68 2.497398853302 2.497398853302 0 comprehensive 1
paragraphs_comprehensive_service_still 1580390402455 360 205 touchmove 75 69 2.2476589679718 2.2476589679718 0 comprehensive 1
paragraphs_comprehensive_service_still 1580390402472 360 205 touchmove 75 69 2.2476589679718 2.2476589679718 0 comprehensive 1
paragraphs_comprehensive_service_still 1580390402488 360 205 touchmove 74 70 1.9979190826416 1.9979190826416 0 comprehensive 1
paragraphs_comprehensive_service_still 1580390402505 360 205 touchmove 72 71 1.9979190826416 1.9979190826416 0 comprehensive 1
paragraphs_comprehensive_service_still 1580390402522 360 205 touchmove 67 72 1.9979190826416 1.9979190826416 0 comprehensive 1
paragraphs_comprehensive_service_still 1580390402537 360 205 touchmove 62 75 2.2476589679718 2.2476589679718 0 comprehensive 1
paragraphs_comprehensive_service_still 1580390402555 360 205 touchmove 56 78 1.9979190826416 1.9979190826416 0 comprehensive 1
paragraphs_comprehensive_service_still 1580390402574 360 205 touchmove 50 81 1.9979190826416 1.9979190826416 0 comprehensive 1
paragraphs_comprehensive_service_still 1580390402588 360 205 touchmove 45 83 2.7471387386322 2.7471387386322 0 comprehensive 1
paragraphs_comprehensive_service_still 1580390402604 360 205 touchmove 43 86 2.9968786239624 2.9968786239624 0 comprehensive 1
paragraphs_comprehensive_service_still 1580390402620 360 205 touchmove 42 89 2.7471387386322 2.7471387386322 0 comprehensive 1
paragraphs_comprehensive_service_still 1580390402638 360 205 touchmove 42 93 2.2476589679718 2.2476589679718 0 comprehensive 1
paragraphs_comprehensive_service_still 1580390402655 360 205 touchmove 42 97 2.497398853302 2.497398853302 0 comprehensive 1
paragraphs_comprehensive_service_still 1580390402671 360 205 touchmove 43 100 2.2476589679718 2.2476589679718 0 comprehensive 1
paragraphs_comprehensive_service_still 1580390402687 360 205 touchmove 45 103 2.2476589679718 2.2476589679718 0 comprehensive 1
paragraphs_comprehensive_service_still 1580390402704 360 205 touchmove 47 106 2.2476589679718 2.2476589679718 0 comprehensive 1
paragraphs_comprehensive_service_still 1580390402722 360 205 touchmove 51 108 1.9979190826416 1.9979190826416 0 comprehensive 1
paragraphs_comprehensive_service_still 1580390402737 360 205 touchmove 56 108 1.9979190826416 1.9979190826416 0 comprehensive 1
paragraphs_comprehensive_service_still 1580390402754 360 205 touchmove 63 108 1.7481791973114 1.7481791973114 0 comprehensive 1
paragraphs_comprehensive_service_still 1580390402771 360 205 touchmove 74 103 1.7481791973114 1.7481791973114 0 comprehensive 1
paragraphs_comprehensive_service_still 1580390402788 360 205 touchmove 87 97 2.2476589679718 2.2476589679718 0 comprehensive 1
paragraphs_comprehensive_service_still 1580390402805 360 205 touchmove 102 88 1.4984393119812 1.4984393119812 0 comprehensive 1
paragraphs_comprehensive_service_still 1580390402821 360 205 touchmove 118 80 1.9979190826416 1.9979190826416 0 comprehensive 1
paragraphs_comprehensive_service_still 1580390402837 360 205 touchmove 134 72 1.7481791973114 1.7481791973114 0 comprehensive 1
paragraphs_comprehensive_service_still 1580390402854 360 205 touchmove 151 65 1.4984393119812 1.4984393119812 0 comprehensive 1
paragraphs_comprehensive_service_still 1580390402871 360 205 touchmove 172 56 1.4984393119812 1.4984393119812 0 comprehensive 1
paragraphs_comprehensive_service_still 1580390402888 360 205 touchmove 185 52 1.9979190826416 1.9979190826416 0 comprehensive 1
paragraphs_comprehensive_service_still 1580390402904 360 205 touchmove 203 44 1.4984393119812 1.4984393119812 0 comprehensive 1
paragraphs_comprehensive_service_still 1580390402921 360 205 touchmove 219 38 1.4984393119812 1.4984393119812 0 comprehensive 1
paragraphs_comprehensive_service_still 1580390402939 360 205 touchmove 233 32 1.4984393119812 1.4984393119812 0 comprehensive 1
paragraphs_comprehensive_service_still 1580390402956 360 205 touchmove 246 28 1.7481791973114 1.7481791973114 0 comprehensive 1
paragraphs_comprehensive_service_still 1580390402976 360 205 touchmove 252 26 1.9979190826416 1.9979190826416 0 comprehensive 1
paragraphs_comprehensive_service_still 1580390402991 360 205 touchmove 263 23 1.7481791973114 1.7481791973114 0 comprehensive 1
paragraphs_comprehensive_service_still 1580390403008 360 205 touchmove 273 20 1.7481791973114 1.7481791973114 0 comprehensive 1
paragraphs_comprehensive_service_still 1580390403022 360 205 touchmove 280 18 1.7481791973114 1.7481791973114 0 comprehensive 1
paragraphs_comprehensive_service_still 1580390403038 360 205 touchmove 286 16 1.9979190826416 1.9979190826416 0 comprehensive 1
paragraphs_comprehensive_service_still 1580390403056 360 205 touchmove 290 14 1.9979190826416 1.9979190826416 0 comprehensive 1
paragraphs_comprehensive_service_still 1580390403073 360 205 touchmove 292 14 1.9979190826416 1.9979190826416 0 comprehensive 1
paragraphs_comprehensive_service_still 1580390403091 360 205 touchmove 294 14 1.9979190826416 1.9979190826416 0 comprehensive 1
paragraphs_comprehensive_service_still 1580390403105 360 205 touchmove 297 16 1.7481791973114 1.7481791973114 0 comprehensive 1
paragraphs_comprehensive_service_still 1580390403122 360 205 touchmove 299 18 1.4984393119812 1.4984393119812 0 comprehensive 1
paragraphs_comprehensive_service_still 1580390403138 360 205 touchmove 301 21 1.4984393119812 1.4984393119812 0 comprehensive 1
paragraphs_comprehensive_service_still 1580390403156 360 205 touchmove 303 24 1.4984393119812 1.4984393119812 0 comprehensive 1
paragraphs_comprehensive_service_still 1580390403171 360 205 touchmove 304 26 1.4984393119812 1.4984393119812 0 comprehensive 1
paragraphs_comprehensive_service_still 1580390403189 360 205 touchmove 306 31 1.7481791973114 1.7481791973114 0 comprehensive 1
paragraphs_comprehensive_service_still 1580390403207 360 205 touchmove 306 35 1.7481791973114 1.7481791973114 0 comprehensive 1
paragraphs_comprehensive_service_still 1580390403224 360 205 touchmove 304 39 1.4984393119812 1.4984393119812 0 comprehensive 1
paragraphs_comprehensive_service_still 1580390403241 360 205 touchmove 302 45 1.9979190826416 1.9979190826416 0 comprehensive 1
paragraphs_comprehensive_service_still 1580390403256 360 205 touchmove 298 52 1.4984393119812 1.4984393119812 0 comprehensive 1
paragraphs_comprehensive_service_still 1580390403274 360 205 touchmove 294 59 1.4984393119812 1.4984393119812 0 comprehensive 1
paragraphs_comprehensive_service_still 1580390403291 360 205 touchmove 290 65 1.9979190826416 1.9979190826416 0 comprehensive 1
paragraphs_comprehensive_service_still 1580390403307 360 205 touchmove 285 71 1.7481791973114 1.7481791973114 0 comprehensive 1
paragraphs_comprehensive_service_still 1580390403323 360 205 touchmove 280 76 1.7481791973114 1.7481791973114 0 comprehensive 1
paragraphs_comprehensive_service_still 1580390403340 360 205 touchmove 273 81 1.4984393119812 1.4984393119812 0 comprehensive 1
paragraphs_comprehensive_service_still 1580390403357 360 205 touchmove 264 87 2.2476589679718 2.2476589679718 0 comprehensive 1
paragraphs_comprehensive_service_still 1580390403373 360 205 touchmove 254 93 1.9979190826416 1.9979190826416 0 comprehensive 1
paragraphs_comprehensive_service_still 1580390403390 360 205 touchmove 244 100 1.4984393119812 1.4984393119812 0 comprehensive 1
paragraphs_comprehensive_service_still 1580390403408 360 205 touchmove 235 106 1.4984393119812 1.4984393119812 0 comprehensive 1
paragraphs_comprehensive_service_still 1580390403424 360 205 touchmove 227 112 1.4984393119812 1.4984393119812 0 comprehensive 1
paragraphs_comprehensive_service_still 1580390403441 360 205 touchmove 222 117 1.9979190826416 1.9979190826416 0 comprehensive 1
paragraphs_comprehensive_service_still 1580390403458 360 205 touchmove 217 121 1.7481791973114 1.7481791973114 0 comprehensive 1
paragraphs_comprehensive_service_still 1580390403474 360 205 touchmove 211 126 1.7481791973114 1.7481791973114 0 comprehensive 1
paragraphs_comprehensive_service_still 1580390403489 360 205 touchmove 206 130 1.7481791973114 1.7481791973114 0 comprehensive 1
paragraphs_comprehensive_service_still 1580390403506 360 205 touchmove 201 135 1.7481791973114 1.7481791973114 0 comprehensive 1
paragraphs_comprehensive_service_still 1580390403524 360 205 touchmove 196 139 1.9979190826416 1.9979190826416 0 comprehensive 1
paragraphs_comprehensive_service_still 1580390403540 360 205 touchmove 193 143 1.9979190826416 1.9979190826416 0 comprehensive 1
paragraphs_comprehensive_service_still 1580390403558 360 205 touchmove 190 146 1.9979190826416 1.9979190826416 0 comprehensive 1
paragraphs_comprehensive_service_still 1580390403574 360 205 touchmove 189 148 1.7481791973114 1.7481791973114 0 comprehensive 1
paragraphs_comprehensive_service_still 1580390403591 360 205 touchmove 188 150 1.7481791973114 1.7481791973114 0 comprehensive 1
paragraphs_comprehensive_service_still 1580390403606 360 205 touchmove 187 152 1.7481791973114 1.7481791973114 0 comprehensive 1
paragraphs_comprehensive_service_still 1580390403624 360 205 touchmove 187 154 1.7481791973114 1.7481791973114 0 comprehensive 1
paragraphs_comprehensive_service_still 1580390403640 360 205 touchmove 188 157 1.7481791973114 1.7481791973114 0 comprehensive 1
paragraphs_comprehensive_service_still 1580390403657 360 205 touchmove 189 160 1.7481791973114 1.7481791973114 0 comprehensive 1
paragraphs_comprehensive_service_still 1580390403677 360 205 touchmove 191 163 1.4984393119812 1.4984393119812 0 comprehensive 1
paragraphs_comprehensive_service_still 1580390403691 360 205 touchmove 193 165 1.7481791973114 1.7481791973114 0 comprehensive 1
paragraphs_comprehensive_service_still 1580390403709 360 205 touchmove 194 166 1.7481791973114 1.7481791973114 0 comprehensive 1
paragraphs_comprehensive_service_still 1580390403724 360 205 touchmove 196 167 1.9979190826416 1.9979190826416 0 comprehensive 1
paragraphs_comprehensive_service_still 1580390403740 360 205 touchmove 199 167 1.7481791973114 1.7481791973114 0 comprehensive 1
paragraphs_comprehensive_service_still 1580390403758 360 205 touchmove 202 165 1.9979190826416 1.9979190826416 0 comprehensive 1
paragraphs_comprehensive_service_still 1580390403774 360 205 touchmove 208 163 1.7481791973114 1.7481791973114 0 comprehensive 1
paragraphs_comprehensive_service_still 1580390403792 360 205 touchmove 214 160 1.7481791973114 1.7481791973114 0 comprehensive 1
paragraphs_comprehensive_service_still 1580390403807 360 205 touchmove 221 156 1.4984393119812 1.4984393119812 0 comprehensive 1
paragraphs_comprehensive_service_still 1580390403824 360 205 touchmove 229 152 1.4984393119812 1.4984393119812 0 comprehensive 1
paragraphs_comprehensive_service_still 1580390403842 360 205 touchmove 236 148 1.4984393119812 1.4984393119812 0 comprehensive 1
paragraphs_comprehensive_service_still 1580390403858 360 205 touchmove 245 143 1.4984393119812 1.4984393119812 0 comprehensive 1
paragraphs_comprehensive_service_still 1580390403875 360 205 touchmove 254 137 1.4984393119812 1.4984393119812 0 comprehensive 1
paragraphs_comprehensive_service_still 1580390403893 360 205 touchmove 262 132 1.7481791973114 1.7481791973114 0 comprehensive 1
paragraphs_comprehensive_service_still 1580390403908 360 205 touchmove 271 127 1.4984393119812 1.4984393119812 0 comprehensive 1
paragraphs_comprehensive_service_still 1580390403924 360 205 touchmove 279 123 1.4984393119812 1.4984393119812 0 comprehensive 1
paragraphs_comprehensive_service_still 1580390403941 360 205 touchmove 285 119 1.4984393119812 1.4984393119812 0 comprehensive 1
paragraphs_comprehensive_service_still 1580390403959 360 205 touchmove 292 116 1.4984393119812 1.4984393119812 0 comprehensive 1
paragraphs_comprehensive_service_still 1580390403973 360 205 touchmove 297 113 1.248699426651 1.248699426651 0 comprehensive 1
paragraphs_comprehensive_service_still 1580390403991 360 205 touchmove 302 110 1.4984393119812 1.4984393119812 0 comprehensive 1
paragraphs_comprehensive_service_still 1580390404010 360 205 touchmove 305 108 1.4984393119812 1.4984393119812 0 comprehensive 1
paragraphs_comprehensive_service_still 1580390404024 360 205 touchmove 308 106 1.248699426651 1.248699426651 0 comprehensive 1
paragraphs_comprehensive_service_still 1580390404042 360 205 touchmove 310 104 1.248699426651 1.248699426651 0 comprehensive 1
paragraphs_comprehensive_service_still 1580390404059 360 205 touchmove 311 103 1.4984393119812 1.4984393119812 0 comprehensive 1
paragraphs_comprehensive_service_still 1580390404076 360 205 touchmove 312 102 1.4984393119812 1.4984393119812 0 comprehensive 1
paragraphs_comprehensive_service_still 1580390404091 360 205 touchmove 313 101 1.4984393119812 1.4984393119812 0 comprehensive 1
paragraphs_comprehensive_service_still 1580390404109 360 205 touchmove 314 100 1.4984393119812 1.4984393119812 0 comprehensive 1
paragraphs_comprehensive_service_still 1580390404125 360 205 touchmove 315 100 1.4984393119812 1.4984393119812 0 comprehensive 1
paragraphs_comprehensive_service_still 1580390404142 360 205 touchmove 316 100 1.7481791973114 1.7481791973114 0 comprehensive 1
paragraphs_comprehensive_service_still 1580390404158 360 205 touchmove 316 99 1.7481791973114 1.7481791973114 0 comprehensive 1
paragraphs_comprehensive_service_still 1580390404177 360 205 touchmove 316 99 1.4984393119812 1.4984393119812 0 comprehensive 1
paragraphs_comprehensive_service_still 1580390404192 360 205 touchmove 316 99 1.4984393119812 1.4984393119812 0 comprehensive 1
paragraphs_comprehensive_service_still 1580390404441 360 205 touchmove 316 99 1.248699426651 1.248699426651 0 comprehensive 1
paragraphs_comprehensive_service_still 1580390404460 360 205 touchmove 316 99 1.4984393119812 1.4984393119812 0 comprehensive 1
paragraphs_comprehensive_service_still 1580390404478 360 205 touchmove 316 99 1.4984393119812 1.4984393119812 0 comprehensive 1
paragraphs_comprehensive_service_still 1580390404497 360 205 touchmove 315 99 1.4984393119812 1.4984393119812 0 comprehensive 1
paragraphs_comprehensive_service_still 1580390404512 360 205 touchmove 315 99 1.4984393119812 1.4984393119812 0 comprehensive 1
paragraphs_comprehensive_service_still 1580390404527 360 205 touchmove 314 99 1.4984393119812 1.4984393119812 0 comprehensive 1
paragraphs_comprehensive_service_still 1580390404543 360 205 touchmove 313 98 1.4984393119812 1.4984393119812 0 comprehensive 1
paragraphs_comprehensive_service_still 1580390404559 360 205 touchmove 313 98 1.4984393119812 1.4984393119812 0 comprehensive 1
paragraphs_comprehensive_service_still 1580390404575 360 205 touchmove 311 96 1.4984393119812 1.4984393119812 0 comprehensive 1
paragraphs_comprehensive_service_still 1580390404594 360 205 touchmove 310 95 1.248699426651 1.248699426651 0 comprehensive 1
paragraphs_comprehensive_service_still 1580390404608 360 205 touchmove 308 93 1.7481791973114 1.7481791973114 0 comprehensive 1
paragraphs_comprehensive_service_still 1580390404625 360 205 touchmove 306 90 1.4984393119812 1.4984393119812 0 comprehensive 1
paragraphs_comprehensive_service_still 1580390404641 360 205 touchmove 304 86 1.4984393119812 1.4984393119812 0 comprehensive 1
paragraphs_comprehensive_service_still 1580390404659 360 205 touchmove 301 82 1.4984393119812 1.4984393119812 0 comprehensive 1
paragraphs_comprehensive_service_still 1580390404676 360 205 touchmove 297 76 1.248699426651 1.248699426651 0 comprehensive 1
paragraphs_comprehensive_service_still 1580390404694 360 205 touchmove 293 70 1.4984393119812 1.4984393119812 0 comprehensive 1
paragraphs_comprehensive_service_still 1580390404710 360 205 touchmove 290 65 1.4984393119812 1.4984393119812 0 comprehensive 1
paragraphs_comprehensive_service_still 1580390404726 360 205 touchmove 287 60 1.7481791973114 1.7481791973114 0 comprehensive 1
paragraphs_comprehensive_service_still 1580390404743 360 205 touchmove 286 58 1.7481791973114 1.7481791973114 0 comprehensive 1
paragraphs_comprehensive_service_still 1580390404759 360 205 touchmove 283 53 1.7481791973114 1.7481791973114 0 comprehensive 1
paragraphs_comprehensive_service_still 1580390404776 360 205 touchmove 282 52 1.7481791973114 1.7481791973114 0 comprehensive 1
paragraphs_comprehensive_service_still 1580390404792 360 205 touchmove 279 50 1.4984393119812 1.4984393119812 0 comprehensive 1
paragraphs_comprehensive_service_still 1580390404809 360 205 touchmove 275 47 1.7481791973114 1.7481791973114 0 comprehensive 1
paragraphs_comprehensive_service_still 1580390404827 360 205 touchmove 273 44 1.7481791973114 1.7481791973114 0 comprehensive 1
paragraphs_comprehensive_service_still 1580390404842 360 205 touchmove 271 41 1.4984393119812 1.4984393119812 0 comprehensive 1
paragraphs_comprehensive_service_still 1580390404859 360 205 touchmove 269 38 1.7481791973114 1.7481791973114 0 comprehensive 1
paragraphs_comprehensive_service_still 1580390404876 360 205 touchmove 267 35 1.7481791973114 1.7481791973114 0 comprehensive 1
paragraphs_comprehensive_service_still 1580390404894 360 205 touchmove 265 34 1.7481791973114 1.7481791973114 0 comprehensive 1
paragraphs_comprehensive_service_still 1580390404911 360 205 touchmove 264 33 1.7481791973114 1.7481791973114 0 comprehensive 1
paragraphs_comprehensive_service_still 1580390404926 360 205 touchmove 262 33 1.9979190826416 1.9979190826416 0 comprehensive 1
paragraphs_comprehensive_service_still 1580390404942 360 205 touchmove 249 43 1.7481791973114 1.7481791973114 0 comprehensive 1
paragraphs_comprehensive_service_still 1580390404960 360 205 touchmove 230 59 1.7481791973114 1.7481791973114 0 comprehensive 1
paragraphs_comprehensive_service_still 1580390404976 360 205 touchmove 221 68 1.4984393119812 1.4984393119812 0 comprehensive 1
paragraphs_comprehensive_service_still 1580390404994 360 205 touchmove 207 81 1.4984393119812 1.4984393119812 0 comprehensive 1
paragraphs_comprehensive_service_still 1580390405011 360 205 touchmove 191 97 1.4984393119812 1.4984393119812 0 comprehensive 1
paragraphs_comprehensive_service_still 1580390405027 360 205 touchmove 177 110 1.7481791973114 1.7481791973114 0 comprehensive 1
paragraphs_comprehensive_service_still 1580390405043 360 205 touchmove 169 117 1.248699426651 1.248699426651 0 comprehensive 1
paragraphs_comprehensive_service_still 1580390405060 360 205 touchmove 159 125 2.7471387386322 2.7471387386322 0 comprehensive 1
paragraphs_comprehensive_service_still 1580390405068 360 205 touchend 159 125 2.7471387386322 2.7471387386322 0 comprehensive 1
