sentence timestamp keyb_width keyb_height event x_pos y_pos x_radius y_radius angle word is_err
let_aspect_marks_wc 1580284978613 360 205 touchstart 322 90 0.4994797706604 0.4994797706604 0 let 1
let_aspect_marks_wc 1580284978695 360 205 touchend 322 90 0.4994797706604 0.4994797706604 0 let 1
let_aspect_marks_wc 1580284979098 360 205 touchend 79 24 1.4984393119812 1.4984393119812 0 let 1
let_aspect_marks_wc 1580284979098 360 205 touchend 79 24 1.4984393119812 1.4984393119812 0 let 1 1
let_aspect_marks_wc 1580284979295 360 205 touchstart 177 46 0.7492196559906 0.7492196559906 0 let 1
let_aspect_marks_wc 1580284979357 360 205 touchend 177 46 0.7492196559906 0.7492196559906 0 let 1
let_aspect_marks_wc 1580284979926 360 205 touchstart 146 120 1.4984393119812 1.4984393119812 0 let 1
let_aspect_marks_wc 1580284979993 360 205 touchmove 154 104 1.4984393119812 1.4984393119812 0 let 1
let_aspect_marks_wc 1580284980009 360 205 touchmove 153 92 1.4984393119812 1.4984393119812 0 let 1
let_aspect_marks_wc 1580284980043 360 205 touchmove 146 55 1.4984393119812 1.4984393119812 0 let 1
let_aspect_marks_wc 1580284980070 360 205 touchmove 141 40 1.4984393119812 1.4984393119812 0 let 1
let_aspect_marks_wc 1580284980093 360 205 touchmove 130 25 1.7481791973114 1.7481791973114 0 let 1
let_aspect_marks_wc 1580284980107 360 205 touchmove 124 18 1.7481791973114 1.7481791973114 0 let 1
let_aspect_marks_wc 1580284980123 360 205 touchmove 120 12 1.7481791973114 1.7481791973114 0 let 1
let_aspect_marks_wc 1580284980178 360 205 touchmove 113 6 1.7481791973114 1.7481791973114 0 let 1
let_aspect_marks_wc 1580284980190 360 205 touchmove 111 6 1.7481791973114 1.7481791973114 0 let 1
let_aspect_marks_wc 1580284980227 360 205 touchmove 107 8 1.7481791973114 1.7481791973114 0 let 1
let_aspect_marks_wc 1580284980257 360 205 touchmove 102 17 1.7481791973114 1.7481791973114 0 let 1
let_aspect_marks_wc 1580284980283 360 205 touchmove 102 29 1.7481791973114 1.7481791973114 0 let 1
let_aspect_marks_wc 1580284980308 360 205 touchmove 106 65 1.7481791973114 1.7481791973114 0 let 1
let_aspect_marks_wc 1580284980338 360 205 touchmove 115 94 1.7481791973114 1.7481791973114 0 let 1
let_aspect_marks_wc 1580284980366 360 205 touchmove 119 112 1.7481791973114 1.7481791973114 0 let 1
let_aspect_marks_wc 1580284980391 360 205 touchmove 124 123 1.7481791973114 1.7481791973114 0 let 1
let_aspect_marks_wc 1580284980419 360 205 touchmove 128 127 1.7481791973114 1.7481791973114 0 let 1
let_aspect_marks_wc 1580284980450 360 205 touchmove 130 129 1.7481791973114 1.7481791973114 0 let 1
let_aspect_marks_wc 1580284980472 360 205 touchmove 132 130 1.7481791973114 1.7481791973114 0 let 1
let_aspect_marks_wc 1580284980500 360 205 touchmove 131 130 2.2476589679718 2.2476589679718 0 let 1
let_aspect_marks_wc 1580284980504 360 205 touchstart 189 127 2.2476589679718 2.2476589679718 0 let 1
let_aspect_marks_wc 1580284980509 360 205 touchmove 130 130 2.2476589679718 2.2476589679718 0 let 1
let_aspect_marks_wc 1580284980528 360 205 touchmove 124 126 2.2476589679718 2.2476589679718 0 let 1
let_aspect_marks_wc 1580284980555 360 205 touchmove 116 124 2.2476589679718 2.2476589679718 0 let 1
let_aspect_marks_wc 1580284980582 360 205 touchmove 93 119 1.4984393119812 1.4984393119812 0 let 1
let_aspect_marks_wc 1580284980613 360 205 touchmove 77 116 1.4984393119812 1.4984393119812 0 let 1
let_aspect_marks_wc 1580284980637 360 205 touchmove 65 115 1.4984393119812 1.4984393119812 0 let 1
let_aspect_marks_wc 1580284980665 360 205 touchmove 55 114 1.4984393119812 1.4984393119812 0 let 1
let_aspect_marks_wc 1580284980694 360 205 touchmove 55 114 1.4984393119812 1.4984393119812 0 let 1
let_aspect_marks_wc 1580284980706 360 205 touchmove 59 117 1.4984393119812 1.4984393119812 0 let 1
let_aspect_marks_wc 1580284980748 360 205 touchmove 92 145 1.4984393119812 1.4984393119812 0 let 1
let_aspect_marks_wc 1580284980776 360 205 touchmove 95 145 1.4984393119812 1.4984393119812 0 let 1
let_aspect_marks_wc 1580284980802 360 205 touchmove 224 46 0.9989595413208 0.9989595413208 0 let 1
let_aspect_marks_wc 1580284980828 360 205 touchmove 95 142 1.4984393119812 1.4984393119812 0 let 1
let_aspect_marks_wc 1580284980856 360 205 touchmove 92 134 1.4984393119812 1.4984393119812 0 let 1
let_aspect_marks_wc 1580284980885 360 205 touchmove 81 117 1.4984393119812 1.4984393119812 0 let 1
let_aspect_marks_wc 1580284980910 360 205 touchmove 72 98 1.4984393119812 1.4984393119812 0 let 1
let_aspect_marks_wc 1580284980938 360 205 touchmove 63 87 1.4984393119812 1.4984393119812 0 let 1
let_aspect_marks_wc 1580284980967 360 205 touchmove 54 85 1.4984393119812 1.4984393119812 0 let 1
let_aspect_marks_wc 1580284980992 360 205 touchmove 48 95 1.248699426651 1.248699426651 0 let 1
let_aspect_marks_wc 1580284981024 360 205 touchmove 43 112 1.248699426651 1.248699426651 0 let 1
let_aspect_marks_wc 1580284981049 360 205 touchmove 40 117 1.248699426651 1.248699426651 0 let 1
let_aspect_marks_wc 1580284981078 360 205 touchmove 39 120 1.248699426651 1.248699426651 0 let 1
let_aspect_marks_wc 1580284981102 360 205 touchmove 237 81 0.9989595413208 0.9989595413208 0 let 1
let_aspect_marks_wc 1580284981133 360 205 touchmove 39 119 1.248699426651 1.248699426651 0 let 1
let_aspect_marks_wc 1580284981157 360 205 touchmove 36 116 1.248699426651 1.248699426651 0 let 1
let_aspect_marks_wc 1580284981183 360 205 touchmove 32 105 1.248699426651 1.248699426651 0 let 1
let_aspect_marks_wc 1580284981214 360 205 touchmove 29 97 1.248699426651 1.248699426651 0 let 1
let_aspect_marks_wc 1580284981225 360 205 touchmove 28 93 1.248699426651 1.248699426651 0 let 1
let_aspect_marks_wc 1580284981266 360 205 touchmove 28 90 1.248699426651 1.248699426651 0 let 1
let_aspect_marks_wc 1580284981293 360 205 touchmove 28 90 1.248699426651 1.248699426651 0 let 1
let_aspect_marks_wc 1580284981303 360 205 touchmove 232 107 0.9989595413208 0.9989595413208 0 let 1
let_aspect_marks_wc 1580284981306 360 205 touchend 232 107 0.9989595413208 0.9989595413208 0 let 1
let_aspect_marks_wc 1580284979926 360 205 touchstart 146 120 1.4984393119812 1.4984393119812 0 let 1 1
let_aspect_marks_wc 1580284979993 360 205 touchmove 154 104 1.4984393119812 1.4984393119812 0 let 1 1
let_aspect_marks_wc 1580284980009 360 205 touchmove 153 92 1.4984393119812 1.4984393119812 0 let 1 1
let_aspect_marks_wc 1580284980043 360 205 touchmove 146 55 1.4984393119812 1.4984393119812 0 let 1 1
let_aspect_marks_wc 1580284980070 360 205 touchmove 141 40 1.4984393119812 1.4984393119812 0 let 1 1
let_aspect_marks_wc 1580284980093 360 205 touchmove 130 25 1.7481791973114 1.7481791973114 0 let 1 1
let_aspect_marks_wc 1580284980107 360 205 touchmove 124 18 1.7481791973114 1.7481791973114 0 let 1 1
let_aspect_marks_wc 1580284980123 360 205 touchmove 120 12 1.7481791973114 1.7481791973114 0 let 1 1
let_aspect_marks_wc 1580284980178 360 205 touchmove 113 6 1.7481791973114 1.7481791973114 0 let 1 1
let_aspect_marks_wc 1580284980190 360 205 touchmove 111 6 1.7481791973114 1.7481791973114 0 let 1 1
let_aspect_marks_wc 1580284980227 360 205 touchmove 107 8 1.7481791973114 1.7481791973114 0 let 1 1
let_aspect_marks_wc 1580284980257 360 205 touchmove 102 17 1.7481791973114 1.7481791973114 0 let 1 1
let_aspect_marks_wc 1580284980283 360 205 touchmove 102 29 1.7481791973114 1.7481791973114 0 let 1 1
let_aspect_marks_wc 1580284980308 360 205 touchmove 106 65 1.7481791973114 1.7481791973114 0 let 1 1
let_aspect_marks_wc 1580284980338 360 205 touchmove 115 94 1.7481791973114 1.7481791973114 0 let 1 1
let_aspect_marks_wc 1580284980366 360 205 touchmove 119 112 1.7481791973114 1.7481791973114 0 let 1 1
let_aspect_marks_wc 1580284980391 360 205 touchmove 124 123 1.7481791973114 1.7481791973114 0 let 1 1
let_aspect_marks_wc 1580284980419 360 205 touchmove 128 127 1.7481791973114 1.7481791973114 0 let 1 1
let_aspect_marks_wc 1580284980450 360 205 touchmove 130 129 1.7481791973114 1.7481791973114 0 let 1 1
let_aspect_marks_wc 1580284980472 360 205 touchmove 132 130 1.7481791973114 1.7481791973114 0 let 1 1
let_aspect_marks_wc 1580284980500 360 205 touchmove 131 130 2.2476589679718 2.2476589679718 0 let 1 1
let_aspect_marks_wc 1580284980504 360 205 touchstart 189 127 2.2476589679718 2.2476589679718 0 let 1 1
let_aspect_marks_wc 1580284980509 360 205 touchmove 130 130 2.2476589679718 2.2476589679718 0 let 1 1
let_aspect_marks_wc 1580284980528 360 205 touchmove 124 126 2.2476589679718 2.2476589679718 0 let 1 1
let_aspect_marks_wc 1580284980555 360 205 touchmove 116 124 2.2476589679718 2.2476589679718 0 let 1 1
let_aspect_marks_wc 1580284980582 360 205 touchmove 93 119 1.4984393119812 1.4984393119812 0 let 1 1
let_aspect_marks_wc 1580284980613 360 205 touchmove 77 116 1.4984393119812 1.4984393119812 0 let 1 1
let_aspect_marks_wc 1580284980637 360 205 touchmove 65 115 1.4984393119812 1.4984393119812 0 let 1 1
let_aspect_marks_wc 1580284980665 360 205 touchmove 55 114 1.4984393119812 1.4984393119812 0 let 1 1
let_aspect_marks_wc 1580284980694 360 205 touchmove 55 114 1.4984393119812 1.4984393119812 0 let 1 1
let_aspect_marks_wc 1580284980706 360 205 touchmove 59 117 1.4984393119812 1.4984393119812 0 let 1 1
let_aspect_marks_wc 1580284980748 360 205 touchmove 92 145 1.4984393119812 1.4984393119812 0 let 1 1
let_aspect_marks_wc 1580284980776 360 205 touchmove 95 145 1.4984393119812 1.4984393119812 0 let 1 1
let_aspect_marks_wc 1580284980802 360 205 touchmove 224 46 0.9989595413208 0.9989595413208 0 let 1 1
let_aspect_marks_wc 1580284980828 360 205 touchmove 95 142 1.4984393119812 1.4984393119812 0 let 1 1
let_aspect_marks_wc 1580284980856 360 205 touchmove 92 134 1.4984393119812 1.4984393119812 0 let 1 1
let_aspect_marks_wc 1580284980885 360 205 touchmove 81 117 1.4984393119812 1.4984393119812 0 let 1 1
let_aspect_marks_wc 1580284980910 360 205 touchmove 72 98 1.4984393119812 1.4984393119812 0 let 1 1
let_aspect_marks_wc 1580284980938 360 205 touchmove 63 87 1.4984393119812 1.4984393119812 0 let 1 1
let_aspect_marks_wc 1580284980967 360 205 touchmove 54 85 1.4984393119812 1.4984393119812 0 let 1 1
let_aspect_marks_wc 1580284980992 360 205 touchmove 48 95 1.248699426651 1.248699426651 0 let 1 1
let_aspect_marks_wc 1580284981024 360 205 touchmove 43 112 1.248699426651 1.248699426651 0 let 1 1
let_aspect_marks_wc 1580284981049 360 205 touchmove 40 117 1.248699426651 1.248699426651 0 let 1 1
let_aspect_marks_wc 1580284981078 360 205 touchmove 39 120 1.248699426651 1.248699426651 0 let 1 1
let_aspect_marks_wc 1580284981102 360 205 touchmove 237 81 0.9989595413208 0.9989595413208 0 let 1 1
let_aspect_marks_wc 1580284981133 360 205 touchmove 39 119 1.248699426651 1.248699426651 0 let 1 1
let_aspect_marks_wc 1580284981157 360 205 touchmove 36 116 1.248699426651 1.248699426651 0 let 1 1
let_aspect_marks_wc 1580284981183 360 205 touchmove 32 105 1.248699426651 1.248699426651 0 let 1 1
let_aspect_marks_wc 1580284981214 360 205 touchmove 29 97 1.248699426651 1.248699426651 0 let 1 1
let_aspect_marks_wc 1580284981225 360 205 touchmove 28 93 1.248699426651 1.248699426651 0 let 1 1
let_aspect_marks_wc 1580284981266 360 205 touchmove 28 90 1.248699426651 1.248699426651 0 let 1 1
let_aspect_marks_wc 1580284981293 360 205 touchmove 28 90 1.248699426651 1.248699426651 0 let 1 1
let_aspect_marks_wc 1580284981303 360 205 touchmove 232 107 0.9989595413208 0.9989595413208 0 let 1 1
let_aspect_marks_wc 1580284981306 360 205 touchend 232 107 0.9989595413208 0.9989595413208 0 let 1 1
let_aspect_marks_wc 1580284981327 360 205 touchmove 28 90 0.9989595413208 0.9989595413208 0 let 1
let_aspect_marks_wc 1580284981416 360 205 touchend 28 90 0.9989595413208 0.9989595413208 0 let 1
let_aspect_marks_wc 1580284979926 360 205 touchstart 146 120 1.4984393119812 1.4984393119812 0 let 1 1 1
let_aspect_marks_wc 1580284979993 360 205 touchmove 154 104 1.4984393119812 1.4984393119812 0 let 1 1 1
let_aspect_marks_wc 1580284980009 360 205 touchmove 153 92 1.4984393119812 1.4984393119812 0 let 1 1 1
let_aspect_marks_wc 1580284980043 360 205 touchmove 146 55 1.4984393119812 1.4984393119812 0 let 1 1 1
let_aspect_marks_wc 1580284980070 360 205 touchmove 141 40 1.4984393119812 1.4984393119812 0 let 1 1 1
let_aspect_marks_wc 1580284980093 360 205 touchmove 130 25 1.7481791973114 1.7481791973114 0 let 1 1 1
let_aspect_marks_wc 1580284980107 360 205 touchmove 124 18 1.7481791973114 1.7481791973114 0 let 1 1 1
let_aspect_marks_wc 1580284980123 360 205 touchmove 120 12 1.7481791973114 1.7481791973114 0 let 1 1 1
let_aspect_marks_wc 1580284980178 360 205 touchmove 113 6 1.7481791973114 1.7481791973114 0 let 1 1 1
let_aspect_marks_wc 1580284980190 360 205 touchmove 111 6 1.7481791973114 1.7481791973114 0 let 1 1 1
let_aspect_marks_wc 1580284980227 360 205 touchmove 107 8 1.7481791973114 1.7481791973114 0 let 1 1 1
let_aspect_marks_wc 1580284980257 360 205 touchmove 102 17 1.7481791973114 1.7481791973114 0 let 1 1 1
let_aspect_marks_wc 1580284980283 360 205 touchmove 102 29 1.7481791973114 1.7481791973114 0 let 1 1 1
let_aspect_marks_wc 1580284980308 360 205 touchmove 106 65 1.7481791973114 1.7481791973114 0 let 1 1 1
let_aspect_marks_wc 1580284980338 360 205 touchmove 115 94 1.7481791973114 1.7481791973114 0 let 1 1 1
let_aspect_marks_wc 1580284980366 360 205 touchmove 119 112 1.7481791973114 1.7481791973114 0 let 1 1 1
let_aspect_marks_wc 1580284980391 360 205 touchmove 124 123 1.7481791973114 1.7481791973114 0 let 1 1 1
let_aspect_marks_wc 1580284980419 360 205 touchmove 128 127 1.7481791973114 1.7481791973114 0 let 1 1 1
let_aspect_marks_wc 1580284980450 360 205 touchmove 130 129 1.7481791973114 1.7481791973114 0 let 1 1 1
let_aspect_marks_wc 1580284980472 360 205 touchmove 132 130 1.7481791973114 1.7481791973114 0 let 1 1 1
let_aspect_marks_wc 1580284980500 360 205 touchmove 131 130 2.2476589679718 2.2476589679718 0 let 1 1 1
let_aspect_marks_wc 1580284980504 360 205 touchstart 189 127 2.2476589679718 2.2476589679718 0 let 1 1 1
let_aspect_marks_wc 1580284980509 360 205 touchmove 130 130 2.2476589679718 2.2476589679718 0 let 1 1 1
let_aspect_marks_wc 1580284980528 360 205 touchmove 124 126 2.2476589679718 2.2476589679718 0 let 1 1 1
let_aspect_marks_wc 1580284980555 360 205 touchmove 116 124 2.2476589679718 2.2476589679718 0 let 1 1 1
let_aspect_marks_wc 1580284980582 360 205 touchmove 93 119 1.4984393119812 1.4984393119812 0 let 1 1 1
let_aspect_marks_wc 1580284980613 360 205 touchmove 77 116 1.4984393119812 1.4984393119812 0 let 1 1 1
let_aspect_marks_wc 1580284980637 360 205 touchmove 65 115 1.4984393119812 1.4984393119812 0 let 1 1 1
let_aspect_marks_wc 1580284980665 360 205 touchmove 55 114 1.4984393119812 1.4984393119812 0 let 1 1 1
let_aspect_marks_wc 1580284980694 360 205 touchmove 55 114 1.4984393119812 1.4984393119812 0 let 1 1 1
let_aspect_marks_wc 1580284980706 360 205 touchmove 59 117 1.4984393119812 1.4984393119812 0 let 1 1 1
let_aspect_marks_wc 1580284980748 360 205 touchmove 92 145 1.4984393119812 1.4984393119812 0 let 1 1 1
let_aspect_marks_wc 1580284980776 360 205 touchmove 95 145 1.4984393119812 1.4984393119812 0 let 1 1 1
let_aspect_marks_wc 1580284980802 360 205 touchmove 224 46 0.9989595413208 0.9989595413208 0 let 1 1 1
let_aspect_marks_wc 1580284980828 360 205 touchmove 95 142 1.4984393119812 1.4984393119812 0 let 1 1 1
let_aspect_marks_wc 1580284980856 360 205 touchmove 92 134 1.4984393119812 1.4984393119812 0 let 1 1 1
let_aspect_marks_wc 1580284980885 360 205 touchmove 81 117 1.4984393119812 1.4984393119812 0 let 1 1 1
let_aspect_marks_wc 1580284980910 360 205 touchmove 72 98 1.4984393119812 1.4984393119812 0 let 1 1 1
let_aspect_marks_wc 1580284980938 360 205 touchmove 63 87 1.4984393119812 1.4984393119812 0 let 1 1 1
let_aspect_marks_wc 1580284980967 360 205 touchmove 54 85 1.4984393119812 1.4984393119812 0 let 1 1 1
let_aspect_marks_wc 1580284980992 360 205 touchmove 48 95 1.248699426651 1.248699426651 0 let 1 1 1
let_aspect_marks_wc 1580284981024 360 205 touchmove 43 112 1.248699426651 1.248699426651 0 let 1 1 1
let_aspect_marks_wc 1580284981049 360 205 touchmove 40 117 1.248699426651 1.248699426651 0 let 1 1 1
let_aspect_marks_wc 1580284981078 360 205 touchmove 39 120 1.248699426651 1.248699426651 0 let 1 1 1
let_aspect_marks_wc 1580284981102 360 205 touchmove 237 81 0.9989595413208 0.9989595413208 0 let 1 1 1
let_aspect_marks_wc 1580284981133 360 205 touchmove 39 119 1.248699426651 1.248699426651 0 let 1 1 1
let_aspect_marks_wc 1580284981157 360 205 touchmove 36 116 1.248699426651 1.248699426651 0 let 1 1 1
let_aspect_marks_wc 1580284981183 360 205 touchmove 32 105 1.248699426651 1.248699426651 0 let 1 1 1
let_aspect_marks_wc 1580284981214 360 205 touchmove 29 97 1.248699426651 1.248699426651 0 let 1 1 1
let_aspect_marks_wc 1580284981225 360 205 touchmove 28 93 1.248699426651 1.248699426651 0 let 1 1 1
let_aspect_marks_wc 1580284981266 360 205 touchmove 28 90 1.248699426651 1.248699426651 0 let 1 1 1
let_aspect_marks_wc 1580284981293 360 205 touchmove 28 90 1.248699426651 1.248699426651 0 let 1 1 1
let_aspect_marks_wc 1580284981303 360 205 touchmove 232 107 0.9989595413208 0.9989595413208 0 let 1 1 1
let_aspect_marks_wc 1580284981306 360 205 touchend 232 107 0.9989595413208 0.9989595413208 0 let 1 1 1
let_aspect_marks_wc 1580284981327 360 205 touchmove 28 90 0.9989595413208 0.9989595413208 0 let 1 1
let_aspect_marks_wc 1580284981416 360 205 touchend 28 90 0.9989595413208 0.9989595413208 0 let 1 1
let_aspect_marks_wc 1580284981468 360 205 touchstart 56 90 0.9989595413208 0.9989595413208 0 let 1
let_aspect_marks_wc 1580284981589 360 205 touchend 56 90 0.9989595413208 0.9989595413208 0 let 1
let_aspect_marks_wc 1580284981933 360 205 touchmove 334 43 0.4994797706604 0.4994797706604 0 let 1
let_aspect_marks_wc 1580284981937 360 205 touchend 334 43 0.4994797706604 0.4994797706604 0 let 1
let_aspect_marks_wc 1580284982161 360 205 touchend 76 29 1.7481791973114 1.7481791973114 0 let 1
let_aspect_marks_wc 1580284982455 360 205 touchstart 146 148 1.248699426651 1.248699426651 0 let 1
let_aspect_marks_wc 1580284982521 360 205 touchmove 143 146 1.248699426651 1.248699426651 0 let 1
let_aspect_marks_wc 1580284982537 360 205 touchmove 143 145 1.248699426651 1.248699426651 0 let 1
let_aspect_marks_wc 1580284982552 360 205 touchmove 142 144 1.248699426651 1.248699426651 0 let 1
let_aspect_marks_wc 1580284982556 360 205 touchend 142 144 1.248699426651 1.248699426651 0 let 1
let_aspect_marks_wc 1580284982455 360 205 touchstart 146 148 1.248699426651 1.248699426651 0 let 1 1
let_aspect_marks_wc 1580284982521 360 205 touchmove 143 146 1.248699426651 1.248699426651 0 let 1 1
let_aspect_marks_wc 1580284982537 360 205 touchmove 143 145 1.248699426651 1.248699426651 0 let 1 1
let_aspect_marks_wc 1580284982552 360 205 touchmove 142 144 1.248699426651 1.248699426651 0 let 1 1
let_aspect_marks_wc 1580284982556 360 205 touchend 142 144 1.248699426651 1.248699426651 0 let 1 1
let_aspect_marks_wc 1580284982681 360 205 touchstart 174 37 0.4994797706604 0.4994797706604 0 let 1
let_aspect_marks_wc 1580284982747 360 205 touchmove 173 37 0.4994797706604 0.4994797706604 0 let 1
let_aspect_marks_wc 1580284982764 360 205 touchmove 172 36 0.4994797706604 0.4994797706604 0 let 1
let_aspect_marks_wc 1580284982771 360 205 touchend 172 36 0.4994797706604 0.4994797706604 0 let 1
let_aspect_marks_wc 1580284983579 360 205 touchstart 283 150 0.2497398853302 0.2497398853302 0 let 1
let_aspect_marks_wc 1580284983603 360 205 touchend 283 150 0.2497398853302 0.2497398853302 0 let 1
let_aspect_marks_wc 1580284984025 360 205 touchend 27 81 0.7492196559906 0.7492196559906 0 let 1
let_aspect_marks_wc 1580284984317 360 205 touchend 112 39 0.9989595413208 0.9989595413208 0 let 1
let_aspect_marks_wc 1580284984610 360 205 touchstart 291 87 0.4994797706604 0.4994797706604 0 let 1
let_aspect_marks_wc 1580284984721 360 205 touchend 291 87 0.4994797706604 0.4994797706604 0 let 1
let_aspect_marks_wc 1580284984610 360 205 touchstart 291 87 0.4994797706604 0.4994797706604 0 let 1 1
let_aspect_marks_wc 1580284984721 360 205 touchend 291 87 0.4994797706604 0.4994797706604 0 let 1 1
let_aspect_marks_wc 1580284984803 360 205 touchstart 72 82 0.4994797706604 0.4994797706604 0 let 1
let_aspect_marks_wc 1580284984917 360 205 touchend 72 82 0.4994797706604 0.4994797706604 0 let 1
let_aspect_marks_wc 1580284985776 360 205 touchstart 53 29 1.7481791973114 1.7481791973114 0 let 1
let_aspect_marks_wc 1580284985889 360 205 touchend 53 29 1.7481791973114 1.7481791973114 0 let 1
let_aspect_marks_wc 1580284986197 360 205 touchend 152 148 1.248699426651 1.248699426651 0 let 1
let_aspect_marks_wc 1580284988423 360 205 touchstart 330 85 0.2497398853302 0.2497398853302 0 let 1
let_aspect_marks_wc 1580284988481 360 205 touchend 330 85 0.2497398853302 0.2497398853302 0 let 1
let_aspect_marks_wc 1580284988423 360 205 touchstart 330 85 0.2497398853302 0.2497398853302 0 let 1 1
let_aspect_marks_wc 1580284988481 360 205 touchend 330 85 0.2497398853302 0.2497398853302 0 let 1 1
let_aspect_marks_wc 1580284988596 360 205 touchstart 328 90 0.4994797706604 0.4994797706604 0 let 1
let_aspect_marks_wc 1580284988691 360 205 touchend 328 90 0.4994797706604 0.4994797706604 0 let 1
let_aspect_marks_wc 1580284989406 360 205 touchstart 327 83 0.4994797706604 0.4994797706604 0 let 1
let_aspect_marks_wc 1580284989569 360 205 touchstart 67 84 0.7492196559906 0.7492196559906 0 let 1
let_aspect_marks_wc 1580284989585 360 205 touchmove 324 83 0.4994797706604 0.4994797706604 0 let 1
let_aspect_marks_wc 1580284989602 360 205 touchmove 317 85 0.4994797706604 0.4994797706604 0 let 1
let_aspect_marks_wc 1580284989618 360 205 touchmove 309 89 0.4994797706604 0.4994797706604 0 let 1
let_aspect_marks_wc 1580284989635 360 205 touchmove 300 93 0.4994797706604 0.4994797706604 0 let 1
let_aspect_marks_wc 1580284989653 360 205 touchmove 293 96 0.4994797706604 0.4994797706604 0 let 1
let_aspect_marks_wc 1580284989684 360 205 touchmove 283 101 0.4994797706604 0.4994797706604 0 let 1
let_aspect_marks_wc 1580284989707 360 205 touchmove 280 101 0.4994797706604 0.4994797706604 0 let 1
let_aspect_marks_wc 1580284989732 360 205 touchmove 276 101 0.4994797706604 0.4994797706604 0 let 1
let_aspect_marks_wc 1580284989755 360 205 touchmove 275 100 0.4994797706604 0.4994797706604 0 let 1
let_aspect_marks_wc 1580284989775 360 205 touchmove 275 98 0.4994797706604 0.4994797706604 0 let 1
let_aspect_marks_wc 1580284989843 360 205 touchmove 285 79 0.4994797706604 0.4994797706604 0 let 1
let_aspect_marks_wc 1580284989862 360 205 touchmove 296 74 0.4994797706604 0.4994797706604 0 let 1
let_aspect_marks_wc 1580284989879 360 205 touchmove 304 73 0.4994797706604 0.4994797706604 0 let 1
let_aspect_marks_wc 1580284989894 360 205 touchmove 312 73 0.4994797706604 0.4994797706604 0 let 1
let_aspect_marks_wc 1580284989914 360 205 touchmove 318 76 0.4994797706604 0.4994797706604 0 let 1
let_aspect_marks_wc 1580284989938 360 205 touchmove 323 82 0.4994797706604 0.4994797706604 0 let 1
let_aspect_marks_wc 1580284989966 360 205 touchmove 328 91 0.4994797706604 0.4994797706604 0 let 1
let_aspect_marks_wc 1580284989996 360 205 touchmove 331 96 0.4994797706604 0.4994797706604 0 let 1
let_aspect_marks_wc 1580284990007 360 205 touchmove 332 99 0.4994797706604 0.4994797706604 0 let 1
let_aspect_marks_wc 1580284990047 360 205 touchmove 333 101 0.4994797706604 0.4994797706604 0 let 1
let_aspect_marks_wc 1580284990076 360 205 touchmove 331 101 0.4994797706604 0.4994797706604 0 let 1
let_aspect_marks_wc 1580284990102 360 205 touchmove 324 101 0.4994797706604 0.4994797706604 0 let 1
let_aspect_marks_wc 1580284990129 360 205 touchmove 290 105 0.4994797706604 0.4994797706604 0 let 1
let_aspect_marks_wc 1580284990158 360 205 touchmove 260 111 0.4994797706604 0.4994797706604 0 let 1
let_aspect_marks_wc 1580284990185 360 205 touchmove 221 122 1.248699426651 1.248699426651 0 let 1
let_aspect_marks_wc 1580284990199 360 205 touchmove 216 124 1.4984393119812 1.4984393119812 0 let 1
let_aspect_marks_wc 1580284990203 360 205 touchend 216 124 1.4984393119812 1.4984393119812 0 let 1
let_aspect_marks_wc 1580284990619 360 205 touchmove 333 113 0.9989595413208 0.9989595413208 0 let 1
let_aspect_marks_wc 1580284990690 360 205 touchmove 331 102 0.9989595413208 0.9989595413208 0 let 1
let_aspect_marks_wc 1580284990708 360 205 touchmove 330 96 0.9989595413208 0.9989595413208 0 let 1
let_aspect_marks_wc 1580284990725 360 205 touchmove 329 92 0.9989595413208 0.9989595413208 0 let 1
let_aspect_marks_wc 1580284990741 360 205 touchmove 329 88 0.9989595413208 0.9989595413208 0 let 1
let_aspect_marks_wc 1580284990758 360 205 touchmove 328 86 0.9989595413208 0.9989595413208 0 let 1
let_aspect_marks_wc 1580284990785 360 205 touchmove 327 83 0.9989595413208 0.9989595413208 0 let 1
let_aspect_marks_wc 1580284990808 360 205 touchmove 327 82 0.9989595413208 0.9989595413208 0 let 1
let_aspect_marks_wc 1580284990836 360 205 touchmove 86 124 1.7481791973114 1.7481791973114 0 let 1
let_aspect_marks_wc 1580284990839 360 205 touchend 86 124 1.7481791973114 1.7481791973114 0 let 1
let_aspect_marks_wc 1580284990619 360 205 touchmove 333 113 0.9989595413208 0.9989595413208 0 let 1 1
let_aspect_marks_wc 1580284990690 360 205 touchmove 331 102 0.9989595413208 0.9989595413208 0 let 1 1
let_aspect_marks_wc 1580284990708 360 205 touchmove 330 96 0.9989595413208 0.9989595413208 0 let 1 1
let_aspect_marks_wc 1580284990725 360 205 touchmove 329 92 0.9989595413208 0.9989595413208 0 let 1 1
let_aspect_marks_wc 1580284990741 360 205 touchmove 329 88 0.9989595413208 0.9989595413208 0 let 1 1
let_aspect_marks_wc 1580284990758 360 205 touchmove 328 86 0.9989595413208 0.9989595413208 0 let 1 1
let_aspect_marks_wc 1580284990785 360 205 touchmove 327 83 0.9989595413208 0.9989595413208 0 let 1 1
let_aspect_marks_wc 1580284990808 360 205 touchmove 327 82 0.9989595413208 0.9989595413208 0 let 1 1
let_aspect_marks_wc 1580284990836 360 205 touchmove 86 124 1.7481791973114 1.7481791973114 0 let 1 1
let_aspect_marks_wc 1580284990839 360 205 touchend 86 124 1.7481791973114 1.7481791973114 0 let 1 1
let_aspect_marks_wc 1580284990880 360 205 touchstart 79 39 1.4984393119812 1.4984393119812 0 let 1
let_aspect_marks_wc 1580284991146 360 205 touchend 327 82 0.9989595413208 0.9989595413208 0 let 1
let_aspect_marks_wc 1580284990619 360 205 touchmove 333 113 0.9989595413208 0.9989595413208 0 let 1 1 1
let_aspect_marks_wc 1580284990690 360 205 touchmove 331 102 0.9989595413208 0.9989595413208 0 let 1 1 1
let_aspect_marks_wc 1580284990708 360 205 touchmove 330 96 0.9989595413208 0.9989595413208 0 let 1 1 1
let_aspect_marks_wc 1580284990725 360 205 touchmove 329 92 0.9989595413208 0.9989595413208 0 let 1 1 1
let_aspect_marks_wc 1580284990741 360 205 touchmove 329 88 0.9989595413208 0.9989595413208 0 let 1 1 1
let_aspect_marks_wc 1580284990758 360 205 touchmove 328 86 0.9989595413208 0.9989595413208 0 let 1 1 1
let_aspect_marks_wc 1580284990785 360 205 touchmove 327 83 0.9989595413208 0.9989595413208 0 let 1 1 1
let_aspect_marks_wc 1580284990808 360 205 touchmove 327 82 0.9989595413208 0.9989595413208 0 let 1 1 1
let_aspect_marks_wc 1580284990836 360 205 touchmove 86 124 1.7481791973114 1.7481791973114 0 let 1 1 1
let_aspect_marks_wc 1580284990839 360 205 touchend 86 124 1.7481791973114 1.7481791973114 0 let 1 1 1
let_aspect_marks_wc 1580284990880 360 205 touchstart 79 39 1.4984393119812 1.4984393119812 0 let 1 1
let_aspect_marks_wc 1580284991146 360 205 touchend 327 82 0.9989595413208 0.9989595413208 0 let 1 1
let_aspect_marks_wc 1580284991155 360 205 touchend 79 39 1.4984393119812 1.4984393119812 0 let 1
let_aspect_marks_wc 1580284991286 360 205 touchstart 163 35 0.9989595413208 0.9989595413208 0 let 1
let_aspect_marks_wc 1580284991364 360 205 touchend 163 35 0.9989595413208 0.9989595413208 0 let 1
let_aspect_marks_wc 1580284991657 360 205 touchend 228 193 0.7492196559906 0.7492196559906 0 let 1
let_aspect_marks_wc 1580284996415 360 205 touchstart 321 97 0.4994797706604 0.4994797706604 0 let 1
let_aspect_marks_wc 1580284996601 360 205 touchmove 321 97 0.4994797706604 0.4994797706604 0 let 1
let_aspect_marks_wc 1580284996617 360 205 touchmove 321 99 0.4994797706604 0.4994797706604 0 let 1
let_aspect_marks_wc 1580284996634 360 205 touchmove 320 100 0.4994797706604 0.4994797706604 0 let 1
let_aspect_marks_wc 1580284996650 360 205 touchmove 320 101 0.4994797706604 0.4994797706604 0 let 1
let_aspect_marks_wc 1580284996665 360 205 touchmove 320 102 0.4994797706604 0.4994797706604 0 let 1
let_aspect_marks_wc 1580284996667 360 205 touchend 320 102 0.4994797706604 0.4994797706604 0 let 1
let_aspect_marks_wc 1580284991657 360 205 touchend 228 193 0.7492196559906 0.7492196559906 0 let 1 1
let_aspect_marks_wc 1580284996415 360 205 touchstart 321 97 0.4994797706604 0.4994797706604 0 let 1 1
let_aspect_marks_wc 1580284996601 360 205 touchmove 321 97 0.4994797706604 0.4994797706604 0 let 1 1
let_aspect_marks_wc 1580284996617 360 205 touchmove 321 99 0.4994797706604 0.4994797706604 0 let 1 1
let_aspect_marks_wc 1580284996634 360 205 touchmove 320 100 0.4994797706604 0.4994797706604 0 let 1 1
let_aspect_marks_wc 1580284996650 360 205 touchmove 320 101 0.4994797706604 0.4994797706604 0 let 1 1
let_aspect_marks_wc 1580284996665 360 205 touchmove 320 102 0.4994797706604 0.4994797706604 0 let 1 1
let_aspect_marks_wc 1580284996667 360 205 touchend 320 102 0.4994797706604 0.4994797706604 0 let 1 1
let_aspect_marks_wc 1580284996683 360 205 touchstart 86 33 0.9989595413208 0.9989595413208 0 let 1
let_aspect_marks_wc 1580284996777 360 205 touchend 86 33 0.9989595413208 0.9989595413208 0 let 1
let_aspect_marks_wc 1580284997069 360 205 touchend 177 47 0.4994797706604 0.4994797706604 0 let 1
let_aspect_marks_wc 1580284997410 360 205 touchend 217 200 0.7492196559906 0.7492196559906 0 let 1
let_aspect_marks_wc 1580284998982 360 205 touchstart 35 85 0.4994797706604 0.4994797706604 0 let 1
let_aspect_marks_wc 1580284999097 360 205 touchend 35 85 0.4994797706604 0.4994797706604 0 let 1
let_aspect_marks_wc 1580284997410 360 205 touchend 217 200 0.7492196559906 0.7492196559906 0 let 1 1
let_aspect_marks_wc 1580284998982 360 205 touchstart 35 85 0.4994797706604 0.4994797706604 0 let 1 1
let_aspect_marks_wc 1580284999097 360 205 touchend 35 85 0.4994797706604 0.4994797706604 0 let 1 1
let_aspect_marks_wc 1580284999241 360 205 touchstart 61 80 0.7492196559906 0.7492196559906 0 let 1
let_aspect_marks_wc 1580284999331 360 205 touchend 61 80 0.7492196559906 0.7492196559906 0 let 1
let_aspect_marks_wc 1580284999646 360 205 touchend 334 43 0.4994797706604 0.4994797706604 0 let 1
let_aspect_marks_wc 1580284999905 360 205 touchend 79 37 1.248699426651 1.248699426651 0 let 1
let_aspect_marks_wc 1580285000293 360 205 touchstart 147 151 0.9989595413208 0.9989595413208 0 let 1
let_aspect_marks_wc 1580285000359 360 205 touchend 147 151 0.9989595413208 0.9989595413208 0 let 1
let_aspect_marks_wc 1580285000650 360 205 touchmove 172 47 0.4994797706604 0.4994797706604 0 let 1
let_aspect_marks_wc 1580285000653 360 205 touchend 172 47 0.4994797706604 0.4994797706604 0 let 1
let_aspect_marks_wc 1580285000650 360 205 touchmove 172 47 0.4994797706604 0.4994797706604 0 let 1 1
let_aspect_marks_wc 1580285000653 360 205 touchend 172 47 0.4994797706604 0.4994797706604 0 let 1 1
let_aspect_marks_wc 1580285000782 360 205 touchstart 71 85 0.9989595413208 0.9989595413208 0 let 1
let_aspect_marks_wc 1580285000877 360 205 touchend 71 85 0.9989595413208 0.9989595413208 0 let 1
let_aspect_marks_wc 1580285001885 360 205 touchstart 284 146 0.4994797706604 0.4994797706604 0 let 1
let_aspect_marks_wc 1580285002012 360 205 touchend 284 146 0.4994797706604 0.4994797706604 0 let 1
let_aspect_marks_wc 1580285001885 360 205 touchstart 284 146 0.4994797706604 0.4994797706604 0 let 1 1
let_aspect_marks_wc 1580285002012 360 205 touchend 284 146 0.4994797706604 0.4994797706604 0 let 1 1
let_aspect_marks_wc 1580285002109 360 205 touchstart 31 82 0.4994797706604 0.4994797706604 0 let 1
let_aspect_marks_wc 1580285002206 360 205 touchend 31 82 0.4994797706604 0.4994797706604 0 let 1
let_aspect_marks_wc 1580285002530 360 205 touchend 105 38 0.9989595413208 0.9989595413208 0 let 1
let_aspect_marks_wc 1580285002530 360 205 touchend 105 38 0.9989595413208 0.9989595413208 0 let 1 1
let_aspect_marks_wc 1580285002661 360 205 touchstart 293 92 0.7492196559906 0.7492196559906 0 let 1
let_aspect_marks_wc 1580285002773 360 205 touchend 293 92 0.7492196559906 0.7492196559906 0 let 1
let_aspect_marks_wc 1580285002888 360 205 touchstart 69 77 0.7492196559906 0.7492196559906 0 let 1
let_aspect_marks_wc 1580285002984 360 205 touchend 69 77 0.7492196559906 0.7492196559906 0 let 1
let_aspect_marks_wc 1580285003875 360 205 touchstart 45 26 0.9989595413208 0.9989595413208 0 let 1
let_aspect_marks_wc 1580285003988 360 205 touchend 45 26 0.9989595413208 0.9989595413208 0 let 1
let_aspect_marks_wc 1580285004345 360 205 touchend 152 148 1.4984393119812 1.4984393119812 0 let 1
let_aspect_marks_wc 1580285005035 360 205 touchstart 114 164 1.9979190826416 1.9979190826416 0 let 1
let_aspect_marks_wc 1580285005091 360 205 touchstart 170 123 2.2476589679718 2.2476589679718 0 let 1
let_aspect_marks_wc 1580285005109 360 205 touchmove 114 164 2.2476589679718 2.2476589679718 0 let 1
let_aspect_marks_wc 1580285005125 360 205 touchmove 114 164 2.497398853302 2.497398853302 0 let 1
let_aspect_marks_wc 1580285005142 360 205 touchmove 170 122 2.2476589679718 2.2476589679718 0 let 1
let_aspect_marks_wc 1580285005158 360 205 touchmove 173 119 2.2476589679718 2.2476589679718 0 let 1
let_aspect_marks_wc 1580285005174 360 205 touchmove 114 162 2.497398853302 2.497398853302 0 let 1
let_aspect_marks_wc 1580285005191 360 205 touchmove 111 154 2.497398853302 2.497398853302 0 let 1
let_aspect_marks_wc 1580285005214 360 205 touchmove 105 141 2.2476589679718 2.2476589679718 0 let 1
let_aspect_marks_wc 1580285005243 360 205 touchmove 102 132 2.2476589679718 2.2476589679718 0 let 1
let_aspect_marks_wc 1580285005270 360 205 touchmove 96 111 1.7481791973114 1.7481791973114 0 let 1
let_aspect_marks_wc 1580285005296 360 205 touchmove 82 82 1.7481791973114 1.7481791973114 0 let 1
let_aspect_marks_wc 1580285005325 360 205 touchmove 72 61 1.7481791973114 1.7481791973114 0 let 1
let_aspect_marks_wc 1580285005352 360 205 touchmove 65 46 1.7481791973114 1.7481791973114 0 let 1
let_aspect_marks_wc 1580285005378 360 205 touchmove 61 36 1.7481791973114 1.7481791973114 0 let 1
let_aspect_marks_wc 1580285005406 360 205 touchmove 59 29 1.7481791973114 1.7481791973114 0 let 1
let_aspect_marks_wc 1580285005433 360 205 touchmove 60 28 1.7481791973114 1.7481791973114 0 let 1
let_aspect_marks_wc 1580285005460 360 205 touchmove 62 29 1.7481791973114 1.7481791973114 0 let 1
let_aspect_marks_wc 1580285005482 360 205 touchmove 68 33 1.7481791973114 1.7481791973114 0 let 1
let_aspect_marks_wc 1580285005516 360 205 touchmove 86 50 1.7481791973114 1.7481791973114 0 let 1
let_aspect_marks_wc 1580285005541 360 205 touchmove 93 68 1.7481791973114 1.7481791973114 0 let 1
let_aspect_marks_wc 1580285005570 360 205 touchmove 98 76 1.7481791973114 1.7481791973114 0 let 1
let_aspect_marks_wc 1580285005597 360 205 touchmove 98 77 1.7481791973114 1.7481791973114 0 let 1
let_aspect_marks_wc 1580285005627 360 205 touchmove 98 78 1.7481791973114 1.7481791973114 0 let 1
let_aspect_marks_wc 1580285005651 360 205 touchmove 98 79 1.7481791973114 1.7481791973114 0 let 1
let_aspect_marks_wc 1580285005680 360 205 touchmove 98 80 1.4984393119812 1.4984393119812 0 let 1
let_aspect_marks_wc 1580285005705 360 205 touchmove 96 79 1.4984393119812 1.4984393119812 0 let 1
let_aspect_marks_wc 1580285005733 360 205 touchmove 88 78 1.4984393119812 1.4984393119812 0 let 1
let_aspect_marks_wc 1580285005761 360 205 touchmove 81 79 1.4984393119812 1.4984393119812 0 let 1
let_aspect_marks_wc 1580285005789 360 205 touchmove 78 84 1.4984393119812 1.4984393119812 0 let 1
let_aspect_marks_wc 1580285005814 360 205 touchmove 76 92 1.248699426651 1.248699426651 0 let 1
let_aspect_marks_wc 1580285005843 360 205 touchmove 75 98 1.248699426651 1.248699426651 0 let 1
let_aspect_marks_wc 1580285005871 360 205 touchmove 77 105 1.248699426651 1.248699426651 0 let 1
let_aspect_marks_wc 1580285005897 360 205 touchmove 80 109 1.248699426651 1.248699426651 0 let 1
let_aspect_marks_wc 1580285005925 360 205 touchmove 89 114 1.248699426651 1.248699426651 0 let 1
let_aspect_marks_wc 1580285005952 360 205 touchmove 98 115 1.248699426651 1.248699426651 0 let 1
let_aspect_marks_wc 1580285005979 360 205 touchmove 101 114 1.248699426651 1.248699426651 0 let 1
let_aspect_marks_wc 1580285006007 360 205 touchmove 101 99 1.248699426651 1.248699426651 0 let 1
let_aspect_marks_wc 1580285006038 360 205 touchmove 96 78 1.248699426651 1.248699426651 0 let 1
let_aspect_marks_wc 1580285006061 360 205 touchmove 89 62 1.248699426651 1.248699426651 0 let 1
let_aspect_marks_wc 1580285006090 360 205 touchmove 78 51 1.248699426651 1.248699426651 0 let 1
let_aspect_marks_wc 1580285006119 360 205 touchmove 70 50 1.248699426651 1.248699426651 0 let 1
let_aspect_marks_wc 1580285006143 360 205 touchmove 67 51 1.248699426651 1.248699426651 0 let 1
let_aspect_marks_wc 1580285006196 360 205 touchmove 61 72 1.248699426651 1.248699426651 0 let 1
let_aspect_marks_wc 1580285006221 360 205 touchmove 63 82 1.248699426651 1.248699426651 0 let 1
let_aspect_marks_wc 1580285006251 360 205 touchmove 68 94 1.248699426651 1.248699426651 0 let 1
let_aspect_marks_wc 1580285006277 360 205 touchmove 73 102 1.248699426651 1.248699426651 0 let 1
let_aspect_marks_wc 1580285006303 360 205 touchmove 77 107 1.248699426651 1.248699426651 0 let 1
let_aspect_marks_wc 1580285006331 360 205 touchmove 89 116 1.248699426651 1.248699426651 0 let 1
let_aspect_marks_wc 1580285006358 360 205 touchmove 94 119 1.248699426651 1.248699426651 0 let 1
let_aspect_marks_wc 1580285006385 360 205 touchmove 98 120 1.248699426651 1.248699426651 0 let 1
let_aspect_marks_wc 1580285006413 360 205 touchmove 101 120 1.248699426651 1.248699426651 0 let 1
let_aspect_marks_wc 1580285006441 360 205 touchmove 101 119 1.248699426651 1.248699426651 0 let 1
let_aspect_marks_wc 1580285006468 360 205 touchmove 101 117 1.248699426651 1.248699426651 0 let 1
let_aspect_marks_wc 1580285006494 360 205 touchmove 95 107 1.248699426651 1.248699426651 0 let 1
let_aspect_marks_wc 1580285006524 360 205 touchmove 91 102 1.248699426651 1.248699426651 0 let 1
let_aspect_marks_wc 1580285006551 360 205 touchmove 84 99 1.248699426651 1.248699426651 0 let 1
let_aspect_marks_wc 1580285006577 360 205 touchmove 78 100 1.248699426651 1.248699426651 0 let 1
let_aspect_marks_wc 1580285006607 360 205 touchmove 74 101 1.248699426651 1.248699426651 0 let 1
let_aspect_marks_wc 1580285006632 360 205 touchmove 72 103 1.248699426651 1.248699426651 0 let 1
let_aspect_marks_wc 1580285006684 360 205 touchmove 67 111 1.248699426651 1.248699426651 0 let 1
let_aspect_marks_wc 1580285006709 360 205 touchmove 65 117 1.248699426651 1.248699426651 0 let 1
let_aspect_marks_wc 1580285006737 360 205 touchmove 64 123 1.248699426651 1.248699426651 0 let 1
let_aspect_marks_wc 1580285006764 360 205 touchmove 64 127 1.248699426651 1.248699426651 0 let 1
let_aspect_marks_wc 1580285006791 360 205 touchmove 64 130 1.248699426651 1.248699426651 0 let 1
let_aspect_marks_wc 1580285006818 360 205 touchmove 65 131 1.248699426651 1.248699426651 0 let 1
let_aspect_marks_wc 1580285006846 360 205 touchmove 65 133 1.248699426651 1.248699426651 0 let 1
let_aspect_marks_wc 1580285006873 360 205 touchmove 65 135 1.248699426651 1.248699426651 0 let 1
let_aspect_marks_wc 1580285006900 360 205 touchmove 65 137 1.248699426651 1.248699426651 0 let 1
let_aspect_marks_wc 1580285006929 360 205 touchmove 66 139 1.248699426651 1.248699426651 0 let 1
let_aspect_marks_wc 1580285006957 360 205 touchmove 68 142 1.248699426651 1.248699426651 0 let 1
let_aspect_marks_wc 1580285006982 360 205 touchmove 72 144 1.248699426651 1.248699426651 0 let 1
let_aspect_marks_wc 1580285007009 360 205 touchmove 74 145 1.248699426651 1.248699426651 0 let 1
let_aspect_marks_wc 1580285007040 360 205 touchmove 77 146 1.248699426651 1.248699426651 0 let 1
let_aspect_marks_wc 1580285007063 360 205 touchmove 79 146 1.248699426651 1.248699426651 0 let 1
let_aspect_marks_wc 1580285007091 360 205 touchmove 83 146 1.248699426651 1.248699426651 0 let 1
let_aspect_marks_wc 1580285007120 360 205 touchmove 88 145 1.248699426651 1.248699426651 0 let 1
let_aspect_marks_wc 1580285007148 360 205 touchmove 91 145 1.248699426651 1.248699426651 0 let 1
let_aspect_marks_wc 1580285007175 360 205 touchmove 93 144 1.248699426651 1.248699426651 0 let 1
let_aspect_marks_wc 1580285007203 360 205 touchmove 95 144 1.248699426651 1.248699426651 0 let 1
let_aspect_marks_wc 1580285007230 360 205 touchmove 96 143 1.248699426651 1.248699426651 0 let 1
let_aspect_marks_wc 1580285007257 360 205 touchmove 97 143 1.248699426651 1.248699426651 0 let 1
let_aspect_marks_wc 1580285007267 360 205 touchmove 333 101 0.9989595413208 0.9989595413208 0 let 1
let_aspect_marks_wc 1580285007311 360 205 touchmove 334 99 0.9989595413208 0.9989595413208 0 let 1
let_aspect_marks_wc 1580285007338 360 205 touchmove 97 143 1.248699426651 1.248699426651 0 let 1
let_aspect_marks_wc 1580285007378 360 205 touchmove 335 97 0.9989595413208 0.9989595413208 0 let 1
let_aspect_marks_wc 1580285007418 360 205 touchmove 98 143 1.248699426651 1.248699426651 0 let 1
let_aspect_marks_wc 1580285007491 360 205 touchmove 98 143 1.248699426651 1.248699426651 0 let 1
let_aspect_marks_wc 1580285007507 360 205 touchend 335 97 0.9989595413208 0.9989595413208 0 let 1
let_aspect_marks_wc 1580285008056 360 205 touchend 98 143 1.248699426651 1.248699426651 0 let 1
let_aspect_marks_wc 1580285008320 360 205 touchstart 326 85 0.2497398853302 0.2497398853302 0 let 1
let_aspect_marks_wc 1580285009272 360 205 touchstart 83 34 1.248699426651 1.248699426651 0 let 1
let_aspect_marks_wc 1580285009417 360 205 touchend 326 85 0.2497398853302 0.2497398853302 0 let 1
let_aspect_marks_wc 1580285009985 360 205 touchstart 167 34 1.4984393119812 1.4984393119812 0 let 1
let_aspect_marks_wc 1580285010035 360 205 touchmove 83 34 1.4984393119812 1.4984393119812 0 let 1
let_aspect_marks_wc 1580285010146 360 205 touchend 83 34 1.4984393119812 1.4984393119812 0 let 1
let_aspect_marks_wc 1580285009985 360 205 touchstart 167 34 1.4984393119812 1.4984393119812 0 let 1 1
let_aspect_marks_wc 1580285010035 360 205 touchmove 83 34 1.4984393119812 1.4984393119812 0 let 1 1
let_aspect_marks_wc 1580285010146 360 205 touchend 83 34 1.4984393119812 1.4984393119812 0 let 1 1
let_aspect_marks_wc 1580285010295 360 205 touchmove 167 34 1.248699426651 1.248699426651 0 let 1
let_aspect_marks_wc 1580285010324 360 205 touchend 167 34 1.248699426651 1.248699426651 0 let 1
let_aspect_marks_wc 1580285011475 360 205 touchend 190 185 0.9989595413208 0.9989595413208 0 let 1
let_aspect_marks_wc 1580285012885 360 205 touchstart 39 91 0.7492196559906 0.7492196559906 0 let 1
let_aspect_marks_wc 1580285012951 360 205 touchend 39 91 0.7492196559906 0.7492196559906 0 let 1
let_aspect_marks_wc 1580285011475 360 205 touchend 190 185 0.9989595413208 0.9989595413208 0 let 1 1
let_aspect_marks_wc 1580285012885 360 205 touchstart 39 91 0.7492196559906 0.7492196559906 0 let 1 1
let_aspect_marks_wc 1580285012951 360 205 touchend 39 91 0.7492196559906 0.7492196559906 0 let 1 1
let_aspect_marks_wc 1580285013032 360 205 touchstart 23 83 0.4994797706604 0.4994797706604 0 let 1
let_aspect_marks_wc 1580285013176 360 205 touchend 23 83 0.4994797706604 0.4994797706604 0 let 1
let_aspect_marks_wc 1580285013308 360 205 touchstart 67 91 0.9989595413208 0.9989595413208 0 let 1
let_aspect_marks_wc 1580285013419 360 205 touchend 67 91 0.9989595413208 0.9989595413208 0 let 1
let_aspect_marks_wc 1580285013711 360 205 touchend 333 33 0.4994797706604 0.4994797706604 0 let 1
let_aspect_marks_wc 1580285013987 360 205 touchmove 77 30 1.248699426651 1.248699426651 0 let 1
let_aspect_marks_wc 1580285013989 360 205 touchend 77 30 1.248699426651 1.248699426651 0 let 1
let_aspect_marks_wc 1580285014245 360 205 touchend 153 156 0.9989595413208 0.9989595413208 0 let 1
let_aspect_marks_wc 1580285014505 360 205 touchend 168 37 0.4994797706604 0.4994797706604 0 let 1
let_aspect_marks_wc 1580285014505 360 205 touchend 168 37 0.4994797706604 0.4994797706604 0 let 1 1
let_aspect_marks_wc 1580285014588 360 205 touchstart 62 88 0.9989595413208 0.9989595413208 0 let 1
let_aspect_marks_wc 1580285014683 360 205 touchend 62 88 0.9989595413208 0.9989595413208 0 let 1
let_aspect_marks_wc 1580285015592 360 205 touchstart 288 146 0.4994797706604 0.4994797706604 0 let 1
let_aspect_marks_wc 1580285015705 360 205 touchend 288 146 0.4994797706604 0.4994797706604 0 let 1
let_aspect_marks_wc 1580285017084 360 205 touchstart 171 37 0.4994797706604 0.4994797706604 0 let 1
let_aspect_marks_wc 1580285017097 360 205 touchend 171 37 0.4994797706604 0.4994797706604 0 let 1
let_aspect_marks_wc 1580285019082 360 205 touchstart 73 30 1.4984393119812 1.4984393119812 0 let 1
let_aspect_marks_wc 1580285019160 360 205 touchend 73 30 1.4984393119812 1.4984393119812 0 let 1
let_aspect_marks_wc 1580285019480 360 205 touchend 171 46 0.4994797706604 0.4994797706604 0 let 1
let_aspect_marks_wc 1580285020177 360 205 touchend 212 187 0.7492196559906 0.7492196559906 0 let 1
let_aspect_marks_wc 1580285022355 360 205 touchstart 23 94 0.4994797706604 0.4994797706604 0 let 1
let_aspect_marks_wc 1580285022365 360 205 touchend 23 94 0.4994797706604 0.4994797706604 0 let 1
let_aspect_marks_wc 1580285024231 360 205 touchstart 58 70 0.7492196559906 0.7492196559906 0 let 1
let_aspect_marks_wc 1580285024259 360 205 touchend 58 70 0.7492196559906 0.7492196559906 0 let 1
let_aspect_marks_wc 1580285025170 360 205 touchstart 295 137 0.4994797706604 0.4994797706604 0 let 1
let_aspect_marks_wc 1580285025233 360 205 touchend 295 137 0.4994797706604 0.4994797706604 0 let 1
let_aspect_marks_wc 1580285025771 360 205 touchstart 140 46 0.4994797706604 0.4994797706604 0 let 1
let_aspect_marks_wc 1580285025799 360 205 touchend 140 46 0.4994797706604 0.4994797706604 0 let 1
let_aspect_marks_wc 1580285025771 360 205 touchstart 140 46 0.4994797706604 0.4994797706604 0 let 1 1
let_aspect_marks_wc 1580285025799 360 205 touchend 140 46 0.4994797706604 0.4994797706604 0 let 1 1
let_aspect_marks_wc 1580285025986 360 205 touchstart 198 45 0.2497398853302 0.2497398853302 0 let 1
let_aspect_marks_wc 1580285026010 360 205 touchend 198 45 0.2497398853302 0.2497398853302 0 let 1
let_aspect_marks_wc 1580285037516 360 205 touchstart 329 83 0.4994797706604 0.4994797706604 0 let 1
let_aspect_marks_wc 1580285037839 360 205 touchend 329 83 0.4994797706604 0.4994797706604 0 let 1
let_aspect_marks_wc 1580285038591 360 205 touchstart 72 28 1.4984393119812 1.4984393119812 0 let 1
let_aspect_marks_wc 1580285038682 360 205 touchend 72 28 1.4984393119812 1.4984393119812 0 let 1
let_aspect_marks_wc 1580285039122 360 205 touchstart 172 42 0.4994797706604 0.4994797706604 0 let 1
let_aspect_marks_wc 1580285039184 360 205 touchend 172 42 0.4994797706604 0.4994797706604 0 let 1
