sentence timestamp keyb_width keyb_height event x_pos y_pos x_radius y_radius angle word is_err
i_changed_that_in_one_prior_draft 1582368212467 360 215 touchstart 275 30 2.2476999759674 2.2476999759674 0 i 0
i_changed_that_in_one_prior_draft 1582368212497 360 215 touchmove 275 30 2.4974443912506 2.4974443912506 0 i 0
i_changed_that_in_one_prior_draft 1582368212544 360 215 touchmove 275 30 2.2476999759674 2.2476999759674 0 i 0
i_changed_that_in_one_prior_draft 1582368212560 360 215 touchmove 275 30 2.4974443912506 2.4974443912506 0 i 0
i_changed_that_in_one_prior_draft 1582368212577 360 215 touchmove 275 30 1.9979555606842 1.9979555606842 0 i 0
i_changed_that_in_one_prior_draft 1582368212594 360 215 touchmove 275 30 1.2487221956253 1.2487221956253 0 i 0
i_changed_that_in_one_prior_draft 1582368212610 360 215 touchmove 275 30 0.24974444508553 0.24974444508553 0 i 0
i_changed_that_in_one_prior_draft 1582368212617 360 215 touchmove 275 30 1.2487221956253 1.2487221956253 0 i 0
i_changed_that_in_one_prior_draft 1582368212620 360 215 touchend 275 30 1.2487221956253 1.2487221956253 0 i 0
i_changed_that_in_one_prior_draft 1582368213606 360 215 touchstart 145 146 1.748211145401 1.748211145401 0 changed 0
i_changed_that_in_one_prior_draft 1582368213637 360 215 touchmove 145 146 1.9979555606842 1.9979555606842 0 changed 0
i_changed_that_in_one_prior_draft 1582368213654 360 215 touchmove 145 146 2.2476999759674 2.2476999759674 0 changed 0
i_changed_that_in_one_prior_draft 1582368213686 360 215 touchmove 145 146 2.7471888065338 2.7471888065338 0 changed 0
i_changed_that_in_one_prior_draft 1582368213702 360 215 touchmove 145 146 3.2466778755188 3.2466778755188 0 changed 0
i_changed_that_in_one_prior_draft 1582368213718 360 215 touchmove 145 146 2.9969334602356 2.9969334602356 0 changed 0
i_changed_that_in_one_prior_draft 1582368213737 360 215 touchmove 145 146 3.2466778755188 3.2466778755188 0 changed 0
i_changed_that_in_one_prior_draft 1582368213752 360 215 touchmove 145 146 2.7471888065338 2.7471888065338 0 changed 0
i_changed_that_in_one_prior_draft 1582368213767 360 215 touchmove 145 146 2.4974443912506 2.4974443912506 0 changed 0
i_changed_that_in_one_prior_draft 1582368213783 360 215 touchmove 145 146 1.748211145401 1.748211145401 0 changed 0
i_changed_that_in_one_prior_draft 1582368213800 360 215 touchmove 145 146 1.748211145401 1.748211145401 0 changed 0
i_changed_that_in_one_prior_draft 1582368213817 360 215 touchmove 145 146 1.2487221956253 1.2487221956253 0 changed 0
i_changed_that_in_one_prior_draft 1582368213818 360 215 touchend 145 146 1.2487221956253 1.2487221956253 0 changed 0
i_changed_that_in_one_prior_draft 1582368213606 360 215 touchstart 145 146 1.748211145401 1.748211145401 0 changed 0 0
i_changed_that_in_one_prior_draft 1582368213637 360 215 touchmove 145 146 1.9979555606842 1.9979555606842 0 changed 0 0
i_changed_that_in_one_prior_draft 1582368213654 360 215 touchmove 145 146 2.2476999759674 2.2476999759674 0 changed 0 0
i_changed_that_in_one_prior_draft 1582368213686 360 215 touchmove 145 146 2.7471888065338 2.7471888065338 0 changed 0 0
i_changed_that_in_one_prior_draft 1582368213702 360 215 touchmove 145 146 3.2466778755188 3.2466778755188 0 changed 0 0
i_changed_that_in_one_prior_draft 1582368213718 360 215 touchmove 145 146 2.9969334602356 2.9969334602356 0 changed 0 0
i_changed_that_in_one_prior_draft 1582368213737 360 215 touchmove 145 146 3.2466778755188 3.2466778755188 0 changed 0 0
i_changed_that_in_one_prior_draft 1582368213752 360 215 touchmove 145 146 2.7471888065338 2.7471888065338 0 changed 0 0
i_changed_that_in_one_prior_draft 1582368213767 360 215 touchmove 145 146 2.4974443912506 2.4974443912506 0 changed 0 0
i_changed_that_in_one_prior_draft 1582368213783 360 215 touchmove 145 146 1.748211145401 1.748211145401 0 changed 0 0
i_changed_that_in_one_prior_draft 1582368213800 360 215 touchmove 145 146 1.748211145401 1.748211145401 0 changed 0 0
i_changed_that_in_one_prior_draft 1582368213817 360 215 touchmove 145 146 1.2487221956253 1.2487221956253 0 changed 0 0
i_changed_that_in_one_prior_draft 1582368213818 360 215 touchend 145 146 1.2487221956253 1.2487221956253 0 changed 0 0
i_changed_that_in_one_prior_draft 1582368214014 360 215 touchstart 222 95 1.4984667301178 1.4984667301178 0 that 0
i_changed_that_in_one_prior_draft 1582368214028 360 215 touchmove 222 95 1.9979555606842 1.9979555606842 0 that 0
i_changed_that_in_one_prior_draft 1582368214045 360 215 touchmove 222 95 2.2476999759674 2.2476999759674 0 that 0
i_changed_that_in_one_prior_draft 1582368214061 360 215 touchmove 222 95 2.7471888065338 2.7471888065338 0 that 0
i_changed_that_in_one_prior_draft 1582368214079 360 215 touchmove 222 95 2.9969334602356 2.9969334602356 0 that 0
i_changed_that_in_one_prior_draft 1582368214095 360 215 touchmove 222 95 2.7471888065338 2.7471888065338 0 that 0
i_changed_that_in_one_prior_draft 1582368214112 360 215 touchmove 222 95 2.2476999759674 2.2476999759674 0 that 0
i_changed_that_in_one_prior_draft 1582368214159 360 215 touchmove 222 95 1.2487221956253 1.2487221956253 0 that 0
i_changed_that_in_one_prior_draft 1582368214175 360 215 touchmove 222 95 1.4984667301178 1.4984667301178 0 that 0
i_changed_that_in_one_prior_draft 1582368214183 360 215 touchmove 222 95 0.9989777803421 0.9989777803421 0 that 0
i_changed_that_in_one_prior_draft 1582368214184 360 215 touchend 222 95 0.9989777803421 0.9989777803421 0 that 0
i_changed_that_in_one_prior_draft 1582368214347 360 215 touchstart 30 101 1.2487221956253 1.2487221956253 0 in 1
i_changed_that_in_one_prior_draft 1582368214372 360 215 touchmove 30 101 1.4984667301178 1.4984667301178 0 in 1
i_changed_that_in_one_prior_draft 1582368214444 360 215 touchmove 30 101 0.9989777803421 0.9989777803421 0 in 1
i_changed_that_in_one_prior_draft 1582368214455 360 215 touchmove 30 101 0.24974444508553 0.24974444508553 0 in 1
i_changed_that_in_one_prior_draft 1582368214470 360 215 touchmove 30 101 0.7492333650589 0.7492333650589 0 in 1
i_changed_that_in_one_prior_draft 1582368214477 360 215 touchend 30 101 0.7492333650589 0.7492333650589 0 in 1
i_changed_that_in_one_prior_draft 1582368215351 360 215 touchstart 262 31 0.9989777803421 0.9989777803421 0 in 1
i_changed_that_in_one_prior_draft 1582368215367 360 215 touchmove 262 31 1.2487221956253 1.2487221956253 0 in 1
i_changed_that_in_one_prior_draft 1582368215383 360 215 touchmove 262 31 1.4984667301178 1.4984667301178 0 in 1
i_changed_that_in_one_prior_draft 1582368215399 360 215 touchmove 262 31 1.748211145401 1.748211145401 0 in 1
i_changed_that_in_one_prior_draft 1582368215431 360 215 touchmove 262 31 1.748211145401 1.748211145401 0 in 1
i_changed_that_in_one_prior_draft 1582368215447 360 215 touchmove 262 31 1.4984667301178 1.4984667301178 0 in 1
i_changed_that_in_one_prior_draft 1582368215498 360 215 touchmove 262 31 1.9979555606842 1.9979555606842 0 in 1
i_changed_that_in_one_prior_draft 1582368215504 360 215 touchmove 262 31 1.2487221956253 1.2487221956253 0 in 1
i_changed_that_in_one_prior_draft 1582368215506 360 215 touchend 262 31 1.2487221956253 1.2487221956253 0 in 1
i_changed_that_in_one_prior_draft 1582368216142 360 215 touchstart 260 154 1.748211145401 1.748211145401 0 in 1
i_changed_that_in_one_prior_draft 1582368216165 360 215 touchmove 260 154 1.9979555606842 1.9979555606842 0 in 1
i_changed_that_in_one_prior_draft 1582368216264 360 215 touchmove 260 154 1.4984667301178 1.4984667301178 0 in 1
i_changed_that_in_one_prior_draft 1582368216280 360 215 touchmove 260 154 0.49948889017105 0.49948889017105 0 in 1
i_changed_that_in_one_prior_draft 1582368216296 360 215 touchmove 260 154 0.9989777803421 0.9989777803421 0 in 1
i_changed_that_in_one_prior_draft 1582368216299 360 215 touchend 260 154 0.9989777803421 0.9989777803421 0 in 1
i_changed_that_in_one_prior_draft 1582368217121 360 215 touchstart 277 27 1.748211145401 1.748211145401 0 in 0
i_changed_that_in_one_prior_draft 1582368217144 360 215 touchmove 277 27 2.2476999759674 2.2476999759674 0 in 0
i_changed_that_in_one_prior_draft 1582368217160 360 215 touchmove 277 27 2.4974443912506 2.4974443912506 0 in 0
i_changed_that_in_one_prior_draft 1582368217209 360 215 touchmove 277 27 2.7471888065338 2.7471888065338 0 in 0
i_changed_that_in_one_prior_draft 1582368217293 360 215 touchmove 277 27 2.7471888065338 2.7471888065338 0 in 0
i_changed_that_in_one_prior_draft 1582368217306 360 215 touchmove 277 27 2.9969334602356 2.9969334602356 0 in 0
i_changed_that_in_one_prior_draft 1582368217332 360 215 touchmove 277 27 3.2466778755188 3.2466778755188 0 in 0
i_changed_that_in_one_prior_draft 1582368217349 360 215 touchmove 277 27 2.9969334602356 2.9969334602356 0 in 0
i_changed_that_in_one_prior_draft 1582368217390 360 215 touchmove 277 27 2.7471888065338 2.7471888065338 0 in 0
i_changed_that_in_one_prior_draft 1582368217406 360 215 touchmove 275 28 2.9969334602356 2.9969334602356 0 in 0
i_changed_that_in_one_prior_draft 1582368217422 360 215 touchmove 269 33 2.9969334602356 2.9969334602356 0 in 0
i_changed_that_in_one_prior_draft 1582368217440 360 215 touchmove 255 47 2.9969334602356 2.9969334602356 0 in 0
i_changed_that_in_one_prior_draft 1582368217454 360 215 touchmove 249 55 2.7471888065338 2.7471888065338 0 in 0
i_changed_that_in_one_prior_draft 1582368217471 360 215 touchmove 238 68 3.496422290802 3.496422290802 0 in 0
i_changed_that_in_one_prior_draft 1582368217487 360 215 touchmove 231 77 2.7471888065338 2.7471888065338 0 in 0
i_changed_that_in_one_prior_draft 1582368217504 360 215 touchmove 222 89 3.2466778755188 3.2466778755188 0 in 0
i_changed_that_in_one_prior_draft 1582368217520 360 215 touchmove 217 98 2.9969334602356 2.9969334602356 0 in 0
i_changed_that_in_one_prior_draft 1582368217536 360 215 touchmove 213 105 3.2466778755188 3.2466778755188 0 in 0
i_changed_that_in_one_prior_draft 1582368217552 360 215 touchmove 208 111 3.2466778755188 3.2466778755188 0 in 0
i_changed_that_in_one_prior_draft 1582368217568 360 215 touchmove 205 115 3.2466778755188 3.2466778755188 0 in 0
i_changed_that_in_one_prior_draft 1582368217585 360 215 touchmove 201 120 2.7471888065338 2.7471888065338 0 in 0
i_changed_that_in_one_prior_draft 1582368217602 360 215 touchmove 198 123 2.7471888065338 2.7471888065338 0 in 0
i_changed_that_in_one_prior_draft 1582368217617 360 215 touchmove 196 126 2.9969334602356 2.9969334602356 0 in 0
i_changed_that_in_one_prior_draft 1582368217634 360 215 touchmove 194 127 2.9969334602356 2.9969334602356 0 in 0
i_changed_that_in_one_prior_draft 1582368217651 360 215 touchmove 193 129 3.2466778755188 3.2466778755188 0 in 0
i_changed_that_in_one_prior_draft 1582368217666 360 215 touchmove 190 131 3.2466778755188 3.2466778755188 0 in 0
i_changed_that_in_one_prior_draft 1582368217682 360 215 touchmove 187 134 3.2466778755188 3.2466778755188 0 in 0
i_changed_that_in_one_prior_draft 1582368217699 360 215 touchmove 185 136 3.2466778755188 3.2466778755188 0 in 0
i_changed_that_in_one_prior_draft 1582368217715 360 215 touchmove 183 137 3.496422290802 3.496422290802 0 in 0
i_changed_that_in_one_prior_draft 1582368217732 360 215 touchmove 181 138 3.496422290802 3.496422290802 0 in 0
i_changed_that_in_one_prior_draft 1582368217747 360 215 touchmove 179 139 3.496422290802 3.496422290802 0 in 0
i_changed_that_in_one_prior_draft 1582368217765 360 215 touchmove 176 140 3.9959111213684 3.9959111213684 0 in 0
i_changed_that_in_one_prior_draft 1582368217780 360 215 touchmove 174 141 3.9959111213684 3.9959111213684 0 in 0
i_changed_that_in_one_prior_draft 1582368217797 360 215 touchmove 172 142 3.9959111213684 3.9959111213684 0 in 0
i_changed_that_in_one_prior_draft 1582368217813 360 215 touchmove 170 143 3.9959111213684 3.9959111213684 0 in 0
i_changed_that_in_one_prior_draft 1582368217831 360 215 touchmove 168 143 3.9959111213684 3.9959111213684 0 in 0
i_changed_that_in_one_prior_draft 1582368217845 360 215 touchmove 167 144 3.9959111213684 3.9959111213684 0 in 0
i_changed_that_in_one_prior_draft 1582368217862 360 215 touchmove 165 144 4.2456555366516 4.2456555366516 0 in 0
i_changed_that_in_one_prior_draft 1582368217879 360 215 touchmove 164 144 3.9959111213684 3.9959111213684 0 in 0
i_changed_that_in_one_prior_draft 1582368217894 360 215 touchmove 164 144 4.2456555366516 4.2456555366516 0 in 0
i_changed_that_in_one_prior_draft 1582368217929 360 215 touchmove 164 144 3.9959111213684 3.9959111213684 0 in 0
i_changed_that_in_one_prior_draft 1582368217943 360 215 touchmove 164 144 4.2456555366516 4.2456555366516 0 in 0
i_changed_that_in_one_prior_draft 1582368217960 360 215 touchmove 164 144 4.2456555366516 4.2456555366516 0 in 0
i_changed_that_in_one_prior_draft 1582368217977 360 215 touchmove 164 144 3.9959111213684 3.9959111213684 0 in 0
i_changed_that_in_one_prior_draft 1582368217994 360 215 touchmove 163 144 4.2456555366516 4.2456555366516 0 in 0
i_changed_that_in_one_prior_draft 1582368218009 360 215 touchmove 163 144 3.9959111213684 3.9959111213684 0 in 0
i_changed_that_in_one_prior_draft 1582368218025 360 215 touchmove 163 144 3.7461667060852 3.7461667060852 0 in 0
i_changed_that_in_one_prior_draft 1582368218042 360 215 touchmove 162 144 3.7461667060852 3.7461667060852 0 in 0
i_changed_that_in_one_prior_draft 1582368218058 360 215 touchmove 161 143 3.496422290802 3.496422290802 0 in 0
i_changed_that_in_one_prior_draft 1582368218074 360 215 touchmove 160 143 3.7461667060852 3.7461667060852 0 in 0
i_changed_that_in_one_prior_draft 1582368218091 360 215 touchmove 160 142 3.7461667060852 3.7461667060852 0 in 0
i_changed_that_in_one_prior_draft 1582368218107 360 215 touchmove 159 141 3.496422290802 3.496422290802 0 in 0
i_changed_that_in_one_prior_draft 1582368218123 360 215 touchmove 158 140 3.9959111213684 3.9959111213684 0 in 0
i_changed_that_in_one_prior_draft 1582368218139 360 215 touchmove 157 139 4.2456555366516 4.2456555366516 0 in 0
i_changed_that_in_one_prior_draft 1582368218155 360 215 touchmove 155 138 3.496422290802 3.496422290802 0 in 0
i_changed_that_in_one_prior_draft 1582368218172 360 215 touchmove 152 135 3.7461667060852 3.7461667060852 0 in 0
i_changed_that_in_one_prior_draft 1582368218188 360 215 touchmove 150 133 3.7461667060852 3.7461667060852 0 in 0
i_changed_that_in_one_prior_draft 1582368218205 360 215 touchmove 148 131 3.7461667060852 3.7461667060852 0 in 0
i_changed_that_in_one_prior_draft 1582368218222 360 215 touchmove 147 130 3.496422290802 3.496422290802 0 in 0
i_changed_that_in_one_prior_draft 1582368218238 360 215 touchmove 146 129 3.7461667060852 3.7461667060852 0 in 0
i_changed_that_in_one_prior_draft 1582368218253 360 215 touchmove 145 128 3.496422290802 3.496422290802 0 in 0
i_changed_that_in_one_prior_draft 1582368218270 360 215 touchmove 144 127 3.496422290802 3.496422290802 0 in 0
i_changed_that_in_one_prior_draft 1582368218286 360 215 touchmove 143 126 3.496422290802 3.496422290802 0 in 0
i_changed_that_in_one_prior_draft 1582368218302 360 215 touchmove 143 126 3.496422290802 3.496422290802 0 in 0
i_changed_that_in_one_prior_draft 1582368218319 360 215 touchmove 143 126 3.7461667060852 3.7461667060852 0 in 0
i_changed_that_in_one_prior_draft 1582368218335 360 215 touchmove 143 126 3.496422290802 3.496422290802 0 in 0
i_changed_that_in_one_prior_draft 1582368218351 360 215 touchmove 142 125 3.496422290802 3.496422290802 0 in 0
i_changed_that_in_one_prior_draft 1582368218367 360 215 touchmove 142 125 3.496422290802 3.496422290802 0 in 0
i_changed_that_in_one_prior_draft 1582368218384 360 215 touchmove 141 124 3.496422290802 3.496422290802 0 in 0
i_changed_that_in_one_prior_draft 1582368218401 360 215 touchmove 141 124 3.7461667060852 3.7461667060852 0 in 0
i_changed_that_in_one_prior_draft 1582368218417 360 215 touchmove 141 124 3.496422290802 3.496422290802 0 in 0
i_changed_that_in_one_prior_draft 1582368218516 360 215 touchmove 141 125 3.496422290802 3.496422290802 0 in 0
i_changed_that_in_one_prior_draft 1582368218530 360 215 touchmove 141 125 3.7461667060852 3.7461667060852 0 in 0
i_changed_that_in_one_prior_draft 1582368218547 360 215 touchmove 142 125 3.496422290802 3.496422290802 0 in 0
i_changed_that_in_one_prior_draft 1582368218563 360 215 touchmove 142 126 3.9959111213684 3.9959111213684 0 in 0
i_changed_that_in_one_prior_draft 1582368218579 360 215 touchmove 142 126 3.7461667060852 3.7461667060852 0 in 0
i_changed_that_in_one_prior_draft 1582368218596 360 215 touchmove 143 126 3.7461667060852 3.7461667060852 0 in 0
i_changed_that_in_one_prior_draft 1582368218612 360 215 touchmove 143 126 3.7461667060852 3.7461667060852 0 in 0
i_changed_that_in_one_prior_draft 1582368218628 360 215 touchmove 143 126 3.7461667060852 3.7461667060852 0 in 0
i_changed_that_in_one_prior_draft 1582368218669 360 215 touchmove 143 126 3.496422290802 3.496422290802 0 in 0
i_changed_that_in_one_prior_draft 1582368218680 360 215 touchmove 143 126 3.7461667060852 3.7461667060852 0 in 0
i_changed_that_in_one_prior_draft 1582368218702 360 215 touchmove 143 126 3.9959111213684 3.9959111213684 0 in 0
i_changed_that_in_one_prior_draft 1582368218718 360 215 touchmove 143 126 3.7461667060852 3.7461667060852 0 in 0
i_changed_that_in_one_prior_draft 1582368218728 360 215 touchmove 143 125 3.9959111213684 3.9959111213684 0 in 0
i_changed_that_in_one_prior_draft 1582368218744 360 215 touchmove 143 125 3.7461667060852 3.7461667060852 0 in 0
i_changed_that_in_one_prior_draft 1582368218808 360 215 touchmove 143 124 3.7461667060852 3.7461667060852 0 in 0
i_changed_that_in_one_prior_draft 1582368218824 360 215 touchmove 142 124 3.7461667060852 3.7461667060852 0 in 0
i_changed_that_in_one_prior_draft 1582368218841 360 215 touchmove 142 123 3.7461667060852 3.7461667060852 0 in 0
i_changed_that_in_one_prior_draft 1582368218857 360 215 touchmove 142 123 3.7461667060852 3.7461667060852 0 in 0
i_changed_that_in_one_prior_draft 1582368218906 360 215 touchmove 142 123 3.9959111213684 3.9959111213684 0 in 0
i_changed_that_in_one_prior_draft 1582368218954 360 215 touchmove 143 123 3.9959111213684 3.9959111213684 0 in 0
i_changed_that_in_one_prior_draft 1582368218971 360 215 touchmove 143 123 3.9959111213684 3.9959111213684 0 in 0
i_changed_that_in_one_prior_draft 1582368218987 360 215 touchmove 143 123 3.9959111213684 3.9959111213684 0 in 0
i_changed_that_in_one_prior_draft 1582368219003 360 215 touchmove 143 123 3.9959111213684 3.9959111213684 0 in 0
i_changed_that_in_one_prior_draft 1582368219021 360 215 touchmove 143 123 3.9959111213684 3.9959111213684 0 in 0
i_changed_that_in_one_prior_draft 1582368219036 360 215 touchmove 144 124 3.7461667060852 3.7461667060852 0 in 0
i_changed_that_in_one_prior_draft 1582368219053 360 215 touchmove 144 124 3.7461667060852 3.7461667060852 0 in 0
i_changed_that_in_one_prior_draft 1582368219069 360 215 touchmove 145 125 4.2456555366516 4.2456555366516 0 in 0
i_changed_that_in_one_prior_draft 1582368219085 360 215 touchmove 148 128 3.496422290802 3.496422290802 0 in 0
i_changed_that_in_one_prior_draft 1582368219101 360 215 touchmove 151 131 3.7461667060852 3.7461667060852 0 in 0
i_changed_that_in_one_prior_draft 1582368219118 360 215 touchmove 153 133 3.9959111213684 3.9959111213684 0 in 0
i_changed_that_in_one_prior_draft 1582368219133 360 215 touchmove 157 135 3.7461667060852 3.7461667060852 0 in 0
i_changed_that_in_one_prior_draft 1582368219150 360 215 touchmove 162 137 4.2456555366516 4.2456555366516 0 in 0
i_changed_that_in_one_prior_draft 1582368219166 360 215 touchmove 167 138 3.7461667060852 3.7461667060852 0 in 0
i_changed_that_in_one_prior_draft 1582368219182 360 215 touchmove 173 139 3.2466778755188 3.2466778755188 0 in 0
i_changed_that_in_one_prior_draft 1582368219199 360 215 touchmove 178 140 3.496422290802 3.496422290802 0 in 0
i_changed_that_in_one_prior_draft 1582368219216 360 215 touchmove 183 141 3.9959111213684 3.9959111213684 0 in 0
i_changed_that_in_one_prior_draft 1582368219247 360 215 touchmove 188 142 3.2466778755188 3.2466778755188 0 in 0
i_changed_that_in_one_prior_draft 1582368219264 360 215 touchmove 197 143 3.2466778755188 3.2466778755188 0 in 0
i_changed_that_in_one_prior_draft 1582368219282 360 215 touchmove 202 143 3.496422290802 3.496422290802 0 in 0
i_changed_that_in_one_prior_draft 1582368219297 360 215 touchmove 204 143 3.2466778755188 3.2466778755188 0 in 0
i_changed_that_in_one_prior_draft 1582368219313 360 215 touchmove 210 144 2.7471888065338 2.7471888065338 0 in 0
i_changed_that_in_one_prior_draft 1582368219329 360 215 touchmove 215 146 2.4974443912506 2.4974443912506 0 in 0
i_changed_that_in_one_prior_draft 1582368219345 360 215 touchmove 218 147 2.7471888065338 2.7471888065338 0 in 0
i_changed_that_in_one_prior_draft 1582368219362 360 215 touchmove 221 147 2.9969334602356 2.9969334602356 0 in 0
i_changed_that_in_one_prior_draft 1582368219378 360 215 touchmove 225 148 2.9969334602356 2.9969334602356 0 in 0
i_changed_that_in_one_prior_draft 1582368219395 360 215 touchmove 230 149 2.7471888065338 2.7471888065338 0 in 0
i_changed_that_in_one_prior_draft 1582368219411 360 215 touchmove 233 150 2.7471888065338 2.7471888065338 0 in 0
i_changed_that_in_one_prior_draft 1582368219428 360 215 touchmove 236 150 2.9969334602356 2.9969334602356 0 in 0
i_changed_that_in_one_prior_draft 1582368219443 360 215 touchmove 237 150 2.7471888065338 2.7471888065338 0 in 0
i_changed_that_in_one_prior_draft 1582368219460 360 215 touchmove 238 150 2.9969334602356 2.9969334602356 0 in 0
i_changed_that_in_one_prior_draft 1582368219476 360 215 touchmove 239 150 2.9969334602356 2.9969334602356 0 in 0
i_changed_that_in_one_prior_draft 1582368219492 360 215 touchmove 240 150 2.7471888065338 2.7471888065338 0 in 0
i_changed_that_in_one_prior_draft 1582368219509 360 215 touchmove 240 150 2.9969334602356 2.9969334602356 0 in 0
i_changed_that_in_one_prior_draft 1582368219525 360 215 touchmove 240 150 2.7471888065338 2.7471888065338 0 in 0
i_changed_that_in_one_prior_draft 1582368219541 360 215 touchmove 240 150 2.9969334602356 2.9969334602356 0 in 0
i_changed_that_in_one_prior_draft 1582368219558 360 215 touchmove 240 150 2.9969334602356 2.9969334602356 0 in 0
i_changed_that_in_one_prior_draft 1582368219574 360 215 touchmove 240 151 2.9969334602356 2.9969334602356 0 in 0
i_changed_that_in_one_prior_draft 1582368219624 360 215 touchmove 240 151 2.9969334602356 2.9969334602356 0 in 0
i_changed_that_in_one_prior_draft 1582368219639 360 215 touchmove 240 152 2.9969334602356 2.9969334602356 0 in 0
i_changed_that_in_one_prior_draft 1582368219656 360 215 touchmove 240 152 2.9969334602356 2.9969334602356 0 in 0
i_changed_that_in_one_prior_draft 1582368219672 360 215 touchmove 240 153 2.9969334602356 2.9969334602356 0 in 0
i_changed_that_in_one_prior_draft 1582368219689 360 215 touchmove 240 153 2.9969334602356 2.9969334602356 0 in 0
i_changed_that_in_one_prior_draft 1582368219705 360 215 touchmove 240 154 2.9969334602356 2.9969334602356 0 in 0
i_changed_that_in_one_prior_draft 1582368219803 360 215 touchmove 240 154 2.4974443912506 2.4974443912506 0 in 0
i_changed_that_in_one_prior_draft 1582368219818 360 215 touchmove 241 154 0.49948889017105 0.49948889017105 0 in 0
i_changed_that_in_one_prior_draft 1582368219835 360 215 touchmove 242 154 0.24974444508553 0.24974444508553 0 in 0
i_changed_that_in_one_prior_draft 1582368219838 360 215 touchend 242 154 0.24974444508553 0.24974444508553 0 in 0
i_changed_that_in_one_prior_draft 1582368221503 360 215 touchstart 314 18 1.748211145401 1.748211145401 0 one 1
i_changed_that_in_one_prior_draft 1582368221517 360 215 touchmove 314 18 2.4974443912506 2.4974443912506 0 one 1
i_changed_that_in_one_prior_draft 1582368221531 360 215 touchmove 314 18 2.7471888065338 2.7471888065338 0 one 1
i_changed_that_in_one_prior_draft 1582368221613 360 215 touchmove 314 18 2.4974443912506 2.4974443912506 0 one 1
i_changed_that_in_one_prior_draft 1582368221629 360 215 touchmove 314 18 1.9979555606842 1.9979555606842 0 one 1
i_changed_that_in_one_prior_draft 1582368221648 360 215 touchmove 314 18 0.49948889017105 0.49948889017105 0 one 1
i_changed_that_in_one_prior_draft 1582368221662 360 215 touchmove 314 18 0.49948889017105 0.49948889017105 0 one 1
i_changed_that_in_one_prior_draft 1582368221663 360 215 touchend 314 18 0.49948889017105 0.49948889017105 0 one 1
i_changed_that_in_one_prior_draft 1582368221503 360 215 touchstart 314 18 1.748211145401 1.748211145401 0 one 1 1
i_changed_that_in_one_prior_draft 1582368221517 360 215 touchmove 314 18 2.4974443912506 2.4974443912506 0 one 1 1
i_changed_that_in_one_prior_draft 1582368221531 360 215 touchmove 314 18 2.7471888065338 2.7471888065338 0 one 1 1
i_changed_that_in_one_prior_draft 1582368221613 360 215 touchmove 314 18 2.4974443912506 2.4974443912506 0 one 1 1
i_changed_that_in_one_prior_draft 1582368221629 360 215 touchmove 314 18 1.9979555606842 1.9979555606842 0 one 1 1
i_changed_that_in_one_prior_draft 1582368221648 360 215 touchmove 314 18 0.49948889017105 0.49948889017105 0 one 1 1
i_changed_that_in_one_prior_draft 1582368221662 360 215 touchmove 314 18 0.49948889017105 0.49948889017105 0 one 1 1
i_changed_that_in_one_prior_draft 1582368221663 360 215 touchend 314 18 0.49948889017105 0.49948889017105 0 one 1 1
i_changed_that_in_one_prior_draft 1582368221862 360 215 touchstart 269 137 1.4984667301178 1.4984667301178 0 one 1
i_changed_that_in_one_prior_draft 1582368221874 360 215 touchmove 269 137 1.9979555606842 1.9979555606842 0 one 1
i_changed_that_in_one_prior_draft 1582368221955 360 215 touchmove 269 137 1.9979555606842 1.9979555606842 0 one 1
i_changed_that_in_one_prior_draft 1582368221971 360 215 touchmove 269 137 2.2476999759674 2.2476999759674 0 one 1
i_changed_that_in_one_prior_draft 1582368221988 360 215 touchmove 269 137 1.748211145401 1.748211145401 0 one 1
i_changed_that_in_one_prior_draft 1582368222005 360 215 touchmove 269 137 0.9989777803421 0.9989777803421 0 one 1
i_changed_that_in_one_prior_draft 1582368222021 360 215 touchmove 269 137 0.7492333650589 0.7492333650589 0 one 1
i_changed_that_in_one_prior_draft 1582368222029 360 215 touchend 269 137 0.7492333650589 0.7492333650589 0 one 1
i_changed_that_in_one_prior_draft 1582368222167 360 215 touchmove 92 25 1.4984667301178 1.4984667301178 0 one 1
i_changed_that_in_one_prior_draft 1582368222183 360 215 touchmove 92 25 0.9989777803421 0.9989777803421 0 one 1
i_changed_that_in_one_prior_draft 1582368222201 360 215 touchmove 92 25 1.4984667301178 1.4984667301178 0 one 1
i_changed_that_in_one_prior_draft 1582368222203 360 215 touchend 92 25 1.4984667301178 1.4984667301178 0 one 1
i_changed_that_in_one_prior_draft 1582368222936 360 215 touchstart 310 26 1.4984667301178 1.4984667301178 0 one 0
i_changed_that_in_one_prior_draft 1582368222942 360 215 touchmove 310 26 1.748211145401 1.748211145401 0 one 0
i_changed_that_in_one_prior_draft 1582368222952 360 215 touchmove 310 26 1.9979555606842 1.9979555606842 0 one 0
i_changed_that_in_one_prior_draft 1582368222967 360 215 touchmove 310 26 2.4974443912506 2.4974443912506 0 one 0
i_changed_that_in_one_prior_draft 1582368222983 360 215 touchmove 310 26 2.7471888065338 2.7471888065338 0 one 0
i_changed_that_in_one_prior_draft 1582368222999 360 215 touchmove 310 26 2.7471888065338 2.7471888065338 0 one 0
i_changed_that_in_one_prior_draft 1582368223015 360 215 touchmove 310 26 2.9969334602356 2.9969334602356 0 one 0
i_changed_that_in_one_prior_draft 1582368223041 360 215 touchmove 310 26 2.7471888065338 2.7471888065338 0 one 0
i_changed_that_in_one_prior_draft 1582368223056 360 215 touchmove 310 26 2.4974443912506 2.4974443912506 0 one 0
i_changed_that_in_one_prior_draft 1582368223068 360 215 touchmove 310 26 2.7471888065338 2.7471888065338 0 one 0
i_changed_that_in_one_prior_draft 1582368223082 360 215 touchmove 309 26 2.7471888065338 2.7471888065338 0 one 0
i_changed_that_in_one_prior_draft 1582368223098 360 215 touchmove 304 29 2.7471888065338 2.7471888065338 0 one 0
i_changed_that_in_one_prior_draft 1582368223114 360 215 touchmove 296 36 2.9969334602356 2.9969334602356 0 one 0
i_changed_that_in_one_prior_draft 1582368223129 360 215 touchmove 286 46 2.7471888065338 2.7471888065338 0 one 0
i_changed_that_in_one_prior_draft 1582368223147 360 215 touchmove 279 56 2.7471888065338 2.7471888065338 0 one 0
i_changed_that_in_one_prior_draft 1582368223162 360 215 touchmove 268 73 2.7471888065338 2.7471888065338 0 one 0
i_changed_that_in_one_prior_draft 1582368223178 360 215 touchmove 259 89 2.9969334602356 2.9969334602356 0 one 0
i_changed_that_in_one_prior_draft 1582368223195 360 215 touchmove 256 98 2.4974443912506 2.4974443912506 0 one 0
i_changed_that_in_one_prior_draft 1582368223212 360 215 touchmove 252 110 2.7471888065338 2.7471888065338 0 one 0
i_changed_that_in_one_prior_draft 1582368223228 360 215 touchmove 249 120 2.4974443912506 2.4974443912506 0 one 0
i_changed_that_in_one_prior_draft 1582368223244 360 215 touchmove 248 127 3.2466778755188 3.2466778755188 0 one 0
i_changed_that_in_one_prior_draft 1582368223261 360 215 touchmove 246 134 2.7471888065338 2.7471888065338 0 one 0
i_changed_that_in_one_prior_draft 1582368223277 360 215 touchmove 245 140 2.7471888065338 2.7471888065338 0 one 0
i_changed_that_in_one_prior_draft 1582368223293 360 215 touchmove 245 145 2.7471888065338 2.7471888065338 0 one 0
i_changed_that_in_one_prior_draft 1582368223309 360 215 touchmove 245 148 2.4974443912506 2.4974443912506 0 one 0
i_changed_that_in_one_prior_draft 1582368223325 360 215 touchmove 245 150 2.4974443912506 2.4974443912506 0 one 0
i_changed_that_in_one_prior_draft 1582368223342 360 215 touchmove 245 151 2.4974443912506 2.4974443912506 0 one 0
i_changed_that_in_one_prior_draft 1582368223358 360 215 touchmove 245 152 2.4974443912506 2.4974443912506 0 one 0
i_changed_that_in_one_prior_draft 1582368223376 360 215 touchmove 245 152 2.7471888065338 2.7471888065338 0 one 0
i_changed_that_in_one_prior_draft 1582368223424 360 215 touchmove 244 151 2.7471888065338 2.7471888065338 0 one 0
i_changed_that_in_one_prior_draft 1582368223440 360 215 touchmove 243 150 2.7471888065338 2.7471888065338 0 one 0
i_changed_that_in_one_prior_draft 1582368223456 360 215 touchmove 242 148 3.2466778755188 3.2466778755188 0 one 0
i_changed_that_in_one_prior_draft 1582368223473 360 215 touchmove 239 145 2.4974443912506 2.4974443912506 0 one 0
i_changed_that_in_one_prior_draft 1582368223489 360 215 touchmove 233 141 2.7471888065338 2.7471888065338 0 one 0
i_changed_that_in_one_prior_draft 1582368223506 360 215 touchmove 228 136 2.7471888065338 2.7471888065338 0 one 0
i_changed_that_in_one_prior_draft 1582368223521 360 215 touchmove 224 133 2.7471888065338 2.7471888065338 0 one 0
i_changed_that_in_one_prior_draft 1582368223538 360 215 touchmove 220 129 2.9969334602356 2.9969334602356 0 one 0
i_changed_that_in_one_prior_draft 1582368223554 360 215 touchmove 217 126 2.9969334602356 2.9969334602356 0 one 0
i_changed_that_in_one_prior_draft 1582368223571 360 215 touchmove 214 124 2.9969334602356 2.9969334602356 0 one 0
i_changed_that_in_one_prior_draft 1582368223587 360 215 touchmove 209 121 3.2466778755188 3.2466778755188 0 one 0
i_changed_that_in_one_prior_draft 1582368223603 360 215 touchmove 204 117 3.2466778755188 3.2466778755188 0 one 0
i_changed_that_in_one_prior_draft 1582368223620 360 215 touchmove 198 113 2.7471888065338 2.7471888065338 0 one 0
i_changed_that_in_one_prior_draft 1582368223635 360 215 touchmove 192 110 2.7471888065338 2.7471888065338 0 one 0
i_changed_that_in_one_prior_draft 1582368223652 360 215 touchmove 185 106 3.2466778755188 3.2466778755188 0 one 0
i_changed_that_in_one_prior_draft 1582368223668 360 215 touchmove 178 102 2.9969334602356 2.9969334602356 0 one 0
i_changed_that_in_one_prior_draft 1582368223684 360 215 touchmove 167 96 3.2466778755188 3.2466778755188 0 one 0
i_changed_that_in_one_prior_draft 1582368223701 360 215 touchmove 161 93 2.2476999759674 2.2476999759674 0 one 0
i_changed_that_in_one_prior_draft 1582368223717 360 215 touchmove 150 87 2.9969334602356 2.9969334602356 0 one 0
i_changed_that_in_one_prior_draft 1582368223733 360 215 touchmove 144 83 3.2466778755188 3.2466778755188 0 one 0
i_changed_that_in_one_prior_draft 1582368223750 360 215 touchmove 138 79 3.2466778755188 3.2466778755188 0 one 0
i_changed_that_in_one_prior_draft 1582368223766 360 215 touchmove 130 74 3.2466778755188 3.2466778755188 0 one 0
i_changed_that_in_one_prior_draft 1582368223782 360 215 touchmove 126 71 2.9969334602356 2.9969334602356 0 one 0
i_changed_that_in_one_prior_draft 1582368223798 360 215 touchmove 120 67 2.7471888065338 2.7471888065338 0 one 0
i_changed_that_in_one_prior_draft 1582368223814 360 215 touchmove 116 63 2.9969334602356 2.9969334602356 0 one 0
i_changed_that_in_one_prior_draft 1582368223831 360 215 touchmove 113 60 2.9969334602356 2.9969334602356 0 one 0
i_changed_that_in_one_prior_draft 1582368223848 360 215 touchmove 110 57 2.9969334602356 2.9969334602356 0 one 0
i_changed_that_in_one_prior_draft 1582368223863 360 215 touchmove 107 54 2.9969334602356 2.9969334602356 0 one 0
i_changed_that_in_one_prior_draft 1582368223880 360 215 touchmove 104 51 3.2466778755188 3.2466778755188 0 one 0
i_changed_that_in_one_prior_draft 1582368223896 360 215 touchmove 101 49 3.2466778755188 3.2466778755188 0 one 0
i_changed_that_in_one_prior_draft 1582368223914 360 215 touchmove 98 46 2.9969334602356 2.9969334602356 0 one 0
i_changed_that_in_one_prior_draft 1582368223929 360 215 touchmove 96 43 2.9969334602356 2.9969334602356 0 one 0
i_changed_that_in_one_prior_draft 1582368223946 360 215 touchmove 91 38 2.9969334602356 2.9969334602356 0 one 0
i_changed_that_in_one_prior_draft 1582368223961 360 215 touchmove 90 37 3.2466778755188 3.2466778755188 0 one 0
i_changed_that_in_one_prior_draft 1582368223978 360 215 touchmove 88 35 3.2466778755188 3.2466778755188 0 one 0
i_changed_that_in_one_prior_draft 1582368223995 360 215 touchmove 85 32 3.2466778755188 3.2466778755188 0 one 0
i_changed_that_in_one_prior_draft 1582368224011 360 215 touchmove 84 31 3.496422290802 3.496422290802 0 one 0
i_changed_that_in_one_prior_draft 1582368224027 360 215 touchmove 83 30 3.2466778755188 3.2466778755188 0 one 0
i_changed_that_in_one_prior_draft 1582368224076 360 215 touchmove 83 30 3.496422290802 3.496422290802 0 one 0
i_changed_that_in_one_prior_draft 1582368224094 360 215 touchmove 83 30 3.2466778755188 3.2466778755188 0 one 0
i_changed_that_in_one_prior_draft 1582368224108 360 215 touchmove 84 31 2.4974443912506 2.4974443912506 0 one 0
i_changed_that_in_one_prior_draft 1582368224125 360 215 touchmove 85 32 2.4974443912506 2.4974443912506 0 one 0
i_changed_that_in_one_prior_draft 1582368224142 360 215 touchmove 86 33 0.9989777803421 0.9989777803421 0 one 0
i_changed_that_in_one_prior_draft 1582368224158 360 215 touchmove 87 36 1.4984667301178 1.4984667301178 0 one 0
i_changed_that_in_one_prior_draft 1582368224159 360 215 touchend 87 36 1.4984667301178 1.4984667301178 0 one 0
i_changed_that_in_one_prior_draft 1582368225154 360 215 touchstart 341 31 0.7492333650589 0.7492333650589 0 prior 0
i_changed_that_in_one_prior_draft 1582368225169 360 215 touchmove 341 31 0.9989777803421 0.9989777803421 0 prior 0
i_changed_that_in_one_prior_draft 1582368225186 360 215 touchmove 341 31 1.4984667301178 1.4984667301178 0 prior 0
i_changed_that_in_one_prior_draft 1582368225210 360 215 touchmove 341 31 1.9979555606842 1.9979555606842 0 prior 0
i_changed_that_in_one_prior_draft 1582368225300 360 215 touchmove 341 31 2.2476999759674 2.2476999759674 0 prior 0
i_changed_that_in_one_prior_draft 1582368225315 360 215 touchmove 339 31 2.2476999759674 2.2476999759674 0 prior 0
i_changed_that_in_one_prior_draft 1582368225334 360 215 touchmove 334 30 2.4974443912506 2.4974443912506 0 prior 0
i_changed_that_in_one_prior_draft 1582368225348 360 215 touchmove 327 30 2.7471888065338 2.7471888065338 0 prior 0
i_changed_that_in_one_prior_draft 1582368225364 360 215 touchmove 321 30 2.7471888065338 2.7471888065338 0 prior 0
i_changed_that_in_one_prior_draft 1582368225381 360 215 touchmove 316 31 2.7471888065338 2.7471888065338 0 prior 0
i_changed_that_in_one_prior_draft 1582368225397 360 215 touchmove 312 32 2.4974443912506 2.4974443912506 0 prior 0
i_changed_that_in_one_prior_draft 1582368225414 360 215 touchmove 305 32 2.7471888065338 2.7471888065338 0 prior 0
i_changed_that_in_one_prior_draft 1582368225429 360 215 touchmove 303 32 2.7471888065338 2.7471888065338 0 prior 0
i_changed_that_in_one_prior_draft 1582368225446 360 215 touchmove 300 32 2.7471888065338 2.7471888065338 0 prior 0
i_changed_that_in_one_prior_draft 1582368225462 360 215 touchmove 297 32 2.4974443912506 2.4974443912506 0 prior 0
i_changed_that_in_one_prior_draft 1582368225478 360 215 touchmove 292 32 2.7471888065338 2.7471888065338 0 prior 0
i_changed_that_in_one_prior_draft 1582368225495 360 215 touchmove 286 32 2.7471888065338 2.7471888065338 0 prior 0
i_changed_that_in_one_prior_draft 1582368225511 360 215 touchmove 280 31 2.9969334602356 2.9969334602356 0 prior 0
i_changed_that_in_one_prior_draft 1582368225527 360 215 touchmove 272 31 2.9969334602356 2.9969334602356 0 prior 0
i_changed_that_in_one_prior_draft 1582368225544 360 215 touchmove 266 30 3.2466778755188 3.2466778755188 0 prior 0
i_changed_that_in_one_prior_draft 1582368225560 360 215 touchmove 259 29 2.9969334602356 2.9969334602356 0 prior 0
i_changed_that_in_one_prior_draft 1582368225578 360 215 touchmove 252 27 2.9969334602356 2.9969334602356 0 prior 0
i_changed_that_in_one_prior_draft 1582368225594 360 215 touchmove 244 26 2.9969334602356 2.9969334602356 0 prior 0
i_changed_that_in_one_prior_draft 1582368225609 360 215 touchmove 237 25 3.2466778755188 3.2466778755188 0 prior 0
i_changed_that_in_one_prior_draft 1582368225625 360 215 touchmove 229 24 2.9969334602356 2.9969334602356 0 prior 0
i_changed_that_in_one_prior_draft 1582368225642 360 215 touchmove 223 23 2.4974443912506 2.4974443912506 0 prior 0
i_changed_that_in_one_prior_draft 1582368225659 360 215 touchmove 216 22 3.2466778755188 3.2466778755188 0 prior 0
i_changed_that_in_one_prior_draft 1582368225674 360 215 touchmove 209 22 2.9969334602356 2.9969334602356 0 prior 0
i_changed_that_in_one_prior_draft 1582368225691 360 215 touchmove 202 22 3.2466778755188 3.2466778755188 0 prior 0
i_changed_that_in_one_prior_draft 1582368225707 360 215 touchmove 193 23 2.9969334602356 2.9969334602356 0 prior 0
i_changed_that_in_one_prior_draft 1582368225724 360 215 touchmove 185 24 3.2466778755188 3.2466778755188 0 prior 0
i_changed_that_in_one_prior_draft 1582368225740 360 215 touchmove 176 25 2.9969334602356 2.9969334602356 0 prior 0
i_changed_that_in_one_prior_draft 1582368225756 360 215 touchmove 168 27 3.2466778755188 3.2466778755188 0 prior 0
i_changed_that_in_one_prior_draft 1582368225772 360 215 touchmove 161 28 3.2466778755188 3.2466778755188 0 prior 0
i_changed_that_in_one_prior_draft 1582368225789 360 215 touchmove 155 30 2.9969334602356 2.9969334602356 0 prior 0
i_changed_that_in_one_prior_draft 1582368225805 360 215 touchmove 149 31 2.9969334602356 2.9969334602356 0 prior 0
i_changed_that_in_one_prior_draft 1582368225822 360 215 touchmove 144 33 2.9969334602356 2.9969334602356 0 prior 0
i_changed_that_in_one_prior_draft 1582368225838 360 215 touchmove 140 35 2.7471888065338 2.7471888065338 0 prior 0
i_changed_that_in_one_prior_draft 1582368225854 360 215 touchmove 137 36 2.9969334602356 2.9969334602356 0 prior 0
i_changed_that_in_one_prior_draft 1582368225870 360 215 touchmove 133 37 3.2466778755188 3.2466778755188 0 prior 0
i_changed_that_in_one_prior_draft 1582368225886 360 215 touchmove 131 39 3.496422290802 3.496422290802 0 prior 0
i_changed_that_in_one_prior_draft 1582368225903 360 215 touchmove 129 40 3.496422290802 3.496422290802 0 prior 0
i_changed_that_in_one_prior_draft 1582368225919 360 215 touchmove 127 41 3.496422290802 3.496422290802 0 prior 0
i_changed_that_in_one_prior_draft 1582368225935 360 215 touchmove 127 42 3.496422290802 3.496422290802 0 prior 0
i_changed_that_in_one_prior_draft 1582368225984 360 215 touchmove 127 42 3.496422290802 3.496422290802 0 prior 0
i_changed_that_in_one_prior_draft 1582368226002 360 215 touchmove 127 42 3.7461667060852 3.7461667060852 0 prior 0
i_changed_that_in_one_prior_draft 1582368226017 360 215 touchmove 128 42 3.9959111213684 3.9959111213684 0 prior 0
i_changed_that_in_one_prior_draft 1582368226033 360 215 touchmove 129 42 4.2456555366516 4.2456555366516 0 prior 0
i_changed_that_in_one_prior_draft 1582368226051 360 215 touchmove 129 42 4.2456555366516 4.2456555366516 0 prior 0
i_changed_that_in_one_prior_draft 1582368226066 360 215 touchmove 130 42 3.9959111213684 3.9959111213684 0 prior 0
i_changed_that_in_one_prior_draft 1582368226082 360 215 touchmove 130 42 3.9959111213684 3.9959111213684 0 prior 0
i_changed_that_in_one_prior_draft 1582368226099 360 215 touchmove 131 42 3.496422290802 3.496422290802 0 prior 0
i_changed_that_in_one_prior_draft 1582368226115 360 215 touchmove 132 42 3.496422290802 3.496422290802 0 prior 0
i_changed_that_in_one_prior_draft 1582368226131 360 215 touchmove 133 42 3.496422290802 3.496422290802 0 prior 0
i_changed_that_in_one_prior_draft 1582368226147 360 215 touchmove 134 42 3.496422290802 3.496422290802 0 prior 0
i_changed_that_in_one_prior_draft 1582368226164 360 215 touchmove 136 42 3.496422290802 3.496422290802 0 prior 0
i_changed_that_in_one_prior_draft 1582368226180 360 215 touchmove 138 42 3.496422290802 3.496422290802 0 prior 0
i_changed_that_in_one_prior_draft 1582368226197 360 215 touchmove 143 41 3.2466778755188 3.2466778755188 0 prior 0
i_changed_that_in_one_prior_draft 1582368226213 360 215 touchmove 154 40 2.9969334602356 2.9969334602356 0 prior 0
i_changed_that_in_one_prior_draft 1582368226229 360 215 touchmove 164 38 2.9969334602356 2.9969334602356 0 prior 0
i_changed_that_in_one_prior_draft 1582368226245 360 215 touchmove 175 37 2.7471888065338 2.7471888065338 0 prior 0
i_changed_that_in_one_prior_draft 1582368226262 360 215 touchmove 186 36 2.9969334602356 2.9969334602356 0 prior 0
i_changed_that_in_one_prior_draft 1582368226278 360 215 touchmove 194 35 2.7471888065338 2.7471888065338 0 prior 0
i_changed_that_in_one_prior_draft 1582368226295 360 215 touchmove 205 35 2.7471888065338 2.7471888065338 0 prior 0
i_changed_that_in_one_prior_draft 1582368226311 360 215 touchmove 214 34 2.7471888065338 2.7471888065338 0 prior 0
i_changed_that_in_one_prior_draft 1582368226327 360 215 touchmove 226 34 2.7471888065338 2.7471888065338 0 prior 0
i_changed_that_in_one_prior_draft 1582368226343 360 215 touchmove 232 34 2.4974443912506 2.4974443912506 0 prior 0
i_changed_that_in_one_prior_draft 1582368226359 360 215 touchmove 239 34 2.4974443912506 2.4974443912506 0 prior 0
i_changed_that_in_one_prior_draft 1582368226376 360 215 touchmove 247 34 2.7471888065338 2.7471888065338 0 prior 0
i_changed_that_in_one_prior_draft 1582368226393 360 215 touchmove 254 34 2.7471888065338 2.7471888065338 0 prior 0
i_changed_that_in_one_prior_draft 1582368226409 360 215 touchmove 260 33 2.4974443912506 2.4974443912506 0 prior 0
i_changed_that_in_one_prior_draft 1582368226425 360 215 touchmove 267 33 2.7471888065338 2.7471888065338 0 prior 0
i_changed_that_in_one_prior_draft 1582368226441 360 215 touchmove 273 32 2.4974443912506 2.4974443912506 0 prior 0
i_changed_that_in_one_prior_draft 1582368226460 360 215 touchmove 278 31 2.7471888065338 2.7471888065338 0 prior 0
i_changed_that_in_one_prior_draft 1582368226474 360 215 touchmove 283 31 2.7471888065338 2.7471888065338 0 prior 0
i_changed_that_in_one_prior_draft 1582368226490 360 215 touchmove 286 31 2.7471888065338 2.7471888065338 0 prior 0
i_changed_that_in_one_prior_draft 1582368226506 360 215 touchmove 288 31 2.4974443912506 2.4974443912506 0 prior 0
i_changed_that_in_one_prior_draft 1582368226522 360 215 touchmove 289 31 2.7471888065338 2.7471888065338 0 prior 0
i_changed_that_in_one_prior_draft 1582368226539 360 215 touchmove 290 31 2.7471888065338 2.7471888065338 0 prior 0
i_changed_that_in_one_prior_draft 1582368226555 360 215 touchmove 290 31 2.7471888065338 2.7471888065338 0 prior 0
i_changed_that_in_one_prior_draft 1582368226621 360 215 touchmove 290 31 2.7471888065338 2.7471888065338 0 prior 0
i_changed_that_in_one_prior_draft 1582368226639 360 215 touchmove 289 31 2.7471888065338 2.7471888065338 0 prior 0
i_changed_that_in_one_prior_draft 1582368226671 360 215 touchmove 289 31 2.4974443912506 2.4974443912506 0 prior 0
i_changed_that_in_one_prior_draft 1582368226688 360 215 touchmove 289 32 2.7471888065338 2.7471888065338 0 prior 0
i_changed_that_in_one_prior_draft 1582368226702 360 215 touchmove 290 32 2.4974443912506 2.4974443912506 0 prior 0
i_changed_that_in_one_prior_draft 1582368226719 360 215 touchmove 294 34 2.9969334602356 2.9969334602356 0 prior 0
i_changed_that_in_one_prior_draft 1582368226735 360 215 touchmove 297 34 2.7471888065338 2.7471888065338 0 prior 0
i_changed_that_in_one_prior_draft 1582368226751 360 215 touchmove 300 34 2.7471888065338 2.7471888065338 0 prior 0
i_changed_that_in_one_prior_draft 1582368226767 360 215 touchmove 301 34 2.7471888065338 2.7471888065338 0 prior 0
i_changed_that_in_one_prior_draft 1582368226783 360 215 touchmove 302 34 2.7471888065338 2.7471888065338 0 prior 0
i_changed_that_in_one_prior_draft 1582368226800 360 215 touchmove 302 34 2.7471888065338 2.7471888065338 0 prior 0
i_changed_that_in_one_prior_draft 1582368226817 360 215 touchmove 303 34 2.7471888065338 2.7471888065338 0 prior 0
i_changed_that_in_one_prior_draft 1582368226832 360 215 touchmove 303 34 2.7471888065338 2.7471888065338 0 prior 0
i_changed_that_in_one_prior_draft 1582368226849 360 215 touchmove 303 34 2.4974443912506 2.4974443912506 0 prior 0
i_changed_that_in_one_prior_draft 1582368226865 360 215 touchmove 304 34 2.9969334602356 2.9969334602356 0 prior 0
i_changed_that_in_one_prior_draft 1582368226881 360 215 touchmove 304 34 2.7471888065338 2.7471888065338 0 prior 0
i_changed_that_in_one_prior_draft 1582368226898 360 215 touchmove 305 34 2.7471888065338 2.7471888065338 0 prior 0
i_changed_that_in_one_prior_draft 1582368226931 360 215 touchmove 304 34 2.7471888065338 2.7471888065338 0 prior 0
i_changed_that_in_one_prior_draft 1582368226947 360 215 touchmove 304 34 2.9969334602356 2.9969334602356 0 prior 0
i_changed_that_in_one_prior_draft 1582368226963 360 215 touchmove 303 34 2.9969334602356 2.9969334602356 0 prior 0
i_changed_that_in_one_prior_draft 1582368226979 360 215 touchmove 302 34 2.7471888065338 2.7471888065338 0 prior 0
i_changed_that_in_one_prior_draft 1582368226996 360 215 touchmove 300 34 2.7471888065338 2.7471888065338 0 prior 0
i_changed_that_in_one_prior_draft 1582368227012 360 215 touchmove 298 34 2.7471888065338 2.7471888065338 0 prior 0
i_changed_that_in_one_prior_draft 1582368227029 360 215 touchmove 294 34 2.7471888065338 2.7471888065338 0 prior 0
i_changed_that_in_one_prior_draft 1582368227045 360 215 touchmove 286 35 2.7471888065338 2.7471888065338 0 prior 0
i_changed_that_in_one_prior_draft 1582368227061 360 215 touchmove 278 35 2.7471888065338 2.7471888065338 0 prior 0
i_changed_that_in_one_prior_draft 1582368227077 360 215 touchmove 269 35 2.7471888065338 2.7471888065338 0 prior 0
i_changed_that_in_one_prior_draft 1582368227094 360 215 touchmove 261 35 2.7471888065338 2.7471888065338 0 prior 0
i_changed_that_in_one_prior_draft 1582368227110 360 215 touchmove 250 35 2.7471888065338 2.7471888065338 0 prior 0
i_changed_that_in_one_prior_draft 1582368227126 360 215 touchmove 242 36 2.4974443912506 2.4974443912506 0 prior 0
i_changed_that_in_one_prior_draft 1582368227143 360 215 touchmove 230 36 2.7471888065338 2.7471888065338 0 prior 0
i_changed_that_in_one_prior_draft 1582368227160 360 215 touchmove 221 36 2.7471888065338 2.7471888065338 0 prior 0
i_changed_that_in_one_prior_draft 1582368227175 360 215 touchmove 209 37 2.7471888065338 2.7471888065338 0 prior 0
i_changed_that_in_one_prior_draft 1582368227192 360 215 touchmove 198 37 2.7471888065338 2.7471888065338 0 prior 0
i_changed_that_in_one_prior_draft 1582368227208 360 215 touchmove 191 38 2.7471888065338 2.7471888065338 0 prior 0
i_changed_that_in_one_prior_draft 1582368227224 360 215 touchmove 182 38 2.7471888065338 2.7471888065338 0 prior 0
i_changed_that_in_one_prior_draft 1582368227241 360 215 touchmove 169 38 3.2466778755188 3.2466778755188 0 prior 0
i_changed_that_in_one_prior_draft 1582368227257 360 215 touchmove 163 39 2.9969334602356 2.9969334602356 0 prior 0
i_changed_that_in_one_prior_draft 1582368227273 360 215 touchmove 153 40 3.2466778755188 3.2466778755188 0 prior 0
i_changed_that_in_one_prior_draft 1582368227290 360 215 touchmove 143 42 2.7471888065338 2.7471888065338 0 prior 0
i_changed_that_in_one_prior_draft 1582368227306 360 215 touchmove 139 43 3.496422290802 3.496422290802 0 prior 0
i_changed_that_in_one_prior_draft 1582368227322 360 215 touchmove 132 43 3.2466778755188 3.2466778755188 0 prior 0
i_changed_that_in_one_prior_draft 1582368227338 360 215 touchmove 127 43 3.2466778755188 3.2466778755188 0 prior 0
i_changed_that_in_one_prior_draft 1582368227355 360 215 touchmove 125 43 3.2466778755188 3.2466778755188 0 prior 0
i_changed_that_in_one_prior_draft 1582368227371 360 215 touchmove 123 43 3.2466778755188 3.2466778755188 0 prior 0
i_changed_that_in_one_prior_draft 1582368227420 360 215 touchmove 123 43 3.496422290802 3.496422290802 0 prior 0
i_changed_that_in_one_prior_draft 1582368227445 360 215 touchmove 124 43 3.496422290802 3.496422290802 0 prior 0
i_changed_that_in_one_prior_draft 1582368227454 360 215 touchmove 124 43 3.496422290802 3.496422290802 0 prior 0
i_changed_that_in_one_prior_draft 1582368227469 360 215 touchmove 125 43 3.496422290802 3.496422290802 0 prior 0
i_changed_that_in_one_prior_draft 1582368227485 360 215 touchmove 126 43 2.4974443912506 2.4974443912506 0 prior 0
i_changed_that_in_one_prior_draft 1582368227502 360 215 touchmove 128 42 2.9969334602356 2.9969334602356 0 prior 0
i_changed_that_in_one_prior_draft 1582368227509 360 215 touchmove 128 41 0.7492333650589 0.7492333650589 0 prior 0
i_changed_that_in_one_prior_draft 1582368227510 360 215 touchend 128 41 0.7492333650589 0.7492333650589 0 prior 0
i_changed_that_in_one_prior_draft 1582368228932 360 215 touchstart 122 103 1.4984667301178 1.4984667301178 0 draft 0
i_changed_that_in_one_prior_draft 1582368228937 360 215 touchmove 122 103 1.9979555606842 1.9979555606842 0 draft 0
i_changed_that_in_one_prior_draft 1582368228953 360 215 touchmove 122 103 2.4974443912506 2.4974443912506 0 draft 0
i_changed_that_in_one_prior_draft 1582368228970 360 215 touchmove 122 103 2.7471888065338 2.7471888065338 0 draft 0
i_changed_that_in_one_prior_draft 1582368229084 360 215 touchmove 122 103 2.4974443912506 2.4974443912506 0 draft 0
i_changed_that_in_one_prior_draft 1582368229102 360 215 touchmove 122 103 2.7471888065338 2.7471888065338 0 draft 0
i_changed_that_in_one_prior_draft 1582368229116 360 215 touchmove 122 103 2.4974443912506 2.4974443912506 0 draft 0
i_changed_that_in_one_prior_draft 1582368229133 360 215 touchmove 122 102 2.2476999759674 2.2476999759674 0 draft 0
i_changed_that_in_one_prior_draft 1582368229149 360 215 touchmove 121 100 2.4974443912506 2.4974443912506 0 draft 0
i_changed_that_in_one_prior_draft 1582368229165 360 215 touchmove 119 96 2.7471888065338 2.7471888065338 0 draft 0
i_changed_that_in_one_prior_draft 1582368229182 360 215 touchmove 118 92 2.7471888065338 2.7471888065338 0 draft 0
i_changed_that_in_one_prior_draft 1582368229199 360 215 touchmove 117 90 2.7471888065338 2.7471888065338 0 draft 0
i_changed_that_in_one_prior_draft 1582368229215 360 215 touchmove 117 88 2.9969334602356 2.9969334602356 0 draft 0
i_changed_that_in_one_prior_draft 1582368229231 360 215 touchmove 117 84 2.4974443912506 2.4974443912506 0 draft 0
i_changed_that_in_one_prior_draft 1582368229247 360 215 touchmove 117 82 2.4974443912506 2.4974443912506 0 draft 0
i_changed_that_in_one_prior_draft 1582368229263 360 215 touchmove 117 78 2.7471888065338 2.7471888065338 0 draft 0
i_changed_that_in_one_prior_draft 1582368229279 360 215 touchmove 117 74 2.7471888065338 2.7471888065338 0 draft 0
i_changed_that_in_one_prior_draft 1582368229296 360 215 touchmove 116 68 2.7471888065338 2.7471888065338 0 draft 0
i_changed_that_in_one_prior_draft 1582368229313 360 215 touchmove 116 61 2.7471888065338 2.7471888065338 0 draft 0
i_changed_that_in_one_prior_draft 1582368229329 360 215 touchmove 115 55 2.7471888065338 2.7471888065338 0 draft 0
i_changed_that_in_one_prior_draft 1582368229345 360 215 touchmove 115 50 2.7471888065338 2.7471888065338 0 draft 0
i_changed_that_in_one_prior_draft 1582368229361 360 215 touchmove 114 44 2.9969334602356 2.9969334602356 0 draft 0
i_changed_that_in_one_prior_draft 1582368229378 360 215 touchmove 114 43 2.9969334602356 2.9969334602356 0 draft 0
i_changed_that_in_one_prior_draft 1582368229393 360 215 touchmove 113 41 3.2466778755188 3.2466778755188 0 draft 0
i_changed_that_in_one_prior_draft 1582368229410 360 215 touchmove 113 39 3.2466778755188 3.2466778755188 0 draft 0
i_changed_that_in_one_prior_draft 1582368229426 360 215 touchmove 113 37 2.9969334602356 2.9969334602356 0 draft 0
i_changed_that_in_one_prior_draft 1582368229442 360 215 touchmove 113 35 3.2466778755188 3.2466778755188 0 draft 0
i_changed_that_in_one_prior_draft 1582368229459 360 215 touchmove 113 35 3.2466778755188 3.2466778755188 0 draft 0
i_changed_that_in_one_prior_draft 1582368229475 360 215 touchmove 113 35 2.9969334602356 2.9969334602356 0 draft 0
i_changed_that_in_one_prior_draft 1582368229492 360 215 touchmove 113 35 3.2466778755188 3.2466778755188 0 draft 0
i_changed_that_in_one_prior_draft 1582368229508 360 215 touchmove 114 35 2.9969334602356 2.9969334602356 0 draft 0
i_changed_that_in_one_prior_draft 1582368229524 360 215 touchmove 115 35 2.9969334602356 2.9969334602356 0 draft 0
i_changed_that_in_one_prior_draft 1582368229573 360 215 touchmove 115 35 2.9969334602356 2.9969334602356 0 draft 0
i_changed_that_in_one_prior_draft 1582368229589 360 215 touchmove 116 35 2.9969334602356 2.9969334602356 0 draft 0
i_changed_that_in_one_prior_draft 1582368229606 360 215 touchmove 117 35 2.9969334602356 2.9969334602356 0 draft 0
i_changed_that_in_one_prior_draft 1582368229624 360 215 touchmove 118 36 3.2466778755188 3.2466778755188 0 draft 0
i_changed_that_in_one_prior_draft 1582368229638 360 215 touchmove 118 36 3.2466778755188 3.2466778755188 0 draft 0
i_changed_that_in_one_prior_draft 1582368229655 360 215 touchmove 119 37 3.496422290802 3.496422290802 0 draft 0
i_changed_that_in_one_prior_draft 1582368229671 360 215 touchmove 121 39 3.7461667060852 3.7461667060852 0 draft 0
i_changed_that_in_one_prior_draft 1582368229688 360 215 touchmove 122 40 4.2456555366516 4.2456555366516 0 draft 0
i_changed_that_in_one_prior_draft 1582368229704 360 215 touchmove 123 41 4.2456555366516 4.2456555366516 0 draft 0
i_changed_that_in_one_prior_draft 1582368229721 360 215 touchmove 124 42 3.9959111213684 3.9959111213684 0 draft 0
i_changed_that_in_one_prior_draft 1582368229737 360 215 touchmove 124 43 3.9959111213684 3.9959111213684 0 draft 0
i_changed_that_in_one_prior_draft 1582368229753 360 215 touchmove 125 44 3.9959111213684 3.9959111213684 0 draft 0
i_changed_that_in_one_prior_draft 1582368229769 360 215 touchmove 126 45 3.9959111213684 3.9959111213684 0 draft 0
i_changed_that_in_one_prior_draft 1582368229785 360 215 touchmove 126 46 3.9959111213684 3.9959111213684 0 draft 0
i_changed_that_in_one_prior_draft 1582368229801 360 215 touchmove 127 47 3.9959111213684 3.9959111213684 0 draft 0
i_changed_that_in_one_prior_draft 1582368229818 360 215 touchmove 127 48 3.9959111213684 3.9959111213684 0 draft 0
i_changed_that_in_one_prior_draft 1582368229835 360 215 touchmove 128 48 3.9959111213684 3.9959111213684 0 draft 0
i_changed_that_in_one_prior_draft 1582368229858 360 215 touchmove 128 48 3.7461667060852 3.7461667060852 0 draft 0
i_changed_that_in_one_prior_draft 1582368229867 360 215 touchmove 128 48 3.9959111213684 3.9959111213684 0 draft 0
i_changed_that_in_one_prior_draft 1582368229883 360 215 touchmove 128 48 3.7461667060852 3.7461667060852 0 draft 0
i_changed_that_in_one_prior_draft 1582368229899 360 215 touchmove 128 49 3.7461667060852 3.7461667060852 0 draft 0
i_changed_that_in_one_prior_draft 1582368229932 360 215 touchmove 128 49 3.7461667060852 3.7461667060852 0 draft 0
i_changed_that_in_one_prior_draft 1582368229949 360 215 touchmove 128 49 3.7461667060852 3.7461667060852 0 draft 0
i_changed_that_in_one_prior_draft 1582368229997 360 215 touchmove 128 49 3.7461667060852 3.7461667060852 0 draft 0
i_changed_that_in_one_prior_draft 1582368230014 360 215 touchmove 128 50 3.7461667060852 3.7461667060852 0 draft 0
i_changed_that_in_one_prior_draft 1582368230030 360 215 touchmove 128 50 3.496422290802 3.496422290802 0 draft 0
i_changed_that_in_one_prior_draft 1582368230046 360 215 touchmove 128 50 3.7461667060852 3.7461667060852 0 draft 0
i_changed_that_in_one_prior_draft 1582368230062 360 215 touchmove 128 50 3.496422290802 3.496422290802 0 draft 0
i_changed_that_in_one_prior_draft 1582368230079 360 215 touchmove 128 50 3.496422290802 3.496422290802 0 draft 0
i_changed_that_in_one_prior_draft 1582368230096 360 215 touchmove 128 50 3.496422290802 3.496422290802 0 draft 0
i_changed_that_in_one_prior_draft 1582368230111 360 215 touchmove 128 50 3.496422290802 3.496422290802 0 draft 0
i_changed_that_in_one_prior_draft 1582368230128 360 215 touchmove 128 51 3.496422290802 3.496422290802 0 draft 0
i_changed_that_in_one_prior_draft 1582368230144 360 215 touchmove 128 51 3.2466778755188 3.2466778755188 0 draft 0
i_changed_that_in_one_prior_draft 1582368230160 360 215 touchmove 128 52 3.2466778755188 3.2466778755188 0 draft 0
i_changed_that_in_one_prior_draft 1582368230177 360 215 touchmove 128 53 2.9969334602356 2.9969334602356 0 draft 0
i_changed_that_in_one_prior_draft 1582368230193 360 215 touchmove 128 55 2.9969334602356 2.9969334602356 0 draft 0
i_changed_that_in_one_prior_draft 1582368230209 360 215 touchmove 128 59 3.2466778755188 3.2466778755188 0 draft 0
i_changed_that_in_one_prior_draft 1582368230226 360 215 touchmove 128 63 3.2466778755188 3.2466778755188 0 draft 0
i_changed_that_in_one_prior_draft 1582368230242 360 215 touchmove 128 67 3.496422290802 3.496422290802 0 draft 0
i_changed_that_in_one_prior_draft 1582368230259 360 215 touchmove 128 71 3.2466778755188 3.2466778755188 0 draft 0
i_changed_that_in_one_prior_draft 1582368230276 360 215 touchmove 127 78 2.4974443912506 2.4974443912506 0 draft 0
i_changed_that_in_one_prior_draft 1582368230291 360 215 touchmove 127 80 2.4974443912506 2.4974443912506 0 draft 0
i_changed_that_in_one_prior_draft 1582368230308 360 215 touchmove 127 83 2.7471888065338 2.7471888065338 0 draft 0
i_changed_that_in_one_prior_draft 1582368230325 360 215 touchmove 127 86 2.9969334602356 2.9969334602356 0 draft 0
i_changed_that_in_one_prior_draft 1582368230340 360 215 touchmove 127 88 3.2466778755188 3.2466778755188 0 draft 0
i_changed_that_in_one_prior_draft 1582368230357 360 215 touchmove 127 90 3.2466778755188 3.2466778755188 0 draft 0
i_changed_that_in_one_prior_draft 1582368230373 360 215 touchmove 128 91 3.2466778755188 3.2466778755188 0 draft 0
i_changed_that_in_one_prior_draft 1582368230389 360 215 touchmove 128 92 3.2466778755188 3.2466778755188 0 draft 0
i_changed_that_in_one_prior_draft 1582368230405 360 215 touchmove 128 92 3.2466778755188 3.2466778755188 0 draft 0
i_changed_that_in_one_prior_draft 1582368230422 360 215 touchmove 128 92 3.2466778755188 3.2466778755188 0 draft 0
i_changed_that_in_one_prior_draft 1582368230438 360 215 touchmove 129 92 3.2466778755188 3.2466778755188 0 draft 0
i_changed_that_in_one_prior_draft 1582368230455 360 215 touchmove 130 92 3.2466778755188 3.2466778755188 0 draft 0
i_changed_that_in_one_prior_draft 1582368230470 360 215 touchmove 130 92 2.7471888065338 2.7471888065338 0 draft 0
i_changed_that_in_one_prior_draft 1582368230487 360 215 touchmove 131 90 2.7471888065338 2.7471888065338 0 draft 0
i_changed_that_in_one_prior_draft 1582368230503 360 215 touchmove 135 85 2.7471888065338 2.7471888065338 0 draft 0
i_changed_that_in_one_prior_draft 1582368230520 360 215 touchmove 141 78 3.2466778755188 3.2466778755188 0 draft 0
i_changed_that_in_one_prior_draft 1582368230536 360 215 touchmove 145 72 2.9969334602356 2.9969334602356 0 draft 0
i_changed_that_in_one_prior_draft 1582368230552 360 215 touchmove 148 67 2.9969334602356 2.9969334602356 0 draft 0
i_changed_that_in_one_prior_draft 1582368230569 360 215 touchmove 150 62 3.2466778755188 3.2466778755188 0 draft 0
i_changed_that_in_one_prior_draft 1582368230585 360 215 touchmove 151 58 3.7461667060852 3.7461667060852 0 draft 0
i_changed_that_in_one_prior_draft 1582368230601 360 215 touchmove 151 54 3.496422290802 3.496422290802 0 draft 0
i_changed_that_in_one_prior_draft 1582368230617 360 215 touchmove 151 50 3.496422290802 3.496422290802 0 draft 0
i_changed_that_in_one_prior_draft 1582368230633 360 215 touchmove 152 47 3.2466778755188 3.2466778755188 0 draft 0
i_changed_that_in_one_prior_draft 1582368230650 360 215 touchmove 152 45 2.9969334602356 2.9969334602356 0 draft 0
i_changed_that_in_one_prior_draft 1582368230666 360 215 touchmove 152 43 2.9969334602356 2.9969334602356 0 draft 0
i_changed_that_in_one_prior_draft 1582368230682 360 215 touchmove 152 40 3.2466778755188 3.2466778755188 0 draft 0
i_changed_that_in_one_prior_draft 1582368230699 360 215 touchmove 152 39 3.2466778755188 3.2466778755188 0 draft 0
i_changed_that_in_one_prior_draft 1582368230716 360 215 touchmove 152 38 2.9969334602356 2.9969334602356 0 draft 0
i_changed_that_in_one_prior_draft 1582368230780 360 215 touchmove 151 38 2.7471888065338 2.7471888065338 0 draft 0
i_changed_that_in_one_prior_draft 1582368230797 360 215 touchmove 150 38 1.9979555606842 1.9979555606842 0 draft 0
i_changed_that_in_one_prior_draft 1582368230813 360 215 touchmove 146 38 1.9979555606842 1.9979555606842 0 draft 0
i_changed_that_in_one_prior_draft 1582368230820 360 215 touchend 146 38 1.9979555606842 1.9979555606842 0 draft 0
