sentence timestamp keyb_width keyb_height event x_pos y_pos x_radius y_radius angle word is_err
earrings_map_sgs_jacket 1583304871119 360 228 touchstart 94 30 1.25 1.25 0 earrings 0
earrings_map_sgs_jacket 1583304871180 360 228 touchmove 94 30 1.25 1.25 0 earrings 0
earrings_map_sgs_jacket 1583304871200 360 228 touchmove 94 30 1.25 1.25 0 earrings 0
earrings_map_sgs_jacket 1583304871301 360 228 touchmove 94 30 1.25 1.25 0 earrings 0
earrings_map_sgs_jacket 1583304871462 360 228 touchmove 93 30 1.5 1.5 0 earrings 0
earrings_map_sgs_jacket 1583304871489 360 228 touchmove 91 30 1.25 1.25 0 earrings 0
earrings_map_sgs_jacket 1583304871514 360 228 touchmove 91 30 1.25 1.25 0 earrings 0
earrings_map_sgs_jacket 1583304871692 360 228 touchmove 91 30 1.25 1.25 0 earrings 0
earrings_map_sgs_jacket 1583304871713 360 228 touchmove 91 30 1.25 1.25 0 earrings 0
earrings_map_sgs_jacket 1583304871739 360 228 touchmove 91 30 1.25 1.25 0 earrings 0
earrings_map_sgs_jacket 1583304871772 360 228 touchmove 91 30 1.25 1.25 0 earrings 0
earrings_map_sgs_jacket 1583304871802 360 228 touchmove 91 30 1.25 1.25 0 earrings 0
earrings_map_sgs_jacket 1583304871828 360 228 touchmove 91 30 1.25 1.25 0 earrings 0
earrings_map_sgs_jacket 1583304871882 360 228 touchmove 91 30 1.25 1.25 0 earrings 0
earrings_map_sgs_jacket 1583304871902 360 228 touchmove 91 30 1.25 1.25 0 earrings 0
earrings_map_sgs_jacket 1583304871932 360 228 touchmove 91 30 1.25 1.25 0 earrings 0
earrings_map_sgs_jacket 1583304871953 360 228 touchmove 91 30 1.5 1.5 0 earrings 0
earrings_map_sgs_jacket 1583304871964 360 228 touchmove 91 30 1.25 1.25 0 earrings 0
earrings_map_sgs_jacket 1583304871979 360 228 touchmove 91 30 1.25 1.25 0 earrings 0
earrings_map_sgs_jacket 1583304872011 360 228 touchmove 91 30 1.25 1.25 0 earrings 0
earrings_map_sgs_jacket 1583304872028 360 228 touchmove 91 30 1.25 1.25 0 earrings 0
earrings_map_sgs_jacket 1583304872094 360 228 touchmove 91 30 1.25 1.25 0 earrings 0
earrings_map_sgs_jacket 1583304872144 360 228 touchmove 91 30 1.25 1.25 0 earrings 0
earrings_map_sgs_jacket 1583304872165 360 228 touchmove 91 30 1.25 1.25 0 earrings 0
earrings_map_sgs_jacket 1583304872265 360 228 touchmove 90 30 1.25 1.25 0 earrings 0
earrings_map_sgs_jacket 1583304872290 360 228 touchmove 88 32 1.25 1.25 0 earrings 0
earrings_map_sgs_jacket 1583304872314 360 228 touchmove 83 39 1.25 1.25 0 earrings 0
earrings_map_sgs_jacket 1583304872327 360 228 touchmove 80 43 1.25 1.25 0 earrings 0
earrings_map_sgs_jacket 1583304872342 360 228 touchmove 79 45 1.25 1.25 0 earrings 0
earrings_map_sgs_jacket 1583304872362 360 228 touchmove 72 52 1.25 1.25 0 earrings 0
earrings_map_sgs_jacket 1583304872379 360 228 touchmove 68 57 1.25 1.25 0 earrings 0
earrings_map_sgs_jacket 1583304872395 360 228 touchmove 63 62 1.25 1.25 0 earrings 0
earrings_map_sgs_jacket 1583304872410 360 228 touchmove 61 64 1.25 1.25 0 earrings 0
earrings_map_sgs_jacket 1583304872429 360 228 touchmove 54 73 1.25 1.25 0 earrings 0
earrings_map_sgs_jacket 1583304872444 360 228 touchmove 49 77 1.5 1.5 0 earrings 0
earrings_map_sgs_jacket 1583304872461 360 228 touchmove 48 79 1.25 1.25 0 earrings 0
earrings_map_sgs_jacket 1583304872477 360 228 touchmove 43 83 1.25 1.25 0 earrings 0
earrings_map_sgs_jacket 1583304872494 360 228 touchmove 40 87 1.25 1.25 0 earrings 0
earrings_map_sgs_jacket 1583304872510 360 228 touchmove 37 91 1.25 1.25 0 earrings 0
earrings_map_sgs_jacket 1583304872528 360 228 touchmove 34 94 1.25 1.25 0 earrings 0
earrings_map_sgs_jacket 1583304872544 360 228 touchmove 32 96 1.25 1.25 0 earrings 0
earrings_map_sgs_jacket 1583304872560 360 228 touchmove 32 97 1.25 1.25 0 earrings 0
earrings_map_sgs_jacket 1583304872581 360 228 touchmove 29 99 1.25 1.25 0 earrings 0
earrings_map_sgs_jacket 1583304872598 360 228 touchmove 28 100 1.25 1.25 0 earrings 0
earrings_map_sgs_jacket 1583304872612 360 228 touchmove 27 101 1.25 1.25 0 earrings 0
earrings_map_sgs_jacket 1583304872627 360 228 touchmove 27 101 1.25 1.25 0 earrings 0
earrings_map_sgs_jacket 1583304872644 360 228 touchmove 26 102 1.25 1.25 0 earrings 0
earrings_map_sgs_jacket 1583304872663 360 228 touchmove 26 102 1.25 1.25 0 earrings 0
earrings_map_sgs_jacket 1583304872953 360 228 touchmove 26 102 1.5 1.5 0 earrings 0
earrings_map_sgs_jacket 1583304872963 360 228 touchmove 26 102 1.25 1.25 0 earrings 0
earrings_map_sgs_jacket 1583304873448 360 228 touchmove 26 102 1.5 1.5 0 earrings 0
earrings_map_sgs_jacket 1583304873465 360 228 touchmove 26 102 1.25 1.25 0 earrings 0
earrings_map_sgs_jacket 1583304873795 360 228 touchmove 26 102 1.25 1.25 0 earrings 0
earrings_map_sgs_jacket 1583304873863 360 228 touchmove 26 102 1.25 1.25 0 earrings 0
earrings_map_sgs_jacket 1583304873891 360 228 touchmove 26 102 1.25 1.25 0 earrings 0
earrings_map_sgs_jacket 1583304873916 360 228 touchmove 26 102 1.25 1.25 0 earrings 0
earrings_map_sgs_jacket 1583304873936 360 228 touchmove 26 102 3 3 0 earrings 0
earrings_map_sgs_jacket 1583304873950 360 228 touchmove 27 101 1.5 1.5 0 earrings 0
earrings_map_sgs_jacket 1583304873960 360 228 touchmove 29 99 1.25 1.25 0 earrings 0
earrings_map_sgs_jacket 1583304873978 360 228 touchmove 31 97 1.25 1.25 0 earrings 0
earrings_map_sgs_jacket 1583304873993 360 228 touchmove 33 94 1.25 1.25 0 earrings 0
earrings_map_sgs_jacket 1583304874013 360 228 touchmove 36 90 1.25 1.25 0 earrings 0
earrings_map_sgs_jacket 1583304874027 360 228 touchmove 37 89 1.25 1.25 0 earrings 0
earrings_map_sgs_jacket 1583304874045 360 228 touchmove 43 83 1.25 1.25 0 earrings 0
earrings_map_sgs_jacket 1583304874062 360 228 touchmove 47 79 1.25 1.25 0 earrings 0
earrings_map_sgs_jacket 1583304874079 360 228 touchmove 51 74 1.25 1.25 0 earrings 0
earrings_map_sgs_jacket 1583304874094 360 228 touchmove 54 73 1.25 1.25 0 earrings 0
earrings_map_sgs_jacket 1583304874111 360 228 touchmove 61 66 3 3 0 earrings 0
earrings_map_sgs_jacket 1583304874128 360 228 touchmove 65 62 1.25 1.25 0 earrings 0
earrings_map_sgs_jacket 1583304874145 360 228 touchmove 71 57 1.25 1.25 0 earrings 0
earrings_map_sgs_jacket 1583304874161 360 228 touchmove 76 54 1.25 1.25 0 earrings 0
earrings_map_sgs_jacket 1583304874178 360 228 touchmove 81 49 1.25 1.25 0 earrings 0
earrings_map_sgs_jacket 1583304874196 360 228 touchmove 86 46 1.25 1.25 0 earrings 0
earrings_map_sgs_jacket 1583304874216 360 228 touchmove 90 43 1.25 1.25 0 earrings 0
earrings_map_sgs_jacket 1583304874229 360 228 touchmove 94 40 1.25 1.25 0 earrings 0
earrings_map_sgs_jacket 1583304874244 360 228 touchmove 98 38 1.25 1.25 0 earrings 0
earrings_map_sgs_jacket 1583304874262 360 228 touchmove 100 38 1.25 1.25 0 earrings 0
earrings_map_sgs_jacket 1583304874278 360 228 touchmove 105 34 1.25 1.25 0 earrings 0
earrings_map_sgs_jacket 1583304874295 360 228 touchmove 108 32 1.25 1.25 0 earrings 0
earrings_map_sgs_jacket 1583304874312 360 228 touchmove 110 30 1.25 1.25 0 earrings 0
earrings_map_sgs_jacket 1583304874329 360 228 touchmove 111 30 1.25 1.25 0 earrings 0
earrings_map_sgs_jacket 1583304874346 360 228 touchmove 113 29 1.25 1.25 0 earrings 0
earrings_map_sgs_jacket 1583304874362 360 228 touchmove 115 28 1.25 1.25 0 earrings 0
earrings_map_sgs_jacket 1583304874377 360 228 touchmove 117 28 1.25 1.25 0 earrings 0
earrings_map_sgs_jacket 1583304874394 360 228 touchmove 118 27 1.25 1.25 0 earrings 0
earrings_map_sgs_jacket 1583304874413 360 228 touchmove 120 27 1.25 1.25 0 earrings 0
earrings_map_sgs_jacket 1583304874430 360 228 touchmove 120 27 1.25 1.25 0 earrings 0
earrings_map_sgs_jacket 1583304874446 360 228 touchmove 121 26 1.25 1.25 0 earrings 0
earrings_map_sgs_jacket 1583304874462 360 228 touchmove 123 25 1.25 1.25 0 earrings 0
earrings_map_sgs_jacket 1583304874495 360 228 touchmove 124 25 1.25 1.25 0 earrings 0
earrings_map_sgs_jacket 1583304874511 360 228 touchmove 125 25 1.25 1.25 0 earrings 0
earrings_map_sgs_jacket 1583304874527 360 228 touchmove 125 25 1.25 1.25 0 earrings 0
earrings_map_sgs_jacket 1583304874544 360 228 touchmove 126 24 1.25 1.25 0 earrings 0
earrings_map_sgs_jacket 1583304874562 360 228 touchmove 126 24 1.25 1.25 0 earrings 0
earrings_map_sgs_jacket 1583304874577 360 228 touchmove 127 24 1.25 1.25 0 earrings 0
earrings_map_sgs_jacket 1583304874596 360 228 touchmove 127 24 1.25 1.25 0 earrings 0
earrings_map_sgs_jacket 1583304874610 360 228 touchmove 128 24 1.25 1.25 0 earrings 0
earrings_map_sgs_jacket 1583304874628 360 228 touchmove 128 24 1.25 1.25 0 earrings 0
earrings_map_sgs_jacket 1583304874644 360 228 touchmove 129 24 1.25 1.25 0 earrings 0
earrings_map_sgs_jacket 1583304874662 360 228 touchmove 130 24 1.25 1.25 0 earrings 0
earrings_map_sgs_jacket 1583304874794 360 228 touchmove 130 24 1.25 1.25 0 earrings 0
earrings_map_sgs_jacket 1583304874811 360 228 touchmove 130 24 1.25 1.25 0 earrings 0
earrings_map_sgs_jacket 1583304874858 360 228 touchmove 130 24 1.25 1.25 0 earrings 0
earrings_map_sgs_jacket 1583304874911 360 228 touchmove 130 24 1.25 1.25 0 earrings 0
earrings_map_sgs_jacket 1583304874945 360 228 touchmove 130 24 1.25 1.25 0 earrings 0
earrings_map_sgs_jacket 1583304874974 360 228 touchmove 130 24 1.25 1.25 0 earrings 0
earrings_map_sgs_jacket 1583304875027 360 228 touchmove 130 24 1.25 1.25 0 earrings 0
earrings_map_sgs_jacket 1583304875042 360 228 touchmove 130 24 1.25 1.25 0 earrings 0
earrings_map_sgs_jacket 1583304875059 360 228 touchmove 130 24 1.25 1.25 0 earrings 0
earrings_map_sgs_jacket 1583304875126 360 228 touchmove 130 25 1.25 1.25 0 earrings 0
earrings_map_sgs_jacket 1583304875144 360 228 touchmove 130 26 1.25 1.25 0 earrings 0
earrings_map_sgs_jacket 1583304875161 360 228 touchmove 130 26 1.25 1.25 0 earrings 0
earrings_map_sgs_jacket 1583304875178 360 228 touchmove 130 27 1.25 1.25 0 earrings 0
earrings_map_sgs_jacket 1583304875194 360 228 touchmove 130 28 1.25 1.25 0 earrings 0
earrings_map_sgs_jacket 1583304875210 360 228 touchmove 130 28 1.25 1.25 0 earrings 0
earrings_map_sgs_jacket 1583304875230 360 228 touchmove 129 30 1.25 1.25 0 earrings 0
earrings_map_sgs_jacket 1583304875245 360 228 touchmove 129 31 1.25 1.25 0 earrings 0
earrings_map_sgs_jacket 1583304875259 360 228 touchmove 129 33 3 3 0 earrings 0
earrings_map_sgs_jacket 1583304875279 360 228 touchmove 128 35 3 3 0 earrings 0
earrings_map_sgs_jacket 1583304875294 360 228 touchmove 127 37 3 3 0 earrings 0
earrings_map_sgs_jacket 1583304875312 360 228 touchmove 127 38 3 3 0 earrings 0
earrings_map_sgs_jacket 1583304875329 360 228 touchmove 126 40 3 3 0 earrings 0
earrings_map_sgs_jacket 1583304875343 360 228 touchmove 126 42 1.25 1.25 0 earrings 0
earrings_map_sgs_jacket 1583304875360 360 228 touchmove 126 43 3 3 0 earrings 0
earrings_map_sgs_jacket 1583304875379 360 228 touchmove 125 45 3 3 0 earrings 0
earrings_map_sgs_jacket 1583304875396 360 228 touchmove 124 47 3 3 0 earrings 0
earrings_map_sgs_jacket 1583304875410 360 228 touchmove 123 49 3 3 0 earrings 0
earrings_map_sgs_jacket 1583304875427 360 228 touchmove 123 50 3 3 0 earrings 0
earrings_map_sgs_jacket 1583304875444 360 228 touchmove 123 51 3 3 0 earrings 0
earrings_map_sgs_jacket 1583304875460 360 228 touchmove 122 52 3 3 0 earrings 0
earrings_map_sgs_jacket 1583304875477 360 228 touchmove 121 53 1.25 1.25 0 earrings 0
earrings_map_sgs_jacket 1583304875495 360 228 touchmove 120 53 1.25 1.25 0 earrings 0
earrings_map_sgs_jacket 1583304875512 360 228 touchmove 120 54 3 3 0 earrings 0
earrings_map_sgs_jacket 1583304875529 360 228 touchmove 120 54 1.25 1.25 0 earrings 0
earrings_map_sgs_jacket 1583304875596 360 228 touchmove 120 54 1.25 1.25 0 earrings 0
earrings_map_sgs_jacket 1583304875612 360 228 touchmove 120 53 1.25 1.25 0 earrings 0
earrings_map_sgs_jacket 1583304875628 360 228 touchmove 120 52 1.25 1.25 0 earrings 0
earrings_map_sgs_jacket 1583304875647 360 228 touchmove 121 51 1.25 1.25 0 earrings 0
earrings_map_sgs_jacket 1583304875659 360 228 touchmove 121 49 1.25 1.25 0 earrings 0
earrings_map_sgs_jacket 1583304875677 360 228 touchmove 122 47 1.25 1.25 0 earrings 0
earrings_map_sgs_jacket 1583304875693 360 228 touchmove 123 46 1.25 1.25 0 earrings 0
earrings_map_sgs_jacket 1583304875711 360 228 touchmove 123 45 1.25 1.25 0 earrings 0
earrings_map_sgs_jacket 1583304875729 360 228 touchmove 124 43 1.25 1.25 0 earrings 0
earrings_map_sgs_jacket 1583304875746 360 228 touchmove 124 42 1.25 1.25 0 earrings 0
earrings_map_sgs_jacket 1583304875760 360 228 touchmove 125 41 1.25 1.25 0 earrings 0
earrings_map_sgs_jacket 1583304875780 360 228 touchmove 125 39 1.25 1.25 0 earrings 0
earrings_map_sgs_jacket 1583304875795 360 228 touchmove 126 38 1.25 1.25 0 earrings 0
earrings_map_sgs_jacket 1583304875812 360 228 touchmove 126 37 1.25 1.25 0 earrings 0
earrings_map_sgs_jacket 1583304875827 360 228 touchmove 126 36 1.25 1.25 0 earrings 0
earrings_map_sgs_jacket 1583304875844 360 228 touchmove 127 35 1.25 1.25 0 earrings 0
earrings_map_sgs_jacket 1583304875861 360 228 touchmove 127 34 1.25 1.25 0 earrings 0
earrings_map_sgs_jacket 1583304875878 360 228 touchmove 127 34 1.25 1.25 0 earrings 0
earrings_map_sgs_jacket 1583304875895 360 228 touchmove 127 33 1.25 1.25 0 earrings 0
earrings_map_sgs_jacket 1583304875912 360 228 touchmove 127 33 1.25 1.25 0 earrings 0
earrings_map_sgs_jacket 1583304875961 360 228 touchmove 127 33 1.25 1.25 0 earrings 0
earrings_map_sgs_jacket 1583304876397 360 228 touchmove 127 33 1.25 1.25 0 earrings 0
earrings_map_sgs_jacket 1583304876463 360 228 touchmove 127 33 1.25 1.25 0 earrings 0
earrings_map_sgs_jacket 1583304876485 360 228 touchmove 127 34 1.25 1.25 0 earrings 0
earrings_map_sgs_jacket 1583304876629 360 228 touchmove 127 34 1.25 1.25 0 earrings 0
earrings_map_sgs_jacket 1583304876748 360 228 touchmove 127 35 1.25 1.25 0 earrings 0
earrings_map_sgs_jacket 1583304876896 360 228 touchmove 129 35 1.25 1.25 0 earrings 0
earrings_map_sgs_jacket 1583304876916 360 228 touchmove 133 35 1.25 1.25 0 earrings 0
earrings_map_sgs_jacket 1583304876931 360 228 touchmove 140 35 1.25 1.25 0 earrings 0
earrings_map_sgs_jacket 1583304876943 360 228 touchmove 146 35 1.5 1.5 0 earrings 0
earrings_map_sgs_jacket 1583304876959 360 228 touchmove 153 35 1.25 1.25 0 earrings 0
earrings_map_sgs_jacket 1583304876977 360 228 touchmove 160 34 1.25 1.25 0 earrings 0
earrings_map_sgs_jacket 1583304876994 360 228 touchmove 167 34 1.25 1.25 0 earrings 0
earrings_map_sgs_jacket 1583304877012 360 228 touchmove 175 34 1.25 1.25 0 earrings 0
earrings_map_sgs_jacket 1583304877027 360 228 touchmove 184 34 1.25 1.25 0 earrings 0
earrings_map_sgs_jacket 1583304877045 360 228 touchmove 192 34 1.25 1.25 0 earrings 0
earrings_map_sgs_jacket 1583304877063 360 228 touchmove 201 34 1.25 1.25 0 earrings 0
earrings_map_sgs_jacket 1583304877079 360 228 touchmove 208 34 1.25 1.25 0 earrings 0
earrings_map_sgs_jacket 1583304877095 360 228 touchmove 216 34 1.25 1.25 0 earrings 0
earrings_map_sgs_jacket 1583304877112 360 228 touchmove 223 34 1.25 1.25 0 earrings 0
earrings_map_sgs_jacket 1583304877146 360 228 touchmove 229 34 1.25 1.25 0 earrings 0
earrings_map_sgs_jacket 1583304877160 360 228 touchmove 240 34 1.25 1.25 0 earrings 0
earrings_map_sgs_jacket 1583304877176 360 228 touchmove 243 34 1.25 1.25 0 earrings 0
earrings_map_sgs_jacket 1583304877192 360 228 touchmove 249 34 1.25 1.25 0 earrings 0
earrings_map_sgs_jacket 1583304877209 360 228 touchmove 251 34 1.25 1.25 0 earrings 0
earrings_map_sgs_jacket 1583304877226 360 228 touchmove 255 34 1.25 1.25 0 earrings 0
earrings_map_sgs_jacket 1583304877242 360 228 touchmove 258 34 1.25 1.25 0 earrings 0
earrings_map_sgs_jacket 1583304877260 360 228 touchmove 261 34 1.25 1.25 0 earrings 0
earrings_map_sgs_jacket 1583304877277 360 228 touchmove 263 34 1.25 1.25 0 earrings 0
earrings_map_sgs_jacket 1583304877292 360 228 touchmove 264 34 3 3 0 earrings 0
earrings_map_sgs_jacket 1583304877309 360 228 touchmove 266 34 1.25 1.25 0 earrings 0
earrings_map_sgs_jacket 1583304877326 360 228 touchmove 268 34 1.25 1.25 0 earrings 0
earrings_map_sgs_jacket 1583304877342 360 228 touchmove 271 34 1.25 1.25 0 earrings 0
earrings_map_sgs_jacket 1583304877359 360 228 touchmove 272 34 1.25 1.25 0 earrings 0
earrings_map_sgs_jacket 1583304877376 360 228 touchmove 273 34 1.25 1.25 0 earrings 0
earrings_map_sgs_jacket 1583304877395 360 228 touchmove 275 34 1.25 1.25 0 earrings 0
earrings_map_sgs_jacket 1583304877412 360 228 touchmove 275 34 1.25 1.25 0 earrings 0
earrings_map_sgs_jacket 1583304877426 360 228 touchmove 276 34 1.25 1.25 0 earrings 0
earrings_map_sgs_jacket 1583304877445 360 228 touchmove 276 34 1.5 1.5 0 earrings 0
earrings_map_sgs_jacket 1583304877459 360 228 touchmove 276 34 1.25 1.25 0 earrings 0
earrings_map_sgs_jacket 1583304877948 360 228 touchmove 276 34 1.5 1.5 0 earrings 0
earrings_map_sgs_jacket 1583304877964 360 228 touchmove 276 34 1.25 1.25 0 earrings 0
earrings_map_sgs_jacket 1583304878290 360 228 touchmove 277 34 1.25 1.25 0 earrings 0
earrings_map_sgs_jacket 1583304878433 360 228 touchmove 277 35 1.25 1.25 0 earrings 0
earrings_map_sgs_jacket 1583304878446 360 228 touchmove 277 35 1.5 1.5 0 earrings 0
earrings_map_sgs_jacket 1583304878467 360 228 touchmove 277 37 1.25 1.25 0 earrings 0
earrings_map_sgs_jacket 1583304878484 360 228 touchmove 277 39 1.25 1.25 0 earrings 0
earrings_map_sgs_jacket 1583304878494 360 228 touchmove 276 43 1.25 1.25 0 earrings 0
earrings_map_sgs_jacket 1583304878511 360 228 touchmove 274 49 1.25 1.25 0 earrings 0
earrings_map_sgs_jacket 1583304878528 360 228 touchmove 272 56 1.25 1.25 0 earrings 0
earrings_map_sgs_jacket 1583304878544 360 228 touchmove 270 66 1.25 1.25 0 earrings 0
earrings_map_sgs_jacket 1583304878562 360 228 touchmove 270 69 1.25 1.25 0 earrings 0
earrings_map_sgs_jacket 1583304878580 360 228 touchmove 266 82 1.25 1.25 0 earrings 0
earrings_map_sgs_jacket 1583304878595 360 228 touchmove 265 91 1.25 1.25 0 earrings 0
earrings_map_sgs_jacket 1583304878611 360 228 touchmove 263 102 1.25 1.25 0 earrings 0
earrings_map_sgs_jacket 1583304878627 360 228 touchmove 262 110 1.25 1.25 0 earrings 0
earrings_map_sgs_jacket 1583304878646 360 228 touchmove 260 121 1.25 1.25 0 earrings 0
earrings_map_sgs_jacket 1583304878663 360 228 touchmove 259 129 1.25 1.25 0 earrings 0
earrings_map_sgs_jacket 1583304878679 360 228 touchmove 258 137 1.25 1.25 0 earrings 0
earrings_map_sgs_jacket 1583304878695 360 228 touchmove 257 144 1.25 1.25 0 earrings 0
earrings_map_sgs_jacket 1583304878711 360 228 touchmove 256 150 1.25 1.25 0 earrings 0
earrings_map_sgs_jacket 1583304878728 360 228 touchmove 256 156 1.25 1.25 0 earrings 0
earrings_map_sgs_jacket 1583304878747 360 228 touchmove 255 160 1.25 1.25 0 earrings 0
earrings_map_sgs_jacket 1583304878762 360 228 touchmove 255 164 1.25 1.25 0 earrings 0
earrings_map_sgs_jacket 1583304878778 360 228 touchmove 255 166 1.25 1.25 0 earrings 0
earrings_map_sgs_jacket 1583304878795 360 228 touchmove 255 167 1.25 1.25 0 earrings 0
earrings_map_sgs_jacket 1583304878812 360 228 touchmove 255 169 1.25 1.25 0 earrings 0
earrings_map_sgs_jacket 1583304878828 360 228 touchmove 255 170 1.25 1.25 0 earrings 0
earrings_map_sgs_jacket 1583304878844 360 228 touchmove 255 172 1.25 1.25 0 earrings 0
earrings_map_sgs_jacket 1583304878861 360 228 touchmove 254 173 1.25 1.25 0 earrings 0
earrings_map_sgs_jacket 1583304878910 360 228 touchmove 254 173 1.25 1.25 0 earrings 0
earrings_map_sgs_jacket 1583304878960 360 228 touchmove 254 173 1.25 1.25 0 earrings 0
earrings_map_sgs_jacket 1583304879219 360 228 touchmove 254 174 1.25 1.25 0 earrings 0
earrings_map_sgs_jacket 1583304879459 360 228 touchmove 254 174 1.25 1.25 0 earrings 0
earrings_map_sgs_jacket 1583304879728 360 228 touchmove 254 174 1.25 1.25 0 earrings 0
earrings_map_sgs_jacket 1583304879798 360 228 touchmove 253 173 3 3 0 earrings 0
earrings_map_sgs_jacket 1583304879816 360 228 touchmove 252 172 3 3 0 earrings 0
earrings_map_sgs_jacket 1583304879847 360 228 touchmove 250 169 1.25 1.25 0 earrings 0
earrings_map_sgs_jacket 1583304879864 360 228 touchmove 248 168 1.25 1.25 0 earrings 0
earrings_map_sgs_jacket 1583304879878 360 228 touchmove 247 166 1.25 1.25 0 earrings 0
earrings_map_sgs_jacket 1583304879894 360 228 touchmove 245 165 1.25 1.25 0 earrings 0
earrings_map_sgs_jacket 1583304879910 360 228 touchmove 245 164 1.25 1.25 0 earrings 0
earrings_map_sgs_jacket 1583304879928 360 228 touchmove 240 160 1.25 1.25 0 earrings 0
earrings_map_sgs_jacket 1583304879945 360 228 touchmove 238 158 1.5 1.5 0 earrings 0
earrings_map_sgs_jacket 1583304879961 360 228 touchmove 235 154 3 3 0 earrings 0
earrings_map_sgs_jacket 1583304879977 360 228 touchmove 229 149 1.25 1.25 0 earrings 0
earrings_map_sgs_jacket 1583304879993 360 228 touchmove 228 148 1.25 1.25 0 earrings 0
earrings_map_sgs_jacket 1583304880010 360 228 touchmove 222 142 1.25 1.25 0 earrings 0
earrings_map_sgs_jacket 1583304880027 360 228 touchmove 218 138 1.25 1.25 0 earrings 0
earrings_map_sgs_jacket 1583304880043 360 228 touchmove 216 136 1.25 1.25 0 earrings 0
earrings_map_sgs_jacket 1583304880060 360 228 touchmove 212 133 1.25 1.25 0 earrings 0
earrings_map_sgs_jacket 1583304880077 360 228 touchmove 208 128 1.25 1.25 0 earrings 0
earrings_map_sgs_jacket 1583304880096 360 228 touchmove 201 122 1.25 1.25 0 earrings 0
earrings_map_sgs_jacket 1583304880115 360 228 touchmove 197 118 1.25 1.25 0 earrings 0
earrings_map_sgs_jacket 1583304880127 360 228 touchmove 194 115 1.25 1.25 0 earrings 0
earrings_map_sgs_jacket 1583304880144 360 228 touchmove 190 112 1.25 1.25 0 earrings 0
earrings_map_sgs_jacket 1583304880161 360 228 touchmove 187 109 1.25 1.25 0 earrings 0
earrings_map_sgs_jacket 1583304880179 360 228 touchmove 185 106 1.25 1.25 0 earrings 0
earrings_map_sgs_jacket 1583304880198 360 228 touchmove 182 104 1.25 1.25 0 earrings 0
earrings_map_sgs_jacket 1583304880214 360 228 touchmove 180 102 1.25 1.25 0 earrings 0
earrings_map_sgs_jacket 1583304880227 360 228 touchmove 178 100 1.25 1.25 0 earrings 0
earrings_map_sgs_jacket 1583304880243 360 228 touchmove 177 98 1.25 1.25 0 earrings 0
earrings_map_sgs_jacket 1583304880262 360 228 touchmove 176 97 1.25 1.25 0 earrings 0
earrings_map_sgs_jacket 1583304880278 360 228 touchmove 175 97 1.25 1.25 0 earrings 0
earrings_map_sgs_jacket 1583304880294 360 228 touchmove 175 96 1.25 1.25 0 earrings 0
earrings_map_sgs_jacket 1583304880314 360 228 touchmove 174 95 1.25 1.25 0 earrings 0
earrings_map_sgs_jacket 1583304880328 360 228 touchmove 174 95 1.25 1.25 0 earrings 0
earrings_map_sgs_jacket 1583304880362 360 228 touchmove 173 94 1.25 1.25 0 earrings 0
earrings_map_sgs_jacket 1583304880450 360 228 touchmove 173 94 1.5 1.5 0 earrings 0
earrings_map_sgs_jacket 1583304880460 360 228 touchmove 173 94 1.25 1.25 0 earrings 0
earrings_map_sgs_jacket 1583304880479 360 228 touchmove 171 94 1.25 1.25 0 earrings 0
earrings_map_sgs_jacket 1583304880498 360 228 touchmove 170 94 1.25 1.25 0 earrings 0
earrings_map_sgs_jacket 1583304880515 360 228 touchmove 169 94 1.25 1.25 0 earrings 0
earrings_map_sgs_jacket 1583304880533 360 228 touchmove 166 94 1.25 1.25 0 earrings 0
earrings_map_sgs_jacket 1583304880546 360 228 touchmove 163 94 3 3 0 earrings 0
earrings_map_sgs_jacket 1583304880560 360 228 touchmove 160 93 1.25 1.25 0 earrings 0
earrings_map_sgs_jacket 1583304880583 360 228 touchmove 154 94 1.25 1.25 0 earrings 0
earrings_map_sgs_jacket 1583304880606 360 228 touchmove 147 94 3 3 0 earrings 0
earrings_map_sgs_jacket 1583304880633 360 228 touchmove 137 94 1.25 1.25 0 earrings 0
earrings_map_sgs_jacket 1583304880654 360 228 touchmove 127 95 3 3 0 earrings 0
earrings_map_sgs_jacket 1583304880679 360 228 touchmove 115 95 1.25 1.25 0 earrings 0
earrings_map_sgs_jacket 1583304880695 360 228 touchmove 109 96 1.25 1.25 0 earrings 0
earrings_map_sgs_jacket 1583304880714 360 228 touchmove 102 96 1.25 1.25 0 earrings 0
earrings_map_sgs_jacket 1583304880729 360 228 touchmove 99 96 1.25 1.25 0 earrings 0
earrings_map_sgs_jacket 1583304880744 360 228 touchmove 88 97 1.25 1.25 0 earrings 0
earrings_map_sgs_jacket 1583304880760 360 228 touchmove 82 97 1.25 1.25 0 earrings 0
earrings_map_sgs_jacket 1583304880777 360 228 touchmove 77 97 1.25 1.25 0 earrings 0
earrings_map_sgs_jacket 1583304880794 360 228 touchmove 72 98 1.25 1.25 0 earrings 0
earrings_map_sgs_jacket 1583304880810 360 228 touchmove 68 98 1.25 1.25 0 earrings 0
earrings_map_sgs_jacket 1583304880827 360 228 touchmove 64 98 1.25 1.25 0 earrings 0
earrings_map_sgs_jacket 1583304880844 360 228 touchmove 61 98 1.25 1.25 0 earrings 0
earrings_map_sgs_jacket 1583304880860 360 228 touchmove 59 98 1.25 1.25 0 earrings 0
earrings_map_sgs_jacket 1583304880877 360 228 touchmove 58 98 1.25 1.25 0 earrings 0
earrings_map_sgs_jacket 1583304880894 360 228 touchmove 56 98 1.25 1.25 0 earrings 0
earrings_map_sgs_jacket 1583304880910 360 228 touchmove 55 98 1.25 1.25 0 earrings 0
earrings_map_sgs_jacket 1583304880927 360 228 touchmove 54 98 1.25 1.25 0 earrings 0
earrings_map_sgs_jacket 1583304880944 360 228 touchmove 53 98 1.5 1.5 0 earrings 0
earrings_map_sgs_jacket 1583304880960 360 228 touchmove 52 98 1.25 1.25 0 earrings 0
earrings_map_sgs_jacket 1583304880979 360 228 touchmove 52 98 1.25 1.25 0 earrings 0
earrings_map_sgs_jacket 1583304880994 360 228 touchmove 52 98 1.25 1.25 0 earrings 0
earrings_map_sgs_jacket 1583304881044 360 228 touchmove 52 98 1.25 1.25 0 earrings 0
earrings_map_sgs_jacket 1583304881061 360 228 touchmove 52 98 1.25 1.25 0 earrings 0
earrings_map_sgs_jacket 1583304881077 360 228 touchmove 52 98 1.25 1.25 0 earrings 0
earrings_map_sgs_jacket 1583304881094 360 228 touchmove 52 98 1.25 1.25 0 earrings 0
earrings_map_sgs_jacket 1583304881117 360 228 touchend 52 98 1.25 1.25 0 earrings 0
earrings_map_sgs_jacket 1583304883053 360 228 touchmove 283 161 1.25 1.25 0 map 0
earrings_map_sgs_jacket 1583304883076 360 228 touchmove 283 161 1.25 1.25 0 map 0
earrings_map_sgs_jacket 1583304883220 360 228 touchmove 283 161 1.25 1.25 0 map 0
earrings_map_sgs_jacket 1583304883239 360 228 touchmove 283 161 1.25 1.25 0 map 0
earrings_map_sgs_jacket 1583304883348 360 228 touchmove 283 161 1.25 1.25 0 map 0
earrings_map_sgs_jacket 1583304883393 360 228 touchmove 283 161 1.25 1.25 0 map 0
earrings_map_sgs_jacket 1583304883409 360 228 touchmove 283 161 1.25 1.25 0 map 0
earrings_map_sgs_jacket 1583304883427 360 228 touchmove 281 160 1.5 1.5 0 map 0
earrings_map_sgs_jacket 1583304883443 360 228 touchmove 271 158 1.25 1.25 0 map 0
earrings_map_sgs_jacket 1583304883461 360 228 touchmove 254 156 1.25 1.25 0 map 0
earrings_map_sgs_jacket 1583304883482 360 228 touchmove 229 152 1.25 1.25 0 map 0
earrings_map_sgs_jacket 1583304883496 360 228 touchmove 201 149 1.25 1.25 0 map 0
earrings_map_sgs_jacket 1583304883510 360 228 touchmove 178 145 1.25 1.25 0 map 0
earrings_map_sgs_jacket 1583304883526 360 228 touchmove 167 144 1.25 1.25 0 map 0
earrings_map_sgs_jacket 1583304883543 360 228 touchmove 142 140 1.25 1.25 0 map 0
earrings_map_sgs_jacket 1583304883562 360 228 touchmove 107 134 1.25 1.25 0 map 0
earrings_map_sgs_jacket 1583304883578 360 228 touchmove 87 129 1.25 1.25 0 map 0
earrings_map_sgs_jacket 1583304883593 360 228 touchmove 70 125 1.25 1.25 0 map 0
earrings_map_sgs_jacket 1583304883611 360 228 touchmove 57 121 1.25 1.25 0 map 0
earrings_map_sgs_jacket 1583304883627 360 228 touchmove 47 117 1.25 1.25 0 map 0
earrings_map_sgs_jacket 1583304883645 360 228 touchmove 41 115 1.25 1.25 0 map 0
earrings_map_sgs_jacket 1583304883661 360 228 touchmove 37 113 1.25 1.25 0 map 0
earrings_map_sgs_jacket 1583304883677 360 228 touchmove 34 112 1.25 1.25 0 map 0
earrings_map_sgs_jacket 1583304883695 360 228 touchmove 33 111 1.25 1.25 0 map 0
earrings_map_sgs_jacket 1583304883712 360 228 touchmove 32 111 1.25 1.25 0 map 0
earrings_map_sgs_jacket 1583304883730 360 228 touchmove 31 110 1.25 1.25 0 map 0
earrings_map_sgs_jacket 1583304883745 360 228 touchmove 30 110 1.25 1.25 0 map 0
earrings_map_sgs_jacket 1583304883767 360 228 touchmove 30 110 1.25 1.25 0 map 0
earrings_map_sgs_jacket 1583304883787 360 228 touchmove 30 110 1.25 1.25 0 map 0
earrings_map_sgs_jacket 1583304883796 360 228 touchmove 30 110 1.25 1.25 0 map 0
earrings_map_sgs_jacket 1583304883810 360 228 touchmove 30 110 1.25 1.25 0 map 0
earrings_map_sgs_jacket 1583304883825 360 228 touchmove 30 110 1.25 1.25 0 map 0
earrings_map_sgs_jacket 1583304883844 360 228 touchmove 30 110 1.25 1.25 0 map 0
earrings_map_sgs_jacket 1583304883860 360 228 touchmove 30 110 1.25 1.25 0 map 0
earrings_map_sgs_jacket 1583304883878 360 228 touchmove 30 110 1.25 1.25 0 map 0
earrings_map_sgs_jacket 1583304883894 360 228 touchmove 30 110 1.25 1.25 0 map 0
earrings_map_sgs_jacket 1583304883913 360 228 touchmove 30 109 1.25 1.25 0 map 0
earrings_map_sgs_jacket 1583304883928 360 228 touchmove 31 108 1.5 1.5 0 map 0
earrings_map_sgs_jacket 1583304883945 360 228 touchmove 38 105 1.25 1.25 0 map 0
earrings_map_sgs_jacket 1583304883961 360 228 touchmove 45 103 1.25 1.25 0 map 0
earrings_map_sgs_jacket 1583304883977 360 228 touchmove 65 96 1.25 1.25 0 map 0
earrings_map_sgs_jacket 1583304883993 360 228 touchmove 80 91 1.25 1.25 0 map 0
earrings_map_sgs_jacket 1583304884011 360 228 touchmove 99 86 1.25 1.25 0 map 0
earrings_map_sgs_jacket 1583304884030 360 228 touchmove 120 81 1.25 1.25 0 map 0
earrings_map_sgs_jacket 1583304884047 360 228 touchmove 144 77 1.25 1.25 0 map 0
earrings_map_sgs_jacket 1583304884060 360 228 touchmove 156 75 1.25 1.25 0 map 0
earrings_map_sgs_jacket 1583304884076 360 228 touchmove 181 71 1.25 1.25 0 map 0
earrings_map_sgs_jacket 1583304884093 360 228 touchmove 207 67 1.25 1.25 0 map 0
earrings_map_sgs_jacket 1583304884111 360 228 touchmove 243 63 1.25 1.25 0 map 0
earrings_map_sgs_jacket 1583304884127 360 228 touchmove 266 61 1.25 1.25 0 map 0
earrings_map_sgs_jacket 1583304884145 360 228 touchmove 285 60 1.25 1.25 0 map 0
earrings_map_sgs_jacket 1583304884160 360 228 touchmove 301 59 1.25 1.25 0 map 0
earrings_map_sgs_jacket 1583304884176 360 228 touchmove 307 59 1.25 1.25 0 map 0
earrings_map_sgs_jacket 1583304884196 360 228 touchmove 317 59 1.25 1.25 0 map 0
earrings_map_sgs_jacket 1583304884211 360 228 touchmove 326 58 1.25 1.25 0 map 0
earrings_map_sgs_jacket 1583304884230 360 228 touchmove 329 58 1.25 1.25 0 map 0
earrings_map_sgs_jacket 1583304884246 360 228 touchmove 331 58 1.25 1.25 0 map 0
earrings_map_sgs_jacket 1583304884263 360 228 touchmove 333 57 1.25 1.25 0 map 0
earrings_map_sgs_jacket 1583304884279 360 228 touchmove 334 57 1.25 1.25 0 map 0
earrings_map_sgs_jacket 1583304884294 360 228 touchmove 336 56 1.25 1.25 0 map 0
earrings_map_sgs_jacket 1583304884310 360 228 touchmove 337 55 1.25 1.25 0 map 0
earrings_map_sgs_jacket 1583304884327 360 228 touchmove 338 54 1.25 1.25 0 map 0
earrings_map_sgs_jacket 1583304884344 360 228 touchmove 338 53 1.25 1.25 0 map 0
earrings_map_sgs_jacket 1583304884361 360 228 touchmove 339 53 1.25 1.25 0 map 0
earrings_map_sgs_jacket 1583304884377 360 228 touchmove 339 51 1.25 1.25 0 map 0
earrings_map_sgs_jacket 1583304884394 360 228 touchmove 340 50 1.25 1.25 0 map 0
earrings_map_sgs_jacket 1583304884413 360 228 touchmove 340 50 1.25 1.25 0 map 0
earrings_map_sgs_jacket 1583304884427 360 228 touchmove 341 47 1.5 1.5 0 map 0
earrings_map_sgs_jacket 1583304884444 360 228 touchmove 341 46 1.25 1.25 0 map 0
earrings_map_sgs_jacket 1583304884460 360 228 touchmove 342 44 1.25 1.25 0 map 0
earrings_map_sgs_jacket 1583304884476 360 228 touchmove 342 43 1.25 1.25 0 map 0
earrings_map_sgs_jacket 1583304884493 360 228 touchmove 343 43 1.25 1.25 0 map 0
earrings_map_sgs_jacket 1583304884510 360 228 touchmove 343 41 1.25 1.25 0 map 0
earrings_map_sgs_jacket 1583304884528 360 228 touchmove 343 40 1.25 1.25 0 map 0
earrings_map_sgs_jacket 1583304884544 360 228 touchmove 343 39 1.25 1.25 0 map 0
earrings_map_sgs_jacket 1583304884561 360 228 touchmove 344 38 1.25 1.25 0 map 0
earrings_map_sgs_jacket 1583304884580 360 228 touchmove 344 37 1.25 1.25 0 map 0
earrings_map_sgs_jacket 1583304884595 360 228 touchmove 344 36 1.25 1.25 0 map 0
earrings_map_sgs_jacket 1583304884610 360 228 touchmove 344 36 1.25 1.25 0 map 0
earrings_map_sgs_jacket 1583304884626 360 228 touchmove 344 35 1.25 1.25 0 map 0
earrings_map_sgs_jacket 1583304884644 360 228 touchmove 344 34 1.25 1.25 0 map 0
earrings_map_sgs_jacket 1583304884661 360 228 touchmove 344 33 1.25 1.25 0 map 0
earrings_map_sgs_jacket 1583304884678 360 228 touchmove 344 32 1.25 1.25 0 map 0
earrings_map_sgs_jacket 1583304884695 360 228 touchmove 344 31 1.25 1.25 0 map 0
earrings_map_sgs_jacket 1583304884712 360 228 touchmove 344 29 1.25 1.25 0 map 0
earrings_map_sgs_jacket 1583304884729 360 228 touchmove 344 29 1.25 1.25 0 map 0
earrings_map_sgs_jacket 1583304884746 360 228 touchmove 344 27 1.25 1.25 0 map 0
earrings_map_sgs_jacket 1583304884761 360 228 touchmove 344 26 1.25 1.25 0 map 0
earrings_map_sgs_jacket 1583304884779 360 228 touchmove 344 24 1.25 1.25 0 map 0
earrings_map_sgs_jacket 1583304884794 360 228 touchmove 344 23 1.25 1.25 0 map 0
earrings_map_sgs_jacket 1583304884812 360 228 touchmove 344 21 1.25 1.25 0 map 0
earrings_map_sgs_jacket 1583304884828 360 228 touchmove 344 20 1.25 1.25 0 map 0
earrings_map_sgs_jacket 1583304884844 360 228 touchmove 344 19 1.25 1.25 0 map 0
earrings_map_sgs_jacket 1583304884879 360 228 touchmove 344 17 1.25 1.25 0 map 0
earrings_map_sgs_jacket 1583304884895 360 228 touchmove 343 16 1.25 1.25 0 map 0
earrings_map_sgs_jacket 1583304884910 360 228 touchmove 343 16 1.25 1.25 0 map 0
earrings_map_sgs_jacket 1583304884919 360 228 touchend 343 16 1.25 1.25 0 map 0
earrings_map_sgs_jacket 1583304886296 360 228 touchstart 69 102 1.25 1.25 0 sgs 0
earrings_map_sgs_jacket 1583304886318 360 228 touchmove 69 102 1.5 1.5 0 sgs 0
earrings_map_sgs_jacket 1583304886328 360 228 touchmove 69 102 1.25 1.25 0 sgs 0
earrings_map_sgs_jacket 1583304886345 360 228 touchmove 69 102 1.25 1.25 0 sgs 0
earrings_map_sgs_jacket 1583304886363 360 228 touchmove 69 102 1.25 1.25 0 sgs 0
earrings_map_sgs_jacket 1583304886821 360 228 touchmove 69 102 1.25 1.25 0 sgs 0
earrings_map_sgs_jacket 1583304887145 360 228 touchmove 71 102 1.25 1.25 0 sgs 0
earrings_map_sgs_jacket 1583304887166 360 228 touchmove 76 101 1.25 1.25 0 sgs 0
earrings_map_sgs_jacket 1583304887179 360 228 touchmove 82 101 1.25 1.25 0 sgs 0
earrings_map_sgs_jacket 1583304887196 360 228 touchmove 89 100 1.25 1.25 0 sgs 0
earrings_map_sgs_jacket 1583304887213 360 228 touchmove 95 100 1.25 1.25 0 sgs 0
earrings_map_sgs_jacket 1583304887226 360 228 touchmove 98 100 1.25 1.25 0 sgs 0
earrings_map_sgs_jacket 1583304887244 360 228 touchmove 104 100 1.25 1.25 0 sgs 0
earrings_map_sgs_jacket 1583304887261 360 228 touchmove 111 99 1.25 1.25 0 sgs 0
earrings_map_sgs_jacket 1583304887278 360 228 touchmove 117 99 1.25 1.25 0 sgs 0
earrings_map_sgs_jacket 1583304887294 360 228 touchmove 123 99 1.25 1.25 0 sgs 0
earrings_map_sgs_jacket 1583304887312 360 228 touchmove 129 98 1.5 1.5 0 sgs 0
earrings_map_sgs_jacket 1583304887328 360 228 touchmove 134 98 1.25 1.25 0 sgs 0
earrings_map_sgs_jacket 1583304887344 360 228 touchmove 138 98 1.25 1.25 0 sgs 0
earrings_map_sgs_jacket 1583304887361 360 228 touchmove 143 98 1.25 1.25 0 sgs 0
earrings_map_sgs_jacket 1583304887378 360 228 touchmove 146 98 1.25 1.25 0 sgs 0
earrings_map_sgs_jacket 1583304887394 360 228 touchmove 149 98 1.25 1.25 0 sgs 0
earrings_map_sgs_jacket 1583304887411 360 228 touchmove 152 98 1.25 1.25 0 sgs 0
earrings_map_sgs_jacket 1583304887427 360 228 touchmove 153 98 1.25 1.25 0 sgs 0
earrings_map_sgs_jacket 1583304887444 360 228 touchmove 155 98 1.25 1.25 0 sgs 0
earrings_map_sgs_jacket 1583304887464 360 228 touchmove 157 98 1.25 1.25 0 sgs 0
earrings_map_sgs_jacket 1583304887479 360 228 touchmove 159 98 1.25 1.25 0 sgs 0
earrings_map_sgs_jacket 1583304887495 360 228 touchmove 161 99 1.25 1.25 0 sgs 0
earrings_map_sgs_jacket 1583304887511 360 228 touchmove 163 99 1.25 1.25 0 sgs 0
earrings_map_sgs_jacket 1583304887527 360 228 touchmove 165 99 1.25 1.25 0 sgs 0
earrings_map_sgs_jacket 1583304887548 360 228 touchmove 167 99 1.25 1.25 0 sgs 0
earrings_map_sgs_jacket 1583304887562 360 228 touchmove 169 99 1.25 1.25 0 sgs 0
earrings_map_sgs_jacket 1583304887579 360 228 touchmove 171 99 1.25 1.25 0 sgs 0
earrings_map_sgs_jacket 1583304887596 360 228 touchmove 173 99 1.25 1.25 0 sgs 0
earrings_map_sgs_jacket 1583304887611 360 228 touchmove 175 99 1.25 1.25 0 sgs 0
earrings_map_sgs_jacket 1583304887629 360 228 touchmove 177 99 1.25 1.25 0 sgs 0
earrings_map_sgs_jacket 1583304887645 360 228 touchmove 178 99 1.25 1.25 0 sgs 0
earrings_map_sgs_jacket 1583304887663 360 228 touchmove 179 99 1.25 1.25 0 sgs 0
earrings_map_sgs_jacket 1583304887679 360 228 touchmove 180 99 1.25 1.25 0 sgs 0
earrings_map_sgs_jacket 1583304887695 360 228 touchmove 181 99 1.25 1.25 0 sgs 0
earrings_map_sgs_jacket 1583304887722 360 228 touchmove 181 99 1.25 1.25 0 sgs 0
earrings_map_sgs_jacket 1583304887743 360 228 touchmove 182 99 1.25 1.25 0 sgs 0
earrings_map_sgs_jacket 1583304887760 360 228 touchmove 182 99 1.25 1.25 0 sgs 0
earrings_map_sgs_jacket 1583304887777 360 228 touchmove 182 99 1.25 1.25 0 sgs 0
earrings_map_sgs_jacket 1583304887827 360 228 touchmove 182 99 1.25 1.25 0 sgs 0
earrings_map_sgs_jacket 1583304887843 360 228 touchmove 182 99 1.25 1.25 0 sgs 0
earrings_map_sgs_jacket 1583304887860 360 228 touchmove 182 99 1.25 1.25 0 sgs 0
earrings_map_sgs_jacket 1583304887879 360 228 touchmove 183 99 1.25 1.25 0 sgs 0
earrings_map_sgs_jacket 1583304887892 360 228 touchmove 183 99 1.25 1.25 0 sgs 0
earrings_map_sgs_jacket 1583304887912 360 228 touchmove 183 99 1.25 1.25 0 sgs 0
earrings_map_sgs_jacket 1583304888315 360 228 touchmove 183 99 1.5 1.5 0 sgs 0
earrings_map_sgs_jacket 1583304888334 360 228 touchmove 183 99 1.25 1.25 0 sgs 0
earrings_map_sgs_jacket 1583304888394 360 228 touchmove 183 99 1.25 1.25 0 sgs 0
earrings_map_sgs_jacket 1583304888412 360 228 touchmove 183 99 1.25 1.25 0 sgs 0
earrings_map_sgs_jacket 1583304888440 360 228 touchmove 183 99 1.25 1.25 0 sgs 0
earrings_map_sgs_jacket 1583304888494 360 228 touchmove 183 99 1.25 1.25 0 sgs 0
earrings_map_sgs_jacket 1583304888544 360 228 touchmove 183 99 1.25 1.25 0 sgs 0
earrings_map_sgs_jacket 1583304888630 360 228 touchmove 181 99 1.25 1.25 0 sgs 0
earrings_map_sgs_jacket 1583304888648 360 228 touchmove 179 99 1.25 1.25 0 sgs 0
earrings_map_sgs_jacket 1583304888682 360 228 touchmove 173 99 1.25 1.25 0 sgs 0
earrings_map_sgs_jacket 1583304888696 360 228 touchmove 170 99 1.25 1.25 0 sgs 0
earrings_map_sgs_jacket 1583304888711 360 228 touchmove 165 100 1.25 1.25 0 sgs 0
earrings_map_sgs_jacket 1583304888728 360 228 touchmove 160 100 1.25 1.25 0 sgs 0
earrings_map_sgs_jacket 1583304888744 360 228 touchmove 154 100 1.25 1.25 0 sgs 0
earrings_map_sgs_jacket 1583304888763 360 228 touchmove 148 100 1.25 1.25 0 sgs 0
earrings_map_sgs_jacket 1583304888778 360 228 touchmove 141 100 1.25 1.25 0 sgs 0
earrings_map_sgs_jacket 1583304888794 360 228 touchmove 134 100 1.25 1.25 0 sgs 0
earrings_map_sgs_jacket 1583304888813 360 228 touchmove 127 100 1.5 1.5 0 sgs 0
earrings_map_sgs_jacket 1583304888827 360 228 touchmove 120 100 1.25 1.25 0 sgs 0
earrings_map_sgs_jacket 1583304888845 360 228 touchmove 117 100 1.25 1.25 0 sgs 0
earrings_map_sgs_jacket 1583304888863 360 228 touchmove 106 100 1.25 1.25 0 sgs 0
earrings_map_sgs_jacket 1583304888879 360 228 touchmove 100 100 1.25 1.25 0 sgs 0
earrings_map_sgs_jacket 1583304888896 360 228 touchmove 94 100 1.25 1.25 0 sgs 0
earrings_map_sgs_jacket 1583304888911 360 228 touchmove 88 100 1.25 1.25 0 sgs 0
earrings_map_sgs_jacket 1583304888929 360 228 touchmove 83 100 1.25 1.25 0 sgs 0
earrings_map_sgs_jacket 1583304888944 360 228 touchmove 78 100 1.25 1.25 0 sgs 0
earrings_map_sgs_jacket 1583304888962 360 228 touchmove 74 100 1.25 1.25 0 sgs 0
earrings_map_sgs_jacket 1583304888981 360 228 touchmove 73 100 1.25 1.25 0 sgs 0
earrings_map_sgs_jacket 1583304888996 360 228 touchmove 71 100 1.25 1.25 0 sgs 0
earrings_map_sgs_jacket 1583304889013 360 228 touchmove 68 100 1.25 1.25 0 sgs 0
earrings_map_sgs_jacket 1583304889028 360 228 touchmove 66 100 1.25 1.25 0 sgs 0
earrings_map_sgs_jacket 1583304889045 360 228 touchmove 64 100 1.25 1.25 0 sgs 0
earrings_map_sgs_jacket 1583304889062 360 228 touchmove 63 100 1.25 1.25 0 sgs 0
earrings_map_sgs_jacket 1583304889079 360 228 touchmove 62 100 1.25 1.25 0 sgs 0
earrings_map_sgs_jacket 1583304889094 360 228 touchmove 62 100 1.25 1.25 0 sgs 0
earrings_map_sgs_jacket 1583304889111 360 228 touchmove 61 100 1.25 1.25 0 sgs 0
earrings_map_sgs_jacket 1583304889128 360 228 touchmove 61 100 1.25 1.25 0 sgs 0
earrings_map_sgs_jacket 1583304889145 360 228 touchmove 60 100 1.25 1.25 0 sgs 0
earrings_map_sgs_jacket 1583304889167 360 228 touchend 60 100 1.25 1.25 0 sgs 0
earrings_map_sgs_jacket 1583304890510 360 228 touchstart 255 112 1.25 1.25 0 jacket 0
earrings_map_sgs_jacket 1583304890679 360 228 touchmove 255 112 1.5 1.5 0 jacket 0
earrings_map_sgs_jacket 1583304890702 360 228 touchmove 255 112 1.25 1.25 0 jacket 0
earrings_map_sgs_jacket 1583304890981 360 228 touchmove 255 112 1.25 1.25 0 jacket 0
earrings_map_sgs_jacket 1583304891001 360 228 touchmove 255 112 1.25 1.25 0 jacket 0
earrings_map_sgs_jacket 1583304891174 360 228 touchmove 255 112 1.5 1.5 0 jacket 0
earrings_map_sgs_jacket 1583304891187 360 228 touchmove 255 112 1.25 1.25 0 jacket 0
earrings_map_sgs_jacket 1583304891211 360 228 touchmove 255 112 1.25 1.25 0 jacket 0
earrings_map_sgs_jacket 1583304891412 360 228 touchmove 250 111 1.25 1.25 0 jacket 0
earrings_map_sgs_jacket 1583304891434 360 228 touchmove 238 110 1.25 1.25 0 jacket 0
earrings_map_sgs_jacket 1583304891470 360 228 touchmove 198 108 1.25 1.25 0 jacket 0
earrings_map_sgs_jacket 1583304891493 360 228 touchmove 163 107 1.25 1.25 0 jacket 0
earrings_map_sgs_jacket 1583304891511 360 228 touchmove 145 106 1.25 1.25 0 jacket 0
earrings_map_sgs_jacket 1583304891528 360 228 touchmove 127 105 1.25 1.25 0 jacket 0
earrings_map_sgs_jacket 1583304891545 360 228 touchmove 110 104 1.25 1.25 0 jacket 0
earrings_map_sgs_jacket 1583304891562 360 228 touchmove 94 102 1.25 1.25 0 jacket 0
earrings_map_sgs_jacket 1583304891577 360 228 touchmove 80 101 1.25 1.25 0 jacket 0
earrings_map_sgs_jacket 1583304891592 360 228 touchmove 68 101 1.25 1.25 0 jacket 0
earrings_map_sgs_jacket 1583304891609 360 228 touchmove 56 100 1.25 1.25 0 jacket 0
earrings_map_sgs_jacket 1583304891626 360 228 touchmove 48 99 1.25 1.25 0 jacket 0
earrings_map_sgs_jacket 1583304891643 360 228 touchmove 41 98 1.25 1.25 0 jacket 0
earrings_map_sgs_jacket 1583304891660 360 228 touchmove 36 98 1.5 1.5 0 jacket 0
earrings_map_sgs_jacket 1583304891677 360 228 touchmove 34 98 1.25 1.25 0 jacket 0
earrings_map_sgs_jacket 1583304891693 360 228 touchmove 31 98 1.25 1.25 0 jacket 0
earrings_map_sgs_jacket 1583304891709 360 228 touchmove 29 97 1.25 1.25 0 jacket 0
earrings_map_sgs_jacket 1583304891727 360 228 touchmove 28 97 1.25 1.25 0 jacket 0
earrings_map_sgs_jacket 1583304891743 360 228 touchmove 27 97 1.25 1.25 0 jacket 0
earrings_map_sgs_jacket 1583304891760 360 228 touchmove 26 97 1.25 1.25 0 jacket 0
earrings_map_sgs_jacket 1583304891777 360 228 touchmove 25 97 1.25 1.25 0 jacket 0
earrings_map_sgs_jacket 1583304891794 360 228 touchmove 25 97 1.25 1.25 0 jacket 0
earrings_map_sgs_jacket 1583304892167 360 228 touchmove 25 97 1.5 1.5 0 jacket 0
earrings_map_sgs_jacket 1583304892183 360 228 touchmove 25 97 1.25 1.25 0 jacket 0
earrings_map_sgs_jacket 1583304892645 360 228 touchmove 25 97 1.25 1.25 0 jacket 0
earrings_map_sgs_jacket 1583304892669 360 228 touchmove 25 97 1.5 1.5 0 jacket 0
earrings_map_sgs_jacket 1583304892679 360 228 touchmove 25 97 1.25 1.25 0 jacket 0
earrings_map_sgs_jacket 1583304892728 360 228 touchmove 26 98 1.25 1.25 0 jacket 0
earrings_map_sgs_jacket 1583304892745 360 228 touchmove 27 99 3 3 0 jacket 0
earrings_map_sgs_jacket 1583304892760 360 228 touchmove 28 99 1.25 1.25 0 jacket 0
earrings_map_sgs_jacket 1583304892777 360 228 touchmove 31 101 1.25 1.25 0 jacket 0
earrings_map_sgs_jacket 1583304892793 360 228 touchmove 34 103 1.25 1.25 0 jacket 0
earrings_map_sgs_jacket 1583304892811 360 228 touchmove 37 105 1.25 1.25 0 jacket 0
earrings_map_sgs_jacket 1583304892828 360 228 touchmove 39 106 1.25 1.25 0 jacket 0
earrings_map_sgs_jacket 1583304892844 360 228 touchmove 41 107 1.25 1.25 0 jacket 0
earrings_map_sgs_jacket 1583304892860 360 228 touchmove 47 111 1.25 1.25 0 jacket 0
earrings_map_sgs_jacket 1583304892879 360 228 touchmove 51 114 1.25 1.25 0 jacket 0
earrings_map_sgs_jacket 1583304892894 360 228 touchmove 56 117 1.25 1.25 0 jacket 0
earrings_map_sgs_jacket 1583304892910 360 228 touchmove 62 120 1.25 1.25 0 jacket 0
earrings_map_sgs_jacket 1583304892927 360 228 touchmove 68 124 1.25 1.25 0 jacket 0
earrings_map_sgs_jacket 1583304892943 360 228 touchmove 74 127 1.25 1.25 0 jacket 0
earrings_map_sgs_jacket 1583304892960 360 228 touchmove 80 131 1.25 1.25 0 jacket 0
earrings_map_sgs_jacket 1583304892977 360 228 touchmove 86 134 1.25 1.25 0 jacket 0
earrings_map_sgs_jacket 1583304892994 360 228 touchmove 92 137 1.25 1.25 0 jacket 0
earrings_map_sgs_jacket 1583304893011 360 228 touchmove 98 140 1.25 1.25 0 jacket 0
earrings_map_sgs_jacket 1583304893028 360 228 touchmove 103 144 1.25 1.25 0 jacket 0
earrings_map_sgs_jacket 1583304893044 360 228 touchmove 107 146 1.25 1.25 0 jacket 0
earrings_map_sgs_jacket 1583304893060 360 228 touchmove 110 148 1.25 1.25 0 jacket 0
earrings_map_sgs_jacket 1583304893076 360 228 touchmove 116 151 1.25 1.25 0 jacket 0
earrings_map_sgs_jacket 1583304893094 360 228 touchmove 119 153 1.25 1.25 0 jacket 0
earrings_map_sgs_jacket 1583304893110 360 228 touchmove 122 155 1.25 1.25 0 jacket 0
earrings_map_sgs_jacket 1583304893126 360 228 touchmove 125 156 1.25 1.25 0 jacket 0
earrings_map_sgs_jacket 1583304893144 360 228 touchmove 127 157 1.25 1.25 0 jacket 0
earrings_map_sgs_jacket 1583304893160 360 228 touchmove 128 158 1.5 1.5 0 jacket 0
earrings_map_sgs_jacket 1583304893177 360 228 touchmove 129 159 1.25 1.25 0 jacket 0
earrings_map_sgs_jacket 1583304893194 360 228 touchmove 131 160 1.25 1.25 0 jacket 0
earrings_map_sgs_jacket 1583304893211 360 228 touchmove 132 160 1.25 1.25 0 jacket 0
earrings_map_sgs_jacket 1583304893227 360 228 touchmove 133 161 1.25 1.25 0 jacket 0
earrings_map_sgs_jacket 1583304893256 360 228 touchmove 133 161 3 3 0 jacket 0
earrings_map_sgs_jacket 1583304893276 360 228 touchmove 134 161 3 3 0 jacket 0
earrings_map_sgs_jacket 1583304893295 360 228 touchmove 134 161 3 3 0 jacket 0
earrings_map_sgs_jacket 1583304893311 360 228 touchmove 135 162 3 3 0 jacket 0
earrings_map_sgs_jacket 1583304893328 360 228 touchmove 136 163 3 3 0 jacket 0
earrings_map_sgs_jacket 1583304893378 360 228 touchmove 137 163 3 3 0 jacket 0
earrings_map_sgs_jacket 1583304893395 360 228 touchmove 138 164 3 3 0 jacket 0
earrings_map_sgs_jacket 1583304893413 360 228 touchmove 138 164 3 3 0 jacket 0
earrings_map_sgs_jacket 1583304893433 360 228 touchmove 139 164 3 3 0 jacket 0
earrings_map_sgs_jacket 1583304893442 360 228 touchmove 139 164 1.25 1.25 0 jacket 0
earrings_map_sgs_jacket 1583304893460 360 228 touchmove 140 165 1.25 1.25 0 jacket 0
earrings_map_sgs_jacket 1583304893478 360 228 touchmove 140 165 1.25 1.25 0 jacket 0
earrings_map_sgs_jacket 1583304893493 360 228 touchmove 141 165 1.25 1.25 0 jacket 0
earrings_map_sgs_jacket 1583304893513 360 228 touchmove 141 166 1.25 1.25 0 jacket 0
earrings_map_sgs_jacket 1583304893527 360 228 touchmove 141 166 1.25 1.25 0 jacket 0
earrings_map_sgs_jacket 1583304893544 360 228 touchmove 142 167 1.25 1.25 0 jacket 0
earrings_map_sgs_jacket 1583304893644 360 228 touchmove 143 167 1.25 1.25 0 jacket 0
earrings_map_sgs_jacket 1583304893665 360 228 touchmove 143 167 1.5 1.5 0 jacket 0
earrings_map_sgs_jacket 1583304893679 360 228 touchmove 143 167 1.25 1.25 0 jacket 0
earrings_map_sgs_jacket 1583304893819 360 228 touchmove 143 168 1.25 1.25 0 jacket 0
earrings_map_sgs_jacket 1583304893879 360 228 touchmove 144 168 1.25 1.25 0 jacket 0
earrings_map_sgs_jacket 1583304894172 360 228 touchmove 144 168 1.25 1.25 0 jacket 0
earrings_map_sgs_jacket 1583304894562 360 228 touchmove 144 168 1.25 1.25 0 jacket 0
earrings_map_sgs_jacket 1583304894580 360 228 touchmove 144 168 1.25 1.25 0 jacket 0
earrings_map_sgs_jacket 1583304894595 360 228 touchmove 145 168 1.25 1.25 0 jacket 0
earrings_map_sgs_jacket 1583304894612 360 228 touchmove 146 167 1.25 1.25 0 jacket 0
earrings_map_sgs_jacket 1583304894632 360 228 touchmove 146 166 1.25 1.25 0 jacket 0
earrings_map_sgs_jacket 1583304894648 360 228 touchmove 147 165 1.25 1.25 0 jacket 0
earrings_map_sgs_jacket 1583304894667 360 228 touchmove 148 164 1.5 1.5 0 jacket 0
earrings_map_sgs_jacket 1583304894681 360 228 touchmove 149 163 1.25 1.25 0 jacket 0
earrings_map_sgs_jacket 1583304894696 360 228 touchmove 151 161 1.25 1.25 0 jacket 0
earrings_map_sgs_jacket 1583304894710 360 228 touchmove 154 158 1.25 1.25 0 jacket 0
earrings_map_sgs_jacket 1583304894727 360 228 touchmove 156 156 1.25 1.25 0 jacket 0
earrings_map_sgs_jacket 1583304894744 360 228 touchmove 159 153 1.25 1.25 0 jacket 0
earrings_map_sgs_jacket 1583304894761 360 228 touchmove 162 150 3 3 0 jacket 0
earrings_map_sgs_jacket 1583304894778 360 228 touchmove 165 147 1.25 1.25 0 jacket 0
earrings_map_sgs_jacket 1583304894793 360 228 touchmove 169 144 1.25 1.25 0 jacket 0
earrings_map_sgs_jacket 1583304894812 360 228 touchmove 173 141 1.25 1.25 0 jacket 0
earrings_map_sgs_jacket 1583304894828 360 228 touchmove 181 134 1.25 1.25 0 jacket 0
earrings_map_sgs_jacket 1583304894845 360 228 touchmove 184 132 1.25 1.25 0 jacket 0
earrings_map_sgs_jacket 1583304894862 360 228 touchmove 190 127 1.25 1.25 0 jacket 0
earrings_map_sgs_jacket 1583304894878 360 228 touchmove 195 124 1.25 1.25 0 jacket 0
earrings_map_sgs_jacket 1583304894896 360 228 touchmove 201 121 1.25 1.25 0 jacket 0
earrings_map_sgs_jacket 1583304894915 360 228 touchmove 207 118 1.25 1.25 0 jacket 0
earrings_map_sgs_jacket 1583304894930 360 228 touchmove 212 115 1.25 1.25 0 jacket 0
earrings_map_sgs_jacket 1583304894944 360 228 touchmove 218 112 1.25 1.25 0 jacket 0
earrings_map_sgs_jacket 1583304894962 360 228 touchmove 221 111 1.25 1.25 0 jacket 0
earrings_map_sgs_jacket 1583304894978 360 228 touchmove 229 107 1.25 1.25 0 jacket 0
earrings_map_sgs_jacket 1583304894995 360 228 touchmove 234 105 1.25 1.25 0 jacket 0
earrings_map_sgs_jacket 1583304895012 360 228 touchmove 239 103 1.25 1.25 0 jacket 0
earrings_map_sgs_jacket 1583304895028 360 228 touchmove 244 102 1.25 1.25 0 jacket 0
earrings_map_sgs_jacket 1583304895048 360 228 touchmove 249 100 1.25 1.25 0 jacket 0
earrings_map_sgs_jacket 1583304895062 360 228 touchmove 253 99 1.25 1.25 0 jacket 0
earrings_map_sgs_jacket 1583304895077 360 228 touchmove 258 98 1.25 1.25 0 jacket 0
earrings_map_sgs_jacket 1583304895095 360 228 touchmove 261 97 1.25 1.25 0 jacket 0
earrings_map_sgs_jacket 1583304895113 360 228 touchmove 265 96 1.25 1.25 0 jacket 0
earrings_map_sgs_jacket 1583304895130 360 228 touchmove 268 96 1.25 1.25 0 jacket 0
earrings_map_sgs_jacket 1583304895146 360 228 touchmove 270 96 1.25 1.25 0 jacket 0
earrings_map_sgs_jacket 1583304895160 360 228 touchmove 272 96 1.5 1.5 0 jacket 0
earrings_map_sgs_jacket 1583304895178 360 228 touchmove 275 95 1.25 1.25 0 jacket 0
earrings_map_sgs_jacket 1583304895193 360 228 touchmove 277 95 1.25 1.25 0 jacket 0
earrings_map_sgs_jacket 1583304895212 360 228 touchmove 279 95 1.25 1.25 0 jacket 0
earrings_map_sgs_jacket 1583304895230 360 228 touchmove 281 95 1.25 1.25 0 jacket 0
earrings_map_sgs_jacket 1583304895245 360 228 touchmove 283 95 1.25 1.25 0 jacket 0
earrings_map_sgs_jacket 1583304895262 360 228 touchmove 284 95 1.25 1.25 0 jacket 0
earrings_map_sgs_jacket 1583304895279 360 228 touchmove 286 95 1.25 1.25 0 jacket 0
earrings_map_sgs_jacket 1583304895296 360 228 touchmove 287 95 1.25 1.25 0 jacket 0
earrings_map_sgs_jacket 1583304895312 360 228 touchmove 288 95 1.25 1.25 0 jacket 0
earrings_map_sgs_jacket 1583304895328 360 228 touchmove 289 95 1.25 1.25 0 jacket 0
earrings_map_sgs_jacket 1583304895377 360 228 touchmove 290 95 1.25 1.25 0 jacket 0
earrings_map_sgs_jacket 1583304895396 360 228 touchmove 291 95 1.25 1.25 0 jacket 0
earrings_map_sgs_jacket 1583304895412 360 228 touchmove 291 95 1.25 1.25 0 jacket 0
earrings_map_sgs_jacket 1583304895428 360 228 touchmove 292 95 1.25 1.25 0 jacket 0
earrings_map_sgs_jacket 1583304895478 360 228 touchmove 293 95 1.25 1.25 0 jacket 0
earrings_map_sgs_jacket 1583304895493 360 228 touchmove 294 95 1.25 1.25 0 jacket 0
earrings_map_sgs_jacket 1583304895509 360 228 touchmove 294 95 1.25 1.25 0 jacket 0
earrings_map_sgs_jacket 1583304895577 360 228 touchmove 295 95 1.25 1.25 0 jacket 0
earrings_map_sgs_jacket 1583304895667 360 228 touchmove 295 95 1.5 1.5 0 jacket 0
earrings_map_sgs_jacket 1583304895682 360 228 touchmove 295 95 1.25 1.25 0 jacket 0
earrings_map_sgs_jacket 1583304896048 360 228 touchmove 295 95 1.25 1.25 0 jacket 0
earrings_map_sgs_jacket 1583304896081 360 228 touchmove 294 94 1.25 1.25 0 jacket 0
earrings_map_sgs_jacket 1583304896113 360 228 touchmove 285 92 1.25 1.25 0 jacket 0
earrings_map_sgs_jacket 1583304896126 360 228 touchmove 275 89 1.25 1.25 0 jacket 0
earrings_map_sgs_jacket 1583304896143 360 228 touchmove 262 85 1.25 1.25 0 jacket 0
earrings_map_sgs_jacket 1583304896160 360 228 touchmove 249 81 1.5 1.5 0 jacket 0
earrings_map_sgs_jacket 1583304896177 360 228 touchmove 232 76 1.25 1.25 0 jacket 0
earrings_map_sgs_jacket 1583304896194 360 228 touchmove 211 71 1.25 1.25 0 jacket 0
earrings_map_sgs_jacket 1583304896212 360 228 touchmove 188 64 1.25 1.25 0 jacket 0
earrings_map_sgs_jacket 1583304896228 360 228 touchmove 164 57 1.25 1.25 0 jacket 0
earrings_map_sgs_jacket 1583304896243 360 228 touchmove 149 53 1.25 1.25 0 jacket 0
earrings_map_sgs_jacket 1583304896261 360 228 touchmove 136 49 1.25 1.25 0 jacket 0
earrings_map_sgs_jacket 1583304896278 360 228 touchmove 124 45 1.25 1.25 0 jacket 0
earrings_map_sgs_jacket 1583304896297 360 228 touchmove 115 42 1.25 1.25 0 jacket 0
earrings_map_sgs_jacket 1583304896311 360 228 touchmove 109 39 1.25 1.25 0 jacket 0
earrings_map_sgs_jacket 1583304896326 360 228 touchmove 103 37 1.25 1.25 0 jacket 0
earrings_map_sgs_jacket 1583304896343 360 228 touchmove 99 35 1.25 1.25 0 jacket 0
earrings_map_sgs_jacket 1583304896361 360 228 touchmove 97 34 1.25 1.25 0 jacket 0
earrings_map_sgs_jacket 1583304896377 360 228 touchmove 96 34 1.25 1.25 0 jacket 0
earrings_map_sgs_jacket 1583304896395 360 228 touchmove 95 34 1.25 1.25 0 jacket 0
earrings_map_sgs_jacket 1583304896412 360 228 touchmove 93 33 1.25 1.25 0 jacket 0
earrings_map_sgs_jacket 1583304896429 360 228 touchmove 93 32 1.25 1.25 0 jacket 0
earrings_map_sgs_jacket 1583304896445 360 228 touchmove 92 32 1.25 1.25 0 jacket 0
earrings_map_sgs_jacket 1583304896461 360 228 touchmove 92 32 1.25 1.25 0 jacket 0
earrings_map_sgs_jacket 1583304896510 360 228 touchmove 91 32 1.25 1.25 0 jacket 0
earrings_map_sgs_jacket 1583304896560 360 228 touchmove 90 32 1.25 1.25 0 jacket 0
earrings_map_sgs_jacket 1583304896664 360 228 touchmove 89 32 1.5 1.5 0 jacket 0
earrings_map_sgs_jacket 1583304896680 360 228 touchmove 89 32 1.25 1.25 0 jacket 0
earrings_map_sgs_jacket 1583304896696 360 228 touchmove 89 32 1.25 1.25 0 jacket 0
earrings_map_sgs_jacket 1583304896761 360 228 touchmove 89 32 3 3 0 jacket 0
earrings_map_sgs_jacket 1583304896777 360 228 touchmove 89 32 1.25 1.25 0 jacket 0
earrings_map_sgs_jacket 1583304896794 360 228 touchmove 90 32 1.25 1.25 0 jacket 0
earrings_map_sgs_jacket 1583304896811 360 228 touchmove 91 32 1.25 1.25 0 jacket 0
earrings_map_sgs_jacket 1583304896827 360 228 touchmove 93 32 1.25 1.25 0 jacket 0
earrings_map_sgs_jacket 1583304896846 360 228 touchmove 97 32 1.25 1.25 0 jacket 0
earrings_map_sgs_jacket 1583304896861 360 228 touchmove 104 31 1.25 1.25 0 jacket 0
earrings_map_sgs_jacket 1583304896879 360 228 touchmove 109 31 1.25 1.25 0 jacket 0
earrings_map_sgs_jacket 1583304896896 360 228 touchmove 115 30 1.25 1.25 0 jacket 0
earrings_map_sgs_jacket 1583304896913 360 228 touchmove 120 30 1.25 1.25 0 jacket 0
earrings_map_sgs_jacket 1583304896928 360 228 touchmove 127 30 1.25 1.25 0 jacket 0
earrings_map_sgs_jacket 1583304896944 360 228 touchmove 132 30 1.25 1.25 0 jacket 0
earrings_map_sgs_jacket 1583304896960 360 228 touchmove 139 29 1.25 1.25 0 jacket 0
earrings_map_sgs_jacket 1583304896979 360 228 touchmove 142 29 1.25 1.25 0 jacket 0
earrings_map_sgs_jacket 1583304896994 360 228 touchmove 146 29 1.25 1.25 0 jacket 0
earrings_map_sgs_jacket 1583304897010 360 228 touchmove 148 29 1.25 1.25 0 jacket 0
earrings_map_sgs_jacket 1583304897027 360 228 touchmove 154 28 1.25 1.25 0 jacket 0
earrings_map_sgs_jacket 1583304897044 360 228 touchmove 158 28 1.25 1.25 0 jacket 0
earrings_map_sgs_jacket 1583304897063 360 228 touchmove 160 28 1.25 1.25 0 jacket 0
earrings_map_sgs_jacket 1583304897079 360 228 touchmove 162 28 1.25 1.25 0 jacket 0
earrings_map_sgs_jacket 1583304897094 360 228 touchmove 165 28 1.25 1.25 0 jacket 0
earrings_map_sgs_jacket 1583304897110 360 228 touchmove 166 28 1.25 1.25 0 jacket 0
earrings_map_sgs_jacket 1583304897127 360 228 touchmove 167 28 1.25 1.25 0 jacket 0
earrings_map_sgs_jacket 1583304897145 360 228 touchmove 167 28 1.25 1.25 0 jacket 0
earrings_map_sgs_jacket 1583304897161 360 228 touchmove 168 28 1.25 1.25 0 jacket 0
earrings_map_sgs_jacket 1583304897171 360 228 touchend 168 28 1.25 1.25 0 jacket 0
