sentence timestamp keyb_width keyb_height event x_pos y_pos x_radius y_radius angle word is_err
nice_weather_for_it 1581382577674 360 216 touchstart 254 169 1.25 1.25 0 nice 0
nice_weather_for_it 1581382577756 360 216 touchmove 257 154 1.25 1.25 0 nice 0
nice_weather_for_it 1581382577774 360 216 touchmove 261 135 1.25 1.25 0 nice 0
nice_weather_for_it 1581382577791 360 216 touchmove 265 117 1.25 1.25 0 nice 0
nice_weather_for_it 1581382577807 360 216 touchmove 268 97 1.25 1.25 0 nice 0
nice_weather_for_it 1581382577825 360 216 touchmove 270 77 1.25 1.25 0 nice 0
nice_weather_for_it 1581382577841 360 216 touchmove 271 58 1.25 1.25 0 nice 0
nice_weather_for_it 1581382577858 360 216 touchmove 272 42 1.25 1.25 0 nice 0
nice_weather_for_it 1581382577872 360 216 touchmove 272 29 1.25 1.25 0 nice 0
nice_weather_for_it 1581382577890 360 216 touchmove 272 23 1.25 1.25 0 nice 0
nice_weather_for_it 1581382577907 360 216 touchmove 271 18 1.25 1.25 0 nice 0
nice_weather_for_it 1581382577923 360 216 touchmove 270 15 1.25 1.25 0 nice 0
nice_weather_for_it 1581382577939 360 216 touchmove 269 13 1.25 1.25 0 nice 0
nice_weather_for_it 1581382577956 360 216 touchmove 263 15 1.25 1.25 0 nice 0
nice_weather_for_it 1581382577973 360 216 touchmove 255 22 1.25 1.25 0 nice 0
nice_weather_for_it 1581382577990 360 216 touchmove 247 32 1.25 1.25 0 nice 0
nice_weather_for_it 1581382578007 360 216 touchmove 237 44 1.25 1.25 0 nice 0
nice_weather_for_it 1581382578023 360 216 touchmove 226 59 1.25 1.25 0 nice 0
nice_weather_for_it 1581382578040 360 216 touchmove 216 78 1.25 1.25 0 nice 0
nice_weather_for_it 1581382578056 360 216 touchmove 208 100 1.25 1.25 0 nice 0
nice_weather_for_it 1581382578074 360 216 touchmove 202 121 1.25 1.25 0 nice 0
nice_weather_for_it 1581382578091 360 216 touchmove 195 138 1.25 1.25 0 nice 0
nice_weather_for_it 1581382578108 360 216 touchmove 189 152 1.25 1.25 0 nice 0
nice_weather_for_it 1581382578123 360 216 touchmove 186 159 1.25 1.25 0 nice 0
nice_weather_for_it 1581382578140 360 216 touchmove 181 164 1.25 1.25 0 nice 0
nice_weather_for_it 1581382578157 360 216 touchmove 177 168 1.25 1.25 0 nice 0
nice_weather_for_it 1581382578175 360 216 touchmove 172 169 1.25 1.25 0 nice 0
nice_weather_for_it 1581382578191 360 216 touchmove 162 165 1.25 1.25 0 nice 0
nice_weather_for_it 1581382578206 360 216 touchmove 152 156 1.25 1.25 0 nice 0
nice_weather_for_it 1581382578223 360 216 touchmove 144 142 1.25 1.25 0 nice 0
nice_weather_for_it 1581382578240 360 216 touchmove 135 123 1.25 1.25 0 nice 0
nice_weather_for_it 1581382578256 360 216 touchmove 129 105 1.25 1.25 0 nice 0
nice_weather_for_it 1581382578273 360 216 touchmove 123 86 1.25 1.25 0 nice 0
nice_weather_for_it 1581382578290 360 216 touchmove 118 68 1.25 1.25 0 nice 0
nice_weather_for_it 1581382578306 360 216 touchmove 114 52 1.25 1.25 0 nice 0
nice_weather_for_it 1581382578324 360 216 touchmove 112 45 1.25 1.25 0 nice 0
nice_weather_for_it 1581382578332 360 216 touchend 112 45 1.25 1.25 0 nice 0
nice_weather_for_it 1581382579971 360 216 touchstart 46 35 1.25 1.25 0 weather 0
nice_weather_for_it 1581382580009 360 216 touchmove 64 29 1.25 1.25 0 weather 0
nice_weather_for_it 1581382580025 360 216 touchmove 71 28 1.25 1.25 0 weather 0
nice_weather_for_it 1581382580046 360 216 touchmove 78 27 1.25 1.25 0 weather 0
nice_weather_for_it 1581382580062 360 216 touchmove 85 26 1.25 1.25 0 weather 0
nice_weather_for_it 1581382580079 360 216 touchmove 91 27 1.25 1.25 0 weather 0
nice_weather_for_it 1581382580093 360 216 touchmove 97 27 1.25 1.25 0 weather 0
nice_weather_for_it 1581382580110 360 216 touchmove 101 28 1.25 1.25 0 weather 0
nice_weather_for_it 1581382580125 360 216 touchmove 105 28 1.25 1.25 0 weather 0
nice_weather_for_it 1581382580143 360 216 touchmove 106 29 1.25 1.25 0 weather 0
nice_weather_for_it 1581382580161 360 216 touchmove 106 31 1.25 1.25 0 weather 0
nice_weather_for_it 1581382580177 360 216 touchmove 104 35 1.25 1.25 0 weather 0
nice_weather_for_it 1581382580195 360 216 touchmove 100 39 1.25 1.25 0 weather 0
nice_weather_for_it 1581382580209 360 216 touchmove 94 44 1.25 1.25 0 weather 0
nice_weather_for_it 1581382580226 360 216 touchmove 88 50 1.25 1.25 0 weather 0
nice_weather_for_it 1581382580244 360 216 touchmove 76 60 1.25 1.25 0 weather 0
nice_weather_for_it 1581382580258 360 216 touchmove 66 67 1.25 1.25 0 weather 0
nice_weather_for_it 1581382580278 360 216 touchmove 55 73 1.25 1.25 0 weather 0
nice_weather_for_it 1581382580295 360 216 touchmove 46 79 1.25 1.25 0 weather 0
nice_weather_for_it 1581382580311 360 216 touchmove 41 82 1.25 1.25 0 weather 0
nice_weather_for_it 1581382580327 360 216 touchmove 36 85 1.25 1.25 0 weather 0
nice_weather_for_it 1581382580343 360 216 touchmove 32 89 1.25 1.25 0 weather 0
nice_weather_for_it 1581382580362 360 216 touchmove 30 92 1.25 1.25 0 weather 0
nice_weather_for_it 1581382580379 360 216 touchmove 28 95 1.25 1.25 0 weather 0
nice_weather_for_it 1581382580392 360 216 touchmove 27 97 1.25 1.25 0 weather 0
nice_weather_for_it 1581382580409 360 216 touchmove 26 99 1.25 1.25 0 weather 0
nice_weather_for_it 1581382580427 360 216 touchmove 27 102 1.25 1.25 0 weather 0
nice_weather_for_it 1581382580442 360 216 touchmove 31 104 1.25 1.25 0 weather 0
nice_weather_for_it 1581382580459 360 216 touchmove 36 105 1.25 1.25 0 weather 0
nice_weather_for_it 1581382580476 360 216 touchmove 46 102 1.25 1.25 0 weather 0
nice_weather_for_it 1581382580492 360 216 touchmove 56 97 1.25 1.25 0 weather 0
nice_weather_for_it 1581382580509 360 216 touchmove 66 90 1.25 1.25 0 weather 0
nice_weather_for_it 1581382580526 360 216 touchmove 75 84 1.25 1.25 0 weather 0
nice_weather_for_it 1581382580546 360 216 touchmove 85 74 1.25 1.25 0 weather 0
nice_weather_for_it 1581382580564 360 216 touchmove 95 64 1.25 1.25 0 weather 0
nice_weather_for_it 1581382580579 360 216 touchmove 106 55 1.25 1.25 0 weather 0
nice_weather_for_it 1581382580593 360 216 touchmove 116 46 1.25 1.25 0 weather 0
nice_weather_for_it 1581382580610 360 216 touchmove 126 39 1.25 1.25 0 weather 0
nice_weather_for_it 1581382580627 360 216 touchmove 134 34 1.25 1.25 0 weather 0
nice_weather_for_it 1581382580642 360 216 touchmove 139 32 1.25 1.25 0 weather 0
nice_weather_for_it 1581382580660 360 216 touchmove 145 29 1.25 1.25 0 weather 0
nice_weather_for_it 1581382580676 360 216 touchmove 151 29 1.25 1.25 0 weather 0
nice_weather_for_it 1581382580693 360 216 touchmove 158 31 1.25 1.25 0 weather 0
nice_weather_for_it 1581382580710 360 216 touchmove 164 34 1.25 1.25 0 weather 0
nice_weather_for_it 1581382580727 360 216 touchmove 170 39 1.25 1.25 0 weather 0
nice_weather_for_it 1581382580743 360 216 touchmove 176 45 1.25 1.25 0 weather 0
nice_weather_for_it 1581382580759 360 216 touchmove 186 57 1.25 1.25 0 weather 0
nice_weather_for_it 1581382580776 360 216 touchmove 194 68 1.25 1.25 0 weather 0
nice_weather_for_it 1581382580792 360 216 touchmove 202 77 1.25 1.25 0 weather 0
nice_weather_for_it 1581382580808 360 216 touchmove 210 83 1.25 1.25 0 weather 0
nice_weather_for_it 1581382580827 360 216 touchmove 214 85 1.25 1.25 0 weather 0
nice_weather_for_it 1581382580843 360 216 touchmove 219 86 1.25 1.25 0 weather 0
nice_weather_for_it 1581382580859 360 216 touchmove 223 87 1.25 1.25 0 weather 0
nice_weather_for_it 1581382580877 360 216 touchmove 228 86 1.25 1.25 0 weather 0
nice_weather_for_it 1581382580896 360 216 touchmove 233 85 1.25 1.25 0 weather 0
nice_weather_for_it 1581382580909 360 216 touchmove 236 84 1.25 1.25 0 weather 0
nice_weather_for_it 1581382580925 360 216 touchmove 239 80 1.25 1.25 0 weather 0
nice_weather_for_it 1581382580943 360 216 touchmove 241 76 1.25 1.25 0 weather 0
nice_weather_for_it 1581382580961 360 216 touchmove 242 71 1.25 1.25 0 weather 0
nice_weather_for_it 1581382580978 360 216 touchmove 239 66 1.25 1.25 0 weather 0
nice_weather_for_it 1581382580997 360 216 touchmove 230 56 1.25 1.25 0 weather 0
nice_weather_for_it 1581382581009 360 216 touchmove 217 48 1.25 1.25 0 weather 0
nice_weather_for_it 1581382581025 360 216 touchmove 201 41 1.25 1.25 0 weather 0
nice_weather_for_it 1581382581043 360 216 touchmove 183 34 1.25 1.25 0 weather 0
nice_weather_for_it 1581382581060 360 216 touchmove 165 28 1.25 1.25 0 weather 0
nice_weather_for_it 1581382581076 360 216 touchmove 148 24 1.25 1.25 0 weather 0
nice_weather_for_it 1581382581093 360 216 touchmove 132 21 1.25 1.25 0 weather 0
nice_weather_for_it 1581382581110 360 216 touchmove 117 18 1.25 1.25 0 weather 0
nice_weather_for_it 1581382581126 360 216 touchmove 105 17 1.25 1.25 0 weather 0
nice_weather_for_it 1581382581143 360 216 touchmove 100 17 1.25 1.25 0 weather 0
nice_weather_for_it 1581382581160 360 216 touchmove 95 18 1.25 1.25 0 weather 0
nice_weather_for_it 1581382581178 360 216 touchmove 91 20 1.25 1.25 0 weather 0
nice_weather_for_it 1581382581194 360 216 touchmove 90 23 1.25 1.25 0 weather 0
nice_weather_for_it 1581382581210 360 216 touchmove 91 26 1.25 1.25 0 weather 0
nice_weather_for_it 1581382581227 360 216 touchmove 94 30 1.25 1.25 0 weather 0
nice_weather_for_it 1581382581243 360 216 touchmove 106 34 1.25 1.25 0 weather 0
nice_weather_for_it 1581382581261 360 216 touchmove 120 36 1.25 1.25 0 weather 0
nice_weather_for_it 1581382581276 360 216 touchmove 136 36 1.25 1.25 0 weather 0
nice_weather_for_it 1581382581293 360 216 touchmove 151 34 1.25 1.25 0 weather 0
nice_weather_for_it 1581382581304 360 216 touchend 151 34 1.25 1.25 0 weather 0
nice_weather_for_it 1581382582857 360 216 touchstart 157 88 1.25 1.25 0 for 1
nice_weather_for_it 1581382582897 360 216 touchmove 142 76 1.25 1.25 0 for 1
nice_weather_for_it 1581382582917 360 216 touchmove 132 70 1.25 1.25 0 for 1
nice_weather_for_it 1581382582936 360 216 touchmove 121 63 1.25 1.25 0 for 1
nice_weather_for_it 1581382582946 360 216 touchmove 115 59 1.25 1.25 0 for 1
nice_weather_for_it 1581382582962 360 216 touchmove 110 54 1.25 1.25 0 for 1
nice_weather_for_it 1581382582979 360 216 touchmove 106 50 1.25 1.25 0 for 1
nice_weather_for_it 1581382582995 360 216 touchmove 103 46 1.25 1.25 0 for 1
nice_weather_for_it 1581382583011 360 216 touchmove 103 43 1.25 1.25 0 for 1
nice_weather_for_it 1581382583028 360 216 touchmove 106 40 1.25 1.25 0 for 1
nice_weather_for_it 1581382583045 360 216 touchmove 115 37 1.25 1.25 0 for 1
nice_weather_for_it 1581382583061 360 216 touchmove 129 39 1.25 1.25 0 for 1
nice_weather_for_it 1581382583078 360 216 touchmove 146 42 1.25 1.25 0 for 1
nice_weather_for_it 1581382583099 360 216 touchmove 164 46 1.25 1.25 0 for 1
nice_weather_for_it 1581382583112 360 216 touchmove 182 50 1.25 1.25 0 for 1
nice_weather_for_it 1581382583129 360 216 touchmove 201 54 1.25 1.25 0 for 1
nice_weather_for_it 1581382583145 360 216 touchmove 220 57 1.25 1.25 0 for 1
nice_weather_for_it 1581382583162 360 216 touchmove 235 58 1.25 1.25 0 for 1
nice_weather_for_it 1581382583179 360 216 touchmove 249 57 1.25 1.25 0 for 1
nice_weather_for_it 1581382583196 360 216 touchmove 256 56 1.25 1.25 0 for 1
nice_weather_for_it 1581382583212 360 216 touchmove 262 56 1.25 1.25 0 for 1
nice_weather_for_it 1581382583228 360 216 touchmove 267 55 1.25 1.25 0 for 1
nice_weather_for_it 1581382583245 360 216 touchmove 269 55 1.25 1.25 0 for 1
nice_weather_for_it 1581382583262 360 216 touchmove 271 55 1.25 1.25 0 for 1
nice_weather_for_it 1581382583281 360 216 touchmove 271 54 1.25 1.25 0 for 1
nice_weather_for_it 1581382583312 360 216 touchmove 270 53 1.25 1.25 0 for 1
nice_weather_for_it 1581382583327 360 216 touchmove 269 52 1.25 1.25 0 for 1
nice_weather_for_it 1581382583345 360 216 touchmove 269 50 1.25 1.25 0 for 1
nice_weather_for_it 1581382583362 360 216 touchmove 271 47 1.25 1.25 0 for 1
nice_weather_for_it 1581382583382 360 216 touchmove 273 43 1.25 1.25 0 for 1
nice_weather_for_it 1581382583400 360 216 touchmove 276 37 1.25 1.25 0 for 1
nice_weather_for_it 1581382583414 360 216 touchmove 277 36 1.25 1.25 0 for 1
nice_weather_for_it 1581382583430 360 216 touchmove 277 31 1.25 1.25 0 for 1
nice_weather_for_it 1581382583447 360 216 touchmove 275 27 1.25 1.25 0 for 1
nice_weather_for_it 1581382583464 360 216 touchmove 270 23 1.25 1.25 0 for 1
nice_weather_for_it 1581382583479 360 216 touchmove 255 18 1.25 1.25 0 for 1
nice_weather_for_it 1581382583485 360 216 touchend 255 18 1.25 1.25 0 for 1
nice_weather_for_it 1581382584695 360 216 touchstart 147 99 1.25 1.25 0 for 0
nice_weather_for_it 1581382584722 360 216 touchmove 158 95 1.25 1.25 0 for 0
nice_weather_for_it 1581382584737 360 216 touchmove 170 92 1.25 1.25 0 for 0
nice_weather_for_it 1581382584751 360 216 touchmove 187 86 1.25 1.25 0 for 0
nice_weather_for_it 1581382584766 360 216 touchmove 205 80 1.25 1.25 0 for 0
nice_weather_for_it 1581382584780 360 216 touchmove 224 73 1.25 1.25 0 for 0
nice_weather_for_it 1581382584796 360 216 touchmove 244 65 1.25 1.25 0 for 0
nice_weather_for_it 1581382584815 360 216 touchmove 262 57 1.25 1.25 0 for 0
nice_weather_for_it 1581382584831 360 216 touchmove 277 51 1.25 1.25 0 for 0
nice_weather_for_it 1581382584847 360 216 touchmove 283 48 1.25 1.25 0 for 0
nice_weather_for_it 1581382584863 360 216 touchmove 286 46 1.25 1.25 0 for 0
nice_weather_for_it 1581382584881 360 216 touchmove 287 44 1.25 1.25 0 for 0
nice_weather_for_it 1581382584899 360 216 touchmove 283 41 1.25 1.25 0 for 0
nice_weather_for_it 1581382584979 360 216 touchmove 271 39 1.25 1.25 0 for 0
nice_weather_for_it 1581382584986 360 216 touchmove 161 42 1.25 1.25 0 for 0
nice_weather_for_it 1581382585015 360 216 touchmove 124 44 1.25 1.25 0 for 0
nice_weather_for_it 1581382585032 360 216 touchmove 108 44 1.25 1.25 0 for 0
nice_weather_for_it 1581382585048 360 216 touchmove 102 44 1.25 1.25 0 for 0
nice_weather_for_it 1581382585054 360 216 touchend 102 44 1.25 1.25 0 for 0
nice_weather_for_it 1581382586164 360 216 touchstart 277 31 1.25 1.25 0 it 0
nice_weather_for_it 1581382586200 360 216 touchmove 257 27 1.25 1.25 0 it 0
nice_weather_for_it 1581382586219 360 216 touchmove 240 26 1.25 1.25 0 it 0
nice_weather_for_it 1581382586236 360 216 touchmove 223 28 1.25 1.25 0 it 0
nice_weather_for_it 1581382586249 360 216 touchmove 206 31 1.25 1.25 0 it 0
nice_weather_for_it 1581382586267 360 216 touchmove 188 33 1.25 1.25 0 it 0
nice_weather_for_it 1581382586281 360 216 touchmove 173 35 1.25 1.25 0 it 0
nice_weather_for_it 1581382586299 360 216 touchmove 166 37 1.25 1.25 0 it 0
nice_weather_for_it 1581382586306 360 216 touchend 166 37 1.25 1.25 0 it 0
expansys_keeps_chronicles_paul 1581382593114 360 216 touchstart 99 23 1.25 1.25 0 expansys 0
expansys_keeps_chronicles_paul 1581382593242 360 216 touchmove 95 37 1.25 1.25 0 expansys 0
expansys_keeps_chronicles_paul 1581382593260 360 216 touchmove 94 45 1.25 1.25 0 expansys 0
expansys_keeps_chronicles_paul 1581382593276 360 216 touchmove 92 60 1.25 1.25 0 expansys 0
expansys_keeps_chronicles_paul 1581382593291 360 216 touchmove 92 75 1.25 1.25 0 expansys 0
expansys_keeps_chronicles_paul 1581382593308 360 216 touchmove 94 92 1.25 1.25 0 expansys 0
expansys_keeps_chronicles_paul 1581382593326 360 216 touchmove 95 108 1.25 1.25 0 expansys 0
expansys_keeps_chronicles_paul 1581382593343 360 216 touchmove 95 122 1.25 1.25 0 expansys 0
expansys_keeps_chronicles_paul 1581382593357 360 216 touchmove 95 133 1.25 1.25 0 expansys 0
expansys_keeps_chronicles_paul 1581382593374 360 216 touchmove 95 139 1.25 1.25 0 expansys 0
expansys_keeps_chronicles_paul 1581382593392 360 216 touchmove 95 144 1.25 1.25 0 expansys 0
expansys_keeps_chronicles_paul 1581382593409 360 216 touchmove 95 147 1.25 1.25 0 expansys 0
expansys_keeps_chronicles_paul 1581382593424 360 216 touchmove 96 150 1.25 1.25 0 expansys 0
expansys_keeps_chronicles_paul 1581382593442 360 216 touchmove 96 151 1.25 1.25 0 expansys 0
expansys_keeps_chronicles_paul 1581382593457 360 216 touchmove 96 152 1.25 1.25 0 expansys 0
expansys_keeps_chronicles_paul 1581382593558 360 216 touchmove 98 151 1.25 1.25 0 expansys 0
expansys_keeps_chronicles_paul 1581382593576 360 216 touchmove 101 148 1.25 1.25 0 expansys 0
expansys_keeps_chronicles_paul 1581382593591 360 216 touchmove 106 145 1.25 1.25 0 expansys 0
expansys_keeps_chronicles_paul 1581382593610 360 216 touchmove 117 138 1.25 1.25 0 expansys 0
expansys_keeps_chronicles_paul 1581382593626 360 216 touchmove 131 131 1.25 1.25 0 expansys 0
expansys_keeps_chronicles_paul 1581382593642 360 216 touchmove 147 123 1.25 1.25 0 expansys 0
expansys_keeps_chronicles_paul 1581382593660 360 216 touchmove 165 115 1.25 1.25 0 expansys 0
expansys_keeps_chronicles_paul 1581382593677 360 216 touchmove 184 104 1.25 1.25 0 expansys 0
expansys_keeps_chronicles_paul 1581382593694 360 216 touchmove 205 94 1.25 1.25 0 expansys 0
expansys_keeps_chronicles_paul 1581382593709 360 216 touchmove 225 83 1.25 1.25 0 expansys 0
expansys_keeps_chronicles_paul 1581382593728 360 216 touchmove 247 74 1.25 1.25 0 expansys 0
expansys_keeps_chronicles_paul 1581382593743 360 216 touchmove 268 63 1.25 1.25 0 expansys 0
expansys_keeps_chronicles_paul 1581382593759 360 216 touchmove 287 53 1.25 1.25 0 expansys 0
expansys_keeps_chronicles_paul 1581382593776 360 216 touchmove 304 43 1.25 1.25 0 expansys 0
expansys_keeps_chronicles_paul 1581382593791 360 216 touchmove 318 36 1.25 1.25 0 expansys 0
expansys_keeps_chronicles_paul 1581382593809 360 216 touchmove 324 32 1.25 1.25 0 expansys 0
expansys_keeps_chronicles_paul 1581382593826 360 216 touchmove 330 29 1.25 1.25 0 expansys 0
expansys_keeps_chronicles_paul 1581382593844 360 216 touchmove 334 27 1.25 1.25 0 expansys 0
expansys_keeps_chronicles_paul 1581382593861 360 216 touchmove 336 26 1.25 1.25 0 expansys 0
expansys_keeps_chronicles_paul 1581382593878 360 216 touchmove 338 24 1.25 1.25 0 expansys 0
expansys_keeps_chronicles_paul 1581382593892 360 216 touchmove 339 24 1.25 1.25 0 expansys 0
expansys_keeps_chronicles_paul 1581382593915 360 216 touchmove 339 23 1.25 1.25 0 expansys 0
expansys_keeps_chronicles_paul 1581382593926 360 216 touchmove 339 23 1.25 1.25 0 expansys 0
expansys_keeps_chronicles_paul 1581382593958 360 216 touchmove 340 23 1.25 1.25 0 expansys 0
expansys_keeps_chronicles_paul 1581382594009 360 216 touchmove 339 23 1.25 1.25 0 expansys 0
expansys_keeps_chronicles_paul 1581382594026 360 216 touchmove 336 23 1.25 1.25 0 expansys 0
expansys_keeps_chronicles_paul 1581382594042 360 216 touchmove 334 22 1.25 1.25 0 expansys 0
expansys_keeps_chronicles_paul 1581382594061 360 216 touchmove 331 22 1.25 1.25 0 expansys 0
expansys_keeps_chronicles_paul 1581382594076 360 216 touchmove 328 22 1.25 1.25 0 expansys 0
expansys_keeps_chronicles_paul 1581382594093 360 216 touchmove 325 22 1.25 1.25 0 expansys 0
expansys_keeps_chronicles_paul 1581382594110 360 216 touchmove 320 22 1.25 1.25 0 expansys 0
expansys_keeps_chronicles_paul 1581382594126 360 216 touchmove 314 22 1.25 1.25 0 expansys 0
expansys_keeps_chronicles_paul 1581382594144 360 216 touchmove 306 22 1.25 1.25 0 expansys 0
expansys_keeps_chronicles_paul 1581382594159 360 216 touchmove 292 22 1.25 1.25 0 expansys 0
expansys_keeps_chronicles_paul 1581382594177 360 216 touchmove 276 23 1.25 1.25 0 expansys 0
expansys_keeps_chronicles_paul 1581382594192 360 216 touchmove 260 25 1.25 1.25 0 expansys 0
expansys_keeps_chronicles_paul 1581382594210 360 216 touchmove 242 27 1.25 1.25 0 expansys 0
expansys_keeps_chronicles_paul 1581382594226 360 216 touchmove 223 31 1.25 1.25 0 expansys 0
expansys_keeps_chronicles_paul 1581382594244 360 216 touchmove 202 34 1.25 1.25 0 expansys 0
expansys_keeps_chronicles_paul 1581382594259 360 216 touchmove 180 39 1.25 1.25 0 expansys 0
expansys_keeps_chronicles_paul 1581382594280 360 216 touchmove 159 43 1.25 1.25 0 expansys 0
expansys_keeps_chronicles_paul 1581382594293 360 216 touchmove 136 49 1.25 1.25 0 expansys 0
expansys_keeps_chronicles_paul 1581382594309 360 216 touchmove 113 54 1.25 1.25 0 expansys 0
expansys_keeps_chronicles_paul 1581382594326 360 216 touchmove 93 60 1.25 1.25 0 expansys 0
expansys_keeps_chronicles_paul 1581382594344 360 216 touchmove 75 67 1.25 1.25 0 expansys 0
expansys_keeps_chronicles_paul 1581382594359 360 216 touchmove 60 74 1.25 1.25 0 expansys 0
expansys_keeps_chronicles_paul 1581382594377 360 216 touchmove 49 80 1.25 1.25 0 expansys 0
expansys_keeps_chronicles_paul 1581382594393 360 216 touchmove 43 83 1.25 1.25 0 expansys 0
expansys_keeps_chronicles_paul 1581382594410 360 216 touchmove 38 86 1.25 1.25 0 expansys 0
expansys_keeps_chronicles_paul 1581382594428 360 216 touchmove 36 88 1.25 1.25 0 expansys 0
expansys_keeps_chronicles_paul 1581382594444 360 216 touchmove 35 90 1.25 1.25 0 expansys 0
expansys_keeps_chronicles_paul 1581382594459 360 216 touchmove 35 92 1.25 1.25 0 expansys 0
expansys_keeps_chronicles_paul 1581382594477 360 216 touchmove 38 95 1.25 1.25 0 expansys 0
expansys_keeps_chronicles_paul 1581382594494 360 216 touchmove 48 98 1.25 1.25 0 expansys 0
expansys_keeps_chronicles_paul 1581382594509 360 216 touchmove 57 101 1.25 1.25 0 expansys 0
expansys_keeps_chronicles_paul 1581382594528 360 216 touchmove 70 104 1.25 1.25 0 expansys 0
expansys_keeps_chronicles_paul 1581382594543 360 216 touchmove 84 107 1.25 1.25 0 expansys 0
expansys_keeps_chronicles_paul 1581382594560 360 216 touchmove 100 110 1.25 1.25 0 expansys 0
expansys_keeps_chronicles_paul 1581382594577 360 216 touchmove 116 114 1.25 1.25 0 expansys 0
expansys_keeps_chronicles_paul 1581382594593 360 216 touchmove 132 119 1.25 1.25 0 expansys 0
expansys_keeps_chronicles_paul 1581382594608 360 216 touchmove 150 124 1.25 1.25 0 expansys 0
expansys_keeps_chronicles_paul 1581382594626 360 216 touchmove 168 130 1.25 1.25 0 expansys 0
expansys_keeps_chronicles_paul 1581382594643 360 216 touchmove 186 137 1.25 1.25 0 expansys 0
expansys_keeps_chronicles_paul 1581382594661 360 216 touchmove 202 142 1.25 1.25 0 expansys 0
expansys_keeps_chronicles_paul 1581382594676 360 216 touchmove 210 144 1.25 1.25 0 expansys 0
expansys_keeps_chronicles_paul 1581382594692 360 216 touchmove 218 147 1.25 1.25 0 expansys 0
expansys_keeps_chronicles_paul 1581382594710 360 216 touchmove 224 149 1.25 1.25 0 expansys 0
expansys_keeps_chronicles_paul 1581382594726 360 216 touchmove 230 151 1.25 1.25 0 expansys 0
expansys_keeps_chronicles_paul 1581382594744 360 216 touchmove 233 153 1.25 1.25 0 expansys 0
expansys_keeps_chronicles_paul 1581382594760 360 216 touchmove 236 154 1.25 1.25 0 expansys 0
expansys_keeps_chronicles_paul 1581382594777 360 216 touchmove 238 154 1.25 1.25 0 expansys 0
expansys_keeps_chronicles_paul 1581382594794 360 216 touchmove 239 155 1.25 1.25 0 expansys 0
expansys_keeps_chronicles_paul 1581382594810 360 216 touchmove 240 155 1.25 1.25 0 expansys 0
expansys_keeps_chronicles_paul 1581382594826 360 216 touchmove 241 155 1.25 1.25 0 expansys 0
expansys_keeps_chronicles_paul 1581382594845 360 216 touchmove 241 155 1.25 1.25 0 expansys 0
expansys_keeps_chronicles_paul 1581382594918 360 216 touchmove 240 155 1.25 1.25 0 expansys 0
expansys_keeps_chronicles_paul 1581382594932 360 216 touchmove 239 154 1.25 1.25 0 expansys 0
expansys_keeps_chronicles_paul 1581382594946 360 216 touchmove 235 154 1.25 1.25 0 expansys 0
expansys_keeps_chronicles_paul 1581382594962 360 216 touchmove 231 153 1.25 1.25 0 expansys 0
expansys_keeps_chronicles_paul 1581382594980 360 216 touchmove 227 152 1.25 1.25 0 expansys 0
expansys_keeps_chronicles_paul 1581382594996 360 216 touchmove 221 151 1.25 1.25 0 expansys 0
expansys_keeps_chronicles_paul 1581382595010 360 216 touchmove 214 149 1.25 1.25 0 expansys 0
expansys_keeps_chronicles_paul 1581382595028 360 216 touchmove 206 147 1.25 1.25 0 expansys 0
expansys_keeps_chronicles_paul 1581382595046 360 216 touchmove 198 145 1.25 1.25 0 expansys 0
expansys_keeps_chronicles_paul 1581382595060 360 216 touchmove 181 138 1.25 1.25 0 expansys 0
expansys_keeps_chronicles_paul 1581382595078 360 216 touchmove 164 133 1.25 1.25 0 expansys 0
expansys_keeps_chronicles_paul 1581382595096 360 216 touchmove 149 127 1.25 1.25 0 expansys 0
expansys_keeps_chronicles_paul 1581382595111 360 216 touchmove 134 120 1.25 1.25 0 expansys 0
expansys_keeps_chronicles_paul 1581382595127 360 216 touchmove 118 114 1.25 1.25 0 expansys 0
expansys_keeps_chronicles_paul 1581382595144 360 216 touchmove 103 109 1.25 1.25 0 expansys 0
expansys_keeps_chronicles_paul 1581382595160 360 216 touchmove 96 106 1.25 1.25 0 expansys 0
expansys_keeps_chronicles_paul 1581382595178 360 216 touchmove 87 104 1.25 1.25 0 expansys 0
expansys_keeps_chronicles_paul 1581382595195 360 216 touchmove 80 103 1.25 1.25 0 expansys 0
expansys_keeps_chronicles_paul 1581382595211 360 216 touchmove 75 102 1.25 1.25 0 expansys 0
expansys_keeps_chronicles_paul 1581382595230 360 216 touchmove 72 101 1.25 1.25 0 expansys 0
expansys_keeps_chronicles_paul 1581382595244 360 216 touchmove 70 101 1.25 1.25 0 expansys 0
expansys_keeps_chronicles_paul 1581382595277 360 216 touchmove 70 100 1.25 1.25 0 expansys 0
expansys_keeps_chronicles_paul 1581382595294 360 216 touchmove 74 99 1.25 1.25 0 expansys 0
expansys_keeps_chronicles_paul 1581382595309 360 216 touchmove 80 97 1.25 1.25 0 expansys 0
expansys_keeps_chronicles_paul 1581382595328 360 216 touchmove 87 95 1.25 1.25 0 expansys 0
expansys_keeps_chronicles_paul 1581382595344 360 216 touchmove 96 92 1.25 1.25 0 expansys 0
expansys_keeps_chronicles_paul 1581382595360 360 216 touchmove 110 87 1.25 1.25 0 expansys 0
expansys_keeps_chronicles_paul 1581382595378 360 216 touchmove 123 83 1.25 1.25 0 expansys 0
expansys_keeps_chronicles_paul 1581382595394 360 216 touchmove 137 77 1.25 1.25 0 expansys 0
expansys_keeps_chronicles_paul 1581382595411 360 216 touchmove 152 70 1.25 1.25 0 expansys 0
expansys_keeps_chronicles_paul 1581382595427 360 216 touchmove 167 63 1.25 1.25 0 expansys 0
expansys_keeps_chronicles_paul 1581382595443 360 216 touchmove 182 56 1.25 1.25 0 expansys 0
expansys_keeps_chronicles_paul 1581382595460 360 216 touchmove 196 49 1.25 1.25 0 expansys 0
expansys_keeps_chronicles_paul 1581382595476 360 216 touchmove 207 42 1.25 1.25 0 expansys 0
expansys_keeps_chronicles_paul 1581382595494 360 216 touchmove 212 40 1.25 1.25 0 expansys 0
expansys_keeps_chronicles_paul 1581382595511 360 216 touchmove 215 38 1.25 1.25 0 expansys 0
expansys_keeps_chronicles_paul 1581382595528 360 216 touchmove 217 36 1.25 1.25 0 expansys 0
expansys_keeps_chronicles_paul 1581382595544 360 216 touchmove 218 36 1.25 1.25 0 expansys 0
expansys_keeps_chronicles_paul 1581382595561 360 216 touchmove 217 35 1.25 1.25 0 expansys 0
expansys_keeps_chronicles_paul 1581382595578 360 216 touchmove 208 38 1.25 1.25 0 expansys 0
expansys_keeps_chronicles_paul 1581382595594 360 216 touchmove 196 43 1.25 1.25 0 expansys 0
expansys_keeps_chronicles_paul 1581382595611 360 216 touchmove 181 49 1.25 1.25 0 expansys 0
expansys_keeps_chronicles_paul 1581382595627 360 216 touchmove 163 58 1.25 1.25 0 expansys 0
expansys_keeps_chronicles_paul 1581382595644 360 216 touchmove 145 69 1.25 1.25 0 expansys 0
expansys_keeps_chronicles_paul 1581382595662 360 216 touchmove 126 80 1.25 1.25 0 expansys 0
expansys_keeps_chronicles_paul 1581382595678 360 216 touchmove 109 93 1.25 1.25 0 expansys 0
expansys_keeps_chronicles_paul 1581382595695 360 216 touchmove 94 103 1.25 1.25 0 expansys 0
expansys_keeps_chronicles_paul 1581382595711 360 216 touchmove 88 109 1.25 1.25 0 expansys 0
expansys_keeps_chronicles_paul 1581382595728 360 216 touchmove 83 112 1.25 1.25 0 expansys 0
expansys_keeps_chronicles_paul 1581382595735 360 216 touchend 83 112 1.25 1.25 0 expansys 0
expansys_keeps_chronicles_paul 1581382597009 360 216 touchstart 297 101 1.25 1.25 0 keeps 1
expansys_keeps_chronicles_paul 1581382597131 360 216 touchmove 286 92 1.25 1.25 0 keeps 1
expansys_keeps_chronicles_paul 1581382597148 360 216 touchmove 281 87 1.25 1.25 0 keeps 1
expansys_keeps_chronicles_paul 1581382597165 360 216 touchmove 275 82 1.25 1.25 0 keeps 1
expansys_keeps_chronicles_paul 1581382597178 360 216 touchmove 269 75 1.25 1.25 0 keeps 1
expansys_keeps_chronicles_paul 1581382597200 360 216 touchmove 258 64 1.25 1.25 0 keeps 1
expansys_keeps_chronicles_paul 1581382597218 360 216 touchmove 248 53 1.25 1.25 0 keeps 1
expansys_keeps_chronicles_paul 1581382597232 360 216 touchmove 238 45 1.25 1.25 0 keeps 1
expansys_keeps_chronicles_paul 1581382597246 360 216 touchmove 228 35 1.25 1.25 0 keeps 1
expansys_keeps_chronicles_paul 1581382597265 360 216 touchmove 216 27 1.25 1.25 0 keeps 1
expansys_keeps_chronicles_paul 1581382597282 360 216 touchmove 205 20 1.25 1.25 0 keeps 1
expansys_keeps_chronicles_paul 1581382597297 360 216 touchmove 194 16 1.25 1.25 0 keeps 1
expansys_keeps_chronicles_paul 1581382597314 360 216 touchmove 182 13 1.25 1.25 0 keeps 1
expansys_keeps_chronicles_paul 1581382597332 360 216 touchmove 170 11 1.25 1.25 0 keeps 1
expansys_keeps_chronicles_paul 1581382597348 360 216 touchmove 158 12 1.25 1.25 0 keeps 1
expansys_keeps_chronicles_paul 1581382597364 360 216 touchmove 146 13 1.25 1.25 0 keeps 1
expansys_keeps_chronicles_paul 1581382597381 360 216 touchmove 134 16 1.25 1.25 0 keeps 1
expansys_keeps_chronicles_paul 1581382597397 360 216 touchmove 122 20 1.25 1.25 0 keeps 1
expansys_keeps_chronicles_paul 1581382597415 360 216 touchmove 111 24 1.25 1.25 0 keeps 1
expansys_keeps_chronicles_paul 1581382597431 360 216 touchmove 102 31 1.25 1.25 0 keeps 1
expansys_keeps_chronicles_paul 1581382597448 360 216 touchmove 95 38 1.25 1.25 0 keeps 1
expansys_keeps_chronicles_paul 1581382597463 360 216 touchmove 91 43 1.25 1.25 0 keeps 1
expansys_keeps_chronicles_paul 1581382597481 360 216 touchmove 88 47 1.25 1.25 0 keeps 1
expansys_keeps_chronicles_paul 1581382597496 360 216 touchmove 85 51 1.25 1.25 0 keeps 1
expansys_keeps_chronicles_paul 1581382597516 360 216 touchmove 84 55 1.25 1.25 0 keeps 1
expansys_keeps_chronicles_paul 1581382597532 360 216 touchmove 83 59 1.25 1.25 0 keeps 1
expansys_keeps_chronicles_paul 1581382597546 360 216 touchmove 83 60 1.25 1.25 0 keeps 1
expansys_keeps_chronicles_paul 1581382597564 360 216 touchmove 86 61 1.25 1.25 0 keeps 1
expansys_keeps_chronicles_paul 1581382597581 360 216 touchmove 92 59 1.25 1.25 0 keeps 1
expansys_keeps_chronicles_paul 1581382597597 360 216 touchmove 98 54 1.25 1.25 0 keeps 1
expansys_keeps_chronicles_paul 1581382597614 360 216 touchmove 109 44 1.25 1.25 0 keeps 1
expansys_keeps_chronicles_paul 1581382597681 360 216 touchmove 116 36 1.25 1.25 0 keeps 1
expansys_keeps_chronicles_paul 1581382597690 360 216 touchmove 134 16 1.25 1.25 0 keeps 1
expansys_keeps_chronicles_paul 1581382597700 360 216 touchmove 136 14 1.25 1.25 0 keeps 1
expansys_keeps_chronicles_paul 1581382597714 360 216 touchmove 141 11 1.25 1.25 0 keeps 1
expansys_keeps_chronicles_paul 1581382597733 360 216 touchmove 147 9 1.25 1.25 0 keeps 1
expansys_keeps_chronicles_paul 1581382597747 360 216 touchmove 153 9 1.25 1.25 0 keeps 1
expansys_keeps_chronicles_paul 1581382597764 360 216 touchmove 167 11 1.25 1.25 0 keeps 1
expansys_keeps_chronicles_paul 1581382597783 360 216 touchmove 181 16 1.25 1.25 0 keeps 1
expansys_keeps_chronicles_paul 1581382597800 360 216 touchmove 198 20 1.25 1.25 0 keeps 1
expansys_keeps_chronicles_paul 1581382597815 360 216 touchmove 217 24 1.25 1.25 0 keeps 1
expansys_keeps_chronicles_paul 1581382597833 360 216 touchmove 235 26 1.25 1.25 0 keeps 1
expansys_keeps_chronicles_paul 1581382597849 360 216 touchmove 252 26 1.25 1.25 0 keeps 1
expansys_keeps_chronicles_paul 1581382597866 360 216 touchmove 268 25 1.25 1.25 0 keeps 1
expansys_keeps_chronicles_paul 1581382597882 360 216 touchmove 284 24 1.25 1.25 0 keeps 1
expansys_keeps_chronicles_paul 1581382597900 360 216 touchmove 297 24 1.25 1.25 0 keeps 1
expansys_keeps_chronicles_paul 1581382597915 360 216 touchmove 304 23 1.25 1.25 0 keeps 1
expansys_keeps_chronicles_paul 1581382597933 360 216 touchmove 309 23 1.25 1.25 0 keeps 1
expansys_keeps_chronicles_paul 1581382597948 360 216 touchmove 314 22 1.25 1.25 0 keeps 1
expansys_keeps_chronicles_paul 1581382597965 360 216 touchmove 315 21 1.25 1.25 0 keeps 1
expansys_keeps_chronicles_paul 1581382597982 360 216 touchmove 317 21 1.25 1.25 0 keeps 1
expansys_keeps_chronicles_paul 1581382597998 360 216 touchmove 318 21 1.25 1.25 0 keeps 1
expansys_keeps_chronicles_paul 1581382598004 360 216 touchend 318 21 1.25 1.25 0 keeps 1
expansys_keeps_chronicles_paul 1581382599529 360 216 touchstart 286 101 1.25 1.25 0 keeps 0
expansys_keeps_chronicles_paul 1581382599567 360 216 touchmove 274 97 1.25 1.25 0 keeps 0
expansys_keeps_chronicles_paul 1581382599584 360 216 touchmove 267 94 1.25 1.25 0 keeps 0
expansys_keeps_chronicles_paul 1581382599600 360 216 touchmove 254 88 1.25 1.25 0 keeps 0
expansys_keeps_chronicles_paul 1581382599620 360 216 touchmove 240 83 1.25 1.25 0 keeps 0
expansys_keeps_chronicles_paul 1581382599634 360 216 touchmove 228 75 1.25 1.25 0 keeps 0
expansys_keeps_chronicles_paul 1581382599649 360 216 touchmove 217 69 1.25 1.25 0 keeps 0
expansys_keeps_chronicles_paul 1581382599666 360 216 touchmove 204 63 1.25 1.25 0 keeps 0
expansys_keeps_chronicles_paul 1581382599684 360 216 touchmove 192 57 1.25 1.25 0 keeps 0
expansys_keeps_chronicles_paul 1581382599700 360 216 touchmove 179 49 1.25 1.25 0 keeps 0
expansys_keeps_chronicles_paul 1581382599718 360 216 touchmove 166 43 1.25 1.25 0 keeps 0
expansys_keeps_chronicles_paul 1581382599734 360 216 touchmove 154 38 1.25 1.25 0 keeps 0
expansys_keeps_chronicles_paul 1581382599754 360 216 touchmove 144 34 1.25 1.25 0 keeps 0
expansys_keeps_chronicles_paul 1581382599766 360 216 touchmove 134 30 1.25 1.25 0 keeps 0
expansys_keeps_chronicles_paul 1581382599783 360 216 touchmove 124 28 1.25 1.25 0 keeps 0
expansys_keeps_chronicles_paul 1581382599800 360 216 touchmove 118 27 1.25 1.25 0 keeps 0
expansys_keeps_chronicles_paul 1581382599818 360 216 touchmove 113 27 1.25 1.25 0 keeps 0
expansys_keeps_chronicles_paul 1581382599834 360 216 touchmove 108 27 1.25 1.25 0 keeps 0
expansys_keeps_chronicles_paul 1581382599850 360 216 touchmove 102 28 1.25 1.25 0 keeps 0
expansys_keeps_chronicles_paul 1581382599865 360 216 touchmove 99 29 1.25 1.25 0 keeps 0
expansys_keeps_chronicles_paul 1581382599885 360 216 touchmove 97 29 1.25 1.25 0 keeps 0
expansys_keeps_chronicles_paul 1581382599900 360 216 touchmove 96 30 1.25 1.25 0 keeps 0
expansys_keeps_chronicles_paul 1581382599922 360 216 touchmove 96 30 1.25 1.25 0 keeps 0
expansys_keeps_chronicles_paul 1581382599934 360 216 touchmove 97 30 1.25 1.25 0 keeps 0
expansys_keeps_chronicles_paul 1581382599952 360 216 touchmove 103 29 1.25 1.25 0 keeps 0
expansys_keeps_chronicles_paul 1581382599968 360 216 touchmove 116 27 1.25 1.25 0 keeps 0
expansys_keeps_chronicles_paul 1581382599984 360 216 touchmove 131 25 1.25 1.25 0 keeps 0
expansys_keeps_chronicles_paul 1581382600000 360 216 touchmove 148 23 1.25 1.25 0 keeps 0
expansys_keeps_chronicles_paul 1581382600016 360 216 touchmove 167 21 1.25 1.25 0 keeps 0
expansys_keeps_chronicles_paul 1581382600036 360 216 touchmove 187 22 1.25 1.25 0 keeps 0
expansys_keeps_chronicles_paul 1581382600051 360 216 touchmove 211 24 1.25 1.25 0 keeps 0
expansys_keeps_chronicles_paul 1581382600067 360 216 touchmove 234 26 1.25 1.25 0 keeps 0
expansys_keeps_chronicles_paul 1581382600083 360 216 touchmove 256 28 1.25 1.25 0 keeps 0
expansys_keeps_chronicles_paul 1581382600101 360 216 touchmove 277 30 1.25 1.25 0 keeps 0
expansys_keeps_chronicles_paul 1581382600117 360 216 touchmove 298 31 1.25 1.25 0 keeps 0
expansys_keeps_chronicles_paul 1581382600135 360 216 touchmove 319 32 1.25 1.25 0 keeps 0
expansys_keeps_chronicles_paul 1581382600150 360 216 touchmove 334 32 1.25 1.25 0 keeps 0
expansys_keeps_chronicles_paul 1581382600168 360 216 touchmove 341 33 1.25 1.25 0 keeps 0
expansys_keeps_chronicles_paul 1581382600185 360 216 touchmove 346 33 1.25 1.25 0 keeps 0
expansys_keeps_chronicles_paul 1581382600201 360 216 touchmove 349 33 1.25 1.25 0 keeps 0
expansys_keeps_chronicles_paul 1581382600217 360 216 touchmove 351 34 1.25 1.25 0 keeps 0
expansys_keeps_chronicles_paul 1581382600235 360 216 touchmove 353 33 1.25 1.25 0 keeps 0
expansys_keeps_chronicles_paul 1581382600251 360 216 touchmove 350 31 1.25 1.25 0 keeps 0
expansys_keeps_chronicles_paul 1581382600267 360 216 touchmove 343 31 1.25 1.25 0 keeps 0
expansys_keeps_chronicles_paul 1581382600285 360 216 touchmove 334 30 1.25 1.25 0 keeps 0
expansys_keeps_chronicles_paul 1581382600302 360 216 touchmove 320 31 1.25 1.25 0 keeps 0
expansys_keeps_chronicles_paul 1581382600317 360 216 touchmove 307 31 1.25 1.25 0 keeps 0
expansys_keeps_chronicles_paul 1581382600334 360 216 touchmove 292 32 1.25 1.25 0 keeps 0
expansys_keeps_chronicles_paul 1581382600352 360 216 touchmove 275 34 1.25 1.25 0 keeps 0
expansys_keeps_chronicles_paul 1581382600368 360 216 touchmove 255 38 1.25 1.25 0 keeps 0
expansys_keeps_chronicles_paul 1581382600386 360 216 touchmove 233 44 1.25 1.25 0 keeps 0
expansys_keeps_chronicles_paul 1581382600401 360 216 touchmove 208 51 1.25 1.25 0 keeps 0
expansys_keeps_chronicles_paul 1581382600418 360 216 touchmove 182 58 1.25 1.25 0 keeps 0
expansys_keeps_chronicles_paul 1581382600435 360 216 touchmove 158 67 1.25 1.25 0 keeps 0
expansys_keeps_chronicles_paul 1581382600452 360 216 touchmove 134 74 1.25 1.25 0 keeps 0
expansys_keeps_chronicles_paul 1581382600467 360 216 touchmove 115 82 1.25 1.25 0 keeps 0
expansys_keeps_chronicles_paul 1581382600484 360 216 touchmove 99 88 1.25 1.25 0 keeps 0
expansys_keeps_chronicles_paul 1581382600502 360 216 touchmove 91 92 1.25 1.25 0 keeps 0
expansys_keeps_chronicles_paul 1581382600517 360 216 touchmove 85 94 1.25 1.25 0 keeps 0
expansys_keeps_chronicles_paul 1581382600536 360 216 touchmove 80 96 1.25 1.25 0 keeps 0
expansys_keeps_chronicles_paul 1581382600540 360 216 touchend 80 96 1.25 1.25 0 keeps 0
was_wondering_if_you_and_natalie_connected 1581382609171 360 216 touchstart 151 160 1.25 1.25 0 was 1
was_wondering_if_you_and_natalie_connected 1581382609299 360 216 touchmove 168 151 1.25 1.25 0 was 1
was_wondering_if_you_and_natalie_connected 1581382609317 360 216 touchmove 182 144 1.25 1.25 0 was 1
was_wondering_if_you_and_natalie_connected 1581382609328 360 216 touchmove 195 137 1.25 1.25 0 was 1
was_wondering_if_you_and_natalie_connected 1581382609350 360 216 touchmove 208 131 1.25 1.25 0 was 1
was_wondering_if_you_and_natalie_connected 1581382609363 360 216 touchmove 218 125 1.25 1.25 0 was 1
was_wondering_if_you_and_natalie_connected 1581382609378 360 216 touchmove 223 122 1.25 1.25 0 was 1
was_wondering_if_you_and_natalie_connected 1581382609395 360 216 touchmove 226 120 1.25 1.25 0 was 1
was_wondering_if_you_and_natalie_connected 1581382609413 360 216 touchmove 228 119 1.25 1.25 0 was 1
was_wondering_if_you_and_natalie_connected 1581382609428 360 216 touchmove 230 118 1.25 1.25 0 was 1
was_wondering_if_you_and_natalie_connected 1581382609447 360 216 touchmove 230 118 1.25 1.25 0 was 1
was_wondering_if_you_and_natalie_connected 1581382609452 360 216 touchend 230 118 1.25 1.25 0 was 1
was_wondering_if_you_and_natalie_connected 1581382612928 360 216 touchstart 69 30 1.25 1.25 0 was 1
was_wondering_if_you_and_natalie_connected 1581382613009 360 216 touchend 69 30 1.25 1.25 0 was 1
was_wondering_if_you_and_natalie_connected 1581382613452 360 216 touchmove 48 65 1.25 1.25 0 was 0
was_wondering_if_you_and_natalie_connected 1581382613470 360 216 touchmove 41 81 1.25 1.25 0 was 0
was_wondering_if_you_and_natalie_connected 1581382613494 360 216 touchmove 32 99 1.25 1.25 0 was 0
was_wondering_if_you_and_natalie_connected 1581382613504 360 216 touchmove 31 102 1.25 1.25 0 was 0
was_wondering_if_you_and_natalie_connected 1581382613517 360 216 touchmove 28 107 1.25 1.25 0 was 0
was_wondering_if_you_and_natalie_connected 1581382613534 360 216 touchmove 27 111 1.25 1.25 0 was 0
was_wondering_if_you_and_natalie_connected 1581382613552 360 216 touchmove 26 113 1.25 1.25 0 was 0
was_wondering_if_you_and_natalie_connected 1581382613568 360 216 touchmove 27 113 1.25 1.25 0 was 0
was_wondering_if_you_and_natalie_connected 1581382613586 360 216 touchmove 32 112 1.25 1.25 0 was 0
was_wondering_if_you_and_natalie_connected 1581382613600 360 216 touchmove 44 107 1.25 1.25 0 was 0
was_wondering_if_you_and_natalie_connected 1581382613618 360 216 touchmove 55 102 1.25 1.25 0 was 0
was_wondering_if_you_and_natalie_connected 1581382613634 360 216 touchmove 66 99 1.25 1.25 0 was 0
was_wondering_if_you_and_natalie_connected 1581382613652 360 216 touchmove 71 98 1.25 1.25 0 was 0
was_wondering_if_you_and_natalie_connected 1581382613667 360 216 touchmove 76 96 1.25 1.25 0 was 0
was_wondering_if_you_and_natalie_connected 1581382613675 360 216 touchend 76 96 1.25 1.25 0 was 0
was_wondering_if_you_and_natalie_connected 1581382615153 360 216 touchstart 64 28 1.25 1.25 0 wondering 0
was_wondering_if_you_and_natalie_connected 1581382615270 360 216 touchmove 84 30 1.25 1.25 0 wondering 0
was_wondering_if_you_and_natalie_connected 1581382615292 360 216 touchmove 97 32 1.25 1.25 0 wondering 0
was_wondering_if_you_and_natalie_connected 1581382615303 360 216 touchmove 111 35 1.25 1.25 0 wondering 0
was_wondering_if_you_and_natalie_connected 1581382615321 360 216 touchmove 127 40 1.25 1.25 0 wondering 0
was_wondering_if_you_and_natalie_connected 1581382615339 360 216 touchmove 144 44 1.25 1.25 0 wondering 0
was_wondering_if_you_and_natalie_connected 1581382615352 360 216 touchmove 165 48 1.25 1.25 0 wondering 0
was_wondering_if_you_and_natalie_connected 1581382615370 360 216 touchmove 188 51 1.25 1.25 0 wondering 0
was_wondering_if_you_and_natalie_connected 1581382615386 360 216 touchmove 211 51 1.25 1.25 0 wondering 0
was_wondering_if_you_and_natalie_connected 1581382615402 360 216 touchmove 235 50 1.25 1.25 0 wondering 0
was_wondering_if_you_and_natalie_connected 1581382615420 360 216 touchmove 257 48 1.25 1.25 0 wondering 0
was_wondering_if_you_and_natalie_connected 1581382615437 360 216 touchmove 276 45 1.25 1.25 0 wondering 0
was_wondering_if_you_and_natalie_connected 1581382615454 360 216 touchmove 292 42 1.25 1.25 0 wondering 0
was_wondering_if_you_and_natalie_connected 1581382615474 360 216 touchmove 303 40 1.25 1.25 0 wondering 0
was_wondering_if_you_and_natalie_connected 1581382615488 360 216 touchmove 307 39 1.25 1.25 0 wondering 0
was_wondering_if_you_and_natalie_connected 1581382615505 360 216 touchmove 310 38 1.25 1.25 0 wondering 0
was_wondering_if_you_and_natalie_connected 1581382615518 360 216 touchmove 312 38 1.25 1.25 0 wondering 0
was_wondering_if_you_and_natalie_connected 1581382615557 360 216 touchmove 309 42 1.25 1.25 0 wondering 0
was_wondering_if_you_and_natalie_connected 1581382615569 360 216 touchmove 304 47 1.25 1.25 0 wondering 0
was_wondering_if_you_and_natalie_connected 1581382615586 360 216 touchmove 294 58 1.25 1.25 0 wondering 0
was_wondering_if_you_and_natalie_connected 1581382615605 360 216 touchmove 284 69 1.25 1.25 0 wondering 0
was_wondering_if_you_and_natalie_connected 1581382615620 360 216 touchmove 275 84 1.25 1.25 0 wondering 0
was_wondering_if_you_and_natalie_connected 1581382615636 360 216 touchmove 268 99 1.25 1.25 0 wondering 0
was_wondering_if_you_and_natalie_connected 1581382615653 360 216 touchmove 264 115 1.25 1.25 0 wondering 0
was_wondering_if_you_and_natalie_connected 1581382615671 360 216 touchmove 263 130 1.25 1.25 0 wondering 0
was_wondering_if_you_and_natalie_connected 1581382615687 360 216 touchmove 262 144 1.25 1.25 0 wondering 0
was_wondering_if_you_and_natalie_connected 1581382615703 360 216 touchmove 262 150 1.25 1.25 0 wondering 0
was_wondering_if_you_and_natalie_connected 1581382615721 360 216 touchmove 262 152 1.25 1.25 0 wondering 0
was_wondering_if_you_and_natalie_connected 1581382615742 360 216 touchmove 262 154 1.25 1.25 0 wondering 0
was_wondering_if_you_and_natalie_connected 1581382615754 360 216 touchmove 262 155 1.25 1.25 0 wondering 0
was_wondering_if_you_and_natalie_connected 1581382615770 360 216 touchmove 261 156 1.25 1.25 0 wondering 0
was_wondering_if_you_and_natalie_connected 1581382615786 360 216 touchmove 257 155 1.25 1.25 0 wondering 0
was_wondering_if_you_and_natalie_connected 1581382615802 360 216 touchmove 252 152 1.25 1.25 0 wondering 0
was_wondering_if_you_and_natalie_connected 1581382615819 360 216 touchmove 247 148 1.25 1.25 0 wondering 0
was_wondering_if_you_and_natalie_connected 1581382615838 360 216 touchmove 239 144 1.25 1.25 0 wondering 0
was_wondering_if_you_and_natalie_connected 1581382615853 360 216 touchmove 226 137 1.25 1.25 0 wondering 0
was_wondering_if_you_and_natalie_connected 1581382615869 360 216 touchmove 213 132 1.25 1.25 0 wondering 0
was_wondering_if_you_and_natalie_connected 1581382615886 360 216 touchmove 200 126 1.25 1.25 0 wondering 0
was_wondering_if_you_and_natalie_connected 1581382615904 360 216 touchmove 187 121 1.25 1.25 0 wondering 0
was_wondering_if_you_and_natalie_connected 1581382615919 360 216 touchmove 174 116 1.25 1.25 0 wondering 0
was_wondering_if_you_and_natalie_connected 1581382615937 360 216 touchmove 162 111 1.25 1.25 0 wondering 0
was_wondering_if_you_and_natalie_connected 1581382615953 360 216 touchmove 156 109 1.25 1.25 0 wondering 0
was_wondering_if_you_and_natalie_connected 1581382615970 360 216 touchmove 148 108 1.25 1.25 0 wondering 0
was_wondering_if_you_and_natalie_connected 1581382615985 360 216 touchmove 141 107 1.25 1.25 0 wondering 0
was_wondering_if_you_and_natalie_connected 1581382616002 360 216 touchmove 134 107 1.25 1.25 0 wondering 0
was_wondering_if_you_and_natalie_connected 1581382616020 360 216 touchmove 128 107 1.25 1.25 0 wondering 0
was_wondering_if_you_and_natalie_connected 1581382616039 360 216 touchmove 122 107 1.25 1.25 0 wondering 0
was_wondering_if_you_and_natalie_connected 1581382616054 360 216 touchmove 118 106 1.25 1.25 0 wondering 0
was_wondering_if_you_and_natalie_connected 1581382616070 360 216 touchmove 115 106 1.25 1.25 0 wondering 0
was_wondering_if_you_and_natalie_connected 1581382616087 360 216 touchmove 112 105 1.25 1.25 0 wondering 0
was_wondering_if_you_and_natalie_connected 1581382616103 360 216 touchmove 110 103 1.25 1.25 0 wondering 0
was_wondering_if_you_and_natalie_connected 1581382616120 360 216 touchmove 108 99 1.25 1.25 0 wondering 0
was_wondering_if_you_and_natalie_connected 1581382616138 360 216 touchmove 106 94 1.25 1.25 0 wondering 0
was_wondering_if_you_and_natalie_connected 1581382616155 360 216 touchmove 105 88 1.25 1.25 0 wondering 0
was_wondering_if_you_and_natalie_connected 1581382616170 360 216 touchmove 103 81 1.25 1.25 0 wondering 0
was_wondering_if_you_and_natalie_connected 1581382616187 360 216 touchmove 101 72 1.25 1.25 0 wondering 0
was_wondering_if_you_and_natalie_connected 1581382616203 360 216 touchmove 99 64 1.25 1.25 0 wondering 0
was_wondering_if_you_and_natalie_connected 1581382616219 360 216 touchmove 97 57 1.25 1.25 0 wondering 0
was_wondering_if_you_and_natalie_connected 1581382616238 360 216 touchmove 96 52 1.25 1.25 0 wondering 0
was_wondering_if_you_and_natalie_connected 1581382616254 360 216 touchmove 95 47 1.25 1.25 0 wondering 0
was_wondering_if_you_and_natalie_connected 1581382616270 360 216 touchmove 94 44 1.25 1.25 0 wondering 0
was_wondering_if_you_and_natalie_connected 1581382616287 360 216 touchmove 93 42 1.25 1.25 0 wondering 0
was_wondering_if_you_and_natalie_connected 1581382616313 360 216 touchmove 93 41 1.25 1.25 0 wondering 0
was_wondering_if_you_and_natalie_connected 1581382616320 360 216 touchmove 92 40 1.25 1.25 0 wondering 0
was_wondering_if_you_and_natalie_connected 1581382616339 360 216 touchmove 92 39 1.25 1.25 0 wondering 0
was_wondering_if_you_and_natalie_connected 1581382616354 360 216 touchmove 92 39 1.25 1.25 0 wondering 0
was_wondering_if_you_and_natalie_connected 1581382616371 360 216 touchmove 95 39 1.25 1.25 0 wondering 0
was_wondering_if_you_and_natalie_connected 1581382616387 360 216 touchmove 99 39 1.25 1.25 0 wondering 0
was_wondering_if_you_and_natalie_connected 1581382616404 360 216 touchmove 104 40 1.25 1.25 0 wondering 0
was_wondering_if_you_and_natalie_connected 1581382616421 360 216 touchmove 110 40 1.25 1.25 0 wondering 0
was_wondering_if_you_and_natalie_connected 1581382616437 360 216 touchmove 117 40 1.25 1.25 0 wondering 0
was_wondering_if_you_and_natalie_connected 1581382616454 360 216 touchmove 124 39 1.25 1.25 0 wondering 0
was_wondering_if_you_and_natalie_connected 1581382616470 360 216 touchmove 130 39 1.25 1.25 0 wondering 0
was_wondering_if_you_and_natalie_connected 1581382616489 360 216 touchmove 135 38 1.25 1.25 0 wondering 0
was_wondering_if_you_and_natalie_connected 1581382616505 360 216 touchmove 138 39 1.25 1.25 0 wondering 0
was_wondering_if_you_and_natalie_connected 1581382616521 360 216 touchmove 140 38 1.25 1.25 0 wondering 0
was_wondering_if_you_and_natalie_connected 1581382616538 360 216 touchmove 141 39 1.25 1.25 0 wondering 0
was_wondering_if_you_and_natalie_connected 1581382616554 360 216 touchmove 142 39 1.25 1.25 0 wondering 0
was_wondering_if_you_and_natalie_connected 1581382616574 360 216 touchmove 142 39 1.25 1.25 0 wondering 0
was_wondering_if_you_and_natalie_connected 1581382616586 360 216 touchmove 143 39 1.25 1.25 0 wondering 0
was_wondering_if_you_and_natalie_connected 1581382616604 360 216 touchmove 145 40 1.25 1.25 0 wondering 0
was_wondering_if_you_and_natalie_connected 1581382616620 360 216 touchmove 148 41 1.25 1.25 0 wondering 0
was_wondering_if_you_and_natalie_connected 1581382616638 360 216 touchmove 153 42 1.25 1.25 0 wondering 0
was_wondering_if_you_and_natalie_connected 1581382616655 360 216 touchmove 165 43 1.25 1.25 0 wondering 0
was_wondering_if_you_and_natalie_connected 1581382616670 360 216 touchmove 178 43 1.25 1.25 0 wondering 0
was_wondering_if_you_and_natalie_connected 1581382616687 360 216 touchmove 193 42 1.25 1.25 0 wondering 0
was_wondering_if_you_and_natalie_connected 1581382616703 360 216 touchmove 209 38 1.25 1.25 0 wondering 0
was_wondering_if_you_and_natalie_connected 1581382616720 360 216 touchmove 225 35 1.25 1.25 0 wondering 0
was_wondering_if_you_and_natalie_connected 1581382616738 360 216 touchmove 239 30 1.25 1.25 0 wondering 0
was_wondering_if_you_and_natalie_connected 1581382616754 360 216 touchmove 251 26 1.25 1.25 0 wondering 0
was_wondering_if_you_and_natalie_connected 1581382616772 360 216 touchmove 260 22 1.25 1.25 0 wondering 0
was_wondering_if_you_and_natalie_connected 1581382616788 360 216 touchmove 264 20 1.25 1.25 0 wondering 0
was_wondering_if_you_and_natalie_connected 1581382616803 360 216 touchmove 267 19 1.25 1.25 0 wondering 0
was_wondering_if_you_and_natalie_connected 1581382616821 360 216 touchmove 269 18 1.25 1.25 0 wondering 0
was_wondering_if_you_and_natalie_connected 1581382616837 360 216 touchmove 270 18 1.25 1.25 0 wondering 0
was_wondering_if_you_and_natalie_connected 1581382616855 360 216 touchmove 270 20 1.25 1.25 0 wondering 0
was_wondering_if_you_and_natalie_connected 1581382616871 360 216 touchmove 267 26 1.25 1.25 0 wondering 0
was_wondering_if_you_and_natalie_connected 1581382616887 360 216 touchmove 264 33 1.25 1.25 0 wondering 0
was_wondering_if_you_and_natalie_connected 1581382616903 360 216 touchmove 259 47 1.25 1.25 0 wondering 0
was_wondering_if_you_and_natalie_connected 1581382616923 360 216 touchmove 256 63 1.25 1.25 0 wondering 0
was_wondering_if_you_and_natalie_connected 1581382616938 360 216 touchmove 255 78 1.25 1.25 0 wondering 0
was_wondering_if_you_and_natalie_connected 1581382616954 360 216 touchmove 255 94 1.25 1.25 0 wondering 0
was_wondering_if_you_and_natalie_connected 1581382616971 360 216 touchmove 256 108 1.25 1.25 0 wondering 0
was_wondering_if_you_and_natalie_connected 1581382616988 360 216 touchmove 257 121 1.25 1.25 0 wondering 0
was_wondering_if_you_and_natalie_connected 1581382617004 360 216 touchmove 257 126 1.25 1.25 0 wondering 0
was_wondering_if_you_and_natalie_connected 1581382617020 360 216 touchmove 257 130 1.25 1.25 0 wondering 0
was_wondering_if_you_and_natalie_connected 1581382617039 360 216 touchmove 256 133 1.25 1.25 0 wondering 0
was_wondering_if_you_and_natalie_connected 1581382617055 360 216 touchmove 254 136 1.25 1.25 0 wondering 0
was_wondering_if_you_and_natalie_connected 1581382617074 360 216 touchmove 251 138 1.25 1.25 0 wondering 0
was_wondering_if_you_and_natalie_connected 1581382617091 360 216 touchmove 248 139 1.25 1.25 0 wondering 0
was_wondering_if_you_and_natalie_connected 1581382617106 360 216 touchmove 243 139 1.25 1.25 0 wondering 0
was_wondering_if_you_and_natalie_connected 1581382617126 360 216 touchmove 237 136 1.25 1.25 0 wondering 0
was_wondering_if_you_and_natalie_connected 1581382617138 360 216 touchmove 231 133 1.25 1.25 0 wondering 0
was_wondering_if_you_and_natalie_connected 1581382617155 360 216 touchmove 221 124 1.25 1.25 0 wondering 0
was_wondering_if_you_and_natalie_connected 1581382617172 360 216 touchmove 213 116 1.25 1.25 0 wondering 0
was_wondering_if_you_and_natalie_connected 1581382617187 360 216 touchmove 207 109 1.25 1.25 0 wondering 0
was_wondering_if_you_and_natalie_connected 1581382617206 360 216 touchmove 203 104 1.25 1.25 0 wondering 0
was_wondering_if_you_and_natalie_connected 1581382617222 360 216 touchmove 198 100 1.25 1.25 0 wondering 0
was_wondering_if_you_and_natalie_connected 1581382617240 360 216 touchmove 195 97 1.25 1.25 0 wondering 0
was_wondering_if_you_and_natalie_connected 1581382617256 360 216 touchmove 192 95 1.25 1.25 0 wondering 0
was_wondering_if_you_and_natalie_connected 1581382617272 360 216 touchmove 190 95 1.25 1.25 0 wondering 0
was_wondering_if_you_and_natalie_connected 1581382617277 360 216 touchend 190 95 1.25 1.25 0 wondering 0
was_wondering_if_you_and_natalie_connected 1581382618671 360 216 touchstart 280 25 1.25 1.25 0 if 0
was_wondering_if_you_and_natalie_connected 1581382618760 360 216 touchmove 269 33 1.25 1.25 0 if 0
was_wondering_if_you_and_natalie_connected 1581382618777 360 216 touchmove 252 42 1.25 1.25 0 if 0
was_wondering_if_you_and_natalie_connected 1581382618798 360 216 touchmove 242 48 1.25 1.25 0 if 0
was_wondering_if_you_and_natalie_connected 1581382618809 360 216 touchmove 232 54 1.25 1.25 0 if 0
was_wondering_if_you_and_natalie_connected 1581382618825 360 216 touchmove 210 66 1.25 1.25 0 if 0
was_wondering_if_you_and_natalie_connected 1581382618842 360 216 touchmove 191 76 1.25 1.25 0 if 0
was_wondering_if_you_and_natalie_connected 1581382618858 360 216 touchmove 177 85 1.25 1.25 0 if 0
was_wondering_if_you_and_natalie_connected 1581382618875 360 216 touchmove 170 89 1.25 1.25 0 if 0
was_wondering_if_you_and_natalie_connected 1581382618892 360 216 touchmove 162 92 1.25 1.25 0 if 0
was_wondering_if_you_and_natalie_connected 1581382618909 360 216 touchmove 157 95 1.25 1.25 0 if 0
was_wondering_if_you_and_natalie_connected 1581382618926 360 216 touchmove 154 96 1.25 1.25 0 if 0
was_wondering_if_you_and_natalie_connected 1581382618941 360 216 touchmove 153 97 1.25 1.25 0 if 0
was_wondering_if_you_and_natalie_connected 1581382619003 360 216 touchmove 153 97 1.25 1.25 0 if 0
was_wondering_if_you_and_natalie_connected 1581382619016 360 216 touchend 153 97 1.25 1.25 0 if 0
was_wondering_if_you_and_natalie_connected 1581382619707 360 216 touchstart 216 31 1.25 1.25 0 you 0
was_wondering_if_you_and_natalie_connected 1581382619821 360 216 touchmove 221 34 1.25 1.25 0 you 0
was_wondering_if_you_and_natalie_connected 1581382619829 360 216 touchmove 227 37 1.25 1.25 0 you 0
was_wondering_if_you_and_natalie_connected 1581382619841 360 216 touchmove 232 38 1.25 1.25 0 you 0
was_wondering_if_you_and_natalie_connected 1581382619860 360 216 touchmove 238 40 1.25 1.25 0 you 0
was_wondering_if_you_and_natalie_connected 1581382619875 360 216 touchmove 244 40 1.25 1.25 0 you 0
was_wondering_if_you_and_natalie_connected 1581382619892 360 216 touchmove 274 38 1.25 1.25 0 you 0
was_wondering_if_you_and_natalie_connected 1581382619908 360 216 touchmove 295 35 1.25 1.25 0 you 0
was_wondering_if_you_and_natalie_connected 1581382619926 360 216 touchmove 304 32 1.25 1.25 0 you 0
was_wondering_if_you_and_natalie_connected 1581382619943 360 216 touchmove 311 30 1.25 1.25 0 you 0
was_wondering_if_you_and_natalie_connected 1581382619959 360 216 touchmove 314 26 1.25 1.25 0 you 0
was_wondering_if_you_and_natalie_connected 1581382619977 360 216 touchmove 315 21 1.25 1.25 0 you 0
was_wondering_if_you_and_natalie_connected 1581382619994 360 216 touchmove 311 17 1.25 1.25 0 you 0
was_wondering_if_you_and_natalie_connected 1581382620009 360 216 touchmove 299 13 1.25 1.25 0 you 0
was_wondering_if_you_and_natalie_connected 1581382620029 360 216 touchmove 283 13 1.25 1.25 0 you 0
was_wondering_if_you_and_natalie_connected 1581382620046 360 216 touchmove 265 17 1.25 1.25 0 you 0
was_wondering_if_you_and_natalie_connected 1581382620062 360 216 touchmove 246 22 1.25 1.25 0 you 0
was_wondering_if_you_and_natalie_connected 1581382620075 360 216 touchmove 238 24 1.25 1.25 0 you 0
was_wondering_if_you_and_natalie_connected 1581382620096 360 216 touchmove 218 32 1.25 1.25 0 you 0
was_wondering_if_you_and_natalie_connected 1581382620116 360 216 touchend 218 32 1.25 1.25 0 you 0
was_wondering_if_you_and_natalie_connected 1581382621229 360 216 touchstart 42 81 1.25 1.25 0 and 0
was_wondering_if_you_and_natalie_connected 1581382621376 360 216 touchmove 55 93 1.25 1.25 0 and 0
was_wondering_if_you_and_natalie_connected 1581382621393 360 216 touchmove 61 97 1.25 1.25 0 and 0
was_wondering_if_you_and_natalie_connected 1581382621412 360 216 touchmove 95 115 1.25 1.25 0 and 0
was_wondering_if_you_and_natalie_connected 1581382621448 360 216 touchmove 150 142 1.25 1.25 0 and 0
was_wondering_if_you_and_natalie_connected 1581382621462 360 216 touchmove 177 151 1.25 1.25 0 and 0
was_wondering_if_you_and_natalie_connected 1581382621477 360 216 touchmove 202 160 1.25 1.25 0 and 0
was_wondering_if_you_and_natalie_connected 1581382621494 360 216 touchmove 225 164 1.25 1.25 0 and 0
was_wondering_if_you_and_natalie_connected 1581382621509 360 216 touchmove 243 166 1.25 1.25 0 and 0
was_wondering_if_you_and_natalie_connected 1581382621527 360 216 touchmove 257 165 1.25 1.25 0 and 0
was_wondering_if_you_and_natalie_connected 1581382621544 360 216 touchmove 263 163 1.25 1.25 0 and 0
was_wondering_if_you_and_natalie_connected 1581382621560 360 216 touchmove 267 161 1.25 1.25 0 and 0
was_wondering_if_you_and_natalie_connected 1581382621578 360 216 touchmove 268 158 1.25 1.25 0 and 0
was_wondering_if_you_and_natalie_connected 1581382621593 360 216 touchmove 266 154 1.25 1.25 0 and 0
was_wondering_if_you_and_natalie_connected 1581382621610 360 216 touchmove 258 147 1.25 1.25 0 and 0
was_wondering_if_you_and_natalie_connected 1581382621629 360 216 touchmove 245 139 1.25 1.25 0 and 0
was_wondering_if_you_and_natalie_connected 1581382621645 360 216 touchmove 228 129 1.25 1.25 0 and 0
was_wondering_if_you_and_natalie_connected 1581382621662 360 216 touchmove 207 121 1.25 1.25 0 and 0
was_wondering_if_you_and_natalie_connected 1581382621679 360 216 touchmove 187 111 1.25 1.25 0 and 0
was_wondering_if_you_and_natalie_connected 1581382621694 360 216 touchmove 167 105 1.25 1.25 0 and 0
was_wondering_if_you_and_natalie_connected 1581382621713 360 216 touchmove 149 102 1.25 1.25 0 and 0
was_wondering_if_you_and_natalie_connected 1581382621728 360 216 touchmove 135 102 1.25 1.25 0 and 0
was_wondering_if_you_and_natalie_connected 1581382621744 360 216 touchmove 128 103 1.25 1.25 0 and 0
was_wondering_if_you_and_natalie_connected 1581382621770 360 216 touchend 128 103 1.25 1.25 0 and 0
was_wondering_if_you_and_natalie_connected 1581382622728 360 216 touchstart 256 152 1.25 1.25 0 natalie 0
was_wondering_if_you_and_natalie_connected 1581382622764 360 216 touchmove 245 148 1.25 1.25 0 natalie 0
was_wondering_if_you_and_natalie_connected 1581382622782 360 216 touchmove 237 144 1.25 1.25 0 natalie 0
was_wondering_if_you_and_natalie_connected 1581382622803 360 216 touchmove 229 139 1.25 1.25 0 natalie 0
was_wondering_if_you_and_natalie_connected 1581382622817 360 216 touchmove 220 135 1.25 1.25 0 natalie 0
was_wondering_if_you_and_natalie_connected 1581382622830 360 216 touchmove 203 128 1.25 1.25 0 natalie 0
was_wondering_if_you_and_natalie_connected 1581382622847 360 216 touchmove 188 123 1.25 1.25 0 natalie 0
was_wondering_if_you_and_natalie_connected 1581382622863 360 216 touchmove 173 114 1.25 1.25 0 natalie 0
was_wondering_if_you_and_natalie_connected 1581382622879 360 216 touchmove 155 108 1.25 1.25 0 natalie 0
was_wondering_if_you_and_natalie_connected 1581382622898 360 216 touchmove 137 102 1.25 1.25 0 natalie 0
was_wondering_if_you_and_natalie_connected 1581382622913 360 216 touchmove 118 97 1.25 1.25 0 natalie 0
was_wondering_if_you_and_natalie_connected 1581382622930 360 216 touchmove 98 92 1.25 1.25 0 natalie 0
was_wondering_if_you_and_natalie_connected 1581382622946 360 216 touchmove 81 87 1.25 1.25 0 natalie 0
was_wondering_if_you_and_natalie_connected 1581382622964 360 216 touchmove 65 84 1.25 1.25 0 natalie 0
was_wondering_if_you_and_natalie_connected 1581382622980 360 216 touchmove 50 81 1.25 1.25 0 natalie 0
was_wondering_if_you_and_natalie_connected 1581382622996 360 216 touchmove 42 79 1.25 1.25 0 natalie 0
was_wondering_if_you_and_natalie_connected 1581382623013 360 216 touchmove 37 78 1.25 1.25 0 natalie 0
was_wondering_if_you_and_natalie_connected 1581382623029 360 216 touchmove 33 78 1.25 1.25 0 natalie 0
was_wondering_if_you_and_natalie_connected 1581382623048 360 216 touchmove 30 78 1.25 1.25 0 natalie 0
was_wondering_if_you_and_natalie_connected 1581382623063 360 216 touchmove 30 77 1.25 1.25 0 natalie 0
was_wondering_if_you_and_natalie_connected 1581382623081 360 216 touchmove 31 77 1.25 1.25 0 natalie 0
was_wondering_if_you_and_natalie_connected 1581382623098 360 216 touchmove 36 76 1.25 1.25 0 natalie 0
was_wondering_if_you_and_natalie_connected 1581382623113 360 216 touchmove 49 75 1.25 1.25 0 natalie 0
was_wondering_if_you_and_natalie_connected 1581382623130 360 216 touchmove 64 72 1.25 1.25 0 natalie 0
was_wondering_if_you_and_natalie_connected 1581382623147 360 216 touchmove 80 68 1.25 1.25 0 natalie 0
was_wondering_if_you_and_natalie_connected 1581382623163 360 216 touchmove 98 63 1.25 1.25 0 natalie 0
was_wondering_if_you_and_natalie_connected 1581382623182 360 216 touchmove 116 59 1.25 1.25 0 natalie 0
was_wondering_if_you_and_natalie_connected 1581382623197 360 216 touchmove 133 53 1.25 1.25 0 natalie 0
was_wondering_if_you_and_natalie_connected 1581382623215 360 216 touchmove 148 48 1.25 1.25 0 natalie 0
was_wondering_if_you_and_natalie_connected 1581382623233 360 216 touchmove 164 42 1.25 1.25 0 natalie 0
was_wondering_if_you_and_natalie_connected 1581382623246 360 216 touchmove 175 37 1.25 1.25 0 natalie 0
was_wondering_if_you_and_natalie_connected 1581382623263 360 216 touchmove 180 34 1.25 1.25 0 natalie 0
was_wondering_if_you_and_natalie_connected 1581382623279 360 216 touchmove 184 32 1.25 1.25 0 natalie 0
was_wondering_if_you_and_natalie_connected 1581382623297 360 216 touchmove 185 31 1.25 1.25 0 natalie 0
was_wondering_if_you_and_natalie_connected 1581382623314 360 216 touchmove 185 31 1.25 1.25 0 natalie 0
was_wondering_if_you_and_natalie_connected 1581382623329 360 216 touchmove 185 31 1.25 1.25 0 natalie 0
was_wondering_if_you_and_natalie_connected 1581382623354 360 216 touchmove 175 31 1.25 1.25 0 natalie 0
was_wondering_if_you_and_natalie_connected 1581382623364 360 216 touchmove 163 35 1.25 1.25 0 natalie 0
was_wondering_if_you_and_natalie_connected 1581382623380 360 216 touchmove 146 40 1.25 1.25 0 natalie 0
was_wondering_if_you_and_natalie_connected 1581382623396 360 216 touchmove 128 48 1.25 1.25 0 natalie 0
was_wondering_if_you_and_natalie_connected 1581382623414 360 216 touchmove 109 57 1.25 1.25 0 natalie 0
was_wondering_if_you_and_natalie_connected 1581382623430 360 216 touchmove 88 66 1.25 1.25 0 natalie 0
was_wondering_if_you_and_natalie_connected 1581382623448 360 216 touchmove 70 75 1.25 1.25 0 natalie 0
was_wondering_if_you_and_natalie_connected 1581382623473 360 216 touchmove 51 85 1.25 1.25 0 natalie 0
was_wondering_if_you_and_natalie_connected 1581382623486 360 216 touchmove 45 89 1.25 1.25 0 natalie 0
was_wondering_if_you_and_natalie_connected 1581382623516 360 216 touchmove 36 93 1.25 1.25 0 natalie 0
was_wondering_if_you_and_natalie_connected 1581382623529 360 216 touchmove 35 94 1.25 1.25 0 natalie 0
was_wondering_if_you_and_natalie_connected 1581382623564 360 216 touchmove 42 93 1.25 1.25 0 natalie 0
was_wondering_if_you_and_natalie_connected 1581382623580 360 216 touchmove 54 92 1.25 1.25 0 natalie 0
was_wondering_if_you_and_natalie_connected 1581382623598 360 216 touchmove 69 90 1.25 1.25 0 natalie 0
was_wondering_if_you_and_natalie_connected 1581382623616 360 216 touchmove 88 87 1.25 1.25 0 natalie 0
was_wondering_if_you_and_natalie_connected 1581382623631 360 216 touchmove 110 83 1.25 1.25 0 natalie 0
was_wondering_if_you_and_natalie_connected 1581382623648 360 216 touchmove 134 81 1.25 1.25 0 natalie 0
was_wondering_if_you_and_natalie_connected 1581382623665 360 216 touchmove 161 80 1.25 1.25 0 natalie 0
was_wondering_if_you_and_natalie_connected 1581382623681 360 216 touchmove 189 82 1.25 1.25 0 natalie 0
was_wondering_if_you_and_natalie_connected 1581382623698 360 216 touchmove 220 86 1.25 1.25 0 natalie 0
was_wondering_if_you_and_natalie_connected 1581382623718 360 216 touchmove 250 90 1.25 1.25 0 natalie 0
was_wondering_if_you_and_natalie_connected 1581382623732 360 216 touchmove 277 92 1.25 1.25 0 natalie 0
was_wondering_if_you_and_natalie_connected 1581382623747 360 216 touchmove 301 95 1.25 1.25 0 natalie 0
was_wondering_if_you_and_natalie_connected 1581382623770 360 216 touchmove 321 97 1.25 1.25 0 natalie 0
was_wondering_if_you_and_natalie_connected 1581382623785 360 216 touchmove 330 98 1.25 1.25 0 natalie 0
was_wondering_if_you_and_natalie_connected 1581382623798 360 216 touchmove 335 98 1.25 1.25 0 natalie 0
was_wondering_if_you_and_natalie_connected 1581382623815 360 216 touchmove 339 98 1.25 1.25 0 natalie 0
was_wondering_if_you_and_natalie_connected 1581382623832 360 216 touchmove 341 98 1.25 1.25 0 natalie 0
was_wondering_if_you_and_natalie_connected 1581382623847 360 216 touchmove 340 92 1.25 1.25 0 natalie 0
was_wondering_if_you_and_natalie_connected 1581382623864 360 216 touchmove 333 85 1.25 1.25 0 natalie 0
was_wondering_if_you_and_natalie_connected 1581382623882 360 216 touchmove 323 77 1.25 1.25 0 natalie 0
was_wondering_if_you_and_natalie_connected 1581382623898 360 216 touchmove 311 68 1.25 1.25 0 natalie 0
was_wondering_if_you_and_natalie_connected 1581382623915 360 216 touchmove 296 58 1.25 1.25 0 natalie 0
was_wondering_if_you_and_natalie_connected 1581382623931 360 216 touchmove 281 48 1.25 1.25 0 natalie 0
was_wondering_if_you_and_natalie_connected 1581382623947 360 216 touchmove 265 40 1.25 1.25 0 natalie 0
was_wondering_if_you_and_natalie_connected 1581382623964 360 216 touchmove 251 35 1.25 1.25 0 natalie 0
was_wondering_if_you_and_natalie_connected 1581382623982 360 216 touchmove 238 32 1.25 1.25 0 natalie 0
was_wondering_if_you_and_natalie_connected 1581382623998 360 216 touchmove 226 32 1.25 1.25 0 natalie 0
was_wondering_if_you_and_natalie_connected 1581382624015 360 216 touchmove 216 34 1.25 1.25 0 natalie 0
was_wondering_if_you_and_natalie_connected 1581382624031 360 216 touchmove 206 38 1.25 1.25 0 natalie 0
was_wondering_if_you_and_natalie_connected 1581382624047 360 216 touchmove 196 43 1.25 1.25 0 natalie 0
was_wondering_if_you_and_natalie_connected 1581382624063 360 216 touchmove 183 50 1.25 1.25 0 natalie 0
was_wondering_if_you_and_natalie_connected 1581382624082 360 216 touchmove 170 59 1.25 1.25 0 natalie 0
was_wondering_if_you_and_natalie_connected 1581382624098 360 216 touchmove 156 67 1.25 1.25 0 natalie 0
was_wondering_if_you_and_natalie_connected 1581382624115 360 216 touchmove 144 72 1.25 1.25 0 natalie 0
was_wondering_if_you_and_natalie_connected 1581382624131 360 216 touchmove 131 73 1.25 1.25 0 natalie 0
was_wondering_if_you_and_natalie_connected 1581382624146 360 216 touchmove 125 73 1.25 1.25 0 natalie 0
was_wondering_if_you_and_natalie_connected 1581382624163 360 216 touchmove 119 71 1.25 1.25 0 natalie 0
was_wondering_if_you_and_natalie_connected 1581382624181 360 216 touchmove 114 68 1.25 1.25 0 natalie 0
was_wondering_if_you_and_natalie_connected 1581382624198 360 216 touchmove 109 64 1.25 1.25 0 natalie 0
was_wondering_if_you_and_natalie_connected 1581382624215 360 216 touchmove 106 60 1.25 1.25 0 natalie 0
was_wondering_if_you_and_natalie_connected 1581382624231 360 216 touchmove 104 56 1.25 1.25 0 natalie 0
was_wondering_if_you_and_natalie_connected 1581382624248 360 216 touchmove 103 53 1.25 1.25 0 natalie 0
was_wondering_if_you_and_natalie_connected 1581382624273 360 216 touchend 103 53 1.25 1.25 0 natalie 0
was_wondering_if_you_and_natalie_connected 1581382626197 360 216 touchstart 147 157 1.25 1.25 0 connected 0
was_wondering_if_you_and_natalie_connected 1581382626301 360 216 touchmove 158 147 1.25 1.25 0 connected 0
was_wondering_if_you_and_natalie_connected 1581382626315 360 216 touchmove 172 135 1.25 1.25 0 connected 0
was_wondering_if_you_and_natalie_connected 1581382626334 360 216 touchmove 187 123 1.25 1.25 0 connected 0
was_wondering_if_you_and_natalie_connected 1581382626351 360 216 touchmove 203 111 1.25 1.25 0 connected 0
was_wondering_if_you_and_natalie_connected 1581382626375 360 216 touchmove 231 87 1.25 1.25 0 connected 0
was_wondering_if_you_and_natalie_connected 1581382626383 360 216 touchmove 241 80 1.25 1.25 0 connected 0
was_wondering_if_you_and_natalie_connected 1581382626400 360 216 touchmove 260 64 1.25 1.25 0 connected 0
was_wondering_if_you_and_natalie_connected 1581382626421 360 216 touchmove 280 50 1.25 1.25 0 connected 0
was_wondering_if_you_and_natalie_connected 1581382626434 360 216 touchmove 296 37 1.25 1.25 0 connected 0
was_wondering_if_you_and_natalie_connected 1581382626448 360 216 touchmove 310 27 1.25 1.25 0 connected 0
was_wondering_if_you_and_natalie_connected 1581382626466 360 216 touchmove 316 23 1.25 1.25 0 connected 0
was_wondering_if_you_and_natalie_connected 1581382626481 360 216 touchmove 320 20 1.25 1.25 0 connected 0
was_wondering_if_you_and_natalie_connected 1581382626500 360 216 touchmove 322 18 1.25 1.25 0 connected 0
was_wondering_if_you_and_natalie_connected 1581382626516 360 216 touchmove 323 17 1.25 1.25 0 connected 0
was_wondering_if_you_and_natalie_connected 1581382626550 360 216 touchmove 317 21 1.25 1.25 0 connected 0
was_wondering_if_you_and_natalie_connected 1581382626567 360 216 touchmove 309 29 1.25 1.25 0 connected 0
was_wondering_if_you_and_natalie_connected 1581382626584 360 216 touchmove 299 40 1.25 1.25 0 connected 0
was_wondering_if_you_and_natalie_connected 1581382626604 360 216 touchmove 288 54 1.25 1.25 0 connected 0
was_wondering_if_you_and_natalie_connected 1581382626618 360 216 touchmove 275 72 1.25 1.25 0 connected 0
was_wondering_if_you_and_natalie_connected 1581382626633 360 216 touchmove 264 92 1.25 1.25 0 connected 0
was_wondering_if_you_and_natalie_connected 1581382626649 360 216 touchmove 256 113 1.25 1.25 0 connected 0
was_wondering_if_you_and_natalie_connected 1581382626667 360 216 touchmove 251 133 1.25 1.25 0 connected 0
was_wondering_if_you_and_natalie_connected 1581382626683 360 216 touchmove 247 146 1.25 1.25 0 connected 0
was_wondering_if_you_and_natalie_connected 1581382626700 360 216 touchmove 245 151 1.25 1.25 0 connected 0
was_wondering_if_you_and_natalie_connected 1581382626715 360 216 touchmove 244 154 1.25 1.25 0 connected 0
was_wondering_if_you_and_natalie_connected 1581382626733 360 216 touchmove 243 156 1.25 1.25 0 connected 0
was_wondering_if_you_and_natalie_connected 1581382626750 360 216 touchmove 242 158 1.25 1.25 0 connected 0
was_wondering_if_you_and_natalie_connected 1581382626784 360 216 touchmove 242 159 1.25 1.25 0 connected 0
was_wondering_if_you_and_natalie_connected 1581382626805 360 216 touchmove 242 158 1.25 1.25 0 connected 0
was_wondering_if_you_and_natalie_connected 1581382626821 360 216 touchmove 241 157 1.25 1.25 0 connected 0
was_wondering_if_you_and_natalie_connected 1581382626836 360 216 touchmove 241 155 1.25 1.25 0 connected 0
was_wondering_if_you_and_natalie_connected 1581382626850 360 216 touchmove 240 152 1.25 1.25 0 connected 0
was_wondering_if_you_and_natalie_connected 1581382626867 360 216 touchmove 236 147 1.25 1.25 0 connected 0
was_wondering_if_you_and_natalie_connected 1581382626883 360 216 touchmove 232 142 1.25 1.25 0 connected 0
was_wondering_if_you_and_natalie_connected 1581382626899 360 216 touchmove 221 130 1.25 1.25 0 connected 0
was_wondering_if_you_and_natalie_connected 1581382626917 360 216 touchmove 209 120 1.25 1.25 0 connected 0
was_wondering_if_you_and_natalie_connected 1581382626934 360 216 touchmove 198 110 1.25 1.25 0 connected 0
was_wondering_if_you_and_natalie_connected 1581382626951 360 216 touchmove 187 102 1.25 1.25 0 connected 0
was_wondering_if_you_and_natalie_connected 1581382626966 360 216 touchmove 178 94 1.25 1.25 0 connected 0
was_wondering_if_you_and_natalie_connected 1581382627039 360 216 touchmove 173 90 1.25 1.25 0 connected 0
was_wondering_if_you_and_natalie_connected 1581382627047 360 216 touchmove 175 93 1.25 1.25 0 connected 0
was_wondering_if_you_and_natalie_connected 1581382627073 360 216 touchmove 201 113 1.25 1.25 0 connected 0
was_wondering_if_you_and_natalie_connected 1581382627101 360 216 touchmove 227 133 1.25 1.25 0 connected 0
was_wondering_if_you_and_natalie_connected 1581382627117 360 216 touchmove 245 144 1.25 1.25 0 connected 0
was_wondering_if_you_and_natalie_connected 1581382627155 360 216 touchmove 263 154 1.25 1.25 0 connected 0
was_wondering_if_you_and_natalie_connected 1581382627160 360 216 touchmove 264 155 1.25 1.25 0 connected 0
was_wondering_if_you_and_natalie_connected 1581382627167 360 216 touchmove 266 156 1.25 1.25 0 connected 0
was_wondering_if_you_and_natalie_connected 1581382627184 360 216 touchmove 267 157 1.25 1.25 0 connected 0
was_wondering_if_you_and_natalie_connected 1581382627218 360 216 touchmove 259 154 1.25 1.25 0 connected 0
was_wondering_if_you_and_natalie_connected 1581382627236 360 216 touchmove 249 147 1.25 1.25 0 connected 0
was_wondering_if_you_and_natalie_connected 1581382627251 360 216 touchmove 237 139 1.25 1.25 0 connected 0
was_wondering_if_you_and_natalie_connected 1581382627267 360 216 touchmove 224 129 1.25 1.25 0 connected 0
was_wondering_if_you_and_natalie_connected 1581382627284 360 216 touchmove 210 119 1.25 1.25 0 connected 0
was_wondering_if_you_and_natalie_connected 1581382627300 360 216 touchmove 196 106 1.25 1.25 0 connected 0
was_wondering_if_you_and_natalie_connected 1581382627317 360 216 touchmove 180 92 1.25 1.25 0 connected 0
was_wondering_if_you_and_natalie_connected 1581382627333 360 216 touchmove 165 77 1.25 1.25 0 connected 0
was_wondering_if_you_and_natalie_connected 1581382627351 360 216 touchmove 150 65 1.25 1.25 0 connected 0
was_wondering_if_you_and_natalie_connected 1581382627366 360 216 touchmove 137 54 1.25 1.25 0 connected 0
was_wondering_if_you_and_natalie_connected 1581382627383 360 216 touchmove 125 46 1.25 1.25 0 connected 0
was_wondering_if_you_and_natalie_connected 1581382627400 360 216 touchmove 115 39 1.25 1.25 0 connected 0
was_wondering_if_you_and_natalie_connected 1581382627417 360 216 touchmove 109 36 1.25 1.25 0 connected 0
was_wondering_if_you_and_natalie_connected 1581382627432 360 216 touchmove 103 34 1.25 1.25 0 connected 0
was_wondering_if_you_and_natalie_connected 1581382627451 360 216 touchmove 98 33 1.25 1.25 0 connected 0
was_wondering_if_you_and_natalie_connected 1581382627467 360 216 touchmove 93 34 1.25 1.25 0 connected 0
was_wondering_if_you_and_natalie_connected 1581382627483 360 216 touchmove 89 36 1.25 1.25 0 connected 0
was_wondering_if_you_and_natalie_connected 1581382627501 360 216 touchmove 85 40 1.25 1.25 0 connected 0
was_wondering_if_you_and_natalie_connected 1581382627516 360 216 touchmove 82 46 1.25 1.25 0 connected 0
was_wondering_if_you_and_natalie_connected 1581382627533 360 216 touchmove 81 60 1.25 1.25 0 connected 0
was_wondering_if_you_and_natalie_connected 1581382627552 360 216 touchmove 81 71 1.25 1.25 0 connected 0
was_wondering_if_you_and_natalie_connected 1581382627566 360 216 touchmove 81 77 1.25 1.25 0 connected 0
was_wondering_if_you_and_natalie_connected 1581382627584 360 216 touchmove 82 81 1.25 1.25 0 connected 0
was_wondering_if_you_and_natalie_connected 1581382627602 360 216 touchmove 83 85 1.25 1.25 0 connected 0
was_wondering_if_you_and_natalie_connected 1581382627618 360 216 touchmove 84 88 1.25 1.25 0 connected 0
was_wondering_if_you_and_natalie_connected 1581382627635 360 216 touchmove 86 90 1.25 1.25 0 connected 0
was_wondering_if_you_and_natalie_connected 1581382627653 360 216 touchmove 91 92 1.25 1.25 0 connected 0
was_wondering_if_you_and_natalie_connected 1581382627673 360 216 touchmove 96 93 1.25 1.25 0 connected 0
was_wondering_if_you_and_natalie_connected 1581382627690 360 216 touchmove 104 94 1.25 1.25 0 connected 0
was_wondering_if_you_and_natalie_connected 1581382627705 360 216 touchmove 110 97 1.25 1.25 0 connected 0
was_wondering_if_you_and_natalie_connected 1581382627723 360 216 touchmove 113 98 1.25 1.25 0 connected 0
was_wondering_if_you_and_natalie_connected 1581382627739 360 216 touchmove 124 106 1.25 1.25 0 connected 0
was_wondering_if_you_and_natalie_connected 1581382627753 360 216 touchmove 129 111 1.25 1.25 0 connected 0
was_wondering_if_you_and_natalie_connected 1581382627769 360 216 touchmove 134 122 1.25 1.25 0 connected 0
was_wondering_if_you_and_natalie_connected 1581382627786 360 216 touchmove 138 134 1.25 1.25 0 connected 0
was_wondering_if_you_and_natalie_connected 1581382627800 360 216 touchmove 141 146 1.25 1.25 0 connected 0
was_wondering_if_you_and_natalie_connected 1581382627817 360 216 touchmove 143 157 1.25 1.25 0 connected 0
was_wondering_if_you_and_natalie_connected 1581382627835 360 216 touchmove 144 161 1.25 1.25 0 connected 0
was_wondering_if_you_and_natalie_connected 1581382627850 360 216 touchmove 145 165 1.25 1.25 0 connected 0
was_wondering_if_you_and_natalie_connected 1581382627868 360 216 touchmove 145 168 1.25 1.25 0 connected 0
was_wondering_if_you_and_natalie_connected 1581382627890 360 216 touchmove 146 167 1.25 1.25 0 connected 0
was_wondering_if_you_and_natalie_connected 1581382627902 360 216 touchmove 147 167 1.25 1.25 0 connected 0
was_wondering_if_you_and_natalie_connected 1581382627917 360 216 touchmove 151 163 1.25 1.25 0 connected 0
was_wondering_if_you_and_natalie_connected 1581382627936 360 216 touchmove 154 157 1.25 1.25 0 connected 0
was_wondering_if_you_and_natalie_connected 1581382627951 360 216 touchmove 157 149 1.25 1.25 0 connected 0
was_wondering_if_you_and_natalie_connected 1581382627968 360 216 touchmove 159 139 1.25 1.25 0 connected 0
was_wondering_if_you_and_natalie_connected 1581382627985 360 216 touchmove 160 130 1.25 1.25 0 connected 0
was_wondering_if_you_and_natalie_connected 1581382628001 360 216 touchmove 161 119 1.25 1.25 0 connected 0
was_wondering_if_you_and_natalie_connected 1581382628017 360 216 touchmove 160 109 1.25 1.25 0 connected 0
was_wondering_if_you_and_natalie_connected 1581382628034 360 216 touchmove 157 100 1.25 1.25 0 connected 0
was_wondering_if_you_and_natalie_connected 1581382628050 360 216 touchmove 153 91 1.25 1.25 0 connected 0
was_wondering_if_you_and_natalie_connected 1581382628068 360 216 touchmove 148 83 1.25 1.25 0 connected 0
was_wondering_if_you_and_natalie_connected 1581382628085 360 216 touchmove 142 77 1.25 1.25 0 connected 0
was_wondering_if_you_and_natalie_connected 1581382628101 360 216 touchmove 138 71 1.25 1.25 0 connected 0
was_wondering_if_you_and_natalie_connected 1581382628118 360 216 touchmove 133 65 1.25 1.25 0 connected 0
was_wondering_if_you_and_natalie_connected 1581382628136 360 216 touchmove 132 58 1.25 1.25 0 connected 0
was_wondering_if_you_and_natalie_connected 1581382628151 360 216 touchmove 134 45 1.25 1.25 0 connected 0
was_wondering_if_you_and_natalie_connected 1581382628168 360 216 touchmove 140 34 1.25 1.25 0 connected 0
was_wondering_if_you_and_natalie_connected 1581382628184 360 216 touchmove 148 23 1.25 1.25 0 connected 0
was_wondering_if_you_and_natalie_connected 1581382628201 360 216 touchmove 157 16 1.25 1.25 0 connected 0
was_wondering_if_you_and_natalie_connected 1581382628219 360 216 touchmove 161 14 1.25 1.25 0 connected 0
was_wondering_if_you_and_natalie_connected 1581382628234 360 216 touchmove 164 14 1.25 1.25 0 connected 0
was_wondering_if_you_and_natalie_connected 1581382628251 360 216 touchmove 165 22 1.25 1.25 0 connected 0
was_wondering_if_you_and_natalie_connected 1581382628268 360 216 touchmove 162 33 1.25 1.25 0 connected 0
was_wondering_if_you_and_natalie_connected 1581382628285 360 216 touchmove 155 43 1.25 1.25 0 connected 0
was_wondering_if_you_and_natalie_connected 1581382628301 360 216 touchmove 148 51 1.25 1.25 0 connected 0
was_wondering_if_you_and_natalie_connected 1581382628317 360 216 touchmove 140 55 1.25 1.25 0 connected 0
was_wondering_if_you_and_natalie_connected 1581382628336 360 216 touchmove 131 56 1.25 1.25 0 connected 0
was_wondering_if_you_and_natalie_connected 1581382628352 360 216 touchmove 121 57 1.25 1.25 0 connected 0
was_wondering_if_you_and_natalie_connected 1581382628368 360 216 touchmove 112 58 1.25 1.25 0 connected 0
was_wondering_if_you_and_natalie_connected 1581382628386 360 216 touchmove 103 60 1.25 1.25 0 connected 0
was_wondering_if_you_and_natalie_connected 1581382628401 360 216 touchmove 94 64 1.25 1.25 0 connected 0
was_wondering_if_you_and_natalie_connected 1581382628418 360 216 touchmove 86 69 1.25 1.25 0 connected 0
was_wondering_if_you_and_natalie_connected 1581382628436 360 216 touchmove 81 76 1.25 1.25 0 connected 0
was_wondering_if_you_and_natalie_connected 1581382628452 360 216 touchmove 79 84 1.25 1.25 0 connected 0
was_wondering_if_you_and_natalie_connected 1581382628468 360 216 touchmove 82 94 1.25 1.25 0 connected 0
was_wondering_if_you_and_natalie_connected 1581382628477 360 216 touchend 82 94 1.25 1.25 0 connected 0
