sentence timestamp keyb_width keyb_height event x_pos y_pos x_radius y_radius angle word is_err
please_send_me_an_email 1583325296341 360 223 touchstart 338 37 0 0 0 please 0
please_send_me_an_email 1583325296457 360 223 touchmove 338 37 0 0 0 please 0
please_send_me_an_email 1583325296567 360 223 touchmove 336 40 0 0 0 please 0
please_send_me_an_email 1583325296584 360 223 touchmove 332 42 0 0 0 please 0
please_send_me_an_email 1583325296599 360 223 touchmove 327 45 0 0 0 please 0
please_send_me_an_email 1583325296619 360 223 touchmove 320 48 0 0 0 please 0
please_send_me_an_email 1583325296634 360 223 touchmove 310 52 0 0 0 please 0
please_send_me_an_email 1583325296650 360 223 touchmove 299 56 0 0 0 please 0
please_send_me_an_email 1583325296667 360 223 touchmove 287 60 0 0 0 please 0
please_send_me_an_email 1583325296683 360 223 touchmove 275 64 0 0 0 please 0
please_send_me_an_email 1583325296699 360 223 touchmove 263 67 0 0 0 please 0
please_send_me_an_email 1583325296716 360 223 touchmove 252 70 0 0 0 please 0
please_send_me_an_email 1583325296732 360 223 touchmove 240 73 0 0 0 please 0
please_send_me_an_email 1583325296750 360 223 touchmove 229 75 0 0 0 please 0
please_send_me_an_email 1583325296766 360 223 touchmove 217 78 0 0 0 please 0
please_send_me_an_email 1583325296783 360 223 touchmove 206 81 0 0 0 please 0
please_send_me_an_email 1583325296799 360 223 touchmove 195 83 0 0 0 please 0
please_send_me_an_email 1583325296817 360 223 touchmove 185 85 0 0 0 please 0
please_send_me_an_email 1583325296833 360 223 touchmove 175 86 0 0 0 please 0
please_send_me_an_email 1583325296851 360 223 touchmove 165 88 0 0 0 please 0
please_send_me_an_email 1583325296865 360 223 touchmove 156 90 0 0 0 please 0
please_send_me_an_email 1583325296883 360 223 touchmove 148 91 0 0 0 please 0
please_send_me_an_email 1583325296900 360 223 touchmove 141 93 0 0 0 please 0
please_send_me_an_email 1583325296916 360 223 touchmove 135 94 0 0 0 please 0
please_send_me_an_email 1583325296934 360 223 touchmove 129 94 0 0 0 please 0
please_send_me_an_email 1583325296950 360 223 touchmove 123 95 0 0 0 please 0
please_send_me_an_email 1583325296966 360 223 touchmove 118 96 0 0 0 please 0
please_send_me_an_email 1583325296983 360 223 touchmove 112 96 0 0 0 please 0
please_send_me_an_email 1583325296999 360 223 touchmove 108 96 0 0 0 please 0
please_send_me_an_email 1583325297017 360 223 touchmove 105 96 0 0 0 please 0
please_send_me_an_email 1583325297033 360 223 touchmove 101 96 0 0 0 please 0
please_send_me_an_email 1583325297049 360 223 touchmove 97 96 0 0 0 please 0
please_send_me_an_email 1583325297065 360 223 touchmove 93 96 0 0 0 please 0
please_send_me_an_email 1583325297085 360 223 touchmove 89 96 0 0 0 please 0
please_send_me_an_email 1583325297099 360 223 touchmove 86 96 0 0 0 please 0
please_send_me_an_email 1583325297119 360 223 touchmove 83 96 0 0 0 please 0
please_send_me_an_email 1583325297133 360 223 touchmove 81 96 0 0 0 please 0
please_send_me_an_email 1583325297152 360 223 touchmove 76 96 0 0 0 please 0
please_send_me_an_email 1583325297166 360 223 touchmove 72 96 0 0 0 please 0
please_send_me_an_email 1583325297182 360 223 touchmove 69 96 0 0 0 please 0
please_send_me_an_email 1583325297201 360 223 touchmove 67 96 0 0 0 please 0
please_send_me_an_email 1583325297216 360 223 touchmove 65 96 0 0 0 please 0
please_send_me_an_email 1583325297232 360 223 touchmove 64 96 0 0 0 please 0
please_send_me_an_email 1583325297239 360 223 touchend 64 96 0 0 0 please 0
please_send_me_an_email 1583325298568 360 223 touchstart 345 28 0 0 0 send 1
please_send_me_an_email 1583325298681 360 223 touchmove 343 31 0 0 0 send 1
please_send_me_an_email 1583325298691 360 223 touchmove 338 38 0 0 0 send 1
please_send_me_an_email 1583325298701 360 223 touchmove 335 43 0 0 0 send 1
please_send_me_an_email 1583325298717 360 223 touchmove 325 52 0 0 0 send 1
please_send_me_an_email 1583325298734 360 223 touchmove 312 62 0 0 0 send 1
please_send_me_an_email 1583325298752 360 223 touchmove 298 70 0 0 0 send 1
please_send_me_an_email 1583325298767 360 223 touchmove 284 77 0 0 0 send 1
please_send_me_an_email 1583325298784 360 223 touchmove 271 83 0 0 0 send 1
please_send_me_an_email 1583325298799 360 223 touchmove 259 88 0 0 0 send 1
please_send_me_an_email 1583325298816 360 223 touchmove 248 91 0 0 0 send 1
please_send_me_an_email 1583325298834 360 223 touchmove 236 94 0 0 0 send 1
please_send_me_an_email 1583325298850 360 223 touchmove 225 97 0 0 0 send 1
please_send_me_an_email 1583325298867 360 223 touchmove 214 99 0 0 0 send 1
please_send_me_an_email 1583325298883 360 223 touchmove 202 102 0 0 0 send 1
please_send_me_an_email 1583325298899 360 223 touchmove 190 105 0 0 0 send 1
please_send_me_an_email 1583325298916 360 223 touchmove 179 109 0 0 0 send 1
please_send_me_an_email 1583325298932 360 223 touchmove 170 114 0 0 0 send 1
please_send_me_an_email 1583325298952 360 223 touchmove 161 118 0 0 0 send 1
please_send_me_an_email 1583325298970 360 223 touchmove 152 122 0 0 0 send 1
please_send_me_an_email 1583325298982 360 223 touchmove 144 126 0 0 0 send 1
please_send_me_an_email 1583325299001 360 223 touchmove 138 130 0 0 0 send 1
please_send_me_an_email 1583325299017 360 223 touchmove 131 133 0 0 0 send 1
please_send_me_an_email 1583325299032 360 223 touchmove 125 136 0 0 0 send 1
please_send_me_an_email 1583325299050 360 223 touchmove 119 139 0 0 0 send 1
please_send_me_an_email 1583325299065 360 223 touchmove 112 142 0 0 0 send 1
please_send_me_an_email 1583325299082 360 223 touchmove 106 145 0 0 0 send 1
please_send_me_an_email 1583325299102 360 223 touchmove 101 147 0 0 0 send 1
please_send_me_an_email 1583325299117 360 223 touchmove 97 149 0 0 0 send 1
please_send_me_an_email 1583325299134 360 223 touchmove 92 150 0 0 0 send 1
please_send_me_an_email 1583325299149 360 223 touchmove 90 151 0 0 0 send 1
please_send_me_an_email 1583325299165 360 223 touchmove 87 153 0 0 0 send 1
please_send_me_an_email 1583325299183 360 223 touchmove 85 154 0 0 0 send 1
please_send_me_an_email 1583325299199 360 223 touchmove 82 155 0 0 0 send 1
please_send_me_an_email 1583325299215 360 223 touchmove 80 157 0 0 0 send 1
please_send_me_an_email 1583325299232 360 223 touchmove 78 158 0 0 0 send 1
please_send_me_an_email 1583325299251 360 223 touchmove 76 159 0 0 0 send 1
please_send_me_an_email 1583325299267 360 223 touchmove 74 160 0 0 0 send 1
please_send_me_an_email 1583325299282 360 223 touchmove 73 161 0 0 0 send 1
please_send_me_an_email 1583325299299 360 223 touchmove 71 162 0 0 0 send 1
please_send_me_an_email 1583325299316 360 223 touchmove 69 163 0 0 0 send 1
please_send_me_an_email 1583325299335 360 223 touchmove 68 163 0 0 0 send 1
please_send_me_an_email 1583325299349 360 223 touchmove 67 164 0 0 0 send 1
please_send_me_an_email 1583325299362 360 223 touchend 67 164 0 0 0 send 1
please_send_me_an_email 1583325304326 360 223 touchstart 62 102 0 0 0 send 0
please_send_me_an_email 1583325304445 360 223 touchmove 69 102 0 0 0 send 0
please_send_me_an_email 1583325304454 360 223 touchmove 68 103 0 0 0 send 0
please_send_me_an_email 1583325304464 360 223 touchmove 67 103 0 0 0 send 0
please_send_me_an_email 1583325304483 360 223 touchmove 67 104 0 0 0 send 0
please_send_me_an_email 1583325304602 360 223 touchmove 67 104 0 0 0 send 0
please_send_me_an_email 1583325304615 360 223 touchmove 68 104 0 0 0 send 0
please_send_me_an_email 1583325304631 360 223 touchmove 70 104 0 0 0 send 0
please_send_me_an_email 1583325304648 360 223 touchmove 72 105 0 0 0 send 0
please_send_me_an_email 1583325304663 360 223 touchmove 74 105 0 0 0 send 0
please_send_me_an_email 1583325304681 360 223 touchmove 77 106 0 0 0 send 0
please_send_me_an_email 1583325304696 360 223 touchmove 82 107 0 0 0 send 0
please_send_me_an_email 1583325304714 360 223 touchmove 87 108 0 0 0 send 0
please_send_me_an_email 1583325304730 360 223 touchmove 92 109 0 0 0 send 0
please_send_me_an_email 1583325304748 360 223 touchmove 96 110 0 0 0 send 0
please_send_me_an_email 1583325304763 360 223 touchmove 100 111 0 0 0 send 0
please_send_me_an_email 1583325304780 360 223 touchmove 104 112 0 0 0 send 0
please_send_me_an_email 1583325304797 360 223 touchmove 108 113 0 0 0 send 0
please_send_me_an_email 1583325304816 360 223 touchmove 111 113 0 0 0 send 0
please_send_me_an_email 1583325304833 360 223 touchmove 114 114 0 0 0 send 0
please_send_me_an_email 1583325304847 360 223 touchmove 117 114 0 0 0 send 0
please_send_me_an_email 1583325304865 360 223 touchmove 120 114 0 0 0 send 0
please_send_me_an_email 1583325304883 360 223 touchmove 122 115 0 0 0 send 0
please_send_me_an_email 1583325304897 360 223 touchmove 125 115 0 0 0 send 0
please_send_me_an_email 1583325304915 360 223 touchmove 128 114 0 0 0 send 0
please_send_me_an_email 1583325304932 360 223 touchmove 130 114 0 0 0 send 0
please_send_me_an_email 1583325304947 360 223 touchmove 133 114 0 0 0 send 0
please_send_me_an_email 1583325304964 360 223 touchmove 136 114 0 0 0 send 0
please_send_me_an_email 1583325304981 360 223 touchmove 139 113 0 0 0 send 0
please_send_me_an_email 1583325304998 360 223 touchmove 141 113 0 0 0 send 0
please_send_me_an_email 1583325305014 360 223 touchmove 145 112 0 0 0 send 0
please_send_me_an_email 1583325305032 360 223 touchmove 148 112 0 0 0 send 0
please_send_me_an_email 1583325305047 360 223 touchmove 151 111 0 0 0 send 0
please_send_me_an_email 1583325305064 360 223 touchmove 154 110 0 0 0 send 0
please_send_me_an_email 1583325305080 360 223 touchmove 157 109 0 0 0 send 0
please_send_me_an_email 1583325305097 360 223 touchmove 161 109 0 0 0 send 0
please_send_me_an_email 1583325305114 360 223 touchmove 164 108 0 0 0 send 0
please_send_me_an_email 1583325305131 360 223 touchmove 167 107 0 0 0 send 0
please_send_me_an_email 1583325305150 360 223 touchmove 169 106 0 0 0 send 0
please_send_me_an_email 1583325305164 360 223 touchmove 172 106 0 0 0 send 0
please_send_me_an_email 1583325305181 360 223 touchmove 174 105 0 0 0 send 0
please_send_me_an_email 1583325305197 360 223 touchmove 175 105 0 0 0 send 0
please_send_me_an_email 1583325305214 360 223 touchmove 176 105 0 0 0 send 0
please_send_me_an_email 1583325305232 360 223 touchmove 177 104 0 0 0 send 0
please_send_me_an_email 1583325305249 360 223 touchmove 178 104 0 0 0 send 0
please_send_me_an_email 1583325305264 360 223 touchmove 179 104 0 0 0 send 0
please_send_me_an_email 1583325305281 360 223 touchmove 179 104 0 0 0 send 0
please_send_me_an_email 1583325305299 360 223 touchmove 180 104 0 0 0 send 0
please_send_me_an_email 1583325305313 360 223 touchmove 181 104 0 0 0 send 0
please_send_me_an_email 1583325305335 360 223 touchend 181 104 0 0 0 send 0
please_send_me_an_email 1583325308840 360 223 touchstart 292 170 0 0 0 me 1
please_send_me_an_email 1583325308954 360 223 touchmove 283 162 0 0 0 me 1
please_send_me_an_email 1583325308981 360 223 touchmove 265 149 0 0 0 me 1
please_send_me_an_email 1583325308999 360 223 touchmove 257 143 0 0 0 me 1
please_send_me_an_email 1583325309016 360 223 touchmove 248 137 0 0 0 me 1
please_send_me_an_email 1583325309030 360 223 touchmove 240 132 0 0 0 me 1
please_send_me_an_email 1583325309048 360 223 touchmove 233 126 0 0 0 me 1
please_send_me_an_email 1583325309065 360 223 touchmove 226 121 0 0 0 me 1
please_send_me_an_email 1583325309078 360 223 touchmove 219 116 0 0 0 me 1
please_send_me_an_email 1583325309095 360 223 touchmove 214 113 0 0 0 me 1
please_send_me_an_email 1583325309113 360 223 touchmove 208 109 0 0 0 me 1
please_send_me_an_email 1583325309130 360 223 touchmove 204 105 0 0 0 me 1
please_send_me_an_email 1583325309148 360 223 touchmove 200 102 0 0 0 me 1
please_send_me_an_email 1583325309162 360 223 touchmove 195 98 0 0 0 me 1
please_send_me_an_email 1583325309182 360 223 touchmove 192 95 0 0 0 me 1
please_send_me_an_email 1583325309196 360 223 touchmove 188 92 0 0 0 me 1
please_send_me_an_email 1583325309216 360 223 touchmove 185 89 0 0 0 me 1
please_send_me_an_email 1583325309229 360 223 touchmove 181 86 0 0 0 me 1
please_send_me_an_email 1583325309245 360 223 touchmove 178 82 0 0 0 me 1
please_send_me_an_email 1583325309263 360 223 touchmove 175 79 0 0 0 me 1
please_send_me_an_email 1583325309279 360 223 touchmove 172 77 0 0 0 me 1
please_send_me_an_email 1583325309296 360 223 touchmove 170 74 0 0 0 me 1
please_send_me_an_email 1583325309313 360 223 touchmove 168 72 0 0 0 me 1
please_send_me_an_email 1583325309330 360 223 touchmove 166 70 0 0 0 me 1
please_send_me_an_email 1583325309347 360 223 touchmove 164 69 0 0 0 me 1
please_send_me_an_email 1583325309365 360 223 touchmove 163 68 0 0 0 me 1
please_send_me_an_email 1583325309383 360 223 touchmove 163 68 0 0 0 me 1
please_send_me_an_email 1583325309401 360 223 touchend 163 68 0 0 0 me 1
please_send_me_an_email 1583325310830 360 223 touchstart 292 165 0 0 0 me 0
please_send_me_an_email 1583325310895 360 223 touchmove 289 158 0 0 0 me 0
please_send_me_an_email 1583325310912 360 223 touchmove 287 156 0 0 0 me 0
please_send_me_an_email 1583325310931 360 223 touchmove 282 150 0 0 0 me 0
please_send_me_an_email 1583325310947 360 223 touchmove 276 144 0 0 0 me 0
please_send_me_an_email 1583325310964 360 223 touchmove 269 137 0 0 0 me 0
please_send_me_an_email 1583325310978 360 223 touchmove 262 130 0 0 0 me 0
please_send_me_an_email 1583325310994 360 223 touchmove 255 123 0 0 0 me 0
please_send_me_an_email 1583325311011 360 223 touchmove 248 115 0 0 0 me 0
please_send_me_an_email 1583325311028 360 223 touchmove 242 108 0 0 0 me 0
please_send_me_an_email 1583325311044 360 223 touchmove 236 102 0 0 0 me 0
please_send_me_an_email 1583325311061 360 223 touchmove 231 96 0 0 0 me 0
please_send_me_an_email 1583325311078 360 223 touchmove 226 91 0 0 0 me 0
please_send_me_an_email 1583325311094 360 223 touchmove 221 86 0 0 0 me 0
please_send_me_an_email 1583325311111 360 223 touchmove 215 80 0 0 0 me 0
please_send_me_an_email 1583325311129 360 223 touchmove 210 75 0 0 0 me 0
please_send_me_an_email 1583325311144 360 223 touchmove 205 71 0 0 0 me 0
please_send_me_an_email 1583325311161 360 223 touchmove 201 67 0 0 0 me 0
please_send_me_an_email 1583325311178 360 223 touchmove 196 62 0 0 0 me 0
please_send_me_an_email 1583325311194 360 223 touchmove 190 57 0 0 0 me 0
please_send_me_an_email 1583325311211 360 223 touchmove 185 53 0 0 0 me 0
please_send_me_an_email 1583325311229 360 223 touchmove 180 49 0 0 0 me 0
please_send_me_an_email 1583325311244 360 223 touchmove 177 45 0 0 0 me 0
please_send_me_an_email 1583325311261 360 223 touchmove 174 41 0 0 0 me 0
please_send_me_an_email 1583325311278 360 223 touchmove 171 39 0 0 0 me 0
please_send_me_an_email 1583325311295 360 223 touchmove 169 36 0 0 0 me 0
please_send_me_an_email 1583325311311 360 223 touchmove 166 33 0 0 0 me 0
please_send_me_an_email 1583325311328 360 223 touchmove 164 31 0 0 0 me 0
please_send_me_an_email 1583325311344 360 223 touchmove 163 30 0 0 0 me 0
please_send_me_an_email 1583325311366 360 223 touchmove 162 29 0 0 0 me 0
please_send_me_an_email 1583325311379 360 223 touchmove 161 28 0 0 0 me 0
please_send_me_an_email 1583325311395 360 223 touchmove 161 28 0 0 0 me 0
please_send_me_an_email 1583325311411 360 223 touchmove 161 27 0 0 0 me 0
please_send_me_an_email 1583325311416 360 223 touchend 161 27 0 0 0 me 0
please_send_me_an_email 1583325322737 360 223 touchstart 16 74 0 0 0 an 0
please_send_me_an_email 1583325322876 360 223 touchmove 30 79 0 0 0 an 0
please_send_me_an_email 1583325322892 360 223 touchmove 43 83 0 0 0 an 0
please_send_me_an_email 1583325322908 360 223 touchmove 57 87 0 0 0 an 0
please_send_me_an_email 1583325322925 360 223 touchmove 71 90 0 0 0 an 0
please_send_me_an_email 1583325322941 360 223 touchmove 86 94 0 0 0 an 0
please_send_me_an_email 1583325322958 360 223 touchmove 101 97 0 0 0 an 0
please_send_me_an_email 1583325322975 360 223 touchmove 114 100 0 0 0 an 0
please_send_me_an_email 1583325322992 360 223 touchmove 126 104 0 0 0 an 0
please_send_me_an_email 1583325323008 360 223 touchmove 139 107 0 0 0 an 0
please_send_me_an_email 1583325323025 360 223 touchmove 152 110 0 0 0 an 0
please_send_me_an_email 1583325323041 360 223 touchmove 166 114 0 0 0 an 0
please_send_me_an_email 1583325323058 360 223 touchmove 179 118 0 0 0 an 0
please_send_me_an_email 1583325323076 360 223 touchmove 192 122 0 0 0 an 0
please_send_me_an_email 1583325323092 360 223 touchmove 203 126 0 0 0 an 0
please_send_me_an_email 1583325323109 360 223 touchmove 212 129 0 0 0 an 0
please_send_me_an_email 1583325323125 360 223 touchmove 220 132 0 0 0 an 0
please_send_me_an_email 1583325323143 360 223 touchmove 228 135 0 0 0 an 0
please_send_me_an_email 1583325323162 360 223 touchmove 235 137 0 0 0 an 0
please_send_me_an_email 1583325323176 360 223 touchmove 240 140 0 0 0 an 0
please_send_me_an_email 1583325323192 360 223 touchmove 245 142 0 0 0 an 0
please_send_me_an_email 1583325323208 360 223 touchmove 249 144 0 0 0 an 0
please_send_me_an_email 1583325323225 360 223 touchmove 254 147 0 0 0 an 0
please_send_me_an_email 1583325323241 360 223 touchmove 258 149 0 0 0 an 0
please_send_me_an_email 1583325323258 360 223 touchmove 261 151 0 0 0 an 0
please_send_me_an_email 1583325323275 360 223 touchmove 264 152 0 0 0 an 0
please_send_me_an_email 1583325323291 360 223 touchmove 265 153 0 0 0 an 0
please_send_me_an_email 1583325323308 360 223 touchmove 267 154 0 0 0 an 0
please_send_me_an_email 1583325323325 360 223 touchmove 267 154 0 0 0 an 0
please_send_me_an_email 1583325323338 360 223 touchend 267 154 0 0 0 an 0
please_send_me_an_email 1583325324892 360 223 touchstart 81 28 0 0 0 email 0
please_send_me_an_email 1583325325042 360 223 touchmove 89 36 0 0 0 email 0
please_send_me_an_email 1583325325057 360 223 touchmove 91 38 0 0 0 email 0
please_send_me_an_email 1583325325075 360 223 touchmove 97 44 0 0 0 email 0
please_send_me_an_email 1583325325092 360 223 touchmove 102 48 0 0 0 email 0
please_send_me_an_email 1583325325108 360 223 touchmove 107 52 0 0 0 email 0
please_send_me_an_email 1583325325127 360 223 touchmove 113 55 0 0 0 email 0
please_send_me_an_email 1583325325140 360 223 touchmove 120 59 0 0 0 email 0
please_send_me_an_email 1583325325158 360 223 touchmove 128 63 0 0 0 email 0
please_send_me_an_email 1583325325175 360 223 touchmove 138 67 0 0 0 email 0
please_send_me_an_email 1583325325193 360 223 touchmove 150 70 0 0 0 email 0
please_send_me_an_email 1583325325207 360 223 touchmove 162 73 0 0 0 email 0
please_send_me_an_email 1583325325224 360 223 touchmove 174 76 0 0 0 email 0
please_send_me_an_email 1583325325243 360 223 touchmove 187 79 0 0 0 email 0
please_send_me_an_email 1583325325259 360 223 touchmove 200 82 0 0 0 email 0
please_send_me_an_email 1583325325276 360 223 touchmove 213 84 0 0 0 email 0
please_send_me_an_email 1583325325291 360 223 touchmove 224 86 0 0 0 email 0
please_send_me_an_email 1583325325308 360 223 touchmove 234 86 0 0 0 email 0
please_send_me_an_email 1583325325324 360 223 touchmove 243 86 0 0 0 email 0
please_send_me_an_email 1583325325340 360 223 touchmove 251 86 0 0 0 email 0
please_send_me_an_email 1583325325357 360 223 touchmove 260 86 0 0 0 email 0
please_send_me_an_email 1583325325375 360 223 touchmove 267 86 0 0 0 email 0
please_send_me_an_email 1583325325392 360 223 touchmove 273 86 0 0 0 email 0
please_send_me_an_email 1583325325408 360 223 touchmove 279 86 0 0 0 email 0
please_send_me_an_email 1583325325425 360 223 touchmove 284 87 0 0 0 email 0
please_send_me_an_email 1583325325440 360 223 touchmove 289 88 0 0 0 email 0
please_send_me_an_email 1583325325457 360 223 touchmove 294 89 0 0 0 email 0
please_send_me_an_email 1583325325474 360 223 touchmove 298 90 0 0 0 email 0
please_send_me_an_email 1583325325491 360 223 touchmove 302 91 0 0 0 email 0
please_send_me_an_email 1583325325508 360 223 touchmove 305 92 0 0 0 email 0
please_send_me_an_email 1583325325527 360 223 touchmove 308 93 0 0 0 email 0
please_send_me_an_email 1583325325543 360 223 touchmove 310 93 0 0 0 email 0
please_send_me_an_email 1583325325559 360 223 touchmove 312 94 0 0 0 email 0
please_send_me_an_email 1583325325574 360 223 touchmove 314 95 0 0 0 email 0
please_send_me_an_email 1583325325591 360 223 touchmove 316 95 0 0 0 email 0
please_send_me_an_email 1583325325607 360 223 touchmove 317 96 0 0 0 email 0
please_send_me_an_email 1583325325627 360 223 touchmove 318 96 0 0 0 email 0
please_send_me_an_email 1583325325643 360 223 touchmove 318 96 0 0 0 email 0
please_send_me_an_email 1583325325649 360 223 touchend 318 96 0 0 0 email 0
mysql_enterprise_condo_mercury 1583325329057 360 223 touchstart 276 158 0 0 0 mysql 0
mysql_enterprise_condo_mercury 1583325329114 360 223 touchmove 278 150 0 0 0 mysql 0
mysql_enterprise_condo_mercury 1583325329124 360 223 touchmove 279 149 0 0 0 mysql 0
mysql_enterprise_condo_mercury 1583325329133 360 223 touchmove 281 147 0 0 0 mysql 0
mysql_enterprise_condo_mercury 1583325329142 360 223 touchmove 283 144 0 0 0 mysql 0
mysql_enterprise_condo_mercury 1583325329159 360 223 touchmove 289 137 0 0 0 mysql 0
mysql_enterprise_condo_mercury 1583325329175 360 223 touchmove 295 129 0 0 0 mysql 0
mysql_enterprise_condo_mercury 1583325329191 360 223 touchmove 302 120 0 0 0 mysql 0
mysql_enterprise_condo_mercury 1583325329208 360 223 touchmove 309 112 0 0 0 mysql 0
mysql_enterprise_condo_mercury 1583325329223 360 223 touchmove 315 104 0 0 0 mysql 0
mysql_enterprise_condo_mercury 1583325329240 360 223 touchmove 321 96 0 0 0 mysql 0
mysql_enterprise_condo_mercury 1583325329257 360 223 touchmove 325 90 0 0 0 mysql 0
mysql_enterprise_condo_mercury 1583325329273 360 223 touchmove 328 85 0 0 0 mysql 0
mysql_enterprise_condo_mercury 1583325329290 360 223 touchmove 330 83 0 0 0 mysql 0
mysql_enterprise_condo_mercury 1583325329307 360 223 touchmove 331 82 0 0 0 mysql 0
mysql_enterprise_condo_mercury 1583325329324 360 223 touchmove 331 82 0 0 0 mysql 0
mysql_enterprise_condo_mercury 1583325329342 360 223 touchmove 331 83 0 0 0 mysql 0
mysql_enterprise_condo_mercury 1583325329349 360 223 touchend 331 83 0 0 0 mysql 0
mysql_enterprise_condo_mercury 1583325333034 360 223 touchstart 84 32 0 0 0 enterprise 0
mysql_enterprise_condo_mercury 1583325333112 360 223 touchend 84 32 0 0 0 enterprise 0
mysql_enterprise_condo_mercury 1583325336902 360 223 touchstart 148 163 0 0 0 condo 0
mysql_enterprise_condo_mercury 1583325336988 360 223 touchmove 155 159 0 0 0 condo 0
mysql_enterprise_condo_mercury 1583325336999 360 223 touchmove 156 159 0 0 0 condo 0
mysql_enterprise_condo_mercury 1583325337007 360 223 touchmove 156 158 0 0 0 condo 0
mysql_enterprise_condo_mercury 1583325337016 360 223 touchmove 156 158 0 0 0 condo 0
mysql_enterprise_condo_mercury 1583325337028 360 223 touchmove 157 158 0 0 0 condo 0
mysql_enterprise_condo_mercury 1583325337040 360 223 touchmove 160 155 0 0 0 condo 0
mysql_enterprise_condo_mercury 1583325337055 360 223 touchmove 166 150 0 0 0 condo 0
mysql_enterprise_condo_mercury 1583325337074 360 223 touchmove 173 144 0 0 0 condo 0
mysql_enterprise_condo_mercury 1583325337089 360 223 touchmove 180 138 0 0 0 condo 0
mysql_enterprise_condo_mercury 1583325337106 360 223 touchmove 186 133 0 0 0 condo 0
mysql_enterprise_condo_mercury 1583325337122 360 223 touchmove 193 127 0 0 0 condo 0
mysql_enterprise_condo_mercury 1583325337139 360 223 touchmove 201 121 0 0 0 condo 0
mysql_enterprise_condo_mercury 1583325337155 360 223 touchmove 208 115 0 0 0 condo 0
mysql_enterprise_condo_mercury 1583325337172 360 223 touchmove 215 109 0 0 0 condo 0
mysql_enterprise_condo_mercury 1583325337188 360 223 touchmove 220 104 0 0 0 condo 0
mysql_enterprise_condo_mercury 1583325337207 360 223 touchmove 225 100 0 0 0 condo 0
mysql_enterprise_condo_mercury 1583325337221 360 223 touchmove 229 95 0 0 0 condo 0
mysql_enterprise_condo_mercury 1583325337239 360 223 touchmove 234 90 0 0 0 condo 0
mysql_enterprise_condo_mercury 1583325337255 360 223 touchmove 238 85 0 0 0 condo 0
mysql_enterprise_condo_mercury 1583325337272 360 223 touchmove 243 80 0 0 0 condo 0
mysql_enterprise_condo_mercury 1583325337288 360 223 touchmove 247 76 0 0 0 condo 0
mysql_enterprise_condo_mercury 1583325337310 360 223 touchmove 251 71 0 0 0 condo 0
mysql_enterprise_condo_mercury 1583325337322 360 223 touchmove 255 67 0 0 0 condo 0
mysql_enterprise_condo_mercury 1583325337338 360 223 touchmove 260 62 0 0 0 condo 0
mysql_enterprise_condo_mercury 1583325337354 360 223 touchmove 264 58 0 0 0 condo 0
mysql_enterprise_condo_mercury 1583325337371 360 223 touchmove 268 54 0 0 0 condo 0
mysql_enterprise_condo_mercury 1583325337388 360 223 touchmove 272 51 0 0 0 condo 0
mysql_enterprise_condo_mercury 1583325337404 360 223 touchmove 275 49 0 0 0 condo 0
mysql_enterprise_condo_mercury 1583325337421 360 223 touchmove 278 46 0 0 0 condo 0
mysql_enterprise_condo_mercury 1583325337438 360 223 touchmove 281 44 0 0 0 condo 0
mysql_enterprise_condo_mercury 1583325337454 360 223 touchmove 284 42 0 0 0 condo 0
mysql_enterprise_condo_mercury 1583325337471 360 223 touchmove 286 40 0 0 0 condo 0
mysql_enterprise_condo_mercury 1583325337489 360 223 touchmove 288 39 0 0 0 condo 0
mysql_enterprise_condo_mercury 1583325337505 360 223 touchmove 289 38 0 0 0 condo 0
mysql_enterprise_condo_mercury 1583325337521 360 223 touchmove 290 37 0 0 0 condo 0
mysql_enterprise_condo_mercury 1583325337538 360 223 touchmove 291 37 0 0 0 condo 0
mysql_enterprise_condo_mercury 1583325337555 360 223 touchmove 292 36 0 0 0 condo 0
mysql_enterprise_condo_mercury 1583325337575 360 223 touchend 292 36 0 0 0 condo 0
mysql_enterprise_condo_mercury 1583325339318 360 223 touchstart 296 171 0 0 0 mercury 0
mysql_enterprise_condo_mercury 1583325339355 360 223 touchmove 298 172 0 0 0 mercury 0
mysql_enterprise_condo_mercury 1583325339372 360 223 touchmove 304 175 0 0 0 mercury 0
mysql_enterprise_condo_mercury 1583325339388 360 223 touchmove 306 174 0 0 0 mercury 0
mysql_enterprise_condo_mercury 1583325339407 360 223 touchmove 305 172 0 0 0 mercury 0
mysql_enterprise_condo_mercury 1583325339420 360 223 touchmove 301 168 0 0 0 mercury 0
mysql_enterprise_condo_mercury 1583325339441 360 223 touchmove 294 160 0 0 0 mercury 0
mysql_enterprise_condo_mercury 1583325339454 360 223 touchmove 291 158 0 0 0 mercury 0
mysql_enterprise_condo_mercury 1583325339473 360 223 touchmove 284 152 0 0 0 mercury 0
mysql_enterprise_condo_mercury 1583325339488 360 223 touchmove 277 145 0 0 0 mercury 0
mysql_enterprise_condo_mercury 1583325339505 360 223 touchmove 268 137 0 0 0 mercury 0
mysql_enterprise_condo_mercury 1583325339521 360 223 touchmove 260 129 0 0 0 mercury 0
mysql_enterprise_condo_mercury 1583325339538 360 223 touchmove 252 121 0 0 0 mercury 0
mysql_enterprise_condo_mercury 1583325339553 360 223 touchmove 245 114 0 0 0 mercury 0
mysql_enterprise_condo_mercury 1583325339570 360 223 touchmove 238 107 0 0 0 mercury 0
mysql_enterprise_condo_mercury 1583325339587 360 223 touchmove 232 100 0 0 0 mercury 0
mysql_enterprise_condo_mercury 1583325339604 360 223 touchmove 225 92 0 0 0 mercury 0
mysql_enterprise_condo_mercury 1583325339620 360 223 touchmove 219 85 0 0 0 mercury 0
mysql_enterprise_condo_mercury 1583325339637 360 223 touchmove 214 79 0 0 0 mercury 0
mysql_enterprise_condo_mercury 1583325339654 360 223 touchmove 210 74 0 0 0 mercury 0
mysql_enterprise_condo_mercury 1583325339671 360 223 touchmove 207 69 0 0 0 mercury 0
mysql_enterprise_condo_mercury 1583325339687 360 223 touchmove 204 65 0 0 0 mercury 0
mysql_enterprise_condo_mercury 1583325339704 360 223 touchmove 200 61 0 0 0 mercury 0
mysql_enterprise_condo_mercury 1583325339720 360 223 touchmove 197 57 0 0 0 mercury 0
mysql_enterprise_condo_mercury 1583325339739 360 223 touchmove 194 54 0 0 0 mercury 0
mysql_enterprise_condo_mercury 1583325339754 360 223 touchmove 191 50 0 0 0 mercury 0
mysql_enterprise_condo_mercury 1583325339770 360 223 touchmove 188 48 0 0 0 mercury 0
mysql_enterprise_condo_mercury 1583325339787 360 223 touchmove 186 45 0 0 0 mercury 0
mysql_enterprise_condo_mercury 1583325339803 360 223 touchmove 184 43 0 0 0 mercury 0
mysql_enterprise_condo_mercury 1583325339822 360 223 touchmove 183 42 0 0 0 mercury 0
mysql_enterprise_condo_mercury 1583325339839 360 223 touchmove 182 41 0 0 0 mercury 0
mysql_enterprise_condo_mercury 1583325339854 360 223 touchmove 181 40 0 0 0 mercury 0
mysql_enterprise_condo_mercury 1583325339870 360 223 touchend 181 40 0 0 0 mercury 0
