sentence timestamp keyb_width keyb_height event x_pos y_pos x_radius y_radius angle word is_err
they_have_capacity_now 1580155770802 360 183 touchstart 163 23 4.9945812225342 4.9945812225342 0 they 0
they_have_capacity_now 1580155770881 360 183 touchmove 166 27 4.9945812225342 4.9945812225342 0 they 0
they_have_capacity_now 1580155770905 360 183 touchmove 182 43 4.9945812225342 4.9945812225342 0 they 0
they_have_capacity_now 1580155770948 360 183 touchmove 199 61 4.9945812225342 4.9945812225342 0 they 0
they_have_capacity_now 1580155770964 360 183 touchmove 204 65 4.9945812225342 4.9945812225342 0 they 0
they_have_capacity_now 1580155770981 360 183 touchmove 212 72 4.9945812225342 4.9945812225342 0 they 0
they_have_capacity_now 1580155770998 360 183 touchmove 215 76 4.9945812225342 4.9945812225342 0 they 0
they_have_capacity_now 1580155771015 360 183 touchmove 219 81 4.9945812225342 4.9945812225342 0 they 0
they_have_capacity_now 1580155771032 360 183 touchmove 221 83 4.9945812225342 4.9945812225342 0 they 0
they_have_capacity_now 1580155771050 360 183 touchmove 223 85 4.9945812225342 4.9945812225342 0 they 0
they_have_capacity_now 1580155771067 360 183 touchmove 224 86 4.9945812225342 4.9945812225342 0 they 0
they_have_capacity_now 1580155771085 360 183 touchmove 225 87 4.9945812225342 4.9945812225342 0 they 0
they_have_capacity_now 1580155771101 360 183 touchmove 225 88 4.9945812225342 4.9945812225342 0 they 0
they_have_capacity_now 1580155771126 360 183 touchmove 226 89 4.9945812225342 4.9945812225342 0 they 0
they_have_capacity_now 1580155771143 360 183 touchmove 226 89 4.9945812225342 4.9945812225342 0 they 0
they_have_capacity_now 1580155771170 360 183 touchmove 226 89 4.9945812225342 4.9945812225342 0 they 0
they_have_capacity_now 1580155771430 360 183 touchend 226 89 4.9945812225342 4.9945812225342 0 they 0
they_have_capacity_now 1580155773452 360 183 touchstart 222 76 4.9945812225342 4.9945812225342 0 have 1
they_have_capacity_now 1580155773567 360 183 touchmove 194 32 4.9945812225342 4.9945812225342 0 have 1
they_have_capacity_now 1580155773588 360 183 touchmove 182 16 4.9945812225342 4.9945812225342 0 have 1
they_have_capacity_now 1580155773605 360 183 touchmove 155 -7 4.9945812225342 4.9945812225342 0 have 1
they_have_capacity_now 1580155773623 360 183 touchmove 139 -10 4.9945812225342 4.9945812225342 0 have 1
they_have_capacity_now 1580155773641 360 183 touchmove 106 -2 4.9945812225342 4.9945812225342 0 have 1
they_have_capacity_now 1580155773659 360 183 touchmove 93 8 4.9945812225342 4.9945812225342 0 have 1
they_have_capacity_now 1580155773676 360 183 touchmove 84 19 4.9945812225342 4.9945812225342 0 have 1
they_have_capacity_now 1580155773692 360 183 touchmove 77 40 4.9945812225342 4.9945812225342 0 have 1
they_have_capacity_now 1580155773708 360 183 touchmove 78 49 4.9945812225342 4.9945812225342 0 have 1
they_have_capacity_now 1580155773725 360 183 touchmove 89 69 4.9945812225342 4.9945812225342 0 have 1
they_have_capacity_now 1580155773742 360 183 touchmove 101 79 4.9945812225342 4.9945812225342 0 have 1
they_have_capacity_now 1580155773761 360 183 touchmove 133 90 4.9945812225342 4.9945812225342 0 have 1
they_have_capacity_now 1580155773777 360 183 touchmove 152 90 4.9945812225342 4.9945812225342 0 have 1
they_have_capacity_now 1580155773796 360 183 touchmove 174 84 4.9945812225342 4.9945812225342 0 have 1
they_have_capacity_now 1580155773811 360 183 touchmove 222 64 4.9945812225342 4.9945812225342 0 have 1
they_have_capacity_now 1580155773829 360 183 touchmove 238 53 4.9945812225342 4.9945812225342 0 have 1
they_have_capacity_now 1580155773846 360 183 touchmove 246 44 4.9945812225342 4.9945812225342 0 have 1
they_have_capacity_now 1580155773865 360 183 touchmove 253 28 4.9945812225342 4.9945812225342 0 have 1
they_have_capacity_now 1580155773881 360 183 touchmove 253 21 4.9945812225342 4.9945812225342 0 have 1
they_have_capacity_now 1580155773897 360 183 touchmove 247 5 4.9945812225342 4.9945812225342 0 have 1
they_have_capacity_now 1580155773915 360 183 touchmove 241 -5 4.9945812225342 4.9945812225342 0 have 1
they_have_capacity_now 1580155773922 360 183 touchend 241 -5 4.9945812225342 4.9945812225342 0 have 1
they_have_capacity_now 1580155774857 360 183 touchstart 213 74 4.9945812225342 4.9945812225342 0 have 1
they_have_capacity_now 1580155774979 360 183 touchmove 235 51 4.9945812225342 4.9945812225342 0 have 1
they_have_capacity_now 1580155775016 360 183 touchmove 249 35 4.9945812225342 4.9945812225342 0 have 1
they_have_capacity_now 1580155775027 360 183 touchmove 269 8 4.9945812225342 4.9945812225342 0 have 1
they_have_capacity_now 1580155775044 360 183 touchmove 272 3 4.9945812225342 4.9945812225342 0 have 1
they_have_capacity_now 1580155775063 360 183 touchmove 275 -3 4.9945812225342 4.9945812225342 0 have 1
they_have_capacity_now 1580155775080 360 183 touchmove 276 -4 4.9945812225342 4.9945812225342 0 have 1
they_have_capacity_now 1580155775100 360 183 touchmove 277 -6 4.9945812225342 4.9945812225342 0 have 1
they_have_capacity_now 1580155775116 360 183 touchmove 276 -7 4.9945812225342 4.9945812225342 0 have 1
they_have_capacity_now 1580155775133 360 183 touchmove 275 -7 4.9945812225342 4.9945812225342 0 have 1
they_have_capacity_now 1580155775154 360 183 touchmove 269 -5 4.9945812225342 4.9945812225342 0 have 1
they_have_capacity_now 1580155775166 360 183 touchmove 259 -1 4.9945812225342 4.9945812225342 0 have 1
they_have_capacity_now 1580155775184 360 183 touchmove 224 13 4.9945812225342 4.9945812225342 0 have 1
they_have_capacity_now 1580155775202 360 183 touchmove 201 20 4.9945812225342 4.9945812225342 0 have 1
they_have_capacity_now 1580155775219 360 183 touchmove 180 28 4.9945812225342 4.9945812225342 0 have 1
they_have_capacity_now 1580155775235 360 183 touchmove 147 36 4.9945812225342 4.9945812225342 0 have 1
they_have_capacity_now 1580155775251 360 183 touchmove 132 38 4.9945812225342 4.9945812225342 0 have 1
they_have_capacity_now 1580155775269 360 183 touchmove 108 46 4.9945812225342 4.9945812225342 0 have 1
they_have_capacity_now 1580155775286 360 183 touchmove 98 53 4.9945812225342 4.9945812225342 0 have 1
they_have_capacity_now 1580155775304 360 183 touchmove 86 70 4.9945812225342 4.9945812225342 0 have 1
they_have_capacity_now 1580155775321 360 183 touchmove 82 80 4.9945812225342 4.9945812225342 0 have 1
they_have_capacity_now 1580155775339 360 183 touchmove 78 90 4.9945812225342 4.9945812225342 0 have 1
they_have_capacity_now 1580155775355 360 183 touchmove 75 108 4.9945812225342 4.9945812225342 0 have 1
they_have_capacity_now 1580155775366 360 183 touchend 75 108 4.9945812225342 4.9945812225342 0 have 1
they_have_capacity_now 1580155775929 360 183 touchstart 199 83 4.9945812225342 4.9945812225342 0 have 1
they_have_capacity_now 1580155775990 360 183 touchmove 198 78 4.9945812225342 4.9945812225342 0 have 1
they_have_capacity_now 1580155776027 360 183 touchmove 196 67 4.9945812225342 4.9945812225342 0 have 1
they_have_capacity_now 1580155776048 360 183 touchmove 168 10 4.9945812225342 4.9945812225342 0 have 1
they_have_capacity_now 1580155776058 360 183 touchmove 151 -3 4.9945812225342 4.9945812225342 0 have 1
they_have_capacity_now 1580155776082 360 183 touchmove 103 -6 4.9945812225342 4.9945812225342 0 have 1
they_have_capacity_now 1580155776100 360 183 touchmove 49 25 4.9945812225342 4.9945812225342 0 have 1
they_have_capacity_now 1580155776117 360 183 touchmove 32 44 4.9945812225342 4.9945812225342 0 have 1
they_have_capacity_now 1580155776135 360 183 touchmove 23 61 4.9945812225342 4.9945812225342 0 have 1
they_have_capacity_now 1580155776151 360 183 touchmove 15 83 4.9945812225342 4.9945812225342 0 have 1
they_have_capacity_now 1580155776169 360 183 touchmove 16 93 4.9945812225342 4.9945812225342 0 have 1
they_have_capacity_now 1580155776185 360 183 touchmove 31 110 4.9945812225342 4.9945812225342 0 have 1
they_have_capacity_now 1580155776202 360 183 touchmove 46 116 4.9945812225342 4.9945812225342 0 have 1
they_have_capacity_now 1580155776220 360 183 touchmove 98 119 4.9945812225342 4.9945812225342 0 have 1
they_have_capacity_now 1580155776237 360 183 touchmove 138 113 4.9945812225342 4.9945812225342 0 have 1
they_have_capacity_now 1580155776255 360 183 touchmove 184 100 4.9945812225342 4.9945812225342 0 have 1
they_have_capacity_now 1580155776271 360 183 touchmove 267 61 4.9945812225342 4.9945812225342 0 have 1
they_have_capacity_now 1580155776289 360 183 touchmove 292 43 4.9945812225342 4.9945812225342 0 have 1
they_have_capacity_now 1580155776305 360 183 touchmove 315 13 4.9945812225342 4.9945812225342 0 have 1
they_have_capacity_now 1580155776323 360 183 touchmove 312 2 4.9945812225342 4.9945812225342 0 have 1
they_have_capacity_now 1580155776341 360 183 touchmove 276 -17 4.9945812225342 4.9945812225342 0 have 1
they_have_capacity_now 1580155776357 360 183 touchmove 240 -20 4.9945812225342 4.9945812225342 0 have 1
they_have_capacity_now 1580155776375 360 183 touchmove 185 -8 4.9945812225342 4.9945812225342 0 have 1
they_have_capacity_now 1580155776391 360 183 touchmove 73 63 4.9945812225342 4.9945812225342 0 have 1
they_have_capacity_now 1580155776408 360 183 touchmove 43 97 4.9945812225342 4.9945812225342 0 have 1
they_have_capacity_now 1580155776426 360 183 touchmove 30 134 4.9945812225342 4.9945812225342 0 have 1
they_have_capacity_now 1580155776443 360 183 touchmove 34 144 4.9945812225342 4.9945812225342 0 have 1
they_have_capacity_now 1580155776464 360 183 touchmove 64 155 4.9945812225342 4.9945812225342 0 have 1
they_have_capacity_now 1580155776478 360 183 touchmove 92 156 4.9945812225342 4.9945812225342 0 have 1
they_have_capacity_now 1580155776497 360 183 touchmove 127 153 4.9945812225342 4.9945812225342 0 have 1
they_have_capacity_now 1580155776513 360 183 touchmove 198 131 4.9945812225342 4.9945812225342 0 have 1
they_have_capacity_now 1580155776528 360 183 touchmove 231 115 4.9945812225342 4.9945812225342 0 have 1
they_have_capacity_now 1580155776546 360 183 touchmove 269 86 4.9945812225342 4.9945812225342 0 have 1
they_have_capacity_now 1580155776583 360 183 touchmove 279 41 4.9945812225342 4.9945812225342 0 have 1
they_have_capacity_now 1580155776587 360 183 touchend 279 41 4.9945812225342 4.9945812225342 0 have 1
they_have_capacity_now 1580155775929 360 183 touchstart 199 83 4.9945812225342 4.9945812225342 0 have 1 1
they_have_capacity_now 1580155775990 360 183 touchmove 198 78 4.9945812225342 4.9945812225342 0 have 1 1
they_have_capacity_now 1580155776027 360 183 touchmove 196 67 4.9945812225342 4.9945812225342 0 have 1 1
they_have_capacity_now 1580155776048 360 183 touchmove 168 10 4.9945812225342 4.9945812225342 0 have 1 1
they_have_capacity_now 1580155776058 360 183 touchmove 151 -3 4.9945812225342 4.9945812225342 0 have 1 1
they_have_capacity_now 1580155776082 360 183 touchmove 103 -6 4.9945812225342 4.9945812225342 0 have 1 1
they_have_capacity_now 1580155776100 360 183 touchmove 49 25 4.9945812225342 4.9945812225342 0 have 1 1
they_have_capacity_now 1580155776117 360 183 touchmove 32 44 4.9945812225342 4.9945812225342 0 have 1 1
they_have_capacity_now 1580155776135 360 183 touchmove 23 61 4.9945812225342 4.9945812225342 0 have 1 1
they_have_capacity_now 1580155776151 360 183 touchmove 15 83 4.9945812225342 4.9945812225342 0 have 1 1
they_have_capacity_now 1580155776169 360 183 touchmove 16 93 4.9945812225342 4.9945812225342 0 have 1 1
they_have_capacity_now 1580155776185 360 183 touchmove 31 110 4.9945812225342 4.9945812225342 0 have 1 1
they_have_capacity_now 1580155776202 360 183 touchmove 46 116 4.9945812225342 4.9945812225342 0 have 1 1
they_have_capacity_now 1580155776220 360 183 touchmove 98 119 4.9945812225342 4.9945812225342 0 have 1 1
they_have_capacity_now 1580155776237 360 183 touchmove 138 113 4.9945812225342 4.9945812225342 0 have 1 1
they_have_capacity_now 1580155776255 360 183 touchmove 184 100 4.9945812225342 4.9945812225342 0 have 1 1
they_have_capacity_now 1580155776271 360 183 touchmove 267 61 4.9945812225342 4.9945812225342 0 have 1 1
they_have_capacity_now 1580155776289 360 183 touchmove 292 43 4.9945812225342 4.9945812225342 0 have 1 1
they_have_capacity_now 1580155776305 360 183 touchmove 315 13 4.9945812225342 4.9945812225342 0 have 1 1
they_have_capacity_now 1580155776323 360 183 touchmove 312 2 4.9945812225342 4.9945812225342 0 have 1 1
they_have_capacity_now 1580155776341 360 183 touchmove 276 -17 4.9945812225342 4.9945812225342 0 have 1 1
they_have_capacity_now 1580155776357 360 183 touchmove 240 -20 4.9945812225342 4.9945812225342 0 have 1 1
they_have_capacity_now 1580155776375 360 183 touchmove 185 -8 4.9945812225342 4.9945812225342 0 have 1 1
they_have_capacity_now 1580155776391 360 183 touchmove 73 63 4.9945812225342 4.9945812225342 0 have 1 1
they_have_capacity_now 1580155776408 360 183 touchmove 43 97 4.9945812225342 4.9945812225342 0 have 1 1
they_have_capacity_now 1580155776426 360 183 touchmove 30 134 4.9945812225342 4.9945812225342 0 have 1 1
they_have_capacity_now 1580155776443 360 183 touchmove 34 144 4.9945812225342 4.9945812225342 0 have 1 1
they_have_capacity_now 1580155776464 360 183 touchmove 64 155 4.9945812225342 4.9945812225342 0 have 1 1
they_have_capacity_now 1580155776478 360 183 touchmove 92 156 4.9945812225342 4.9945812225342 0 have 1 1
they_have_capacity_now 1580155776497 360 183 touchmove 127 153 4.9945812225342 4.9945812225342 0 have 1 1
they_have_capacity_now 1580155776513 360 183 touchmove 198 131 4.9945812225342 4.9945812225342 0 have 1 1
they_have_capacity_now 1580155776528 360 183 touchmove 231 115 4.9945812225342 4.9945812225342 0 have 1 1
they_have_capacity_now 1580155776546 360 183 touchmove 269 86 4.9945812225342 4.9945812225342 0 have 1 1
they_have_capacity_now 1580155776583 360 183 touchmove 279 41 4.9945812225342 4.9945812225342 0 have 1 1
they_have_capacity_now 1580155776587 360 183 touchend 279 41 4.9945812225342 4.9945812225342 0 have 1 1
they_have_capacity_now 1580155776654 360 183 touchstart 54 96 4.9945812225342 4.9945812225342 0 have 1
they_have_capacity_now 1580155776667 360 183 touchmove 62 89 4.9945812225342 4.9945812225342 0 have 1
they_have_capacity_now 1580155776686 360 183 touchmove 84 76 4.9945812225342 4.9945812225342 0 have 1
they_have_capacity_now 1580155776709 360 183 touchmove 158 48 4.9945812225342 4.9945812225342 0 have 1
they_have_capacity_now 1580155776717 360 183 touchmove 194 41 4.9945812225342 4.9945812225342 0 have 1
they_have_capacity_now 1580155776733 360 183 touchmove 223 39 4.9945812225342 4.9945812225342 0 have 1
they_have_capacity_now 1580155776750 360 183 touchmove 270 37 4.9945812225342 4.9945812225342 0 have 1
they_have_capacity_now 1580155776767 360 183 touchmove 286 32 4.9945812225342 4.9945812225342 0 have 1
they_have_capacity_now 1580155776785 360 183 touchmove 301 25 4.9945812225342 4.9945812225342 0 have 1
they_have_capacity_now 1580155776795 360 183 touchend 301 25 4.9945812225342 4.9945812225342 0 have 1
they_have_capacity_now 1580155777007 360 183 touchmove 239 56 4.9945812225342 4.9945812225342 0 have 1
they_have_capacity_now 1580155777025 360 183 touchmove 270 35 4.9945812225342 4.9945812225342 0 have 1
they_have_capacity_now 1580155777030 360 183 touchend 270 35 4.9945812225342 4.9945812225342 0 have 1
they_have_capacity_now 1580155777248 360 183 touchmove 299 9 4.9945812225342 4.9945812225342 0 have 1
they_have_capacity_now 1580155777265 360 183 touchmove 315 1 4.9945812225342 4.9945812225342 0 have 1
they_have_capacity_now 1580155777282 360 183 touchmove 336 -10 4.9945812225342 4.9945812225342 0 have 1
they_have_capacity_now 1580155777299 360 183 touchmove 343 -16 4.9945812225342 4.9945812225342 0 have 1
they_have_capacity_now 1580155777309 360 183 touchend 343 -16 4.9945812225342 4.9945812225342 0 have 1
they_have_capacity_now 1580155779107 360 183 touchstart 166 92 4.9945812225342 4.9945812225342 0 have 1
they_have_capacity_now 1580155779125 360 183 touchmove 162 87 4.9945812225342 4.9945812225342 0 have 1
they_have_capacity_now 1580155779144 360 183 touchmove 158 68 4.9945812225342 4.9945812225342 0 have 1
they_have_capacity_now 1580155779167 360 183 touchmove 154 16 4.9945812225342 4.9945812225342 0 have 1
they_have_capacity_now 1580155779176 360 183 touchmove 154 -9 4.9945812225342 4.9945812225342 0 have 1
they_have_capacity_now 1580155779186 360 183 touchmove 157 -30 4.9945812225342 4.9945812225342 0 have 1
they_have_capacity_now 1580155779205 360 183 touchmove 161 -45 4.9945812225342 4.9945812225342 0 have 1
they_have_capacity_now 1580155779219 360 183 touchmove 168 -54 4.9945812225342 4.9945812225342 0 have 1
they_have_capacity_now 1580155779236 360 183 touchmove 187 -59 4.9945812225342 4.9945812225342 0 have 1
they_have_capacity_now 1580155779255 360 183 touchmove 201 -52 4.9945812225342 4.9945812225342 0 have 1
they_have_capacity_now 1580155779271 360 183 touchmove 230 -19 4.9945812225342 4.9945812225342 0 have 1
they_have_capacity_now 1580155779288 360 183 touchmove 237 4 4.9945812225342 4.9945812225342 0 have 1
they_have_capacity_now 1580155779307 360 183 touchmove 237 29 4.9945812225342 4.9945812225342 0 have 1
they_have_capacity_now 1580155779323 360 183 touchmove 230 74 4.9945812225342 4.9945812225342 0 have 1
they_have_capacity_now 1580155779340 360 183 touchmove 226 89 4.9945812225342 4.9945812225342 0 have 1
they_have_capacity_now 1580155779357 360 183 touchmove 219 104 4.9945812225342 4.9945812225342 0 have 1
they_have_capacity_now 1580155779375 360 183 touchmove 215 107 4.9945812225342 4.9945812225342 0 have 1
they_have_capacity_now 1580155779383 360 183 touchend 215 107 4.9945812225342 4.9945812225342 0 have 1
they_have_capacity_now 1580155779717 360 183 touchstart 214 84 4.9945812225342 4.9945812225342 0 have 1
they_have_capacity_now 1580155779801 360 183 touchend 214 84 4.9945812225342 4.9945812225342 0 have 1
they_have_capacity_now 1580155779717 360 183 touchstart 214 84 4.9945812225342 4.9945812225342 0 have 1 1
they_have_capacity_now 1580155779801 360 183 touchend 214 84 4.9945812225342 4.9945812225342 0 have 1 1
they_have_capacity_now 1580155779924 360 183 touchstart 213 75 4.9945812225342 4.9945812225342 0 have 1
they_have_capacity_now 1580155779972 360 183 touchend 213 75 4.9945812225342 4.9945812225342 0 have 1
they_have_capacity_now 1580155780213 360 183 touchend 148 25 4.9945812225342 4.9945812225342 0 have 1
they_have_capacity_now 1580155780463 360 183 touchmove 246 79 4.9945812225342 4.9945812225342 0 have 1
they_have_capacity_now 1580155780476 360 183 touchmove 257 78 4.9945812225342 4.9945812225342 0 have 1
they_have_capacity_now 1580155780488 360 183 touchmove 273 77 4.9945812225342 4.9945812225342 0 have 1
they_have_capacity_now 1580155780501 360 183 touchend 273 77 4.9945812225342 4.9945812225342 0 have 1
they_have_capacity_now 1580155781179 360 183 touchstart 218 75 4.9945812225342 4.9945812225342 0 have 1
they_have_capacity_now 1580155781622 360 183 touchmove 215 75 4.9945812225342 4.9945812225342 0 have 1
they_have_capacity_now 1580155781648 360 183 touchend 215 75 4.9945812225342 4.9945812225342 0 have 1
they_have_capacity_now 1580155781864 360 183 touchmove 27 42 4.9945812225342 4.9945812225342 0 have 1
they_have_capacity_now 1580155781879 360 183 touchmove 28 51 4.9945812225342 4.9945812225342 0 have 1
they_have_capacity_now 1580155781897 360 183 touchmove 34 64 4.9945812225342 4.9945812225342 0 have 1
they_have_capacity_now 1580155781914 360 183 touchmove 52 93 4.9945812225342 4.9945812225342 0 have 1
they_have_capacity_now 1580155781941 360 183 touchmove 68 112 4.9945812225342 4.9945812225342 0 have 1
they_have_capacity_now 1580155781963 360 183 touchmove 77 125 4.9945812225342 4.9945812225342 0 have 1
they_have_capacity_now 1580155781981 360 183 touchmove 80 128 4.9945812225342 4.9945812225342 0 have 1
they_have_capacity_now 1580155781998 360 183 touchmove 84 133 4.9945812225342 4.9945812225342 0 have 1
they_have_capacity_now 1580155782027 360 183 touchmove 86 135 4.9945812225342 4.9945812225342 0 have 1
they_have_capacity_now 1580155782046 360 183 touchmove 86 135 4.9945812225342 4.9945812225342 0 have 1
they_have_capacity_now 1580155782051 360 183 touchend 86 135 4.9945812225342 4.9945812225342 0 have 1
they_have_capacity_now 1580155782762 360 183 touchstart 212 72 4.9945812225342 4.9945812225342 0 have 1
they_have_capacity_now 1580155782797 360 183 touchmove 208 72 4.9945812225342 4.9945812225342 0 have 1
they_have_capacity_now 1580155782818 360 183 touchmove 180 75 4.9945812225342 4.9945812225342 0 have 1
they_have_capacity_now 1580155782826 360 183 touchmove 154 77 4.9945812225342 4.9945812225342 0 have 1
they_have_capacity_now 1580155782840 360 183 touchmove 130 79 4.9945812225342 4.9945812225342 0 have 1
they_have_capacity_now 1580155782855 360 183 touchmove 106 81 4.9945812225342 4.9945812225342 0 have 1
they_have_capacity_now 1580155782873 360 183 touchmove 84 83 4.9945812225342 4.9945812225342 0 have 1
they_have_capacity_now 1580155782890 360 183 touchmove 54 84 4.9945812225342 4.9945812225342 0 have 1
they_have_capacity_now 1580155782908 360 183 touchmove 45 84 4.9945812225342 4.9945812225342 0 have 1
they_have_capacity_now 1580155782927 360 183 touchmove 36 85 4.9945812225342 4.9945812225342 0 have 1
they_have_capacity_now 1580155782948 360 183 touchmove 33 86 4.9945812225342 4.9945812225342 0 have 1
they_have_capacity_now 1580155782960 360 183 touchmove 31 86 4.9945812225342 4.9945812225342 0 have 1
they_have_capacity_now 1580155782978 360 183 touchmove 28 86 4.9945812225342 4.9945812225342 0 have 1
they_have_capacity_now 1580155782996 360 183 touchmove 28 86 4.9945812225342 4.9945812225342 0 have 1
they_have_capacity_now 1580155783011 360 183 touchmove 29 84 4.9945812225342 4.9945812225342 0 have 1
they_have_capacity_now 1580155783028 360 183 touchmove 32 84 4.9945812225342 4.9945812225342 0 have 1
they_have_capacity_now 1580155783048 360 183 touchmove 49 82 4.9945812225342 4.9945812225342 0 have 1
they_have_capacity_now 1580155783062 360 183 touchmove 62 81 4.9945812225342 4.9945812225342 0 have 1
they_have_capacity_now 1580155783080 360 183 touchmove 80 81 4.9945812225342 4.9945812225342 0 have 1
they_have_capacity_now 1580155783097 360 183 touchmove 125 90 4.9945812225342 4.9945812225342 0 have 1
they_have_capacity_now 1580155783114 360 183 touchmove 147 96 4.9945812225342 4.9945812225342 0 have 1
they_have_capacity_now 1580155783133 360 183 touchmove 166 100 4.9945812225342 4.9945812225342 0 have 1
they_have_capacity_now 1580155783136 360 183 touchend 166 100 4.9945812225342 4.9945812225342 0 have 1
they_have_capacity_now 1580155783578 360 183 touchstart 42 68 4.9945812225342 4.9945812225342 0 have 1
they_have_capacity_now 1580155783623 360 183 touchmove 48 66 4.9945812225342 4.9945812225342 0 have 1
they_have_capacity_now 1580155783660 360 183 touchmove 100 65 4.9945812225342 4.9945812225342 0 have 1
they_have_capacity_now 1580155783680 360 183 touchmove 127 65 4.9945812225342 4.9945812225342 0 have 1
they_have_capacity_now 1580155783703 360 183 touchmove 172 66 4.9945812225342 4.9945812225342 0 have 1
they_have_capacity_now 1580155783720 360 183 touchmove 187 68 4.9945812225342 4.9945812225342 0 have 1
they_have_capacity_now 1580155783729 360 183 touchmove 201 70 4.9945812225342 4.9945812225342 0 have 1
they_have_capacity_now 1580155783746 360 183 touchmove 225 73 4.9945812225342 4.9945812225342 0 have 1
they_have_capacity_now 1580155783765 360 183 touchmove 234 74 4.9945812225342 4.9945812225342 0 have 1
they_have_capacity_now 1580155783782 360 183 touchmove 247 75 4.9945812225342 4.9945812225342 0 have 1
they_have_capacity_now 1580155783791 360 183 touchend 247 75 4.9945812225342 4.9945812225342 0 have 1
