sentence timestamp keyb_width keyb_height event x_pos y_pos x_radius y_radius angle word is_err
muscat_nfl_development_wrapped 1583614239439 411 260 touchstart 333 196 0.8571429848671 0.8571429848671 0 muscat 1
muscat_nfl_development_wrapped 1583614239459 411 260 touchmove 334 196 0.8571429848671 0.8571429848671 0 muscat 1
muscat_nfl_development_wrapped 1583614239473 411 260 touchmove 334 195 0.8571429848671 0.8571429848671 0 muscat 1
muscat_nfl_development_wrapped 1583614239489 411 260 touchmove 334 194 0.8571429848671 0.8571429848671 0 muscat 1
muscat_nfl_development_wrapped 1583614239507 411 260 touchmove 333 191 1.1428571939468 1.1428571939468 0 muscat 1
muscat_nfl_development_wrapped 1583614239523 411 260 touchmove 331 185 0.8571429848671 0.8571429848671 0 muscat 1
muscat_nfl_development_wrapped 1583614239540 411 260 touchmove 329 177 1.1428571939468 1.1428571939468 0 muscat 1
muscat_nfl_development_wrapped 1583614239556 411 260 touchmove 327 171 1.4285714626312 1.4285714626312 0 muscat 1
muscat_nfl_development_wrapped 1583614239573 411 260 touchmove 325 165 1.1428571939468 1.1428571939468 0 muscat 1
muscat_nfl_development_wrapped 1583614239590 411 260 touchmove 325 162 1.1428571939468 1.1428571939468 0 muscat 1
muscat_nfl_development_wrapped 1583614239607 411 260 touchmove 324 159 0.8571429848671 0.8571429848671 0 muscat 1
muscat_nfl_development_wrapped 1583614239623 411 260 touchmove 323 158 0.8571429848671 0.8571429848671 0 muscat 1
muscat_nfl_development_wrapped 1583614239639 411 260 touchmove 322 156 1.1428571939468 1.1428571939468 0 muscat 1
muscat_nfl_development_wrapped 1583614239657 411 260 touchmove 321 153 1.1428571939468 1.1428571939468 0 muscat 1
muscat_nfl_development_wrapped 1583614239674 411 260 touchmove 318 150 0.8571429848671 0.8571429848671 0 muscat 1
muscat_nfl_development_wrapped 1583614239689 411 260 touchmove 315 146 1.4285714626312 1.4285714626312 0 muscat 1
muscat_nfl_development_wrapped 1583614239707 411 260 touchmove 311 141 1.1428571939468 1.1428571939468 0 muscat 1
muscat_nfl_development_wrapped 1583614239716 411 260 touchmove 309 139 0.57142859697342 0.57142859697342 0 muscat 1
muscat_nfl_development_wrapped 1583614239720 411 260 touchend 309 139 0.57142859697342 0.57142859697342 0 muscat 1
muscat_nfl_development_wrapped 1583614239439 411 260 touchstart 333 196 0.8571429848671 0.8571429848671 0 muscat 1 1
muscat_nfl_development_wrapped 1583614239459 411 260 touchmove 334 196 0.8571429848671 0.8571429848671 0 muscat 1 1
muscat_nfl_development_wrapped 1583614239473 411 260 touchmove 334 195 0.8571429848671 0.8571429848671 0 muscat 1 1
muscat_nfl_development_wrapped 1583614239489 411 260 touchmove 334 194 0.8571429848671 0.8571429848671 0 muscat 1 1
muscat_nfl_development_wrapped 1583614239507 411 260 touchmove 333 191 1.1428571939468 1.1428571939468 0 muscat 1 1
muscat_nfl_development_wrapped 1583614239523 411 260 touchmove 331 185 0.8571429848671 0.8571429848671 0 muscat 1 1
muscat_nfl_development_wrapped 1583614239540 411 260 touchmove 329 177 1.1428571939468 1.1428571939468 0 muscat 1 1
muscat_nfl_development_wrapped 1583614239556 411 260 touchmove 327 171 1.4285714626312 1.4285714626312 0 muscat 1 1
muscat_nfl_development_wrapped 1583614239573 411 260 touchmove 325 165 1.1428571939468 1.1428571939468 0 muscat 1 1
muscat_nfl_development_wrapped 1583614239590 411 260 touchmove 325 162 1.1428571939468 1.1428571939468 0 muscat 1 1
muscat_nfl_development_wrapped 1583614239607 411 260 touchmove 324 159 0.8571429848671 0.8571429848671 0 muscat 1 1
muscat_nfl_development_wrapped 1583614239623 411 260 touchmove 323 158 0.8571429848671 0.8571429848671 0 muscat 1 1
muscat_nfl_development_wrapped 1583614239639 411 260 touchmove 322 156 1.1428571939468 1.1428571939468 0 muscat 1 1
muscat_nfl_development_wrapped 1583614239657 411 260 touchmove 321 153 1.1428571939468 1.1428571939468 0 muscat 1 1
muscat_nfl_development_wrapped 1583614239674 411 260 touchmove 318 150 0.8571429848671 0.8571429848671 0 muscat 1 1
muscat_nfl_development_wrapped 1583614239689 411 260 touchmove 315 146 1.4285714626312 1.4285714626312 0 muscat 1 1
muscat_nfl_development_wrapped 1583614239707 411 260 touchmove 311 141 1.1428571939468 1.1428571939468 0 muscat 1 1
muscat_nfl_development_wrapped 1583614239716 411 260 touchmove 309 139 0.57142859697342 0.57142859697342 0 muscat 1 1
muscat_nfl_development_wrapped 1583614239720 411 260 touchend 309 139 0.57142859697342 0.57142859697342 0 muscat 1 1
muscat_nfl_development_wrapped 1583614239927 411 260 touchstart 279 35 1.1428571939468 1.1428571939468 0 muscat 1
muscat_nfl_development_wrapped 1583614239958 411 260 touchmove 279 35 1.4285714626312 1.4285714626312 0 muscat 1
muscat_nfl_development_wrapped 1583614239972 411 260 touchmove 278 35 1.4285714626312 1.4285714626312 0 muscat 1
muscat_nfl_development_wrapped 1583614239991 411 260 touchmove 275 35 1.7142859697342 1.7142859697342 0 muscat 1
muscat_nfl_development_wrapped 1583614240007 411 260 touchmove 270 37 1.7142859697342 1.7142859697342 0 muscat 1
muscat_nfl_development_wrapped 1583614240023 411 260 touchmove 263 41 2.5714290142059 2.5714290142059 0 muscat 1
muscat_nfl_development_wrapped 1583614240040 411 260 touchmove 251 48 2.2857143878937 2.2857143878937 0 muscat 1
muscat_nfl_development_wrapped 1583614240057 411 260 touchmove 236 58 2.5714290142059 2.5714290142059 0 muscat 1
muscat_nfl_development_wrapped 1583614240073 411 260 touchmove 220 69 2.2857143878937 2.2857143878937 0 muscat 1
muscat_nfl_development_wrapped 1583614240089 411 260 touchmove 204 77 1.4285714626312 1.4285714626312 0 muscat 1
muscat_nfl_development_wrapped 1583614240107 411 260 touchmove 188 85 1.4285714626312 1.4285714626312 0 muscat 1
muscat_nfl_development_wrapped 1583614240123 411 260 touchmove 171 93 1.7142859697342 1.7142859697342 0 muscat 1
muscat_nfl_development_wrapped 1583614240140 411 260 touchmove 157 100 2 2 0 muscat 1
muscat_nfl_development_wrapped 1583614240157 411 260 touchmove 146 110 1.7142859697342 1.7142859697342 0 muscat 1
muscat_nfl_development_wrapped 1583614240173 411 260 touchmove 138 118 1.7142859697342 1.7142859697342 0 muscat 1
muscat_nfl_development_wrapped 1583614240190 411 260 touchmove 131 126 1.7142859697342 1.7142859697342 0 muscat 1
muscat_nfl_development_wrapped 1583614240207 411 260 touchmove 125 132 1.7142859697342 1.7142859697342 0 muscat 1
muscat_nfl_development_wrapped 1583614240226 411 260 touchmove 116 134 0.57142859697342 0.57142859697342 0 muscat 1
muscat_nfl_development_wrapped 1583614240233 411 260 touchmove 113 135 0.57142859697342 0.57142859697342 0 muscat 1
muscat_nfl_development_wrapped 1583614240236 411 260 touchend 113 135 0.57142859697342 0.57142859697342 0 muscat 1
muscat_nfl_development_wrapped 1583614239439 411 260 touchstart 333 196 0.8571429848671 0.8571429848671 0 muscat 1 1 1
muscat_nfl_development_wrapped 1583614239459 411 260 touchmove 334 196 0.8571429848671 0.8571429848671 0 muscat 1 1 1
muscat_nfl_development_wrapped 1583614239473 411 260 touchmove 334 195 0.8571429848671 0.8571429848671 0 muscat 1 1 1
muscat_nfl_development_wrapped 1583614239489 411 260 touchmove 334 194 0.8571429848671 0.8571429848671 0 muscat 1 1 1
muscat_nfl_development_wrapped 1583614239507 411 260 touchmove 333 191 1.1428571939468 1.1428571939468 0 muscat 1 1 1
muscat_nfl_development_wrapped 1583614239523 411 260 touchmove 331 185 0.8571429848671 0.8571429848671 0 muscat 1 1 1
muscat_nfl_development_wrapped 1583614239540 411 260 touchmove 329 177 1.1428571939468 1.1428571939468 0 muscat 1 1 1
muscat_nfl_development_wrapped 1583614239556 411 260 touchmove 327 171 1.4285714626312 1.4285714626312 0 muscat 1 1 1
muscat_nfl_development_wrapped 1583614239573 411 260 touchmove 325 165 1.1428571939468 1.1428571939468 0 muscat 1 1 1
muscat_nfl_development_wrapped 1583614239590 411 260 touchmove 325 162 1.1428571939468 1.1428571939468 0 muscat 1 1 1
muscat_nfl_development_wrapped 1583614239607 411 260 touchmove 324 159 0.8571429848671 0.8571429848671 0 muscat 1 1 1
muscat_nfl_development_wrapped 1583614239623 411 260 touchmove 323 158 0.8571429848671 0.8571429848671 0 muscat 1 1 1
muscat_nfl_development_wrapped 1583614239639 411 260 touchmove 322 156 1.1428571939468 1.1428571939468 0 muscat 1 1 1
muscat_nfl_development_wrapped 1583614239657 411 260 touchmove 321 153 1.1428571939468 1.1428571939468 0 muscat 1 1 1
muscat_nfl_development_wrapped 1583614239674 411 260 touchmove 318 150 0.8571429848671 0.8571429848671 0 muscat 1 1 1
muscat_nfl_development_wrapped 1583614239689 411 260 touchmove 315 146 1.4285714626312 1.4285714626312 0 muscat 1 1 1
muscat_nfl_development_wrapped 1583614239707 411 260 touchmove 311 141 1.1428571939468 1.1428571939468 0 muscat 1 1 1
muscat_nfl_development_wrapped 1583614239716 411 260 touchmove 309 139 0.57142859697342 0.57142859697342 0 muscat 1 1 1
muscat_nfl_development_wrapped 1583614239720 411 260 touchend 309 139 0.57142859697342 0.57142859697342 0 muscat 1 1 1
muscat_nfl_development_wrapped 1583614239927 411 260 touchstart 279 35 1.1428571939468 1.1428571939468 0 muscat 1 1
muscat_nfl_development_wrapped 1583614239958 411 260 touchmove 279 35 1.4285714626312 1.4285714626312 0 muscat 1 1
muscat_nfl_development_wrapped 1583614239972 411 260 touchmove 278 35 1.4285714626312 1.4285714626312 0 muscat 1 1
muscat_nfl_development_wrapped 1583614239991 411 260 touchmove 275 35 1.7142859697342 1.7142859697342 0 muscat 1 1
muscat_nfl_development_wrapped 1583614240007 411 260 touchmove 270 37 1.7142859697342 1.7142859697342 0 muscat 1 1
muscat_nfl_development_wrapped 1583614240023 411 260 touchmove 263 41 2.5714290142059 2.5714290142059 0 muscat 1 1
muscat_nfl_development_wrapped 1583614240040 411 260 touchmove 251 48 2.2857143878937 2.2857143878937 0 muscat 1 1
muscat_nfl_development_wrapped 1583614240057 411 260 touchmove 236 58 2.5714290142059 2.5714290142059 0 muscat 1 1
muscat_nfl_development_wrapped 1583614240073 411 260 touchmove 220 69 2.2857143878937 2.2857143878937 0 muscat 1 1
muscat_nfl_development_wrapped 1583614240089 411 260 touchmove 204 77 1.4285714626312 1.4285714626312 0 muscat 1 1
muscat_nfl_development_wrapped 1583614240107 411 260 touchmove 188 85 1.4285714626312 1.4285714626312 0 muscat 1 1
muscat_nfl_development_wrapped 1583614240123 411 260 touchmove 171 93 1.7142859697342 1.7142859697342 0 muscat 1 1
muscat_nfl_development_wrapped 1583614240140 411 260 touchmove 157 100 2 2 0 muscat 1 1
muscat_nfl_development_wrapped 1583614240157 411 260 touchmove 146 110 1.7142859697342 1.7142859697342 0 muscat 1 1
muscat_nfl_development_wrapped 1583614240173 411 260 touchmove 138 118 1.7142859697342 1.7142859697342 0 muscat 1 1
muscat_nfl_development_wrapped 1583614240190 411 260 touchmove 131 126 1.7142859697342 1.7142859697342 0 muscat 1 1
muscat_nfl_development_wrapped 1583614240207 411 260 touchmove 125 132 1.7142859697342 1.7142859697342 0 muscat 1 1
muscat_nfl_development_wrapped 1583614240226 411 260 touchmove 116 134 0.57142859697342 0.57142859697342 0 muscat 1 1
muscat_nfl_development_wrapped 1583614240233 411 260 touchmove 113 135 0.57142859697342 0.57142859697342 0 muscat 1 1
muscat_nfl_development_wrapped 1583614240236 411 260 touchend 113 135 0.57142859697342 0.57142859697342 0 muscat 1 1
muscat_nfl_development_wrapped 1583614240410 411 260 touchstart 49 100 1.4285714626312 1.4285714626312 0 muscat 1
muscat_nfl_development_wrapped 1583614240425 411 260 touchmove 48 100 1.7142859697342 1.7142859697342 0 muscat 1
muscat_nfl_development_wrapped 1583614240441 411 260 touchmove 49 100 2 2 0 muscat 1
muscat_nfl_development_wrapped 1583614240457 411 260 touchmove 50 100 2 2 0 muscat 1
muscat_nfl_development_wrapped 1583614240473 411 260 touchmove 53 101 2 2 0 muscat 1
muscat_nfl_development_wrapped 1583614240490 411 260 touchmove 60 102 2 2 0 muscat 1
muscat_nfl_development_wrapped 1583614240507 411 260 touchmove 68 103 2 2 0 muscat 1
muscat_nfl_development_wrapped 1583614240523 411 260 touchmove 78 103 1.7142859697342 1.7142859697342 0 muscat 1
muscat_nfl_development_wrapped 1583614240539 411 260 touchmove 89 103 1.7142859697342 1.7142859697342 0 muscat 1
muscat_nfl_development_wrapped 1583614240556 411 260 touchmove 101 102 1.7142859697342 1.7142859697342 0 muscat 1
muscat_nfl_development_wrapped 1583614240574 411 260 touchmove 110 104 1.4285714626312 1.4285714626312 0 muscat 1
muscat_nfl_development_wrapped 1583614240590 411 260 touchmove 119 109 1.7142859697342 1.7142859697342 0 muscat 1
muscat_nfl_development_wrapped 1583614240609 411 260 touchmove 128 116 1.1428571939468 1.1428571939468 0 muscat 1
muscat_nfl_development_wrapped 1583614240624 411 260 touchmove 138 124 1.4285714626312 1.4285714626312 0 muscat 1
muscat_nfl_development_wrapped 1583614240642 411 260 touchmove 149 131 1.1428571939468 1.1428571939468 0 muscat 1
muscat_nfl_development_wrapped 1583614240645 411 260 touchend 147 130 1.1428571939468 1.1428571939468 0 muscat 1
muscat_nfl_development_wrapped 1583614241687 411 260 touchstart 298 199 1.1428571939468 1.1428571939468 0 muscat 1
muscat_nfl_development_wrapped 1583614241725 411 260 touchmove 299 198 1.1428571939468 1.1428571939468 0 muscat 1
muscat_nfl_development_wrapped 1583614241740 411 260 touchmove 299 197 1.1428571939468 1.1428571939468 0 muscat 1
muscat_nfl_development_wrapped 1583614241758 411 260 touchmove 298 195 1.1428571939468 1.1428571939468 0 muscat 1
muscat_nfl_development_wrapped 1583614241774 411 260 touchmove 298 189 1.4285714626312 1.4285714626312 0 muscat 1
muscat_nfl_development_wrapped 1583614241790 411 260 touchmove 296 181 1.4285714626312 1.4285714626312 0 muscat 1
muscat_nfl_development_wrapped 1583614241807 411 260 touchmove 295 171 1.7142859697342 1.7142859697342 0 muscat 1
muscat_nfl_development_wrapped 1583614241823 411 260 touchmove 294 160 1.4285714626312 1.4285714626312 0 muscat 1
muscat_nfl_development_wrapped 1583614241840 411 260 touchmove 293 149 2 2 0 muscat 1
muscat_nfl_development_wrapped 1583614241857 411 260 touchmove 292 138 1.7142859697342 1.7142859697342 0 muscat 1
muscat_nfl_development_wrapped 1583614241874 411 260 touchmove 290 124 1.7142859697342 1.7142859697342 0 muscat 1
muscat_nfl_development_wrapped 1583614241890 411 260 touchmove 288 106 1.4285714626312 1.4285714626312 0 muscat 1
muscat_nfl_development_wrapped 1583614241909 411 260 touchmove 287 93 0.57142859697342 0.57142859697342 0 muscat 1
muscat_nfl_development_wrapped 1583614241912 411 260 touchend 287 93 0.57142859697342 0.57142859697342 0 muscat 1
muscat_nfl_development_wrapped 1583614242512 411 260 touchmove 241 49 1.4285714626312 1.4285714626312 0 muscat 1
muscat_nfl_development_wrapped 1583614242525 411 260 touchmove 261 40 0.28571429848671 0.28571429848671 0 muscat 1
muscat_nfl_development_wrapped 1583614242534 411 260 touchmove 267 38 0.28571429848671 0.28571429848671 0 muscat 1
muscat_nfl_development_wrapped 1583614242537 411 260 touchend 267 38 0.28571429848671 0.28571429848671 0 muscat 1
muscat_nfl_development_wrapped 1583614242512 411 260 touchmove 241 49 1.4285714626312 1.4285714626312 0 muscat 1 1
muscat_nfl_development_wrapped 1583614242525 411 260 touchmove 261 40 0.28571429848671 0.28571429848671 0 muscat 1 1
muscat_nfl_development_wrapped 1583614242534 411 260 touchmove 267 38 0.28571429848671 0.28571429848671 0 muscat 1 1
muscat_nfl_development_wrapped 1583614242537 411 260 touchend 267 38 0.28571429848671 0.28571429848671 0 muscat 1 1
muscat_nfl_development_wrapped 1583614243522 411 260 touchstart 374 111 1.4285714626312 1.4285714626312 0 muscat 1
muscat_nfl_development_wrapped 1583614243559 411 260 touchmove 373 109 0.57142859697342 0.57142859697342 0 muscat 1
muscat_nfl_development_wrapped 1583614243576 411 260 touchmove 372 106 1.1428571939468 1.1428571939468 0 muscat 1
muscat_nfl_development_wrapped 1583614243593 411 260 touchmove 370 98 1.4285714626312 1.4285714626312 0 muscat 1
muscat_nfl_development_wrapped 1583614243609 411 260 touchmove 370 92 1.4285714626312 1.4285714626312 0 muscat 1
muscat_nfl_development_wrapped 1583614243626 411 260 touchmove 372 85 1.4285714626312 1.4285714626312 0 muscat 1
muscat_nfl_development_wrapped 1583614243640 411 260 touchmove 373 80 1.4285714626312 1.4285714626312 0 muscat 1
muscat_nfl_development_wrapped 1583614243657 411 260 touchmove 374 75 1.7142859697342 1.7142859697342 0 muscat 1
muscat_nfl_development_wrapped 1583614243674 411 260 touchmove 374 69 1.7142859697342 1.7142859697342 0 muscat 1
muscat_nfl_development_wrapped 1583614243691 411 260 touchmove 374 63 1.4285714626312 1.4285714626312 0 muscat 1
muscat_nfl_development_wrapped 1583614243707 411 260 touchmove 372 56 1.7142859697342 1.7142859697342 0 muscat 1
muscat_nfl_development_wrapped 1583614243725 411 260 touchmove 371 50 0.8571429848671 0.8571429848671 0 muscat 1
muscat_nfl_development_wrapped 1583614243735 411 260 touchmove 371 49 0.28571429848671 0.28571429848671 0 muscat 1
muscat_nfl_development_wrapped 1583614243741 411 260 touchend 371 49 0.28571429848671 0.28571429848671 0 muscat 1
muscat_nfl_development_wrapped 1583614248572 411 260 touchstart 298 197 1.1428571939468 1.1428571939468 0 muscat 0
muscat_nfl_development_wrapped 1583614248611 411 260 touchmove 299 196 1.4285714626312 1.4285714626312 0 muscat 0
muscat_nfl_development_wrapped 1583614248626 411 260 touchmove 300 194 1.7142859697342 1.7142859697342 0 muscat 0
muscat_nfl_development_wrapped 1583614248643 411 260 touchmove 300 190 1.7142859697342 1.7142859697342 0 muscat 0
muscat_nfl_development_wrapped 1583614248659 411 260 touchmove 302 186 2.2857143878937 2.2857143878937 0 muscat 0
muscat_nfl_development_wrapped 1583614248678 411 260 touchmove 303 182 2 2 0 muscat 0
muscat_nfl_development_wrapped 1583614248693 411 260 touchmove 304 177 1.7142859697342 1.7142859697342 0 muscat 0
muscat_nfl_development_wrapped 1583614248710 411 260 touchmove 304 173 1.7142859697342 1.7142859697342 0 muscat 0
muscat_nfl_development_wrapped 1583614248726 411 260 touchmove 304 169 1.7142859697342 1.7142859697342 0 muscat 0
muscat_nfl_development_wrapped 1583614248743 411 260 touchmove 303 165 1.7142859697342 1.7142859697342 0 muscat 0
muscat_nfl_development_wrapped 1583614248760 411 260 touchmove 303 163 2.2857143878937 2.2857143878937 0 muscat 0
muscat_nfl_development_wrapped 1583614248776 411 260 touchmove 303 162 2.2857143878937 2.2857143878937 0 muscat 0
muscat_nfl_development_wrapped 1583614248793 411 260 touchmove 303 159 2.2857143878937 2.2857143878937 0 muscat 0
muscat_nfl_development_wrapped 1583614248809 411 260 touchmove 301 156 2.5714290142059 2.5714290142059 0 muscat 0
muscat_nfl_development_wrapped 1583614248826 411 260 touchmove 300 151 2.2857143878937 2.2857143878937 0 muscat 0
muscat_nfl_development_wrapped 1583614248843 411 260 touchmove 298 146 2.2857143878937 2.2857143878937 0 muscat 0
muscat_nfl_development_wrapped 1583614248859 411 260 touchmove 294 139 2.5714290142059 2.5714290142059 0 muscat 0
muscat_nfl_development_wrapped 1583614248876 411 260 touchmove 292 132 2.5714290142059 2.5714290142059 0 muscat 0
muscat_nfl_development_wrapped 1583614248892 411 260 touchmove 290 124 2 2 0 muscat 0
muscat_nfl_development_wrapped 1583614248909 411 260 touchmove 287 114 2.2857143878937 2.2857143878937 0 muscat 0
muscat_nfl_development_wrapped 1583614248926 411 260 touchmove 283 97 1.7142859697342 1.7142859697342 0 muscat 0
muscat_nfl_development_wrapped 1583614248942 411 260 touchmove 278 74 2.2857143878937 2.2857143878937 0 muscat 0
muscat_nfl_development_wrapped 1583614248959 411 260 touchmove 274 55 2.2857143878937 2.2857143878937 0 muscat 0
muscat_nfl_development_wrapped 1583614248976 411 260 touchmove 274 42 2.2857143878937 2.2857143878937 0 muscat 0
muscat_nfl_development_wrapped 1583614248993 411 260 touchmove 275 37 1.1428571939468 1.1428571939468 0 muscat 0
muscat_nfl_development_wrapped 1583614248996 411 260 touchend 275 37 1.1428571939468 1.1428571939468 0 muscat 0
muscat_nfl_development_wrapped 1583614251372 411 260 touchstart 297 199 1.1428571939468 1.1428571939468 0 nfl 1
muscat_nfl_development_wrapped 1583614251394 411 260 touchmove 296 198 1.4285714626312 1.4285714626312 0 nfl 1
muscat_nfl_development_wrapped 1583614251413 411 260 touchmove 296 197 2 2 0 nfl 1
muscat_nfl_development_wrapped 1583614251427 411 260 touchmove 295 196 1.7142859697342 1.7142859697342 0 nfl 1
muscat_nfl_development_wrapped 1583614251443 411 260 touchmove 290 193 2 2 0 nfl 1
muscat_nfl_development_wrapped 1583614251460 411 260 touchmove 285 188 2.2857143878937 2.2857143878937 0 nfl 1
muscat_nfl_development_wrapped 1583614251477 411 260 touchmove 279 182 2.2857143878937 2.2857143878937 0 nfl 1
muscat_nfl_development_wrapped 1583614251494 411 260 touchmove 272 175 1.7142859697342 1.7142859697342 0 nfl 1
muscat_nfl_development_wrapped 1583614251510 411 260 touchmove 262 166 2.5714290142059 2.5714290142059 0 nfl 1
muscat_nfl_development_wrapped 1583614251526 411 260 touchmove 251 156 2.2857143878937 2.2857143878937 0 nfl 1
muscat_nfl_development_wrapped 1583614251543 411 260 touchmove 240 147 1.7142859697342 1.7142859697342 0 nfl 1
muscat_nfl_development_wrapped 1583614251560 411 260 touchmove 230 142 2.5714290142059 2.5714290142059 0 nfl 1
muscat_nfl_development_wrapped 1583614251576 411 260 touchmove 221 138 2 2 0 nfl 1
muscat_nfl_development_wrapped 1583614251594 411 260 touchmove 209 135 2.5714290142059 2.5714290142059 0 nfl 1
muscat_nfl_development_wrapped 1583614251610 411 260 touchmove 195 131 2.2857143878937 2.2857143878937 0 nfl 1
muscat_nfl_development_wrapped 1583614251627 411 260 touchmove 183 127 2 2 0 nfl 1
muscat_nfl_development_wrapped 1583614251644 411 260 touchmove 173 124 2 2 0 nfl 1
muscat_nfl_development_wrapped 1583614251660 411 260 touchmove 164 120 1.4285714626312 1.4285714626312 0 nfl 1
muscat_nfl_development_wrapped 1583614251677 411 260 touchmove 158 116 1.7142859697342 1.7142859697342 0 nfl 1
muscat_nfl_development_wrapped 1583614251693 411 260 touchmove 151 112 2.2857143878937 2.2857143878937 0 nfl 1
muscat_nfl_development_wrapped 1583614251712 411 260 touchmove 146 107 2.2857143878937 2.2857143878937 0 nfl 1
muscat_nfl_development_wrapped 1583614251731 411 260 touchmove 140 101 2.5714290142059 2.5714290142059 0 nfl 1
muscat_nfl_development_wrapped 1583614251745 411 260 touchmove 136 95 2.5714290142059 2.5714290142059 0 nfl 1
muscat_nfl_development_wrapped 1583614251759 411 260 touchmove 134 88 2.5714290142059 2.5714290142059 0 nfl 1
muscat_nfl_development_wrapped 1583614251777 411 260 touchmove 136 80 2.2857143878937 2.2857143878937 0 nfl 1
muscat_nfl_development_wrapped 1583614251793 411 260 touchmove 141 72 2.5714290142059 2.5714290142059 0 nfl 1
muscat_nfl_development_wrapped 1583614251810 411 260 touchmove 147 62 2.5714290142059 2.5714290142059 0 nfl 1
muscat_nfl_development_wrapped 1583614251826 411 260 touchmove 156 49 3.1428575515747 3.1428575515747 0 nfl 1
muscat_nfl_development_wrapped 1583614251843 411 260 touchmove 166 34 2.2857143878937 2.2857143878937 0 nfl 1
muscat_nfl_development_wrapped 1583614251859 411 260 touchmove 176 19 2.8571429252625 2.8571429252625 0 nfl 1
muscat_nfl_development_wrapped 1583614251875 411 260 touchmove 188 3 2.5714290142059 2.5714290142059 0 nfl 1
muscat_nfl_development_wrapped 1583614251893 411 260 touchmove 197 -10 2.2857143878937 2.2857143878937 0 nfl 1
muscat_nfl_development_wrapped 1583614251910 411 260 touchmove 208 -17 1.7142859697342 1.7142859697342 0 nfl 1
muscat_nfl_development_wrapped 1583614251926 411 260 touchmove 220 -20 1.1428571939468 1.1428571939468 0 nfl 1
muscat_nfl_development_wrapped 1583614251945 411 260 touchmove 232 -22 0.28571429848671 0.28571429848671 0 nfl 1
muscat_nfl_development_wrapped 1583614251948 411 260 touchend 232 -22 0.28571429848671 0.28571429848671 0 nfl 1
muscat_nfl_development_wrapped 1583614251372 411 260 touchstart 297 199 1.1428571939468 1.1428571939468 0 nfl 1 1
muscat_nfl_development_wrapped 1583614251394 411 260 touchmove 296 198 1.4285714626312 1.4285714626312 0 nfl 1 1
muscat_nfl_development_wrapped 1583614251413 411 260 touchmove 296 197 2 2 0 nfl 1 1
muscat_nfl_development_wrapped 1583614251427 411 260 touchmove 295 196 1.7142859697342 1.7142859697342 0 nfl 1 1
muscat_nfl_development_wrapped 1583614251443 411 260 touchmove 290 193 2 2 0 nfl 1 1
muscat_nfl_development_wrapped 1583614251460 411 260 touchmove 285 188 2.2857143878937 2.2857143878937 0 nfl 1 1
muscat_nfl_development_wrapped 1583614251477 411 260 touchmove 279 182 2.2857143878937 2.2857143878937 0 nfl 1 1
muscat_nfl_development_wrapped 1583614251494 411 260 touchmove 272 175 1.7142859697342 1.7142859697342 0 nfl 1 1
muscat_nfl_development_wrapped 1583614251510 411 260 touchmove 262 166 2.5714290142059 2.5714290142059 0 nfl 1 1
muscat_nfl_development_wrapped 1583614251526 411 260 touchmove 251 156 2.2857143878937 2.2857143878937 0 nfl 1 1
muscat_nfl_development_wrapped 1583614251543 411 260 touchmove 240 147 1.7142859697342 1.7142859697342 0 nfl 1 1
muscat_nfl_development_wrapped 1583614251560 411 260 touchmove 230 142 2.5714290142059 2.5714290142059 0 nfl 1 1
muscat_nfl_development_wrapped 1583614251576 411 260 touchmove 221 138 2 2 0 nfl 1 1
muscat_nfl_development_wrapped 1583614251594 411 260 touchmove 209 135 2.5714290142059 2.5714290142059 0 nfl 1 1
muscat_nfl_development_wrapped 1583614251610 411 260 touchmove 195 131 2.2857143878937 2.2857143878937 0 nfl 1 1
muscat_nfl_development_wrapped 1583614251627 411 260 touchmove 183 127 2 2 0 nfl 1 1
muscat_nfl_development_wrapped 1583614251644 411 260 touchmove 173 124 2 2 0 nfl 1 1
muscat_nfl_development_wrapped 1583614251660 411 260 touchmove 164 120 1.4285714626312 1.4285714626312 0 nfl 1 1
muscat_nfl_development_wrapped 1583614251677 411 260 touchmove 158 116 1.7142859697342 1.7142859697342 0 nfl 1 1
muscat_nfl_development_wrapped 1583614251693 411 260 touchmove 151 112 2.2857143878937 2.2857143878937 0 nfl 1 1
muscat_nfl_development_wrapped 1583614251712 411 260 touchmove 146 107 2.2857143878937 2.2857143878937 0 nfl 1 1
muscat_nfl_development_wrapped 1583614251731 411 260 touchmove 140 101 2.5714290142059 2.5714290142059 0 nfl 1 1
muscat_nfl_development_wrapped 1583614251745 411 260 touchmove 136 95 2.5714290142059 2.5714290142059 0 nfl 1 1
muscat_nfl_development_wrapped 1583614251759 411 260 touchmove 134 88 2.5714290142059 2.5714290142059 0 nfl 1 1
muscat_nfl_development_wrapped 1583614251777 411 260 touchmove 136 80 2.2857143878937 2.2857143878937 0 nfl 1 1
muscat_nfl_development_wrapped 1583614251793 411 260 touchmove 141 72 2.5714290142059 2.5714290142059 0 nfl 1 1
muscat_nfl_development_wrapped 1583614251810 411 260 touchmove 147 62 2.5714290142059 2.5714290142059 0 nfl 1 1
muscat_nfl_development_wrapped 1583614251826 411 260 touchmove 156 49 3.1428575515747 3.1428575515747 0 nfl 1 1
muscat_nfl_development_wrapped 1583614251843 411 260 touchmove 166 34 2.2857143878937 2.2857143878937 0 nfl 1 1
muscat_nfl_development_wrapped 1583614251859 411 260 touchmove 176 19 2.8571429252625 2.8571429252625 0 nfl 1 1
muscat_nfl_development_wrapped 1583614251875 411 260 touchmove 188 3 2.5714290142059 2.5714290142059 0 nfl 1 1
muscat_nfl_development_wrapped 1583614251893 411 260 touchmove 197 -10 2.2857143878937 2.2857143878937 0 nfl 1 1
muscat_nfl_development_wrapped 1583614251910 411 260 touchmove 208 -17 1.7142859697342 1.7142859697342 0 nfl 1 1
muscat_nfl_development_wrapped 1583614251926 411 260 touchmove 220 -20 1.1428571939468 1.1428571939468 0 nfl 1 1
muscat_nfl_development_wrapped 1583614251945 411 260 touchmove 232 -22 0.28571429848671 0.28571429848671 0 nfl 1 1
muscat_nfl_development_wrapped 1583614251948 411 260 touchend 232 -22 0.28571429848671 0.28571429848671 0 nfl 1 1
muscat_nfl_development_wrapped 1583614252582 411 260 touchstart 153 110 1.4285714626312 1.4285714626312 0 nfl 1
muscat_nfl_development_wrapped 1583614252610 411 260 touchmove 152 111 2 2 0 nfl 1
muscat_nfl_development_wrapped 1583614252626 411 260 touchmove 151 111 1.7142859697342 1.7142859697342 0 nfl 1
muscat_nfl_development_wrapped 1583614252643 411 260 touchmove 149 114 1.7142859697342 1.7142859697342 0 nfl 1
muscat_nfl_development_wrapped 1583614252660 411 260 touchmove 149 117 1.7142859697342 1.7142859697342 0 nfl 1
muscat_nfl_development_wrapped 1583614252677 411 260 touchmove 151 118 1.7142859697342 1.7142859697342 0 nfl 1
muscat_nfl_development_wrapped 1583614252693 411 260 touchmove 153 118 2.2857143878937 2.2857143878937 0 nfl 1
muscat_nfl_development_wrapped 1583614252710 411 260 touchmove 158 115 1.7142859697342 1.7142859697342 0 nfl 1
muscat_nfl_development_wrapped 1583614252726 411 260 touchmove 169 107 2.2857143878937 2.2857143878937 0 nfl 1
muscat_nfl_development_wrapped 1583614252744 411 260 touchmove 185 94 2 2 0 nfl 1
muscat_nfl_development_wrapped 1583614252760 411 260 touchmove 202 84 2 2 0 nfl 1
muscat_nfl_development_wrapped 1583614252776 411 260 touchmove 218 79 1.7142859697342 1.7142859697342 0 nfl 1
muscat_nfl_development_wrapped 1583614252793 411 260 touchmove 234 77 2 2 0 nfl 1
muscat_nfl_development_wrapped 1583614252811 411 260 touchmove 249 77 1.4285714626312 1.4285714626312 0 nfl 1
muscat_nfl_development_wrapped 1583614252828 411 260 touchmove 263 79 1.4285714626312 1.4285714626312 0 nfl 1
muscat_nfl_development_wrapped 1583614252843 411 260 touchmove 276 82 1.4285714626312 1.4285714626312 0 nfl 1
muscat_nfl_development_wrapped 1583614252861 411 260 touchmove 286 85 0.28571429848671 0.28571429848671 0 nfl 1
muscat_nfl_development_wrapped 1583614252863 411 260 touchend 286 85 0.28571429848671 0.28571429848671 0 nfl 1
muscat_nfl_development_wrapped 1583614251372 411 260 touchstart 297 199 1.1428571939468 1.1428571939468 0 nfl 1 1 1
muscat_nfl_development_wrapped 1583614251394 411 260 touchmove 296 198 1.4285714626312 1.4285714626312 0 nfl 1 1 1
muscat_nfl_development_wrapped 1583614251413 411 260 touchmove 296 197 2 2 0 nfl 1 1 1
muscat_nfl_development_wrapped 1583614251427 411 260 touchmove 295 196 1.7142859697342 1.7142859697342 0 nfl 1 1 1
muscat_nfl_development_wrapped 1583614251443 411 260 touchmove 290 193 2 2 0 nfl 1 1 1
muscat_nfl_development_wrapped 1583614251460 411 260 touchmove 285 188 2.2857143878937 2.2857143878937 0 nfl 1 1 1
muscat_nfl_development_wrapped 1583614251477 411 260 touchmove 279 182 2.2857143878937 2.2857143878937 0 nfl 1 1 1
muscat_nfl_development_wrapped 1583614251494 411 260 touchmove 272 175 1.7142859697342 1.7142859697342 0 nfl 1 1 1
muscat_nfl_development_wrapped 1583614251510 411 260 touchmove 262 166 2.5714290142059 2.5714290142059 0 nfl 1 1 1
muscat_nfl_development_wrapped 1583614251526 411 260 touchmove 251 156 2.2857143878937 2.2857143878937 0 nfl 1 1 1
muscat_nfl_development_wrapped 1583614251543 411 260 touchmove 240 147 1.7142859697342 1.7142859697342 0 nfl 1 1 1
muscat_nfl_development_wrapped 1583614251560 411 260 touchmove 230 142 2.5714290142059 2.5714290142059 0 nfl 1 1 1
muscat_nfl_development_wrapped 1583614251576 411 260 touchmove 221 138 2 2 0 nfl 1 1 1
muscat_nfl_development_wrapped 1583614251594 411 260 touchmove 209 135 2.5714290142059 2.5714290142059 0 nfl 1 1 1
muscat_nfl_development_wrapped 1583614251610 411 260 touchmove 195 131 2.2857143878937 2.2857143878937 0 nfl 1 1 1
muscat_nfl_development_wrapped 1583614251627 411 260 touchmove 183 127 2 2 0 nfl 1 1 1
muscat_nfl_development_wrapped 1583614251644 411 260 touchmove 173 124 2 2 0 nfl 1 1 1
muscat_nfl_development_wrapped 1583614251660 411 260 touchmove 164 120 1.4285714626312 1.4285714626312 0 nfl 1 1 1
muscat_nfl_development_wrapped 1583614251677 411 260 touchmove 158 116 1.7142859697342 1.7142859697342 0 nfl 1 1 1
muscat_nfl_development_wrapped 1583614251693 411 260 touchmove 151 112 2.2857143878937 2.2857143878937 0 nfl 1 1 1
muscat_nfl_development_wrapped 1583614251712 411 260 touchmove 146 107 2.2857143878937 2.2857143878937 0 nfl 1 1 1
muscat_nfl_development_wrapped 1583614251731 411 260 touchmove 140 101 2.5714290142059 2.5714290142059 0 nfl 1 1 1
muscat_nfl_development_wrapped 1583614251745 411 260 touchmove 136 95 2.5714290142059 2.5714290142059 0 nfl 1 1 1
muscat_nfl_development_wrapped 1583614251759 411 260 touchmove 134 88 2.5714290142059 2.5714290142059 0 nfl 1 1 1
muscat_nfl_development_wrapped 1583614251777 411 260 touchmove 136 80 2.2857143878937 2.2857143878937 0 nfl 1 1 1
muscat_nfl_development_wrapped 1583614251793 411 260 touchmove 141 72 2.5714290142059 2.5714290142059 0 nfl 1 1 1
muscat_nfl_development_wrapped 1583614251810 411 260 touchmove 147 62 2.5714290142059 2.5714290142059 0 nfl 1 1 1
muscat_nfl_development_wrapped 1583614251826 411 260 touchmove 156 49 3.1428575515747 3.1428575515747 0 nfl 1 1 1
muscat_nfl_development_wrapped 1583614251843 411 260 touchmove 166 34 2.2857143878937 2.2857143878937 0 nfl 1 1 1
muscat_nfl_development_wrapped 1583614251859 411 260 touchmove 176 19 2.8571429252625 2.8571429252625 0 nfl 1 1 1
muscat_nfl_development_wrapped 1583614251875 411 260 touchmove 188 3 2.5714290142059 2.5714290142059 0 nfl 1 1 1
muscat_nfl_development_wrapped 1583614251893 411 260 touchmove 197 -10 2.2857143878937 2.2857143878937 0 nfl 1 1 1
muscat_nfl_development_wrapped 1583614251910 411 260 touchmove 208 -17 1.7142859697342 1.7142859697342 0 nfl 1 1 1
muscat_nfl_development_wrapped 1583614251926 411 260 touchmove 220 -20 1.1428571939468 1.1428571939468 0 nfl 1 1 1
muscat_nfl_development_wrapped 1583614251945 411 260 touchmove 232 -22 0.28571429848671 0.28571429848671 0 nfl 1 1 1
muscat_nfl_development_wrapped 1583614251948 411 260 touchend 232 -22 0.28571429848671 0.28571429848671 0 nfl 1 1 1
muscat_nfl_development_wrapped 1583614252582 411 260 touchstart 153 110 1.4285714626312 1.4285714626312 0 nfl 1 1
muscat_nfl_development_wrapped 1583614252610 411 260 touchmove 152 111 2 2 0 nfl 1 1
muscat_nfl_development_wrapped 1583614252626 411 260 touchmove 151 111 1.7142859697342 1.7142859697342 0 nfl 1 1
muscat_nfl_development_wrapped 1583614252643 411 260 touchmove 149 114 1.7142859697342 1.7142859697342 0 nfl 1 1
muscat_nfl_development_wrapped 1583614252660 411 260 touchmove 149 117 1.7142859697342 1.7142859697342 0 nfl 1 1
muscat_nfl_development_wrapped 1583614252677 411 260 touchmove 151 118 1.7142859697342 1.7142859697342 0 nfl 1 1
muscat_nfl_development_wrapped 1583614252693 411 260 touchmove 153 118 2.2857143878937 2.2857143878937 0 nfl 1 1
muscat_nfl_development_wrapped 1583614252710 411 260 touchmove 158 115 1.7142859697342 1.7142859697342 0 nfl 1 1
muscat_nfl_development_wrapped 1583614252726 411 260 touchmove 169 107 2.2857143878937 2.2857143878937 0 nfl 1 1
muscat_nfl_development_wrapped 1583614252744 411 260 touchmove 185 94 2 2 0 nfl 1 1
muscat_nfl_development_wrapped 1583614252760 411 260 touchmove 202 84 2 2 0 nfl 1 1
muscat_nfl_development_wrapped 1583614252776 411 260 touchmove 218 79 1.7142859697342 1.7142859697342 0 nfl 1 1
muscat_nfl_development_wrapped 1583614252793 411 260 touchmove 234 77 2 2 0 nfl 1 1
muscat_nfl_development_wrapped 1583614252811 411 260 touchmove 249 77 1.4285714626312 1.4285714626312 0 nfl 1 1
muscat_nfl_development_wrapped 1583614252828 411 260 touchmove 263 79 1.4285714626312 1.4285714626312 0 nfl 1 1
muscat_nfl_development_wrapped 1583614252843 411 260 touchmove 276 82 1.4285714626312 1.4285714626312 0 nfl 1 1
muscat_nfl_development_wrapped 1583614252861 411 260 touchmove 286 85 0.28571429848671 0.28571429848671 0 nfl 1 1
muscat_nfl_development_wrapped 1583614252863 411 260 touchend 286 85 0.28571429848671 0.28571429848671 0 nfl 1 1
muscat_nfl_development_wrapped 1583614253206 411 260 touchstart 383 111 0.8571429848671 0.8571429848671 0 nfl 1
muscat_nfl_development_wrapped 1583614253243 411 260 touchmove 382 111 1.4285714626312 1.4285714626312 0 nfl 1
muscat_nfl_development_wrapped 1583614253260 411 260 touchmove 379 111 1.4285714626312 1.4285714626312 0 nfl 1
muscat_nfl_development_wrapped 1583614253277 411 260 touchmove 375 112 1.4285714626312 1.4285714626312 0 nfl 1
muscat_nfl_development_wrapped 1583614253294 411 260 touchmove 371 112 1.1428571939468 1.1428571939468 0 nfl 1
muscat_nfl_development_wrapped 1583614253310 411 260 touchmove 366 113 1.1428571939468 1.1428571939468 0 nfl 1
muscat_nfl_development_wrapped 1583614253327 411 260 touchmove 358 114 1.4285714626312 1.4285714626312 0 nfl 1
muscat_nfl_development_wrapped 1583614253343 411 260 touchmove 344 113 2 2 0 nfl 1
muscat_nfl_development_wrapped 1583614253360 411 260 touchmove 332 110 1.7142859697342 1.7142859697342 0 nfl 1
muscat_nfl_development_wrapped 1583614253377 411 260 touchmove 324 106 1.7142859697342 1.7142859697342 0 nfl 1
muscat_nfl_development_wrapped 1583614253393 411 260 touchmove 319 104 2.2857143878937 2.2857143878937 0 nfl 1
muscat_nfl_development_wrapped 1583614253410 411 260 touchmove 315 102 1.7142859697342 1.7142859697342 0 nfl 1
muscat_nfl_development_wrapped 1583614253427 411 260 touchmove 311 101 2.2857143878937 2.2857143878937 0 nfl 1
muscat_nfl_development_wrapped 1583614253443 411 260 touchmove 306 101 2.2857143878937 2.2857143878937 0 nfl 1
muscat_nfl_development_wrapped 1583614253461 411 260 touchmove 298 101 2.2857143878937 2.2857143878937 0 nfl 1
muscat_nfl_development_wrapped 1583614253477 411 260 touchmove 280 100 1.7142859697342 1.7142859697342 0 nfl 1
muscat_nfl_development_wrapped 1583614253493 411 260 touchmove 259 94 2.2857143878937 2.2857143878937 0 nfl 1
muscat_nfl_development_wrapped 1583614253511 411 260 touchmove 241 87 1.7142859697342 1.7142859697342 0 nfl 1
muscat_nfl_development_wrapped 1583614253527 411 260 touchmove 231 85 1.1428571939468 1.1428571939468 0 nfl 1
muscat_nfl_development_wrapped 1583614253545 411 260 touchmove 230 89 0.28571429848671 0.28571429848671 0 nfl 1
muscat_nfl_development_wrapped 1583614253547 411 260 touchend 230 89 0.28571429848671 0.28571429848671 0 nfl 1
muscat_nfl_development_wrapped 1583614254866 411 260 touchstart 99 99 2 2 0 nfl 1
muscat_nfl_development_wrapped 1583614254896 411 260 touchmove 99 99 2.2857143878937 2.2857143878937 0 nfl 1
muscat_nfl_development_wrapped 1583614254944 411 260 touchmove 100 99 2 2 0 nfl 1
muscat_nfl_development_wrapped 1583614254961 411 260 touchmove 103 98 2.2857143878937 2.2857143878937 0 nfl 1
muscat_nfl_development_wrapped 1583614254979 411 260 touchmove 108 96 2.2857143878937 2.2857143878937 0 nfl 1
muscat_nfl_development_wrapped 1583614254994 411 260 touchmove 111 94 2.2857143878937 2.2857143878937 0 nfl 1
muscat_nfl_development_wrapped 1583614255013 411 260 touchmove 115 91 1.7142859697342 1.7142859697342 0 nfl 1
muscat_nfl_development_wrapped 1583614255028 411 260 touchmove 117 88 2 2 0 nfl 1
muscat_nfl_development_wrapped 1583614255045 411 260 touchmove 119 85 2 2 0 nfl 1
muscat_nfl_development_wrapped 1583614255061 411 260 touchmove 119 82 2.2857143878937 2.2857143878937 0 nfl 1
muscat_nfl_development_wrapped 1583614255078 411 260 touchmove 120 77 2.5714290142059 2.5714290142059 0 nfl 1
muscat_nfl_development_wrapped 1583614255095 411 260 touchmove 120 70 2.2857143878937 2.2857143878937 0 nfl 1
muscat_nfl_development_wrapped 1583614255112 411 260 touchmove 120 62 2.5714290142059 2.5714290142059 0 nfl 1
muscat_nfl_development_wrapped 1583614255128 411 260 touchmove 121 53 2.8571429252625 2.8571429252625 0 nfl 1
muscat_nfl_development_wrapped 1583614255145 411 260 touchmove 121 45 2.8571429252625 2.8571429252625 0 nfl 1
muscat_nfl_development_wrapped 1583614255161 411 260 touchmove 121 40 2.2857143878937 2.2857143878937 0 nfl 1
muscat_nfl_development_wrapped 1583614255178 411 260 touchmove 121 36 2 2 0 nfl 1
muscat_nfl_development_wrapped 1583614255194 411 260 touchmove 120 33 2.5714290142059 2.5714290142059 0 nfl 1
muscat_nfl_development_wrapped 1583614255211 411 260 touchmove 119 30 2.5714290142059 2.5714290142059 0 nfl 1
muscat_nfl_development_wrapped 1583614255227 411 260 touchmove 119 27 2.5714290142059 2.5714290142059 0 nfl 1
muscat_nfl_development_wrapped 1583614255244 411 260 touchmove 119 24 2.5714290142059 2.5714290142059 0 nfl 1
muscat_nfl_development_wrapped 1583614255260 411 260 touchmove 118 21 2.5714290142059 2.5714290142059 0 nfl 1
muscat_nfl_development_wrapped 1583614255277 411 260 touchmove 117 19 2.5714290142059 2.5714290142059 0 nfl 1
muscat_nfl_development_wrapped 1583614255294 411 260 touchmove 116 16 2.8571429252625 2.8571429252625 0 nfl 1
muscat_nfl_development_wrapped 1583614255344 411 260 touchmove 119 18 2.5714290142059 2.5714290142059 0 nfl 1
muscat_nfl_development_wrapped 1583614255361 411 260 touchmove 122 18 2.2857143878937 2.2857143878937 0 nfl 1
muscat_nfl_development_wrapped 1583614255379 411 260 touchmove 125 19 2.5714290142059 2.5714290142059 0 nfl 1
muscat_nfl_development_wrapped 1583614255394 411 260 touchmove 130 20 2.2857143878937 2.2857143878937 0 nfl 1
muscat_nfl_development_wrapped 1583614255411 411 260 touchmove 136 22 2 2 0 nfl 1
muscat_nfl_development_wrapped 1583614255427 411 260 touchmove 144 26 2 2 0 nfl 1
muscat_nfl_development_wrapped 1583614255444 411 260 touchmove 152 32 1.7142859697342 1.7142859697342 0 nfl 1
muscat_nfl_development_wrapped 1583614255460 411 260 touchmove 160 40 2 2 0 nfl 1
muscat_nfl_development_wrapped 1583614255477 411 260 touchmove 168 50 1.7142859697342 1.7142859697342 0 nfl 1
muscat_nfl_development_wrapped 1583614255494 411 260 touchmove 175 59 0.8571429848671 0.8571429848671 0 nfl 1
muscat_nfl_development_wrapped 1583614255512 411 260 touchmove 179 62 0.57142859697342 0.57142859697342 0 nfl 1
muscat_nfl_development_wrapped 1583614255514 411 260 touchend 179 62 0.57142859697342 0.57142859697342 0 nfl 1
muscat_nfl_development_wrapped 1583614254866 411 260 touchstart 99 99 2 2 0 nfl 1 1
muscat_nfl_development_wrapped 1583614254896 411 260 touchmove 99 99 2.2857143878937 2.2857143878937 0 nfl 1 1
muscat_nfl_development_wrapped 1583614254944 411 260 touchmove 100 99 2 2 0 nfl 1 1
muscat_nfl_development_wrapped 1583614254961 411 260 touchmove 103 98 2.2857143878937 2.2857143878937 0 nfl 1 1
muscat_nfl_development_wrapped 1583614254979 411 260 touchmove 108 96 2.2857143878937 2.2857143878937 0 nfl 1 1
muscat_nfl_development_wrapped 1583614254994 411 260 touchmove 111 94 2.2857143878937 2.2857143878937 0 nfl 1 1
muscat_nfl_development_wrapped 1583614255013 411 260 touchmove 115 91 1.7142859697342 1.7142859697342 0 nfl 1 1
muscat_nfl_development_wrapped 1583614255028 411 260 touchmove 117 88 2 2 0 nfl 1 1
muscat_nfl_development_wrapped 1583614255045 411 260 touchmove 119 85 2 2 0 nfl 1 1
muscat_nfl_development_wrapped 1583614255061 411 260 touchmove 119 82 2.2857143878937 2.2857143878937 0 nfl 1 1
muscat_nfl_development_wrapped 1583614255078 411 260 touchmove 120 77 2.5714290142059 2.5714290142059 0 nfl 1 1
muscat_nfl_development_wrapped 1583614255095 411 260 touchmove 120 70 2.2857143878937 2.2857143878937 0 nfl 1 1
muscat_nfl_development_wrapped 1583614255112 411 260 touchmove 120 62 2.5714290142059 2.5714290142059 0 nfl 1 1
muscat_nfl_development_wrapped 1583614255128 411 260 touchmove 121 53 2.8571429252625 2.8571429252625 0 nfl 1 1
muscat_nfl_development_wrapped 1583614255145 411 260 touchmove 121 45 2.8571429252625 2.8571429252625 0 nfl 1 1
muscat_nfl_development_wrapped 1583614255161 411 260 touchmove 121 40 2.2857143878937 2.2857143878937 0 nfl 1 1
muscat_nfl_development_wrapped 1583614255178 411 260 touchmove 121 36 2 2 0 nfl 1 1
muscat_nfl_development_wrapped 1583614255194 411 260 touchmove 120 33 2.5714290142059 2.5714290142059 0 nfl 1 1
muscat_nfl_development_wrapped 1583614255211 411 260 touchmove 119 30 2.5714290142059 2.5714290142059 0 nfl 1 1
muscat_nfl_development_wrapped 1583614255227 411 260 touchmove 119 27 2.5714290142059 2.5714290142059 0 nfl 1 1
muscat_nfl_development_wrapped 1583614255244 411 260 touchmove 119 24 2.5714290142059 2.5714290142059 0 nfl 1 1
muscat_nfl_development_wrapped 1583614255260 411 260 touchmove 118 21 2.5714290142059 2.5714290142059 0 nfl 1 1
muscat_nfl_development_wrapped 1583614255277 411 260 touchmove 117 19 2.5714290142059 2.5714290142059 0 nfl 1 1
muscat_nfl_development_wrapped 1583614255294 411 260 touchmove 116 16 2.8571429252625 2.8571429252625 0 nfl 1 1
muscat_nfl_development_wrapped 1583614255344 411 260 touchmove 119 18 2.5714290142059 2.5714290142059 0 nfl 1 1
muscat_nfl_development_wrapped 1583614255361 411 260 touchmove 122 18 2.2857143878937 2.2857143878937 0 nfl 1 1
muscat_nfl_development_wrapped 1583614255379 411 260 touchmove 125 19 2.5714290142059 2.5714290142059 0 nfl 1 1
muscat_nfl_development_wrapped 1583614255394 411 260 touchmove 130 20 2.2857143878937 2.2857143878937 0 nfl 1 1
muscat_nfl_development_wrapped 1583614255411 411 260 touchmove 136 22 2 2 0 nfl 1 1
muscat_nfl_development_wrapped 1583614255427 411 260 touchmove 144 26 2 2 0 nfl 1 1
muscat_nfl_development_wrapped 1583614255444 411 260 touchmove 152 32 1.7142859697342 1.7142859697342 0 nfl 1 1
muscat_nfl_development_wrapped 1583614255460 411 260 touchmove 160 40 2 2 0 nfl 1 1
muscat_nfl_development_wrapped 1583614255477 411 260 touchmove 168 50 1.7142859697342 1.7142859697342 0 nfl 1 1
muscat_nfl_development_wrapped 1583614255494 411 260 touchmove 175 59 0.8571429848671 0.8571429848671 0 nfl 1 1
muscat_nfl_development_wrapped 1583614255512 411 260 touchmove 179 62 0.57142859697342 0.57142859697342 0 nfl 1 1
muscat_nfl_development_wrapped 1583614255514 411 260 touchend 179 62 0.57142859697342 0.57142859697342 0 nfl 1 1
muscat_nfl_development_wrapped 1583614256215 411 260 touchstart 135 132 1.1428571939468 1.1428571939468 0 nfl 1
muscat_nfl_development_wrapped 1583614256244 411 260 touchmove 135 132 1.7142859697342 1.7142859697342 0 nfl 1
muscat_nfl_development_wrapped 1583614256261 411 260 touchmove 136 133 1.7142859697342 1.7142859697342 0 nfl 1
muscat_nfl_development_wrapped 1583614256278 411 260 touchmove 139 134 1.7142859697342 1.7142859697342 0 nfl 1
muscat_nfl_development_wrapped 1583614256295 411 260 touchmove 143 135 1.7142859697342 1.7142859697342 0 nfl 1
muscat_nfl_development_wrapped 1583614256311 411 260 touchmove 148 134 1.4285714626312 1.4285714626312 0 nfl 1
muscat_nfl_development_wrapped 1583614256327 411 260 touchmove 153 131 1.7142859697342 1.7142859697342 0 nfl 1
muscat_nfl_development_wrapped 1583614256345 411 260 touchmove 159 128 1.7142859697342 1.7142859697342 0 nfl 1
muscat_nfl_development_wrapped 1583614256361 411 260 touchmove 167 124 1.7142859697342 1.7142859697342 0 nfl 1
muscat_nfl_development_wrapped 1583614256378 411 260 touchmove 175 122 1.4285714626312 1.4285714626312 0 nfl 1
muscat_nfl_development_wrapped 1583614256394 411 260 touchmove 184 121 1.7142859697342 1.7142859697342 0 nfl 1
muscat_nfl_development_wrapped 1583614256411 411 260 touchmove 193 118 1.7142859697342 1.7142859697342 0 nfl 1
muscat_nfl_development_wrapped 1583614256428 411 260 touchmove 202 114 1.4285714626312 1.4285714626312 0 nfl 1
muscat_nfl_development_wrapped 1583614256444 411 260 touchmove 213 109 0.8571429848671 0.8571429848671 0 nfl 1
muscat_nfl_development_wrapped 1583614256461 411 260 touchmove 226 105 0.8571429848671 0.8571429848671 0 nfl 1
muscat_nfl_development_wrapped 1583614256479 411 260 touchmove 236 104 0.28571429848671 0.28571429848671 0 nfl 1
muscat_nfl_development_wrapped 1583614256481 411 260 touchend 236 104 0.28571429848671 0.28571429848671 0 nfl 1
muscat_nfl_development_wrapped 1583614254866 411 260 touchstart 99 99 2 2 0 nfl 1 1 1
muscat_nfl_development_wrapped 1583614254896 411 260 touchmove 99 99 2.2857143878937 2.2857143878937 0 nfl 1 1 1
muscat_nfl_development_wrapped 1583614254944 411 260 touchmove 100 99 2 2 0 nfl 1 1 1
muscat_nfl_development_wrapped 1583614254961 411 260 touchmove 103 98 2.2857143878937 2.2857143878937 0 nfl 1 1 1
muscat_nfl_development_wrapped 1583614254979 411 260 touchmove 108 96 2.2857143878937 2.2857143878937 0 nfl 1 1 1
muscat_nfl_development_wrapped 1583614254994 411 260 touchmove 111 94 2.2857143878937 2.2857143878937 0 nfl 1 1 1
muscat_nfl_development_wrapped 1583614255013 411 260 touchmove 115 91 1.7142859697342 1.7142859697342 0 nfl 1 1 1
muscat_nfl_development_wrapped 1583614255028 411 260 touchmove 117 88 2 2 0 nfl 1 1 1
muscat_nfl_development_wrapped 1583614255045 411 260 touchmove 119 85 2 2 0 nfl 1 1 1
muscat_nfl_development_wrapped 1583614255061 411 260 touchmove 119 82 2.2857143878937 2.2857143878937 0 nfl 1 1 1
muscat_nfl_development_wrapped 1583614255078 411 260 touchmove 120 77 2.5714290142059 2.5714290142059 0 nfl 1 1 1
muscat_nfl_development_wrapped 1583614255095 411 260 touchmove 120 70 2.2857143878937 2.2857143878937 0 nfl 1 1 1
muscat_nfl_development_wrapped 1583614255112 411 260 touchmove 120 62 2.5714290142059 2.5714290142059 0 nfl 1 1 1
muscat_nfl_development_wrapped 1583614255128 411 260 touchmove 121 53 2.8571429252625 2.8571429252625 0 nfl 1 1 1
muscat_nfl_development_wrapped 1583614255145 411 260 touchmove 121 45 2.8571429252625 2.8571429252625 0 nfl 1 1 1
muscat_nfl_development_wrapped 1583614255161 411 260 touchmove 121 40 2.2857143878937 2.2857143878937 0 nfl 1 1 1
muscat_nfl_development_wrapped 1583614255178 411 260 touchmove 121 36 2 2 0 nfl 1 1 1
muscat_nfl_development_wrapped 1583614255194 411 260 touchmove 120 33 2.5714290142059 2.5714290142059 0 nfl 1 1 1
muscat_nfl_development_wrapped 1583614255211 411 260 touchmove 119 30 2.5714290142059 2.5714290142059 0 nfl 1 1 1
muscat_nfl_development_wrapped 1583614255227 411 260 touchmove 119 27 2.5714290142059 2.5714290142059 0 nfl 1 1 1
muscat_nfl_development_wrapped 1583614255244 411 260 touchmove 119 24 2.5714290142059 2.5714290142059 0 nfl 1 1 1
muscat_nfl_development_wrapped 1583614255260 411 260 touchmove 118 21 2.5714290142059 2.5714290142059 0 nfl 1 1 1
muscat_nfl_development_wrapped 1583614255277 411 260 touchmove 117 19 2.5714290142059 2.5714290142059 0 nfl 1 1 1
muscat_nfl_development_wrapped 1583614255294 411 260 touchmove 116 16 2.8571429252625 2.8571429252625 0 nfl 1 1 1
muscat_nfl_development_wrapped 1583614255344 411 260 touchmove 119 18 2.5714290142059 2.5714290142059 0 nfl 1 1 1
muscat_nfl_development_wrapped 1583614255361 411 260 touchmove 122 18 2.2857143878937 2.2857143878937 0 nfl 1 1 1
muscat_nfl_development_wrapped 1583614255379 411 260 touchmove 125 19 2.5714290142059 2.5714290142059 0 nfl 1 1 1
muscat_nfl_development_wrapped 1583614255394 411 260 touchmove 130 20 2.2857143878937 2.2857143878937 0 nfl 1 1 1
muscat_nfl_development_wrapped 1583614255411 411 260 touchmove 136 22 2 2 0 nfl 1 1 1
muscat_nfl_development_wrapped 1583614255427 411 260 touchmove 144 26 2 2 0 nfl 1 1 1
muscat_nfl_development_wrapped 1583614255444 411 260 touchmove 152 32 1.7142859697342 1.7142859697342 0 nfl 1 1 1
muscat_nfl_development_wrapped 1583614255460 411 260 touchmove 160 40 2 2 0 nfl 1 1 1
muscat_nfl_development_wrapped 1583614255477 411 260 touchmove 168 50 1.7142859697342 1.7142859697342 0 nfl 1 1 1
muscat_nfl_development_wrapped 1583614255494 411 260 touchmove 175 59 0.8571429848671 0.8571429848671 0 nfl 1 1 1
muscat_nfl_development_wrapped 1583614255512 411 260 touchmove 179 62 0.57142859697342 0.57142859697342 0 nfl 1 1 1
muscat_nfl_development_wrapped 1583614255514 411 260 touchend 179 62 0.57142859697342 0.57142859697342 0 nfl 1 1 1
muscat_nfl_development_wrapped 1583614256215 411 260 touchstart 135 132 1.1428571939468 1.1428571939468 0 nfl 1 1
muscat_nfl_development_wrapped 1583614256244 411 260 touchmove 135 132 1.7142859697342 1.7142859697342 0 nfl 1 1
muscat_nfl_development_wrapped 1583614256261 411 260 touchmove 136 133 1.7142859697342 1.7142859697342 0 nfl 1 1
muscat_nfl_development_wrapped 1583614256278 411 260 touchmove 139 134 1.7142859697342 1.7142859697342 0 nfl 1 1
muscat_nfl_development_wrapped 1583614256295 411 260 touchmove 143 135 1.7142859697342 1.7142859697342 0 nfl 1 1
muscat_nfl_development_wrapped 1583614256311 411 260 touchmove 148 134 1.4285714626312 1.4285714626312 0 nfl 1 1
muscat_nfl_development_wrapped 1583614256327 411 260 touchmove 153 131 1.7142859697342 1.7142859697342 0 nfl 1 1
muscat_nfl_development_wrapped 1583614256345 411 260 touchmove 159 128 1.7142859697342 1.7142859697342 0 nfl 1 1
muscat_nfl_development_wrapped 1583614256361 411 260 touchmove 167 124 1.7142859697342 1.7142859697342 0 nfl 1 1
muscat_nfl_development_wrapped 1583614256378 411 260 touchmove 175 122 1.4285714626312 1.4285714626312 0 nfl 1 1
muscat_nfl_development_wrapped 1583614256394 411 260 touchmove 184 121 1.7142859697342 1.7142859697342 0 nfl 1 1
muscat_nfl_development_wrapped 1583614256411 411 260 touchmove 193 118 1.7142859697342 1.7142859697342 0 nfl 1 1
muscat_nfl_development_wrapped 1583614256428 411 260 touchmove 202 114 1.4285714626312 1.4285714626312 0 nfl 1 1
muscat_nfl_development_wrapped 1583614256444 411 260 touchmove 213 109 0.8571429848671 0.8571429848671 0 nfl 1 1
muscat_nfl_development_wrapped 1583614256461 411 260 touchmove 226 105 0.8571429848671 0.8571429848671 0 nfl 1 1
muscat_nfl_development_wrapped 1583614256479 411 260 touchmove 236 104 0.28571429848671 0.28571429848671 0 nfl 1 1
muscat_nfl_development_wrapped 1583614256481 411 260 touchend 236 104 0.28571429848671 0.28571429848671 0 nfl 1 1
muscat_nfl_development_wrapped 1583614256882 411 260 touchstart 117 109 1.1428571939468 1.1428571939468 0 nfl 1
muscat_nfl_development_wrapped 1583614256911 411 260 touchmove 117 109 1.4285714626312 1.4285714626312 0 nfl 1
muscat_nfl_development_wrapped 1583614256928 411 260 touchmove 115 109 2 2 0 nfl 1
muscat_nfl_development_wrapped 1583614256944 411 260 touchmove 115 108 2 2 0 nfl 1
muscat_nfl_development_wrapped 1583614256961 411 260 touchmove 113 107 1.7142859697342 1.7142859697342 0 nfl 1
muscat_nfl_development_wrapped 1583614256972 411 260 touchmove 112 105 0.28571429848671 0.28571429848671 0 nfl 1
muscat_nfl_development_wrapped 1583614256974 411 260 touchend 112 105 0.28571429848671 0.28571429848671 0 nfl 1
muscat_nfl_development_wrapped 1583614257523 411 260 touchstart 235 185 0.8571429848671 0.8571429848671 0 nfl 1
muscat_nfl_development_wrapped 1583614257563 411 260 touchmove 236 185 1.4285714626312 1.4285714626312 0 nfl 1
muscat_nfl_development_wrapped 1583614257579 411 260 touchmove 235 185 1.4285714626312 1.4285714626312 0 nfl 1
muscat_nfl_development_wrapped 1583614257596 411 260 touchmove 237 184 0.57142859697342 0.57142859697342 0 nfl 1
muscat_nfl_development_wrapped 1583614257599 411 260 touchend 237 184 0.57142859697342 0.57142859697342 0 nfl 1
muscat_nfl_development_wrapped 1583614254866 411 260 touchstart 99 99 2 2 0 nfl 1 1 1 1
muscat_nfl_development_wrapped 1583614254896 411 260 touchmove 99 99 2.2857143878937 2.2857143878937 0 nfl 1 1 1 1
muscat_nfl_development_wrapped 1583614254944 411 260 touchmove 100 99 2 2 0 nfl 1 1 1 1
muscat_nfl_development_wrapped 1583614254961 411 260 touchmove 103 98 2.2857143878937 2.2857143878937 0 nfl 1 1 1 1
muscat_nfl_development_wrapped 1583614254979 411 260 touchmove 108 96 2.2857143878937 2.2857143878937 0 nfl 1 1 1 1
muscat_nfl_development_wrapped 1583614254994 411 260 touchmove 111 94 2.2857143878937 2.2857143878937 0 nfl 1 1 1 1
muscat_nfl_development_wrapped 1583614255013 411 260 touchmove 115 91 1.7142859697342 1.7142859697342 0 nfl 1 1 1 1
muscat_nfl_development_wrapped 1583614255028 411 260 touchmove 117 88 2 2 0 nfl 1 1 1 1
muscat_nfl_development_wrapped 1583614255045 411 260 touchmove 119 85 2 2 0 nfl 1 1 1 1
muscat_nfl_development_wrapped 1583614255061 411 260 touchmove 119 82 2.2857143878937 2.2857143878937 0 nfl 1 1 1 1
muscat_nfl_development_wrapped 1583614255078 411 260 touchmove 120 77 2.5714290142059 2.5714290142059 0 nfl 1 1 1 1
muscat_nfl_development_wrapped 1583614255095 411 260 touchmove 120 70 2.2857143878937 2.2857143878937 0 nfl 1 1 1 1
muscat_nfl_development_wrapped 1583614255112 411 260 touchmove 120 62 2.5714290142059 2.5714290142059 0 nfl 1 1 1 1
muscat_nfl_development_wrapped 1583614255128 411 260 touchmove 121 53 2.8571429252625 2.8571429252625 0 nfl 1 1 1 1
muscat_nfl_development_wrapped 1583614255145 411 260 touchmove 121 45 2.8571429252625 2.8571429252625 0 nfl 1 1 1 1
muscat_nfl_development_wrapped 1583614255161 411 260 touchmove 121 40 2.2857143878937 2.2857143878937 0 nfl 1 1 1 1
muscat_nfl_development_wrapped 1583614255178 411 260 touchmove 121 36 2 2 0 nfl 1 1 1 1
muscat_nfl_development_wrapped 1583614255194 411 260 touchmove 120 33 2.5714290142059 2.5714290142059 0 nfl 1 1 1 1
muscat_nfl_development_wrapped 1583614255211 411 260 touchmove 119 30 2.5714290142059 2.5714290142059 0 nfl 1 1 1 1
muscat_nfl_development_wrapped 1583614255227 411 260 touchmove 119 27 2.5714290142059 2.5714290142059 0 nfl 1 1 1 1
muscat_nfl_development_wrapped 1583614255244 411 260 touchmove 119 24 2.5714290142059 2.5714290142059 0 nfl 1 1 1 1
muscat_nfl_development_wrapped 1583614255260 411 260 touchmove 118 21 2.5714290142059 2.5714290142059 0 nfl 1 1 1 1
muscat_nfl_development_wrapped 1583614255277 411 260 touchmove 117 19 2.5714290142059 2.5714290142059 0 nfl 1 1 1 1
muscat_nfl_development_wrapped 1583614255294 411 260 touchmove 116 16 2.8571429252625 2.8571429252625 0 nfl 1 1 1 1
muscat_nfl_development_wrapped 1583614255344 411 260 touchmove 119 18 2.5714290142059 2.5714290142059 0 nfl 1 1 1 1
muscat_nfl_development_wrapped 1583614255361 411 260 touchmove 122 18 2.2857143878937 2.2857143878937 0 nfl 1 1 1 1
muscat_nfl_development_wrapped 1583614255379 411 260 touchmove 125 19 2.5714290142059 2.5714290142059 0 nfl 1 1 1 1
muscat_nfl_development_wrapped 1583614255394 411 260 touchmove 130 20 2.2857143878937 2.2857143878937 0 nfl 1 1 1 1
muscat_nfl_development_wrapped 1583614255411 411 260 touchmove 136 22 2 2 0 nfl 1 1 1 1
muscat_nfl_development_wrapped 1583614255427 411 260 touchmove 144 26 2 2 0 nfl 1 1 1 1
muscat_nfl_development_wrapped 1583614255444 411 260 touchmove 152 32 1.7142859697342 1.7142859697342 0 nfl 1 1 1 1
muscat_nfl_development_wrapped 1583614255460 411 260 touchmove 160 40 2 2 0 nfl 1 1 1 1
muscat_nfl_development_wrapped 1583614255477 411 260 touchmove 168 50 1.7142859697342 1.7142859697342 0 nfl 1 1 1 1
muscat_nfl_development_wrapped 1583614255494 411 260 touchmove 175 59 0.8571429848671 0.8571429848671 0 nfl 1 1 1 1
muscat_nfl_development_wrapped 1583614255512 411 260 touchmove 179 62 0.57142859697342 0.57142859697342 0 nfl 1 1 1 1
muscat_nfl_development_wrapped 1583614255514 411 260 touchend 179 62 0.57142859697342 0.57142859697342 0 nfl 1 1 1 1
muscat_nfl_development_wrapped 1583614256215 411 260 touchstart 135 132 1.1428571939468 1.1428571939468 0 nfl 1 1 1
muscat_nfl_development_wrapped 1583614256244 411 260 touchmove 135 132 1.7142859697342 1.7142859697342 0 nfl 1 1 1
muscat_nfl_development_wrapped 1583614256261 411 260 touchmove 136 133 1.7142859697342 1.7142859697342 0 nfl 1 1 1
muscat_nfl_development_wrapped 1583614256278 411 260 touchmove 139 134 1.7142859697342 1.7142859697342 0 nfl 1 1 1
muscat_nfl_development_wrapped 1583614256295 411 260 touchmove 143 135 1.7142859697342 1.7142859697342 0 nfl 1 1 1
muscat_nfl_development_wrapped 1583614256311 411 260 touchmove 148 134 1.4285714626312 1.4285714626312 0 nfl 1 1 1
muscat_nfl_development_wrapped 1583614256327 411 260 touchmove 153 131 1.7142859697342 1.7142859697342 0 nfl 1 1 1
muscat_nfl_development_wrapped 1583614256345 411 260 touchmove 159 128 1.7142859697342 1.7142859697342 0 nfl 1 1 1
muscat_nfl_development_wrapped 1583614256361 411 260 touchmove 167 124 1.7142859697342 1.7142859697342 0 nfl 1 1 1
muscat_nfl_development_wrapped 1583614256378 411 260 touchmove 175 122 1.4285714626312 1.4285714626312 0 nfl 1 1 1
muscat_nfl_development_wrapped 1583614256394 411 260 touchmove 184 121 1.7142859697342 1.7142859697342 0 nfl 1 1 1
muscat_nfl_development_wrapped 1583614256411 411 260 touchmove 193 118 1.7142859697342 1.7142859697342 0 nfl 1 1 1
muscat_nfl_development_wrapped 1583614256428 411 260 touchmove 202 114 1.4285714626312 1.4285714626312 0 nfl 1 1 1
muscat_nfl_development_wrapped 1583614256444 411 260 touchmove 213 109 0.8571429848671 0.8571429848671 0 nfl 1 1 1
muscat_nfl_development_wrapped 1583614256461 411 260 touchmove 226 105 0.8571429848671 0.8571429848671 0 nfl 1 1 1
muscat_nfl_development_wrapped 1583614256479 411 260 touchmove 236 104 0.28571429848671 0.28571429848671 0 nfl 1 1 1
muscat_nfl_development_wrapped 1583614256481 411 260 touchend 236 104 0.28571429848671 0.28571429848671 0 nfl 1 1 1
muscat_nfl_development_wrapped 1583614256882 411 260 touchstart 117 109 1.1428571939468 1.1428571939468 0 nfl 1 1
muscat_nfl_development_wrapped 1583614256911 411 260 touchmove 117 109 1.4285714626312 1.4285714626312 0 nfl 1 1
muscat_nfl_development_wrapped 1583614256928 411 260 touchmove 115 109 2 2 0 nfl 1 1
muscat_nfl_development_wrapped 1583614256944 411 260 touchmove 115 108 2 2 0 nfl 1 1
muscat_nfl_development_wrapped 1583614256961 411 260 touchmove 113 107 1.7142859697342 1.7142859697342 0 nfl 1 1
muscat_nfl_development_wrapped 1583614256972 411 260 touchmove 112 105 0.28571429848671 0.28571429848671 0 nfl 1 1
muscat_nfl_development_wrapped 1583614256974 411 260 touchend 112 105 0.28571429848671 0.28571429848671 0 nfl 1 1
muscat_nfl_development_wrapped 1583614257098 411 260 touchstart 108 15 2 2 0 nfl 1
muscat_nfl_development_wrapped 1583614257146 411 260 touchmove 107 17 2 2 0 nfl 1
muscat_nfl_development_wrapped 1583614257162 411 260 touchmove 107 23 1.4285714626312 1.4285714626312 0 nfl 1
muscat_nfl_development_wrapped 1583614257163 411 260 touchend 107 23 1.4285714626312 1.4285714626312 0 nfl 1
muscat_nfl_development_wrapped 1583614257523 411 260 touchstart 235 185 0.8571429848671 0.8571429848671 0 nfl 1 1
muscat_nfl_development_wrapped 1583614257563 411 260 touchmove 236 185 1.4285714626312 1.4285714626312 0 nfl 1 1
muscat_nfl_development_wrapped 1583614257579 411 260 touchmove 235 185 1.4285714626312 1.4285714626312 0 nfl 1 1
muscat_nfl_development_wrapped 1583614257596 411 260 touchmove 237 184 0.57142859697342 0.57142859697342 0 nfl 1 1
muscat_nfl_development_wrapped 1583614257599 411 260 touchend 237 184 0.57142859697342 0.57142859697342 0 nfl 1 1
muscat_nfl_development_wrapped 1583614257911 411 260 touchstart 82 56 2 2 0 nfl 1
muscat_nfl_development_wrapped 1583614257946 411 260 touchmove 81 56 2 2 0 nfl 1
muscat_nfl_development_wrapped 1583614257969 411 260 touchmove 81 56 1.1428571939468 1.1428571939468 0 nfl 1
muscat_nfl_development_wrapped 1583614257974 411 260 touchend 81 56 1.1428571939468 1.1428571939468 0 nfl 1
