sentence timestamp keyb_width keyb_height event x_pos y_pos x_radius y_radius angle word is_err
i_hope_you_are_feeling_better 1581620287113 360 216 touchstart 264 19 0 0 0 i 0
i_hope_you_are_feeling_better 1581620287332 360 216 touchend 264 19 0 0 0 i 0
i_hope_you_are_feeling_better 1581620288583 360 216 touchstart 217 90 0 0 0 hope 0
i_hope_you_are_feeling_better 1581620288685 360 216 touchmove 220 86 0 0 0 hope 0
i_hope_you_are_feeling_better 1581620288701 360 216 touchmove 224 82 0 0 0 hope 0
i_hope_you_are_feeling_better 1581620288718 360 216 touchmove 237 70 0 0 0 hope 0
i_hope_you_are_feeling_better 1581620288734 360 216 touchmove 241 66 0 0 0 hope 0
i_hope_you_are_feeling_better 1581620288751 360 216 touchmove 249 59 0 0 0 hope 0
i_hope_you_are_feeling_better 1581620288768 360 216 touchmove 256 52 0 0 0 hope 0
i_hope_you_are_feeling_better 1581620288784 360 216 touchmove 262 45 0 0 0 hope 0
i_hope_you_are_feeling_better 1581620288800 360 216 touchmove 267 40 0 0 0 hope 0
i_hope_you_are_feeling_better 1581620288818 360 216 touchmove 272 36 0 0 0 hope 0
i_hope_you_are_feeling_better 1581620288834 360 216 touchmove 276 33 0 0 0 hope 0
i_hope_you_are_feeling_better 1581620288850 360 216 touchmove 279 31 0 0 0 hope 0
i_hope_you_are_feeling_better 1581620288867 360 216 touchmove 281 28 0 0 0 hope 0
i_hope_you_are_feeling_better 1581620288884 360 216 touchmove 283 26 0 0 0 hope 0
i_hope_you_are_feeling_better 1581620288900 360 216 touchmove 283 26 0 0 0 hope 0
i_hope_you_are_feeling_better 1581620288918 360 216 touchmove 285 25 0 0 0 hope 0
i_hope_you_are_feeling_better 1581620288936 360 216 touchmove 287 23 0 0 0 hope 0
i_hope_you_are_feeling_better 1581620288952 360 216 touchmove 290 22 0 0 0 hope 0
i_hope_you_are_feeling_better 1581620288969 360 216 touchmove 292 20 0 0 0 hope 0
i_hope_you_are_feeling_better 1581620288987 360 216 touchmove 293 19 0 0 0 hope 0
i_hope_you_are_feeling_better 1581620289002 360 216 touchmove 296 18 0 0 0 hope 0
i_hope_you_are_feeling_better 1581620289021 360 216 touchmove 299 17 0 0 0 hope 0
i_hope_you_are_feeling_better 1581620289036 360 216 touchmove 299 17 0 0 0 hope 0
i_hope_you_are_feeling_better 1581620289052 360 216 touchmove 301 16 0 0 0 hope 0
i_hope_you_are_feeling_better 1581620289070 360 216 touchmove 302 16 0 0 0 hope 0
i_hope_you_are_feeling_better 1581620289087 360 216 touchmove 304 16 0 0 0 hope 0
i_hope_you_are_feeling_better 1581620289103 360 216 touchmove 304 16 0 0 0 hope 0
i_hope_you_are_feeling_better 1581620289121 360 216 touchmove 305 16 0 0 0 hope 0
i_hope_you_are_feeling_better 1581620289138 360 216 touchmove 306 16 0 0 0 hope 0
i_hope_you_are_feeling_better 1581620289153 360 216 touchmove 309 17 0 0 0 hope 0
i_hope_you_are_feeling_better 1581620289170 360 216 touchmove 311 18 0 0 0 hope 0
i_hope_you_are_feeling_better 1581620289188 360 216 touchmove 315 20 0 0 0 hope 0
i_hope_you_are_feeling_better 1581620289204 360 216 touchmove 319 22 0 0 0 hope 0
i_hope_you_are_feeling_better 1581620289220 360 216 touchmove 323 24 0 0 0 hope 0
i_hope_you_are_feeling_better 1581620289237 360 216 touchmove 326 26 0 0 0 hope 0
i_hope_you_are_feeling_better 1581620289254 360 216 touchmove 329 27 0 0 0 hope 0
i_hope_you_are_feeling_better 1581620289270 360 216 touchmove 330 28 0 0 0 hope 0
i_hope_you_are_feeling_better 1581620289288 360 216 touchmove 332 29 0 0 0 hope 0
i_hope_you_are_feeling_better 1581620289305 360 216 touchmove 333 30 0 0 0 hope 0
i_hope_you_are_feeling_better 1581620289323 360 216 touchmove 334 30 0 0 0 hope 0
i_hope_you_are_feeling_better 1581620289338 360 216 touchmove 334 31 0 0 0 hope 0
i_hope_you_are_feeling_better 1581620289355 360 216 touchmove 334 31 0 0 0 hope 0
i_hope_you_are_feeling_better 1581620289371 360 216 touchmove 334 32 0 0 0 hope 0
i_hope_you_are_feeling_better 1581620289422 360 216 touchmove 334 32 0 0 0 hope 0
i_hope_you_are_feeling_better 1581620289438 360 216 touchmove 332 31 0 0 0 hope 0
i_hope_you_are_feeling_better 1581620289456 360 216 touchmove 325 29 0 0 0 hope 0
i_hope_you_are_feeling_better 1581620289473 360 216 touchmove 315 27 0 0 0 hope 0
i_hope_you_are_feeling_better 1581620289492 360 216 touchmove 301 24 0 0 0 hope 0
i_hope_you_are_feeling_better 1581620289506 360 216 touchmove 281 20 0 0 0 hope 0
i_hope_you_are_feeling_better 1581620289522 360 216 touchmove 260 16 0 0 0 hope 0
i_hope_you_are_feeling_better 1581620289539 360 216 touchmove 239 13 0 0 0 hope 0
i_hope_you_are_feeling_better 1581620289557 360 216 touchmove 222 12 0 0 0 hope 0
i_hope_you_are_feeling_better 1581620289572 360 216 touchmove 206 12 0 0 0 hope 0
i_hope_you_are_feeling_better 1581620289590 360 216 touchmove 195 12 0 0 0 hope 0
i_hope_you_are_feeling_better 1581620289607 360 216 touchmove 180 13 0 0 0 hope 0
i_hope_you_are_feeling_better 1581620289623 360 216 touchmove 164 15 0 0 0 hope 0
i_hope_you_are_feeling_better 1581620289639 360 216 touchmove 148 16 0 0 0 hope 0
i_hope_you_are_feeling_better 1581620289656 360 216 touchmove 135 17 0 0 0 hope 0
i_hope_you_are_feeling_better 1581620289674 360 216 touchmove 123 18 0 0 0 hope 0
i_hope_you_are_feeling_better 1581620289692 360 216 touchmove 115 19 0 0 0 hope 0
i_hope_you_are_feeling_better 1581620289709 360 216 touchmove 109 20 0 0 0 hope 0
i_hope_you_are_feeling_better 1581620289725 360 216 touchmove 104 21 0 0 0 hope 0
i_hope_you_are_feeling_better 1581620289741 360 216 touchmove 100 22 0 0 0 hope 0
i_hope_you_are_feeling_better 1581620289757 360 216 touchmove 94 24 0 0 0 hope 0
i_hope_you_are_feeling_better 1581620289774 360 216 touchmove 90 25 0 0 0 hope 0
i_hope_you_are_feeling_better 1581620289790 360 216 touchmove 86 27 0 0 0 hope 0
i_hope_you_are_feeling_better 1581620289807 360 216 touchmove 83 27 0 0 0 hope 0
i_hope_you_are_feeling_better 1581620289824 360 216 touchmove 82 28 0 0 0 hope 0
i_hope_you_are_feeling_better 1581620289841 360 216 touchmove 81 28 0 0 0 hope 0
i_hope_you_are_feeling_better 1581620289904 360 216 touchmove 81 28 0 0 0 hope 0
i_hope_you_are_feeling_better 1581620289906 360 216 touchend 81 28 0 0 0 hope 0
i_hope_you_are_feeling_better 1581620290925 360 216 touchstart 193 25 0 0 0 you 0
i_hope_you_are_feeling_better 1581620291066 360 216 touchmove 218 28 0 0 0 you 0
i_hope_you_are_feeling_better 1581620291084 360 216 touchmove 241 29 0 0 0 you 0
i_hope_you_are_feeling_better 1581620291101 360 216 touchmove 260 30 0 0 0 you 0
i_hope_you_are_feeling_better 1581620291119 360 216 touchmove 273 31 0 0 0 you 0
i_hope_you_are_feeling_better 1581620291136 360 216 touchmove 284 31 0 0 0 you 0
i_hope_you_are_feeling_better 1581620291153 360 216 touchmove 292 30 0 0 0 you 0
i_hope_you_are_feeling_better 1581620291169 360 216 touchmove 296 30 0 0 0 you 0
i_hope_you_are_feeling_better 1581620291185 360 216 touchmove 301 30 0 0 0 you 0
i_hope_you_are_feeling_better 1581620291202 360 216 touchmove 306 30 0 0 0 you 0
i_hope_you_are_feeling_better 1581620291220 360 216 touchmove 308 29 0 0 0 you 0
i_hope_you_are_feeling_better 1581620291236 360 216 touchmove 309 28 0 0 0 you 0
i_hope_you_are_feeling_better 1581620291253 360 216 touchmove 309 28 0 0 0 you 0
i_hope_you_are_feeling_better 1581620291318 360 216 touchmove 309 28 0 0 0 you 0
i_hope_you_are_feeling_better 1581620291336 360 216 touchmove 308 28 0 0 0 you 0
i_hope_you_are_feeling_better 1581620291353 360 216 touchmove 307 27 0 0 0 you 0
i_hope_you_are_feeling_better 1581620291371 360 216 touchmove 306 27 0 0 0 you 0
i_hope_you_are_feeling_better 1581620291387 360 216 touchmove 303 27 0 0 0 you 0
i_hope_you_are_feeling_better 1581620291403 360 216 touchmove 298 26 0 0 0 you 0
i_hope_you_are_feeling_better 1581620291420 360 216 touchmove 292 24 0 0 0 you 0
i_hope_you_are_feeling_better 1581620291441 360 216 touchmove 284 22 0 0 0 you 0
i_hope_you_are_feeling_better 1581620291454 360 216 touchmove 274 19 0 0 0 you 0
i_hope_you_are_feeling_better 1581620291472 360 216 touchmove 266 17 0 0 0 you 0
i_hope_you_are_feeling_better 1581620291487 360 216 touchmove 258 15 0 0 0 you 0
i_hope_you_are_feeling_better 1581620291503 360 216 touchmove 252 15 0 0 0 you 0
i_hope_you_are_feeling_better 1581620291521 360 216 touchmove 247 14 0 0 0 you 0
i_hope_you_are_feeling_better 1581620291539 360 216 touchmove 243 14 0 0 0 you 0
i_hope_you_are_feeling_better 1581620291555 360 216 touchmove 239 14 0 0 0 you 0
i_hope_you_are_feeling_better 1581620291571 360 216 touchmove 238 14 0 0 0 you 0
i_hope_you_are_feeling_better 1581620291588 360 216 touchmove 235 14 0 0 0 you 0
i_hope_you_are_feeling_better 1581620291605 360 216 touchmove 235 14 0 0 0 you 0
i_hope_you_are_feeling_better 1581620291621 360 216 touchmove 234 14 0 0 0 you 0
i_hope_you_are_feeling_better 1581620291637 360 216 touchmove 233 14 0 0 0 you 0
i_hope_you_are_feeling_better 1581620291657 360 216 touchmove 232 14 0 0 0 you 0
i_hope_you_are_feeling_better 1581620291672 360 216 touchmove 231 14 0 0 0 you 0
i_hope_you_are_feeling_better 1581620291689 360 216 touchmove 231 14 0 0 0 you 0
i_hope_you_are_feeling_better 1581620291708 360 216 touchmove 230 14 0 0 0 you 0
i_hope_you_are_feeling_better 1581620291724 360 216 touchmove 230 14 0 0 0 you 0
i_hope_you_are_feeling_better 1581620291739 360 216 touchmove 229 14 0 0 0 you 0
i_hope_you_are_feeling_better 1581620291756 360 216 touchmove 229 14 0 0 0 you 0
i_hope_you_are_feeling_better 1581620291810 360 216 touchend 229 14 0 0 0 you 0
i_hope_you_are_feeling_better 1581620292481 360 216 touchstart 29 81 0 0 0 are 0
i_hope_you_are_feeling_better 1581620292611 360 216 touchmove 31 81 0 0 0 are 0
i_hope_you_are_feeling_better 1581620292629 360 216 touchmove 46 76 0 0 0 are 0
i_hope_you_are_feeling_better 1581620292647 360 216 touchmove 56 70 0 0 0 are 0
i_hope_you_are_feeling_better 1581620292662 360 216 touchmove 64 64 0 0 0 are 0
i_hope_you_are_feeling_better 1581620292679 360 216 touchmove 73 58 0 0 0 are 0
i_hope_you_are_feeling_better 1581620292696 360 216 touchmove 81 53 0 0 0 are 0
i_hope_you_are_feeling_better 1581620292713 360 216 touchmove 89 48 0 0 0 are 0
i_hope_you_are_feeling_better 1581620292729 360 216 touchmove 97 43 0 0 0 are 0
i_hope_you_are_feeling_better 1581620292746 360 216 touchmove 103 40 0 0 0 are 0
i_hope_you_are_feeling_better 1581620292762 360 216 touchmove 107 37 0 0 0 are 0
i_hope_you_are_feeling_better 1581620292780 360 216 touchmove 110 36 0 0 0 are 0
i_hope_you_are_feeling_better 1581620292797 360 216 touchmove 114 34 0 0 0 are 0
i_hope_you_are_feeling_better 1581620292814 360 216 touchmove 115 34 0 0 0 are 0
i_hope_you_are_feeling_better 1581620292830 360 216 touchmove 119 32 0 0 0 are 0
i_hope_you_are_feeling_better 1581620292847 360 216 touchmove 122 31 0 0 0 are 0
i_hope_you_are_feeling_better 1581620292865 360 216 touchmove 125 30 0 0 0 are 0
i_hope_you_are_feeling_better 1581620292880 360 216 touchmove 127 29 0 0 0 are 0
i_hope_you_are_feeling_better 1581620292898 360 216 touchmove 128 28 0 0 0 are 0
i_hope_you_are_feeling_better 1581620292915 360 216 touchmove 128 28 0 0 0 are 0
i_hope_you_are_feeling_better 1581620292942 360 216 touchmove 127 28 0 0 0 are 0
i_hope_you_are_feeling_better 1581620292951 360 216 touchmove 126 28 0 0 0 are 0
i_hope_you_are_feeling_better 1581620292965 360 216 touchmove 125 28 0 0 0 are 0
i_hope_you_are_feeling_better 1581620292983 360 216 touchmove 121 27 0 0 0 are 0
i_hope_you_are_feeling_better 1581620292999 360 216 touchmove 114 26 0 0 0 are 0
i_hope_you_are_feeling_better 1581620293017 360 216 touchmove 109 25 0 0 0 are 0
i_hope_you_are_feeling_better 1581620293032 360 216 touchmove 104 25 0 0 0 are 0
i_hope_you_are_feeling_better 1581620293049 360 216 touchmove 100 24 0 0 0 are 0
i_hope_you_are_feeling_better 1581620293067 360 216 touchmove 98 24 0 0 0 are 0
i_hope_you_are_feeling_better 1581620293082 360 216 touchmove 96 24 0 0 0 are 0
i_hope_you_are_feeling_better 1581620293101 360 216 touchmove 93 25 0 0 0 are 0
i_hope_you_are_feeling_better 1581620293117 360 216 touchmove 91 25 0 0 0 are 0
i_hope_you_are_feeling_better 1581620293133 360 216 touchmove 89 26 0 0 0 are 0
i_hope_you_are_feeling_better 1581620293148 360 216 touchmove 89 26 0 0 0 are 0
i_hope_you_are_feeling_better 1581620293151 360 216 touchend 89 26 0 0 0 are 0
i_hope_you_are_feeling_better 1581620294226 360 216 touchstart 145 90 0 0 0 feeling 0
i_hope_you_are_feeling_better 1581620294309 360 216 touchmove 141 89 0 0 0 feeling 0
i_hope_you_are_feeling_better 1581620294324 360 216 touchmove 138 89 0 0 0 feeling 0
i_hope_you_are_feeling_better 1581620294341 360 216 touchmove 135 87 0 0 0 feeling 0
i_hope_you_are_feeling_better 1581620294358 360 216 touchmove 132 85 0 0 0 feeling 0
i_hope_you_are_feeling_better 1581620294376 360 216 touchmove 127 81 0 0 0 feeling 0
i_hope_you_are_feeling_better 1581620294392 360 216 touchmove 122 76 0 0 0 feeling 0
i_hope_you_are_feeling_better 1581620294410 360 216 touchmove 116 70 0 0 0 feeling 0
i_hope_you_are_feeling_better 1581620294426 360 216 touchmove 109 62 0 0 0 feeling 0
i_hope_you_are_feeling_better 1581620294443 360 216 touchmove 102 52 0 0 0 feeling 0
i_hope_you_are_feeling_better 1581620294459 360 216 touchmove 96 44 0 0 0 feeling 0
i_hope_you_are_feeling_better 1581620294475 360 216 touchmove 92 39 0 0 0 feeling 0
i_hope_you_are_feeling_better 1581620294492 360 216 touchmove 89 36 0 0 0 feeling 0
i_hope_you_are_feeling_better 1581620294508 360 216 touchmove 87 34 0 0 0 feeling 0
i_hope_you_are_feeling_better 1581620294527 360 216 touchmove 86 33 0 0 0 feeling 0
i_hope_you_are_feeling_better 1581620294543 360 216 touchmove 85 32 0 0 0 feeling 0
i_hope_you_are_feeling_better 1581620294560 360 216 touchmove 85 32 0 0 0 feeling 0
i_hope_you_are_feeling_better 1581620294851 360 216 touchmove 85 31 0 0 0 feeling 0
i_hope_you_are_feeling_better 1581620294861 360 216 touchmove 84 26 0 0 0 feeling 0
i_hope_you_are_feeling_better 1581620294878 360 216 touchmove 83 24 0 0 0 feeling 0
i_hope_you_are_feeling_better 1581620294897 360 216 touchmove 83 22 0 0 0 feeling 0
i_hope_you_are_feeling_better 1581620294912 360 216 touchmove 83 21 0 0 0 feeling 0
i_hope_you_are_feeling_better 1581620294929 360 216 touchmove 83 20 0 0 0 feeling 0
i_hope_you_are_feeling_better 1581620294945 360 216 touchmove 83 20 0 0 0 feeling 0
i_hope_you_are_feeling_better 1581620294962 360 216 touchmove 83 20 0 0 0 feeling 0
i_hope_you_are_feeling_better 1581620294979 360 216 touchmove 83 20 0 0 0 feeling 0
i_hope_you_are_feeling_better 1581620294997 360 216 touchmove 85 20 0 0 0 feeling 0
i_hope_you_are_feeling_better 1581620295013 360 216 touchmove 85 20 0 0 0 feeling 0
i_hope_you_are_feeling_better 1581620295031 360 216 touchmove 87 20 0 0 0 feeling 0
i_hope_you_are_feeling_better 1581620295048 360 216 touchmove 90 20 0 0 0 feeling 0
i_hope_you_are_feeling_better 1581620295063 360 216 touchmove 93 21 0 0 0 feeling 0
i_hope_you_are_feeling_better 1581620295081 360 216 touchmove 96 21 0 0 0 feeling 0
i_hope_you_are_feeling_better 1581620295097 360 216 touchmove 100 22 0 0 0 feeling 0
i_hope_you_are_feeling_better 1581620295113 360 216 touchmove 104 22 0 0 0 feeling 0
i_hope_you_are_feeling_better 1581620295131 360 216 touchmove 107 23 0 0 0 feeling 0
i_hope_you_are_feeling_better 1581620295147 360 216 touchmove 110 24 0 0 0 feeling 0
i_hope_you_are_feeling_better 1581620295165 360 216 touchmove 113 25 0 0 0 feeling 0
i_hope_you_are_feeling_better 1581620295182 360 216 touchmove 116 26 0 0 0 feeling 0
i_hope_you_are_feeling_better 1581620295197 360 216 touchmove 120 28 0 0 0 feeling 0
i_hope_you_are_feeling_better 1581620295214 360 216 touchmove 124 30 0 0 0 feeling 0
i_hope_you_are_feeling_better 1581620295231 360 216 touchmove 129 33 0 0 0 feeling 0
i_hope_you_are_feeling_better 1581620295247 360 216 touchmove 135 37 0 0 0 feeling 0
i_hope_you_are_feeling_better 1581620295265 360 216 touchmove 146 41 0 0 0 feeling 0
i_hope_you_are_feeling_better 1581620295282 360 216 touchmove 161 47 0 0 0 feeling 0
i_hope_you_are_feeling_better 1581620295298 360 216 touchmove 178 53 0 0 0 feeling 0
i_hope_you_are_feeling_better 1581620295316 360 216 touchmove 193 58 0 0 0 feeling 0
i_hope_you_are_feeling_better 1581620295333 360 216 touchmove 208 62 0 0 0 feeling 0
i_hope_you_are_feeling_better 1581620295350 360 216 touchmove 214 64 0 0 0 feeling 0
i_hope_you_are_feeling_better 1581620295366 360 216 touchmove 226 67 0 0 0 feeling 0
i_hope_you_are_feeling_better 1581620295383 360 216 touchmove 241 70 0 0 0 feeling 0
i_hope_you_are_feeling_better 1581620295401 360 216 touchmove 246 72 0 0 0 feeling 0
i_hope_you_are_feeling_better 1581620295417 360 216 touchmove 257 75 0 0 0 feeling 0
i_hope_you_are_feeling_better 1581620295432 360 216 touchmove 269 78 0 0 0 feeling 0
i_hope_you_are_feeling_better 1581620295449 360 216 touchmove 280 81 0 0 0 feeling 0
i_hope_you_are_feeling_better 1581620295466 360 216 touchmove 287 83 0 0 0 feeling 0
i_hope_you_are_feeling_better 1581620295483 360 216 touchmove 293 85 0 0 0 feeling 0
i_hope_you_are_feeling_better 1581620295500 360 216 touchmove 297 86 0 0 0 feeling 0
i_hope_you_are_feeling_better 1581620295517 360 216 touchmove 299 86 0 0 0 feeling 0
i_hope_you_are_feeling_better 1581620295533 360 216 touchmove 302 87 0 0 0 feeling 0
i_hope_you_are_feeling_better 1581620295550 360 216 touchmove 306 88 0 0 0 feeling 0
i_hope_you_are_feeling_better 1581620295566 360 216 touchmove 311 89 0 0 0 feeling 0
i_hope_you_are_feeling_better 1581620295583 360 216 touchmove 314 90 0 0 0 feeling 0
i_hope_you_are_feeling_better 1581620295599 360 216 touchmove 317 90 0 0 0 feeling 0
i_hope_you_are_feeling_better 1581620295617 360 216 touchmove 318 90 0 0 0 feeling 0
i_hope_you_are_feeling_better 1581620295633 360 216 touchmove 319 90 0 0 0 feeling 0
i_hope_you_are_feeling_better 1581620295650 360 216 touchmove 319 89 0 0 0 feeling 0
i_hope_you_are_feeling_better 1581620295669 360 216 touchmove 318 88 0 0 0 feeling 0
i_hope_you_are_feeling_better 1581620295683 360 216 touchmove 313 84 0 0 0 feeling 0
i_hope_you_are_feeling_better 1581620295702 360 216 touchmove 305 76 0 0 0 feeling 0
i_hope_you_are_feeling_better 1581620295719 360 216 touchmove 295 67 0 0 0 feeling 0
i_hope_you_are_feeling_better 1581620295735 360 216 touchmove 286 56 0 0 0 feeling 0
i_hope_you_are_feeling_better 1581620295751 360 216 touchmove 282 50 0 0 0 feeling 0
i_hope_you_are_feeling_better 1581620295770 360 216 touchmove 271 37 0 0 0 feeling 0
i_hope_you_are_feeling_better 1581620295786 360 216 touchmove 268 34 0 0 0 feeling 0
i_hope_you_are_feeling_better 1581620295802 360 216 touchmove 262 28 0 0 0 feeling 0
i_hope_you_are_feeling_better 1581620295819 360 216 touchmove 259 24 0 0 0 feeling 0
i_hope_you_are_feeling_better 1581620295836 360 216 touchmove 257 21 0 0 0 feeling 0
i_hope_you_are_feeling_better 1581620295852 360 216 touchmove 256 20 0 0 0 feeling 0
i_hope_you_are_feeling_better 1581620295870 360 216 touchmove 256 20 0 0 0 feeling 0
i_hope_you_are_feeling_better 1581620295919 360 216 touchmove 256 20 0 0 0 feeling 0
i_hope_you_are_feeling_better 1581620295940 360 216 touchmove 257 20 0 0 0 feeling 0
i_hope_you_are_feeling_better 1581620295965 360 216 touchmove 257 20 0 0 0 feeling 0
i_hope_you_are_feeling_better 1581620295992 360 216 touchmove 257 20 0 0 0 feeling 0
i_hope_you_are_feeling_better 1581620296004 360 216 touchmove 257 21 0 0 0 feeling 0
i_hope_you_are_feeling_better 1581620296020 360 216 touchmove 258 21 0 0 0 feeling 0
i_hope_you_are_feeling_better 1581620296037 360 216 touchmove 258 21 0 0 0 feeling 0
i_hope_you_are_feeling_better 1581620296053 360 216 touchmove 258 21 0 0 0 feeling 0
i_hope_you_are_feeling_better 1581620296089 360 216 touchmove 258 21 0 0 0 feeling 0
i_hope_you_are_feeling_better 1581620296138 360 216 touchmove 258 22 0 0 0 feeling 0
i_hope_you_are_feeling_better 1581620296172 360 216 touchmove 258 22 0 0 0 feeling 0
i_hope_you_are_feeling_better 1581620296188 360 216 touchmove 258 22 0 0 0 feeling 0
i_hope_you_are_feeling_better 1581620296205 360 216 touchmove 258 23 0 0 0 feeling 0
i_hope_you_are_feeling_better 1581620296222 360 216 touchmove 258 23 0 0 0 feeling 0
i_hope_you_are_feeling_better 1581620296240 360 216 touchmove 258 25 0 0 0 feeling 0
i_hope_you_are_feeling_better 1581620296257 360 216 touchmove 257 29 0 0 0 feeling 0
i_hope_you_are_feeling_better 1581620296272 360 216 touchmove 255 36 0 0 0 feeling 0
i_hope_you_are_feeling_better 1581620296290 360 216 touchmove 253 49 0 0 0 feeling 0
i_hope_you_are_feeling_better 1581620296305 360 216 touchmove 251 60 0 0 0 feeling 0
i_hope_you_are_feeling_better 1581620296324 360 216 touchmove 250 71 0 0 0 feeling 0
i_hope_you_are_feeling_better 1581620296339 360 216 touchmove 250 81 0 0 0 feeling 0
i_hope_you_are_feeling_better 1581620296360 360 216 touchmove 249 90 0 0 0 feeling 0
i_hope_you_are_feeling_better 1581620296372 360 216 touchmove 247 102 0 0 0 feeling 0
i_hope_you_are_feeling_better 1581620296389 360 216 touchmove 245 112 0 0 0 feeling 0
i_hope_you_are_feeling_better 1581620296408 360 216 touchmove 244 120 0 0 0 feeling 0
i_hope_you_are_feeling_better 1581620296423 360 216 touchmove 244 127 0 0 0 feeling 0
i_hope_you_are_feeling_better 1581620296441 360 216 touchmove 243 133 0 0 0 feeling 0
i_hope_you_are_feeling_better 1581620296457 360 216 touchmove 243 137 0 0 0 feeling 0
i_hope_you_are_feeling_better 1581620296475 360 216 touchmove 243 142 0 0 0 feeling 0
i_hope_you_are_feeling_better 1581620296492 360 216 touchmove 243 148 0 0 0 feeling 0
i_hope_you_are_feeling_better 1581620296507 360 216 touchmove 243 148 0 0 0 feeling 0
i_hope_you_are_feeling_better 1581620296526 360 216 touchmove 243 149 0 0 0 feeling 0
i_hope_you_are_feeling_better 1581620296542 360 216 touchmove 243 150 0 0 0 feeling 0
i_hope_you_are_feeling_better 1581620296559 360 216 touchmove 243 151 0 0 0 feeling 0
i_hope_you_are_feeling_better 1581620296574 360 216 touchmove 242 151 0 0 0 feeling 0
i_hope_you_are_feeling_better 1581620296591 360 216 touchmove 242 151 0 0 0 feeling 0
i_hope_you_are_feeling_better 1581620296608 360 216 touchmove 242 151 0 0 0 feeling 0
i_hope_you_are_feeling_better 1581620296625 360 216 touchmove 241 151 0 0 0 feeling 0
i_hope_you_are_feeling_better 1581620296641 360 216 touchmove 238 150 0 0 0 feeling 0
i_hope_you_are_feeling_better 1581620296660 360 216 touchmove 234 148 0 0 0 feeling 0
i_hope_you_are_feeling_better 1581620296675 360 216 touchmove 228 145 0 0 0 feeling 0
i_hope_you_are_feeling_better 1581620296691 360 216 touchmove 221 141 0 0 0 feeling 0
i_hope_you_are_feeling_better 1581620296708 360 216 touchmove 213 136 0 0 0 feeling 0
i_hope_you_are_feeling_better 1581620296725 360 216 touchmove 204 131 0 0 0 feeling 0
i_hope_you_are_feeling_better 1581620296743 360 216 touchmove 200 128 0 0 0 feeling 0
i_hope_you_are_feeling_better 1581620296759 360 216 touchmove 193 122 0 0 0 feeling 0
i_hope_you_are_feeling_better 1581620296775 360 216 touchmove 187 117 0 0 0 feeling 0
i_hope_you_are_feeling_better 1581620296792 360 216 touchmove 179 111 0 0 0 feeling 0
i_hope_you_are_feeling_better 1581620296811 360 216 touchmove 171 105 0 0 0 feeling 0
i_hope_you_are_feeling_better 1581620296826 360 216 touchmove 164 100 0 0 0 feeling 0
i_hope_you_are_feeling_better 1581620296846 360 216 touchmove 158 96 0 0 0 feeling 0
i_hope_you_are_feeling_better 1581620296860 360 216 touchmove 154 94 0 0 0 feeling 0
i_hope_you_are_feeling_better 1581620296876 360 216 touchmove 151 92 0 0 0 feeling 0
i_hope_you_are_feeling_better 1581620296893 360 216 touchmove 150 92 0 0 0 feeling 0
i_hope_you_are_feeling_better 1581620296910 360 216 touchmove 149 91 0 0 0 feeling 0
i_hope_you_are_feeling_better 1581620296927 360 216 touchmove 147 91 0 0 0 feeling 0
i_hope_you_are_feeling_better 1581620296943 360 216 touchmove 145 90 0 0 0 feeling 0
i_hope_you_are_feeling_better 1581620296960 360 216 touchmove 143 90 0 0 0 feeling 0
i_hope_you_are_feeling_better 1581620296977 360 216 touchmove 142 90 0 0 0 feeling 0
i_hope_you_are_feeling_better 1581620296994 360 216 touchmove 142 89 0 0 0 feeling 0
i_hope_you_are_feeling_better 1581620297010 360 216 touchmove 144 86 0 0 0 feeling 0
i_hope_you_are_feeling_better 1581620297029 360 216 touchmove 153 82 0 0 0 feeling 0
i_hope_you_are_feeling_better 1581620297044 360 216 touchmove 158 80 0 0 0 feeling 0
i_hope_you_are_feeling_better 1581620297060 360 216 touchmove 160 79 0 0 0 feeling 0
i_hope_you_are_feeling_better 1581620297077 360 216 touchmove 160 78 0 0 0 feeling 0
i_hope_you_are_feeling_better 1581620297179 360 216 touchmove 161 78 0 0 0 feeling 0
i_hope_you_are_feeling_better 1581620297197 360 216 touchmove 161 78 0 0 0 feeling 0
i_hope_you_are_feeling_better 1581620297212 360 216 touchmove 161 79 0 0 0 feeling 0
i_hope_you_are_feeling_better 1581620297230 360 216 touchmove 162 79 0 0 0 feeling 0
i_hope_you_are_feeling_better 1581620297247 360 216 touchmove 164 80 0 0 0 feeling 0
i_hope_you_are_feeling_better 1581620297263 360 216 touchmove 166 80 0 0 0 feeling 0
i_hope_you_are_feeling_better 1581620297279 360 216 touchmove 169 81 0 0 0 feeling 0
i_hope_you_are_feeling_better 1581620297297 360 216 touchmove 171 82 0 0 0 feeling 0
i_hope_you_are_feeling_better 1581620297314 360 216 touchmove 174 83 0 0 0 feeling 0
i_hope_you_are_feeling_better 1581620297331 360 216 touchmove 176 83 0 0 0 feeling 0
i_hope_you_are_feeling_better 1581620297347 360 216 touchmove 178 84 0 0 0 feeling 0
i_hope_you_are_feeling_better 1581620297362 360 216 touchmove 179 84 0 0 0 feeling 0
i_hope_you_are_feeling_better 1581620297380 360 216 touchmove 179 84 0 0 0 feeling 0
i_hope_you_are_feeling_better 1581620297398 360 216 touchmove 179 85 0 0 0 feeling 0
i_hope_you_are_feeling_better 1581620297415 360 216 touchmove 180 85 0 0 0 feeling 0
i_hope_you_are_feeling_better 1581620297431 360 216 touchmove 180 85 0 0 0 feeling 0
i_hope_you_are_feeling_better 1581620297447 360 216 touchmove 181 85 0 0 0 feeling 0
i_hope_you_are_feeling_better 1581620297461 360 216 touchmove 182 85 0 0 0 feeling 0
i_hope_you_are_feeling_better 1581620297466 360 216 touchend 182 85 0 0 0 feeling 0
i_hope_you_are_feeling_better 1581620298748 360 216 touchstart 207 133 0 0 0 better 0
i_hope_you_are_feeling_better 1581620298857 360 216 touchmove 199 129 0 0 0 better 0
i_hope_you_are_feeling_better 1581620298875 360 216 touchmove 193 123 0 0 0 better 0
i_hope_you_are_feeling_better 1581620298892 360 216 touchmove 184 114 0 0 0 better 0
i_hope_you_are_feeling_better 1581620298908 360 216 touchmove 174 103 0 0 0 better 0
i_hope_you_are_feeling_better 1581620298925 360 216 touchmove 168 97 0 0 0 better 0
i_hope_you_are_feeling_better 1581620298941 360 216 touchmove 155 83 0 0 0 better 0
i_hope_you_are_feeling_better 1581620298958 360 216 touchmove 141 68 0 0 0 better 0
i_hope_you_are_feeling_better 1581620298975 360 216 touchmove 129 56 0 0 0 better 0
i_hope_you_are_feeling_better 1581620298994 360 216 touchmove 116 45 0 0 0 better 0
i_hope_you_are_feeling_better 1581620299009 360 216 touchmove 113 43 0 0 0 better 0
i_hope_you_are_feeling_better 1581620299026 360 216 touchmove 109 40 0 0 0 better 0
i_hope_you_are_feeling_better 1581620299042 360 216 touchmove 106 38 0 0 0 better 0
i_hope_you_are_feeling_better 1581620299060 360 216 touchmove 105 38 0 0 0 better 0
i_hope_you_are_feeling_better 1581620299076 360 216 touchmove 104 38 0 0 0 better 0
i_hope_you_are_feeling_better 1581620299092 360 216 touchmove 101 38 0 0 0 better 0
i_hope_you_are_feeling_better 1581620299112 360 216 touchmove 98 38 0 0 0 better 0
i_hope_you_are_feeling_better 1581620299126 360 216 touchmove 95 38 0 0 0 better 0
i_hope_you_are_feeling_better 1581620299143 360 216 touchmove 92 38 0 0 0 better 0
i_hope_you_are_feeling_better 1581620299159 360 216 touchmove 89 38 0 0 0 better 0
i_hope_you_are_feeling_better 1581620299178 360 216 touchmove 87 38 0 0 0 better 0
i_hope_you_are_feeling_better 1581620299193 360 216 touchmove 85 38 0 0 0 better 0
i_hope_you_are_feeling_better 1581620299211 360 216 touchmove 83 38 0 0 0 better 0
i_hope_you_are_feeling_better 1581620299227 360 216 touchmove 82 37 0 0 0 better 0
i_hope_you_are_feeling_better 1581620299245 360 216 touchmove 82 37 0 0 0 better 0
i_hope_you_are_feeling_better 1581620299263 360 216 touchmove 82 36 0 0 0 better 0
i_hope_you_are_feeling_better 1581620299279 360 216 touchmove 83 36 0 0 0 better 0
i_hope_you_are_feeling_better 1581620299293 360 216 touchmove 84 35 0 0 0 better 0
i_hope_you_are_feeling_better 1581620299311 360 216 touchmove 90 33 0 0 0 better 0
i_hope_you_are_feeling_better 1581620299328 360 216 touchmove 98 31 0 0 0 better 0
i_hope_you_are_feeling_better 1581620299351 360 216 touchmove 109 29 0 0 0 better 0
i_hope_you_are_feeling_better 1581620299363 360 216 touchmove 122 27 0 0 0 better 0
i_hope_you_are_feeling_better 1581620299377 360 216 touchmove 134 26 0 0 0 better 0
i_hope_you_are_feeling_better 1581620299396 360 216 touchmove 145 26 0 0 0 better 0
i_hope_you_are_feeling_better 1581620299411 360 216 touchmove 154 26 0 0 0 better 0
i_hope_you_are_feeling_better 1581620299428 360 216 touchmove 159 27 0 0 0 better 0
i_hope_you_are_feeling_better 1581620299446 360 216 touchmove 162 27 0 0 0 better 0
i_hope_you_are_feeling_better 1581620299463 360 216 touchmove 163 28 0 0 0 better 0
i_hope_you_are_feeling_better 1581620299479 360 216 touchmove 164 28 0 0 0 better 0
i_hope_you_are_feeling_better 1581620299495 360 216 touchmove 164 28 0 0 0 better 0
i_hope_you_are_feeling_better 1581620299513 360 216 touchmove 163 28 0 0 0 better 0
i_hope_you_are_feeling_better 1581620299536 360 216 touchmove 163 28 0 0 0 better 0
i_hope_you_are_feeling_better 1581620299553 360 216 touchmove 163 29 0 0 0 better 0
i_hope_you_are_feeling_better 1581620299565 360 216 touchmove 162 29 0 0 0 better 0
i_hope_you_are_feeling_better 1581620299579 360 216 touchmove 162 29 0 0 0 better 0
i_hope_you_are_feeling_better 1581620299597 360 216 touchmove 161 29 0 0 0 better 0
i_hope_you_are_feeling_better 1581620299613 360 216 touchmove 159 29 0 0 0 better 0
i_hope_you_are_feeling_better 1581620299629 360 216 touchmove 158 29 0 0 0 better 0
i_hope_you_are_feeling_better 1581620299647 360 216 touchmove 157 30 0 0 0 better 0
i_hope_you_are_feeling_better 1581620299663 360 216 touchmove 156 30 0 0 0 better 0
i_hope_you_are_feeling_better 1581620299680 360 216 touchmove 155 30 0 0 0 better 0
i_hope_you_are_feeling_better 1581620299698 360 216 touchmove 155 30 0 0 0 better 0
i_hope_you_are_feeling_better 1581620299715 360 216 touchmove 154 30 0 0 0 better 0
i_hope_you_are_feeling_better 1581620299730 360 216 touchmove 154 30 0 0 0 better 0
i_hope_you_are_feeling_better 1581620299814 360 216 touchmove 154 30 0 0 0 better 0
i_hope_you_are_feeling_better 1581620299832 360 216 touchmove 155 30 0 0 0 better 0
i_hope_you_are_feeling_better 1581620299848 360 216 touchmove 156 29 0 0 0 better 0
i_hope_you_are_feeling_better 1581620299865 360 216 touchmove 156 29 0 0 0 better 0
i_hope_you_are_feeling_better 1581620299882 360 216 touchmove 157 29 0 0 0 better 0
i_hope_you_are_feeling_better 1581620299900 360 216 touchmove 158 29 0 0 0 better 0
i_hope_you_are_feeling_better 1581620299916 360 216 touchmove 159 29 0 0 0 better 0
i_hope_you_are_feeling_better 1581620299932 360 216 touchmove 160 29 0 0 0 better 0
i_hope_you_are_feeling_better 1581620299950 360 216 touchmove 160 29 0 0 0 better 0
i_hope_you_are_feeling_better 1581620299966 360 216 touchmove 160 29 0 0 0 better 0
i_hope_you_are_feeling_better 1581620299985 360 216 touchmove 161 29 0 0 0 better 0
i_hope_you_are_feeling_better 1581620300001 360 216 touchmove 161 29 0 0 0 better 0
i_hope_you_are_feeling_better 1581620300018 360 216 touchmove 160 29 0 0 0 better 0
i_hope_you_are_feeling_better 1581620300034 360 216 touchmove 160 30 0 0 0 better 0
i_hope_you_are_feeling_better 1581620300050 360 216 touchmove 159 30 0 0 0 better 0
i_hope_you_are_feeling_better 1581620300068 360 216 touchmove 156 30 0 0 0 better 0
i_hope_you_are_feeling_better 1581620300084 360 216 touchmove 152 30 0 0 0 better 0
i_hope_you_are_feeling_better 1581620300101 360 216 touchmove 146 30 0 0 0 better 0
i_hope_you_are_feeling_better 1581620300119 360 216 touchmove 141 31 0 0 0 better 0
i_hope_you_are_feeling_better 1581620300134 360 216 touchmove 135 31 0 0 0 better 0
i_hope_you_are_feeling_better 1581620300151 360 216 touchmove 127 32 0 0 0 better 0
i_hope_you_are_feeling_better 1581620300168 360 216 touchmove 120 33 0 0 0 better 0
i_hope_you_are_feeling_better 1581620300186 360 216 touchmove 113 34 0 0 0 better 0
i_hope_you_are_feeling_better 1581620300201 360 216 touchmove 107 34 0 0 0 better 0
i_hope_you_are_feeling_better 1581620300217 360 216 touchmove 102 35 0 0 0 better 0
i_hope_you_are_feeling_better 1581620300234 360 216 touchmove 99 36 0 0 0 better 0
i_hope_you_are_feeling_better 1581620300252 360 216 touchmove 95 37 0 0 0 better 0
i_hope_you_are_feeling_better 1581620300268 360 216 touchmove 91 38 0 0 0 better 0
i_hope_you_are_feeling_better 1581620300286 360 216 touchmove 88 39 0 0 0 better 0
i_hope_you_are_feeling_better 1581620300302 360 216 touchmove 87 39 0 0 0 better 0
i_hope_you_are_feeling_better 1581620300318 360 216 touchmove 86 40 0 0 0 better 0
i_hope_you_are_feeling_better 1581620300335 360 216 touchmove 85 40 0 0 0 better 0
i_hope_you_are_feeling_better 1581620300385 360 216 touchmove 86 39 0 0 0 better 0
i_hope_you_are_feeling_better 1581620300402 360 216 touchmove 86 39 0 0 0 better 0
i_hope_you_are_feeling_better 1581620300418 360 216 touchmove 86 39 0 0 0 better 0
i_hope_you_are_feeling_better 1581620300435 360 216 touchmove 88 38 0 0 0 better 0
i_hope_you_are_feeling_better 1581620300452 360 216 touchmove 90 37 0 0 0 better 0
i_hope_you_are_feeling_better 1581620300469 360 216 touchmove 93 35 0 0 0 better 0
i_hope_you_are_feeling_better 1581620300487 360 216 touchmove 96 34 0 0 0 better 0
i_hope_you_are_feeling_better 1581620300502 360 216 touchmove 100 32 0 0 0 better 0
i_hope_you_are_feeling_better 1581620300519 360 216 touchmove 104 31 0 0 0 better 0
i_hope_you_are_feeling_better 1581620300536 360 216 touchmove 108 30 0 0 0 better 0
i_hope_you_are_feeling_better 1581620300553 360 216 touchmove 112 30 0 0 0 better 0
i_hope_you_are_feeling_better 1581620300569 360 216 touchmove 117 29 0 0 0 better 0
i_hope_you_are_feeling_better 1581620300586 360 216 touchmove 120 29 0 0 0 better 0
i_hope_you_are_feeling_better 1581620300603 360 216 touchmove 124 29 0 0 0 better 0
i_hope_you_are_feeling_better 1581620300621 360 216 touchmove 125 29 0 0 0 better 0
i_hope_you_are_feeling_better 1581620300638 360 216 touchmove 128 29 0 0 0 better 0
i_hope_you_are_feeling_better 1581620300657 360 216 touchmove 129 29 0 0 0 better 0
i_hope_you_are_feeling_better 1581620300672 360 216 touchmove 130 29 0 0 0 better 0
i_hope_you_are_feeling_better 1581620300688 360 216 touchmove 130 29 0 0 0 better 0
i_hope_you_are_feeling_better 1581620300748 360 216 touchmove 131 29 0 0 0 better 0
i_hope_you_are_feeling_better 1581620300749 360 216 touchend 131 29 0 0 0 better 0
what_do_you_hear 1581620307032 360 216 touchstart 52 22 0 0 0 what 0
what_do_you_hear 1581620307153 360 216 touchmove 61 28 0 0 0 what 0
what_do_you_hear 1581620307169 360 216 touchmove 70 34 0 0 0 what 0
what_do_you_hear 1581620307186 360 216 touchmove 82 41 0 0 0 what 0
what_do_you_hear 1581620307204 360 216 touchmove 99 50 0 0 0 what 0
what_do_you_hear 1581620307221 360 216 touchmove 118 59 0 0 0 what 0
what_do_you_hear 1581620307237 360 216 touchmove 138 67 0 0 0 what 0
what_do_you_hear 1581620307254 360 216 touchmove 160 74 0 0 0 what 0
what_do_you_hear 1581620307270 360 216 touchmove 181 82 0 0 0 what 0
what_do_you_hear 1581620307288 360 216 touchmove 198 87 0 0 0 what 0
what_do_you_hear 1581620307303 360 216 touchmove 207 91 0 0 0 what 0
what_do_you_hear 1581620307320 360 216 touchmove 211 93 0 0 0 what 0
what_do_you_hear 1581620307338 360 216 touchmove 213 94 0 0 0 what 0
what_do_you_hear 1581620307355 360 216 touchmove 213 94 0 0 0 what 0
what_do_you_hear 1581620307387 360 216 touchmove 213 94 0 0 0 what 0
what_do_you_hear 1581620307406 360 216 touchmove 213 95 0 0 0 what 0
what_do_you_hear 1581620307422 360 216 touchmove 214 95 0 0 0 what 0
what_do_you_hear 1581620307438 360 216 touchmove 214 95 0 0 0 what 0
what_do_you_hear 1581620307463 360 216 touchmove 214 95 0 0 0 what 0
what_do_you_hear 1581620307505 360 216 touchmove 214 95 0 0 0 what 0
what_do_you_hear 1581620307523 360 216 touchmove 215 95 0 0 0 what 0
what_do_you_hear 1581620307539 360 216 touchmove 215 95 0 0 0 what 0
what_do_you_hear 1581620307558 360 216 touchmove 215 95 0 0 0 what 0
what_do_you_hear 1581620307583 360 216 touchmove 215 95 0 0 0 what 0
what_do_you_hear 1581620307607 360 216 touchmove 212 95 0 0 0 what 0
what_do_you_hear 1581620307624 360 216 touchmove 203 96 0 0 0 what 0
what_do_you_hear 1581620307641 360 216 touchmove 188 97 0 0 0 what 0
what_do_you_hear 1581620307657 360 216 touchmove 171 97 0 0 0 what 0
what_do_you_hear 1581620307674 360 216 touchmove 152 97 0 0 0 what 0
what_do_you_hear 1581620307690 360 216 touchmove 126 94 0 0 0 what 0
what_do_you_hear 1581620307708 360 216 touchmove 99 91 0 0 0 what 0
what_do_you_hear 1581620307723 360 216 touchmove 78 89 0 0 0 what 0
what_do_you_hear 1581620307741 360 216 touchmove 63 88 0 0 0 what 0
what_do_you_hear 1581620307757 360 216 touchmove 53 87 0 0 0 what 0
what_do_you_hear 1581620307773 360 216 touchmove 46 87 0 0 0 what 0
what_do_you_hear 1581620307791 360 216 touchmove 44 87 0 0 0 what 0
what_do_you_hear 1581620307807 360 216 touchmove 42 88 0 0 0 what 0
what_do_you_hear 1581620307826 360 216 touchmove 39 88 0 0 0 what 0
what_do_you_hear 1581620307842 360 216 touchmove 38 88 0 0 0 what 0
what_do_you_hear 1581620307858 360 216 touchmove 37 89 0 0 0 what 0
what_do_you_hear 1581620307875 360 216 touchmove 35 89 0 0 0 what 0
what_do_you_hear 1581620307892 360 216 touchmove 35 89 0 0 0 what 0
what_do_you_hear 1581620307908 360 216 touchmove 35 89 0 0 0 what 0
what_do_you_hear 1581620307925 360 216 touchmove 34 89 0 0 0 what 0
what_do_you_hear 1581620307942 360 216 touchmove 35 87 0 0 0 what 0
what_do_you_hear 1581620307959 360 216 touchmove 40 80 0 0 0 what 0
what_do_you_hear 1581620307975 360 216 touchmove 49 71 0 0 0 what 0
what_do_you_hear 1581620307992 360 216 touchmove 60 64 0 0 0 what 0
what_do_you_hear 1581620308010 360 216 touchmove 72 58 0 0 0 what 0
what_do_you_hear 1581620308027 360 216 touchmove 83 52 0 0 0 what 0
what_do_you_hear 1581620308042 360 216 touchmove 96 47 0 0 0 what 0
what_do_you_hear 1581620308059 360 216 touchmove 109 41 0 0 0 what 0
what_do_you_hear 1581620308076 360 216 touchmove 119 36 0 0 0 what 0
what_do_you_hear 1581620308092 360 216 touchmove 126 32 0 0 0 what 0
what_do_you_hear 1581620308109 360 216 touchmove 131 30 0 0 0 what 0
what_do_you_hear 1581620308127 360 216 touchmove 136 27 0 0 0 what 0
what_do_you_hear 1581620308143 360 216 touchmove 140 25 0 0 0 what 0
what_do_you_hear 1581620308161 360 216 touchmove 141 25 0 0 0 what 0
what_do_you_hear 1581620308178 360 216 touchmove 144 24 0 0 0 what 0
what_do_you_hear 1581620308194 360 216 touchmove 148 23 0 0 0 what 0
what_do_you_hear 1581620308211 360 216 touchmove 152 21 0 0 0 what 0
what_do_you_hear 1581620308228 360 216 touchmove 155 20 0 0 0 what 0
what_do_you_hear 1581620308244 360 216 touchmove 158 19 0 0 0 what 0
what_do_you_hear 1581620308260 360 216 touchmove 160 19 0 0 0 what 0
what_do_you_hear 1581620308278 360 216 touchmove 161 18 0 0 0 what 0
what_do_you_hear 1581620308294 360 216 touchmove 163 18 0 0 0 what 0
what_do_you_hear 1581620308312 360 216 touchmove 164 18 0 0 0 what 0
what_do_you_hear 1581620308327 360 216 touchmove 165 18 0 0 0 what 0
what_do_you_hear 1581620308348 360 216 touchmove 165 18 0 0 0 what 0
what_do_you_hear 1581620308363 360 216 touchmove 165 19 0 0 0 what 0
what_do_you_hear 1581620308374 360 216 touchmove 164 21 0 0 0 what 0
what_do_you_hear 1581620308378 360 216 touchend 164 21 0 0 0 what 0
what_do_you_hear 1581620309395 360 216 touchstart 96 89 0 0 0 do 0
what_do_you_hear 1581620309469 360 216 touchmove 101 89 0 0 0 do 0
what_do_you_hear 1581620309486 360 216 touchmove 110 88 0 0 0 do 0
what_do_you_hear 1581620309507 360 216 touchmove 125 85 0 0 0 do 0
what_do_you_hear 1581620309522 360 216 touchmove 144 80 0 0 0 do 0
what_do_you_hear 1581620309538 360 216 touchmove 153 77 0 0 0 do 0
what_do_you_hear 1581620309555 360 216 touchmove 172 71 0 0 0 do 0
what_do_you_hear 1581620309570 360 216 touchmove 196 64 0 0 0 do 0
what_do_you_hear 1581620309588 360 216 touchmove 227 57 0 0 0 do 0
what_do_you_hear 1581620309604 360 216 touchmove 257 51 0 0 0 do 0
what_do_you_hear 1581620309624 360 216 touchmove 274 44 0 0 0 do 0
what_do_you_hear 1581620309638 360 216 touchmove 280 38 0 0 0 do 0
what_do_you_hear 1581620309654 360 216 touchmove 284 34 0 0 0 do 0
what_do_you_hear 1581620309671 360 216 touchmove 286 32 0 0 0 do 0
what_do_you_hear 1581620309687 360 216 touchmove 286 32 0 0 0 do 0
what_do_you_hear 1581620309707 360 216 touchmove 287 32 0 0 0 do 0
what_do_you_hear 1581620309732 360 216 touchmove 287 32 0 0 0 do 0
what_do_you_hear 1581620309758 360 216 touchmove 287 32 0 0 0 do 0
what_do_you_hear 1581620309776 360 216 touchmove 288 32 0 0 0 do 0
what_do_you_hear 1581620309790 360 216 touchmove 288 32 0 0 0 do 0
what_do_you_hear 1581620309805 360 216 touchmove 288 32 0 0 0 do 0
what_do_you_hear 1581620309822 360 216 touchmove 289 31 0 0 0 do 0
what_do_you_hear 1581620309840 360 216 touchmove 290 30 0 0 0 do 0
what_do_you_hear 1581620309859 360 216 touchmove 291 30 0 0 0 do 0
what_do_you_hear 1581620309873 360 216 touchmove 292 29 0 0 0 do 0
what_do_you_hear 1581620309890 360 216 touchmove 293 28 0 0 0 do 0
what_do_you_hear 1581620309907 360 216 touchmove 294 28 0 0 0 do 0
what_do_you_hear 1581620309923 360 216 touchmove 295 27 0 0 0 do 0
what_do_you_hear 1581620309941 360 216 touchmove 296 27 0 0 0 do 0
what_do_you_hear 1581620309957 360 216 touchmove 296 27 0 0 0 do 0
what_do_you_hear 1581620309959 360 216 touchend 296 27 0 0 0 do 0
what_do_you_hear 1581620310408 360 216 touchstart 183 27 0 0 0 you 0
what_do_you_hear 1581620310493 360 216 touchmove 189 27 0 0 0 you 0
what_do_you_hear 1581620310511 360 216 touchmove 198 28 0 0 0 you 0
what_do_you_hear 1581620310527 360 216 touchmove 213 28 0 0 0 you 0
what_do_you_hear 1581620310544 360 216 touchmove 230 28 0 0 0 you 0
what_do_you_hear 1581620310562 360 216 touchmove 245 29 0 0 0 you 0
what_do_you_hear 1581620310578 360 216 touchmove 251 29 0 0 0 you 0
what_do_you_hear 1581620310596 360 216 touchmove 262 29 0 0 0 you 0
what_do_you_hear 1581620310611 360 216 touchmove 272 29 0 0 0 you 0
what_do_you_hear 1581620310629 360 216 touchmove 278 29 0 0 0 you 0
what_do_you_hear 1581620310646 360 216 touchmove 283 29 0 0 0 you 0
what_do_you_hear 1581620310663 360 216 touchmove 288 30 0 0 0 you 0
what_do_you_hear 1581620310679 360 216 touchmove 293 30 0 0 0 you 0
what_do_you_hear 1581620310697 360 216 touchmove 296 31 0 0 0 you 0
what_do_you_hear 1581620310713 360 216 touchmove 298 31 0 0 0 you 0
what_do_you_hear 1581620310729 360 216 touchmove 300 31 0 0 0 you 0
what_do_you_hear 1581620310746 360 216 touchmove 301 31 0 0 0 you 0
what_do_you_hear 1581620310763 360 216 touchmove 301 31 0 0 0 you 0
what_do_you_hear 1581620310780 360 216 touchmove 301 31 0 0 0 you 0
what_do_you_hear 1581620310896 360 216 touchmove 298 30 0 0 0 you 0
what_do_you_hear 1581620310916 360 216 touchmove 292 30 0 0 0 you 0
what_do_you_hear 1581620310931 360 216 touchmove 288 30 0 0 0 you 0
what_do_you_hear 1581620310948 360 216 touchmove 277 30 0 0 0 you 0
what_do_you_hear 1581620310966 360 216 touchmove 264 30 0 0 0 you 0
what_do_you_hear 1581620310982 360 216 touchmove 252 30 0 0 0 you 0
what_do_you_hear 1581620310999 360 216 touchmove 242 31 0 0 0 you 0
what_do_you_hear 1581620311016 360 216 touchmove 233 31 0 0 0 you 0
what_do_you_hear 1581620311031 360 216 touchmove 227 30 0 0 0 you 0
what_do_you_hear 1581620311049 360 216 touchmove 223 30 0 0 0 you 0
what_do_you_hear 1581620311065 360 216 touchmove 221 29 0 0 0 you 0
what_do_you_hear 1581620311081 360 216 touchmove 220 29 0 0 0 you 0
what_do_you_hear 1581620311100 360 216 touchmove 220 29 0 0 0 you 0
what_do_you_hear 1581620311128 360 216 touchmove 220 29 0 0 0 you 0
what_do_you_hear 1581620311151 360 216 touchmove 222 28 0 0 0 you 0
what_do_you_hear 1581620311165 360 216 touchmove 227 28 0 0 0 you 0
what_do_you_hear 1581620311172 360 216 touchend 227 28 0 0 0 you 0
what_do_you_hear 1581620312150 360 216 touchstart 217 89 0 0 0 hear 0
what_do_you_hear 1581620312256 360 216 touchmove 212 87 0 0 0 hear 0
what_do_you_hear 1581620312274 360 216 touchmove 206 84 0 0 0 hear 0
what_do_you_hear 1581620312291 360 216 touchmove 196 80 0 0 0 hear 0
what_do_you_hear 1581620312308 360 216 touchmove 183 75 0 0 0 hear 0
what_do_you_hear 1581620312324 360 216 touchmove 165 70 0 0 0 hear 0
what_do_you_hear 1581620312342 360 216 touchmove 147 66 0 0 0 hear 0
what_do_you_hear 1581620312357 360 216 touchmove 129 63 0 0 0 hear 0
what_do_you_hear 1581620312378 360 216 touchmove 114 60 0 0 0 hear 0
what_do_you_hear 1581620312391 360 216 touchmove 104 56 0 0 0 hear 0
what_do_you_hear 1581620312408 360 216 touchmove 98 54 0 0 0 hear 0
what_do_you_hear 1581620312428 360 216 touchmove 94 51 0 0 0 hear 0
what_do_you_hear 1581620312441 360 216 touchmove 91 49 0 0 0 hear 0
what_do_you_hear 1581620312458 360 216 touchmove 90 47 0 0 0 hear 0
what_do_you_hear 1581620312476 360 216 touchmove 89 46 0 0 0 hear 0
what_do_you_hear 1581620312492 360 216 touchmove 87 44 0 0 0 hear 0
what_do_you_hear 1581620312509 360 216 touchmove 86 42 0 0 0 hear 0
what_do_you_hear 1581620312525 360 216 touchmove 84 40 0 0 0 hear 0
what_do_you_hear 1581620312542 360 216 touchmove 83 39 0 0 0 hear 0
what_do_you_hear 1581620312559 360 216 touchmove 82 38 0 0 0 hear 0
what_do_you_hear 1581620312576 360 216 touchmove 81 37 0 0 0 hear 0
what_do_you_hear 1581620312593 360 216 touchmove 80 36 0 0 0 hear 0
what_do_you_hear 1581620312609 360 216 touchmove 79 36 0 0 0 hear 0
what_do_you_hear 1581620312627 360 216 touchmove 79 36 0 0 0 hear 0
what_do_you_hear 1581620312643 360 216 touchmove 78 37 0 0 0 hear 0
what_do_you_hear 1581620312660 360 216 touchmove 74 40 0 0 0 hear 0
what_do_you_hear 1581620312677 360 216 touchmove 69 44 0 0 0 hear 0
what_do_you_hear 1581620312694 360 216 touchmove 64 51 0 0 0 hear 0
what_do_you_hear 1581620312711 360 216 touchmove 59 58 0 0 0 hear 0
what_do_you_hear 1581620312762 360 216 touchmove 54 64 0 0 0 hear 0
what_do_you_hear 1581620312778 360 216 touchmove 42 80 0 0 0 hear 0
what_do_you_hear 1581620312794 360 216 touchmove 40 82 0 0 0 hear 0
what_do_you_hear 1581620312811 360 216 touchmove 40 83 0 0 0 hear 0
what_do_you_hear 1581620312827 360 216 touchmove 40 84 0 0 0 hear 0
what_do_you_hear 1581620312877 360 216 touchmove 40 83 0 0 0 hear 0
what_do_you_hear 1581620312895 360 216 touchmove 44 80 0 0 0 hear 0
what_do_you_hear 1581620312912 360 216 touchmove 48 77 0 0 0 hear 0
what_do_you_hear 1581620312929 360 216 touchmove 63 65 0 0 0 hear 0
what_do_you_hear 1581620312947 360 216 touchmove 86 48 0 0 0 hear 0
what_do_you_hear 1581620312962 360 216 touchmove 94 43 0 0 0 hear 0
what_do_you_hear 1581620312980 360 216 touchmove 109 35 0 0 0 hear 0
what_do_you_hear 1581620312996 360 216 touchmove 122 29 0 0 0 hear 0
what_do_you_hear 1581620313012 360 216 touchmove 131 25 0 0 0 hear 0
what_do_you_hear 1581620313030 360 216 touchmove 135 23 0 0 0 hear 0
what_do_you_hear 1581620313047 360 216 touchmove 137 21 0 0 0 hear 0
what_do_you_hear 1581620313063 360 216 touchmove 138 20 0 0 0 hear 0
what_do_you_hear 1581620313079 360 216 touchmove 139 20 0 0 0 hear 0
what_do_you_hear 1581620313129 360 216 touchmove 139 20 0 0 0 hear 0
what_do_you_hear 1581620313142 360 216 touchmove 140 21 0 0 0 hear 0
what_do_you_hear 1581620313144 360 216 touchend 140 21 0 0 0 hear 0
