sentence timestamp keyb_width keyb_height event x_pos y_pos x_radius y_radius angle word is_err
thanks_i_will 1583162725871 411 251 touchstart 185 30 0.28571429848671 0.28571429848671 0 thanks 1
thanks_i_will 1583162725932 411 251 touchmove 188 35 0.57142859697342 0.57142859697342 0 thanks 1
thanks_i_will 1583162725948 411 251 touchmove 193 40 0.57142859697342 0.57142859697342 0 thanks 1
thanks_i_will 1583162725965 411 251 touchmove 211 60 0.57142859697342 0.57142859697342 0 thanks 1
thanks_i_will 1583162725981 411 251 touchmove 222 72 0.57142859697342 0.57142859697342 0 thanks 1
thanks_i_will 1583162725998 411 251 touchmove 231 80 0.57142859697342 0.57142859697342 0 thanks 1
thanks_i_will 1583162726014 411 251 touchmove 239 84 0.57142859697342 0.57142859697342 0 thanks 1
thanks_i_will 1583162726031 411 251 touchmove 242 87 0.57142859697342 0.57142859697342 0 thanks 1
thanks_i_will 1583162726047 411 251 touchmove 245 92 0.57142859697342 0.57142859697342 0 thanks 1
thanks_i_will 1583162726064 411 251 touchmove 249 100 0.57142859697342 0.57142859697342 0 thanks 1
thanks_i_will 1583162726081 411 251 touchmove 254 110 0.57142859697342 0.57142859697342 0 thanks 1
thanks_i_will 1583162726097 411 251 touchmove 257 115 0.57142859697342 0.57142859697342 0 thanks 1
thanks_i_will 1583162726114 411 251 touchmove 259 116 0.57142859697342 0.57142859697342 0 thanks 1
thanks_i_will 1583162726130 411 251 touchmove 261 117 0.57142859697342 0.57142859697342 0 thanks 1
thanks_i_will 1583162726147 411 251 touchmove 262 117 0.57142859697342 0.57142859697342 0 thanks 1
thanks_i_will 1583162726164 411 251 touchmove 263 117 0.57142859697342 0.57142859697342 0 thanks 1
thanks_i_will 1583162726181 411 251 touchmove 263 116 0.57142859697342 0.57142859697342 0 thanks 1
thanks_i_will 1583162726198 411 251 touchmove 263 116 0.57142859697342 0.57142859697342 0 thanks 1
thanks_i_will 1583162726214 411 251 touchmove 263 115 0.57142859697342 0.57142859697342 0 thanks 1
thanks_i_will 1583162726231 411 251 touchmove 259 114 0.57142859697342 0.57142859697342 0 thanks 1
thanks_i_will 1583162726247 411 251 touchmove 249 110 0.57142859697342 0.57142859697342 0 thanks 1
thanks_i_will 1583162726264 411 251 touchmove 227 104 0.57142859697342 0.57142859697342 0 thanks 1
thanks_i_will 1583162726281 411 251 touchmove 192 100 0.57142859697342 0.57142859697342 0 thanks 1
thanks_i_will 1583162726298 411 251 touchmove 171 99 0.57142859697342 0.57142859697342 0 thanks 1
thanks_i_will 1583162726314 411 251 touchmove 151 99 0.57142859697342 0.57142859697342 0 thanks 1
thanks_i_will 1583162726330 411 251 touchmove 127 98 0.57142859697342 0.57142859697342 0 thanks 1
thanks_i_will 1583162726347 411 251 touchmove 100 98 0.57142859697342 0.57142859697342 0 thanks 1
thanks_i_will 1583162726364 411 251 touchmove 74 98 0.57142859697342 0.57142859697342 0 thanks 1
thanks_i_will 1583162726381 411 251 touchmove 57 99 0.57142859697342 0.57142859697342 0 thanks 1
thanks_i_will 1583162726397 411 251 touchmove 46 101 0.57142859697342 0.57142859697342 0 thanks 1
thanks_i_will 1583162726414 411 251 touchmove 41 103 0.57142859697342 0.57142859697342 0 thanks 1
thanks_i_will 1583162726430 411 251 touchmove 40 103 0.57142859697342 0.57142859697342 0 thanks 1
thanks_i_will 1583162726447 411 251 touchmove 39 104 0.57142859697342 0.57142859697342 0 thanks 1
thanks_i_will 1583162726469 411 251 touchmove 39 104 0.8571429848671 0.8571429848671 0 thanks 1
thanks_i_will 1583162726486 411 251 touchmove 39 104 0.8571429848671 0.8571429848671 0 thanks 1
thanks_i_will 1583162726497 411 251 touchmove 41 104 0.8571429848671 0.8571429848671 0 thanks 1
thanks_i_will 1583162726514 411 251 touchmove 43 103 0.8571429848671 0.8571429848671 0 thanks 1
thanks_i_will 1583162726530 411 251 touchmove 58 103 0.8571429848671 0.8571429848671 0 thanks 1
thanks_i_will 1583162726547 411 251 touchmove 75 103 0.8571429848671 0.8571429848671 0 thanks 1
thanks_i_will 1583162726564 411 251 touchmove 97 104 0.8571429848671 0.8571429848671 0 thanks 1
thanks_i_will 1583162726580 411 251 touchmove 125 105 0.8571429848671 0.8571429848671 0 thanks 1
thanks_i_will 1583162726597 411 251 touchmove 154 107 0.8571429848671 0.8571429848671 0 thanks 1
thanks_i_will 1583162726614 411 251 touchmove 177 112 0.8571429848671 0.8571429848671 0 thanks 1
thanks_i_will 1583162726630 411 251 touchmove 194 116 0.8571429848671 0.8571429848671 0 thanks 1
thanks_i_will 1583162726647 411 251 touchmove 213 120 0.8571429848671 0.8571429848671 0 thanks 1
thanks_i_will 1583162726664 411 251 touchmove 234 124 0.8571429848671 0.8571429848671 0 thanks 1
thanks_i_will 1583162726680 411 251 touchmove 254 127 0.8571429848671 0.8571429848671 0 thanks 1
thanks_i_will 1583162726697 411 251 touchmove 269 130 0.57142859697342 0.57142859697342 0 thanks 1
thanks_i_will 1583162726715 411 251 touchmove 277 133 0.57142859697342 0.57142859697342 0 thanks 1
thanks_i_will 1583162726731 411 251 touchmove 281 136 0.57142859697342 0.57142859697342 0 thanks 1
thanks_i_will 1583162726747 411 251 touchmove 285 140 0.57142859697342 0.57142859697342 0 thanks 1
thanks_i_will 1583162726764 411 251 touchmove 288 144 0.57142859697342 0.57142859697342 0 thanks 1
thanks_i_will 1583162726780 411 251 touchmove 292 148 0.57142859697342 0.57142859697342 0 thanks 1
thanks_i_will 1583162726797 411 251 touchmove 298 152 0.57142859697342 0.57142859697342 0 thanks 1
thanks_i_will 1583162726814 411 251 touchmove 305 157 0.57142859697342 0.57142859697342 0 thanks 1
thanks_i_will 1583162726831 411 251 touchmove 309 162 0.57142859697342 0.57142859697342 0 thanks 1
thanks_i_will 1583162726847 411 251 touchmove 311 166 0.57142859697342 0.57142859697342 0 thanks 1
thanks_i_will 1583162726864 411 251 touchmove 311 170 0.57142859697342 0.57142859697342 0 thanks 1
thanks_i_will 1583162726883 411 251 touchmove 311 174 0.57142859697342 0.57142859697342 0 thanks 1
thanks_i_will 1583162726899 411 251 touchmove 307 176 0.57142859697342 0.57142859697342 0 thanks 1
thanks_i_will 1583162726917 411 251 touchmove 304 179 0.57142859697342 0.57142859697342 0 thanks 1
thanks_i_will 1583162726930 411 251 touchmove 301 182 0.57142859697342 0.57142859697342 0 thanks 1
thanks_i_will 1583162726949 411 251 touchmove 300 183 0.57142859697342 0.57142859697342 0 thanks 1
thanks_i_will 1583162726964 411 251 touchmove 300 184 0.57142859697342 0.57142859697342 0 thanks 1
thanks_i_will 1583162726980 411 251 touchmove 300 184 0.57142859697342 0.57142859697342 0 thanks 1
thanks_i_will 1583162726997 411 251 touchmove 300 183 0.57142859697342 0.57142859697342 0 thanks 1
thanks_i_will 1583162727015 411 251 touchmove 300 178 0.57142859697342 0.57142859697342 0 thanks 1
thanks_i_will 1583162727030 411 251 touchmove 300 174 0.57142859697342 0.57142859697342 0 thanks 1
thanks_i_will 1583162727046 411 251 touchmove 299 170 0.57142859697342 0.57142859697342 0 thanks 1
thanks_i_will 1583162727063 411 251 touchmove 300 164 0.57142859697342 0.57142859697342 0 thanks 1
thanks_i_will 1583162727080 411 251 touchmove 301 157 0.57142859697342 0.57142859697342 0 thanks 1
thanks_i_will 1583162727097 411 251 touchmove 303 146 0.57142859697342 0.57142859697342 0 thanks 1
thanks_i_will 1583162727114 411 251 touchmove 307 130 0.57142859697342 0.57142859697342 0 thanks 1
thanks_i_will 1583162727131 411 251 touchmove 310 117 0.57142859697342 0.57142859697342 0 thanks 1
thanks_i_will 1583162727147 411 251 touchmove 313 108 0.57142859697342 0.57142859697342 0 thanks 1
thanks_i_will 1583162727164 411 251 touchmove 317 103 0.57142859697342 0.57142859697342 0 thanks 1
thanks_i_will 1583162727180 411 251 touchmove 321 100 0.57142859697342 0.57142859697342 0 thanks 1
thanks_i_will 1583162727196 411 251 touchmove 324 99 0.57142859697342 0.57142859697342 0 thanks 1
thanks_i_will 1583162727214 411 251 touchmove 326 100 0.57142859697342 0.57142859697342 0 thanks 1
thanks_i_will 1583162727230 411 251 touchmove 327 100 0.57142859697342 0.57142859697342 0 thanks 1
thanks_i_will 1583162727257 411 251 touchmove 328 100 0.57142859697342 0.57142859697342 0 thanks 1
thanks_i_will 1583162727296 411 251 touchmove 328 101 0.57142859697342 0.57142859697342 0 thanks 1
thanks_i_will 1583162727313 411 251 touchmove 329 102 0.57142859697342 0.57142859697342 0 thanks 1
thanks_i_will 1583162727330 411 251 touchmove 330 102 0.57142859697342 0.57142859697342 0 thanks 1
thanks_i_will 1583162727337 411 251 touchend 330 102 0.57142859697342 0.57142859697342 0 thanks 1
thanks_i_will 1583162727681 411 251 touchstart 305 39 0.28571429848671 0.28571429848671 0 thanks 1
thanks_i_will 1583162727713 411 251 touchmove 303 39 0.28571429848671 0.28571429848671 0 thanks 1
thanks_i_will 1583162727788 411 251 touchend 303 39 0.28571429848671 0.28571429848671 0 thanks 1
thanks_i_will 1583162730628 411 251 touchstart 181 38 0.28571429848671 0.28571429848671 0 thanks 1
thanks_i_will 1583162730663 411 251 touchmove 181 37 0.28571429848671 0.28571429848671 0 thanks 1
thanks_i_will 1583162730677 411 251 touchmove 182 37 0.28571429848671 0.28571429848671 0 thanks 1
thanks_i_will 1583162730695 411 251 touchmove 184 36 0.28571429848671 0.28571429848671 0 thanks 1
thanks_i_will 1583162730710 411 251 touchmove 185 37 0.28571429848671 0.28571429848671 0 thanks 1
thanks_i_will 1583162730731 411 251 touchmove 195 42 0.28571429848671 0.28571429848671 0 thanks 1
thanks_i_will 1583162730746 411 251 touchmove 207 59 0.28571429848671 0.28571429848671 0 thanks 1
thanks_i_will 1583162730759 411 251 touchmove 212 65 0.28571429848671 0.28571429848671 0 thanks 1
thanks_i_will 1583162730778 411 251 touchmove 224 83 0.28571429848671 0.28571429848671 0 thanks 1
thanks_i_will 1583162730794 411 251 touchmove 227 87 0.28571429848671 0.28571429848671 0 thanks 1
thanks_i_will 1583162730810 411 251 touchmove 236 91 0.28571429848671 0.28571429848671 0 thanks 1
thanks_i_will 1583162730827 411 251 touchmove 247 96 0.57142859697342 0.57142859697342 0 thanks 1
thanks_i_will 1583162730843 411 251 touchmove 250 98 0.57142859697342 0.57142859697342 0 thanks 1
thanks_i_will 1583162730861 411 251 touchmove 257 102 0.57142859697342 0.57142859697342 0 thanks 1
thanks_i_will 1583162730877 411 251 touchmove 259 103 0.57142859697342 0.57142859697342 0 thanks 1
thanks_i_will 1583162730893 411 251 touchmove 261 104 0.57142859697342 0.57142859697342 0 thanks 1
thanks_i_will 1583162730910 411 251 touchmove 262 105 0.57142859697342 0.57142859697342 0 thanks 1
thanks_i_will 1583162730926 411 251 touchmove 262 105 0.57142859697342 0.57142859697342 0 thanks 1
thanks_i_will 1583162730952 411 251 touchmove 262 104 0.57142859697342 0.57142859697342 0 thanks 1
thanks_i_will 1583162730968 411 251 touchmove 262 104 0.57142859697342 0.57142859697342 0 thanks 1
thanks_i_will 1583162730977 411 251 touchmove 261 104 0.57142859697342 0.57142859697342 0 thanks 1
thanks_i_will 1583162730993 411 251 touchmove 261 103 0.57142859697342 0.57142859697342 0 thanks 1
thanks_i_will 1583162731009 411 251 touchmove 260 103 0.57142859697342 0.57142859697342 0 thanks 1
thanks_i_will 1583162731026 411 251 touchmove 258 104 0.57142859697342 0.57142859697342 0 thanks 1
thanks_i_will 1583162731045 411 251 touchmove 256 104 0.57142859697342 0.57142859697342 0 thanks 1
thanks_i_will 1583162731060 411 251 touchmove 252 105 0.57142859697342 0.57142859697342 0 thanks 1
thanks_i_will 1583162731076 411 251 touchmove 234 104 0.57142859697342 0.57142859697342 0 thanks 1
thanks_i_will 1583162731093 411 251 touchmove 217 101 0.57142859697342 0.57142859697342 0 thanks 1
thanks_i_will 1583162731109 411 251 touchmove 197 98 0.57142859697342 0.57142859697342 0 thanks 1
thanks_i_will 1583162731127 411 251 touchmove 181 94 0.57142859697342 0.57142859697342 0 thanks 1
thanks_i_will 1583162731142 411 251 touchmove 161 92 0.57142859697342 0.57142859697342 0 thanks 1
thanks_i_will 1583162731159 411 251 touchmove 139 92 0.57142859697342 0.57142859697342 0 thanks 1
thanks_i_will 1583162731175 411 251 touchmove 122 92 0.57142859697342 0.57142859697342 0 thanks 1
thanks_i_will 1583162731194 411 251 touchmove 102 94 0.57142859697342 0.57142859697342 0 thanks 1
thanks_i_will 1583162731209 411 251 touchmove 85 95 0.57142859697342 0.57142859697342 0 thanks 1
thanks_i_will 1583162731226 411 251 touchmove 73 96 0.57142859697342 0.57142859697342 0 thanks 1
thanks_i_will 1583162731242 411 251 touchmove 64 96 0.57142859697342 0.57142859697342 0 thanks 1
thanks_i_will 1583162731259 411 251 touchmove 55 98 0.57142859697342 0.57142859697342 0 thanks 1
thanks_i_will 1583162731276 411 251 touchmove 49 100 0.57142859697342 0.57142859697342 0 thanks 1
thanks_i_will 1583162731294 411 251 touchmove 48 104 0.8571429848671 0.8571429848671 0 thanks 1
thanks_i_will 1583162731309 411 251 touchmove 46 107 0.8571429848671 0.8571429848671 0 thanks 1
thanks_i_will 1583162731327 411 251 touchmove 44 110 0.8571429848671 0.8571429848671 0 thanks 1
thanks_i_will 1583162731343 411 251 touchmove 42 111 0.8571429848671 0.8571429848671 0 thanks 1
thanks_i_will 1583162731359 411 251 touchmove 41 111 0.8571429848671 0.8571429848671 0 thanks 1
thanks_i_will 1583162731375 411 251 touchmove 41 110 0.8571429848671 0.8571429848671 0 thanks 1
thanks_i_will 1583162731392 411 251 touchmove 42 107 0.8571429848671 0.8571429848671 0 thanks 1
thanks_i_will 1583162731409 411 251 touchmove 45 105 0.8571429848671 0.8571429848671 0 thanks 1
thanks_i_will 1583162731426 411 251 touchmove 54 104 0.8571429848671 0.8571429848671 0 thanks 1
thanks_i_will 1583162731442 411 251 touchmove 67 104 0.8571429848671 0.8571429848671 0 thanks 1
thanks_i_will 1583162731459 411 251 touchmove 78 103 0.8571429848671 0.8571429848671 0 thanks 1
thanks_i_will 1583162731476 411 251 touchmove 96 103 0.8571429848671 0.8571429848671 0 thanks 1
thanks_i_will 1583162731492 411 251 touchmove 114 102 0.8571429848671 0.8571429848671 0 thanks 1
thanks_i_will 1583162731509 411 251 touchmove 135 100 0.8571429848671 0.8571429848671 0 thanks 1
thanks_i_will 1583162731526 411 251 touchmove 159 100 0.8571429848671 0.8571429848671 0 thanks 1
thanks_i_will 1583162731542 411 251 touchmove 179 100 0.8571429848671 0.8571429848671 0 thanks 1
thanks_i_will 1583162731559 411 251 touchmove 192 107 0.8571429848671 0.8571429848671 0 thanks 1
thanks_i_will 1583162731576 411 251 touchmove 203 122 0.8571429848671 0.8571429848671 0 thanks 1
thanks_i_will 1583162731592 411 251 touchmove 217 134 0.8571429848671 0.8571429848671 0 thanks 1
thanks_i_will 1583162731609 411 251 touchmove 226 146 0.8571429848671 0.8571429848671 0 thanks 1
thanks_i_will 1583162731625 411 251 touchmove 237 154 0.8571429848671 0.8571429848671 0 thanks 1
thanks_i_will 1583162731642 411 251 touchmove 244 157 0.8571429848671 0.8571429848671 0 thanks 1
thanks_i_will 1583162731659 411 251 touchmove 251 159 0.8571429848671 0.8571429848671 0 thanks 1
thanks_i_will 1583162731675 411 251 touchmove 261 162 0.57142859697342 0.57142859697342 0 thanks 1
thanks_i_will 1583162731692 411 251 touchmove 272 162 0.57142859697342 0.57142859697342 0 thanks 1
thanks_i_will 1583162731709 411 251 touchmove 281 163 0.57142859697342 0.57142859697342 0 thanks 1
thanks_i_will 1583162731725 411 251 touchmove 287 164 0.57142859697342 0.57142859697342 0 thanks 1
thanks_i_will 1583162731742 411 251 touchmove 291 165 0.57142859697342 0.57142859697342 0 thanks 1
thanks_i_will 1583162731759 411 251 touchmove 291 166 0.57142859697342 0.57142859697342 0 thanks 1
thanks_i_will 1583162731775 411 251 touchmove 293 166 0.57142859697342 0.57142859697342 0 thanks 1
thanks_i_will 1583162731792 411 251 touchmove 293 167 0.57142859697342 0.57142859697342 0 thanks 1
thanks_i_will 1583162731809 411 251 touchmove 293 167 0.57142859697342 0.57142859697342 0 thanks 1
thanks_i_will 1583162731825 411 251 touchmove 293 168 0.57142859697342 0.57142859697342 0 thanks 1
thanks_i_will 1583162731842 411 251 touchmove 294 168 0.57142859697342 0.57142859697342 0 thanks 1
thanks_i_will 1583162731863 411 251 touchmove 295 168 0.57142859697342 0.57142859697342 0 thanks 1
thanks_i_will 1583162731892 411 251 touchmove 296 168 0.57142859697342 0.57142859697342 0 thanks 1
thanks_i_will 1583162731922 411 251 touchmove 297 168 0.8571429848671 0.8571429848671 0 thanks 1
thanks_i_will 1583162731942 411 251 touchmove 298 167 0.8571429848671 0.8571429848671 0 thanks 1
thanks_i_will 1583162731959 411 251 touchmove 303 162 0.8571429848671 0.8571429848671 0 thanks 1
thanks_i_will 1583162731975 411 251 touchmove 310 156 0.57142859697342 0.57142859697342 0 thanks 1
thanks_i_will 1583162731992 411 251 touchmove 315 148 0.57142859697342 0.57142859697342 0 thanks 1
thanks_i_will 1583162732009 411 251 touchmove 321 140 0.57142859697342 0.57142859697342 0 thanks 1
thanks_i_will 1583162732025 411 251 touchmove 326 128 0.57142859697342 0.57142859697342 0 thanks 1
thanks_i_will 1583162732072 411 251 touchmove 330 119 0.57142859697342 0.57142859697342 0 thanks 1
thanks_i_will 1583162732095 411 251 touchmove 333 103 0.57142859697342 0.57142859697342 0 thanks 1
thanks_i_will 1583162732108 411 251 touchmove 334 101 0.57142859697342 0.57142859697342 0 thanks 1
thanks_i_will 1583162732125 411 251 touchmove 334 99 0.57142859697342 0.57142859697342 0 thanks 1
thanks_i_will 1583162732141 411 251 touchmove 335 98 0.57142859697342 0.57142859697342 0 thanks 1
thanks_i_will 1583162732158 411 251 touchmove 335 94 0.57142859697342 0.57142859697342 0 thanks 1
thanks_i_will 1583162732176 411 251 touchmove 335 91 0.57142859697342 0.57142859697342 0 thanks 1
thanks_i_will 1583162732191 411 251 touchmove 335 88 0.57142859697342 0.57142859697342 0 thanks 1
thanks_i_will 1583162732208 411 251 touchmove 335 88 0.57142859697342 0.57142859697342 0 thanks 1
thanks_i_will 1583162732224 411 251 touchmove 335 87 0.57142859697342 0.57142859697342 0 thanks 1
thanks_i_will 1583162732241 411 251 touchmove 334 87 0.57142859697342 0.57142859697342 0 thanks 1
thanks_i_will 1583162732258 411 251 touchmove 333 87 0.57142859697342 0.57142859697342 0 thanks 1
thanks_i_will 1583162732274 411 251 touchmove 331 87 0.57142859697342 0.57142859697342 0 thanks 1
thanks_i_will 1583162732291 411 251 touchmove 328 87 0.57142859697342 0.57142859697342 0 thanks 1
thanks_i_will 1583162732309 411 251 touchmove 323 90 0.57142859697342 0.57142859697342 0 thanks 1
thanks_i_will 1583162732324 411 251 touchmove 317 91 0.57142859697342 0.57142859697342 0 thanks 1
thanks_i_will 1583162732342 411 251 touchmove 306 94 0.57142859697342 0.57142859697342 0 thanks 1
thanks_i_will 1583162732357 411 251 touchmove 289 98 0.57142859697342 0.57142859697342 0 thanks 1
thanks_i_will 1583162732375 411 251 touchmove 269 103 0.57142859697342 0.57142859697342 0 thanks 1
thanks_i_will 1583162732391 411 251 touchmove 251 107 0.57142859697342 0.57142859697342 0 thanks 1
thanks_i_will 1583162732408 411 251 touchmove 231 112 0.57142859697342 0.57142859697342 0 thanks 1
thanks_i_will 1583162732424 411 251 touchmove 209 116 0.57142859697342 0.57142859697342 0 thanks 1
thanks_i_will 1583162732441 411 251 touchmove 185 116 0.57142859697342 0.57142859697342 0 thanks 1
thanks_i_will 1583162732458 411 251 touchmove 160 114 0.57142859697342 0.57142859697342 0 thanks 1
thanks_i_will 1583162732476 411 251 touchmove 137 111 0.57142859697342 0.57142859697342 0 thanks 1
thanks_i_will 1583162732491 411 251 touchmove 117 106 0.57142859697342 0.57142859697342 0 thanks 1
thanks_i_will 1583162732507 411 251 touchmove 101 102 0.57142859697342 0.57142859697342 0 thanks 1
thanks_i_will 1583162732524 411 251 touchmove 88 102 0.57142859697342 0.57142859697342 0 thanks 1
thanks_i_will 1583162732541 411 251 touchmove 78 103 0.57142859697342 0.57142859697342 0 thanks 1
thanks_i_will 1583162732558 411 251 touchmove 71 104 0.57142859697342 0.57142859697342 0 thanks 1
thanks_i_will 1583162732574 411 251 touchmove 66 105 0.57142859697342 0.57142859697342 0 thanks 1
thanks_i_will 1583162732591 411 251 touchmove 63 105 0.8571429848671 0.8571429848671 0 thanks 1
thanks_i_will 1583162732608 411 251 touchmove 62 106 0.8571429848671 0.8571429848671 0 thanks 1
thanks_i_will 1583162732624 411 251 touchmove 61 106 0.8571429848671 0.8571429848671 0 thanks 1
thanks_i_will 1583162732642 411 251 touchmove 61 106 0.8571429848671 0.8571429848671 0 thanks 1
thanks_i_will 1583162732658 411 251 touchmove 62 105 0.8571429848671 0.8571429848671 0 thanks 1
thanks_i_will 1583162732675 411 251 touchmove 63 104 0.8571429848671 0.8571429848671 0 thanks 1
thanks_i_will 1583162732691 411 251 touchmove 65 104 0.8571429848671 0.8571429848671 0 thanks 1
thanks_i_will 1583162732708 411 251 touchmove 66 104 0.8571429848671 0.8571429848671 0 thanks 1
thanks_i_will 1583162732724 411 251 touchmove 67 104 0.8571429848671 0.8571429848671 0 thanks 1
thanks_i_will 1583162732742 411 251 touchmove 69 103 0.8571429848671 0.8571429848671 0 thanks 1
thanks_i_will 1583162732758 411 251 touchmove 70 103 0.8571429848671 0.8571429848671 0 thanks 1
thanks_i_will 1583162732775 411 251 touchmove 71 103 0.8571429848671 0.8571429848671 0 thanks 1
thanks_i_will 1583162732792 411 251 touchmove 74 104 0.8571429848671 0.8571429848671 0 thanks 1
thanks_i_will 1583162732808 411 251 touchmove 80 106 0.8571429848671 0.8571429848671 0 thanks 1
thanks_i_will 1583162732826 411 251 touchmove 88 108 0.8571429848671 0.8571429848671 0 thanks 1
thanks_i_will 1583162732842 411 251 touchmove 90 109 0.8571429848671 0.8571429848671 0 thanks 1
thanks_i_will 1583162732857 411 251 touchmove 95 110 0.8571429848671 0.8571429848671 0 thanks 1
thanks_i_will 1583162732874 411 251 touchmove 102 110 0.8571429848671 0.8571429848671 0 thanks 1
thanks_i_will 1583162732891 411 251 touchmove 114 107 0.8571429848671 0.8571429848671 0 thanks 1
thanks_i_will 1583162732908 411 251 touchmove 146 96 0.8571429848671 0.8571429848671 0 thanks 1
thanks_i_will 1583162732925 411 251 touchmove 160 87 0.8571429848671 0.8571429848671 0 thanks 1
thanks_i_will 1583162732941 411 251 touchmove 189 71 0.8571429848671 0.8571429848671 0 thanks 1
thanks_i_will 1583162732957 411 251 touchmove 219 53 0.8571429848671 0.8571429848671 0 thanks 1
thanks_i_will 1583162732976 411 251 touchmove 243 44 0.8571429848671 0.8571429848671 0 thanks 1
thanks_i_will 1583162732991 411 251 touchmove 262 39 0.8571429848671 0.8571429848671 0 thanks 1
thanks_i_will 1583162733008 411 251 touchmove 276 36 0.8571429848671 0.8571429848671 0 thanks 1
thanks_i_will 1583162733024 411 251 touchmove 285 32 0.8571429848671 0.8571429848671 0 thanks 1
thanks_i_will 1583162733041 411 251 touchmove 301 23 0.8571429848671 0.8571429848671 0 thanks 1
thanks_i_will 1583162733058 411 251 touchmove 304 19 0.8571429848671 0.8571429848671 0 thanks 1
thanks_i_will 1583162733074 411 251 touchmove 311 11 0.8571429848671 0.8571429848671 0 thanks 1
thanks_i_will 1583162733098 411 251 touchmove 316 9 0.8571429848671 0.8571429848671 0 thanks 1
thanks_i_will 1583162733108 411 251 touchmove 319 9 0.8571429848671 0.8571429848671 0 thanks 1
thanks_i_will 1583162733124 411 251 touchmove 325 10 0.8571429848671 0.8571429848671 0 thanks 1
thanks_i_will 1583162733141 411 251 touchmove 329 10 0.8571429848671 0.8571429848671 0 thanks 1
thanks_i_will 1583162733165 411 251 touchmove 333 11 0.8571429848671 0.8571429848671 0 thanks 1
thanks_i_will 1583162733175 411 251 touchmove 334 11 0.8571429848671 0.8571429848671 0 thanks 1
thanks_i_will 1583162733191 411 251 touchmove 336 11 0.8571429848671 0.8571429848671 0 thanks 1
thanks_i_will 1583162733207 411 251 touchmove 337 11 0.8571429848671 0.8571429848671 0 thanks 1
thanks_i_will 1583162733223 411 251 touchmove 337 11 0.8571429848671 0.8571429848671 0 thanks 1
thanks_i_will 1583162733274 411 251 touchmove 336 12 0.8571429848671 0.8571429848671 0 thanks 1
thanks_i_will 1583162733290 411 251 touchmove 335 14 0.57142859697342 0.57142859697342 0 thanks 1
thanks_i_will 1583162733308 411 251 touchmove 334 16 0.57142859697342 0.57142859697342 0 thanks 1
thanks_i_will 1583162733324 411 251 touchmove 333 18 0.57142859697342 0.57142859697342 0 thanks 1
thanks_i_will 1583162733341 411 251 touchmove 333 20 0.57142859697342 0.57142859697342 0 thanks 1
thanks_i_will 1583162733357 411 251 touchmove 333 20 0.57142859697342 0.57142859697342 0 thanks 1
thanks_i_will 1583162733374 411 251 touchmove 332 22 0.57142859697342 0.57142859697342 0 thanks 1
thanks_i_will 1583162733391 411 251 touchmove 330 22 0.57142859697342 0.57142859697342 0 thanks 1
thanks_i_will 1583162733407 411 251 touchmove 326 23 0.57142859697342 0.57142859697342 0 thanks 1
thanks_i_will 1583162733424 411 251 touchmove 321 24 0.57142859697342 0.57142859697342 0 thanks 1
thanks_i_will 1583162733440 411 251 touchmove 314 25 0.57142859697342 0.57142859697342 0 thanks 1
thanks_i_will 1583162733457 411 251 touchmove 303 27 0.57142859697342 0.57142859697342 0 thanks 1
thanks_i_will 1583162733473 411 251 touchmove 291 30 0.57142859697342 0.57142859697342 0 thanks 1
thanks_i_will 1583162733490 411 251 touchmove 275 34 0.57142859697342 0.57142859697342 0 thanks 1
thanks_i_will 1583162733507 411 251 touchmove 254 38 0.57142859697342 0.57142859697342 0 thanks 1
thanks_i_will 1583162733523 411 251 touchmove 222 43 0.57142859697342 0.57142859697342 0 thanks 1
thanks_i_will 1583162733540 411 251 touchmove 194 47 0.57142859697342 0.57142859697342 0 thanks 1
thanks_i_will 1583162733557 411 251 touchmove 171 48 0.57142859697342 0.57142859697342 0 thanks 1
thanks_i_will 1583162733574 411 251 touchmove 157 46 0.57142859697342 0.57142859697342 0 thanks 1
thanks_i_will 1583162733590 411 251 touchmove 141 43 0.57142859697342 0.57142859697342 0 thanks 1
thanks_i_will 1583162733607 411 251 touchmove 122 42 0.57142859697342 0.57142859697342 0 thanks 1
thanks_i_will 1583162733624 411 251 touchmove 101 42 0.57142859697342 0.57142859697342 0 thanks 1
thanks_i_will 1583162733640 411 251 touchmove 82 41 0.57142859697342 0.57142859697342 0 thanks 1
thanks_i_will 1583162733657 411 251 touchmove 68 40 0.57142859697342 0.57142859697342 0 thanks 1
thanks_i_will 1583162733673 411 251 touchmove 58 38 0.8571429848671 0.8571429848671 0 thanks 1
thanks_i_will 1583162733690 411 251 touchmove 51 36 0.8571429848671 0.8571429848671 0 thanks 1
thanks_i_will 1583162733713 411 251 touchmove 51 35 0.8571429848671 0.8571429848671 0 thanks 1
thanks_i_will 1583162733723 411 251 touchmove 51 34 0.8571429848671 0.8571429848671 0 thanks 1
thanks_i_will 1583162733740 411 251 touchmove 52 31 0.8571429848671 0.8571429848671 0 thanks 1
thanks_i_will 1583162733757 411 251 touchmove 57 26 0.8571429848671 0.8571429848671 0 thanks 1
thanks_i_will 1583162733773 411 251 touchmove 65 19 0.8571429848671 0.8571429848671 0 thanks 1
thanks_i_will 1583162733790 411 251 touchmove 79 13 0.8571429848671 0.8571429848671 0 thanks 1
thanks_i_will 1583162733808 411 251 touchmove 98 10 0.8571429848671 0.8571429848671 0 thanks 1
thanks_i_will 1583162733823 411 251 touchmove 119 11 0.8571429848671 0.8571429848671 0 thanks 1
thanks_i_will 1583162733840 411 251 touchmove 144 12 0.8571429848671 0.8571429848671 0 thanks 1
thanks_i_will 1583162733857 411 251 touchmove 178 12 0.8571429848671 0.8571429848671 0 thanks 1
thanks_i_will 1583162733873 411 251 touchmove 217 10 0.8571429848671 0.8571429848671 0 thanks 1
thanks_i_will 1583162733890 411 251 touchmove 258 7 0.8571429848671 0.8571429848671 0 thanks 1
thanks_i_will 1583162733906 411 251 touchmove 290 8 0.8571429848671 0.8571429848671 0 thanks 1
thanks_i_will 1583162733923 411 251 touchmove 308 10 0.57142859697342 0.57142859697342 0 thanks 1
thanks_i_will 1583162733940 411 251 touchmove 314 12 0.57142859697342 0.57142859697342 0 thanks 1
thanks_i_will 1583162733957 411 251 touchmove 317 16 0.57142859697342 0.57142859697342 0 thanks 1
thanks_i_will 1583162733973 411 251 touchmove 321 21 0.57142859697342 0.57142859697342 0 thanks 1
thanks_i_will 1583162733990 411 251 touchmove 324 25 0.57142859697342 0.57142859697342 0 thanks 1
thanks_i_will 1583162734006 411 251 touchmove 329 27 0.57142859697342 0.57142859697342 0 thanks 1
thanks_i_will 1583162734023 411 251 touchmove 333 28 0.57142859697342 0.57142859697342 0 thanks 1
thanks_i_will 1583162734039 411 251 touchmove 335 28 0.57142859697342 0.57142859697342 0 thanks 1
thanks_i_will 1583162734056 411 251 touchmove 337 28 0.57142859697342 0.57142859697342 0 thanks 1
thanks_i_will 1583162734073 411 251 touchmove 338 28 0.57142859697342 0.57142859697342 0 thanks 1
thanks_i_will 1583162734093 411 251 touchmove 339 27 0.57142859697342 0.57142859697342 0 thanks 1
thanks_i_will 1583162734106 411 251 touchmove 339 27 0.57142859697342 0.57142859697342 0 thanks 1
thanks_i_will 1583162734123 411 251 touchmove 339 27 0.57142859697342 0.57142859697342 0 thanks 1
thanks_i_will 1583162734140 411 251 touchmove 340 27 0.57142859697342 0.57142859697342 0 thanks 1
thanks_i_will 1583162734156 411 251 touchmove 341 28 0.57142859697342 0.57142859697342 0 thanks 1
thanks_i_will 1583162734173 411 251 touchmove 341 30 0.57142859697342 0.57142859697342 0 thanks 1
thanks_i_will 1583162734190 411 251 touchmove 341 30 0.57142859697342 0.57142859697342 0 thanks 1
thanks_i_will 1583162734206 411 251 touchmove 341 31 0.57142859697342 0.57142859697342 0 thanks 1
thanks_i_will 1583162734223 411 251 touchmove 341 32 0.57142859697342 0.57142859697342 0 thanks 1
thanks_i_will 1583162734239 411 251 touchmove 341 32 0.57142859697342 0.57142859697342 0 thanks 1
thanks_i_will 1583162734256 411 251 touchmove 342 34 0.57142859697342 0.57142859697342 0 thanks 1
thanks_i_will 1583162734273 411 251 touchmove 342 35 0.57142859697342 0.57142859697342 0 thanks 1
thanks_i_will 1583162734289 411 251 touchmove 342 38 0.57142859697342 0.57142859697342 0 thanks 1
thanks_i_will 1583162734307 411 251 touchmove 341 43 0.57142859697342 0.57142859697342 0 thanks 1
thanks_i_will 1583162734323 411 251 touchmove 338 51 0.57142859697342 0.57142859697342 0 thanks 1
thanks_i_will 1583162734339 411 251 touchmove 335 63 0.57142859697342 0.57142859697342 0 thanks 1
thanks_i_will 1583162734356 411 251 touchmove 333 72 0.57142859697342 0.57142859697342 0 thanks 1
thanks_i_will 1583162734373 411 251 touchmove 334 80 0.57142859697342 0.57142859697342 0 thanks 1
thanks_i_will 1583162734390 411 251 touchmove 334 87 0.57142859697342 0.57142859697342 0 thanks 1
thanks_i_will 1583162734406 411 251 touchmove 336 92 0.57142859697342 0.57142859697342 0 thanks 1
thanks_i_will 1583162734423 411 251 touchmove 339 98 0.57142859697342 0.57142859697342 0 thanks 1
thanks_i_will 1583162734439 411 251 touchmove 341 103 0.57142859697342 0.57142859697342 0 thanks 1
thanks_i_will 1583162734456 411 251 touchmove 343 106 0.57142859697342 0.57142859697342 0 thanks 1
thanks_i_will 1583162734472 411 251 touchmove 345 107 0.57142859697342 0.57142859697342 0 thanks 1
thanks_i_will 1583162734492 411 251 touchmove 349 108 0.57142859697342 0.57142859697342 0 thanks 1
thanks_i_will 1583162734506 411 251 touchmove 353 108 0.57142859697342 0.57142859697342 0 thanks 1
thanks_i_will 1583162734523 411 251 touchmove 357 108 0.57142859697342 0.57142859697342 0 thanks 1
thanks_i_will 1583162734540 411 251 touchmove 361 108 0.57142859697342 0.57142859697342 0 thanks 1
thanks_i_will 1583162734556 411 251 touchmove 365 108 0.57142859697342 0.57142859697342 0 thanks 1
thanks_i_will 1583162734573 411 251 touchmove 367 109 0.57142859697342 0.57142859697342 0 thanks 1
thanks_i_will 1583162734589 411 251 touchmove 370 111 0.57142859697342 0.57142859697342 0 thanks 1
thanks_i_will 1583162734606 411 251 touchmove 373 113 0.57142859697342 0.57142859697342 0 thanks 1
thanks_i_will 1583162734623 411 251 touchmove 375 114 0.57142859697342 0.57142859697342 0 thanks 1
thanks_i_will 1583162734639 411 251 touchmove 376 115 0.57142859697342 0.57142859697342 0 thanks 1
thanks_i_will 1583162734656 411 251 touchmove 377 116 0.57142859697342 0.57142859697342 0 thanks 1
thanks_i_will 1583162734673 411 251 touchmove 378 116 0.57142859697342 0.57142859697342 0 thanks 1
thanks_i_will 1583162734724 411 251 touchmove 377 116 0.28571429848671 0.28571429848671 0 thanks 1
thanks_i_will 1583162734729 411 251 touchend 377 116 0.28571429848671 0.28571429848671 0 thanks 1
thanks_i_will 1583162737100 411 251 touchstart 190 36 0.28571429848671 0.28571429848671 0 thanks 0
thanks_i_will 1583162737154 411 251 touchmove 191 36 0.28571429848671 0.28571429848671 0 thanks 0
thanks_i_will 1583162737170 411 251 touchmove 194 39 0.28571429848671 0.28571429848671 0 thanks 0
thanks_i_will 1583162737187 411 251 touchmove 200 46 0.28571429848671 0.28571429848671 0 thanks 0
thanks_i_will 1583162737203 411 251 touchmove 207 54 0.28571429848671 0.28571429848671 0 thanks 0
thanks_i_will 1583162737220 411 251 touchmove 217 66 0.28571429848671 0.28571429848671 0 thanks 0
thanks_i_will 1583162737237 411 251 touchmove 229 79 0.28571429848671 0.28571429848671 0 thanks 0
thanks_i_will 1583162737253 411 251 touchmove 239 92 0.28571429848671 0.28571429848671 0 thanks 0
thanks_i_will 1583162737270 411 251 touchmove 247 102 0.28571429848671 0.28571429848671 0 thanks 0
thanks_i_will 1583162737287 411 251 touchmove 251 108 0.28571429848671 0.28571429848671 0 thanks 0
thanks_i_will 1583162737303 411 251 touchmove 254 112 0.28571429848671 0.28571429848671 0 thanks 0
thanks_i_will 1583162737320 411 251 touchmove 255 114 0.28571429848671 0.28571429848671 0 thanks 0
thanks_i_will 1583162737337 411 251 touchmove 255 115 0.28571429848671 0.28571429848671 0 thanks 0
thanks_i_will 1583162737353 411 251 touchmove 255 116 0.28571429848671 0.28571429848671 0 thanks 0
thanks_i_will 1583162737372 411 251 touchmove 254 116 0.28571429848671 0.28571429848671 0 thanks 0
thanks_i_will 1583162737388 411 251 touchmove 254 116 0.28571429848671 0.28571429848671 0 thanks 0
thanks_i_will 1583162737403 411 251 touchmove 250 116 0.28571429848671 0.28571429848671 0 thanks 0
thanks_i_will 1583162737421 411 251 touchmove 244 116 0.28571429848671 0.28571429848671 0 thanks 0
thanks_i_will 1583162737437 411 251 touchmove 234 115 0.28571429848671 0.28571429848671 0 thanks 0
thanks_i_will 1583162737454 411 251 touchmove 206 114 0.28571429848671 0.28571429848671 0 thanks 0
thanks_i_will 1583162737470 411 251 touchmove 190 112 0.28571429848671 0.28571429848671 0 thanks 0
thanks_i_will 1583162737488 411 251 touchmove 170 108 0.28571429848671 0.28571429848671 0 thanks 0
thanks_i_will 1583162737505 411 251 touchmove 137 102 0.28571429848671 0.28571429848671 0 thanks 0
thanks_i_will 1583162737521 411 251 touchmove 126 100 0.28571429848671 0.28571429848671 0 thanks 0
thanks_i_will 1583162737537 411 251 touchmove 105 98 0.28571429848671 0.28571429848671 0 thanks 0
thanks_i_will 1583162737553 411 251 touchmove 86 96 0.28571429848671 0.28571429848671 0 thanks 0
thanks_i_will 1583162737571 411 251 touchmove 62 94 0.28571429848671 0.28571429848671 0 thanks 0
thanks_i_will 1583162737587 411 251 touchmove 55 94 0.28571429848671 0.28571429848671 0 thanks 0
thanks_i_will 1583162737604 411 251 touchmove 36 93 0.28571429848671 0.28571429848671 0 thanks 0
thanks_i_will 1583162737622 411 251 touchmove 29 92 0.28571429848671 0.28571429848671 0 thanks 0
thanks_i_will 1583162737638 411 251 touchmove 23 91 0.28571429848671 0.28571429848671 0 thanks 0
thanks_i_will 1583162737654 411 251 touchmove 20 91 0.28571429848671 0.28571429848671 0 thanks 0
thanks_i_will 1583162737670 411 251 touchmove 20 90 0.28571429848671 0.28571429848671 0 thanks 0
thanks_i_will 1583162737736 411 251 touchmove 20 91 0.28571429848671 0.28571429848671 0 thanks 0
thanks_i_will 1583162737754 411 251 touchmove 20 91 0.28571429848671 0.28571429848671 0 thanks 0
thanks_i_will 1583162737786 411 251 touchmove 21 91 0.28571429848671 0.28571429848671 0 thanks 0
thanks_i_will 1583162737803 411 251 touchmove 26 95 0.28571429848671 0.28571429848671 0 thanks 0
thanks_i_will 1583162737820 411 251 touchmove 42 100 0.28571429848671 0.28571429848671 0 thanks 0
thanks_i_will 1583162737836 411 251 touchmove 64 109 0.28571429848671 0.28571429848671 0 thanks 0
thanks_i_will 1583162737854 411 251 touchmove 87 122 0.28571429848671 0.28571429848671 0 thanks 0
thanks_i_will 1583162737870 411 251 touchmove 109 134 0.28571429848671 0.28571429848671 0 thanks 0
thanks_i_will 1583162737887 411 251 touchmove 130 143 0.28571429848671 0.28571429848671 0 thanks 0
thanks_i_will 1583162737903 411 251 touchmove 153 150 0.28571429848671 0.28571429848671 0 thanks 0
thanks_i_will 1583162737919 411 251 touchmove 176 155 0.28571429848671 0.28571429848671 0 thanks 0
thanks_i_will 1583162737936 411 251 touchmove 199 161 0.28571429848671 0.28571429848671 0 thanks 0
thanks_i_will 1583162737953 411 251 touchmove 222 168 0.57142859697342 0.57142859697342 0 thanks 0
thanks_i_will 1583162737969 411 251 touchmove 241 174 0.57142859697342 0.57142859697342 0 thanks 0
thanks_i_will 1583162737986 411 251 touchmove 254 179 0.57142859697342 0.57142859697342 0 thanks 0
thanks_i_will 1583162738003 411 251 touchmove 267 184 0.57142859697342 0.57142859697342 0 thanks 0
thanks_i_will 1583162738020 411 251 touchmove 278 189 0.57142859697342 0.57142859697342 0 thanks 0
thanks_i_will 1583162738036 411 251 touchmove 287 191 0.57142859697342 0.57142859697342 0 thanks 0
thanks_i_will 1583162738052 411 251 touchmove 295 193 0.57142859697342 0.57142859697342 0 thanks 0
thanks_i_will 1583162738070 411 251 touchmove 299 194 0.57142859697342 0.57142859697342 0 thanks 0
thanks_i_will 1583162738101 411 251 touchmove 298 194 0.57142859697342 0.57142859697342 0 thanks 0
thanks_i_will 1583162738119 411 251 touchmove 297 193 0.57142859697342 0.57142859697342 0 thanks 0
thanks_i_will 1583162738136 411 251 touchmove 295 190 0.57142859697342 0.57142859697342 0 thanks 0
thanks_i_will 1583162738152 411 251 touchmove 293 186 0.57142859697342 0.57142859697342 0 thanks 0
thanks_i_will 1583162738169 411 251 touchmove 290 182 0.57142859697342 0.57142859697342 0 thanks 0
thanks_i_will 1583162738186 411 251 touchmove 290 178 0.57142859697342 0.57142859697342 0 thanks 0
thanks_i_will 1583162738203 411 251 touchmove 291 174 0.57142859697342 0.57142859697342 0 thanks 0
thanks_i_will 1583162738219 411 251 touchmove 295 163 0.57142859697342 0.57142859697342 0 thanks 0
thanks_i_will 1583162738236 411 251 touchmove 302 149 0.57142859697342 0.57142859697342 0 thanks 0
thanks_i_will 1583162738252 411 251 touchmove 309 137 0.57142859697342 0.57142859697342 0 thanks 0
thanks_i_will 1583162738270 411 251 touchmove 315 128 0.57142859697342 0.57142859697342 0 thanks 0
thanks_i_will 1583162738286 411 251 touchmove 322 119 0.57142859697342 0.57142859697342 0 thanks 0
thanks_i_will 1583162738302 411 251 touchmove 329 112 0.57142859697342 0.57142859697342 0 thanks 0
thanks_i_will 1583162738319 411 251 touchmove 334 105 0.57142859697342 0.57142859697342 0 thanks 0
thanks_i_will 1583162738336 411 251 touchmove 338 99 0.57142859697342 0.57142859697342 0 thanks 0
thanks_i_will 1583162738352 411 251 touchmove 340 96 0.57142859697342 0.57142859697342 0 thanks 0
thanks_i_will 1583162738369 411 251 touchmove 341 95 0.57142859697342 0.57142859697342 0 thanks 0
thanks_i_will 1583162738386 411 251 touchmove 341 94 0.57142859697342 0.57142859697342 0 thanks 0
thanks_i_will 1583162738402 411 251 touchmove 341 94 0.57142859697342 0.57142859697342 0 thanks 0
thanks_i_will 1583162738419 411 251 touchmove 339 94 0.57142859697342 0.57142859697342 0 thanks 0
thanks_i_will 1583162738436 411 251 touchmove 333 94 0.57142859697342 0.57142859697342 0 thanks 0
thanks_i_will 1583162738452 411 251 touchmove 323 96 0.57142859697342 0.57142859697342 0 thanks 0
thanks_i_will 1583162738469 411 251 touchmove 309 101 0.57142859697342 0.57142859697342 0 thanks 0
thanks_i_will 1583162738486 411 251 touchmove 292 110 0.57142859697342 0.57142859697342 0 thanks 0
thanks_i_will 1583162738502 411 251 touchmove 274 115 0.57142859697342 0.57142859697342 0 thanks 0
thanks_i_will 1583162738519 411 251 touchmove 256 119 0.57142859697342 0.57142859697342 0 thanks 0
thanks_i_will 1583162738536 411 251 touchmove 235 120 0.57142859697342 0.57142859697342 0 thanks 0
thanks_i_will 1583162738552 411 251 touchmove 216 120 0.57142859697342 0.57142859697342 0 thanks 0
thanks_i_will 1583162738569 411 251 touchmove 198 118 0.57142859697342 0.57142859697342 0 thanks 0
thanks_i_will 1583162738586 411 251 touchmove 181 119 0.57142859697342 0.57142859697342 0 thanks 0
thanks_i_will 1583162738602 411 251 touchmove 166 120 0.57142859697342 0.57142859697342 0 thanks 0
thanks_i_will 1583162738619 411 251 touchmove 153 123 0.57142859697342 0.57142859697342 0 thanks 0
thanks_i_will 1583162738636 411 251 touchmove 141 124 0.57142859697342 0.57142859697342 0 thanks 0
thanks_i_will 1583162738652 411 251 touchmove 131 124 0.57142859697342 0.57142859697342 0 thanks 0
thanks_i_will 1583162738669 411 251 touchmove 122 122 0.57142859697342 0.57142859697342 0 thanks 0
thanks_i_will 1583162738686 411 251 touchmove 114 120 0.57142859697342 0.57142859697342 0 thanks 0
thanks_i_will 1583162738702 411 251 touchmove 105 116 0.57142859697342 0.57142859697342 0 thanks 0
thanks_i_will 1583162738719 411 251 touchmove 96 112 0.57142859697342 0.57142859697342 0 thanks 0
thanks_i_will 1583162738735 411 251 touchmove 89 110 0.57142859697342 0.57142859697342 0 thanks 0
thanks_i_will 1583162738752 411 251 touchmove 84 106 0.57142859697342 0.57142859697342 0 thanks 0
thanks_i_will 1583162738769 411 251 touchmove 82 104 0.57142859697342 0.57142859697342 0 thanks 0
thanks_i_will 1583162738786 411 251 touchmove 81 103 0.57142859697342 0.57142859697342 0 thanks 0
thanks_i_will 1583162738802 411 251 touchmove 80 102 0.57142859697342 0.57142859697342 0 thanks 0
thanks_i_will 1583162738819 411 251 touchmove 79 100 0.57142859697342 0.57142859697342 0 thanks 0
thanks_i_will 1583162738835 411 251 touchmove 79 98 0.57142859697342 0.57142859697342 0 thanks 0
thanks_i_will 1583162738852 411 251 touchmove 78 96 0.57142859697342 0.57142859697342 0 thanks 0
thanks_i_will 1583162738869 411 251 touchmove 77 94 0.57142859697342 0.57142859697342 0 thanks 0
thanks_i_will 1583162738880 411 251 touchmove 77 92 0.28571429848671 0.28571429848671 0 thanks 0
thanks_i_will 1583162738882 411 251 touchend 77 92 0.28571429848671 0.28571429848671 0 thanks 0
thanks_i_will 1583162739986 411 251 touchstart 314 51 0.28571429848671 0.28571429848671 0 i 0
thanks_i_will 1583162740026 411 251 touchmove 314 51 0.28571429848671 0.28571429848671 0 i 0
thanks_i_will 1583162740037 411 251 touchmove 314 52 0.28571429848671 0.28571429848671 0 i 0
thanks_i_will 1583162740049 411 251 touchmove 313 52 0.28571429848671 0.28571429848671 0 i 0
thanks_i_will 1583162740052 411 251 touchend 313 52 0.28571429848671 0.28571429848671 0 i 0
thanks_i_will 1583162741031 411 251 touchstart 39 38 0.28571429848671 0.28571429848671 0 will 0
thanks_i_will 1583162741080 411 251 touchmove 39 37 0.28571429848671 0.28571429848671 0 will 0
thanks_i_will 1583162741100 411 251 touchmove 45 36 0.28571429848671 0.28571429848671 0 will 0
thanks_i_will 1583162741116 411 251 touchmove 55 36 0.28571429848671 0.28571429848671 0 will 0
thanks_i_will 1583162741133 411 251 touchmove 63 36 0.28571429848671 0.28571429848671 0 will 0
thanks_i_will 1583162741150 411 251 touchmove 73 36 0.28571429848671 0.28571429848671 0 will 0
thanks_i_will 1583162741167 411 251 touchmove 83 37 0.28571429848671 0.28571429848671 0 will 0
thanks_i_will 1583162741183 411 251 touchmove 99 38 0.28571429848671 0.28571429848671 0 will 0
thanks_i_will 1583162741200 411 251 touchmove 118 38 0.28571429848671 0.28571429848671 0 will 0
thanks_i_will 1583162741216 411 251 touchmove 139 38 0.28571429848671 0.28571429848671 0 will 0
thanks_i_will 1583162741233 411 251 touchmove 162 37 0.28571429848671 0.28571429848671 0 will 0
thanks_i_will 1583162741250 411 251 touchmove 184 35 0.28571429848671 0.28571429848671 0 will 0
thanks_i_will 1583162741266 411 251 touchmove 206 34 0.28571429848671 0.28571429848671 0 will 0
thanks_i_will 1583162741283 411 251 touchmove 230 32 0.28571429848671 0.28571429848671 0 will 0
thanks_i_will 1583162741300 411 251 touchmove 255 31 0.28571429848671 0.28571429848671 0 will 0
thanks_i_will 1583162741316 411 251 touchmove 280 31 0.28571429848671 0.28571429848671 0 will 0
thanks_i_will 1583162741333 411 251 touchmove 303 31 0.28571429848671 0.28571429848671 0 will 0
thanks_i_will 1583162741350 411 251 touchmove 323 31 0.28571429848671 0.28571429848671 0 will 0
thanks_i_will 1583162741366 411 251 touchmove 338 32 0.28571429848671 0.28571429848671 0 will 0
thanks_i_will 1583162741383 411 251 touchmove 346 32 0.28571429848671 0.28571429848671 0 will 0
thanks_i_will 1583162741400 411 251 touchmove 350 32 0.28571429848671 0.28571429848671 0 will 0
thanks_i_will 1583162741417 411 251 touchmove 350 32 0.28571429848671 0.28571429848671 0 will 0
thanks_i_will 1583162741433 411 251 touchmove 351 32 0.28571429848671 0.28571429848671 0 will 0
thanks_i_will 1583162741449 411 251 touchmove 349 31 0.28571429848671 0.28571429848671 0 will 0
thanks_i_will 1583162741466 411 251 touchmove 345 30 0.28571429848671 0.28571429848671 0 will 0
thanks_i_will 1583162741483 411 251 touchmove 340 26 0.28571429848671 0.28571429848671 0 will 0
thanks_i_will 1583162741499 411 251 touchmove 335 22 0.57142859697342 0.57142859697342 0 will 0
thanks_i_will 1583162741516 411 251 touchmove 331 19 0.57142859697342 0.57142859697342 0 will 0
thanks_i_will 1583162741533 411 251 touchmove 331 18 0.57142859697342 0.57142859697342 0 will 0
thanks_i_will 1583162741549 411 251 touchmove 333 19 0.57142859697342 0.57142859697342 0 will 0
thanks_i_will 1583162741566 411 251 touchmove 337 25 0.57142859697342 0.57142859697342 0 will 0
thanks_i_will 1583162741583 411 251 touchmove 345 32 0.57142859697342 0.57142859697342 0 will 0
thanks_i_will 1583162741599 411 251 touchmove 352 48 0.57142859697342 0.57142859697342 0 will 0
thanks_i_will 1583162741616 411 251 touchmove 362 67 0.57142859697342 0.57142859697342 0 will 0
thanks_i_will 1583162741633 411 251 touchmove 369 87 0.57142859697342 0.57142859697342 0 will 0
thanks_i_will 1583162741649 411 251 touchmove 374 99 0.57142859697342 0.57142859697342 0 will 0
thanks_i_will 1583162741666 411 251 touchmove 378 104 0.57142859697342 0.57142859697342 0 will 0
thanks_i_will 1583162741683 411 251 touchmove 381 107 0.57142859697342 0.57142859697342 0 will 0
thanks_i_will 1583162741700 411 251 touchmove 384 106 0.57142859697342 0.57142859697342 0 will 0
thanks_i_will 1583162741716 411 251 touchmove 384 105 0.57142859697342 0.57142859697342 0 will 0
thanks_i_will 1583162741733 411 251 touchmove 386 104 0.57142859697342 0.57142859697342 0 will 0
thanks_i_will 1583162741750 411 251 touchmove 386 102 0.57142859697342 0.57142859697342 0 will 0
thanks_i_will 1583162741767 411 251 touchmove 385 102 0.28571429848671 0.28571429848671 0 will 0
thanks_i_will 1583162741783 411 251 touchmove 382 101 0.28571429848671 0.28571429848671 0 will 0
thanks_i_will 1583162741791 411 251 touchend 382 101 0.28571429848671 0.28571429848671 0 will 0
myers_casa_purposes_missing 1583162744460 411 251 touchstart 329 175 0.28571429848671 0.28571429848671 0 myers 0
myers_casa_purposes_missing 1583162744481 411 251 touchmove 328 173 0.28571429848671 0.28571429848671 0 myers 0
myers_casa_purposes_missing 1583162744498 411 251 touchmove 326 170 0.28571429848671 0.28571429848671 0 myers 0
myers_casa_purposes_missing 1583162744515 411 251 touchmove 322 164 0.28571429848671 0.28571429848671 0 myers 0
myers_casa_purposes_missing 1583162744530 411 251 touchmove 316 155 0.28571429848671 0.28571429848671 0 myers 0
myers_casa_purposes_missing 1583162744548 411 251 touchmove 301 136 0.28571429848671 0.28571429848671 0 myers 0
myers_casa_purposes_missing 1583162744564 411 251 touchmove 289 123 0.28571429848671 0.28571429848671 0 myers 0
myers_casa_purposes_missing 1583162744581 411 251 touchmove 283 116 0.28571429848671 0.28571429848671 0 myers 0
myers_casa_purposes_missing 1583162744597 411 251 touchmove 272 103 0.28571429848671 0.28571429848671 0 myers 0
myers_casa_purposes_missing 1583162744614 411 251 touchmove 261 90 0.28571429848671 0.28571429848671 0 myers 0
myers_casa_purposes_missing 1583162744631 411 251 touchmove 245 72 0.28571429848671 0.28571429848671 0 myers 0
myers_casa_purposes_missing 1583162744647 411 251 touchmove 235 61 0.28571429848671 0.28571429848671 0 myers 0
myers_casa_purposes_missing 1583162744664 411 251 touchmove 231 56 0.28571429848671 0.28571429848671 0 myers 0
myers_casa_purposes_missing 1583162744680 411 251 touchmove 222 43 0.28571429848671 0.28571429848671 0 myers 0
myers_casa_purposes_missing 1583162744697 411 251 touchmove 220 39 0.28571429848671 0.28571429848671 0 myers 0
myers_casa_purposes_missing 1583162744714 411 251 touchmove 219 36 0.28571429848671 0.28571429848671 0 myers 0
myers_casa_purposes_missing 1583162744730 411 251 touchmove 218 35 0.28571429848671 0.28571429848671 0 myers 0
myers_casa_purposes_missing 1583162744747 411 251 touchmove 218 34 0.28571429848671 0.28571429848671 0 myers 0
myers_casa_purposes_missing 1583162744763 411 251 touchmove 218 33 0.28571429848671 0.28571429848671 0 myers 0
myers_casa_purposes_missing 1583162744780 411 251 touchmove 218 32 0.28571429848671 0.28571429848671 0 myers 0
myers_casa_purposes_missing 1583162744797 411 251 touchmove 218 32 0.28571429848671 0.28571429848671 0 myers 0
myers_casa_purposes_missing 1583162744814 411 251 touchmove 218 36 0.28571429848671 0.28571429848671 0 myers 0
myers_casa_purposes_missing 1583162744830 411 251 touchmove 218 56 0.28571429848671 0.28571429848671 0 myers 0
myers_casa_purposes_missing 1583162744847 411 251 touchmove 217 72 0.28571429848671 0.28571429848671 0 myers 0
myers_casa_purposes_missing 1583162744863 411 251 touchmove 215 82 0.28571429848671 0.28571429848671 0 myers 0
myers_casa_purposes_missing 1583162744880 411 251 touchmove 207 90 0.28571429848671 0.28571429848671 0 myers 0
myers_casa_purposes_missing 1583162744897 411 251 touchmove 198 94 0.28571429848671 0.28571429848671 0 myers 0
myers_casa_purposes_missing 1583162744913 411 251 touchmove 187 99 0.28571429848671 0.28571429848671 0 myers 0
myers_casa_purposes_missing 1583162744931 411 251 touchmove 171 105 0.57142859697342 0.57142859697342 0 myers 0
myers_casa_purposes_missing 1583162744950 411 251 touchmove 151 111 0.28571429848671 0.28571429848671 0 myers 0
myers_casa_purposes_missing 1583162744963 411 251 touchmove 131 114 0.28571429848671 0.28571429848671 0 myers 0
myers_casa_purposes_missing 1583162744980 411 251 touchmove 111 113 0.28571429848671 0.28571429848671 0 myers 0
myers_casa_purposes_missing 1583162744997 411 251 touchmove 96 107 0.28571429848671 0.28571429848671 0 myers 0
myers_casa_purposes_missing 1583162745013 411 251 touchmove 83 98 0.28571429848671 0.28571429848671 0 myers 0
myers_casa_purposes_missing 1583162745030 411 251 touchmove 74 90 0.28571429848671 0.28571429848671 0 myers 0
myers_casa_purposes_missing 1583162745047 411 251 touchmove 66 84 0.28571429848671 0.28571429848671 0 myers 0
myers_casa_purposes_missing 1583162745064 411 251 touchmove 61 79 0.28571429848671 0.28571429848671 0 myers 0
myers_casa_purposes_missing 1583162745080 411 251 touchmove 56 75 0.28571429848671 0.28571429848671 0 myers 0
myers_casa_purposes_missing 1583162745098 411 251 touchmove 53 70 0.28571429848671 0.28571429848671 0 myers 0
myers_casa_purposes_missing 1583162745113 411 251 touchmove 52 65 0.28571429848671 0.28571429848671 0 myers 0
myers_casa_purposes_missing 1583162745130 411 251 touchmove 53 59 0.28571429848671 0.28571429848671 0 myers 0
myers_casa_purposes_missing 1583162745146 411 251 touchmove 57 54 0.28571429848671 0.28571429848671 0 myers 0
myers_casa_purposes_missing 1583162745163 411 251 touchmove 60 50 0.28571429848671 0.28571429848671 0 myers 0
myers_casa_purposes_missing 1583162745179 411 251 touchmove 65 47 0.28571429848671 0.28571429848671 0 myers 0
myers_casa_purposes_missing 1583162745196 411 251 touchmove 72 43 0.57142859697342 0.57142859697342 0 myers 0
myers_casa_purposes_missing 1583162745214 411 251 touchmove 81 40 0.57142859697342 0.57142859697342 0 myers 0
myers_casa_purposes_missing 1583162745230 411 251 touchmove 91 36 0.57142859697342 0.57142859697342 0 myers 0
myers_casa_purposes_missing 1583162745246 411 251 touchmove 101 33 0.57142859697342 0.57142859697342 0 myers 0
myers_casa_purposes_missing 1583162745263 411 251 touchmove 109 32 0.57142859697342 0.57142859697342 0 myers 0
myers_casa_purposes_missing 1583162745279 411 251 touchmove 117 31 0.57142859697342 0.57142859697342 0 myers 0
myers_casa_purposes_missing 1583162745296 411 251 touchmove 123 32 0.57142859697342 0.57142859697342 0 myers 0
myers_casa_purposes_missing 1583162745313 411 251 touchmove 128 34 0.57142859697342 0.57142859697342 0 myers 0
myers_casa_purposes_missing 1583162745329 411 251 touchmove 130 34 0.57142859697342 0.57142859697342 0 myers 0
myers_casa_purposes_missing 1583162745346 411 251 touchmove 129 34 0.57142859697342 0.57142859697342 0 myers 0
myers_casa_purposes_missing 1583162745363 411 251 touchmove 127 35 0.57142859697342 0.57142859697342 0 myers 0
myers_casa_purposes_missing 1583162745379 411 251 touchmove 123 35 0.57142859697342 0.57142859697342 0 myers 0
myers_casa_purposes_missing 1583162745396 411 251 touchmove 120 35 0.57142859697342 0.57142859697342 0 myers 0
myers_casa_purposes_missing 1583162745413 411 251 touchmove 116 35 0.57142859697342 0.57142859697342 0 myers 0
myers_casa_purposes_missing 1583162745429 411 251 touchmove 111 35 0.57142859697342 0.57142859697342 0 myers 0
myers_casa_purposes_missing 1583162745446 411 251 touchmove 106 35 0.57142859697342 0.57142859697342 0 myers 0
myers_casa_purposes_missing 1583162745463 411 251 touchmove 102 35 0.57142859697342 0.57142859697342 0 myers 0
myers_casa_purposes_missing 1583162745479 411 251 touchmove 98 35 0.57142859697342 0.57142859697342 0 myers 0
myers_casa_purposes_missing 1583162745496 411 251 touchmove 97 35 0.57142859697342 0.57142859697342 0 myers 0
myers_casa_purposes_missing 1583162745513 411 251 touchmove 95 35 0.57142859697342 0.57142859697342 0 myers 0
myers_casa_purposes_missing 1583162745529 411 251 touchmove 95 35 0.57142859697342 0.57142859697342 0 myers 0
myers_casa_purposes_missing 1583162745546 411 251 touchmove 96 34 0.57142859697342 0.57142859697342 0 myers 0
myers_casa_purposes_missing 1583162745563 411 251 touchmove 98 34 0.57142859697342 0.57142859697342 0 myers 0
myers_casa_purposes_missing 1583162745579 411 251 touchmove 103 34 0.57142859697342 0.57142859697342 0 myers 0
myers_casa_purposes_missing 1583162745596 411 251 touchmove 109 34 0.57142859697342 0.57142859697342 0 myers 0
myers_casa_purposes_missing 1583162745613 411 251 touchmove 116 34 0.57142859697342 0.57142859697342 0 myers 0
myers_casa_purposes_missing 1583162745630 411 251 touchmove 123 35 0.57142859697342 0.57142859697342 0 myers 0
myers_casa_purposes_missing 1583162745646 411 251 touchmove 129 37 0.57142859697342 0.57142859697342 0 myers 0
myers_casa_purposes_missing 1583162745663 411 251 touchmove 133 39 0.57142859697342 0.57142859697342 0 myers 0
myers_casa_purposes_missing 1583162745681 411 251 touchmove 137 41 0.57142859697342 0.57142859697342 0 myers 0
myers_casa_purposes_missing 1583162745696 411 251 touchmove 139 44 0.57142859697342 0.57142859697342 0 myers 0
myers_casa_purposes_missing 1583162745714 411 251 touchmove 139 46 0.57142859697342 0.57142859697342 0 myers 0
myers_casa_purposes_missing 1583162745729 411 251 touchmove 138 48 0.57142859697342 0.57142859697342 0 myers 0
myers_casa_purposes_missing 1583162745748 411 251 touchmove 134 51 0.57142859697342 0.57142859697342 0 myers 0
myers_casa_purposes_missing 1583162745762 411 251 touchmove 128 54 0.57142859697342 0.57142859697342 0 myers 0
myers_casa_purposes_missing 1583162745779 411 251 touchmove 119 57 0.57142859697342 0.57142859697342 0 myers 0
myers_casa_purposes_missing 1583162745796 411 251 touchmove 112 60 0.57142859697342 0.57142859697342 0 myers 0
myers_casa_purposes_missing 1583162745812 411 251 touchmove 105 63 0.57142859697342 0.57142859697342 0 myers 0
myers_casa_purposes_missing 1583162745829 411 251 touchmove 99 68 0.57142859697342 0.57142859697342 0 myers 0
myers_casa_purposes_missing 1583162745846 411 251 touchmove 94 71 0.57142859697342 0.57142859697342 0 myers 0
myers_casa_purposes_missing 1583162745863 411 251 touchmove 90 75 0.57142859697342 0.57142859697342 0 myers 0
myers_casa_purposes_missing 1583162745879 411 251 touchmove 87 76 0.28571429848671 0.28571429848671 0 myers 0
myers_casa_purposes_missing 1583162745896 411 251 touchmove 86 76 0.28571429848671 0.28571429848671 0 myers 0
myers_casa_purposes_missing 1583162745912 411 251 touchmove 85 78 0.28571429848671 0.28571429848671 0 myers 0
myers_casa_purposes_missing 1583162745929 411 251 touchmove 83 79 0.28571429848671 0.28571429848671 0 myers 0
myers_casa_purposes_missing 1583162745946 411 251 touchmove 81 81 0.28571429848671 0.28571429848671 0 myers 0
myers_casa_purposes_missing 1583162745963 411 251 touchmove 79 83 0.28571429848671 0.28571429848671 0 myers 0
myers_casa_purposes_missing 1583162745979 411 251 touchmove 77 85 0.28571429848671 0.28571429848671 0 myers 0
myers_casa_purposes_missing 1583162745996 411 251 touchmove 75 87 0.28571429848671 0.28571429848671 0 myers 0
myers_casa_purposes_missing 1583162746012 411 251 touchmove 75 89 0.28571429848671 0.28571429848671 0 myers 0
myers_casa_purposes_missing 1583162746030 411 251 touchmove 75 91 0.28571429848671 0.28571429848671 0 myers 0
myers_casa_purposes_missing 1583162746046 411 251 touchmove 75 94 0.28571429848671 0.28571429848671 0 myers 0
myers_casa_purposes_missing 1583162746062 411 251 touchmove 75 98 0.28571429848671 0.28571429848671 0 myers 0
myers_casa_purposes_missing 1583162746082 411 251 touchmove 76 101 0.28571429848671 0.28571429848671 0 myers 0
myers_casa_purposes_missing 1583162746099 411 251 touchmove 78 106 0.28571429848671 0.28571429848671 0 myers 0
myers_casa_purposes_missing 1583162746113 411 251 touchmove 79 107 0.28571429848671 0.28571429848671 0 myers 0
myers_casa_purposes_missing 1583162746130 411 251 touchmove 81 110 0.28571429848671 0.28571429848671 0 myers 0
myers_casa_purposes_missing 1583162746146 411 251 touchmove 81 111 0.28571429848671 0.28571429848671 0 myers 0
myers_casa_purposes_missing 1583162746163 411 251 touchmove 82 111 0.28571429848671 0.28571429848671 0 myers 0
myers_casa_purposes_missing 1583162746181 411 251 touchmove 83 112 0.28571429848671 0.28571429848671 0 myers 0
myers_casa_purposes_missing 1583162746195 411 251 touchmove 83 112 0.28571429848671 0.28571429848671 0 myers 0
myers_casa_purposes_missing 1583162746213 411 251 touchmove 85 112 0.28571429848671 0.28571429848671 0 myers 0
myers_casa_purposes_missing 1583162746228 411 251 touchmove 86 112 0.28571429848671 0.28571429848671 0 myers 0
myers_casa_purposes_missing 1583162746246 411 251 touchmove 89 112 0.28571429848671 0.28571429848671 0 myers 0
myers_casa_purposes_missing 1583162746262 411 251 touchmove 90 112 0.28571429848671 0.28571429848671 0 myers 0
myers_casa_purposes_missing 1583162746279 411 251 touchmove 92 112 0.28571429848671 0.28571429848671 0 myers 0
myers_casa_purposes_missing 1583162746296 411 251 touchmove 93 112 0.28571429848671 0.28571429848671 0 myers 0
myers_casa_purposes_missing 1583162746313 411 251 touchmove 95 111 0.28571429848671 0.28571429848671 0 myers 0
myers_casa_purposes_missing 1583162746329 411 251 touchmove 96 111 0.28571429848671 0.28571429848671 0 myers 0
myers_casa_purposes_missing 1583162746346 411 251 touchmove 97 110 0.28571429848671 0.28571429848671 0 myers 0
myers_casa_purposes_missing 1583162746363 411 251 touchmove 99 107 0.28571429848671 0.28571429848671 0 myers 0
myers_casa_purposes_missing 1583162746378 411 251 touchmove 100 106 0.28571429848671 0.28571429848671 0 myers 0
myers_casa_purposes_missing 1583162746396 411 251 touchmove 102 103 0.28571429848671 0.28571429848671 0 myers 0
myers_casa_purposes_missing 1583162746412 411 251 touchmove 103 100 0.28571429848671 0.28571429848671 0 myers 0
myers_casa_purposes_missing 1583162746428 411 251 touchmove 105 99 0.28571429848671 0.28571429848671 0 myers 0
myers_casa_purposes_missing 1583162746446 411 251 touchmove 105 98 0.28571429848671 0.28571429848671 0 myers 0
myers_casa_purposes_missing 1583162746462 411 251 touchmove 106 96 0.28571429848671 0.28571429848671 0 myers 0
myers_casa_purposes_missing 1583162746478 411 251 touchmove 107 94 0.28571429848671 0.28571429848671 0 myers 0
myers_casa_purposes_missing 1583162746496 411 251 touchmove 108 93 0.28571429848671 0.28571429848671 0 myers 0
myers_casa_purposes_missing 1583162746512 411 251 touchmove 109 92 0.28571429848671 0.28571429848671 0 myers 0
myers_casa_purposes_missing 1583162746528 411 251 touchmove 110 92 0.28571429848671 0.28571429848671 0 myers 0
myers_casa_purposes_missing 1583162746545 411 251 touchmove 111 93 0.28571429848671 0.28571429848671 0 myers 0
myers_casa_purposes_missing 1583162746562 411 251 touchmove 112 94 0.28571429848671 0.28571429848671 0 myers 0
myers_casa_purposes_missing 1583162746579 411 251 touchmove 113 94 0.28571429848671 0.28571429848671 0 myers 0
myers_casa_purposes_missing 1583162746597 411 251 touchmove 114 95 0.28571429848671 0.28571429848671 0 myers 0
myers_casa_purposes_missing 1583162746611 411 251 touchmove 119 102 0.28571429848671 0.28571429848671 0 myers 0
myers_casa_purposes_missing 1583162746628 411 251 touchmove 125 114 0.28571429848671 0.28571429848671 0 myers 0
myers_casa_purposes_missing 1583162746645 411 251 touchmove 133 134 0.28571429848671 0.28571429848671 0 myers 0
myers_casa_purposes_missing 1583162746661 411 251 touchmove 142 156 0.28571429848671 0.28571429848671 0 myers 0
myers_casa_purposes_missing 1583162746680 411 251 touchmove 153 171 0.28571429848671 0.28571429848671 0 myers 0
myers_casa_purposes_missing 1583162746694 411 251 touchmove 161 181 0.28571429848671 0.28571429848671 0 myers 0
myers_casa_purposes_missing 1583162746711 411 251 touchmove 167 187 0.28571429848671 0.28571429848671 0 myers 0
myers_casa_purposes_missing 1583162746728 411 251 touchmove 171 191 0.28571429848671 0.28571429848671 0 myers 0
myers_casa_purposes_missing 1583162746745 411 251 touchmove 174 192 0.28571429848671 0.28571429848671 0 myers 0
myers_casa_purposes_missing 1583162746761 411 251 touchmove 175 193 0.28571429848671 0.28571429848671 0 myers 0
myers_casa_purposes_missing 1583162746778 411 251 touchmove 175 193 0.28571429848671 0.28571429848671 0 myers 0
myers_casa_purposes_missing 1583162746810 411 251 touchmove 175 193 0.28571429848671 0.28571429848671 0 myers 0
myers_casa_purposes_missing 1583162746828 411 251 touchmove 174 193 0.28571429848671 0.28571429848671 0 myers 0
myers_casa_purposes_missing 1583162746895 411 251 touchmove 174 192 0.28571429848671 0.28571429848671 0 myers 0
myers_casa_purposes_missing 1583162746911 411 251 touchmove 174 192 0.28571429848671 0.28571429848671 0 myers 0
myers_casa_purposes_missing 1583162746928 411 251 touchmove 173 191 0.28571429848671 0.28571429848671 0 myers 0
myers_casa_purposes_missing 1583162746944 411 251 touchmove 171 189 0.28571429848671 0.28571429848671 0 myers 0
myers_casa_purposes_missing 1583162746961 411 251 touchmove 167 184 0.28571429848671 0.28571429848671 0 myers 0
myers_casa_purposes_missing 1583162746978 411 251 touchmove 157 174 0.28571429848671 0.28571429848671 0 myers 0
myers_casa_purposes_missing 1583162746994 411 251 touchmove 144 161 0.28571429848671 0.28571429848671 0 myers 0
myers_casa_purposes_missing 1583162747011 411 251 touchmove 131 149 0.28571429848671 0.28571429848671 0 myers 0
myers_casa_purposes_missing 1583162747027 411 251 touchmove 115 136 0.28571429848671 0.28571429848671 0 myers 0
myers_casa_purposes_missing 1583162747044 411 251 touchmove 98 123 0.28571429848671 0.28571429848671 0 myers 0
myers_casa_purposes_missing 1583162747061 411 251 touchmove 82 111 0.28571429848671 0.28571429848671 0 myers 0
myers_casa_purposes_missing 1583162747077 411 251 touchmove 68 99 0.28571429848671 0.28571429848671 0 myers 0
myers_casa_purposes_missing 1583162747094 411 251 touchmove 55 90 0.28571429848671 0.28571429848671 0 myers 0
myers_casa_purposes_missing 1583162747111 411 251 touchmove 44 83 0.28571429848671 0.28571429848671 0 myers 0
myers_casa_purposes_missing 1583162747127 411 251 touchmove 35 79 0.28571429848671 0.28571429848671 0 myers 0
myers_casa_purposes_missing 1583162747144 411 251 touchmove 29 76 0.28571429848671 0.28571429848671 0 myers 0
myers_casa_purposes_missing 1583162747160 411 251 touchmove 27 75 0.28571429848671 0.28571429848671 0 myers 0
myers_casa_purposes_missing 1583162747177 411 251 touchmove 25 75 0.28571429848671 0.28571429848671 0 myers 0
myers_casa_purposes_missing 1583162747228 411 251 touchmove 26 75 0.28571429848671 0.28571429848671 0 myers 0
myers_casa_purposes_missing 1583162747245 411 251 touchmove 26 76 0.28571429848671 0.28571429848671 0 myers 0
myers_casa_purposes_missing 1583162747261 411 251 touchmove 27 77 0.28571429848671 0.28571429848671 0 myers 0
myers_casa_purposes_missing 1583162747277 411 251 touchmove 30 79 0.28571429848671 0.28571429848671 0 myers 0
myers_casa_purposes_missing 1583162747294 411 251 touchmove 33 80 0.28571429848671 0.28571429848671 0 myers 0
myers_casa_purposes_missing 1583162747322 411 251 touchmove 37 82 0.28571429848671 0.28571429848671 0 myers 0
myers_casa_purposes_missing 1583162747331 411 251 touchmove 41 83 0.28571429848671 0.28571429848671 0 myers 0
myers_casa_purposes_missing 1583162747344 411 251 touchmove 45 84 0.28571429848671 0.28571429848671 0 myers 0
myers_casa_purposes_missing 1583162747361 411 251 touchmove 56 87 0.28571429848671 0.28571429848671 0 myers 0
myers_casa_purposes_missing 1583162747377 411 251 touchmove 68 90 0.28571429848671 0.28571429848671 0 myers 0
myers_casa_purposes_missing 1583162747398 411 251 touchmove 80 94 0.28571429848671 0.28571429848671 0 myers 0
myers_casa_purposes_missing 1583162747411 411 251 touchmove 90 98 0.28571429848671 0.28571429848671 0 myers 0
myers_casa_purposes_missing 1583162747428 411 251 touchmove 97 100 0.28571429848671 0.28571429848671 0 myers 0
myers_casa_purposes_missing 1583162747445 411 251 touchmove 100 102 0.28571429848671 0.28571429848671 0 myers 0
myers_casa_purposes_missing 1583162747492 411 251 touchmove 102 102 0.28571429848671 0.28571429848671 0 myers 0
myers_casa_purposes_missing 1583162747511 411 251 touchmove 102 100 0.28571429848671 0.28571429848671 0 myers 0
myers_casa_purposes_missing 1583162747527 411 251 touchmove 101 98 0.28571429848671 0.28571429848671 0 myers 0
myers_casa_purposes_missing 1583162747545 411 251 touchmove 99 93 0.28571429848671 0.28571429848671 0 myers 0
myers_casa_purposes_missing 1583162747560 411 251 touchmove 98 86 0.28571429848671 0.28571429848671 0 myers 0
myers_casa_purposes_missing 1583162747577 411 251 touchmove 97 62 0.28571429848671 0.28571429848671 0 myers 0
myers_casa_purposes_missing 1583162747594 411 251 touchmove 96 39 0.28571429848671 0.28571429848671 0 myers 0
myers_casa_purposes_missing 1583162747611 411 251 touchmove 95 22 0.28571429848671 0.28571429848671 0 myers 0
myers_casa_purposes_missing 1583162747627 411 251 touchmove 95 12 0.28571429848671 0.28571429848671 0 myers 0
myers_casa_purposes_missing 1583162747643 411 251 touchmove 95 10 0.28571429848671 0.28571429848671 0 myers 0
myers_casa_purposes_missing 1583162747661 411 251 touchmove 94 11 0.28571429848671 0.28571429848671 0 myers 0
myers_casa_purposes_missing 1583162747677 411 251 touchmove 94 17 0.28571429848671 0.28571429848671 0 myers 0
myers_casa_purposes_missing 1583162747693 411 251 touchmove 94 28 0.28571429848671 0.28571429848671 0 myers 0
myers_casa_purposes_missing 1583162747711 411 251 touchmove 94 46 0.28571429848671 0.28571429848671 0 myers 0
myers_casa_purposes_missing 1583162747727 411 251 touchmove 93 62 0.28571429848671 0.28571429848671 0 myers 0
myers_casa_purposes_missing 1583162747744 411 251 touchmove 93 73 0.28571429848671 0.28571429848671 0 myers 0
myers_casa_purposes_missing 1583162747760 411 251 touchmove 92 79 0.28571429848671 0.28571429848671 0 myers 0
myers_casa_purposes_missing 1583162747776 411 251 touchmove 90 85 0.28571429848671 0.28571429848671 0 myers 0
myers_casa_purposes_missing 1583162747794 411 251 touchmove 87 88 0.28571429848671 0.28571429848671 0 myers 0
myers_casa_purposes_missing 1583162747810 411 251 touchmove 83 94 0.28571429848671 0.28571429848671 0 myers 0
myers_casa_purposes_missing 1583162747827 411 251 touchmove 80 102 0.28571429848671 0.28571429848671 0 myers 0
myers_casa_purposes_missing 1583162747843 411 251 touchmove 77 110 0.28571429848671 0.28571429848671 0 myers 0
myers_casa_purposes_missing 1583162747860 411 251 touchmove 72 117 0.28571429848671 0.28571429848671 0 myers 0
myers_casa_purposes_missing 1583162747877 411 251 touchmove 65 124 0.28571429848671 0.28571429848671 0 myers 0
myers_casa_purposes_missing 1583162747894 411 251 touchmove 55 126 0.28571429848671 0.28571429848671 0 myers 0
myers_casa_purposes_missing 1583162747910 411 251 touchmove 48 123 0.28571429848671 0.28571429848671 0 myers 0
myers_casa_purposes_missing 1583162747927 411 251 touchmove 42 116 0.28571429848671 0.28571429848671 0 myers 0
myers_casa_purposes_missing 1583162747944 411 251 touchmove 38 107 0.28571429848671 0.28571429848671 0 myers 0
myers_casa_purposes_missing 1583162747960 411 251 touchmove 34 96 0.28571429848671 0.28571429848671 0 myers 0
myers_casa_purposes_missing 1583162747978 411 251 touchmove 30 88 0.28571429848671 0.28571429848671 0 myers 0
myers_casa_purposes_missing 1583162747994 411 251 touchmove 29 78 0.28571429848671 0.28571429848671 0 myers 0
myers_casa_purposes_missing 1583162748011 411 251 touchmove 28 71 0.28571429848671 0.28571429848671 0 myers 0
myers_casa_purposes_missing 1583162748028 411 251 touchmove 29 70 0.28571429848671 0.28571429848671 0 myers 0
myers_casa_purposes_missing 1583162748044 411 251 touchmove 31 72 0.28571429848671 0.28571429848671 0 myers 0
myers_casa_purposes_missing 1583162748061 411 251 touchmove 37 79 0.28571429848671 0.28571429848671 0 myers 0
myers_casa_purposes_missing 1583162748077 411 251 touchmove 49 87 0.28571429848671 0.28571429848671 0 myers 0
myers_casa_purposes_missing 1583162748094 411 251 touchmove 66 90 0.28571429848671 0.28571429848671 0 myers 0
myers_casa_purposes_missing 1583162748097 411 251 touchend 66 90 0.28571429848671 0.28571429848671 0 myers 0
myers_casa_purposes_missing 1583162749646 411 251 touchstart 164 168 0.28571429848671 0.28571429848671 0 casa 0
myers_casa_purposes_missing 1583162749676 411 251 touchmove 161 166 0.28571429848671 0.28571429848671 0 casa 0
myers_casa_purposes_missing 1583162749692 411 251 touchmove 157 162 0.28571429848671 0.28571429848671 0 casa 0
myers_casa_purposes_missing 1583162749708 411 251 touchmove 147 155 0.28571429848671 0.28571429848671 0 casa 0
myers_casa_purposes_missing 1583162749725 411 251 touchmove 135 149 0.28571429848671 0.28571429848671 0 casa 0
myers_casa_purposes_missing 1583162749742 411 251 touchmove 119 142 0.28571429848671 0.28571429848671 0 casa 0
myers_casa_purposes_missing 1583162749758 411 251 touchmove 102 133 0.28571429848671 0.28571429848671 0 casa 0
myers_casa_purposes_missing 1583162749776 411 251 touchmove 82 124 0.28571429848671 0.28571429848671 0 casa 0
myers_casa_purposes_missing 1583162749792 411 251 touchmove 65 118 0.28571429848671 0.28571429848671 0 casa 0
myers_casa_purposes_missing 1583162749808 411 251 touchmove 49 114 0.28571429848671 0.28571429848671 0 casa 0
myers_casa_purposes_missing 1583162749826 411 251 touchmove 37 110 0.28571429848671 0.28571429848671 0 casa 0
myers_casa_purposes_missing 1583162749842 411 251 touchmove 27 104 0.28571429848671 0.28571429848671 0 casa 0
myers_casa_purposes_missing 1583162749859 411 251 touchmove 22 98 0.28571429848671 0.28571429848671 0 casa 0
myers_casa_purposes_missing 1583162749875 411 251 touchmove 17 94 0.28571429848671 0.28571429848671 0 casa 0
myers_casa_purposes_missing 1583162749892 411 251 touchmove 15 90 0.28571429848671 0.28571429848671 0 casa 0
myers_casa_purposes_missing 1583162749909 411 251 touchmove 14 88 0.28571429848671 0.28571429848671 0 casa 0
myers_casa_purposes_missing 1583162749925 411 251 touchmove 13 87 0.28571429848671 0.28571429848671 0 casa 0
myers_casa_purposes_missing 1583162749943 411 251 touchmove 14 87 0.28571429848671 0.28571429848671 0 casa 0
myers_casa_purposes_missing 1583162749959 411 251 touchmove 18 87 0.28571429848671 0.28571429848671 0 casa 0
myers_casa_purposes_missing 1583162749975 411 251 touchmove 21 88 0.28571429848671 0.28571429848671 0 casa 0
myers_casa_purposes_missing 1583162749991 411 251 touchmove 27 90 0.28571429848671 0.28571429848671 0 casa 0
myers_casa_purposes_missing 1583162750008 411 251 touchmove 38 93 0.28571429848671 0.28571429848671 0 casa 0
myers_casa_purposes_missing 1583162750026 411 251 touchmove 49 96 0.28571429848671 0.28571429848671 0 casa 0
myers_casa_purposes_missing 1583162750042 411 251 touchmove 59 99 0.28571429848671 0.28571429848671 0 casa 0
myers_casa_purposes_missing 1583162750058 411 251 touchmove 69 102 0.28571429848671 0.28571429848671 0 casa 0
myers_casa_purposes_missing 1583162750075 411 251 touchmove 75 104 0.28571429848671 0.28571429848671 0 casa 0
myers_casa_purposes_missing 1583162750092 411 251 touchmove 82 106 0.28571429848671 0.28571429848671 0 casa 0
myers_casa_purposes_missing 1583162750108 411 251 touchmove 85 107 0.28571429848671 0.28571429848671 0 casa 0
myers_casa_purposes_missing 1583162750125 411 251 touchmove 86 107 0.28571429848671 0.28571429848671 0 casa 0
myers_casa_purposes_missing 1583162750141 411 251 touchmove 87 107 0.28571429848671 0.28571429848671 0 casa 0
myers_casa_purposes_missing 1583162750158 411 251 touchmove 87 106 0.28571429848671 0.28571429848671 0 casa 0
myers_casa_purposes_missing 1583162750189 411 251 touchmove 86 106 0.28571429848671 0.28571429848671 0 casa 0
myers_casa_purposes_missing 1583162750208 411 251 touchmove 85 106 0.28571429848671 0.28571429848671 0 casa 0
myers_casa_purposes_missing 1583162750225 411 251 touchmove 78 103 0.28571429848671 0.28571429848671 0 casa 0
myers_casa_purposes_missing 1583162750242 411 251 touchmove 68 103 0.28571429848671 0.28571429848671 0 casa 0
myers_casa_purposes_missing 1583162750258 411 251 touchmove 58 102 0.28571429848671 0.28571429848671 0 casa 0
myers_casa_purposes_missing 1583162750275 411 251 touchmove 50 101 0.28571429848671 0.28571429848671 0 casa 0
myers_casa_purposes_missing 1583162750291 411 251 touchmove 41 100 0.28571429848671 0.28571429848671 0 casa 0
myers_casa_purposes_missing 1583162750308 411 251 touchmove 33 100 0.28571429848671 0.28571429848671 0 casa 0
myers_casa_purposes_missing 1583162750325 411 251 touchmove 26 100 0.28571429848671 0.28571429848671 0 casa 0
myers_casa_purposes_missing 1583162750341 411 251 touchmove 22 100 0.28571429848671 0.28571429848671 0 casa 0
myers_casa_purposes_missing 1583162750358 411 251 touchmove 19 99 0.28571429848671 0.28571429848671 0 casa 0
myers_casa_purposes_missing 1583162750371 411 251 touchmove 19 97 0.28571429848671 0.28571429848671 0 casa 0
myers_casa_purposes_missing 1583162750373 411 251 touchend 19 97 0.28571429848671 0.28571429848671 0 casa 0
myers_casa_purposes_missing 1583162751429 411 251 touchstart 395 48 0.28571429848671 0.28571429848671 0 purposes 1
myers_casa_purposes_missing 1583162751457 411 251 touchmove 392 48 0.28571429848671 0.28571429848671 0 purposes 1
myers_casa_purposes_missing 1583162751473 411 251 touchmove 390 48 0.28571429848671 0.28571429848671 0 purposes 1
myers_casa_purposes_missing 1583162751490 411 251 touchmove 389 49 0.28571429848671 0.28571429848671 0 purposes 1
myers_casa_purposes_missing 1583162751508 411 251 touchmove 388 51 0.28571429848671 0.28571429848671 0 purposes 1
myers_casa_purposes_missing 1583162751523 411 251 touchmove 386 55 0.28571429848671 0.28571429848671 0 purposes 1
myers_casa_purposes_missing 1583162751540 411 251 touchmove 383 60 0.28571429848671 0.28571429848671 0 purposes 1
myers_casa_purposes_missing 1583162751557 411 251 touchmove 379 65 0.28571429848671 0.28571429848671 0 purposes 1
myers_casa_purposes_missing 1583162751574 411 251 touchmove 373 70 0.57142859697342 0.57142859697342 0 purposes 1
myers_casa_purposes_missing 1583162751590 411 251 touchmove 364 73 0.57142859697342 0.57142859697342 0 purposes 1
myers_casa_purposes_missing 1583162751607 411 251 touchmove 353 75 0.57142859697342 0.57142859697342 0 purposes 1
myers_casa_purposes_missing 1583162751623 411 251 touchmove 342 72 0.57142859697342 0.57142859697342 0 purposes 1
myers_casa_purposes_missing 1583162751640 411 251 touchmove 326 68 0.57142859697342 0.57142859697342 0 purposes 1
myers_casa_purposes_missing 1583162751657 411 251 touchmove 311 60 0.57142859697342 0.57142859697342 0 purposes 1
myers_casa_purposes_missing 1583162751675 411 251 touchmove 299 55 0.57142859697342 0.57142859697342 0 purposes 1
myers_casa_purposes_missing 1583162751692 411 251 touchmove 289 48 0.57142859697342 0.57142859697342 0 purposes 1
myers_casa_purposes_missing 1583162751707 411 251 touchmove 283 42 0.57142859697342 0.57142859697342 0 purposes 1
myers_casa_purposes_missing 1583162751723 411 251 touchmove 279 37 0.57142859697342 0.57142859697342 0 purposes 1
myers_casa_purposes_missing 1583162751740 411 251 touchmove 277 33 0.57142859697342 0.57142859697342 0 purposes 1
myers_casa_purposes_missing 1583162751757 411 251 touchmove 277 30 0.57142859697342 0.57142859697342 0 purposes 1
myers_casa_purposes_missing 1583162751773 411 251 touchmove 277 28 0.57142859697342 0.57142859697342 0 purposes 1
myers_casa_purposes_missing 1583162751790 411 251 touchmove 278 26 0.57142859697342 0.57142859697342 0 purposes 1
myers_casa_purposes_missing 1583162751807 411 251 touchmove 278 26 0.57142859697342 0.57142859697342 0 purposes 1
myers_casa_purposes_missing 1583162751857 411 251 touchmove 277 26 0.57142859697342 0.57142859697342 0 purposes 1
myers_casa_purposes_missing 1583162751873 411 251 touchmove 273 28 0.57142859697342 0.57142859697342 0 purposes 1
myers_casa_purposes_missing 1583162751890 411 251 touchmove 266 31 0.57142859697342 0.57142859697342 0 purposes 1
myers_casa_purposes_missing 1583162751906 411 251 touchmove 257 35 0.57142859697342 0.57142859697342 0 purposes 1
myers_casa_purposes_missing 1583162751923 411 251 touchmove 245 40 0.57142859697342 0.57142859697342 0 purposes 1
myers_casa_purposes_missing 1583162751940 411 251 touchmove 231 44 0.57142859697342 0.57142859697342 0 purposes 1
myers_casa_purposes_missing 1583162751957 411 251 touchmove 218 48 0.57142859697342 0.57142859697342 0 purposes 1
myers_casa_purposes_missing 1583162751974 411 251 touchmove 204 50 0.57142859697342 0.57142859697342 0 purposes 1
myers_casa_purposes_missing 1583162751990 411 251 touchmove 191 51 0.57142859697342 0.57142859697342 0 purposes 1
myers_casa_purposes_missing 1583162752006 411 251 touchmove 181 51 0.57142859697342 0.57142859697342 0 purposes 1
myers_casa_purposes_missing 1583162752023 411 251 touchmove 169 51 0.57142859697342 0.57142859697342 0 purposes 1
myers_casa_purposes_missing 1583162752040 411 251 touchmove 164 50 0.57142859697342 0.57142859697342 0 purposes 1
myers_casa_purposes_missing 1583162752057 411 251 touchmove 159 48 0.57142859697342 0.57142859697342 0 purposes 1
myers_casa_purposes_missing 1583162752073 411 251 touchmove 155 45 0.57142859697342 0.57142859697342 0 purposes 1
myers_casa_purposes_missing 1583162752090 411 251 touchmove 152 43 0.57142859697342 0.57142859697342 0 purposes 1
myers_casa_purposes_missing 1583162752106 411 251 touchmove 148 42 0.57142859697342 0.57142859697342 0 purposes 1
myers_casa_purposes_missing 1583162752124 411 251 touchmove 141 40 0.57142859697342 0.57142859697342 0 purposes 1
myers_casa_purposes_missing 1583162752140 411 251 touchmove 133 39 0.57142859697342 0.57142859697342 0 purposes 1
myers_casa_purposes_missing 1583162752156 411 251 touchmove 125 38 0.57142859697342 0.57142859697342 0 purposes 1
myers_casa_purposes_missing 1583162752173 411 251 touchmove 118 36 0.57142859697342 0.57142859697342 0 purposes 1
myers_casa_purposes_missing 1583162752190 411 251 touchmove 114 34 0.57142859697342 0.57142859697342 0 purposes 1
myers_casa_purposes_missing 1583162752206 411 251 touchmove 112 32 0.57142859697342 0.57142859697342 0 purposes 1
myers_casa_purposes_missing 1583162752224 411 251 touchmove 112 31 0.57142859697342 0.57142859697342 0 purposes 1
myers_casa_purposes_missing 1583162752240 411 251 touchmove 114 30 0.57142859697342 0.57142859697342 0 purposes 1
myers_casa_purposes_missing 1583162752256 411 251 touchmove 118 32 0.57142859697342 0.57142859697342 0 purposes 1
myers_casa_purposes_missing 1583162752274 411 251 touchmove 129 35 0.57142859697342 0.57142859697342 0 purposes 1
myers_casa_purposes_missing 1583162752290 411 251 touchmove 139 39 0.57142859697342 0.57142859697342 0 purposes 1
myers_casa_purposes_missing 1583162752307 411 251 touchmove 147 42 0.57142859697342 0.57142859697342 0 purposes 1
myers_casa_purposes_missing 1583162752324 411 251 touchmove 153 44 0.57142859697342 0.57142859697342 0 purposes 1
myers_casa_purposes_missing 1583162752340 411 251 touchmove 156 43 0.57142859697342 0.57142859697342 0 purposes 1
myers_casa_purposes_missing 1583162752357 411 251 touchmove 157 43 0.57142859697342 0.57142859697342 0 purposes 1
myers_casa_purposes_missing 1583162752374 411 251 touchmove 156 41 0.57142859697342 0.57142859697342 0 purposes 1
myers_casa_purposes_missing 1583162752390 411 251 touchmove 151 39 0.57142859697342 0.57142859697342 0 purposes 1
myers_casa_purposes_missing 1583162752406 411 251 touchmove 145 34 0.57142859697342 0.57142859697342 0 purposes 1
myers_casa_purposes_missing 1583162752423 411 251 touchmove 136 31 0.57142859697342 0.57142859697342 0 purposes 1
myers_casa_purposes_missing 1583162752440 411 251 touchmove 127 30 0.57142859697342 0.57142859697342 0 purposes 1
myers_casa_purposes_missing 1583162752457 411 251 touchmove 115 28 0.57142859697342 0.57142859697342 0 purposes 1
myers_casa_purposes_missing 1583162752473 411 251 touchmove 109 29 0.57142859697342 0.57142859697342 0 purposes 1
myers_casa_purposes_missing 1583162752491 411 251 touchmove 95 31 0.57142859697342 0.57142859697342 0 purposes 1
myers_casa_purposes_missing 1583162752507 411 251 touchmove 89 33 0.57142859697342 0.57142859697342 0 purposes 1
myers_casa_purposes_missing 1583162752523 411 251 touchmove 78 36 0.57142859697342 0.57142859697342 0 purposes 1
myers_casa_purposes_missing 1583162752540 411 251 touchmove 67 39 0.57142859697342 0.57142859697342 0 purposes 1
myers_casa_purposes_missing 1583162752556 411 251 touchmove 66 39 0.57142859697342 0.57142859697342 0 purposes 1
myers_casa_purposes_missing 1583162752573 411 251 touchmove 65 42 0.57142859697342 0.57142859697342 0 purposes 1
myers_casa_purposes_missing 1583162752590 411 251 touchmove 70 48 0.57142859697342 0.57142859697342 0 purposes 1
myers_casa_purposes_missing 1583162752606 411 251 touchmove 79 67 0.57142859697342 0.57142859697342 0 purposes 1
myers_casa_purposes_missing 1583162752623 411 251 touchmove 83 76 0.57142859697342 0.57142859697342 0 purposes 1
myers_casa_purposes_missing 1583162752640 411 251 touchmove 95 96 0.28571429848671 0.28571429848671 0 purposes 1
myers_casa_purposes_missing 1583162752656 411 251 touchmove 99 103 0.28571429848671 0.28571429848671 0 purposes 1
myers_casa_purposes_missing 1583162752673 411 251 touchmove 101 107 0.28571429848671 0.28571429848671 0 purposes 1
myers_casa_purposes_missing 1583162752689 411 251 touchmove 101 108 0.28571429848671 0.28571429848671 0 purposes 1
myers_casa_purposes_missing 1583162752706 411 251 touchmove 98 110 0.28571429848671 0.28571429848671 0 purposes 1
myers_casa_purposes_missing 1583162752723 411 251 touchmove 89 111 0.28571429848671 0.28571429848671 0 purposes 1
myers_casa_purposes_missing 1583162752739 411 251 touchmove 77 114 0.28571429848671 0.28571429848671 0 purposes 1
myers_casa_purposes_missing 1583162752756 411 251 touchmove 65 116 0.28571429848671 0.28571429848671 0 purposes 1
myers_casa_purposes_missing 1583162752773 411 251 touchmove 54 116 0.28571429848671 0.28571429848671 0 purposes 1
myers_casa_purposes_missing 1583162752791 411 251 touchmove 47 115 0.28571429848671 0.28571429848671 0 purposes 1
myers_casa_purposes_missing 1583162752806 411 251 touchmove 45 114 0.28571429848671 0.28571429848671 0 purposes 1
myers_casa_purposes_missing 1583162752822 411 251 touchmove 46 112 0.28571429848671 0.28571429848671 0 purposes 1
myers_casa_purposes_missing 1583162752839 411 251 touchmove 48 111 0.28571429848671 0.28571429848671 0 purposes 1
myers_casa_purposes_missing 1583162752856 411 251 touchmove 50 109 0.28571429848671 0.28571429848671 0 purposes 1
myers_casa_purposes_missing 1583162752872 411 251 touchmove 52 103 0.28571429848671 0.28571429848671 0 purposes 1
myers_casa_purposes_missing 1583162752890 411 251 touchmove 58 100 0.28571429848671 0.28571429848671 0 purposes 1
myers_casa_purposes_missing 1583162752906 411 251 touchmove 65 95 0.28571429848671 0.28571429848671 0 purposes 1
myers_casa_purposes_missing 1583162752923 411 251 touchmove 74 91 0.28571429848671 0.28571429848671 0 purposes 1
myers_casa_purposes_missing 1583162752939 411 251 touchmove 87 87 0.28571429848671 0.28571429848671 0 purposes 1
myers_casa_purposes_missing 1583162752956 411 251 touchmove 105 84 0.28571429848671 0.28571429848671 0 purposes 1
myers_casa_purposes_missing 1583162752972 411 251 touchmove 130 81 0.28571429848671 0.28571429848671 0 purposes 1
myers_casa_purposes_missing 1583162752989 411 251 touchmove 157 79 0.28571429848671 0.28571429848671 0 purposes 1
myers_casa_purposes_missing 1583162753005 411 251 touchmove 182 75 0.28571429848671 0.28571429848671 0 purposes 1
myers_casa_purposes_missing 1583162753022 411 251 touchmove 209 70 0.28571429848671 0.28571429848671 0 purposes 1
myers_casa_purposes_missing 1583162753039 411 251 touchmove 239 62 0.28571429848671 0.28571429848671 0 purposes 1
myers_casa_purposes_missing 1583162753055 411 251 touchmove 266 52 0.28571429848671 0.28571429848671 0 purposes 1
myers_casa_purposes_missing 1583162753072 411 251 touchmove 295 46 0.28571429848671 0.28571429848671 0 purposes 1
myers_casa_purposes_missing 1583162753091 411 251 touchmove 322 44 0.28571429848671 0.28571429848671 0 purposes 1
myers_casa_purposes_missing 1583162753106 411 251 touchmove 346 45 0.28571429848671 0.28571429848671 0 purposes 1
myers_casa_purposes_missing 1583162753122 411 251 touchmove 366 46 0.57142859697342 0.57142859697342 0 purposes 1
myers_casa_purposes_missing 1583162753139 411 251 touchmove 377 47 0.57142859697342 0.57142859697342 0 purposes 1
myers_casa_purposes_missing 1583162753155 411 251 touchmove 384 47 0.57142859697342 0.57142859697342 0 purposes 1
myers_casa_purposes_missing 1583162753172 411 251 touchmove 386 46 0.57142859697342 0.57142859697342 0 purposes 1
myers_casa_purposes_missing 1583162753189 411 251 touchmove 386 45 0.57142859697342 0.57142859697342 0 purposes 1
myers_casa_purposes_missing 1583162753205 411 251 touchmove 385 43 0.57142859697342 0.57142859697342 0 purposes 1
myers_casa_purposes_missing 1583162753222 411 251 touchmove 378 41 0.57142859697342 0.57142859697342 0 purposes 1
myers_casa_purposes_missing 1583162753238 411 251 touchmove 365 39 0.57142859697342 0.57142859697342 0 purposes 1
myers_casa_purposes_missing 1583162753256 411 251 touchmove 344 38 0.57142859697342 0.57142859697342 0 purposes 1
myers_casa_purposes_missing 1583162753272 411 251 touchmove 317 37 0.57142859697342 0.57142859697342 0 purposes 1
myers_casa_purposes_missing 1583162753289 411 251 touchmove 290 38 0.57142859697342 0.57142859697342 0 purposes 1
myers_casa_purposes_missing 1583162753307 411 251 touchmove 263 39 0.57142859697342 0.57142859697342 0 purposes 1
myers_casa_purposes_missing 1583162753322 411 251 touchmove 233 40 0.57142859697342 0.57142859697342 0 purposes 1
myers_casa_purposes_missing 1583162753339 411 251 touchmove 203 43 0.57142859697342 0.57142859697342 0 purposes 1
myers_casa_purposes_missing 1583162753355 411 251 touchmove 176 48 0.28571429848671 0.28571429848671 0 purposes 1
myers_casa_purposes_missing 1583162753372 411 251 touchmove 153 50 0.28571429848671 0.28571429848671 0 purposes 1
myers_casa_purposes_missing 1583162753389 411 251 touchmove 133 51 0.28571429848671 0.28571429848671 0 purposes 1
myers_casa_purposes_missing 1583162753405 411 251 touchmove 117 52 0.28571429848671 0.28571429848671 0 purposes 1
myers_casa_purposes_missing 1583162753422 411 251 touchmove 106 52 0.28571429848671 0.28571429848671 0 purposes 1
myers_casa_purposes_missing 1583162753438 411 251 touchmove 101 52 0.28571429848671 0.28571429848671 0 purposes 1
myers_casa_purposes_missing 1583162753455 411 251 touchmove 101 52 0.28571429848671 0.28571429848671 0 purposes 1
myers_casa_purposes_missing 1583162753472 411 251 touchmove 103 53 0.28571429848671 0.28571429848671 0 purposes 1
myers_casa_purposes_missing 1583162753488 411 251 touchmove 106 55 0.28571429848671 0.28571429848671 0 purposes 1
myers_casa_purposes_missing 1583162753505 411 251 touchmove 108 58 0.28571429848671 0.28571429848671 0 purposes 1
myers_casa_purposes_missing 1583162753522 411 251 touchmove 109 60 0.28571429848671 0.28571429848671 0 purposes 1
myers_casa_purposes_missing 1583162753538 411 251 touchmove 108 64 0.28571429848671 0.28571429848671 0 purposes 1
myers_casa_purposes_missing 1583162753555 411 251 touchmove 102 80 0.28571429848671 0.28571429848671 0 purposes 1
myers_casa_purposes_missing 1583162753572 411 251 touchmove 92 107 0.28571429848671 0.28571429848671 0 purposes 1
myers_casa_purposes_missing 1583162753588 411 251 touchmove 83 126 0.28571429848671 0.28571429848671 0 purposes 1
myers_casa_purposes_missing 1583162753605 411 251 touchmove 75 139 0.28571429848671 0.28571429848671 0 purposes 1
myers_casa_purposes_missing 1583162753622 411 251 touchmove 73 144 0.28571429848671 0.28571429848671 0 purposes 1
myers_casa_purposes_missing 1583162753639 411 251 touchmove 70 143 0.28571429848671 0.28571429848671 0 purposes 1
myers_casa_purposes_missing 1583162753655 411 251 touchmove 70 141 0.28571429848671 0.28571429848671 0 purposes 1
myers_casa_purposes_missing 1583162753671 411 251 touchmove 70 138 0.28571429848671 0.28571429848671 0 purposes 1
myers_casa_purposes_missing 1583162753688 411 251 touchmove 72 133 0.28571429848671 0.28571429848671 0 purposes 1
myers_casa_purposes_missing 1583162753706 411 251 touchmove 73 127 0.28571429848671 0.28571429848671 0 purposes 1
myers_casa_purposes_missing 1583162753722 411 251 touchmove 75 119 0.28571429848671 0.28571429848671 0 purposes 1
myers_casa_purposes_missing 1583162753738 411 251 touchmove 76 108 0.28571429848671 0.28571429848671 0 purposes 1
myers_casa_purposes_missing 1583162753755 411 251 touchmove 77 95 0.28571429848671 0.28571429848671 0 purposes 1
myers_casa_purposes_missing 1583162753771 411 251 touchmove 78 83 0.28571429848671 0.28571429848671 0 purposes 1
myers_casa_purposes_missing 1583162753788 411 251 touchmove 78 71 0.28571429848671 0.28571429848671 0 purposes 1
myers_casa_purposes_missing 1583162753804 411 251 touchmove 79 58 0.28571429848671 0.28571429848671 0 purposes 1
myers_casa_purposes_missing 1583162753821 411 251 touchmove 80 43 0.28571429848671 0.28571429848671 0 purposes 1
myers_casa_purposes_missing 1583162753837 411 251 touchmove 80 30 0.28571429848671 0.28571429848671 0 purposes 1
myers_casa_purposes_missing 1583162753855 411 251 touchmove 81 19 0.28571429848671 0.28571429848671 0 purposes 1
myers_casa_purposes_missing 1583162753871 411 251 touchmove 81 15 0.28571429848671 0.28571429848671 0 purposes 1
myers_casa_purposes_missing 1583162753888 411 251 touchmove 82 14 0.28571429848671 0.28571429848671 0 purposes 1
myers_casa_purposes_missing 1583162753908 411 251 touchmove 82 14 0.28571429848671 0.28571429848671 0 purposes 1
myers_casa_purposes_missing 1583162753921 411 251 touchmove 82 15 0.28571429848671 0.28571429848671 0 purposes 1
myers_casa_purposes_missing 1583162753939 411 251 touchmove 82 18 0.28571429848671 0.28571429848671 0 purposes 1
myers_casa_purposes_missing 1583162753955 411 251 touchmove 82 23 0.28571429848671 0.28571429848671 0 purposes 1
myers_casa_purposes_missing 1583162753965 411 251 touchmove 81 26 0.28571429848671 0.28571429848671 0 purposes 1
myers_casa_purposes_missing 1583162753967 411 251 touchend 81 26 0.28571429848671 0.28571429848671 0 purposes 1
