sentence timestamp keyb_width keyb_height event x_pos y_pos x_radius y_radius angle word is_err
jinzhou_disease_turtle_viewing 1582422846002 360 223 touchstart 251 90 22.5 25 6.9999995231628 jinzhou 0
jinzhou_disease_turtle_viewing 1582422846023 360 223 touchmove 251 90 22.5 27.5 10 jinzhou 0
jinzhou_disease_turtle_viewing 1582422846107 360 223 touchmove 251 90 30 35 86 jinzhou 0
jinzhou_disease_turtle_viewing 1582422846115 360 223 touchend 251 90 30 35 86 jinzhou 0
jinzhou_disease_turtle_viewing 1582422848058 360 223 touchstart 104 106 27.5 27.5 36.000003814697 disease 0
jinzhou_disease_turtle_viewing 1582422848071 360 223 touchmove 104 106 30 27.5 28.000003814697 disease 0
jinzhou_disease_turtle_viewing 1582422848104 360 223 touchmove 104 106 32.5 27.5 7 disease 0
jinzhou_disease_turtle_viewing 1582422848121 360 223 touchmove 104 106 30 27.5 29 disease 0
jinzhou_disease_turtle_viewing 1582422848137 360 223 touchmove 104 106 27.5 27.5 23.000007629395 disease 0
jinzhou_disease_turtle_viewing 1582422848148 360 223 touchmove 104 106 35 27.5 4 disease 0
jinzhou_disease_turtle_viewing 1582422848151 360 223 touchend 104 106 35 27.5 4 disease 0
jinzhou_disease_turtle_viewing 1582422849755 360 223 touchstart 163 38 27.5 25 36.000003814697 turtle 0
jinzhou_disease_turtle_viewing 1582422849770 360 223 touchmove 163 38 30 27.5 66 turtle 0
jinzhou_disease_turtle_viewing 1582422849819 360 223 touchmove 163 38 27.5 27.5 28.000003814697 turtle 0
jinzhou_disease_turtle_viewing 1582422849830 360 223 touchmove 163 38 30 30 15 turtle 0
jinzhou_disease_turtle_viewing 1582422849832 360 223 touchend 163 38 30 30 15 turtle 0
jinzhou_disease_turtle_viewing 1582422851029 360 223 touchstart 173 156 27.5 25 33.000003814697 viewing 0
jinzhou_disease_turtle_viewing 1582422851100 360 223 touchmove 173 156 30 27.5 24 viewing 0
jinzhou_disease_turtle_viewing 1582422851107 360 223 touchend 173 156 30 27.5 24 viewing 0
future_rio_commands_casio 1582422854497 360 223 touchstart 141 110 27.5 27.5 8 future 0
future_rio_commands_casio 1582422854566 360 223 touchmove 141 110 30 30 86.999992370605 future 0
future_rio_commands_casio 1582422854574 360 223 touchend 141 110 30 30 86.999992370605 future 0
future_rio_commands_casio 1582422855362 360 223 touchstart 128 32 27.5 30 89 rio 1
future_rio_commands_casio 1582422855444 360 223 touchend 128 32 27.5 30 89 rio 1
future_rio_commands_casio 1582422857423 360 223 touchstart 130 36 25 22.5 4 rio 1
future_rio_commands_casio 1582422857447 360 223 touchmove 130 36 30 30 86.999992370605 rio 1
future_rio_commands_casio 1582422857514 360 223 touchmove 130 36 30 27.5 19 rio 1
future_rio_commands_casio 1582422857522 360 223 touchend 130 36 30 27.5 19 rio 1
future_rio_commands_casio 1582422858719 360 223 touchstart 130 37 22.5 22.5 55.999996185303 rio 1
future_rio_commands_casio 1582422858725 360 223 touchmove 130 37 25 27.5 28.999998092651 rio 1
future_rio_commands_casio 1582422858748 360 223 touchmove 130 37 27.5 30 45.999996185303 rio 1
future_rio_commands_casio 1582422858767 360 223 touchmove 130 37 27.5 27.5 25 rio 1
future_rio_commands_casio 1582422858781 360 223 touchmove 130 37 25 25 6.9999995231628 rio 1
future_rio_commands_casio 1582422858797 360 223 touchmove 130 37 27.5 25 0 rio 1
future_rio_commands_casio 1582422858804 360 223 touchend 130 37 27.5 25 0 rio 1
future_rio_commands_casio 1582422859437 360 223 touchstart 273 29 22.5 25 21 rio 1
future_rio_commands_casio 1582422859446 360 223 touchmove 273 29 25 27.5 65 rio 1
future_rio_commands_casio 1582422859529 360 223 touchmove 273 29 22.5 25 25.999998092651 rio 1
future_rio_commands_casio 1582422859542 360 223 touchmove 273 29 27.5 32.5 78.999992370605 rio 1
future_rio_commands_casio 1582422859544 360 223 touchend 273 29 27.5 32.5 78.999992370605 rio 1
future_rio_commands_casio 1582422860046 360 223 touchstart 292 29 22.5 25 17 rio 1
future_rio_commands_casio 1582422860062 360 223 touchmove 292 29 25 27.5 68.999992370605 rio 1
future_rio_commands_casio 1582422860134 360 223 touchend 292 29 25 27.5 68.999992370605 rio 1
future_rio_commands_casio 1582422862123 360 223 touchstart 89 64 25 22.5 70 rio 1
future_rio_commands_casio 1582422862145 360 223 touchmove 89 64 27.5 25 35 rio 1
future_rio_commands_casio 1582422862164 360 223 touchmove 89 64 30 25 16.000007629395 rio 1
future_rio_commands_casio 1582422862228 360 223 touchmove 88 69 30 25 14 rio 1
future_rio_commands_casio 1582422862244 360 223 touchmove 88 76 30 25 18 rio 1
future_rio_commands_casio 1582422862261 360 223 touchmove 87 84 30 25 12 rio 1
future_rio_commands_casio 1582422862278 360 223 touchmove 86 93 27.5 25 26 rio 1
future_rio_commands_casio 1582422862294 360 223 touchmove 85 99 27.5 25 20 rio 1
future_rio_commands_casio 1582422862310 360 223 touchmove 85 105 27.5 25 22 rio 1
future_rio_commands_casio 1582422862327 360 223 touchmove 84 109 27.5 27.5 24 rio 1
future_rio_commands_casio 1582422862344 360 223 touchmove 84 115 27.5 27.5 59 rio 1
future_rio_commands_casio 1582422862361 360 223 touchmove 84 121 27.5 27.5 27.000003814697 rio 1
future_rio_commands_casio 1582422862378 360 223 touchmove 85 125 27.5 27.5 25 rio 1
future_rio_commands_casio 1582422862396 360 223 touchmove 85 129 30 25 13 rio 1
future_rio_commands_casio 1582422862410 360 223 touchmove 86 132 30 25 11.000007629395 rio 1
future_rio_commands_casio 1582422862428 360 223 touchmove 86 133 30 25 12 rio 1
future_rio_commands_casio 1582422862444 360 223 touchmove 87 133 30 25 13 rio 1
future_rio_commands_casio 1582422862510 360 223 touchmove 88 131 30 27.5 32.000003814697 rio 1
future_rio_commands_casio 1582422862528 360 223 touchmove 88 124 30 27.5 27.000003814697 rio 1
future_rio_commands_casio 1582422862545 360 223 touchmove 89 116 30 27.5 29 rio 1
future_rio_commands_casio 1582422862564 360 223 touchmove 90 106 30 27.5 57 rio 1
future_rio_commands_casio 1582422862577 360 223 touchmove 92 97 30 27.5 35 rio 1
future_rio_commands_casio 1582422862593 360 223 touchmove 93 89 30 27.5 65 rio 1
future_rio_commands_casio 1582422862612 360 223 touchmove 94 83 27.5 27.5 44.000003814697 rio 1
future_rio_commands_casio 1582422862627 360 223 touchmove 96 78 27.5 27.5 47 rio 1
future_rio_commands_casio 1582422862648 360 223 touchmove 97 75 27.5 27.5 47 rio 1
future_rio_commands_casio 1582422862661 360 223 touchmove 97 72 27.5 27.5 48 rio 1
future_rio_commands_casio 1582422862679 360 223 touchmove 98 71 27.5 25 46.000003814697 rio 1
future_rio_commands_casio 1582422862694 360 223 touchmove 99 70 27.5 25 49 rio 1
future_rio_commands_casio 1582422862710 360 223 touchmove 100 69 27.5 25 52 rio 1
future_rio_commands_casio 1582422862727 360 223 touchmove 103 69 27.5 25 80 rio 1
future_rio_commands_casio 1582422862743 360 223 touchmove 107 70 27.5 25 26 rio 1
future_rio_commands_casio 1582422862760 360 223 touchmove 111 73 27.5 22.5 8 rio 1
future_rio_commands_casio 1582422862778 360 223 touchmove 114 77 27.5 25 12 rio 1
future_rio_commands_casio 1582422862794 360 223 touchmove 116 82 27.5 25 23.000007629395 rio 1
future_rio_commands_casio 1582422862810 360 223 touchmove 118 87 27.5 25 30 rio 1
future_rio_commands_casio 1582422862828 360 223 touchmove 119 90 25 22.5 11.000007629395 rio 1
future_rio_commands_casio 1582422862844 360 223 touchmove 119 93 25 22.5 12 rio 1
future_rio_commands_casio 1582422862860 360 223 touchmove 120 95 25 22.5 9.0000076293945 rio 1
future_rio_commands_casio 1582422862877 360 223 touchmove 120 96 25 22.5 7 rio 1
future_rio_commands_casio 1582422862889 360 223 touchmove 122 98 30 27.5 50 rio 1
future_rio_commands_casio 1582422862892 360 223 touchend 122 98 30 27.5 50 rio 1
future_rio_commands_casio 1582422863136 360 223 touchstart 152 81 22.5 22.5 43 rio 1
future_rio_commands_casio 1582422863155 360 223 touchmove 152 81 25 22.5 88 rio 1
future_rio_commands_casio 1582422863166 360 223 touchmove 151 83 22.5 25 6 rio 1
future_rio_commands_casio 1582422863186 360 223 touchmove 151 85 22.5 25 6.9999995231628 rio 1
future_rio_commands_casio 1582422863194 360 223 touchmove 150 90 22.5 22.5 2.0000076293945 rio 1
future_rio_commands_casio 1582422863210 360 223 touchmove 150 97 25 22.5 88 rio 1
future_rio_commands_casio 1582422863226 360 223 touchmove 151 103 22.5 25 6 rio 1
future_rio_commands_casio 1582422863243 360 223 touchmove 151 109 22.5 25 6.9999995231628 rio 1
future_rio_commands_casio 1582422863259 360 223 touchmove 151 115 27.5 22.5 89 rio 1
future_rio_commands_casio 1582422863276 360 223 touchmove 152 121 22.5 27.5 3 rio 1
future_rio_commands_casio 1582422863293 360 223 touchmove 151 125 22.5 25 1 rio 1
future_rio_commands_casio 1582422863311 360 223 touchmove 151 129 22.5 25 1 rio 1
future_rio_commands_casio 1582422863327 360 223 touchmove 151 130 25 22.5 89 rio 1
future_rio_commands_casio 1582422863339 360 223 touchmove 151 131 30 27.5 24 rio 1
future_rio_commands_casio 1582422863342 360 223 touchend 151 131 30 27.5 24 rio 1
future_rio_commands_casio 1582422863494 360 223 touchstart 151 52 22.5 25 5 rio 1
future_rio_commands_casio 1582422863510 360 223 touchmove 151 52 27.5 25 10 rio 1
future_rio_commands_casio 1582422863594 360 223 touchmove 152 53 30 35 5 rio 1
future_rio_commands_casio 1582422863601 360 223 touchend 152 53 30 35 5 rio 1
future_rio_commands_casio 1582422863761 360 223 touchstart 209 79 20 22.5 61 rio 1
future_rio_commands_casio 1582422863776 360 223 touchmove 209 79 22.5 25 70 rio 1
future_rio_commands_casio 1582422863794 360 223 touchmove 209 79 22.5 25 66.999992370605 rio 1
future_rio_commands_casio 1582422863843 360 223 touchmove 208 80 25 27.5 50.999996185303 rio 1
future_rio_commands_casio 1582422863860 360 223 touchmove 198 82 25 25 35 rio 1
future_rio_commands_casio 1582422863878 360 223 touchmove 188 86 25 27.5 77 rio 1
future_rio_commands_casio 1582422863893 360 223 touchmove 181 90 27.5 25 0 rio 1
future_rio_commands_casio 1582422863909 360 223 touchmove 177 95 22.5 27.5 86.999992370605 rio 1
future_rio_commands_casio 1582422863927 360 223 touchmove 173 100 25 25 22.999998092651 rio 1
future_rio_commands_casio 1582422863943 360 223 touchmove 172 103 25 25 12 rio 1
future_rio_commands_casio 1582422863960 360 223 touchmove 172 108 27.5 25 0 rio 1
future_rio_commands_casio 1582422863977 360 223 touchmove 174 114 22.5 25 84.999992370605 rio 1
future_rio_commands_casio 1582422863993 360 223 touchmove 179 120 25 25 4 rio 1
future_rio_commands_casio 1582422864009 360 223 touchmove 183 123 22.5 25 3 rio 1
future_rio_commands_casio 1582422864026 360 223 touchmove 188 124 22.5 27.5 80 rio 1
future_rio_commands_casio 1582422864044 360 223 touchmove 194 123 25 27.5 39 rio 1
future_rio_commands_casio 1582422864060 360 223 touchmove 202 117 22.5 27.5 16 rio 1
future_rio_commands_casio 1582422864076 360 223 touchmove 211 108 22.5 27.5 68.999992370605 rio 1
future_rio_commands_casio 1582422864094 360 223 touchmove 216 100 25 27.5 40 rio 1
future_rio_commands_casio 1582422864110 360 223 touchmove 219 94 25 27.5 36 rio 1
future_rio_commands_casio 1582422864127 360 223 touchmove 220 90 25 27.5 45.999996185303 rio 1
future_rio_commands_casio 1582422864142 360 223 touchmove 220 86 22.5 25 78 rio 1
future_rio_commands_casio 1582422864161 360 223 touchmove 220 84 22.5 27.5 82 rio 1
future_rio_commands_casio 1582422864177 360 223 touchmove 218 81 22.5 25 13.999999046326 rio 1
future_rio_commands_casio 1582422864192 360 223 touchmove 213 79 22.5 25 78.999992370605 rio 1
future_rio_commands_casio 1582422864209 360 223 touchmove 208 80 25 27.5 41 rio 1
future_rio_commands_casio 1582422864226 360 223 touchmove 204 81 25 27.5 53.999996185303 rio 1
future_rio_commands_casio 1582422864243 360 223 touchmove 202 82 25 27.5 51.999996185303 rio 1
future_rio_commands_casio 1582422864259 360 223 touchmove 200 83 25 27.5 45 rio 1
future_rio_commands_casio 1582422864277 360 223 touchmove 199 84 30 30 47 rio 1
future_rio_commands_casio 1582422864284 360 223 touchend 199 84 30 30 47 rio 1
future_rio_commands_casio 1582422865606 360 223 touchstart 104 73 27.5 25 5.0000076293945 rio 1
future_rio_commands_casio 1582422865625 360 223 touchmove 104 73 30 27.5 59 rio 1
future_rio_commands_casio 1582422865643 360 223 touchmove 104 73 30 27.5 57 rio 1
future_rio_commands_casio 1582422865661 360 223 touchmove 103 76 27.5 27.5 21.000007629395 rio 1
future_rio_commands_casio 1582422865677 360 223 touchmove 104 81 27.5 25 12 rio 1
future_rio_commands_casio 1582422865692 360 223 touchmove 104 89 27.5 25 5.0000076293945 rio 1
future_rio_commands_casio 1582422865713 360 223 touchmove 104 101 27.5 27.5 15 rio 1
future_rio_commands_casio 1582422865727 360 223 touchmove 104 111 30 27.5 47 rio 1
future_rio_commands_casio 1582422865741 360 223 touchmove 103 121 30 27.5 19 rio 1
future_rio_commands_casio 1582422865758 360 223 touchmove 103 129 27.5 27.5 11.000007629395 rio 1
future_rio_commands_casio 1582422865774 360 223 touchmove 102 135 30 27.5 58 rio 1
future_rio_commands_casio 1582422865791 360 223 touchmove 101 140 30 27.5 20 rio 1
future_rio_commands_casio 1582422865808 360 223 touchmove 100 142 30 27.5 22 rio 1
future_rio_commands_casio 1582422865826 360 223 touchmove 100 142 30 27.5 47 rio 1
future_rio_commands_casio 1582422865854 360 223 touchmove 99 140 30 27.5 29 rio 1
future_rio_commands_casio 1582422865879 360 223 touchmove 99 122 30 27.5 65 rio 1
future_rio_commands_casio 1582422865892 360 223 touchmove 104 103 30 27.5 86 rio 1
future_rio_commands_casio 1582422865909 360 223 touchmove 110 86 30 30 48 rio 1
future_rio_commands_casio 1582422865925 360 223 touchmove 114 76 30 27.5 37 rio 1
future_rio_commands_casio 1582422865941 360 223 touchmove 116 71 30 27.5 36.000003814697 rio 1
future_rio_commands_casio 1582422865958 360 223 touchmove 117 69 30 27.5 32.000003814697 rio 1
future_rio_commands_casio 1582422865974 360 223 touchmove 117 67 30 27.5 33.000003814697 rio 1
future_rio_commands_casio 1582422865991 360 223 touchmove 118 66 30 27.5 33.000003814697 rio 1
future_rio_commands_casio 1582422866008 360 223 touchmove 118 65 30 27.5 31 rio 1
future_rio_commands_casio 1582422866026 360 223 touchmove 119 65 27.5 27.5 34.000003814697 rio 1
future_rio_commands_casio 1582422866043 360 223 touchmove 119 64 27.5 27.5 40 rio 1
future_rio_commands_casio 1582422866062 360 223 touchmove 120 64 27.5 27.5 40 rio 1
future_rio_commands_casio 1582422866075 360 223 touchmove 123 63 30 27.5 9.0000076293945 rio 1
future_rio_commands_casio 1582422866091 360 223 touchmove 125 64 30 27.5 13 rio 1
future_rio_commands_casio 1582422866108 360 223 touchmove 128 64 30 27.5 23.000007629395 rio 1
future_rio_commands_casio 1582422866124 360 223 touchmove 130 65 27.5 27.5 25 rio 1
future_rio_commands_casio 1582422866141 360 223 touchmove 132 65 27.5 27.5 24 rio 1
future_rio_commands_casio 1582422866158 360 223 touchmove 134 66 27.5 27.5 31 rio 1
future_rio_commands_casio 1582422866174 360 223 touchmove 135 67 27.5 27.5 35 rio 1
future_rio_commands_casio 1582422866193 360 223 touchmove 137 67 27.5 27.5 44.000003814697 rio 1
future_rio_commands_casio 1582422866209 360 223 touchmove 138 67 27.5 27.5 49 rio 1
future_rio_commands_casio 1582422866224 360 223 touchmove 139 68 27.5 27.5 48 rio 1
future_rio_commands_casio 1582422866241 360 223 touchmove 139 68 27.5 27.5 29 rio 1
future_rio_commands_casio 1582422866288 360 223 touchmove 140 69 27.5 27.5 38.000003814697 rio 1
future_rio_commands_casio 1582422866292 360 223 touchmove 141 71 35 30 84 rio 1
future_rio_commands_casio 1582422866294 360 223 touchend 141 71 35 30 84 rio 1
future_rio_commands_casio 1582422866588 360 223 touchstart 178 73 27.5 25 18 rio 1
future_rio_commands_casio 1582422866608 360 223 touchmove 178 73 27.5 25 9.0000076293945 rio 1
future_rio_commands_casio 1582422866630 360 223 touchmove 177 74 22.5 22.5 71 rio 1
future_rio_commands_casio 1582422866641 360 223 touchmove 176 76 25 22.5 82 rio 1
future_rio_commands_casio 1582422866658 360 223 touchmove 171 80 27.5 25 41.000003814697 rio 1
future_rio_commands_casio 1582422866675 360 223 touchmove 164 84 27.5 25 26 rio 1
future_rio_commands_casio 1582422866691 360 223 touchmove 159 89 27.5 25 19 rio 1
future_rio_commands_casio 1582422866707 360 223 touchmove 153 93 25 27.5 82 rio 1
future_rio_commands_casio 1582422866724 360 223 touchmove 150 98 27.5 25 35 rio 1
future_rio_commands_casio 1582422866740 360 223 touchmove 149 101 27.5 25 33.000003814697 rio 1
future_rio_commands_casio 1582422866757 360 223 touchmove 148 104 25 22.5 89 rio 1
future_rio_commands_casio 1582422866774 360 223 touchmove 151 108 27.5 25 4 rio 1
future_rio_commands_casio 1582422866790 360 223 touchmove 157 111 25 27.5 36 rio 1
future_rio_commands_casio 1582422866808 360 223 touchmove 167 110 25 27.5 43 rio 1
future_rio_commands_casio 1582422866825 360 223 touchmove 176 107 22.5 25 77 rio 1
future_rio_commands_casio 1582422866844 360 223 touchmove 182 103 22.5 22.5 35 rio 1
future_rio_commands_casio 1582422866857 360 223 touchmove 186 99 22.5 25 6 rio 1
future_rio_commands_casio 1582422866874 360 223 touchmove 188 96 22.5 27.5 2 rio 1
future_rio_commands_casio 1582422866891 360 223 touchmove 189 93 27.5 22.5 87 rio 1
future_rio_commands_casio 1582422866907 360 223 touchmove 188 89 27.5 25 67 rio 1
future_rio_commands_casio 1582422866926 360 223 touchmove 184 84 27.5 25 6 rio 1
future_rio_commands_casio 1582422866940 360 223 touchmove 181 81 27.5 27.5 26 rio 1
future_rio_commands_casio 1582422866957 360 223 touchmove 178 79 25 27.5 2 rio 1
future_rio_commands_casio 1582422866974 360 223 touchmove 174 78 25 27.5 25 rio 1
future_rio_commands_casio 1582422866991 360 223 touchmove 172 78 27.5 25 47 rio 1
future_rio_commands_casio 1582422867008 360 223 touchmove 170 79 27.5 25 49 rio 1
future_rio_commands_casio 1582422867024 360 223 touchmove 168 80 27.5 25 43 rio 1
future_rio_commands_casio 1582422867040 360 223 touchmove 166 81 27.5 27.5 38.000003814697 rio 1
future_rio_commands_casio 1582422867057 360 223 touchmove 165 82 27.5 27.5 34.000003814697 rio 1
future_rio_commands_casio 1582422867074 360 223 touchmove 165 82 25 27.5 86 rio 1
future_rio_commands_casio 1582422867092 360 223 touchmove 164 83 27.5 30 20 rio 1
future_rio_commands_casio 1582422867096 360 223 touchend 164 83 27.5 30 20 rio 1
future_rio_commands_casio 1582422867505 360 223 touchstart 200 68 25 27.5 65 rio 1
future_rio_commands_casio 1582422867552 360 223 touchmove 200 69 22.5 25 86.999992370605 rio 1
future_rio_commands_casio 1582422867574 360 223 touchmove 199 74 25 27.5 61 rio 1
future_rio_commands_casio 1582422867590 360 223 touchmove 197 83 25 25 2.0000076293945 rio 1
future_rio_commands_casio 1582422867606 360 223 touchmove 196 91 22.5 27.5 86.999992370605 rio 1
future_rio_commands_casio 1582422867623 360 223 touchmove 196 97 25 27.5 60 rio 1
future_rio_commands_casio 1582422867642 360 223 touchmove 197 101 25 27.5 61 rio 1
future_rio_commands_casio 1582422867657 360 223 touchmove 198 104 25 27.5 42 rio 1
future_rio_commands_casio 1582422867673 360 223 touchmove 201 106 22.5 25 17 rio 1
future_rio_commands_casio 1582422867690 360 223 touchmove 205 108 22.5 25 15 rio 1
future_rio_commands_casio 1582422867706 360 223 touchmove 209 109 25 27.5 50.999996185303 rio 1
future_rio_commands_casio 1582422867723 360 223 touchmove 213 109 25 27.5 45.999996185303 rio 1
future_rio_commands_casio 1582422867740 360 223 touchmove 216 109 25 27.5 45.999996185303 rio 1
future_rio_commands_casio 1582422867756 360 223 touchmove 220 106 22.5 25 68.999992370605 rio 1
future_rio_commands_casio 1582422867773 360 223 touchmove 225 100 22.5 27.5 21 rio 1
future_rio_commands_casio 1582422867790 360 223 touchmove 230 94 25 27.5 47 rio 1
future_rio_commands_casio 1582422867809 360 223 touchmove 233 90 25 27.5 45 rio 1
future_rio_commands_casio 1582422867824 360 223 touchmove 235 86 22.5 27.5 70 rio 1
future_rio_commands_casio 1582422867840 360 223 touchmove 237 82 25 27.5 53.999996185303 rio 1
future_rio_commands_casio 1582422867857 360 223 touchmove 237 80 25 27.5 53.999996185303 rio 1
future_rio_commands_casio 1582422867874 360 223 touchmove 238 78 25 27.5 56.999996185303 rio 1
future_rio_commands_casio 1582422867890 360 223 touchmove 238 76 25 27.5 55.999996185303 rio 1
future_rio_commands_casio 1582422867906 360 223 touchmove 238 75 25 27.5 56.999996185303 rio 1
future_rio_commands_casio 1582422867923 360 223 touchmove 238 73 25 27.5 55.999996185303 rio 1
future_rio_commands_casio 1582422867940 360 223 touchmove 240 68 22.5 27.5 78 rio 1
future_rio_commands_casio 1582422867951 360 223 touchmove 241 63 27.5 30 50 rio 1
future_rio_commands_casio 1582422867953 360 223 touchend 241 63 27.5 30 50 rio 1
future_rio_commands_casio 1582422869114 360 223 touchstart 90 61 20 22.5 78 rio 1
future_rio_commands_casio 1582422869139 360 223 touchmove 90 61 22.5 27.5 65 rio 1
future_rio_commands_casio 1582422869156 360 223 touchmove 91 65 25 27.5 72.999992370605 rio 1
future_rio_commands_casio 1582422869172 360 223 touchmove 92 75 25 27.5 70 rio 1
future_rio_commands_casio 1582422869195 360 223 touchmove 93 91 22.5 27.5 82 rio 1
future_rio_commands_casio 1582422869207 360 223 touchmove 93 97 22.5 27.5 70 rio 1
future_rio_commands_casio 1582422869222 360 223 touchmove 93 107 25 27.5 73.999992370605 rio 1
future_rio_commands_casio 1582422869238 360 223 touchmove 92 117 25 27.5 59 rio 1
future_rio_commands_casio 1582422869257 360 223 touchmove 91 125 25 27.5 59 rio 1
future_rio_commands_casio 1582422869272 360 223 touchmove 90 131 25 27.5 55.999996185303 rio 1
future_rio_commands_casio 1582422869288 360 223 touchmove 89 136 22.5 25 72.999992370605 rio 1
future_rio_commands_casio 1582422869305 360 223 touchmove 89 140 25 27.5 55 rio 1
future_rio_commands_casio 1582422869322 360 223 touchmove 89 142 25 27.5 59 rio 1
future_rio_commands_casio 1582422869338 360 223 touchmove 89 143 25 27.5 61 rio 1
future_rio_commands_casio 1582422869389 360 223 touchmove 87 136 25 27.5 59 rio 1
future_rio_commands_casio 1582422869405 360 223 touchmove 86 125 25 27.5 59 rio 1
future_rio_commands_casio 1582422869425 360 223 touchmove 84 114 25 27.5 50.999996185303 rio 1
future_rio_commands_casio 1582422869441 360 223 touchmove 83 102 25 27.5 57.999996185303 rio 1
future_rio_commands_casio 1582422869455 360 223 touchmove 82 94 25 27.5 56.999996185303 rio 1
future_rio_commands_casio 1582422869472 360 223 touchmove 82 85 25 27.5 61 rio 1
future_rio_commands_casio 1582422869489 360 223 touchmove 83 79 25 27.5 66.999992370605 rio 1
future_rio_commands_casio 1582422869506 360 223 touchmove 84 74 25 27.5 70 rio 1
future_rio_commands_casio 1582422869524 360 223 touchmove 87 69 25 27.5 72 rio 1
future_rio_commands_casio 1582422869539 360 223 touchmove 89 66 25 27.5 70 rio 1
future_rio_commands_casio 1582422869555 360 223 touchmove 93 63 22.5 27.5 80 rio 1
future_rio_commands_casio 1582422869574 360 223 touchmove 96 60 25 27.5 65 rio 1
future_rio_commands_casio 1582422869589 360 223 touchmove 98 57 25 27.5 68 rio 1
future_rio_commands_casio 1582422869605 360 223 touchmove 101 55 25 27.5 70 rio 1
future_rio_commands_casio 1582422869622 360 223 touchmove 105 53 25 27.5 84.999992370605 rio 1
future_rio_commands_casio 1582422869638 360 223 touchmove 109 51 25 27.5 78.999992370605 rio 1
future_rio_commands_casio 1582422869655 360 223 touchmove 112 49 25 27.5 78.999992370605 rio 1
future_rio_commands_casio 1582422869672 360 223 touchmove 115 48 25 27.5 76 rio 1
future_rio_commands_casio 1582422869689 360 223 touchmove 118 46 25 27.5 71 rio 1
future_rio_commands_casio 1582422869705 360 223 touchmove 123 44 22.5 25 18 rio 1
future_rio_commands_casio 1582422869722 360 223 touchmove 128 43 27.5 30 72.999992370605 rio 1
future_rio_commands_casio 1582422869729 360 223 touchend 128 43 27.5 30 72.999992370605 rio 1
future_rio_commands_casio 1582422870000 360 223 touchstart 151 58 22.5 22.5 68.999992370605 rio 1
future_rio_commands_casio 1582422870005 360 223 touchmove 151 58 22.5 25 64 rio 1
future_rio_commands_casio 1582422870029 360 223 touchmove 151 58 22.5 27.5 80 rio 1
future_rio_commands_casio 1582422870071 360 223 touchmove 151 59 25 27.5 68 rio 1
future_rio_commands_casio 1582422870090 360 223 touchmove 150 65 22.5 27.5 68 rio 1
future_rio_commands_casio 1582422870106 360 223 touchmove 148 77 22.5 25 78 rio 1
future_rio_commands_casio 1582422870122 360 223 touchmove 147 90 22.5 27.5 80 rio 1
future_rio_commands_casio 1582422870138 360 223 touchmove 146 104 25 27.5 64 rio 1
future_rio_commands_casio 1582422870154 360 223 touchmove 144 115 22.5 27.5 76 rio 1
future_rio_commands_casio 1582422870171 360 223 touchmove 144 124 22.5 27.5 68 rio 1
future_rio_commands_casio 1582422870189 360 223 touchmove 144 129 22.5 27.5 60 rio 1
future_rio_commands_casio 1582422870204 360 223 touchmove 144 132 22.5 27.5 61.999996185303 rio 1
future_rio_commands_casio 1582422870222 360 223 touchmove 144 133 22.5 27.5 61 rio 1
future_rio_commands_casio 1582422870238 360 223 touchmove 144 134 22.5 27.5 61.999996185303 rio 1
future_rio_commands_casio 1582422870254 360 223 touchmove 145 134 22.5 25 62.999996185303 rio 1
future_rio_commands_casio 1582422870271 360 223 touchmove 145 135 22.5 25 64 rio 1
future_rio_commands_casio 1582422870298 360 223 touchmove 145 135 27.5 32.5 61 rio 1
future_rio_commands_casio 1582422870303 360 223 touchend 145 135 27.5 32.5 61 rio 1
future_rio_commands_casio 1582422870428 360 223 touchstart 159 26 25 27.5 77 rio 1
future_rio_commands_casio 1582422870539 360 223 touchmove 159 26 25 27.5 70 rio 1
future_rio_commands_casio 1582422870552 360 223 touchmove 159 26 27.5 30 77 rio 1
future_rio_commands_casio 1582422870558 360 223 touchend 159 26 27.5 30 77 rio 1
future_rio_commands_casio 1582422870871 360 223 touchmove 180 86 22.5 27.5 83 rio 1
future_rio_commands_casio 1582422870888 360 223 touchmove 177 93 22.5 27.5 78.999992370605 rio 1
future_rio_commands_casio 1582422870903 360 223 touchmove 176 102 22.5 27.5 71 rio 1
future_rio_commands_casio 1582422870920 360 223 touchmove 177 109 22.5 27.5 62.999996185303 rio 1
future_rio_commands_casio 1582422870937 360 223 touchmove 179 115 22.5 25 72.999992370605 rio 1
future_rio_commands_casio 1582422870954 360 223 touchmove 183 119 22.5 25 61.999996185303 rio 1
future_rio_commands_casio 1582422870970 360 223 touchmove 187 122 22.5 27.5 77 rio 1
future_rio_commands_casio 1582422870987 360 223 touchmove 193 122 22.5 25 77 rio 1
future_rio_commands_casio 1582422871004 360 223 touchmove 200 119 22.5 25 62.999996185303 rio 1
future_rio_commands_casio 1582422871021 360 223 touchmove 207 113 22.5 27.5 61 rio 1
future_rio_commands_casio 1582422871037 360 223 touchmove 213 106 22.5 27.5 75 rio 1
future_rio_commands_casio 1582422871054 360 223 touchmove 218 98 22.5 27.5 64 rio 1
future_rio_commands_casio 1582422871070 360 223 touchmove 220 91 22.5 25 78.999992370605 rio 1
future_rio_commands_casio 1582422871088 360 223 touchmove 221 86 22.5 25 80 rio 1
future_rio_commands_casio 1582422871103 360 223 touchmove 220 80 25 27.5 72.999992370605 rio 1
future_rio_commands_casio 1582422871120 360 223 touchmove 218 75 22.5 27.5 72.999992370605 rio 1
future_rio_commands_casio 1582422871137 360 223 touchmove 212 70 22.5 25 78.999992370605 rio 1
future_rio_commands_casio 1582422871153 360 223 touchmove 206 66 22.5 27.5 66.999992370605 rio 1
future_rio_commands_casio 1582422871171 360 223 touchmove 201 63 22.5 27.5 78 rio 1
future_rio_commands_casio 1582422871189 360 223 touchmove 198 61 22.5 27.5 80 rio 1
future_rio_commands_casio 1582422871204 360 223 touchmove 197 60 22.5 27.5 80.999992370605 rio 1
future_rio_commands_casio 1582422871221 360 223 touchmove 196 60 22.5 27.5 80.999992370605 rio 1
future_rio_commands_casio 1582422871241 360 223 touchmove 196 60 27.5 30 72.999992370605 rio 1
future_rio_commands_casio 1582422871249 360 223 touchend 196 60 27.5 30 72.999992370605 rio 1
future_rio_commands_casio 1582422872436 360 223 touchstart 134 38 25 27.5 71 rio 1
future_rio_commands_casio 1582422872453 360 223 touchmove 134 38 25 30 78.999992370605 rio 1
future_rio_commands_casio 1582422872481 360 223 touchmove 134 38 25 27.5 72 rio 1
future_rio_commands_casio 1582422872519 360 223 touchmove 134 38 27.5 30 68 rio 1
future_rio_commands_casio 1582422872529 360 223 touchend 134 38 27.5 30 68 rio 1
future_rio_commands_casio 1582422873662 360 223 touchstart 148 160 22.5 25 25 rio 1
future_rio_commands_casio 1582422873686 360 223 touchmove 148 160 25 27.5 66 rio 1
future_rio_commands_casio 1582422873723 360 223 touchmove 148 160 22.5 25 27.999998092651 rio 1
future_rio_commands_casio 1582422873742 360 223 touchmove 148 160 30 27.5 1 rio 1
future_rio_commands_casio 1582422873751 360 223 touchend 148 160 30 27.5 1 rio 1
future_rio_commands_casio 1582422875004 360 223 touchstart 124 38 27.5 22.5 1 rio 1
future_rio_commands_casio 1582422875087 360 223 touchmove 124 44 30 27.5 89 rio 1
future_rio_commands_casio 1582422875102 360 223 touchmove 124 56 27.5 27.5 11.000007629395 rio 1
future_rio_commands_casio 1582422875118 360 223 touchmove 125 68 30 27.5 4 rio 1
future_rio_commands_casio 1582422875137 360 223 touchmove 127 79 30 25 6 rio 1
future_rio_commands_casio 1582422875153 360 223 touchmove 129 89 25 30 87.999992370605 rio 1
future_rio_commands_casio 1582422875170 360 223 touchmove 130 99 30 27.5 1 rio 1
future_rio_commands_casio 1582422875188 360 223 touchmove 131 108 30 27.5 5.0000076293945 rio 1
future_rio_commands_casio 1582422875205 360 223 touchmove 132 115 30 27.5 21.000007629395 rio 1
future_rio_commands_casio 1582422875221 360 223 touchmove 132 120 30 27.5 2.0000076293945 rio 1
future_rio_commands_casio 1582422875239 360 223 touchmove 132 123 30 27.5 14 rio 1
future_rio_commands_casio 1582422875251 360 223 touchmove 132 125 30 27.5 9.0000076293945 rio 1
future_rio_commands_casio 1582422875268 360 223 touchmove 131 126 30 27.5 6 rio 1
future_rio_commands_casio 1582422875285 360 223 touchmove 131 126 30 27.5 5.0000076293945 rio 1
future_rio_commands_casio 1582422875302 360 223 touchmove 130 125 30 27.5 80 rio 1
future_rio_commands_casio 1582422875318 360 223 touchmove 126 113 27.5 30 4 rio 1
future_rio_commands_casio 1582422875335 360 223 touchmove 127 94 30 32.5 21 rio 1
future_rio_commands_casio 1582422875352 360 223 touchmove 130 78 27.5 30 87.999992370605 rio 1
future_rio_commands_casio 1582422875411 360 223 touchmove 140 36 27.5 27.5 14 rio 1
future_rio_commands_casio 1582422875437 360 223 touchmove 141 30 27.5 27.5 70 rio 1
future_rio_commands_casio 1582422875451 360 223 touchmove 142 28 27.5 27.5 72 rio 1
future_rio_commands_casio 1582422875468 360 223 touchmove 142 28 27.5 27.5 67 rio 1
future_rio_commands_casio 1582422875485 360 223 touchmove 142 27 27.5 27.5 76 rio 1
future_rio_commands_casio 1582422875501 360 223 touchmove 143 27 30 27.5 8 rio 1
future_rio_commands_casio 1582422875519 360 223 touchmove 147 29 30 30 65 rio 1
future_rio_commands_casio 1582422875535 360 223 touchmove 151 35 27.5 27.5 67 rio 1
future_rio_commands_casio 1582422875551 360 223 touchmove 154 40 27.5 27.5 36 rio 1
future_rio_commands_casio 1582422875568 360 223 touchmove 156 46 27.5 27.5 70 rio 1
future_rio_commands_casio 1582422875584 360 223 touchmove 157 54 27.5 27.5 73.999992370605 rio 1
future_rio_commands_casio 1582422875603 360 223 touchmove 156 60 27.5 27.5 72 rio 1
future_rio_commands_casio 1582422875620 360 223 touchmove 154 67 25 27.5 12.999999046326 rio 1
future_rio_commands_casio 1582422875634 360 223 touchmove 150 73 30 27.5 83 rio 1
future_rio_commands_casio 1582422875654 360 223 touchmove 146 77 27.5 27.5 32.000003814697 rio 1
future_rio_commands_casio 1582422875669 360 223 touchmove 142 81 27.5 27.5 28.000003814697 rio 1
future_rio_commands_casio 1582422875685 360 223 touchmove 137 83 30 27.5 7 rio 1
future_rio_commands_casio 1582422875701 360 223 touchmove 134 83 27.5 27.5 43 rio 1
future_rio_commands_casio 1582422875718 360 223 touchmove 131 83 30 27.5 82 rio 1
future_rio_commands_casio 1582422875735 360 223 touchmove 130 83 30 27.5 86 rio 1
future_rio_commands_casio 1582422875751 360 223 touchmove 129 83 30 27.5 81 rio 1
future_rio_commands_casio 1582422875768 360 223 touchmove 129 82 30 30 22 rio 1
future_rio_commands_casio 1582422875784 360 223 touchmove 129 82 30 30 9.0000076293945 rio 1
future_rio_commands_casio 1582422875807 360 223 touchmove 129 82 27.5 27.5 3.0000076293945 rio 1
future_rio_commands_casio 1582422875819 360 223 touchmove 130 83 27.5 27.5 8 rio 1
future_rio_commands_casio 1582422875834 360 223 touchmove 134 85 27.5 27.5 78.999992370605 rio 1
future_rio_commands_casio 1582422875851 360 223 touchmove 137 88 25 27.5 76 rio 1
future_rio_commands_casio 1582422875868 360 223 touchmove 141 91 25 27.5 48 rio 1
future_rio_commands_casio 1582422875885 360 223 touchmove 146 98 22.5 25 6 rio 1
future_rio_commands_casio 1582422875902 360 223 touchmove 152 106 25 27.5 68.999992370605 rio 1
future_rio_commands_casio 1582422875918 360 223 touchmove 157 112 25 27.5 53 rio 1
future_rio_commands_casio 1582422875934 360 223 touchmove 161 119 25 25 68 rio 1
future_rio_commands_casio 1582422875951 360 223 touchmove 164 124 22.5 25 1 rio 1
future_rio_commands_casio 1582422875968 360 223 touchmove 166 128 25 22.5 89 rio 1
future_rio_commands_casio 1582422875984 360 223 touchmove 168 130 22.5 25 6 rio 1
future_rio_commands_casio 1582422876002 360 223 touchmove 169 132 22.5 25 6 rio 1
future_rio_commands_casio 1582422876018 360 223 touchmove 169 134 22.5 25 3 rio 1
future_rio_commands_casio 1582422876035 360 223 touchmove 170 135 27.5 25 4 rio 1
future_rio_commands_casio 1582422876051 360 223 touchmove 170 136 27.5 25 18 rio 1
future_rio_commands_casio 1582422876068 360 223 touchmove 171 136 27.5 25 19 rio 1
future_rio_commands_casio 1582422876080 360 223 touchmove 172 136 32.5 30 6 rio 1
future_rio_commands_casio 1582422876082 360 223 touchend 172 136 32.5 30 6 rio 1
future_rio_commands_casio 1582422876603 360 223 touchstart 200 46 25 25 68.999992370605 rio 1
future_rio_commands_casio 1582422876617 360 223 touchmove 200 46 25 27.5 45.999996185303 rio 1
future_rio_commands_casio 1582422876667 360 223 touchmove 198 49 27.5 27.5 19 rio 1
future_rio_commands_casio 1582422876683 360 223 touchmove 195 57 27.5 27.5 64 rio 1
future_rio_commands_casio 1582422876701 360 223 touchmove 190 73 25 27.5 72.999992370605 rio 1
future_rio_commands_casio 1582422876717 360 223 touchmove 187 87 25 25 75 rio 1
future_rio_commands_casio 1582422876734 360 223 touchmove 185 102 25 27.5 55.999996185303 rio 1
future_rio_commands_casio 1582422876753 360 223 touchmove 184 113 25 27.5 6 rio 1
future_rio_commands_casio 1582422876769 360 223 touchmove 184 122 25 27.5 21.999998092651 rio 1
future_rio_commands_casio 1582422876783 360 223 touchmove 185 128 25 27.5 42 rio 1
future_rio_commands_casio 1582422876802 360 223 touchmove 186 131 25 27.5 43.999996185303 rio 1
future_rio_commands_casio 1582422876817 360 223 touchmove 186 133 25 27.5 39 rio 1
future_rio_commands_casio 1582422876834 360 223 touchmove 187 134 25 27.5 40 rio 1
future_rio_commands_casio 1582422876850 360 223 touchmove 187 135 25 27.5 45.999996185303 rio 1
future_rio_commands_casio 1582422876867 360 223 touchmove 187 135 22.5 25 10 rio 1
future_rio_commands_casio 1582422876879 360 223 touchmove 187 135 30 27.5 33.000003814697 rio 1
future_rio_commands_casio 1582422876882 360 223 touchend 187 135 30 27.5 33.000003814697 rio 1
future_rio_commands_casio 1582422877074 360 223 touchstart 212 24 22.5 27.5 13.999999046326 rio 1
future_rio_commands_casio 1582422877101 360 223 touchmove 212 24 27.5 30 66 rio 1
future_rio_commands_casio 1582422877201 360 223 touchmove 212 24 25 27.5 61.999996185303 rio 1
future_rio_commands_casio 1582422877214 360 223 touchend 212 24 25 27.5 61.999996185303 rio 1
future_rio_commands_casio 1582422877500 360 223 touchmove 258 67 25 27.5 50 rio 1
future_rio_commands_casio 1582422877517 360 223 touchmove 250 68 25 27.5 56.999996185303 rio 1
future_rio_commands_casio 1582422877534 360 223 touchmove 241 70 25 30 80 rio 1
future_rio_commands_casio 1582422877550 360 223 touchmove 232 74 27.5 27.5 21 rio 1
future_rio_commands_casio 1582422877567 360 223 touchmove 226 79 27.5 27.5 83 rio 1
future_rio_commands_casio 1582422877585 360 223 touchmove 222 83 25 27.5 78 rio 1
future_rio_commands_casio 1582422877609 360 223 touchmove 219 88 25 27.5 84 rio 1
future_rio_commands_casio 1582422877618 360 223 touchmove 216 94 25 27.5 78 rio 1
future_rio_commands_casio 1582422877635 360 223 touchmove 214 101 25 27.5 60 rio 1
future_rio_commands_casio 1582422877650 360 223 touchmove 213 109 25 27.5 80.999992370605 rio 1
future_rio_commands_casio 1582422877667 360 223 touchmove 214 117 25 27.5 48.999996185303 rio 1
future_rio_commands_casio 1582422877684 360 223 touchmove 216 123 25 27.5 53 rio 1
future_rio_commands_casio 1582422877700 360 223 touchmove 219 128 25 27.5 40 rio 1
future_rio_commands_casio 1582422877717 360 223 touchmove 223 131 22.5 25 12.999999046326 rio 1
future_rio_commands_casio 1582422877734 360 223 touchmove 230 132 25 27.5 50.999996185303 rio 1
future_rio_commands_casio 1582422877750 360 223 touchmove 237 129 25 27.5 27.999998092651 rio 1
future_rio_commands_casio 1582422877767 360 223 touchmove 249 119 25 27.5 42 rio 1
future_rio_commands_casio 1582422877784 360 223 touchmove 259 109 22.5 27.5 57.999996185303 rio 1
future_rio_commands_casio 1582422877800 360 223 touchmove 267 97 25 27.5 43 rio 1
future_rio_commands_casio 1582422877817 360 223 touchmove 271 90 25 27.5 45 rio 1
future_rio_commands_casio 1582422877833 360 223 touchmove 273 84 25 27.5 62.999996185303 rio 1
future_rio_commands_casio 1582422877850 360 223 touchmove 272 78 25 27.5 47 rio 1
future_rio_commands_casio 1582422877867 360 223 touchmove 269 73 25 27.5 48.999996185303 rio 1
future_rio_commands_casio 1582422877883 360 223 touchmove 266 70 27.5 27.5 48 rio 1
future_rio_commands_casio 1582422877900 360 223 touchmove 263 68 27.5 27.5 51.999996185303 rio 1
future_rio_commands_casio 1582422877919 360 223 touchmove 257 66 27.5 30 68.999992370605 rio 1
future_rio_commands_casio 1582422877933 360 223 touchmove 250 66 27.5 27.5 53 rio 1
future_rio_commands_casio 1582422877950 360 223 touchmove 244 67 27.5 27.5 57.999996185303 rio 1
future_rio_commands_casio 1582422877966 360 223 touchmove 239 69 27.5 30 68 rio 1
future_rio_commands_casio 1582422877984 360 223 touchmove 236 70 27.5 30 80.999992370605 rio 1
future_rio_commands_casio 1582422878004 360 223 touchmove 234 71 27.5 30 76 rio 1
future_rio_commands_casio 1582422878016 360 223 touchmove 234 71 27.5 30 72.999992370605 rio 1
future_rio_commands_casio 1582422878034 360 223 touchmove 234 72 22.5 27.5 13.999999046326 rio 1
future_rio_commands_casio 1582422878038 360 223 touchend 234 72 22.5 27.5 13.999999046326 rio 1
future_rio_commands_casio 1582422878809 360 223 touchstart 90 43 22.5 22.5 18 rio 1
future_rio_commands_casio 1582422878818 360 223 touchmove 90 43 25 27.5 72 rio 1
future_rio_commands_casio 1582422878865 360 223 touchmove 91 43 25 27.5 71 rio 1
future_rio_commands_casio 1582422878887 360 223 touchmove 94 47 22.5 25 77 rio 1
future_rio_commands_casio 1582422878898 360 223 touchmove 96 55 22.5 27.5 64 rio 1
future_rio_commands_casio 1582422878915 360 223 touchmove 95 67 22.5 27.5 80 rio 1
future_rio_commands_casio 1582422878933 360 223 touchmove 94 79 22.5 27.5 68.999992370605 rio 1
future_rio_commands_casio 1582422878949 360 223 touchmove 92 89 20 25 70 rio 1
future_rio_commands_casio 1582422878965 360 223 touchmove 91 98 22.5 25 45.999996185303 rio 1
future_rio_commands_casio 1582422878982 360 223 touchmove 91 106 22.5 25 40 rio 1
future_rio_commands_casio 1582422879000 360 223 touchmove 91 114 22.5 25 59 rio 1
future_rio_commands_casio 1582422879018 360 223 touchmove 92 121 22.5 27.5 66 rio 1
future_rio_commands_casio 1582422879033 360 223 touchmove 92 126 22.5 25 45 rio 1
future_rio_commands_casio 1582422879050 360 223 touchmove 92 128 22.5 25 40 rio 1
future_rio_commands_casio 1582422879065 360 223 touchmove 91 131 22.5 27.5 62.999996185303 rio 1
future_rio_commands_casio 1582422879083 360 223 touchmove 91 133 22.5 27.5 64 rio 1
future_rio_commands_casio 1582422879101 360 223 touchmove 90 133 22.5 27.5 62.999996185303 rio 1
future_rio_commands_casio 1582422879115 360 223 touchmove 90 134 22.5 25 61 rio 1
future_rio_commands_casio 1582422879133 360 223 touchmove 86 127 25 27.5 56.999996185303 rio 1
future_rio_commands_casio 1582422879148 360 223 touchmove 84 119 25 25 61.999996185303 rio 1
future_rio_commands_casio 1582422879165 360 223 touchmove 84 111 22.5 27.5 73.999992370605 rio 1
future_rio_commands_casio 1582422879181 360 223 touchmove 84 104 25 27.5 60 rio 1
future_rio_commands_casio 1582422879199 360 223 touchmove 84 98 25 27.5 64 rio 1
future_rio_commands_casio 1582422879216 360 223 touchmove 85 93 25 27.5 65 rio 1
future_rio_commands_casio 1582422879231 360 223 touchmove 85 86 25 27.5 61 rio 1
future_rio_commands_casio 1582422879248 360 223 touchmove 86 79 22.5 27.5 66 rio 1
future_rio_commands_casio 1582422879268 360 223 touchmove 87 73 25 27.5 72.999992370605 rio 1
future_rio_commands_casio 1582422879282 360 223 touchmove 88 67 22.5 30 83 rio 1
future_rio_commands_casio 1582422879298 360 223 touchmove 89 61 25 27.5 80.999992370605 rio 1
future_rio_commands_casio 1582422879316 360 223 touchmove 91 57 25 27.5 80.999992370605 rio 1
future_rio_commands_casio 1582422879332 360 223 touchmove 92 53 25 27.5 77 rio 1
future_rio_commands_casio 1582422879348 360 223 touchmove 93 49 25 27.5 72 rio 1
future_rio_commands_casio 1582422879367 360 223 touchmove 95 45 22.5 27.5 80 rio 1
future_rio_commands_casio 1582422879382 360 223 touchmove 97 41 22.5 27.5 80.999992370605 rio 1
future_rio_commands_casio 1582422879398 360 223 touchmove 99 38 25 27.5 72 rio 1
future_rio_commands_casio 1582422879415 360 223 touchmove 100 35 22.5 27.5 77 rio 1
future_rio_commands_casio 1582422879432 360 223 touchmove 102 33 25 27.5 76 rio 1
future_rio_commands_casio 1582422879449 360 223 touchmove 106 30 25 27.5 78.999992370605 rio 1
future_rio_commands_casio 1582422879465 360 223 touchmove 109 29 25 27.5 83 rio 1
future_rio_commands_casio 1582422879481 360 223 touchmove 112 27 25 27.5 78.999992370605 rio 1
future_rio_commands_casio 1582422879498 360 223 touchmove 114 27 25 27.5 78 rio 1
future_rio_commands_casio 1582422879514 360 223 touchmove 117 26 25 27.5 76 rio 1
future_rio_commands_casio 1582422879531 360 223 touchmove 120 27 25 27.5 71 rio 1
future_rio_commands_casio 1582422879548 360 223 touchmove 124 28 25 30 82 rio 1
future_rio_commands_casio 1582422879565 360 223 touchmove 128 30 22.5 27.5 80 rio 1
future_rio_commands_casio 1582422879581 360 223 touchmove 132 32 25 27.5 64 rio 1
future_rio_commands_casio 1582422879600 360 223 touchmove 135 35 25 27.5 75 rio 1
future_rio_commands_casio 1582422879615 360 223 touchmove 137 38 25 27.5 70 rio 1
future_rio_commands_casio 1582422879631 360 223 touchmove 138 41 25 27.5 71 rio 1
future_rio_commands_casio 1582422879648 360 223 touchmove 139 44 25 27.5 71 rio 1
future_rio_commands_casio 1582422879665 360 223 touchmove 140 47 22.5 27.5 68.999992370605 rio 1
future_rio_commands_casio 1582422879681 360 223 touchmove 140 51 22.5 27.5 78 rio 1
future_rio_commands_casio 1582422879698 360 223 touchmove 140 56 25 27.5 73.999992370605 rio 1
future_rio_commands_casio 1582422879714 360 223 touchmove 140 60 22.5 27.5 76 rio 1
future_rio_commands_casio 1582422879732 360 223 touchmove 139 64 25 27.5 77 rio 1
future_rio_commands_casio 1582422879748 360 223 touchmove 137 67 25 27.5 80.999992370605 rio 1
future_rio_commands_casio 1582422879764 360 223 touchmove 134 71 25 27.5 72 rio 1
future_rio_commands_casio 1582422879782 360 223 touchmove 131 73 25 27.5 68.999992370605 rio 1
future_rio_commands_casio 1582422879798 360 223 touchmove 127 74 25 27.5 68 rio 1
future_rio_commands_casio 1582422879819 360 223 touchmove 123 75 25 27.5 78.999992370605 rio 1
future_rio_commands_casio 1582422879831 360 223 touchmove 118 74 25 27.5 62.999996185303 rio 1
future_rio_commands_casio 1582422879847 360 223 touchmove 113 74 25 27.5 61.999996185303 rio 1
future_rio_commands_casio 1582422879865 360 223 touchmove 109 73 25 27.5 68 rio 1
future_rio_commands_casio 1582422879882 360 223 touchmove 106 72 25 27.5 66.999992370605 rio 1
future_rio_commands_casio 1582422879898 360 223 touchmove 104 71 25 27.5 70 rio 1
future_rio_commands_casio 1582422879915 360 223 touchmove 103 71 25 27.5 68.999992370605 rio 1
future_rio_commands_casio 1582422879932 360 223 touchmove 103 70 25 27.5 70 rio 1
future_rio_commands_casio 1582422879947 360 223 touchmove 102 70 25 27.5 68.999992370605 rio 1
future_rio_commands_casio 1582422879964 360 223 touchmove 102 70 25 27.5 68.999992370605 rio 1
future_rio_commands_casio 1582422879981 360 223 touchmove 102 70 25 27.5 71 rio 1
future_rio_commands_casio 1582422880031 360 223 touchmove 102 70 25 27.5 66 rio 1
future_rio_commands_casio 1582422880082 360 223 touchmove 102 70 25 27.5 61.999996185303 rio 1
future_rio_commands_casio 1582422880097 360 223 touchmove 102 72 25 27.5 62.999996185303 rio 1
future_rio_commands_casio 1582422880114 360 223 touchmove 104 75 25 27.5 60 rio 1
future_rio_commands_casio 1582422880131 360 223 touchmove 107 79 25 27.5 66 rio 1
future_rio_commands_casio 1582422880147 360 223 touchmove 110 82 25 27.5 68 rio 1
future_rio_commands_casio 1582422880164 360 223 touchmove 113 85 22.5 27.5 68.999992370605 rio 1
future_rio_commands_casio 1582422880180 360 223 touchmove 116 88 22.5 27.5 70 rio 1
future_rio_commands_casio 1582422880197 360 223 touchmove 119 92 22.5 27.5 66.999992370605 rio 1
future_rio_commands_casio 1582422880214 360 223 touchmove 123 96 22.5 30 80 rio 1
future_rio_commands_casio 1582422880231 360 223 touchmove 127 101 25 27.5 70 rio 1
future_rio_commands_casio 1582422880247 360 223 touchmove 130 105 25 27.5 72.999992370605 rio 1
future_rio_commands_casio 1582422880264 360 223 touchmove 133 108 25 27.5 72 rio 1
future_rio_commands_casio 1582422880280 360 223 touchmove 135 112 25 27.5 66 rio 1
future_rio_commands_casio 1582422880297 360 223 touchmove 137 116 25 27.5 59 rio 1
future_rio_commands_casio 1582422880314 360 223 touchmove 139 121 25 27.5 66.999992370605 rio 1
future_rio_commands_casio 1582422880330 360 223 touchmove 140 126 25 27.5 66.999992370605 rio 1
future_rio_commands_casio 1582422880346 360 223 touchmove 141 130 25 27.5 66 rio 1
future_rio_commands_casio 1582422880364 360 223 touchmove 142 134 25 27.5 65 rio 1
future_rio_commands_casio 1582422880380 360 223 touchmove 142 137 22.5 27.5 75 rio 1
future_rio_commands_casio 1582422880397 360 223 touchmove 143 140 25 27.5 64 rio 1
future_rio_commands_casio 1582422880414 360 223 touchmove 144 142 25 27.5 61.999996185303 rio 1
future_rio_commands_casio 1582422880430 360 223 touchmove 145 144 25 27.5 64 rio 1
future_rio_commands_casio 1582422880447 360 223 touchmove 145 145 25 27.5 68 rio 1
future_rio_commands_casio 1582422880463 360 223 touchmove 145 145 25 27.5 66.999992370605 rio 1
future_rio_commands_casio 1582422880480 360 223 touchmove 146 146 25 27.5 68.999992370605 rio 1
future_rio_commands_casio 1582422880497 360 223 touchmove 146 146 25 27.5 70 rio 1
future_rio_commands_casio 1582422880514 360 223 touchmove 146 146 25 27.5 68 rio 1
future_rio_commands_casio 1582422880536 360 223 touchmove 146 146 22.5 22.5 68.999992370605 rio 1
future_rio_commands_casio 1582422880548 360 223 touchmove 146 146 22.5 30 83 rio 1
future_rio_commands_casio 1582422880553 360 223 touchend 146 146 22.5 30 83 rio 1
future_rio_commands_casio 1582422881111 360 223 touchstart 154 39 22.5 25 82 rio 1
future_rio_commands_casio 1582422881130 360 223 touchmove 154 39 22.5 27.5 72 rio 1
future_rio_commands_casio 1582422881180 360 223 touchmove 154 40 22.5 27.5 72 rio 1
future_rio_commands_casio 1582422881197 360 223 touchmove 154 44 22.5 27.5 76 rio 1
future_rio_commands_casio 1582422881214 360 223 touchmove 153 49 22.5 27.5 80 rio 1
future_rio_commands_casio 1582422881230 360 223 touchmove 152 57 22.5 25 53.999996185303 rio 1
future_rio_commands_casio 1582422881248 360 223 touchmove 150 65 22.5 25 72 rio 1
future_rio_commands_casio 1582422881263 360 223 touchmove 149 73 25 25 65 rio 1
future_rio_commands_casio 1582422881281 360 223 touchmove 149 80 22.5 25 55.999996185303 rio 1
future_rio_commands_casio 1582422881296 360 223 touchmove 148 85 22.5 27.5 73.999992370605 rio 1
future_rio_commands_casio 1582422881312 360 223 touchmove 148 91 22.5 27.5 78 rio 1
future_rio_commands_casio 1582422881329 360 223 touchmove 147 96 25 27.5 72 rio 1
future_rio_commands_casio 1582422881347 360 223 touchmove 147 101 22.5 25 75 rio 1
future_rio_commands_casio 1582422881363 360 223 touchmove 147 105 22.5 27.5 72.999992370605 rio 1
future_rio_commands_casio 1582422881380 360 223 touchmove 146 109 22.5 27.5 68.999992370605 rio 1
future_rio_commands_casio 1582422881396 360 223 touchmove 146 112 22.5 27.5 71 rio 1
future_rio_commands_casio 1582422881415 360 223 touchmove 146 115 22.5 27.5 75 rio 1
future_rio_commands_casio 1582422881429 360 223 touchmove 146 117 22.5 27.5 76 rio 1
future_rio_commands_casio 1582422881446 360 223 touchmove 146 120 25 27.5 64 rio 1
future_rio_commands_casio 1582422881462 360 223 touchmove 146 121 25 27.5 71 rio 1
future_rio_commands_casio 1582422881479 360 223 touchmove 146 122 25 27.5 70 rio 1
future_rio_commands_casio 1582422881496 360 223 touchmove 146 123 25 27.5 73.999992370605 rio 1
future_rio_commands_casio 1582422881514 360 223 touchmove 146 123 25 25 75 rio 1
future_rio_commands_casio 1582422881531 360 223 touchmove 146 123 22.5 27.5 84 rio 1
future_rio_commands_casio 1582422881537 360 223 touchend 146 123 22.5 27.5 84 rio 1
future_rio_commands_casio 1582422881796 360 223 touchstart 156 20 22.5 25 71 rio 1
future_rio_commands_casio 1582422881812 360 223 touchmove 156 20 22.5 27.5 72 rio 1
future_rio_commands_casio 1582422881879 360 223 touchmove 156 20 22.5 25 83 rio 1
future_rio_commands_casio 1582422881897 360 223 touchmove 156 20 20 27.5 86 rio 1
future_rio_commands_casio 1582422881910 360 223 touchend 156 20 20 27.5 86 rio 1
future_rio_commands_casio 1582422882556 360 223 touchstart 179 59 20 25 86 rio 1
future_rio_commands_casio 1582422882630 360 223 touchmove 178 59 22.5 25 78.999992370605 rio 1
future_rio_commands_casio 1582422882646 360 223 touchmove 176 58 22.5 25 78 rio 1
future_rio_commands_casio 1582422882663 360 223 touchmove 173 58 22.5 25 78 rio 1
future_rio_commands_casio 1582422882679 360 223 touchmove 170 58 22.5 25 78.999992370605 rio 1
future_rio_commands_casio 1582422882696 360 223 touchmove 168 59 22.5 25 77 rio 1
future_rio_commands_casio 1582422882714 360 223 touchmove 164 60 22.5 25 66.999992370605 rio 1
future_rio_commands_casio 1582422882730 360 223 touchmove 160 62 22.5 25 68 rio 1
future_rio_commands_casio 1582422882746 360 223 touchmove 154 66 22.5 25 68 rio 1
future_rio_commands_casio 1582422882762 360 223 touchmove 150 69 22.5 25 72.999992370605 rio 1
future_rio_commands_casio 1582422882779 360 223 touchmove 147 73 22.5 25 78 rio 1
future_rio_commands_casio 1582422882796 360 223 touchmove 146 76 25 25 75 rio 1
future_rio_commands_casio 1582422882813 360 223 touchmove 145 79 22.5 25 72 rio 1
future_rio_commands_casio 1582422882829 360 223 touchmove 144 82 22.5 25 75 rio 1
future_rio_commands_casio 1582422882846 360 223 touchmove 144 84 22.5 25 75 rio 1
future_rio_commands_casio 1582422882862 360 223 touchmove 144 87 22.5 25 70 rio 1
future_rio_commands_casio 1582422882879 360 223 touchmove 145 89 22.5 25 73.999992370605 rio 1
future_rio_commands_casio 1582422882896 360 223 touchmove 145 91 22.5 25 75 rio 1
future_rio_commands_casio 1582422882914 360 223 touchmove 145 92 22.5 25 76 rio 1
future_rio_commands_casio 1582422882929 360 223 touchmove 146 94 22.5 25 73.999992370605 rio 1
future_rio_commands_casio 1582422882945 360 223 touchmove 147 95 22.5 25 65 rio 1
future_rio_commands_casio 1582422882962 360 223 touchmove 148 97 22.5 25 80.999992370605 rio 1
future_rio_commands_casio 1582422882983 360 223 touchmove 149 98 22.5 25 76 rio 1
future_rio_commands_casio 1582422882995 360 223 touchmove 151 99 22.5 25 77 rio 1
future_rio_commands_casio 1582422883013 360 223 touchmove 152 99 22.5 25 75 rio 1
future_rio_commands_casio 1582422883029 360 223 touchmove 154 100 22.5 25 72.999992370605 rio 1
future_rio_commands_casio 1582422883046 360 223 touchmove 156 101 22.5 25 72.999992370605 rio 1
future_rio_commands_casio 1582422883062 360 223 touchmove 158 101 22.5 25 72 rio 1
future_rio_commands_casio 1582422883081 360 223 touchmove 160 101 22.5 25 70 rio 1
future_rio_commands_casio 1582422883096 360 223 touchmove 163 101 22.5 25 65 rio 1
future_rio_commands_casio 1582422883112 360 223 touchmove 166 101 22.5 27.5 78 rio 1
future_rio_commands_casio 1582422883129 360 223 touchmove 169 101 22.5 25 77 rio 1
future_rio_commands_casio 1582422883148 360 223 touchmove 171 100 22.5 25 75 rio 1
future_rio_commands_casio 1582422883162 360 223 touchmove 174 99 22.5 25 68.999992370605 rio 1
future_rio_commands_casio 1582422883179 360 223 touchmove 177 98 22.5 25 70 rio 1
future_rio_commands_casio 1582422883195 360 223 touchmove 179 96 22.5 25 71 rio 1
future_rio_commands_casio 1582422883213 360 223 touchmove 181 95 22.5 25 68.999992370605 rio 1
future_rio_commands_casio 1582422883229 360 223 touchmove 182 93 22.5 25 72 rio 1
future_rio_commands_casio 1582422883246 360 223 touchmove 184 92 22.5 25 66.999992370605 rio 1
future_rio_commands_casio 1582422883262 360 223 touchmove 184 89 22.5 25 76 rio 1
future_rio_commands_casio 1582422883281 360 223 touchmove 185 87 22.5 25 75 rio 1
future_rio_commands_casio 1582422883295 360 223 touchmove 185 84 22.5 25 75 rio 1
future_rio_commands_casio 1582422883312 360 223 touchmove 184 81 22.5 25 75 rio 1
future_rio_commands_casio 1582422883329 360 223 touchmove 183 79 22.5 25 71 rio 1
future_rio_commands_casio 1582422883345 360 223 touchmove 183 76 22.5 25 73.999992370605 rio 1
future_rio_commands_casio 1582422883362 360 223 touchmove 182 74 22.5 25 75 rio 1
future_rio_commands_casio 1582422883381 360 223 touchmove 182 71 22.5 25 76 rio 1
future_rio_commands_casio 1582422883395 360 223 touchmove 182 68 20 25 80.999992370605 rio 1
future_rio_commands_casio 1582422883412 360 223 touchmove 181 65 22.5 25 80 rio 1
future_rio_commands_casio 1582422883429 360 223 touchmove 181 63 22.5 25 80.999992370605 rio 1
future_rio_commands_casio 1582422883446 360 223 touchmove 180 61 22.5 25 80.999992370605 rio 1
future_rio_commands_casio 1582422883462 360 223 touchmove 180 59 22.5 25 80.999992370605 rio 1
future_rio_commands_casio 1582422883480 360 223 touchmove 179 58 22.5 25 73.999992370605 rio 1
future_rio_commands_casio 1582422883495 360 223 touchmove 179 57 22.5 25 78 rio 1
future_rio_commands_casio 1582422883512 360 223 touchmove 179 56 22.5 25 72 rio 1
future_rio_commands_casio 1582422883532 360 223 touchmove 179 56 22.5 25 83 rio 1
future_rio_commands_casio 1582422883546 360 223 touchmove 179 56 22.5 27.5 86 rio 1
future_rio_commands_casio 1582422883559 360 223 touchend 179 56 22.5 27.5 86 rio 1
future_rio_commands_casio 1582422885280 360 223 touchstart 132 57 20 22.5 83 rio 1
future_rio_commands_casio 1582422885294 360 223 touchmove 132 57 22.5 25 87.999992370605 rio 1
future_rio_commands_casio 1582422885312 360 223 touchmove 132 57 22.5 27.5 82 rio 1
future_rio_commands_casio 1582422885327 360 223 touchmove 133 58 22.5 27.5 71 rio 1
future_rio_commands_casio 1582422885347 360 223 touchmove 134 60 22.5 27.5 77 rio 1
future_rio_commands_casio 1582422885362 360 223 touchmove 135 63 22.5 27.5 76 rio 1
future_rio_commands_casio 1582422885377 360 223 touchmove 135 67 22.5 27.5 77 rio 1
future_rio_commands_casio 1582422885394 360 223 touchmove 136 71 22.5 27.5 80 rio 1
future_rio_commands_casio 1582422885411 360 223 touchmove 136 76 22.5 27.5 70 rio 1
future_rio_commands_casio 1582422885427 360 223 touchmove 136 81 22.5 27.5 73.999992370605 rio 1
future_rio_commands_casio 1582422885447 360 223 touchmove 137 85 22.5 27.5 75 rio 1
future_rio_commands_casio 1582422885460 360 223 touchmove 137 91 22.5 27.5 78.999992370605 rio 1
future_rio_commands_casio 1582422885478 360 223 touchmove 138 94 22.5 27.5 78 rio 1
future_rio_commands_casio 1582422885494 360 223 touchmove 139 98 22.5 27.5 66 rio 1
future_rio_commands_casio 1582422885510 360 223 touchmove 139 100 25 27.5 72.999992370605 rio 1
future_rio_commands_casio 1582422885527 360 223 touchmove 140 102 22.5 27.5 70 rio 1
future_rio_commands_casio 1582422885545 360 223 touchmove 140 103 25 27.5 71 rio 1
future_rio_commands_casio 1582422885560 360 223 touchmove 140 103 25 27.5 72.999992370605 rio 1
future_rio_commands_casio 1582422885628 360 223 touchmove 139 98 25 27.5 76 rio 1
future_rio_commands_casio 1582422885646 360 223 touchmove 138 91 25 27.5 66 rio 1
future_rio_commands_casio 1582422885663 360 223 touchmove 138 82 25 27.5 73.999992370605 rio 1
future_rio_commands_casio 1582422885680 360 223 touchmove 138 75 22.5 27.5 82 rio 1
future_rio_commands_casio 1582422885694 360 223 touchmove 138 69 22.5 27.5 84 rio 1
future_rio_commands_casio 1582422885711 360 223 touchmove 138 64 22.5 27.5 84 rio 1
future_rio_commands_casio 1582422885727 360 223 touchmove 138 61 22.5 27.5 77 rio 1
future_rio_commands_casio 1582422885745 360 223 touchmove 139 58 22.5 27.5 78 rio 1
future_rio_commands_casio 1582422885763 360 223 touchmove 139 57 25 27.5 80.999992370605 rio 1
future_rio_commands_casio 1582422885777 360 223 touchmove 139 56 25 27.5 80 rio 1
future_rio_commands_casio 1582422885794 360 223 touchmove 140 55 25 27.5 80 rio 1
future_rio_commands_casio 1582422885811 360 223 touchmove 140 54 22.5 27.5 75 rio 1
future_rio_commands_casio 1582422885827 360 223 touchmove 141 53 22.5 27.5 76 rio 1
future_rio_commands_casio 1582422885846 360 223 touchmove 143 52 22.5 27.5 73.999992370605 rio 1
future_rio_commands_casio 1582422885861 360 223 touchmove 144 51 22.5 25 59 rio 1
future_rio_commands_casio 1582422885880 360 223 touchmove 147 50 22.5 27.5 82 rio 1
future_rio_commands_casio 1582422885894 360 223 touchmove 149 49 22.5 27.5 80 rio 1
future_rio_commands_casio 1582422885912 360 223 touchmove 151 48 22.5 27.5 78 rio 1
future_rio_commands_casio 1582422885926 360 223 touchmove 152 48 22.5 27.5 77 rio 1
future_rio_commands_casio 1582422885943 360 223 touchmove 153 48 22.5 27.5 76 rio 1
future_rio_commands_casio 1582422885960 360 223 touchmove 154 48 25 27.5 83 rio 1
future_rio_commands_casio 1582422885972 360 223 touchmove 155 48 27.5 30 78.999992370605 rio 1
future_rio_commands_casio 1582422885974 360 223 touchend 155 48 27.5 30 78.999992370605 rio 1
future_rio_commands_casio 1582422886730 360 223 touchstart 184 63 20 25 87.999992370605 rio 1
future_rio_commands_casio 1582422886777 360 223 touchmove 183 63 22.5 25 77 rio 1
future_rio_commands_casio 1582422886795 360 223 touchmove 182 64 22.5 25 77 rio 1
future_rio_commands_casio 1582422886810 360 223 touchmove 181 64 22.5 25 82 rio 1
future_rio_commands_casio 1582422886828 360 223 touchmove 181 65 22.5 25 76 rio 1
future_rio_commands_casio 1582422886843 360 223 touchmove 180 65 22.5 25 76 rio 1
future_rio_commands_casio 1582422886859 360 223 touchmove 180 66 22.5 25 78.999992370605 rio 1
future_rio_commands_casio 1582422886877 360 223 touchmove 179 67 22.5 25 75 rio 1
future_rio_commands_casio 1582422886893 360 223 touchmove 178 68 22.5 25 80 rio 1
future_rio_commands_casio 1582422886912 360 223 touchmove 177 70 22.5 25 78.999992370605 rio 1
future_rio_commands_casio 1582422886928 360 223 touchmove 176 72 22.5 25 78.999992370605 rio 1
future_rio_commands_casio 1582422886942 360 223 touchmove 176 74 20 25 78.999992370605 rio 1
future_rio_commands_casio 1582422886959 360 223 touchmove 176 76 20 25 80.999992370605 rio 1
future_rio_commands_casio 1582422886978 360 223 touchmove 176 78 22.5 25 68.999992370605 rio 1
future_rio_commands_casio 1582422886993 360 223 touchmove 176 81 22.5 25 77 rio 1
future_rio_commands_casio 1582422887011 360 223 touchmove 177 83 22.5 25 77 rio 1
future_rio_commands_casio 1582422887026 360 223 touchmove 177 86 22.5 25 76 rio 1
future_rio_commands_casio 1582422887044 360 223 touchmove 177 88 22.5 25 75 rio 1
future_rio_commands_casio 1582422887059 360 223 touchmove 178 92 20 25 80.999992370605 rio 1
future_rio_commands_casio 1582422887077 360 223 touchmove 178 96 20 25 80.999992370605 rio 1
future_rio_commands_casio 1582422887093 360 223 touchmove 177 101 22.5 25 72 rio 1
future_rio_commands_casio 1582422887111 360 223 touchmove 177 104 22.5 25 72 rio 1
future_rio_commands_casio 1582422887126 360 223 touchmove 177 107 22.5 25 76 rio 1
future_rio_commands_casio 1582422887143 360 223 touchmove 177 110 22.5 25 75 rio 1
future_rio_commands_casio 1582422887160 360 223 touchmove 177 112 22.5 25 77 rio 1
future_rio_commands_casio 1582422887176 360 223 touchmove 177 113 22.5 25 76 rio 1
future_rio_commands_casio 1582422887193 360 223 touchmove 178 114 22.5 25 80 rio 1
future_rio_commands_casio 1582422887209 360 223 touchmove 178 114 22.5 25 78 rio 1
future_rio_commands_casio 1582422887230 360 223 touchmove 178 114 25 27.5 82 rio 1
future_rio_commands_casio 1582422887239 360 223 touchend 178 114 25 27.5 82 rio 1
future_rio_commands_casio 1582422887439 360 223 touchstart 182 28 22.5 25 76 rio 1
future_rio_commands_casio 1582422887460 360 223 touchmove 182 28 22.5 27.5 72.999992370605 rio 1
future_rio_commands_casio 1582422887492 360 223 touchmove 182 28 22.5 25 73.999992370605 rio 1
future_rio_commands_casio 1582422887516 360 223 touchmove 182 28 22.5 27.5 78 rio 1
future_rio_commands_casio 1582422887521 360 223 touchend 182 28 22.5 27.5 78 rio 1
future_rio_commands_casio 1582422888352 360 223 touchstart 232 62 20 22.5 80 rio 1
future_rio_commands_casio 1582422888375 360 223 touchmove 232 62 22.5 25 83 rio 1
future_rio_commands_casio 1582422888466 360 223 touchmove 231 63 22.5 25 80.999992370605 rio 1
future_rio_commands_casio 1582422888476 360 223 touchmove 229 63 22.5 25 78.999992370605 rio 1
future_rio_commands_casio 1582422888492 360 223 touchmove 225 65 22.5 25 78.999992370605 rio 1
future_rio_commands_casio 1582422888509 360 223 touchmove 220 68 22.5 25 61 rio 1
future_rio_commands_casio 1582422888528 360 223 touchmove 215 71 22.5 25 73.999992370605 rio 1
future_rio_commands_casio 1582422888545 360 223 touchmove 213 73 22.5 25 78.999992370605 rio 1
future_rio_commands_casio 1582422888562 360 223 touchmove 210 76 20 25 78.999992370605 rio 1
future_rio_commands_casio 1582422888575 360 223 touchmove 209 79 22.5 25 76 rio 1
future_rio_commands_casio 1582422888593 360 223 touchmove 208 82 22.5 25 71 rio 1
future_rio_commands_casio 1582422888609 360 223 touchmove 208 85 22.5 25 72 rio 1
future_rio_commands_casio 1582422888626 360 223 touchmove 209 87 22.5 22.5 59 rio 1
future_rio_commands_casio 1582422888642 360 223 touchmove 209 89 22.5 25 55 rio 1
future_rio_commands_casio 1582422888659 360 223 touchmove 210 90 22.5 25 77 rio 1
future_rio_commands_casio 1582422888677 360 223 touchmove 212 91 22.5 25 73.999992370605 rio 1
future_rio_commands_casio 1582422888692 360 223 touchmove 213 92 22.5 25 73.999992370605 rio 1
future_rio_commands_casio 1582422888709 360 223 touchmove 215 93 22.5 25 73.999992370605 rio 1
future_rio_commands_casio 1582422888725 360 223 touchmove 217 94 22.5 25 72 rio 1
future_rio_commands_casio 1582422888743 360 223 touchmove 219 94 22.5 25 73.999992370605 rio 1
future_rio_commands_casio 1582422888758 360 223 touchmove 221 93 22.5 25 68.999992370605 rio 1
future_rio_commands_casio 1582422888775 360 223 touchmove 224 93 22.5 25 51.999996185303 rio 1
future_rio_commands_casio 1582422888793 360 223 touchmove 227 91 22.5 25 75 rio 1
future_rio_commands_casio 1582422888808 360 223 touchmove 230 89 20 25 80.999992370605 rio 1
future_rio_commands_casio 1582422888825 360 223 touchmove 232 85 22.5 25 80.999992370605 rio 1
future_rio_commands_casio 1582422888843 360 223 touchmove 233 82 22.5 25 80 rio 1
future_rio_commands_casio 1582422888859 360 223 touchmove 233 78 22.5 22.5 60 rio 1
future_rio_commands_casio 1582422888876 360 223 touchmove 233 76 22.5 22.5 61.999996185303 rio 1
future_rio_commands_casio 1582422888892 360 223 touchmove 233 74 22.5 25 78 rio 1
future_rio_commands_casio 1582422888909 360 223 touchmove 232 73 22.5 22.5 61 rio 1
future_rio_commands_casio 1582422888926 360 223 touchmove 232 72 22.5 25 34 rio 1
future_rio_commands_casio 1582422888942 360 223 touchmove 233 67 22.5 30 86 rio 1
future_rio_commands_casio 1582422888948 360 223 touchend 233 67 22.5 30 86 rio 1
future_rio_commands_casio 1582422890072 360 223 touchend 325 204 25 27.5 53 rio 1
future_rio_commands_casio 1582422890828 360 223 touchmove 195 215 30 27.5 26 rio 1
future_rio_commands_casio 1582422890875 360 223 touchmove 195 215 27.5 27.5 22 rio 1
future_rio_commands_casio 1582422890903 360 223 touchmove 195 215 30 27.5 29 rio 1
future_rio_commands_casio 1582422890911 360 223 touchend 195 215 30 27.5 29 rio 1
future_rio_commands_casio 1582422891491 360 223 touchmove 204 216 27.5 25 37 rio 1
future_rio_commands_casio 1582422891519 360 223 touchmove 204 216 25 25 45 rio 1
future_rio_commands_casio 1582422891542 360 223 touchmove 204 216 27.5 25 47 rio 1
future_rio_commands_casio 1582422891557 360 223 touchmove 204 216 25 25 49 rio 1
future_rio_commands_casio 1582422891574 360 223 touchmove 204 216 27.5 25 45 rio 1
future_rio_commands_casio 1582422891594 360 223 touchmove 204 216 25 25 48 rio 1
future_rio_commands_casio 1582422891607 360 223 touchmove 204 216 27.5 25 38.000003814697 rio 1
future_rio_commands_casio 1582422891618 360 223 touchmove 204 216 30 27.5 41.000003814697 rio 1
future_rio_commands_casio 1582422891620 360 223 touchend 204 216 30 27.5 41.000003814697 rio 1
future_rio_commands_casio 1582422891694 360 223 touchmove 204 218 25 25 23.000007629395 rio 1
future_rio_commands_casio 1582422891728 360 223 touchmove 204 218 27.5 25 50 rio 1
future_rio_commands_casio 1582422891740 360 223 touchmove 204 218 25 25 58 rio 1
future_rio_commands_casio 1582422891769 360 223 touchmove 204 218 27.5 25 52 rio 1
future_rio_commands_casio 1582422891779 360 223 touchend 204 218 27.5 25 52 rio 1
future_rio_commands_casio 1582422891945 360 223 touchmove 202 214 27.5 25 40 rio 1
future_rio_commands_casio 1582422891986 360 223 touchend 202 214 27.5 25 40 rio 1
future_rio_commands_casio 1582422892178 360 223 touchend 201 211 27.5 25 29 rio 1
future_rio_commands_casio 1582422897675 360 223 touchstart 181 87 27.5 27.5 13 rio 1
future_rio_commands_casio 1582422897737 360 223 touchmove 181 91 27.5 27.5 4 rio 1
future_rio_commands_casio 1582422897754 360 223 touchmove 181 97 27.5 27.5 8 rio 1
future_rio_commands_casio 1582422897769 360 223 touchmove 181 104 27.5 27.5 87.999992370605 rio 1
future_rio_commands_casio 1582422897786 360 223 touchmove 181 112 30 27.5 80 rio 1
future_rio_commands_casio 1582422897803 360 223 touchmove 181 119 27.5 27.5 27.000003814697 rio 1
future_rio_commands_casio 1582422897820 360 223 touchmove 180 124 27.5 27.5 9.0000076293945 rio 1
future_rio_commands_casio 1582422897837 360 223 touchmove 180 128 27.5 27.5 16.000007629395 rio 1
future_rio_commands_casio 1582422897855 360 223 touchmove 180 130 27.5 27.5 7 rio 1
future_rio_commands_casio 1582422897871 360 223 touchmove 179 132 27.5 27.5 6 rio 1
future_rio_commands_casio 1582422897885 360 223 touchmove 179 133 27.5 27.5 13 rio 1
future_rio_commands_casio 1582422897903 360 223 touchmove 179 133 27.5 27.5 16.000007629395 rio 1
future_rio_commands_casio 1582422897919 360 223 touchmove 178 133 27.5 27.5 15 rio 1
future_rio_commands_casio 1582422897936 360 223 touchmove 176 118 27.5 27.5 65 rio 1
future_rio_commands_casio 1582422897952 360 223 touchmove 179 98 27.5 30 6 rio 1
future_rio_commands_casio 1582422897974 360 223 touchmove 182 84 27.5 27.5 48 rio 1
future_rio_commands_casio 1582422897986 360 223 touchmove 184 78 27.5 27.5 71 rio 1
future_rio_commands_casio 1582422898002 360 223 touchmove 185 76 27.5 27.5 80.999992370605 rio 1
future_rio_commands_casio 1582422898019 360 223 touchmove 185 75 30 27.5 2.0000076293945 rio 1
future_rio_commands_casio 1582422898036 360 223 touchmove 186 75 27.5 30 87.999992370605 rio 1
future_rio_commands_casio 1582422898053 360 223 touchmove 189 75 27.5 27.5 73.999992370605 rio 1
future_rio_commands_casio 1582422898071 360 223 touchmove 193 79 27.5 27.5 71 rio 1
future_rio_commands_casio 1582422898086 360 223 touchmove 196 84 25 27.5 66 rio 1
future_rio_commands_casio 1582422898102 360 223 touchmove 199 89 25 27.5 57.999996185303 rio 1
future_rio_commands_casio 1582422898119 360 223 touchmove 202 93 22.5 27.5 76 rio 1
future_rio_commands_casio 1582422898140 360 223 touchmove 205 96 22.5 25 57.999996185303 rio 1
future_rio_commands_casio 1582422898154 360 223 touchmove 209 98 22.5 27.5 78.999992370605 rio 1
future_rio_commands_casio 1582422898169 360 223 touchmove 213 98 30 32.5 55 rio 1
future_rio_commands_casio 1582422898173 360 223 touchend 213 98 30 32.5 55 rio 1
future_rio_commands_casio 1582422898335 360 223 touchstart 240 92 25 27.5 68.999992370605 rio 1
future_rio_commands_casio 1582422898370 360 223 touchmove 239 95 22.5 27.5 75 rio 1
future_rio_commands_casio 1582422898385 360 223 touchmove 240 103 25 27.5 56.999996185303 rio 1
future_rio_commands_casio 1582422898403 360 223 touchmove 243 112 22.5 25 66.999992370605 rio 1
future_rio_commands_casio 1582422898418 360 223 touchmove 247 123 22.5 25 24 rio 1
future_rio_commands_casio 1582422898438 360 223 touchmove 251 130 25 27.5 68.999992370605 rio 1
future_rio_commands_casio 1582422898452 360 223 touchmove 255 136 25 30 60 rio 1
future_rio_commands_casio 1582422898457 360 223 touchend 255 136 25 30 60 rio 1
future_rio_commands_casio 1582422898646 360 223 touchstart 232 38 22.5 22.5 78.999992370605 rio 1
future_rio_commands_casio 1582422898670 360 223 touchmove 232 39 25 27.5 76 rio 1
future_rio_commands_casio 1582422898687 360 223 touchmove 233 44 25 27.5 78.999992370605 rio 1
future_rio_commands_casio 1582422898703 360 223 touchmove 233 51 22.5 25 55.999996185303 rio 1
future_rio_commands_casio 1582422898717 360 223 touchmove 233 51 30 35 80 rio 1
future_rio_commands_casio 1582422898719 360 223 touchend 233 51 30 35 80 rio 1
future_rio_commands_casio 1582422898864 360 223 touchstart 279 89 22.5 27.5 75 rio 1
future_rio_commands_casio 1582422898935 360 223 touchmove 268 91 27.5 25 1 rio 1
future_rio_commands_casio 1582422898952 360 223 touchmove 249 98 27.5 22.5 0 rio 1
future_rio_commands_casio 1582422898969 360 223 touchmove 234 108 25 27.5 56.999996185303 rio 1
future_rio_commands_casio 1582422898985 360 223 touchmove 229 114 25 27.5 57.999996185303 rio 1
future_rio_commands_casio 1582422899001 360 223 touchmove 226 119 25 27.5 50 rio 1
future_rio_commands_casio 1582422899019 360 223 touchmove 226 123 25 27.5 57.999996185303 rio 1
future_rio_commands_casio 1582422899035 360 223 touchmove 227 127 22.5 25 21.999998092651 rio 1
future_rio_commands_casio 1582422899051 360 223 touchmove 233 133 25 27.5 55.999996185303 rio 1
future_rio_commands_casio 1582422899068 360 223 touchmove 240 136 25 27.5 57.999996185303 rio 1
future_rio_commands_casio 1582422899084 360 223 touchmove 252 136 22.5 27.5 61 rio 1
future_rio_commands_casio 1582422899101 360 223 touchmove 264 129 22.5 25 55.999996185303 rio 1
future_rio_commands_casio 1582422899117 360 223 touchmove 275 121 22.5 27.5 53.999996185303 rio 1
future_rio_commands_casio 1582422899134 360 223 touchmove 281 115 22.5 25 32 rio 1
future_rio_commands_casio 1582422899150 360 223 touchmove 286 107 22.5 22.5 51.999996185303 rio 1
future_rio_commands_casio 1582422899167 360 223 touchmove 288 91 22.5 25 55.999996185303 rio 1
future_rio_commands_casio 1582422899184 360 223 touchmove 285 77 25 27.5 72.999992370605 rio 1
future_rio_commands_casio 1582422899200 360 223 touchmove 276 64 22.5 25 64 rio 1
future_rio_commands_casio 1582422899218 360 223 touchmove 265 53 30 32.5 62.999996185303 rio 1
future_rio_commands_casio 1582422899222 360 223 touchend 265 53 30 32.5 62.999996185303 rio 1
