sentence timestamp keyb_width keyb_height event x_pos y_pos x_radius y_radius angle word is_err
dont_they_have_some_conflicts_here 1581068496011 376 215 touchstart 128 89 78.309036254883 78.309036254883 0 dont 1
dont_they_have_some_conflicts_here 1581068496044 376 215 touchmove 135 89 78.309036254883 78.309036254883 0 dont 1
dont_they_have_some_conflicts_here 1581068496061 376 215 touchmove 138 89 78.309036254883 78.309036254883 0 dont 1
dont_they_have_some_conflicts_here 1581068496078 376 215 touchmove 170 82 78.309036254883 78.309036254883 0 dont 1
dont_they_have_some_conflicts_here 1581068496095 376 215 touchmove 203 74 78.309036254883 78.309036254883 0 dont 1
dont_they_have_some_conflicts_here 1581068496112 376 215 touchmove 234 64 78.309036254883 78.309036254883 0 dont 1
dont_they_have_some_conflicts_here 1581068496129 376 215 touchmove 247 62 78.309036254883 78.309036254883 0 dont 1
dont_they_have_some_conflicts_here 1581068496146 376 215 touchmove 268 60 78.309036254883 78.309036254883 0 dont 1
dont_they_have_some_conflicts_here 1581068496162 376 215 touchmove 281 51 78.309036254883 78.309036254883 0 dont 1
dont_they_have_some_conflicts_here 1581068496178 376 215 touchmove 290 47 78.309036254883 78.309036254883 0 dont 1
dont_they_have_some_conflicts_here 1581068496195 376 215 touchmove 292 46 78.309036254883 78.309036254883 0 dont 1
dont_they_have_some_conflicts_here 1581068496213 376 215 touchmove 297 45 78.309036254883 78.309036254883 0 dont 1
dont_they_have_some_conflicts_here 1581068496229 376 215 touchmove 299 45 78.309036254883 78.309036254883 0 dont 1
dont_they_have_some_conflicts_here 1581068496246 376 215 touchmove 300 45 78.309036254883 78.309036254883 0 dont 1
dont_they_have_some_conflicts_here 1581068496262 376 215 touchmove 299 49 78.309036254883 78.309036254883 0 dont 1
dont_they_have_some_conflicts_here 1581068496280 376 215 touchmove 296 56 78.309036254883 78.309036254883 0 dont 1
dont_they_have_some_conflicts_here 1581068496295 376 215 touchmove 284 80 78.309036254883 78.309036254883 0 dont 1
dont_they_have_some_conflicts_here 1581068496316 376 215 touchmove 271 100 78.309036254883 78.309036254883 0 dont 1
dont_they_have_some_conflicts_here 1581068496330 376 215 touchmove 259 117 78.309036254883 78.309036254883 0 dont 1
dont_they_have_some_conflicts_here 1581068496347 376 215 touchmove 254 124 78.309036254883 78.309036254883 0 dont 1
dont_they_have_some_conflicts_here 1581068496363 376 215 touchmove 244 134 78.309036254883 78.309036254883 0 dont 1
dont_they_have_some_conflicts_here 1581068496380 376 215 touchmove 234 139 78.309036254883 78.309036254883 0 dont 1
dont_they_have_some_conflicts_here 1581068496397 376 215 touchmove 222 139 78.309036254883 78.309036254883 0 dont 1
dont_they_have_some_conflicts_here 1581068496414 376 215 touchmove 216 138 78.309036254883 78.309036254883 0 dont 1
dont_they_have_some_conflicts_here 1581068496430 376 215 touchmove 201 130 78.309036254883 78.309036254883 0 dont 1
dont_they_have_some_conflicts_here 1581068496446 376 215 touchmove 185 118 78.309036254883 78.309036254883 0 dont 1
dont_they_have_some_conflicts_here 1581068496463 376 215 touchmove 174 107 78.309036254883 78.309036254883 0 dont 1
dont_they_have_some_conflicts_here 1581068496481 376 215 touchmove 171 105 78.309036254883 78.309036254883 0 dont 1
dont_they_have_some_conflicts_here 1581068496497 376 215 touchmove 158 91 78.309036254883 78.309036254883 0 dont 1
dont_they_have_some_conflicts_here 1581068496514 376 215 touchmove 144 77 78.309036254883 78.309036254883 0 dont 1
dont_they_have_some_conflicts_here 1581068496531 376 215 touchmove 137 70 78.309036254883 78.309036254883 0 dont 1
dont_they_have_some_conflicts_here 1581068496548 376 215 touchmove 135 68 78.309036254883 78.309036254883 0 dont 1
dont_they_have_some_conflicts_here 1581068496564 376 215 touchmove 122 56 78.309036254883 78.309036254883 0 dont 1
dont_they_have_some_conflicts_here 1581068496581 376 215 touchmove 114 50 78.309036254883 78.309036254883 0 dont 1
dont_they_have_some_conflicts_here 1581068496598 376 215 touchmove 109 46 78.309036254883 78.309036254883 0 dont 1
dont_they_have_some_conflicts_here 1581068496615 376 215 touchmove 104 42 78.309036254883 78.309036254883 0 dont 1
dont_they_have_some_conflicts_here 1581068496625 376 215 touchend 104 42 78.309036254883 78.309036254883 0 dont 1
dont_they_have_some_conflicts_here 1581068496904 376 215 touchstart 167 41 78.309036254883 78.309036254883 0 dont 1
dont_they_have_some_conflicts_here 1581068496984 376 215 touchmove 182 63 78.309036254883 78.309036254883 0 dont 1
dont_they_have_some_conflicts_here 1581068497001 376 215 touchmove 193 76 78.309036254883 78.309036254883 0 dont 1
dont_they_have_some_conflicts_here 1581068497018 376 215 touchmove 203 83 78.309036254883 78.309036254883 0 dont 1
dont_they_have_some_conflicts_here 1581068497035 376 215 touchmove 207 86 78.309036254883 78.309036254883 0 dont 1
dont_they_have_some_conflicts_here 1581068497051 376 215 touchmove 211 89 78.309036254883 78.309036254883 0 dont 1
dont_they_have_some_conflicts_here 1581068497069 376 215 touchmove 212 90 78.309036254883 78.309036254883 0 dont 1
dont_they_have_some_conflicts_here 1581068497085 376 215 touchmove 209 87 78.309036254883 78.309036254883 0 dont 1
dont_they_have_some_conflicts_here 1581068497103 376 215 touchmove 200 82 78.309036254883 78.309036254883 0 dont 1
dont_they_have_some_conflicts_here 1581068497120 376 215 touchmove 193 78 78.309036254883 78.309036254883 0 dont 1
dont_they_have_some_conflicts_here 1581068497136 376 215 touchmove 188 74 78.309036254883 78.309036254883 0 dont 1
dont_they_have_some_conflicts_here 1581068497153 376 215 touchmove 171 67 78.309036254883 78.309036254883 0 dont 1
dont_they_have_some_conflicts_here 1581068497169 376 215 touchmove 154 60 78.309036254883 78.309036254883 0 dont 1
dont_they_have_some_conflicts_here 1581068497187 376 215 touchmove 150 57 78.309036254883 78.309036254883 0 dont 1
dont_they_have_some_conflicts_here 1581068497203 376 215 touchmove 135 53 78.309036254883 78.309036254883 0 dont 1
dont_they_have_some_conflicts_here 1581068497220 376 215 touchmove 125 50 78.309036254883 78.309036254883 0 dont 1
dont_they_have_some_conflicts_here 1581068497238 376 215 touchmove 119 47 78.309036254883 78.309036254883 0 dont 1
dont_they_have_some_conflicts_here 1581068497254 376 215 touchmove 117 46 78.309036254883 78.309036254883 0 dont 1
dont_they_have_some_conflicts_here 1581068497270 376 215 touchmove 115 45 78.309036254883 78.309036254883 0 dont 1
dont_they_have_some_conflicts_here 1581068497287 376 215 touchmove 114 44 78.309036254883 78.309036254883 0 dont 1
dont_they_have_some_conflicts_here 1581068497304 376 215 touchmove 117 44 78.309036254883 78.309036254883 0 dont 1
dont_they_have_some_conflicts_here 1581068497321 376 215 touchmove 118 44 78.309036254883 78.309036254883 0 dont 1
dont_they_have_some_conflicts_here 1581068497336 376 215 touchmove 131 44 78.309036254883 78.309036254883 0 dont 1
dont_they_have_some_conflicts_here 1581068497354 376 215 touchmove 147 44 78.309036254883 78.309036254883 0 dont 1
dont_they_have_some_conflicts_here 1581068497370 376 215 touchmove 182 38 78.309036254883 78.309036254883 0 dont 1
dont_they_have_some_conflicts_here 1581068497388 376 215 touchmove 200 36 78.309036254883 78.309036254883 0 dont 1
dont_they_have_some_conflicts_here 1581068497404 376 215 touchmove 225 34 78.309036254883 78.309036254883 0 dont 1
dont_they_have_some_conflicts_here 1581068497421 376 215 touchmove 240 32 78.309036254883 78.309036254883 0 dont 1
dont_they_have_some_conflicts_here 1581068497437 376 215 touchmove 250 32 78.309036254883 78.309036254883 0 dont 1
dont_they_have_some_conflicts_here 1581068497455 376 215 touchmove 254 32 78.309036254883 78.309036254883 0 dont 1
dont_they_have_some_conflicts_here 1581068497472 376 215 touchmove 259 32 78.309036254883 78.309036254883 0 dont 1
dont_they_have_some_conflicts_here 1581068497478 376 215 touchend 259 32 78.309036254883 78.309036254883 0 dont 1
dont_they_have_some_conflicts_here 1581068497706 376 215 touchmove 196 87 78.309036254883 78.309036254883 0 dont 1
dont_they_have_some_conflicts_here 1581068497723 376 215 touchmove 172 87 78.309036254883 78.309036254883 0 dont 1
dont_they_have_some_conflicts_here 1581068497743 376 215 touchmove 161 87 78.309036254883 78.309036254883 0 dont 1
dont_they_have_some_conflicts_here 1581068497757 376 215 touchmove 142 87 78.309036254883 78.309036254883 0 dont 1
dont_they_have_some_conflicts_here 1581068497776 376 215 touchmove 124 87 78.309036254883 78.309036254883 0 dont 1
dont_they_have_some_conflicts_here 1581068497791 376 215 touchmove 106 87 78.309036254883 78.309036254883 0 dont 1
dont_they_have_some_conflicts_here 1581068497807 376 215 touchmove 99 87 78.309036254883 78.309036254883 0 dont 1
dont_they_have_some_conflicts_here 1581068497824 376 215 touchmove 84 87 78.309036254883 78.309036254883 0 dont 1
dont_they_have_some_conflicts_here 1581068497841 376 215 touchmove 70 87 78.309036254883 78.309036254883 0 dont 1
dont_they_have_some_conflicts_here 1581068497857 376 215 touchmove 59 87 78.309036254883 78.309036254883 0 dont 1
dont_they_have_some_conflicts_here 1581068497875 376 215 touchmove 55 87 78.309036254883 78.309036254883 0 dont 1
dont_they_have_some_conflicts_here 1581068497891 376 215 touchmove 49 87 78.309036254883 78.309036254883 0 dont 1
dont_they_have_some_conflicts_here 1581068497908 376 215 touchmove 46 87 78.309036254883 78.309036254883 0 dont 1
dont_they_have_some_conflicts_here 1581068497926 376 215 touchmove 45 87 78.309036254883 78.309036254883 0 dont 1
dont_they_have_some_conflicts_here 1581068497943 376 215 touchmove 49 91 78.309036254883 78.309036254883 0 dont 1
dont_they_have_some_conflicts_here 1581068497959 376 215 touchmove 55 95 78.309036254883 78.309036254883 0 dont 1
dont_they_have_some_conflicts_here 1581068497975 376 215 touchmove 77 107 78.309036254883 78.309036254883 0 dont 1
dont_they_have_some_conflicts_here 1581068497992 376 215 touchmove 104 121 78.309036254883 78.309036254883 0 dont 1
dont_they_have_some_conflicts_here 1581068498009 376 215 touchmove 130 136 78.309036254883 78.309036254883 0 dont 1
dont_they_have_some_conflicts_here 1581068498027 376 215 touchmove 140 139 78.309036254883 78.309036254883 0 dont 1
dont_they_have_some_conflicts_here 1581068498042 376 215 touchmove 157 147 78.309036254883 78.309036254883 0 dont 1
dont_they_have_some_conflicts_here 1581068498059 376 215 touchmove 168 152 78.309036254883 78.309036254883 0 dont 1
dont_they_have_some_conflicts_here 1581068498077 376 215 touchmove 176 154 78.309036254883 78.309036254883 0 dont 1
dont_they_have_some_conflicts_here 1581068498096 376 215 touchmove 178 155 78.309036254883 78.309036254883 0 dont 1
dont_they_have_some_conflicts_here 1581068498109 376 215 touchmove 182 156 78.309036254883 78.309036254883 0 dont 1
dont_they_have_some_conflicts_here 1581068498126 376 215 touchmove 182 154 78.309036254883 78.309036254883 0 dont 1
dont_they_have_some_conflicts_here 1581068498143 376 215 touchmove 176 142 78.309036254883 78.309036254883 0 dont 1
dont_they_have_some_conflicts_here 1581068498161 376 215 touchmove 171 132 78.309036254883 78.309036254883 0 dont 1
dont_they_have_some_conflicts_here 1581068498177 376 215 touchmove 157 113 78.309036254883 78.309036254883 0 dont 1
dont_they_have_some_conflicts_here 1581068498194 376 215 touchmove 142 94 78.309036254883 78.309036254883 0 dont 1
dont_they_have_some_conflicts_here 1581068498210 376 215 touchmove 129 80 78.309036254883 78.309036254883 0 dont 1
dont_they_have_some_conflicts_here 1581068498227 376 215 touchmove 124 74 78.309036254883 78.309036254883 0 dont 1
dont_they_have_some_conflicts_here 1581068498243 376 215 touchmove 113 63 78.309036254883 78.309036254883 0 dont 1
dont_they_have_some_conflicts_here 1581068498261 376 215 touchmove 107 56 78.309036254883 78.309036254883 0 dont 1
dont_they_have_some_conflicts_here 1581068498277 376 215 touchmove 103 50 78.309036254883 78.309036254883 0 dont 1
dont_they_have_some_conflicts_here 1581068498295 376 215 touchmove 101 48 78.309036254883 78.309036254883 0 dont 1
dont_they_have_some_conflicts_here 1581068498310 376 215 touchmove 99 45 78.309036254883 78.309036254883 0 dont 1
dont_they_have_some_conflicts_here 1581068498317 376 215 touchend 99 45 78.309036254883 78.309036254883 0 dont 1
dont_they_have_some_conflicts_here 1581068498545 376 215 touchstart 95 85 78.309036254883 78.309036254883 0 dont 1
dont_they_have_some_conflicts_here 1581068498590 376 215 touchmove 107 85 78.309036254883 78.309036254883 0 dont 1
dont_they_have_some_conflicts_here 1581068498600 376 215 touchmove 120 85 78.309036254883 78.309036254883 0 dont 1
dont_they_have_some_conflicts_here 1581068498614 376 215 touchmove 139 80 78.309036254883 78.309036254883 0 dont 1
dont_they_have_some_conflicts_here 1581068498631 376 215 touchmove 189 61 78.309036254883 78.309036254883 0 dont 1
dont_they_have_some_conflicts_here 1581068498648 376 215 touchmove 216 50 78.309036254883 78.309036254883 0 dont 1
dont_they_have_some_conflicts_here 1581068498664 376 215 touchmove 253 38 78.309036254883 78.309036254883 0 dont 1
dont_they_have_some_conflicts_here 1581068498681 376 215 touchmove 275 30 78.309036254883 78.309036254883 0 dont 1
dont_they_have_some_conflicts_here 1581068498698 376 215 touchmove 288 26 78.309036254883 78.309036254883 0 dont 1
dont_they_have_some_conflicts_here 1581068498714 376 215 touchmove 293 25 78.309036254883 78.309036254883 0 dont 1
dont_they_have_some_conflicts_here 1581068498731 376 215 touchmove 299 24 78.309036254883 78.309036254883 0 dont 1
dont_they_have_some_conflicts_here 1581068498748 376 215 touchmove 302 24 78.309036254883 78.309036254883 0 dont 1
dont_they_have_some_conflicts_here 1581068498765 376 215 touchmove 304 24 78.309036254883 78.309036254883 0 dont 1
dont_they_have_some_conflicts_here 1581068498783 376 215 touchmove 306 24 78.309036254883 78.309036254883 0 dont 1
dont_they_have_some_conflicts_here 1581068498799 376 215 touchmove 307 27 78.309036254883 78.309036254883 0 dont 1
dont_they_have_some_conflicts_here 1581068498816 376 215 touchmove 307 38 78.309036254883 78.309036254883 0 dont 1
dont_they_have_some_conflicts_here 1581068498832 376 215 touchmove 305 54 78.309036254883 78.309036254883 0 dont 1
dont_they_have_some_conflicts_here 1581068498849 376 215 touchmove 305 62 78.309036254883 78.309036254883 0 dont 1
dont_they_have_some_conflicts_here 1581068498866 376 215 touchmove 304 78 78.309036254883 78.309036254883 0 dont 1
dont_they_have_some_conflicts_here 1581068498884 376 215 touchmove 304 89 78.309036254883 78.309036254883 0 dont 1
dont_they_have_some_conflicts_here 1581068498900 376 215 touchmove 304 99 78.309036254883 78.309036254883 0 dont 1
dont_they_have_some_conflicts_here 1581068498917 376 215 touchmove 304 106 78.309036254883 78.309036254883 0 dont 1
dont_they_have_some_conflicts_here 1581068498933 376 215 touchmove 303 109 78.309036254883 78.309036254883 0 dont 1
dont_they_have_some_conflicts_here 1581068498950 376 215 touchmove 303 116 78.309036254883 78.309036254883 0 dont 1
dont_they_have_some_conflicts_here 1581068498967 376 215 touchmove 293 128 78.309036254883 78.309036254883 0 dont 1
dont_they_have_some_conflicts_here 1581068498985 376 215 touchmove 278 139 78.309036254883 78.309036254883 0 dont 1
dont_they_have_some_conflicts_here 1581068499004 376 215 touchmove 270 143 78.309036254883 78.309036254883 0 dont 1
dont_they_have_some_conflicts_here 1581068499020 376 215 touchmove 251 143 78.309036254883 78.309036254883 0 dont 1
dont_they_have_some_conflicts_here 1581068499034 376 215 touchmove 229 135 78.309036254883 78.309036254883 0 dont 1
dont_they_have_some_conflicts_here 1581068499051 376 215 touchmove 206 118 78.309036254883 78.309036254883 0 dont 1
dont_they_have_some_conflicts_here 1581068499069 376 215 touchmove 196 108 78.309036254883 78.309036254883 0 dont 1
dont_they_have_some_conflicts_here 1581068499084 376 215 touchmove 179 91 78.309036254883 78.309036254883 0 dont 1
dont_they_have_some_conflicts_here 1581068499101 376 215 touchmove 166 75 78.309036254883 78.309036254883 0 dont 1
dont_they_have_some_conflicts_here 1581068499117 376 215 touchmove 153 60 78.309036254883 78.309036254883 0 dont 1
dont_they_have_some_conflicts_here 1581068499135 376 215 touchmove 148 54 78.309036254883 78.309036254883 0 dont 1
dont_they_have_some_conflicts_here 1581068499151 376 215 touchmove 137 41 78.309036254883 78.309036254883 0 dont 1
dont_they_have_some_conflicts_here 1581068499169 376 215 touchmove 127 31 78.309036254883 78.309036254883 0 dont 1
dont_they_have_some_conflicts_here 1581068499185 376 215 touchmove 118 25 78.309036254883 78.309036254883 0 dont 1
dont_they_have_some_conflicts_here 1581068499207 376 215 touchmove 114 23 78.309036254883 78.309036254883 0 dont 1
dont_they_have_some_conflicts_here 1581068499215 376 215 touchmove 110 20 78.309036254883 78.309036254883 0 dont 1
dont_they_have_some_conflicts_here 1581068499219 376 215 touchend 110 20 78.309036254883 78.309036254883 0 dont 1
dont_they_have_some_conflicts_here 1581068500445 376 215 touchstart 115 94 78.309036254883 78.309036254883 0 dont 0
dont_they_have_some_conflicts_here 1581068500490 376 215 touchmove 128 86 78.309036254883 78.309036254883 0 dont 0
dont_they_have_some_conflicts_here 1581068500511 376 215 touchmove 153 71 78.309036254883 78.309036254883 0 dont 0
dont_they_have_some_conflicts_here 1581068500528 376 215 touchmove 168 62 78.309036254883 78.309036254883 0 dont 0
dont_they_have_some_conflicts_here 1581068500545 376 215 touchmove 199 44 78.309036254883 78.309036254883 0 dont 0
dont_they_have_some_conflicts_here 1581068500562 376 215 touchmove 227 28 78.309036254883 78.309036254883 0 dont 0
dont_they_have_some_conflicts_here 1581068500578 376 215 touchmove 253 18 78.309036254883 78.309036254883 0 dont 0
dont_they_have_some_conflicts_here 1581068500597 376 215 touchmove 264 14 78.309036254883 78.309036254883 0 dont 0
dont_they_have_some_conflicts_here 1581068500611 376 215 touchmove 281 9 78.309036254883 78.309036254883 0 dont 0
dont_they_have_some_conflicts_here 1581068500629 376 215 touchmove 296 7 78.309036254883 78.309036254883 0 dont 0
dont_they_have_some_conflicts_here 1581068500645 376 215 touchmove 306 6 78.309036254883 78.309036254883 0 dont 0
dont_they_have_some_conflicts_here 1581068500663 376 215 touchmove 311 9 78.309036254883 78.309036254883 0 dont 0
dont_they_have_some_conflicts_here 1581068500679 376 215 touchmove 317 10 78.309036254883 78.309036254883 0 dont 0
dont_they_have_some_conflicts_here 1581068500696 376 215 touchmove 320 27 78.309036254883 78.309036254883 0 dont 0
dont_they_have_some_conflicts_here 1581068500712 376 215 touchmove 315 56 78.309036254883 78.309036254883 0 dont 0
dont_they_have_some_conflicts_here 1581068500729 376 215 touchmove 312 71 78.309036254883 78.309036254883 0 dont 0
dont_they_have_some_conflicts_here 1581068500746 376 215 touchmove 304 96 78.309036254883 78.309036254883 0 dont 0
dont_they_have_some_conflicts_here 1581068500801 376 215 touchmove 296 117 78.309036254883 78.309036254883 0 dont 0
dont_they_have_some_conflicts_here 1581068500813 376 215 touchmove 279 150 78.309036254883 78.309036254883 0 dont 0
dont_they_have_some_conflicts_here 1581068500830 376 215 touchmove 272 154 78.309036254883 78.309036254883 0 dont 0
dont_they_have_some_conflicts_here 1581068500847 376 215 touchmove 258 146 78.309036254883 78.309036254883 0 dont 0
dont_they_have_some_conflicts_here 1581068500864 376 215 touchmove 250 136 78.309036254883 78.309036254883 0 dont 0
dont_they_have_some_conflicts_here 1581068500883 376 215 touchmove 229 100 78.309036254883 78.309036254883 0 dont 0
dont_they_have_some_conflicts_here 1581068500899 376 215 touchmove 221 88 78.309036254883 78.309036254883 0 dont 0
dont_they_have_some_conflicts_here 1581068500915 376 215 touchmove 208 65 78.309036254883 78.309036254883 0 dont 0
dont_they_have_some_conflicts_here 1581068500931 376 215 touchmove 196 45 78.309036254883 78.309036254883 0 dont 0
dont_they_have_some_conflicts_here 1581068500949 376 215 touchmove 192 37 78.309036254883 78.309036254883 0 dont 0
dont_they_have_some_conflicts_here 1581068500965 376 215 touchmove 184 26 78.309036254883 78.309036254883 0 dont 0
dont_they_have_some_conflicts_here 1581068500981 376 215 touchmove 179 20 78.309036254883 78.309036254883 0 dont 0
dont_they_have_some_conflicts_here 1581068500987 376 215 touchend 179 20 78.309036254883 78.309036254883 0 dont 0
dont_they_have_some_conflicts_here 1581068501753 376 215 touchstart 178 27 78.309036254883 78.309036254883 0 they 0
dont_they_have_some_conflicts_here 1581068501836 376 215 touchmove 192 45 78.309036254883 78.309036254883 0 they 0
dont_they_have_some_conflicts_here 1581068501855 376 215 touchmove 198 54 78.309036254883 78.309036254883 0 they 0
dont_they_have_some_conflicts_here 1581068501870 376 215 touchmove 208 67 78.309036254883 78.309036254883 0 they 0
dont_they_have_some_conflicts_here 1581068501887 376 215 touchmove 216 77 78.309036254883 78.309036254883 0 they 0
dont_they_have_some_conflicts_here 1581068501904 376 215 touchmove 222 85 78.309036254883 78.309036254883 0 they 0
dont_they_have_some_conflicts_here 1581068501922 376 215 touchmove 225 88 78.309036254883 78.309036254883 0 they 0
dont_they_have_some_conflicts_here 1581068501938 376 215 touchmove 228 92 78.309036254883 78.309036254883 0 they 0
dont_they_have_some_conflicts_here 1581068501954 376 215 touchmove 229 93 78.309036254883 78.309036254883 0 they 0
dont_they_have_some_conflicts_here 1581068501972 376 215 touchmove 229 93 78.309036254883 78.309036254883 0 they 0
dont_they_have_some_conflicts_here 1581068501988 376 215 touchmove 224 91 78.309036254883 78.309036254883 0 they 0
dont_they_have_some_conflicts_here 1581068502005 376 215 touchmove 209 84 78.309036254883 78.309036254883 0 they 0
dont_they_have_some_conflicts_here 1581068502022 376 215 touchmove 186 74 78.309036254883 78.309036254883 0 they 0
dont_they_have_some_conflicts_here 1581068502039 376 215 touchmove 157 64 78.309036254883 78.309036254883 0 they 0
dont_they_have_some_conflicts_here 1581068502056 376 215 touchmove 144 62 78.309036254883 78.309036254883 0 they 0
dont_they_have_some_conflicts_here 1581068502072 376 215 touchmove 117 55 78.309036254883 78.309036254883 0 they 0
dont_they_have_some_conflicts_here 1581068502089 376 215 touchmove 95 52 78.309036254883 78.309036254883 0 they 0
dont_they_have_some_conflicts_here 1581068502106 376 215 touchmove 81 47 78.309036254883 78.309036254883 0 they 0
dont_they_have_some_conflicts_here 1581068502137 376 215 touchmove 72 45 78.309036254883 78.309036254883 0 they 0
dont_they_have_some_conflicts_here 1581068502162 376 215 touchmove 66 44 78.309036254883 78.309036254883 0 they 0
dont_they_have_some_conflicts_here 1581068502175 376 215 touchmove 67 44 78.309036254883 78.309036254883 0 they 0
dont_they_have_some_conflicts_here 1581068502192 376 215 touchmove 71 44 78.309036254883 78.309036254883 0 they 0
dont_they_have_some_conflicts_here 1581068502208 376 215 touchmove 77 44 78.309036254883 78.309036254883 0 they 0
dont_they_have_some_conflicts_here 1581068502226 376 215 touchmove 90 44 78.309036254883 78.309036254883 0 they 0
dont_they_have_some_conflicts_here 1581068502240 376 215 touchmove 106 44 78.309036254883 78.309036254883 0 they 0
dont_they_have_some_conflicts_here 1581068502267 376 215 touchmove 126 44 78.309036254883 78.309036254883 0 they 0
dont_they_have_some_conflicts_here 1581068502277 376 215 touchmove 144 44 78.309036254883 78.309036254883 0 they 0
dont_they_have_some_conflicts_here 1581068502291 376 215 touchmove 148 44 78.309036254883 78.309036254883 0 they 0
dont_they_have_some_conflicts_here 1581068502308 376 215 touchmove 166 44 78.309036254883 78.309036254883 0 they 0
dont_they_have_some_conflicts_here 1581068502324 376 215 touchmove 179 44 78.309036254883 78.309036254883 0 they 0
dont_they_have_some_conflicts_here 1581068502342 376 215 touchmove 189 44 78.309036254883 78.309036254883 0 they 0
dont_they_have_some_conflicts_here 1581068502358 376 215 touchmove 200 44 78.309036254883 78.309036254883 0 they 0
dont_they_have_some_conflicts_here 1581068502374 376 215 touchmove 209 44 78.309036254883 78.309036254883 0 they 0
dont_they_have_some_conflicts_here 1581068502381 376 215 touchend 209 44 78.309036254883 78.309036254883 0 they 0
dont_they_have_some_conflicts_here 1581068503197 376 215 touchstart 229 103 78.309036254883 78.309036254883 0 have 0
dont_they_have_some_conflicts_here 1581068503231 376 215 touchmove 216 103 78.309036254883 78.309036254883 0 have 0
dont_they_have_some_conflicts_here 1581068503249 376 215 touchmove 197 103 78.309036254883 78.309036254883 0 have 0
dont_they_have_some_conflicts_here 1581068503265 376 215 touchmove 174 103 78.309036254883 78.309036254883 0 have 0
dont_they_have_some_conflicts_here 1581068503282 376 215 touchmove 149 103 78.309036254883 78.309036254883 0 have 0
dont_they_have_some_conflicts_here 1581068503299 376 215 touchmove 125 103 78.309036254883 78.309036254883 0 have 0
dont_they_have_some_conflicts_here 1581068503316 376 215 touchmove 112 103 78.309036254883 78.309036254883 0 have 0
dont_they_have_some_conflicts_here 1581068503331 376 215 touchmove 89 103 78.309036254883 78.309036254883 0 have 0
dont_they_have_some_conflicts_here 1581068503348 376 215 touchmove 72 103 78.309036254883 78.309036254883 0 have 0
dont_they_have_some_conflicts_here 1581068503365 376 215 touchmove 60 103 78.309036254883 78.309036254883 0 have 0
dont_they_have_some_conflicts_here 1581068503383 376 215 touchmove 56 103 78.309036254883 78.309036254883 0 have 0
dont_they_have_some_conflicts_here 1581068503399 376 215 touchmove 51 103 78.309036254883 78.309036254883 0 have 0
dont_they_have_some_conflicts_here 1581068503416 376 215 touchmove 48 103 78.309036254883 78.309036254883 0 have 0
dont_they_have_some_conflicts_here 1581068503432 376 215 touchmove 46 103 78.309036254883 78.309036254883 0 have 0
dont_they_have_some_conflicts_here 1581068503450 376 215 touchmove 45 103 78.309036254883 78.309036254883 0 have 0
dont_they_have_some_conflicts_here 1581068503466 376 215 touchmove 49 103 78.309036254883 78.309036254883 0 have 0
dont_they_have_some_conflicts_here 1581068503482 376 215 touchmove 69 109 78.309036254883 78.309036254883 0 have 0
dont_they_have_some_conflicts_here 1581068503499 376 215 touchmove 99 118 78.309036254883 78.309036254883 0 have 0
dont_they_have_some_conflicts_here 1581068503518 376 215 touchmove 132 128 78.309036254883 78.309036254883 0 have 0
dont_they_have_some_conflicts_here 1581068503533 376 215 touchmove 147 135 78.309036254883 78.309036254883 0 have 0
dont_they_have_some_conflicts_here 1581068503550 376 215 touchmove 171 143 78.309036254883 78.309036254883 0 have 0
dont_they_have_some_conflicts_here 1581068503567 376 215 touchmove 186 150 78.309036254883 78.309036254883 0 have 0
dont_they_have_some_conflicts_here 1581068503590 376 215 touchmove 196 154 78.309036254883 78.309036254883 0 have 0
dont_they_have_some_conflicts_here 1581068503609 376 215 touchmove 201 155 78.309036254883 78.309036254883 0 have 0
dont_they_have_some_conflicts_here 1581068503630 376 215 touchmove 203 156 78.309036254883 78.309036254883 0 have 0
dont_they_have_some_conflicts_here 1581068503654 376 215 touchmove 195 148 78.309036254883 78.309036254883 0 have 0
dont_they_have_some_conflicts_here 1581068503670 376 215 touchmove 186 140 78.309036254883 78.309036254883 0 have 0
dont_they_have_some_conflicts_here 1581068503685 376 215 touchmove 168 125 78.309036254883 78.309036254883 0 have 0
dont_they_have_some_conflicts_here 1581068503732 376 215 touchmove 125 88 78.309036254883 78.309036254883 0 have 0
dont_they_have_some_conflicts_here 1581068503752 376 215 touchmove 113 76 78.309036254883 78.309036254883 0 have 0
dont_they_have_some_conflicts_here 1581068503768 376 215 touchmove 103 66 78.309036254883 78.309036254883 0 have 0
dont_they_have_some_conflicts_here 1581068503786 376 215 touchmove 95 59 78.309036254883 78.309036254883 0 have 0
dont_they_have_some_conflicts_here 1581068503803 376 215 touchmove 93 56 78.309036254883 78.309036254883 0 have 0
dont_they_have_some_conflicts_here 1581068503819 376 215 touchmove 89 53 78.309036254883 78.309036254883 0 have 0
dont_they_have_some_conflicts_here 1581068503824 376 215 touchend 89 53 78.309036254883 78.309036254883 0 have 0
dont_they_have_some_conflicts_here 1581068504103 376 215 touchstart 88 85 78.309036254883 78.309036254883 0 some 0
dont_they_have_some_conflicts_here 1581068504120 376 215 touchmove 96 85 78.309036254883 78.309036254883 0 some 0
dont_they_have_some_conflicts_here 1581068504138 376 215 touchmove 113 78 78.309036254883 78.309036254883 0 some 0
dont_they_have_some_conflicts_here 1581068504155 376 215 touchmove 163 56 78.309036254883 78.309036254883 0 some 0
dont_they_have_some_conflicts_here 1581068504171 376 215 touchmove 208 41 78.309036254883 78.309036254883 0 some 0
dont_they_have_some_conflicts_here 1581068504208 376 215 touchmove 250 27 78.309036254883 78.309036254883 0 some 0
dont_they_have_some_conflicts_here 1581068504223 376 215 touchmove 254 26 78.309036254883 78.309036254883 0 some 0
dont_they_have_some_conflicts_here 1581068504239 376 215 touchmove 263 24 78.309036254883 78.309036254883 0 some 0
dont_they_have_some_conflicts_here 1581068504256 376 215 touchmove 270 24 78.309036254883 78.309036254883 0 some 0
dont_they_have_some_conflicts_here 1581068504274 376 215 touchmove 276 24 78.309036254883 78.309036254883 0 some 0
dont_they_have_some_conflicts_here 1581068504290 376 215 touchmove 278 24 78.309036254883 78.309036254883 0 some 0
dont_they_have_some_conflicts_here 1581068504307 376 215 touchmove 284 24 78.309036254883 78.309036254883 0 some 0
dont_they_have_some_conflicts_here 1581068504323 376 215 touchmove 292 27 78.309036254883 78.309036254883 0 some 0
dont_they_have_some_conflicts_here 1581068504341 376 215 touchmove 298 39 78.309036254883 78.309036254883 0 some 0
dont_they_have_some_conflicts_here 1581068504358 376 215 touchmove 301 48 78.309036254883 78.309036254883 0 some 0
dont_they_have_some_conflicts_here 1581068504375 376 215 touchmove 302 63 78.309036254883 78.309036254883 0 some 0
dont_they_have_some_conflicts_here 1581068504391 376 215 touchmove 303 79 78.309036254883 78.309036254883 0 some 0
dont_they_have_some_conflicts_here 1581068504408 376 215 touchmove 304 92 78.309036254883 78.309036254883 0 some 0
dont_they_have_some_conflicts_here 1581068504426 376 215 touchmove 304 99 78.309036254883 78.309036254883 0 some 0
dont_they_have_some_conflicts_here 1581068504441 376 215 touchmove 303 111 78.309036254883 78.309036254883 0 some 0
dont_they_have_some_conflicts_here 1581068504458 376 215 touchmove 296 125 78.309036254883 78.309036254883 0 some 0
dont_they_have_some_conflicts_here 1581068504474 376 215 touchmove 285 137 78.309036254883 78.309036254883 0 some 0
dont_they_have_some_conflicts_here 1581068504492 376 215 touchmove 279 142 78.309036254883 78.309036254883 0 some 0
dont_they_have_some_conflicts_here 1581068504508 376 215 touchmove 265 148 78.309036254883 78.309036254883 0 some 0
dont_they_have_some_conflicts_here 1581068504525 376 215 touchmove 247 147 78.309036254883 78.309036254883 0 some 0
dont_they_have_some_conflicts_here 1581068504541 376 215 touchmove 225 137 78.309036254883 78.309036254883 0 some 0
dont_they_have_some_conflicts_here 1581068504559 376 215 touchmove 205 121 78.309036254883 78.309036254883 0 some 0
dont_they_have_some_conflicts_here 1581068504575 376 215 touchmove 196 110 78.309036254883 78.309036254883 0 some 0
dont_they_have_some_conflicts_here 1581068504592 376 215 touchmove 180 92 78.309036254883 78.309036254883 0 some 0
dont_they_have_some_conflicts_here 1581068504609 376 215 touchmove 168 78 78.309036254883 78.309036254883 0 some 0
dont_they_have_some_conflicts_here 1581068504626 376 215 touchmove 163 71 78.309036254883 78.309036254883 0 some 0
dont_they_have_some_conflicts_here 1581068504643 376 215 touchmove 153 60 78.309036254883 78.309036254883 0 some 0
dont_they_have_some_conflicts_here 1581068504659 376 215 touchmove 144 51 78.309036254883 78.309036254883 0 some 0
dont_they_have_some_conflicts_here 1581068504676 376 215 touchmove 135 42 78.309036254883 78.309036254883 0 some 0
dont_they_have_some_conflicts_here 1581068504693 376 215 touchmove 126 35 78.309036254883 78.309036254883 0 some 0
dont_they_have_some_conflicts_here 1581068504710 376 215 touchmove 123 34 78.309036254883 78.309036254883 0 some 0
dont_they_have_some_conflicts_here 1581068504719 376 215 touchmove 119 32 78.309036254883 78.309036254883 0 some 0
dont_they_have_some_conflicts_here 1581068504721 376 215 touchend 119 32 78.309036254883 78.309036254883 0 some 0
dont_they_have_some_conflicts_here 1581068506815 376 215 touchstart 156 143 78.309036254883 78.309036254883 0 conflicts 0
dont_they_have_some_conflicts_here 1581068506891 376 215 touchmove 178 121 78.309036254883 78.309036254883 0 conflicts 0
dont_they_have_some_conflicts_here 1581068506911 376 215 touchmove 202 99 78.309036254883 78.309036254883 0 conflicts 0
dont_they_have_some_conflicts_here 1581068506926 376 215 touchmove 214 87 78.309036254883 78.309036254883 0 conflicts 0
dont_they_have_some_conflicts_here 1581068506942 376 215 touchmove 236 67 78.309036254883 78.309036254883 0 conflicts 0
dont_they_have_some_conflicts_here 1581068506959 376 215 touchmove 253 50 78.309036254883 78.309036254883 0 conflicts 0
dont_they_have_some_conflicts_here 1581068506976 376 215 touchmove 267 37 78.309036254883 78.309036254883 0 conflicts 0
dont_they_have_some_conflicts_here 1581068506993 376 215 touchmove 278 27 78.309036254883 78.309036254883 0 conflicts 0
dont_they_have_some_conflicts_here 1581068507010 376 215 touchmove 282 24 78.309036254883 78.309036254883 0 conflicts 0
dont_they_have_some_conflicts_here 1581068507027 376 215 touchmove 288 19 78.309036254883 78.309036254883 0 conflicts 0
dont_they_have_some_conflicts_here 1581068507043 376 215 touchmove 292 15 78.309036254883 78.309036254883 0 conflicts 0
dont_they_have_some_conflicts_here 1581068507060 376 215 touchmove 294 13 78.309036254883 78.309036254883 0 conflicts 0
dont_they_have_some_conflicts_here 1581068507077 376 215 touchmove 295 13 78.309036254883 78.309036254883 0 conflicts 0
dont_they_have_some_conflicts_here 1581068507093 376 215 touchmove 297 13 78.309036254883 78.309036254883 0 conflicts 0
dont_they_have_some_conflicts_here 1581068507111 376 215 touchmove 300 17 78.309036254883 78.309036254883 0 conflicts 0
dont_they_have_some_conflicts_here 1581068507127 376 215 touchmove 302 27 78.309036254883 78.309036254883 0 conflicts 0
dont_they_have_some_conflicts_here 1581068507145 376 215 touchmove 302 34 78.309036254883 78.309036254883 0 conflicts 0
dont_they_have_some_conflicts_here 1581068507161 376 215 touchmove 299 53 78.309036254883 78.309036254883 0 conflicts 0
dont_they_have_some_conflicts_here 1581068507178 376 215 touchmove 286 85 78.309036254883 78.309036254883 0 conflicts 0
dont_they_have_some_conflicts_here 1581068507195 376 215 touchmove 272 113 78.309036254883 78.309036254883 0 conflicts 0
dont_they_have_some_conflicts_here 1581068507212 376 215 touchmove 266 125 78.309036254883 78.309036254883 0 conflicts 0
dont_they_have_some_conflicts_here 1581068507228 376 215 touchmove 258 143 78.309036254883 78.309036254883 0 conflicts 0
dont_they_have_some_conflicts_here 1581068507245 376 215 touchmove 250 157 78.309036254883 78.309036254883 0 conflicts 0
dont_they_have_some_conflicts_here 1581068507262 376 215 touchmove 246 165 78.309036254883 78.309036254883 0 conflicts 0
dont_they_have_some_conflicts_here 1581068507279 376 215 touchmove 243 170 78.309036254883 78.309036254883 0 conflicts 0
dont_they_have_some_conflicts_here 1581068507296 376 215 touchmove 241 172 78.309036254883 78.309036254883 0 conflicts 0
dont_they_have_some_conflicts_here 1581068507312 376 215 touchmove 239 172 78.309036254883 78.309036254883 0 conflicts 0
dont_they_have_some_conflicts_here 1581068507329 376 215 touchmove 235 169 78.309036254883 78.309036254883 0 conflicts 0
dont_they_have_some_conflicts_here 1581068507346 376 215 touchmove 232 166 78.309036254883 78.309036254883 0 conflicts 0
dont_they_have_some_conflicts_here 1581068507363 376 215 touchmove 225 157 78.309036254883 78.309036254883 0 conflicts 0
dont_they_have_some_conflicts_here 1581068507381 376 215 touchmove 218 145 78.309036254883 78.309036254883 0 conflicts 0
dont_they_have_some_conflicts_here 1581068507396 376 215 touchmove 210 135 78.309036254883 78.309036254883 0 conflicts 0
dont_they_have_some_conflicts_here 1581068507413 376 215 touchmove 200 124 78.309036254883 78.309036254883 0 conflicts 0
dont_they_have_some_conflicts_here 1581068507431 376 215 touchmove 196 119 78.309036254883 78.309036254883 0 conflicts 0
dont_they_have_some_conflicts_here 1581068507446 376 215 touchmove 185 110 78.309036254883 78.309036254883 0 conflicts 0
dont_they_have_some_conflicts_here 1581068507463 376 215 touchmove 176 102 78.309036254883 78.309036254883 0 conflicts 0
dont_they_have_some_conflicts_here 1581068507480 376 215 touchmove 171 96 78.309036254883 78.309036254883 0 conflicts 0
dont_they_have_some_conflicts_here 1581068507498 376 215 touchmove 168 95 78.309036254883 78.309036254883 0 conflicts 0
dont_they_have_some_conflicts_here 1581068507514 376 215 touchmove 167 92 78.309036254883 78.309036254883 0 conflicts 0
dont_they_have_some_conflicts_here 1581068507530 376 215 touchmove 166 91 78.309036254883 78.309036254883 0 conflicts 0
dont_they_have_some_conflicts_here 1581068507548 376 215 touchmove 167 91 78.309036254883 78.309036254883 0 conflicts 0
dont_they_have_some_conflicts_here 1581068507565 376 215 touchmove 179 89 78.309036254883 78.309036254883 0 conflicts 0
dont_they_have_some_conflicts_here 1581068507581 376 215 touchmove 206 84 78.309036254883 78.309036254883 0 conflicts 0
dont_they_have_some_conflicts_here 1581068507597 376 215 touchmove 239 80 78.309036254883 78.309036254883 0 conflicts 0
dont_they_have_some_conflicts_here 1581068507614 376 215 touchmove 268 78 78.309036254883 78.309036254883 0 conflicts 0
dont_they_have_some_conflicts_here 1581068507633 376 215 touchmove 289 78 78.309036254883 78.309036254883 0 conflicts 0
dont_they_have_some_conflicts_here 1581068507648 376 215 touchmove 296 78 78.309036254883 78.309036254883 0 conflicts 0
dont_they_have_some_conflicts_here 1581068507665 376 215 touchmove 306 78 78.309036254883 78.309036254883 0 conflicts 0
dont_they_have_some_conflicts_here 1581068507682 376 215 touchmove 312 73 78.309036254883 78.309036254883 0 conflicts 0
dont_they_have_some_conflicts_here 1581068507699 376 215 touchmove 314 70 78.309036254883 78.309036254883 0 conflicts 0
dont_they_have_some_conflicts_here 1581068507715 376 215 touchmove 315 61 78.309036254883 78.309036254883 0 conflicts 0
dont_they_have_some_conflicts_here 1581068507732 376 215 touchmove 313 51 78.309036254883 78.309036254883 0 conflicts 0
dont_they_have_some_conflicts_here 1581068507749 376 215 touchmove 309 44 78.309036254883 78.309036254883 0 conflicts 0
dont_they_have_some_conflicts_here 1581068507766 376 215 touchmove 306 42 78.309036254883 78.309036254883 0 conflicts 0
dont_they_have_some_conflicts_here 1581068507782 376 215 touchmove 299 40 78.309036254883 78.309036254883 0 conflicts 0
dont_they_have_some_conflicts_here 1581068507799 376 215 touchmove 290 39 78.309036254883 78.309036254883 0 conflicts 0
dont_they_have_some_conflicts_here 1581068507816 376 215 touchmove 279 39 78.309036254883 78.309036254883 0 conflicts 0
dont_they_have_some_conflicts_here 1581068507834 376 215 touchmove 272 39 78.309036254883 78.309036254883 0 conflicts 0
dont_they_have_some_conflicts_here 1581068507849 376 215 touchmove 247 47 78.309036254883 78.309036254883 0 conflicts 0
dont_they_have_some_conflicts_here 1581068507866 376 215 touchmove 223 59 78.309036254883 78.309036254883 0 conflicts 0
dont_they_have_some_conflicts_here 1581068507883 376 215 touchmove 201 74 78.309036254883 78.309036254883 0 conflicts 0
dont_they_have_some_conflicts_here 1581068507902 376 215 touchmove 193 81 78.309036254883 78.309036254883 0 conflicts 0
dont_they_have_some_conflicts_here 1581068507917 376 215 touchmove 178 94 78.309036254883 78.309036254883 0 conflicts 0
dont_they_have_some_conflicts_here 1581068507933 376 215 touchmove 173 100 78.309036254883 78.309036254883 0 conflicts 0
dont_they_have_some_conflicts_here 1581068507950 376 215 touchmove 171 103 78.309036254883 78.309036254883 0 conflicts 0
dont_they_have_some_conflicts_here 1581068507968 376 215 touchmove 170 103 78.309036254883 78.309036254883 0 conflicts 0
dont_they_have_some_conflicts_here 1581068507985 376 215 touchmove 159 122 78.309036254883 78.309036254883 0 conflicts 0
dont_they_have_some_conflicts_here 1581068508000 376 215 touchmove 155 129 78.309036254883 78.309036254883 0 conflicts 0
dont_they_have_some_conflicts_here 1581068508017 376 215 touchmove 153 132 78.309036254883 78.309036254883 0 conflicts 0
dont_they_have_some_conflicts_here 1581068508034 376 215 touchmove 153 133 78.309036254883 78.309036254883 0 conflicts 0
dont_they_have_some_conflicts_here 1581068508050 376 215 touchmove 153 134 78.309036254883 78.309036254883 0 conflicts 0
dont_they_have_some_conflicts_here 1581068508185 376 215 touchmove 145 115 78.309036254883 78.309036254883 0 conflicts 0
dont_they_have_some_conflicts_here 1581068508202 376 215 touchmove 142 101 78.309036254883 78.309036254883 0 conflicts 0
dont_they_have_some_conflicts_here 1581068508218 376 215 touchmove 142 85 78.309036254883 78.309036254883 0 conflicts 0
dont_they_have_some_conflicts_here 1581068508236 376 215 touchmove 142 71 78.309036254883 78.309036254883 0 conflicts 0
dont_they_have_some_conflicts_here 1581068508253 376 215 touchmove 142 63 78.309036254883 78.309036254883 0 conflicts 0
dont_they_have_some_conflicts_here 1581068508269 376 215 touchmove 142 52 78.309036254883 78.309036254883 0 conflicts 0
dont_they_have_some_conflicts_here 1581068508286 376 215 touchmove 142 43 78.309036254883 78.309036254883 0 conflicts 0
dont_they_have_some_conflicts_here 1581068508303 376 215 touchmove 142 36 78.309036254883 78.309036254883 0 conflicts 0
dont_they_have_some_conflicts_here 1581068508320 376 215 touchmove 142 33 78.309036254883 78.309036254883 0 conflicts 0
dont_they_have_some_conflicts_here 1581068508336 376 215 touchmove 142 32 78.309036254883 78.309036254883 0 conflicts 0
dont_they_have_some_conflicts_here 1581068508353 376 215 touchmove 142 31 78.309036254883 78.309036254883 0 conflicts 0
dont_they_have_some_conflicts_here 1581068508377 376 215 touchmove 141 32 78.309036254883 78.309036254883 0 conflicts 0
dont_they_have_some_conflicts_here 1581068508388 376 215 touchmove 138 34 78.309036254883 78.309036254883 0 conflicts 0
dont_they_have_some_conflicts_here 1581068508404 376 215 touchmove 134 38 78.309036254883 78.309036254883 0 conflicts 0
dont_they_have_some_conflicts_here 1581068508420 376 215 touchmove 124 45 78.309036254883 78.309036254883 0 conflicts 0
dont_they_have_some_conflicts_here 1581068508436 376 215 touchmove 113 56 78.309036254883 78.309036254883 0 conflicts 0
dont_they_have_some_conflicts_here 1581068508454 376 215 touchmove 103 66 78.309036254883 78.309036254883 0 conflicts 0
dont_they_have_some_conflicts_here 1581068508472 376 215 touchmove 98 71 78.309036254883 78.309036254883 0 conflicts 0
dont_they_have_some_conflicts_here 1581068508488 376 215 touchmove 89 80 78.309036254883 78.309036254883 0 conflicts 0
dont_they_have_some_conflicts_here 1581068508505 376 215 touchmove 83 87 78.309036254883 78.309036254883 0 conflicts 0
dont_they_have_some_conflicts_here 1581068508522 376 215 touchmove 79 92 78.309036254883 78.309036254883 0 conflicts 0
dont_they_have_some_conflicts_here 1581068508538 376 215 touchmove 78 94 78.309036254883 78.309036254883 0 conflicts 0
dont_they_have_some_conflicts_here 1581068508554 376 215 touchmove 77 96 78.309036254883 78.309036254883 0 conflicts 0
dont_they_have_some_conflicts_here 1581068508561 376 215 touchend 77 96 78.309036254883 78.309036254883 0 conflicts 0
dont_they_have_some_conflicts_here 1581068506815 376 215 touchstart 156 143 78.309036254883 78.309036254883 0 conflicts 0 0
dont_they_have_some_conflicts_here 1581068506891 376 215 touchmove 178 121 78.309036254883 78.309036254883 0 conflicts 0 0
dont_they_have_some_conflicts_here 1581068506911 376 215 touchmove 202 99 78.309036254883 78.309036254883 0 conflicts 0 0
dont_they_have_some_conflicts_here 1581068506926 376 215 touchmove 214 87 78.309036254883 78.309036254883 0 conflicts 0 0
dont_they_have_some_conflicts_here 1581068506942 376 215 touchmove 236 67 78.309036254883 78.309036254883 0 conflicts 0 0
dont_they_have_some_conflicts_here 1581068506959 376 215 touchmove 253 50 78.309036254883 78.309036254883 0 conflicts 0 0
dont_they_have_some_conflicts_here 1581068506976 376 215 touchmove 267 37 78.309036254883 78.309036254883 0 conflicts 0 0
dont_they_have_some_conflicts_here 1581068506993 376 215 touchmove 278 27 78.309036254883 78.309036254883 0 conflicts 0 0
dont_they_have_some_conflicts_here 1581068507010 376 215 touchmove 282 24 78.309036254883 78.309036254883 0 conflicts 0 0
dont_they_have_some_conflicts_here 1581068507027 376 215 touchmove 288 19 78.309036254883 78.309036254883 0 conflicts 0 0
dont_they_have_some_conflicts_here 1581068507043 376 215 touchmove 292 15 78.309036254883 78.309036254883 0 conflicts 0 0
dont_they_have_some_conflicts_here 1581068507060 376 215 touchmove 294 13 78.309036254883 78.309036254883 0 conflicts 0 0
dont_they_have_some_conflicts_here 1581068507077 376 215 touchmove 295 13 78.309036254883 78.309036254883 0 conflicts 0 0
dont_they_have_some_conflicts_here 1581068507093 376 215 touchmove 297 13 78.309036254883 78.309036254883 0 conflicts 0 0
dont_they_have_some_conflicts_here 1581068507111 376 215 touchmove 300 17 78.309036254883 78.309036254883 0 conflicts 0 0
dont_they_have_some_conflicts_here 1581068507127 376 215 touchmove 302 27 78.309036254883 78.309036254883 0 conflicts 0 0
dont_they_have_some_conflicts_here 1581068507145 376 215 touchmove 302 34 78.309036254883 78.309036254883 0 conflicts 0 0
dont_they_have_some_conflicts_here 1581068507161 376 215 touchmove 299 53 78.309036254883 78.309036254883 0 conflicts 0 0
dont_they_have_some_conflicts_here 1581068507178 376 215 touchmove 286 85 78.309036254883 78.309036254883 0 conflicts 0 0
dont_they_have_some_conflicts_here 1581068507195 376 215 touchmove 272 113 78.309036254883 78.309036254883 0 conflicts 0 0
dont_they_have_some_conflicts_here 1581068507212 376 215 touchmove 266 125 78.309036254883 78.309036254883 0 conflicts 0 0
dont_they_have_some_conflicts_here 1581068507228 376 215 touchmove 258 143 78.309036254883 78.309036254883 0 conflicts 0 0
dont_they_have_some_conflicts_here 1581068507245 376 215 touchmove 250 157 78.309036254883 78.309036254883 0 conflicts 0 0
dont_they_have_some_conflicts_here 1581068507262 376 215 touchmove 246 165 78.309036254883 78.309036254883 0 conflicts 0 0
dont_they_have_some_conflicts_here 1581068507279 376 215 touchmove 243 170 78.309036254883 78.309036254883 0 conflicts 0 0
dont_they_have_some_conflicts_here 1581068507296 376 215 touchmove 241 172 78.309036254883 78.309036254883 0 conflicts 0 0
dont_they_have_some_conflicts_here 1581068507312 376 215 touchmove 239 172 78.309036254883 78.309036254883 0 conflicts 0 0
dont_they_have_some_conflicts_here 1581068507329 376 215 touchmove 235 169 78.309036254883 78.309036254883 0 conflicts 0 0
dont_they_have_some_conflicts_here 1581068507346 376 215 touchmove 232 166 78.309036254883 78.309036254883 0 conflicts 0 0
dont_they_have_some_conflicts_here 1581068507363 376 215 touchmove 225 157 78.309036254883 78.309036254883 0 conflicts 0 0
dont_they_have_some_conflicts_here 1581068507381 376 215 touchmove 218 145 78.309036254883 78.309036254883 0 conflicts 0 0
dont_they_have_some_conflicts_here 1581068507396 376 215 touchmove 210 135 78.309036254883 78.309036254883 0 conflicts 0 0
dont_they_have_some_conflicts_here 1581068507413 376 215 touchmove 200 124 78.309036254883 78.309036254883 0 conflicts 0 0
dont_they_have_some_conflicts_here 1581068507431 376 215 touchmove 196 119 78.309036254883 78.309036254883 0 conflicts 0 0
dont_they_have_some_conflicts_here 1581068507446 376 215 touchmove 185 110 78.309036254883 78.309036254883 0 conflicts 0 0
dont_they_have_some_conflicts_here 1581068507463 376 215 touchmove 176 102 78.309036254883 78.309036254883 0 conflicts 0 0
dont_they_have_some_conflicts_here 1581068507480 376 215 touchmove 171 96 78.309036254883 78.309036254883 0 conflicts 0 0
dont_they_have_some_conflicts_here 1581068507498 376 215 touchmove 168 95 78.309036254883 78.309036254883 0 conflicts 0 0
dont_they_have_some_conflicts_here 1581068507514 376 215 touchmove 167 92 78.309036254883 78.309036254883 0 conflicts 0 0
dont_they_have_some_conflicts_here 1581068507530 376 215 touchmove 166 91 78.309036254883 78.309036254883 0 conflicts 0 0
dont_they_have_some_conflicts_here 1581068507548 376 215 touchmove 167 91 78.309036254883 78.309036254883 0 conflicts 0 0
dont_they_have_some_conflicts_here 1581068507565 376 215 touchmove 179 89 78.309036254883 78.309036254883 0 conflicts 0 0
dont_they_have_some_conflicts_here 1581068507581 376 215 touchmove 206 84 78.309036254883 78.309036254883 0 conflicts 0 0
dont_they_have_some_conflicts_here 1581068507597 376 215 touchmove 239 80 78.309036254883 78.309036254883 0 conflicts 0 0
dont_they_have_some_conflicts_here 1581068507614 376 215 touchmove 268 78 78.309036254883 78.309036254883 0 conflicts 0 0
dont_they_have_some_conflicts_here 1581068507633 376 215 touchmove 289 78 78.309036254883 78.309036254883 0 conflicts 0 0
dont_they_have_some_conflicts_here 1581068507648 376 215 touchmove 296 78 78.309036254883 78.309036254883 0 conflicts 0 0
dont_they_have_some_conflicts_here 1581068507665 376 215 touchmove 306 78 78.309036254883 78.309036254883 0 conflicts 0 0
dont_they_have_some_conflicts_here 1581068507682 376 215 touchmove 312 73 78.309036254883 78.309036254883 0 conflicts 0 0
dont_they_have_some_conflicts_here 1581068507699 376 215 touchmove 314 70 78.309036254883 78.309036254883 0 conflicts 0 0
dont_they_have_some_conflicts_here 1581068507715 376 215 touchmove 315 61 78.309036254883 78.309036254883 0 conflicts 0 0
dont_they_have_some_conflicts_here 1581068507732 376 215 touchmove 313 51 78.309036254883 78.309036254883 0 conflicts 0 0
dont_they_have_some_conflicts_here 1581068507749 376 215 touchmove 309 44 78.309036254883 78.309036254883 0 conflicts 0 0
dont_they_have_some_conflicts_here 1581068507766 376 215 touchmove 306 42 78.309036254883 78.309036254883 0 conflicts 0 0
dont_they_have_some_conflicts_here 1581068507782 376 215 touchmove 299 40 78.309036254883 78.309036254883 0 conflicts 0 0
dont_they_have_some_conflicts_here 1581068507799 376 215 touchmove 290 39 78.309036254883 78.309036254883 0 conflicts 0 0
dont_they_have_some_conflicts_here 1581068507816 376 215 touchmove 279 39 78.309036254883 78.309036254883 0 conflicts 0 0
dont_they_have_some_conflicts_here 1581068507834 376 215 touchmove 272 39 78.309036254883 78.309036254883 0 conflicts 0 0
dont_they_have_some_conflicts_here 1581068507849 376 215 touchmove 247 47 78.309036254883 78.309036254883 0 conflicts 0 0
dont_they_have_some_conflicts_here 1581068507866 376 215 touchmove 223 59 78.309036254883 78.309036254883 0 conflicts 0 0
dont_they_have_some_conflicts_here 1581068507883 376 215 touchmove 201 74 78.309036254883 78.309036254883 0 conflicts 0 0
dont_they_have_some_conflicts_here 1581068507902 376 215 touchmove 193 81 78.309036254883 78.309036254883 0 conflicts 0 0
dont_they_have_some_conflicts_here 1581068507917 376 215 touchmove 178 94 78.309036254883 78.309036254883 0 conflicts 0 0
dont_they_have_some_conflicts_here 1581068507933 376 215 touchmove 173 100 78.309036254883 78.309036254883 0 conflicts 0 0
dont_they_have_some_conflicts_here 1581068507950 376 215 touchmove 171 103 78.309036254883 78.309036254883 0 conflicts 0 0
dont_they_have_some_conflicts_here 1581068507968 376 215 touchmove 170 103 78.309036254883 78.309036254883 0 conflicts 0 0
dont_they_have_some_conflicts_here 1581068507985 376 215 touchmove 159 122 78.309036254883 78.309036254883 0 conflicts 0 0
dont_they_have_some_conflicts_here 1581068508000 376 215 touchmove 155 129 78.309036254883 78.309036254883 0 conflicts 0 0
dont_they_have_some_conflicts_here 1581068508017 376 215 touchmove 153 132 78.309036254883 78.309036254883 0 conflicts 0 0
dont_they_have_some_conflicts_here 1581068508034 376 215 touchmove 153 133 78.309036254883 78.309036254883 0 conflicts 0 0
dont_they_have_some_conflicts_here 1581068508050 376 215 touchmove 153 134 78.309036254883 78.309036254883 0 conflicts 0 0
dont_they_have_some_conflicts_here 1581068508185 376 215 touchmove 145 115 78.309036254883 78.309036254883 0 conflicts 0 0
dont_they_have_some_conflicts_here 1581068508202 376 215 touchmove 142 101 78.309036254883 78.309036254883 0 conflicts 0 0
dont_they_have_some_conflicts_here 1581068508218 376 215 touchmove 142 85 78.309036254883 78.309036254883 0 conflicts 0 0
dont_they_have_some_conflicts_here 1581068508236 376 215 touchmove 142 71 78.309036254883 78.309036254883 0 conflicts 0 0
dont_they_have_some_conflicts_here 1581068508253 376 215 touchmove 142 63 78.309036254883 78.309036254883 0 conflicts 0 0
dont_they_have_some_conflicts_here 1581068508269 376 215 touchmove 142 52 78.309036254883 78.309036254883 0 conflicts 0 0
dont_they_have_some_conflicts_here 1581068508286 376 215 touchmove 142 43 78.309036254883 78.309036254883 0 conflicts 0 0
dont_they_have_some_conflicts_here 1581068508303 376 215 touchmove 142 36 78.309036254883 78.309036254883 0 conflicts 0 0
dont_they_have_some_conflicts_here 1581068508320 376 215 touchmove 142 33 78.309036254883 78.309036254883 0 conflicts 0 0
dont_they_have_some_conflicts_here 1581068508336 376 215 touchmove 142 32 78.309036254883 78.309036254883 0 conflicts 0 0
dont_they_have_some_conflicts_here 1581068508353 376 215 touchmove 142 31 78.309036254883 78.309036254883 0 conflicts 0 0
dont_they_have_some_conflicts_here 1581068508377 376 215 touchmove 141 32 78.309036254883 78.309036254883 0 conflicts 0 0
dont_they_have_some_conflicts_here 1581068508388 376 215 touchmove 138 34 78.309036254883 78.309036254883 0 conflicts 0 0
dont_they_have_some_conflicts_here 1581068508404 376 215 touchmove 134 38 78.309036254883 78.309036254883 0 conflicts 0 0
dont_they_have_some_conflicts_here 1581068508420 376 215 touchmove 124 45 78.309036254883 78.309036254883 0 conflicts 0 0
dont_they_have_some_conflicts_here 1581068508436 376 215 touchmove 113 56 78.309036254883 78.309036254883 0 conflicts 0 0
dont_they_have_some_conflicts_here 1581068508454 376 215 touchmove 103 66 78.309036254883 78.309036254883 0 conflicts 0 0
dont_they_have_some_conflicts_here 1581068508472 376 215 touchmove 98 71 78.309036254883 78.309036254883 0 conflicts 0 0
dont_they_have_some_conflicts_here 1581068508488 376 215 touchmove 89 80 78.309036254883 78.309036254883 0 conflicts 0 0
dont_they_have_some_conflicts_here 1581068508505 376 215 touchmove 83 87 78.309036254883 78.309036254883 0 conflicts 0 0
dont_they_have_some_conflicts_here 1581068508522 376 215 touchmove 79 92 78.309036254883 78.309036254883 0 conflicts 0 0
dont_they_have_some_conflicts_here 1581068508538 376 215 touchmove 78 94 78.309036254883 78.309036254883 0 conflicts 0 0
dont_they_have_some_conflicts_here 1581068508554 376 215 touchmove 77 96 78.309036254883 78.309036254883 0 conflicts 0 0
dont_they_have_some_conflicts_here 1581068508561 376 215 touchend 77 96 78.309036254883 78.309036254883 0 conflicts 0 0
dont_they_have_some_conflicts_here 1581068509196 376 215 touchstart 211 91 78.309036254883 78.309036254883 0 here 0
dont_they_have_some_conflicts_here 1581068509227 376 215 touchmove 201 91 78.309036254883 78.309036254883 0 here 0
dont_they_have_some_conflicts_here 1581068509243 376 215 touchmove 187 91 78.309036254883 78.309036254883 0 here 0
dont_they_have_some_conflicts_here 1581068509259 376 215 touchmove 171 87 78.309036254883 78.309036254883 0 here 0
dont_they_have_some_conflicts_here 1581068509277 376 215 touchmove 152 81 78.309036254883 78.309036254883 0 here 0
dont_they_have_some_conflicts_here 1581068509294 376 215 touchmove 143 79 78.309036254883 78.309036254883 0 here 0
dont_they_have_some_conflicts_here 1581068509311 376 215 touchmove 128 77 78.309036254883 78.309036254883 0 here 0
dont_they_have_some_conflicts_here 1581068509327 376 215 touchmove 117 73 78.309036254883 78.309036254883 0 here 0
dont_they_have_some_conflicts_here 1581068509344 376 215 touchmove 108 71 78.309036254883 78.309036254883 0 here 0
dont_they_have_some_conflicts_here 1581068509361 376 215 touchmove 105 71 78.309036254883 78.309036254883 0 here 0
dont_they_have_some_conflicts_here 1581068509378 376 215 touchmove 100 71 78.309036254883 78.309036254883 0 here 0
dont_they_have_some_conflicts_here 1581068509394 376 215 touchmove 98 70 78.309036254883 78.309036254883 0 here 0
dont_they_have_some_conflicts_here 1581068509411 376 215 touchmove 96 69 78.309036254883 78.309036254883 0 here 0
dont_they_have_some_conflicts_here 1581068509428 376 215 touchmove 96 67 78.309036254883 78.309036254883 0 here 0
dont_they_have_some_conflicts_here 1581068509445 376 215 touchmove 98 64 78.309036254883 78.309036254883 0 here 0
dont_they_have_some_conflicts_here 1581068509461 376 215 touchmove 103 62 78.309036254883 78.309036254883 0 here 0
dont_they_have_some_conflicts_here 1581068509478 376 215 touchmove 113 58 78.309036254883 78.309036254883 0 here 0
dont_they_have_some_conflicts_here 1581068509495 376 215 touchmove 119 57 78.309036254883 78.309036254883 0 here 0
dont_they_have_some_conflicts_here 1581068509512 376 215 touchmove 130 56 78.309036254883 78.309036254883 0 here 0
dont_they_have_some_conflicts_here 1581068509528 376 215 touchmove 138 55 78.309036254883 78.309036254883 0 here 0
dont_they_have_some_conflicts_here 1581068509545 376 215 touchmove 142 55 78.309036254883 78.309036254883 0 here 0
dont_they_have_some_conflicts_here 1581068509562 376 215 touchmove 146 55 78.309036254883 78.309036254883 0 here 0
dont_they_have_some_conflicts_here 1581068509579 376 215 touchmove 146 55 78.309036254883 78.309036254883 0 here 0
dont_they_have_some_conflicts_here 1581068509596 376 215 touchmove 147 55 78.309036254883 78.309036254883 0 here 0
dont_they_have_some_conflicts_here 1581068509613 376 215 touchmove 146 55 78.309036254883 78.309036254883 0 here 0
dont_they_have_some_conflicts_here 1581068509629 376 215 touchmove 142 55 78.309036254883 78.309036254883 0 here 0
dont_they_have_some_conflicts_here 1581068509647 376 215 touchmove 139 55 78.309036254883 78.309036254883 0 here 0
dont_they_have_some_conflicts_here 1581068509664 376 215 touchmove 129 55 78.309036254883 78.309036254883 0 here 0
dont_they_have_some_conflicts_here 1581068509679 376 215 touchmove 118 55 78.309036254883 78.309036254883 0 here 0
dont_they_have_some_conflicts_here 1581068509697 376 215 touchmove 109 55 78.309036254883 78.309036254883 0 here 0
dont_they_have_some_conflicts_here 1581068509714 376 215 touchmove 102 55 78.309036254883 78.309036254883 0 here 0
dont_they_have_some_conflicts_here 1581068509731 376 215 touchmove 99 55 78.309036254883 78.309036254883 0 here 0
dont_they_have_some_conflicts_here 1581068509747 376 215 touchmove 95 55 78.309036254883 78.309036254883 0 here 0
dont_they_have_some_conflicts_here 1581068509764 376 215 touchmove 92 55 78.309036254883 78.309036254883 0 here 0
dont_they_have_some_conflicts_here 1581068509781 376 215 touchmove 91 55 78.309036254883 78.309036254883 0 here 0
dont_they_have_some_conflicts_here 1581068509799 376 215 touchmove 89 55 78.309036254883 78.309036254883 0 here 0
dont_they_have_some_conflicts_here 1581068509804 376 215 touchend 89 55 78.309036254883 78.309036254883 0 here 0
if_so_what_was_it 1581068512320 376 215 touchstart 298 35 78.309036254883 78.309036254883 0 if 0
if_so_what_was_it 1581068512370 376 215 touchmove 287 35 78.309036254883 78.309036254883 0 if 0
if_so_what_was_it 1581068512384 376 215 touchmove 285 35 78.309036254883 78.309036254883 0 if 0
if_so_what_was_it 1581068512401 376 215 touchmove 268 41 78.309036254883 78.309036254883 0 if 0
if_so_what_was_it 1581068512422 376 215 touchmove 251 47 78.309036254883 78.309036254883 0 if 0
if_so_what_was_it 1581068512435 376 215 touchmove 243 49 78.309036254883 78.309036254883 0 if 0
if_so_what_was_it 1581068512451 376 215 touchmove 225 51 78.309036254883 78.309036254883 0 if 0
if_so_what_was_it 1581068512468 376 215 touchmove 205 56 78.309036254883 78.309036254883 0 if 0
if_so_what_was_it 1581068512485 376 215 touchmove 188 70 78.309036254883 78.309036254883 0 if 0
if_so_what_was_it 1581068512502 376 215 touchmove 181 76 78.309036254883 78.309036254883 0 if 0
if_so_what_was_it 1581068512519 376 215 touchmove 170 85 78.309036254883 78.309036254883 0 if 0
if_so_what_was_it 1581068512536 376 215 touchmove 160 93 78.309036254883 78.309036254883 0 if 0
if_so_what_was_it 1581068512552 376 215 touchmove 153 100 78.309036254883 78.309036254883 0 if 0
if_so_what_was_it 1581068512569 376 215 touchmove 149 103 78.309036254883 78.309036254883 0 if 0
if_so_what_was_it 1581068512586 376 215 touchmove 143 108 78.309036254883 78.309036254883 0 if 0
if_so_what_was_it 1581068512598 376 215 touchmove 141 111 78.309036254883 78.309036254883 0 if 0
if_so_what_was_it 1581068512604 376 215 touchend 141 111 78.309036254883 78.309036254883 0 if 0
if_so_what_was_it 1581068512982 376 215 touchstart 94 88 78.309036254883 78.309036254883 0 so 0
if_so_what_was_it 1581068513038 376 215 touchmove 123 82 78.309036254883 78.309036254883 0 so 0
if_so_what_was_it 1581068513056 376 215 touchmove 141 75 78.309036254883 78.309036254883 0 so 0
if_so_what_was_it 1581068513072 376 215 touchmove 183 70 78.309036254883 78.309036254883 0 so 0
if_so_what_was_it 1581068513089 376 215 touchmove 224 54 78.309036254883 78.309036254883 0 so 0
if_so_what_was_it 1581068513105 376 215 touchmove 254 47 78.309036254883 78.309036254883 0 so 0
if_so_what_was_it 1581068513124 376 215 touchmove 276 45 78.309036254883 78.309036254883 0 so 0
if_so_what_was_it 1581068513139 376 215 touchmove 286 41 78.309036254883 78.309036254883 0 so 0
if_so_what_was_it 1581068513157 376 215 touchmove 301 38 78.309036254883 78.309036254883 0 so 0
if_so_what_was_it 1581068513173 376 215 touchmove 312 34 78.309036254883 78.309036254883 0 so 0
if_so_what_was_it 1581068513191 376 215 touchmove 320 32 78.309036254883 78.309036254883 0 so 0
if_so_what_was_it 1581068513207 376 215 touchmove 322 31 78.309036254883 78.309036254883 0 so 0
if_so_what_was_it 1581068513215 376 215 touchend 322 31 78.309036254883 78.309036254883 0 so 0
if_so_what_was_it 1581068513508 376 215 touchstart 63 24 78.309036254883 78.309036254883 0 what 0
if_so_what_was_it 1581068513544 376 215 touchmove 72 27 78.309036254883 78.309036254883 0 what 0
if_so_what_was_it 1581068513559 376 215 touchmove 74 28 78.309036254883 78.309036254883 0 what 0
if_so_what_was_it 1581068513576 376 215 touchmove 97 38 78.309036254883 78.309036254883 0 what 0
if_so_what_was_it 1581068513593 376 215 touchmove 123 48 78.309036254883 78.309036254883 0 what 0
if_so_what_was_it 1581068513610 376 215 touchmove 138 53 78.309036254883 78.309036254883 0 what 0
if_so_what_was_it 1581068513627 376 215 touchmove 167 61 78.309036254883 78.309036254883 0 what 0
if_so_what_was_it 1581068513643 376 215 touchmove 196 64 78.309036254883 78.309036254883 0 what 0
if_so_what_was_it 1581068513660 376 215 touchmove 221 65 78.309036254883 78.309036254883 0 what 0
if_so_what_was_it 1581068513678 376 215 touchmove 230 66 78.309036254883 78.309036254883 0 what 0
if_so_what_was_it 1581068513696 376 215 touchmove 243 66 78.309036254883 78.309036254883 0 what 0
if_so_what_was_it 1581068513711 376 215 touchmove 248 66 78.309036254883 78.309036254883 0 what 0
if_so_what_was_it 1581068513727 376 215 touchmove 248 66 78.309036254883 78.309036254883 0 what 0
if_so_what_was_it 1581068513744 376 215 touchmove 244 66 78.309036254883 78.309036254883 0 what 0
if_so_what_was_it 1581068513761 376 215 touchmove 225 66 78.309036254883 78.309036254883 0 what 0
if_so_what_was_it 1581068513778 376 215 touchmove 198 66 78.309036254883 78.309036254883 0 what 0
if_so_what_was_it 1581068513794 376 215 touchmove 175 66 78.309036254883 78.309036254883 0 what 0
if_so_what_was_it 1581068513812 376 215 touchmove 164 66 78.309036254883 78.309036254883 0 what 0
if_so_what_was_it 1581068513829 376 215 touchmove 146 66 78.309036254883 78.309036254883 0 what 0
if_so_what_was_it 1581068513844 376 215 touchmove 133 66 78.309036254883 78.309036254883 0 what 0
if_so_what_was_it 1581068513863 376 215 touchmove 121 66 78.309036254883 78.309036254883 0 what 0
if_so_what_was_it 1581068513879 376 215 touchmove 113 66 78.309036254883 78.309036254883 0 what 0
if_so_what_was_it 1581068513895 376 215 touchmove 99 66 78.309036254883 78.309036254883 0 what 0
if_so_what_was_it 1581068513912 376 215 touchmove 86 66 78.309036254883 78.309036254883 0 what 0
if_so_what_was_it 1581068513932 376 215 touchmove 77 66 78.309036254883 78.309036254883 0 what 0
if_so_what_was_it 1581068513946 376 215 touchmove 71 66 78.309036254883 78.309036254883 0 what 0
if_so_what_was_it 1581068513963 376 215 touchmove 70 66 78.309036254883 78.309036254883 0 what 0
if_so_what_was_it 1581068513979 376 215 touchmove 68 66 78.309036254883 78.309036254883 0 what 0
if_so_what_was_it 1581068514079 376 215 touchmove 76 66 78.309036254883 78.309036254883 0 what 0
if_so_what_was_it 1581068514097 376 215 touchmove 84 66 78.309036254883 78.309036254883 0 what 0
if_so_what_was_it 1581068514117 376 215 touchmove 106 66 78.309036254883 78.309036254883 0 what 0
if_so_what_was_it 1581068514131 376 215 touchmove 134 62 78.309036254883 78.309036254883 0 what 0
if_so_what_was_it 1581068514148 376 215 touchmove 152 60 78.309036254883 78.309036254883 0 what 0
if_so_what_was_it 1581068514165 376 215 touchmove 158 60 78.309036254883 78.309036254883 0 what 0
if_so_what_was_it 1581068514182 376 215 touchmove 167 59 78.309036254883 78.309036254883 0 what 0
if_so_what_was_it 1581068514198 376 215 touchmove 175 59 78.309036254883 78.309036254883 0 what 0
if_so_what_was_it 1581068514215 376 215 touchmove 180 59 78.309036254883 78.309036254883 0 what 0
if_so_what_was_it 1581068514232 376 215 touchmove 182 59 78.309036254883 78.309036254883 0 what 0
if_so_what_was_it 1581068514252 376 215 touchmove 187 59 78.309036254883 78.309036254883 0 what 0
if_so_what_was_it 1581068514262 376 215 touchmove 193 55 78.309036254883 78.309036254883 0 what 0
if_so_what_was_it 1581068514267 376 215 touchend 193 55 78.309036254883 78.309036254883 0 what 0
if_so_what_was_it 1581068514625 376 215 touchstart 70 24 78.309036254883 78.309036254883 0 was 0
if_so_what_was_it 1581068514684 376 215 touchmove 62 38 78.309036254883 78.309036254883 0 was 0
if_so_what_was_it 1581068514701 376 215 touchmove 52 53 78.309036254883 78.309036254883 0 was 0
if_so_what_was_it 1581068514718 376 215 touchmove 50 59 78.309036254883 78.309036254883 0 was 0
if_so_what_was_it 1581068514735 376 215 touchmove 45 71 78.309036254883 78.309036254883 0 was 0
if_so_what_was_it 1581068514751 376 215 touchmove 41 80 78.309036254883 78.309036254883 0 was 0
if_so_what_was_it 1581068514769 376 215 touchmove 38 86 78.309036254883 78.309036254883 0 was 0
if_so_what_was_it 1581068514786 376 215 touchmove 36 89 78.309036254883 78.309036254883 0 was 0
if_so_what_was_it 1581068514802 376 215 touchmove 34 92 78.309036254883 78.309036254883 0 was 0
if_so_what_was_it 1581068514819 376 215 touchmove 34 92 78.309036254883 78.309036254883 0 was 0
if_so_what_was_it 1581068514836 376 215 touchmove 34 93 78.309036254883 78.309036254883 0 was 0
if_so_what_was_it 1581068514853 376 215 touchmove 34 94 78.309036254883 78.309036254883 0 was 0
if_so_what_was_it 1581068514869 376 215 touchmove 41 93 78.309036254883 78.309036254883 0 was 0
if_so_what_was_it 1581068514886 376 215 touchmove 54 92 78.309036254883 78.309036254883 0 was 0
if_so_what_was_it 1581068514903 376 215 touchmove 67 91 78.309036254883 78.309036254883 0 was 0
if_so_what_was_it 1581068514920 376 215 touchmove 74 91 78.309036254883 78.309036254883 0 was 0
if_so_what_was_it 1581068514936 376 215 touchmove 83 90 78.309036254883 78.309036254883 0 was 0
if_so_what_was_it 1581068514953 376 215 touchmove 90 90 78.309036254883 78.309036254883 0 was 0
if_so_what_was_it 1581068514970 376 215 touchmove 95 90 78.309036254883 78.309036254883 0 was 0
if_so_what_was_it 1581068514977 376 215 touchend 95 90 78.309036254883 78.309036254883 0 was 0
if_so_what_was_it 1581068515272 376 215 touchmove 286 28 78.309036254883 78.309036254883 0 it 0
if_so_what_was_it 1581068515289 376 215 touchmove 283 28 78.309036254883 78.309036254883 0 it 0
if_so_what_was_it 1581068515305 376 215 touchmove 256 28 78.309036254883 78.309036254883 0 it 0
if_so_what_was_it 1581068515323 376 215 touchmove 235 28 78.309036254883 78.309036254883 0 it 0
if_so_what_was_it 1581068515340 376 215 touchmove 214 28 78.309036254883 78.309036254883 0 it 0
if_so_what_was_it 1581068515357 376 215 touchmove 203 28 78.309036254883 78.309036254883 0 it 0
if_so_what_was_it 1581068515373 376 215 touchmove 182 28 78.309036254883 78.309036254883 0 it 0
if_so_what_was_it 1581068515390 376 215 touchmove 163 32 78.309036254883 78.309036254883 0 it 0
if_so_what_was_it 1581068515407 376 215 touchmove 148 35 78.309036254883 78.309036254883 0 it 0
if_so_what_was_it 1581068515424 376 215 touchmove 141 35 78.309036254883 78.309036254883 0 it 0
if_so_what_was_it 1581068515434 376 215 touchmove 134 35 78.309036254883 78.309036254883 0 it 0
if_so_what_was_it 1581068515436 376 215 touchend 134 35 78.309036254883 78.309036254883 0 it 0
llc_src_sleep_foam 1581068519614 376 215 touchstart 295 31 78.309036254883 78.309036254883 0 llc 1
llc_src_sleep_foam 1581068519673 376 215 touchmove 286 36 78.309036254883 78.309036254883 0 llc 1
llc_src_sleep_foam 1581068519689 376 215 touchmove 268 49 78.309036254883 78.309036254883 0 llc 1
llc_src_sleep_foam 1581068519707 376 215 touchmove 247 67 78.309036254883 78.309036254883 0 llc 1
llc_src_sleep_foam 1581068519723 376 215 touchmove 226 83 78.309036254883 78.309036254883 0 llc 1
llc_src_sleep_foam 1581068519741 376 215 touchmove 217 92 78.309036254883 78.309036254883 0 llc 1
llc_src_sleep_foam 1581068519757 376 215 touchmove 199 108 78.309036254883 78.309036254883 0 llc 1
llc_src_sleep_foam 1581068519774 376 215 touchmove 184 123 78.309036254883 78.309036254883 0 llc 1
llc_src_sleep_foam 1581068519791 376 215 touchmove 172 136 78.309036254883 78.309036254883 0 llc 1
llc_src_sleep_foam 1581068519808 376 215 touchmove 167 142 78.309036254883 78.309036254883 0 llc 1
llc_src_sleep_foam 1581068519825 376 215 touchmove 159 151 78.309036254883 78.309036254883 0 llc 1
llc_src_sleep_foam 1581068519842 376 215 touchmove 153 159 78.309036254883 78.309036254883 0 llc 1
llc_src_sleep_foam 1581068519858 376 215 touchmove 149 165 78.309036254883 78.309036254883 0 llc 1
llc_src_sleep_foam 1581068519879 376 215 touchmove 147 168 78.309036254883 78.309036254883 0 llc 1
llc_src_sleep_foam 1581068519892 376 215 touchmove 145 172 78.309036254883 78.309036254883 0 llc 1
llc_src_sleep_foam 1581068519903 376 215 touchmove 144 174 78.309036254883 78.309036254883 0 llc 1
llc_src_sleep_foam 1581068519906 376 215 touchend 144 174 78.309036254883 78.309036254883 0 llc 1
llc_src_sleep_foam 1581068522035 376 215 touchstart 77 85 78.309036254883 78.309036254883 0 llc 1
llc_src_sleep_foam 1581068522124 376 215 touchmove 86 78 78.309036254883 78.309036254883 0 llc 1
llc_src_sleep_foam 1581068522141 376 215 touchmove 92 74 78.309036254883 78.309036254883 0 llc 1
llc_src_sleep_foam 1581068522158 376 215 touchmove 107 66 78.309036254883 78.309036254883 0 llc 1
llc_src_sleep_foam 1581068522175 376 215 touchmove 113 63 78.309036254883 78.309036254883 0 llc 1
llc_src_sleep_foam 1581068522192 376 215 touchmove 125 56 78.309036254883 78.309036254883 0 llc 1
llc_src_sleep_foam 1581068522208 376 215 touchmove 135 48 78.309036254883 78.309036254883 0 llc 1
llc_src_sleep_foam 1581068522225 376 215 touchmove 144 42 78.309036254883 78.309036254883 0 llc 1
llc_src_sleep_foam 1581068522242 376 215 touchmove 148 39 78.309036254883 78.309036254883 0 llc 1
llc_src_sleep_foam 1581068522259 376 215 touchmove 153 36 78.309036254883 78.309036254883 0 llc 1
llc_src_sleep_foam 1581068522276 376 215 touchmove 157 34 78.309036254883 78.309036254883 0 llc 1
llc_src_sleep_foam 1581068522292 376 215 touchmove 160 32 78.309036254883 78.309036254883 0 llc 1
llc_src_sleep_foam 1581068522309 376 215 touchmove 160 31 78.309036254883 78.309036254883 0 llc 1
llc_src_sleep_foam 1581068522326 376 215 touchmove 161 31 78.309036254883 78.309036254883 0 llc 1
llc_src_sleep_foam 1581068522343 376 215 touchmove 162 32 78.309036254883 78.309036254883 0 llc 1
llc_src_sleep_foam 1581068522359 376 215 touchmove 163 38 78.309036254883 78.309036254883 0 llc 1
llc_src_sleep_foam 1581068522376 376 215 touchmove 163 43 78.309036254883 78.309036254883 0 llc 1
llc_src_sleep_foam 1581068522394 376 215 touchmove 161 59 78.309036254883 78.309036254883 0 llc 1
llc_src_sleep_foam 1581068522410 376 215 touchmove 159 78 78.309036254883 78.309036254883 0 llc 1
llc_src_sleep_foam 1581068522427 376 215 touchmove 158 96 78.309036254883 78.309036254883 0 llc 1
llc_src_sleep_foam 1581068522444 376 215 touchmove 158 111 78.309036254883 78.309036254883 0 llc 1
llc_src_sleep_foam 1581068522461 376 215 touchmove 158 118 78.309036254883 78.309036254883 0 llc 1
llc_src_sleep_foam 1581068522478 376 215 touchmove 158 130 78.309036254883 78.309036254883 0 llc 1
llc_src_sleep_foam 1581068522494 376 215 touchmove 158 139 78.309036254883 78.309036254883 0 llc 1
llc_src_sleep_foam 1581068522511 376 215 touchmove 158 147 78.309036254883 78.309036254883 0 llc 1
llc_src_sleep_foam 1581068522528 376 215 touchmove 158 151 78.309036254883 78.309036254883 0 llc 1
llc_src_sleep_foam 1581068522538 376 215 touchmove 158 155 78.309036254883 78.309036254883 0 llc 1
llc_src_sleep_foam 1581068522541 376 215 touchend 158 155 78.309036254883 78.309036254883 0 llc 1
llc_src_sleep_foam 1581068524137 376 215 touchstart 73 92 78.309036254883 78.309036254883 0 llc 1
llc_src_sleep_foam 1581068524224 376 215 touchmove 89 76 78.309036254883 78.309036254883 0 llc 1
llc_src_sleep_foam 1581068524241 376 215 touchmove 101 67 78.309036254883 78.309036254883 0 llc 1
llc_src_sleep_foam 1581068524257 376 215 touchmove 110 60 78.309036254883 78.309036254883 0 llc 1
llc_src_sleep_foam 1581068524275 376 215 touchmove 111 59 78.309036254883 78.309036254883 0 llc 1
llc_src_sleep_foam 1581068524290 376 215 touchmove 117 53 78.309036254883 78.309036254883 0 llc 1
llc_src_sleep_foam 1581068524307 376 215 touchmove 121 49 78.309036254883 78.309036254883 0 llc 1
llc_src_sleep_foam 1581068524324 376 215 touchmove 124 45 78.309036254883 78.309036254883 0 llc 1
llc_src_sleep_foam 1581068524342 376 215 touchmove 126 43 78.309036254883 78.309036254883 0 llc 1
llc_src_sleep_foam 1581068524358 376 215 touchmove 129 40 78.309036254883 78.309036254883 0 llc 1
llc_src_sleep_foam 1581068524374 376 215 touchmove 133 36 78.309036254883 78.309036254883 0 llc 1
llc_src_sleep_foam 1581068524391 376 215 touchmove 136 33 78.309036254883 78.309036254883 0 llc 1
llc_src_sleep_foam 1581068524409 376 215 touchmove 138 31 78.309036254883 78.309036254883 0 llc 1
llc_src_sleep_foam 1581068524425 376 215 touchmove 139 30 78.309036254883 78.309036254883 0 llc 1
llc_src_sleep_foam 1581068524442 376 215 touchmove 142 28 78.309036254883 78.309036254883 0 llc 1
llc_src_sleep_foam 1581068524458 376 215 touchmove 144 28 78.309036254883 78.309036254883 0 llc 1
llc_src_sleep_foam 1581068524476 376 215 touchmove 146 29 78.309036254883 78.309036254883 0 llc 1
llc_src_sleep_foam 1581068524493 376 215 touchmove 149 33 78.309036254883 78.309036254883 0 llc 1
llc_src_sleep_foam 1581068524509 376 215 touchmove 154 44 78.309036254883 78.309036254883 0 llc 1
llc_src_sleep_foam 1581068524526 376 215 touchmove 157 60 78.309036254883 78.309036254883 0 llc 1
llc_src_sleep_foam 1581068524544 376 215 touchmove 157 69 78.309036254883 78.309036254883 0 llc 1
llc_src_sleep_foam 1581068524559 376 215 touchmove 157 88 78.309036254883 78.309036254883 0 llc 1
llc_src_sleep_foam 1581068524576 376 215 touchmove 157 104 78.309036254883 78.309036254883 0 llc 1
llc_src_sleep_foam 1581068524594 376 215 touchmove 157 118 78.309036254883 78.309036254883 0 llc 1
llc_src_sleep_foam 1581068524617 376 215 touchmove 157 124 78.309036254883 78.309036254883 0 llc 1
llc_src_sleep_foam 1581068524628 376 215 touchmove 157 133 78.309036254883 78.309036254883 0 llc 1
llc_src_sleep_foam 1581068524645 376 215 touchmove 157 141 78.309036254883 78.309036254883 0 llc 1
llc_src_sleep_foam 1581068524658 376 215 touchmove 157 146 78.309036254883 78.309036254883 0 llc 1
llc_src_sleep_foam 1581068524662 376 215 touchend 157 146 78.309036254883 78.309036254883 0 llc 1
llc_src_sleep_foam 1581068526123 376 215 touchstart 77 92 78.309036254883 78.309036254883 0 llc 1
llc_src_sleep_foam 1581068526146 376 215 touchend 77 92 78.309036254883 78.309036254883 0 llc 1
llc_src_sleep_foam 1581068526368 376 215 touchstart 140 27 78.309036254883 78.309036254883 0 llc 1
llc_src_sleep_foam 1581068526376 376 215 touchend 140 27 78.309036254883 78.309036254883 0 llc 1
llc_src_sleep_foam 1581068527143 376 215 touchstart 77 96 78.309036254883 78.309036254883 0 llc 1
llc_src_sleep_foam 1581068527230 376 215 touchmove 79 91 78.309036254883 78.309036254883 0 llc 1
llc_src_sleep_foam 1581068527247 376 215 touchmove 92 67 78.309036254883 78.309036254883 0 llc 1
llc_src_sleep_foam 1581068527264 376 215 touchmove 97 60 78.309036254883 78.309036254883 0 llc 1
llc_src_sleep_foam 1581068527280 376 215 touchmove 107 47 78.309036254883 78.309036254883 0 llc 1
llc_src_sleep_foam 1581068527296 376 215 touchmove 117 35 78.309036254883 78.309036254883 0 llc 1
llc_src_sleep_foam 1581068527314 376 215 touchmove 124 24 78.309036254883 78.309036254883 0 llc 1
llc_src_sleep_foam 1581068527331 376 215 touchmove 131 13 78.309036254883 78.309036254883 0 llc 1
llc_src_sleep_foam 1581068527348 376 215 touchmove 135 9 78.309036254883 78.309036254883 0 llc 1
llc_src_sleep_foam 1581068527368 376 215 touchmove 142 1 78.309036254883 78.309036254883 0 llc 1
llc_src_sleep_foam 1581068527381 376 215 touchmove 149 -6 78.309036254883 78.309036254883 0 llc 1
llc_src_sleep_foam 1581068527401 376 215 touchmove 153 -11 78.309036254883 78.309036254883 0 llc 1
llc_src_sleep_foam 1581068527414 376 215 touchmove 155 -13 78.309036254883 78.309036254883 0 llc 1
llc_src_sleep_foam 1581068527431 376 215 touchmove 157 -16 78.309036254883 78.309036254883 0 llc 1
llc_src_sleep_foam 1581068527448 376 215 touchmove 159 -16 78.309036254883 78.309036254883 0 llc 1
llc_src_sleep_foam 1581068527465 376 215 touchmove 160 -17 78.309036254883 78.309036254883 0 llc 1
llc_src_sleep_foam 1581068527482 376 215 touchmove 160 -17 78.309036254883 78.309036254883 0 llc 1
llc_src_sleep_foam 1581068527498 376 215 touchmove 161 -17 78.309036254883 78.309036254883 0 llc 1
llc_src_sleep_foam 1581068527516 376 215 touchmove 162 -17 78.309036254883 78.309036254883 0 llc 1
llc_src_sleep_foam 1581068527565 376 215 touchmove 162 -16 78.309036254883 78.309036254883 0 llc 1
llc_src_sleep_foam 1581068527582 376 215 touchmove 161 -12 78.309036254883 78.309036254883 0 llc 1
llc_src_sleep_foam 1581068527599 376 215 touchmove 160 -6 78.309036254883 78.309036254883 0 llc 1
llc_src_sleep_foam 1581068527617 376 215 touchmove 160 -2 78.309036254883 78.309036254883 0 llc 1
llc_src_sleep_foam 1581068527633 376 215 touchmove 159 9 78.309036254883 78.309036254883 0 llc 1
llc_src_sleep_foam 1581068527653 376 215 touchmove 159 21 78.309036254883 78.309036254883 0 llc 1
llc_src_sleep_foam 1581068527669 376 215 touchmove 159 35 78.309036254883 78.309036254883 0 llc 1
llc_src_sleep_foam 1581068527687 376 215 touchmove 160 53 78.309036254883 78.309036254883 0 llc 1
llc_src_sleep_foam 1581068527701 376 215 touchmove 160 61 78.309036254883 78.309036254883 0 llc 1
llc_src_sleep_foam 1581068527717 376 215 touchmove 160 78 78.309036254883 78.309036254883 0 llc 1
llc_src_sleep_foam 1581068527734 376 215 touchmove 162 92 78.309036254883 78.309036254883 0 llc 1
llc_src_sleep_foam 1581068527752 376 215 touchmove 162 98 78.309036254883 78.309036254883 0 llc 1
llc_src_sleep_foam 1581068527768 376 215 touchmove 163 109 78.309036254883 78.309036254883 0 llc 1
llc_src_sleep_foam 1581068527784 376 215 touchmove 163 118 78.309036254883 78.309036254883 0 llc 1
llc_src_sleep_foam 1581068527801 376 215 touchmove 163 125 78.309036254883 78.309036254883 0 llc 1
llc_src_sleep_foam 1581068527818 376 215 touchmove 163 132 78.309036254883 78.309036254883 0 llc 1
llc_src_sleep_foam 1581068527835 376 215 touchmove 163 135 78.309036254883 78.309036254883 0 llc 1
llc_src_sleep_foam 1581068527851 376 215 touchmove 163 139 78.309036254883 78.309036254883 0 llc 1
llc_src_sleep_foam 1581068527868 376 215 touchmove 163 145 78.309036254883 78.309036254883 0 llc 1
llc_src_sleep_foam 1581068527884 376 215 touchmove 163 149 78.309036254883 78.309036254883 0 llc 1
llc_src_sleep_foam 1581068527886 376 215 touchend 163 149 78.309036254883 78.309036254883 0 llc 1
llc_src_sleep_foam 1581068528479 376 215 touchstart 189 151 78.309036254883 78.309036254883 0 llc 1
llc_src_sleep_foam 1581068528504 376 215 touchmove 194 132 78.309036254883 78.309036254883 0 llc 1
llc_src_sleep_foam 1581068528524 376 215 touchmove 210 99 78.309036254883 78.309036254883 0 llc 1
llc_src_sleep_foam 1581068528540 376 215 touchmove 218 81 78.309036254883 78.309036254883 0 llc 1
llc_src_sleep_foam 1581068528557 376 215 touchmove 236 49 78.309036254883 78.309036254883 0 llc 1
llc_src_sleep_foam 1581068528573 376 215 touchmove 252 23 78.309036254883 78.309036254883 0 llc 1
llc_src_sleep_foam 1581068528590 376 215 touchmove 258 14 78.309036254883 78.309036254883 0 llc 1
llc_src_sleep_foam 1581068528607 376 215 touchmove 267 2 78.309036254883 78.309036254883 0 llc 1
llc_src_sleep_foam 1581068528624 376 215 touchmove 272 -5 78.309036254883 78.309036254883 0 llc 1
llc_src_sleep_foam 1581068528643 376 215 touchmove 276 -9 78.309036254883 78.309036254883 0 llc 1
llc_src_sleep_foam 1581068528662 376 215 touchmove 276 -9 78.309036254883 78.309036254883 0 llc 1
llc_src_sleep_foam 1581068528675 376 215 touchmove 278 -10 78.309036254883 78.309036254883 0 llc 1
llc_src_sleep_foam 1581068528691 376 215 touchmove 279 -5 78.309036254883 78.309036254883 0 llc 1
llc_src_sleep_foam 1581068528708 376 215 touchmove 277 15 78.309036254883 78.309036254883 0 llc 1
llc_src_sleep_foam 1581068528725 376 215 touchmove 267 49 78.309036254883 78.309036254883 0 llc 1
llc_src_sleep_foam 1581068528742 376 215 touchmove 258 71 78.309036254883 78.309036254883 0 llc 1
llc_src_sleep_foam 1581068528758 376 215 touchmove 240 116 78.309036254883 78.309036254883 0 llc 1
llc_src_sleep_foam 1581068528775 376 215 touchmove 217 166 78.309036254883 78.309036254883 0 llc 1
llc_src_sleep_foam 1581068528792 376 215 touchmove 207 193 78.309036254883 78.309036254883 0 llc 1
llc_src_sleep_foam 1581068528809 376 215 touchmove 203 201 78.309036254883 78.309036254883 0 llc 1
llc_src_sleep_foam 1581068528825 376 215 touchmove 198 215 78.309036254883 78.309036254883 0 llc 1
llc_src_sleep_foam 1581068528842 376 215 touchmove 193 233 78.309036254883 78.309036254883 0 llc 1
llc_src_sleep_foam 1581068528857 376 215 touchmove 184 256 78.309036254883 78.309036254883 0 llc 1
llc_src_sleep_foam 1581068528859 376 215 touchend 184 256 78.309036254883 78.309036254883 0 llc 1
llc_src_sleep_foam 1581068529943 376 215 touchstart 83 86 78.309036254883 78.309036254883 0 llc 1
llc_src_sleep_foam 1581068529980 376 215 touchmove 92 86 78.309036254883 78.309036254883 0 llc 1
llc_src_sleep_foam 1581068530001 376 215 touchmove 112 86 78.309036254883 78.309036254883 0 llc 1
llc_src_sleep_foam 1581068530018 376 215 touchmove 143 86 78.309036254883 78.309036254883 0 llc 1
llc_src_sleep_foam 1581068530034 376 215 touchmove 179 86 78.309036254883 78.309036254883 0 llc 1
llc_src_sleep_foam 1581068530051 376 215 touchmove 200 86 78.309036254883 78.309036254883 0 llc 1
llc_src_sleep_foam 1581068530069 376 215 touchmove 246 86 78.309036254883 78.309036254883 0 llc 1
llc_src_sleep_foam 1581068530085 376 215 touchmove 276 86 78.309036254883 78.309036254883 0 llc 1
llc_src_sleep_foam 1581068530102 376 215 touchmove 296 86 78.309036254883 78.309036254883 0 llc 1
llc_src_sleep_foam 1581068530118 376 215 touchmove 308 86 78.309036254883 78.309036254883 0 llc 1
llc_src_sleep_foam 1581068530136 376 215 touchmove 312 86 78.309036254883 78.309036254883 0 llc 1
llc_src_sleep_foam 1581068530152 376 215 touchmove 319 86 78.309036254883 78.309036254883 0 llc 1
llc_src_sleep_foam 1581068530169 376 215 touchmove 324 83 78.309036254883 78.309036254883 0 llc 1
llc_src_sleep_foam 1581068530185 376 215 touchmove 327 82 78.309036254883 78.309036254883 0 llc 1
llc_src_sleep_foam 1581068530203 376 215 touchmove 328 80 78.309036254883 78.309036254883 0 llc 1
llc_src_sleep_foam 1581068530219 376 215 touchmove 329 77 78.309036254883 78.309036254883 0 llc 1
llc_src_sleep_foam 1581068530236 376 215 touchmove 327 71 78.309036254883 78.309036254883 0 llc 1
llc_src_sleep_foam 1581068530253 376 215 touchmove 318 63 78.309036254883 78.309036254883 0 llc 1
llc_src_sleep_foam 1581068530306 376 215 touchmove 310 58 78.309036254883 78.309036254883 0 llc 1
llc_src_sleep_foam 1581068530321 376 215 touchmove 240 51 78.309036254883 78.309036254883 0 llc 1
llc_src_sleep_foam 1581068530338 376 215 touchmove 227 49 78.309036254883 78.309036254883 0 llc 1
llc_src_sleep_foam 1581068530354 376 215 touchmove 204 45 78.309036254883 78.309036254883 0 llc 1
llc_src_sleep_foam 1581068530371 376 215 touchmove 186 42 78.309036254883 78.309036254883 0 llc 1
llc_src_sleep_foam 1581068530387 376 215 touchmove 171 42 78.309036254883 78.309036254883 0 llc 1
llc_src_sleep_foam 1581068530405 376 215 touchmove 159 42 78.309036254883 78.309036254883 0 llc 1
llc_src_sleep_foam 1581068530421 376 215 touchmove 153 42 78.309036254883 78.309036254883 0 llc 1
llc_src_sleep_foam 1581068530437 376 215 touchmove 143 42 78.309036254883 78.309036254883 0 llc 1
llc_src_sleep_foam 1581068530454 376 215 touchmove 135 42 78.309036254883 78.309036254883 0 llc 1
llc_src_sleep_foam 1581068530471 376 215 touchmove 131 42 78.309036254883 78.309036254883 0 llc 1
llc_src_sleep_foam 1581068530488 376 215 touchmove 125 42 78.309036254883 78.309036254883 0 llc 1
llc_src_sleep_foam 1581068530504 376 215 touchmove 123 42 78.309036254883 78.309036254883 0 llc 1
llc_src_sleep_foam 1581068530521 376 215 touchmove 122 42 78.309036254883 78.309036254883 0 llc 1
llc_src_sleep_foam 1581068530541 376 215 touchmove 123 42 78.309036254883 78.309036254883 0 llc 1
llc_src_sleep_foam 1581068530555 376 215 touchmove 135 42 78.309036254883 78.309036254883 0 llc 1
llc_src_sleep_foam 1581068530572 376 215 touchmove 181 34 78.309036254883 78.309036254883 0 llc 1
llc_src_sleep_foam 1581068530588 376 215 touchmove 252 20 78.309036254883 78.309036254883 0 llc 1
llc_src_sleep_foam 1581068530605 376 215 touchmove 296 14 78.309036254883 78.309036254883 0 llc 1
llc_src_sleep_foam 1581068530622 376 215 touchmove 312 13 78.309036254883 78.309036254883 0 llc 1
llc_src_sleep_foam 1581068530639 376 215 touchmove 333 11 78.309036254883 78.309036254883 0 llc 1
llc_src_sleep_foam 1581068530656 376 215 touchmove 345 11 78.309036254883 78.309036254883 0 llc 1
llc_src_sleep_foam 1581068530673 376 215 touchmove 352 11 78.309036254883 78.309036254883 0 llc 1
llc_src_sleep_foam 1581068530689 376 215 touchmove 355 11 78.309036254883 78.309036254883 0 llc 1
llc_src_sleep_foam 1581068530706 376 215 touchmove 358 11 78.309036254883 78.309036254883 0 llc 1
llc_src_sleep_foam 1581068530723 376 215 touchmove 360 11 78.309036254883 78.309036254883 0 llc 1
llc_src_sleep_foam 1581068530739 376 215 touchmove 361 11 78.309036254883 78.309036254883 0 llc 1
llc_src_sleep_foam 1581068530742 376 215 touchend 361 11 78.309036254883 78.309036254883 0 llc 1
llc_src_sleep_foam 1581068536234 376 215 touchstart 73 99 78.309036254883 78.309036254883 0 llc 1
llc_src_sleep_foam 1581068536332 376 215 touchmove 85 81 78.309036254883 78.309036254883 0 llc 1
llc_src_sleep_foam 1581068536349 376 215 touchmove 94 70 78.309036254883 78.309036254883 0 llc 1
llc_src_sleep_foam 1581068536366 376 215 touchmove 104 62 78.309036254883 78.309036254883 0 llc 1
llc_src_sleep_foam 1581068536383 376 215 touchmove 113 53 78.309036254883 78.309036254883 0 llc 1
llc_src_sleep_foam 1581068536399 376 215 touchmove 117 48 78.309036254883 78.309036254883 0 llc 1
llc_src_sleep_foam 1581068536416 376 215 touchmove 124 39 78.309036254883 78.309036254883 0 llc 1
llc_src_sleep_foam 1581068536433 376 215 touchmove 129 33 78.309036254883 78.309036254883 0 llc 1
llc_src_sleep_foam 1581068536450 376 215 touchmove 133 28 78.309036254883 78.309036254883 0 llc 1
llc_src_sleep_foam 1581068536469 376 215 touchmove 135 26 78.309036254883 78.309036254883 0 llc 1
llc_src_sleep_foam 1581068536483 376 215 touchmove 137 24 78.309036254883 78.309036254883 0 llc 1
llc_src_sleep_foam 1581068536500 376 215 touchmove 139 22 78.309036254883 78.309036254883 0 llc 1
llc_src_sleep_foam 1581068536517 376 215 touchmove 139 20 78.309036254883 78.309036254883 0 llc 1
llc_src_sleep_foam 1581068536535 376 215 touchmove 140 20 78.309036254883 78.309036254883 0 llc 1
llc_src_sleep_foam 1581068536563 376 215 touchmove 141 21 78.309036254883 78.309036254883 0 llc 1
llc_src_sleep_foam 1581068536585 376 215 touchmove 142 24 78.309036254883 78.309036254883 0 llc 1
llc_src_sleep_foam 1581068536601 376 215 touchmove 143 27 78.309036254883 78.309036254883 0 llc 1
llc_src_sleep_foam 1581068536617 376 215 touchmove 144 38 78.309036254883 78.309036254883 0 llc 1
llc_src_sleep_foam 1581068536634 376 215 touchmove 144 56 78.309036254883 78.309036254883 0 llc 1
llc_src_sleep_foam 1581068536651 376 215 touchmove 143 74 78.309036254883 78.309036254883 0 llc 1
llc_src_sleep_foam 1581068536668 376 215 touchmove 143 84 78.309036254883 78.309036254883 0 llc 1
llc_src_sleep_foam 1581068536685 376 215 touchmove 142 103 78.309036254883 78.309036254883 0 llc 1
llc_src_sleep_foam 1581068536701 376 215 touchmove 142 120 78.309036254883 78.309036254883 0 llc 1
llc_src_sleep_foam 1581068536718 376 215 touchmove 142 134 78.309036254883 78.309036254883 0 llc 1
llc_src_sleep_foam 1581068536736 376 215 touchmove 142 141 78.309036254883 78.309036254883 0 llc 1
llc_src_sleep_foam 1581068536751 376 215 touchmove 142 151 78.309036254883 78.309036254883 0 llc 1
llc_src_sleep_foam 1581068536768 376 215 touchmove 142 160 78.309036254883 78.309036254883 0 llc 1
llc_src_sleep_foam 1581068536786 376 215 touchmove 142 165 78.309036254883 78.309036254883 0 llc 1
llc_src_sleep_foam 1581068536802 376 215 touchmove 142 167 78.309036254883 78.309036254883 0 llc 1
llc_src_sleep_foam 1581068536821 376 215 touchmove 142 170 78.309036254883 78.309036254883 0 llc 1
llc_src_sleep_foam 1581068536829 376 215 touchend 142 170 78.309036254883 78.309036254883 0 llc 1
llc_src_sleep_foam 1581068538056 376 215 touchstart 73 82 78.309036254883 78.309036254883 0 llc 1
llc_src_sleep_foam 1581068538145 376 215 touchmove 83 73 78.309036254883 78.309036254883 0 llc 1
llc_src_sleep_foam 1581068538162 376 215 touchmove 99 61 78.309036254883 78.309036254883 0 llc 1
llc_src_sleep_foam 1581068538178 376 215 touchmove 111 49 78.309036254883 78.309036254883 0 llc 1
llc_src_sleep_foam 1581068538197 376 215 touchmove 122 38 78.309036254883 78.309036254883 0 llc 1
llc_src_sleep_foam 1581068538213 376 215 touchmove 126 33 78.309036254883 78.309036254883 0 llc 1
llc_src_sleep_foam 1581068538230 376 215 touchmove 135 24 78.309036254883 78.309036254883 0 llc 1
llc_src_sleep_foam 1581068538246 376 215 touchmove 139 17 78.309036254883 78.309036254883 0 llc 1
llc_src_sleep_foam 1581068538264 376 215 touchmove 143 13 78.309036254883 78.309036254883 0 llc 1
llc_src_sleep_foam 1581068538280 376 215 touchmove 145 12 78.309036254883 78.309036254883 0 llc 1
llc_src_sleep_foam 1581068538297 376 215 touchmove 146 9 78.309036254883 78.309036254883 0 llc 1
llc_src_sleep_foam 1581068538314 376 215 touchmove 147 9 78.309036254883 78.309036254883 0 llc 1
llc_src_sleep_foam 1581068538331 376 215 touchmove 148 9 78.309036254883 78.309036254883 0 llc 1
llc_src_sleep_foam 1581068538349 376 215 touchmove 149 9 78.309036254883 78.309036254883 0 llc 1
llc_src_sleep_foam 1581068538364 376 215 touchmove 149 11 78.309036254883 78.309036254883 0 llc 1
llc_src_sleep_foam 1581068538381 376 215 touchmove 150 16 78.309036254883 78.309036254883 0 llc 1
llc_src_sleep_foam 1581068538398 376 215 touchmove 151 27 78.309036254883 78.309036254883 0 llc 1
llc_src_sleep_foam 1581068538415 376 215 touchmove 151 33 78.309036254883 78.309036254883 0 llc 1
llc_src_sleep_foam 1581068538431 376 215 touchmove 152 50 78.309036254883 78.309036254883 0 llc 1
llc_src_sleep_foam 1581068538449 376 215 touchmove 152 70 78.309036254883 78.309036254883 0 llc 1
llc_src_sleep_foam 1581068538464 376 215 touchmove 152 90 78.309036254883 78.309036254883 0 llc 1
llc_src_sleep_foam 1581068538482 376 215 touchmove 152 101 78.309036254883 78.309036254883 0 llc 1
llc_src_sleep_foam 1581068538499 376 215 touchmove 152 123 78.309036254883 78.309036254883 0 llc 1
llc_src_sleep_foam 1581068538515 376 215 touchmove 152 144 78.309036254883 78.309036254883 0 llc 1
llc_src_sleep_foam 1581068538532 376 215 touchmove 152 163 78.309036254883 78.309036254883 0 llc 1
llc_src_sleep_foam 1581068538549 376 215 touchmove 152 172 78.309036254883 78.309036254883 0 llc 1
llc_src_sleep_foam 1581068538565 376 215 touchmove 152 185 78.309036254883 78.309036254883 0 llc 1
llc_src_sleep_foam 1581068538582 376 215 touchmove 152 209 78.309036254883 78.309036254883 0 llc 1
llc_src_sleep_foam 1581068538596 376 215 touchmove 152 246 78.309036254883 78.309036254883 0 llc 1
llc_src_sleep_foam 1581068538599 376 215 touchend 152 246 78.309036254883 78.309036254883 0 llc 1
