sentence timestamp keyb_width keyb_height event x_pos y_pos x_radius y_radius angle word is_err
laboratory_geely_steve_voters 1581429736296 360 205 touchstart 327 84 1.7481791973114 1.7481791973114 0 laboratory 0
laboratory_geely_steve_voters 1581429736363 360 205 touchmove 327 84 1.9979190826416 1.9979190826416 0 laboratory 0
laboratory_geely_steve_voters 1581429736413 360 205 touchmove 326 84 2.2476589679718 2.2476589679718 0 laboratory 0
laboratory_geely_steve_voters 1581429736431 360 205 touchmove 322 84 1.9979190826416 1.9979190826416 0 laboratory 0
laboratory_geely_steve_voters 1581429736448 360 205 touchmove 318 84 1.9979190826416 1.9979190826416 0 laboratory 0
laboratory_geely_steve_voters 1581429736464 360 205 touchmove 304 84 2.2476589679718 2.2476589679718 0 laboratory 0
laboratory_geely_steve_voters 1581429736480 360 205 touchmove 300 83 2.2476589679718 2.2476589679718 0 laboratory 0
laboratory_geely_steve_voters 1581429736497 360 205 touchmove 292 83 1.9979190826416 1.9979190826416 0 laboratory 0
laboratory_geely_steve_voters 1581429736514 360 205 touchmove 284 83 2.2476589679718 2.2476589679718 0 laboratory 0
laboratory_geely_steve_voters 1581429736530 360 205 touchmove 274 83 2.7471387386322 2.7471387386322 0 laboratory 0
laboratory_geely_steve_voters 1581429736547 360 205 touchmove 264 83 2.2476589679718 2.2476589679718 0 laboratory 0
laboratory_geely_steve_voters 1581429736564 360 205 touchmove 245 82 2.497398853302 2.497398853302 0 laboratory 0
laboratory_geely_steve_voters 1581429736581 360 205 touchmove 231 81 2.2476589679718 2.2476589679718 0 laboratory 0
laboratory_geely_steve_voters 1581429736605 360 205 touchmove 216 80 2.7471387386322 2.7471387386322 0 laboratory 0
laboratory_geely_steve_voters 1581429736615 360 205 touchmove 201 79 2.7471387386322 2.7471387386322 0 laboratory 0
laboratory_geely_steve_voters 1581429736631 360 205 touchmove 185 79 2.497398853302 2.497398853302 0 laboratory 0
laboratory_geely_steve_voters 1581429736648 360 205 touchmove 170 79 2.497398853302 2.497398853302 0 laboratory 0
laboratory_geely_steve_voters 1581429736665 360 205 touchmove 162 80 1.9979190826416 1.9979190826416 0 laboratory 0
laboratory_geely_steve_voters 1581429736686 360 205 touchmove 148 80 2.497398853302 2.497398853302 0 laboratory 0
laboratory_geely_steve_voters 1581429736700 360 205 touchmove 127 82 2.2476589679718 2.2476589679718 0 laboratory 0
laboratory_geely_steve_voters 1581429736715 360 205 touchmove 121 82 2.2476589679718 2.2476589679718 0 laboratory 0
laboratory_geely_steve_voters 1581429736732 360 205 touchmove 110 82 2.7471387386322 2.7471387386322 0 laboratory 0
laboratory_geely_steve_voters 1581429736750 360 205 touchmove 105 83 2.2476589679718 2.2476589679718 0 laboratory 0
laboratory_geely_steve_voters 1581429736765 360 205 touchmove 96 84 2.2476589679718 2.2476589679718 0 laboratory 0
laboratory_geely_steve_voters 1581429736782 360 205 touchmove 91 84 2.9968786239624 2.9968786239624 0 laboratory 0
laboratory_geely_steve_voters 1581429736798 360 205 touchmove 86 85 2.2476589679718 2.2476589679718 0 laboratory 0
laboratory_geely_steve_voters 1581429736816 360 205 touchmove 74 85 2.497398853302 2.497398853302 0 laboratory 0
laboratory_geely_steve_voters 1581429736833 360 205 touchmove 68 85 2.497398853302 2.497398853302 0 laboratory 0
laboratory_geely_steve_voters 1581429736848 360 205 touchmove 64 85 2.7471387386322 2.7471387386322 0 laboratory 0
laboratory_geely_steve_voters 1581429736865 360 205 touchmove 62 85 2.7471387386322 2.7471387386322 0 laboratory 0
laboratory_geely_steve_voters 1581429736883 360 205 touchmove 57 85 2.497398853302 2.497398853302 0 laboratory 0
laboratory_geely_steve_voters 1581429736899 360 205 touchmove 55 85 2.2476589679718 2.2476589679718 0 laboratory 0
laboratory_geely_steve_voters 1581429736916 360 205 touchmove 52 85 2.497398853302 2.497398853302 0 laboratory 0
laboratory_geely_steve_voters 1581429736932 360 205 touchmove 51 85 2.497398853302 2.497398853302 0 laboratory 0
laboratory_geely_steve_voters 1581429736949 360 205 touchmove 47 84 2.7471387386322 2.7471387386322 0 laboratory 0
laboratory_geely_steve_voters 1581429736965 360 205 touchmove 46 84 2.7471387386322 2.7471387386322 0 laboratory 0
laboratory_geely_steve_voters 1581429736983 360 205 touchmove 45 83 2.7471387386322 2.7471387386322 0 laboratory 0
laboratory_geely_steve_voters 1581429736999 360 205 touchmove 44 83 2.497398853302 2.497398853302 0 laboratory 0
laboratory_geely_steve_voters 1581429737048 360 205 touchmove 45 84 2.2476589679718 2.2476589679718 0 laboratory 0
laboratory_geely_steve_voters 1581429737065 360 205 touchmove 48 86 3.2466185092926 3.2466185092926 0 laboratory 0
laboratory_geely_steve_voters 1581429737084 360 205 touchmove 60 90 2.9968786239624 2.9968786239624 0 laboratory 0
laboratory_geely_steve_voters 1581429737101 360 205 touchmove 70 91 2.7471387386322 2.7471387386322 0 laboratory 0
laboratory_geely_steve_voters 1581429737116 360 205 touchmove 84 91 2.7471387386322 2.7471387386322 0 laboratory 0
laboratory_geely_steve_voters 1581429737136 360 205 touchmove 99 91 2.7471387386322 2.7471387386322 0 laboratory 0
laboratory_geely_steve_voters 1581429737150 360 205 touchmove 106 92 2.9968786239624 2.9968786239624 0 laboratory 0
laboratory_geely_steve_voters 1581429737166 360 205 touchmove 124 94 3.2466185092926 3.2466185092926 0 laboratory 0
laboratory_geely_steve_voters 1581429737182 360 205 touchmove 135 96 3.2466185092926 3.2466185092926 0 laboratory 0
laboratory_geely_steve_voters 1581429737201 360 205 touchmove 143 98 2.2476589679718 2.2476589679718 0 laboratory 0
laboratory_geely_steve_voters 1581429737216 360 205 touchmove 147 100 2.497398853302 2.497398853302 0 laboratory 0
laboratory_geely_steve_voters 1581429737233 360 205 touchmove 156 104 2.497398853302 2.497398853302 0 laboratory 0
laboratory_geely_steve_voters 1581429737250 360 205 touchmove 160 106 2.497398853302 2.497398853302 0 laboratory 0
laboratory_geely_steve_voters 1581429737267 360 205 touchmove 165 107 2.2476589679718 2.2476589679718 0 laboratory 0
laboratory_geely_steve_voters 1581429737283 360 205 touchmove 167 108 2.7471387386322 2.7471387386322 0 laboratory 0
laboratory_geely_steve_voters 1581429737301 360 205 touchmove 174 111 2.9968786239624 2.9968786239624 0 laboratory 0
laboratory_geely_steve_voters 1581429737318 360 205 touchmove 177 112 2.9968786239624 2.9968786239624 0 laboratory 0
laboratory_geely_steve_voters 1581429737336 360 205 touchmove 179 113 3.2466185092926 3.2466185092926 0 laboratory 0
laboratory_geely_steve_voters 1581429737353 360 205 touchmove 180 113 3.2466185092926 3.2466185092926 0 laboratory 0
laboratory_geely_steve_voters 1581429737367 360 205 touchmove 182 114 3.4963583946228 3.4963583946228 0 laboratory 0
laboratory_geely_steve_voters 1581429737384 360 205 touchmove 183 114 3.4963583946228 3.4963583946228 0 laboratory 0
laboratory_geely_steve_voters 1581429737400 360 205 touchmove 184 114 3.4963583946228 3.4963583946228 0 laboratory 0
laboratory_geely_steve_voters 1581429737416 360 205 touchmove 184 114 3.4963583946228 3.4963583946228 0 laboratory 0
laboratory_geely_steve_voters 1581429737433 360 205 touchmove 184 114 3.4963583946228 3.4963583946228 0 laboratory 0
laboratory_geely_steve_voters 1581429737500 360 205 touchmove 184 115 2.9968786239624 2.9968786239624 0 laboratory 0
laboratory_geely_steve_voters 1581429737517 360 205 touchmove 184 116 3.4963583946228 3.4963583946228 0 laboratory 0
laboratory_geely_steve_voters 1581429737533 360 205 touchmove 184 116 3.4963583946228 3.4963583946228 0 laboratory 0
laboratory_geely_steve_voters 1581429737551 360 205 touchmove 184 116 2.9968786239624 2.9968786239624 0 laboratory 0
laboratory_geely_steve_voters 1581429737569 360 205 touchmove 184 116 2.9968786239624 2.9968786239624 0 laboratory 0
laboratory_geely_steve_voters 1581429737633 360 205 touchmove 184 116 2.9968786239624 2.9968786239624 0 laboratory 0
laboratory_geely_steve_voters 1581429737700 360 205 touchmove 184 117 2.9968786239624 2.9968786239624 0 laboratory 0
laboratory_geely_steve_voters 1581429737717 360 205 touchmove 184 117 2.9968786239624 2.9968786239624 0 laboratory 0
laboratory_geely_steve_voters 1581429737734 360 205 touchmove 184 118 2.9968786239624 2.9968786239624 0 laboratory 0
laboratory_geely_steve_voters 1581429737784 360 205 touchmove 184 118 3.2466185092926 3.2466185092926 0 laboratory 0
laboratory_geely_steve_voters 1581429737800 360 205 touchmove 184 118 2.9968786239624 2.9968786239624 0 laboratory 0
laboratory_geely_steve_voters 1581429737867 360 205 touchmove 183 118 2.9968786239624 2.9968786239624 0 laboratory 0
laboratory_geely_steve_voters 1581429737885 360 205 touchmove 183 119 2.9968786239624 2.9968786239624 0 laboratory 0
laboratory_geely_steve_voters 1581429737902 360 205 touchmove 183 119 2.7471387386322 2.7471387386322 0 laboratory 0
laboratory_geely_steve_voters 1581429737918 360 205 touchmove 183 119 2.9968786239624 2.9968786239624 0 laboratory 0
laboratory_geely_steve_voters 1581429737935 360 205 touchmove 183 120 2.9968786239624 2.9968786239624 0 laboratory 0
laboratory_geely_steve_voters 1581429737951 360 205 touchmove 183 120 3.2466185092926 3.2466185092926 0 laboratory 0
laboratory_geely_steve_voters 1581429737967 360 205 touchmove 183 120 2.9968786239624 2.9968786239624 0 laboratory 0
laboratory_geely_steve_voters 1581429737985 360 205 touchmove 183 120 2.7471387386322 2.7471387386322 0 laboratory 0
laboratory_geely_steve_voters 1581429738002 360 205 touchmove 183 120 3.2466185092926 3.2466185092926 0 laboratory 0
laboratory_geely_steve_voters 1581429738018 360 205 touchmove 183 120 3.2466185092926 3.2466185092926 0 laboratory 0
laboratory_geely_steve_voters 1581429738034 360 205 touchmove 183 120 2.9968786239624 2.9968786239624 0 laboratory 0
laboratory_geely_steve_voters 1581429738085 360 205 touchmove 183 120 2.9968786239624 2.9968786239624 0 laboratory 0
laboratory_geely_steve_voters 1581429738103 360 205 touchmove 183 120 2.7471387386322 2.7471387386322 0 laboratory 0
laboratory_geely_steve_voters 1581429738118 360 205 touchmove 183 120 2.9968786239624 2.9968786239624 0 laboratory 0
laboratory_geely_steve_voters 1581429738137 360 205 touchmove 183 120 3.2466185092926 3.2466185092926 0 laboratory 0
laboratory_geely_steve_voters 1581429738153 360 205 touchmove 183 120 2.9968786239624 2.9968786239624 0 laboratory 0
laboratory_geely_steve_voters 1581429738170 360 205 touchmove 183 120 2.9968786239624 2.9968786239624 0 laboratory 0
laboratory_geely_steve_voters 1581429738185 360 205 touchmove 183 120 3.2466185092926 3.2466185092926 0 laboratory 0
laboratory_geely_steve_voters 1581429738203 360 205 touchmove 183 120 2.9968786239624 2.9968786239624 0 laboratory 0
laboratory_geely_steve_voters 1581429738220 360 205 touchmove 183 120 2.9968786239624 2.9968786239624 0 laboratory 0
laboratory_geely_steve_voters 1581429738235 360 205 touchmove 183 120 2.7471387386322 2.7471387386322 0 laboratory 0
laboratory_geely_steve_voters 1581429738252 360 205 touchmove 183 120 3.2466185092926 3.2466185092926 0 laboratory 0
laboratory_geely_steve_voters 1581429738268 360 205 touchmove 183 120 2.9968786239624 2.9968786239624 0 laboratory 0
laboratory_geely_steve_voters 1581429738285 360 205 touchmove 183 120 3.2466185092926 3.2466185092926 0 laboratory 0
laboratory_geely_steve_voters 1581429738305 360 205 touchmove 183 120 2.7471387386322 2.7471387386322 0 laboratory 0
laboratory_geely_steve_voters 1581429738319 360 205 touchmove 183 120 2.9968786239624 2.9968786239624 0 laboratory 0
laboratory_geely_steve_voters 1581429738336 360 205 touchmove 183 120 2.7471387386322 2.7471387386322 0 laboratory 0
laboratory_geely_steve_voters 1581429738352 360 205 touchmove 183 120 2.9968786239624 2.9968786239624 0 laboratory 0
laboratory_geely_steve_voters 1581429738368 360 205 touchmove 183 120 3.2466185092926 3.2466185092926 0 laboratory 0
laboratory_geely_steve_voters 1581429738385 360 205 touchmove 183 120 2.9968786239624 2.9968786239624 0 laboratory 0
laboratory_geely_steve_voters 1581429738403 360 205 touchmove 183 120 2.9968786239624 2.9968786239624 0 laboratory 0
laboratory_geely_steve_voters 1581429738419 360 205 touchmove 183 120 2.7471387386322 2.7471387386322 0 laboratory 0
laboratory_geely_steve_voters 1581429738435 360 205 touchmove 183 120 2.9968786239624 2.9968786239624 0 laboratory 0
laboratory_geely_steve_voters 1581429738453 360 205 touchmove 183 121 2.9968786239624 2.9968786239624 0 laboratory 0
laboratory_geely_steve_voters 1581429738470 360 205 touchmove 183 121 2.7471387386322 2.7471387386322 0 laboratory 0
laboratory_geely_steve_voters 1581429738486 360 205 touchmove 183 122 2.7471387386322 2.7471387386322 0 laboratory 0
laboratory_geely_steve_voters 1581429738502 360 205 touchmove 183 123 2.7471387386322 2.7471387386322 0 laboratory 0
laboratory_geely_steve_voters 1581429738527 360 205 touchmove 183 124 2.7471387386322 2.7471387386322 0 laboratory 0
laboratory_geely_steve_voters 1581429738544 360 205 touchmove 183 124 2.7471387386322 2.7471387386322 0 laboratory 0
laboratory_geely_steve_voters 1581429738562 360 205 touchmove 183 124 2.9968786239624 2.9968786239624 0 laboratory 0
laboratory_geely_steve_voters 1581429738572 360 205 touchmove 183 124 2.7471387386322 2.7471387386322 0 laboratory 0
laboratory_geely_steve_voters 1581429738588 360 205 touchmove 183 125 2.7471387386322 2.7471387386322 0 laboratory 0
laboratory_geely_steve_voters 1581429738602 360 205 touchmove 183 125 2.9968786239624 2.9968786239624 0 laboratory 0
laboratory_geely_steve_voters 1581429738620 360 205 touchmove 183 126 2.9968786239624 2.9968786239624 0 laboratory 0
laboratory_geely_steve_voters 1581429738636 360 205 touchmove 183 126 2.9968786239624 2.9968786239624 0 laboratory 0
laboratory_geely_steve_voters 1581429738652 360 205 touchmove 183 127 2.497398853302 2.497398853302 0 laboratory 0
laboratory_geely_steve_voters 1581429738670 360 205 touchmove 183 127 2.7471387386322 2.7471387386322 0 laboratory 0
laboratory_geely_steve_voters 1581429738686 360 205 touchmove 183 128 2.7471387386322 2.7471387386322 0 laboratory 0
laboratory_geely_steve_voters 1581429738704 360 205 touchmove 184 128 2.7471387386322 2.7471387386322 0 laboratory 0
laboratory_geely_steve_voters 1581429738720 360 205 touchmove 184 129 2.7471387386322 2.7471387386322 0 laboratory 0
laboratory_geely_steve_voters 1581429738737 360 205 touchmove 184 129 2.7471387386322 2.7471387386322 0 laboratory 0
laboratory_geely_steve_voters 1581429738754 360 205 touchmove 184 130 2.9968786239624 2.9968786239624 0 laboratory 0
laboratory_geely_steve_voters 1581429738771 360 205 touchmove 185 131 2.9968786239624 2.9968786239624 0 laboratory 0
laboratory_geely_steve_voters 1581429738786 360 205 touchmove 185 132 2.9968786239624 2.9968786239624 0 laboratory 0
laboratory_geely_steve_voters 1581429738804 360 205 touchmove 185 133 2.9968786239624 2.9968786239624 0 laboratory 0
laboratory_geely_steve_voters 1581429738861 360 205 touchmove 185 133 2.497398853302 2.497398853302 0 laboratory 0
laboratory_geely_steve_voters 1581429738870 360 205 touchmove 186 133 2.497398853302 2.497398853302 0 laboratory 0
laboratory_geely_steve_voters 1581429738887 360 205 touchmove 186 133 2.497398853302 2.497398853302 0 laboratory 0
laboratory_geely_steve_voters 1581429738904 360 205 touchmove 188 129 2.7471387386322 2.7471387386322 0 laboratory 0
laboratory_geely_steve_voters 1581429738920 360 205 touchmove 193 121 2.9968786239624 2.9968786239624 0 laboratory 0
laboratory_geely_steve_voters 1581429738936 360 205 touchmove 201 109 2.9968786239624 2.9968786239624 0 laboratory 0
laboratory_geely_steve_voters 1581429738954 360 205 touchmove 206 102 3.9958381652832 3.9958381652832 0 laboratory 0
laboratory_geely_steve_voters 1581429738970 360 205 touchmove 212 94 2.7471387386322 2.7471387386322 0 laboratory 0
laboratory_geely_steve_voters 1581429738987 360 205 touchmove 215 90 2.7471387386322 2.7471387386322 0 laboratory 0
laboratory_geely_steve_voters 1581429739004 360 205 touchmove 227 78 2.7471387386322 2.7471387386322 0 laboratory 0
laboratory_geely_steve_voters 1581429739021 360 205 touchmove 235 70 2.497398853302 2.497398853302 0 laboratory 0
laboratory_geely_steve_voters 1581429739037 360 205 touchmove 241 64 2.2476589679718 2.2476589679718 0 laboratory 0
laboratory_geely_steve_voters 1581429739056 360 205 touchmove 244 61 2.2476589679718 2.2476589679718 0 laboratory 0
laboratory_geely_steve_voters 1581429739071 360 205 touchmove 249 57 3.2466185092926 3.2466185092926 0 laboratory 0
laboratory_geely_steve_voters 1581429739087 360 205 touchmove 257 51 3.2466185092926 3.2466185092926 0 laboratory 0
laboratory_geely_steve_voters 1581429739103 360 205 touchmove 261 48 2.497398853302 2.497398853302 0 laboratory 0
laboratory_geely_steve_voters 1581429739120 360 205 touchmove 263 47 2.2476589679718 2.2476589679718 0 laboratory 0
laboratory_geely_steve_voters 1581429739137 360 205 touchmove 269 43 2.497398853302 2.497398853302 0 laboratory 0
laboratory_geely_steve_voters 1581429739154 360 205 touchmove 273 41 2.497398853302 2.497398853302 0 laboratory 0
laboratory_geely_steve_voters 1581429739170 360 205 touchmove 276 39 2.497398853302 2.497398853302 0 laboratory 0
laboratory_geely_steve_voters 1581429739187 360 205 touchmove 278 38 3.2466185092926 3.2466185092926 0 laboratory 0
laboratory_geely_steve_voters 1581429739204 360 205 touchmove 285 35 2.2476589679718 2.2476589679718 0 laboratory 0
laboratory_geely_steve_voters 1581429739222 360 205 touchmove 287 35 2.2476589679718 2.2476589679718 0 laboratory 0
laboratory_geely_steve_voters 1581429739238 360 205 touchmove 291 33 2.497398853302 2.497398853302 0 laboratory 0
laboratory_geely_steve_voters 1581429739254 360 205 touchmove 295 31 2.9968786239624 2.9968786239624 0 laboratory 0
laboratory_geely_steve_voters 1581429739272 360 205 touchmove 299 29 2.9968786239624 2.9968786239624 0 laboratory 0
laboratory_geely_steve_voters 1581429739289 360 205 touchmove 302 28 2.9968786239624 2.9968786239624 0 laboratory 0
laboratory_geely_steve_voters 1581429739305 360 205 touchmove 305 27 3.2466185092926 3.2466185092926 0 laboratory 0
laboratory_geely_steve_voters 1581429739321 360 205 touchmove 308 26 3.2466185092926 3.2466185092926 0 laboratory 0
laboratory_geely_steve_voters 1581429739339 360 205 touchmove 310 25 3.2466185092926 3.2466185092926 0 laboratory 0
laboratory_geely_steve_voters 1581429739356 360 205 touchmove 311 25 3.4963583946228 3.4963583946228 0 laboratory 0
laboratory_geely_steve_voters 1581429739371 360 205 touchmove 312 25 2.2476589679718 2.2476589679718 0 laboratory 0
laboratory_geely_steve_voters 1581429739389 360 205 touchmove 312 25 1.9979190826416 1.9979190826416 0 laboratory 0
laboratory_geely_steve_voters 1581429739404 360 205 touchmove 312 25 3.4963583946228 3.4963583946228 0 laboratory 0
laboratory_geely_steve_voters 1581429739430 360 205 touchmove 312 24 3.2466185092926 3.2466185092926 0 laboratory 0
laboratory_geely_steve_voters 1581429739440 360 205 touchmove 311 24 3.2466185092926 3.2466185092926 0 laboratory 0
laboratory_geely_steve_voters 1581429739455 360 205 touchmove 310 23 3.4963583946228 3.4963583946228 0 laboratory 0
laboratory_geely_steve_voters 1581429739473 360 205 touchmove 306 22 2.9968786239624 2.9968786239624 0 laboratory 0
laboratory_geely_steve_voters 1581429739490 360 205 touchmove 292 20 3.2466185092926 3.2466185092926 0 laboratory 0
laboratory_geely_steve_voters 1581429739505 360 205 touchmove 286 20 2.9968786239624 2.9968786239624 0 laboratory 0
laboratory_geely_steve_voters 1581429739521 360 205 touchmove 274 20 3.2466185092926 3.2466185092926 0 laboratory 0
laboratory_geely_steve_voters 1581429739539 360 205 touchmove 255 22 3.2466185092926 3.2466185092926 0 laboratory 0
laboratory_geely_steve_voters 1581429739554 360 205 touchmove 242 23 3.2466185092926 3.2466185092926 0 laboratory 0
laboratory_geely_steve_voters 1581429739572 360 205 touchmove 236 24 3.2466185092926 3.2466185092926 0 laboratory 0
laboratory_geely_steve_voters 1581429739589 360 205 touchmove 217 24 3.2466185092926 3.2466185092926 0 laboratory 0
laboratory_geely_steve_voters 1581429739606 360 205 touchmove 205 25 3.746098279953 3.746098279953 0 laboratory 0
laboratory_geely_steve_voters 1581429739666 360 205 touchmove 195 25 3.2466185092926 3.2466185092926 0 laboratory 0
laboratory_geely_steve_voters 1581429739688 360 205 touchmove 160 25 2.2476589679718 2.2476589679718 0 laboratory 0
laboratory_geely_steve_voters 1581429739705 360 205 touchmove 152 25 3.2466185092926 3.2466185092926 0 laboratory 0
laboratory_geely_steve_voters 1581429739729 360 205 touchmove 145 25 3.2466185092926 3.2466185092926 0 laboratory 0
laboratory_geely_steve_voters 1581429739739 360 205 touchmove 137 22 2.2476589679718 2.2476589679718 0 laboratory 0
laboratory_geely_steve_voters 1581429739757 360 205 touchmove 135 21 2.2476589679718 2.2476589679718 0 laboratory 0
laboratory_geely_steve_voters 1581429739774 360 205 touchmove 128 18 2.7471387386322 2.7471387386322 0 laboratory 0
laboratory_geely_steve_voters 1581429739792 360 205 touchmove 126 17 2.7471387386322 2.7471387386322 0 laboratory 0
laboratory_geely_steve_voters 1581429739805 360 205 touchmove 123 15 2.497398853302 2.497398853302 0 laboratory 0
laboratory_geely_steve_voters 1581429739823 360 205 touchmove 121 13 2.7471387386322 2.7471387386322 0 laboratory 0
laboratory_geely_steve_voters 1581429739841 360 205 touchmove 120 12 2.7471387386322 2.7471387386322 0 laboratory 0
laboratory_geely_steve_voters 1581429739855 360 205 touchmove 119 12 2.497398853302 2.497398853302 0 laboratory 0
laboratory_geely_steve_voters 1581429739873 360 205 touchmove 119 12 2.9968786239624 2.9968786239624 0 laboratory 0
laboratory_geely_steve_voters 1581429739889 360 205 touchmove 119 12 2.497398853302 2.497398853302 0 laboratory 0
laboratory_geely_steve_voters 1581429739906 360 205 touchmove 118 12 2.497398853302 2.497398853302 0 laboratory 0
laboratory_geely_steve_voters 1581429739924 360 205 touchmove 114 15 2.7471387386322 2.7471387386322 0 laboratory 0
laboratory_geely_steve_voters 1581429739939 360 205 touchmove 107 22 3.2466185092926 3.2466185092926 0 laboratory 0
laboratory_geely_steve_voters 1581429739958 360 205 touchmove 101 29 2.2476589679718 2.2476589679718 0 laboratory 0
laboratory_geely_steve_voters 1581429739973 360 205 touchmove 94 36 2.497398853302 2.497398853302 0 laboratory 0
laboratory_geely_steve_voters 1581429739989 360 205 touchmove 87 43 2.9968786239624 2.9968786239624 0 laboratory 0
laboratory_geely_steve_voters 1581429740005 360 205 touchmove 80 50 2.2476589679718 2.2476589679718 0 laboratory 0
laboratory_geely_steve_voters 1581429740024 360 205 touchmove 72 57 2.2476589679718 2.2476589679718 0 laboratory 0
laboratory_geely_steve_voters 1581429740040 360 205 touchmove 65 63 3.2466185092926 3.2466185092926 0 laboratory 0
laboratory_geely_steve_voters 1581429740057 360 205 touchmove 59 68 2.9968786239624 2.9968786239624 0 laboratory 0
laboratory_geely_steve_voters 1581429740073 360 205 touchmove 56 70 3.2466185092926 3.2466185092926 0 laboratory 0
laboratory_geely_steve_voters 1581429740091 360 205 touchmove 47 78 2.9968786239624 2.9968786239624 0 laboratory 0
laboratory_geely_steve_voters 1581429740106 360 205 touchmove 45 80 2.497398853302 2.497398853302 0 laboratory 0
laboratory_geely_steve_voters 1581429740123 360 205 touchmove 41 83 2.2476589679718 2.2476589679718 0 laboratory 0
laboratory_geely_steve_voters 1581429740142 360 205 touchmove 36 86 2.497398853302 2.497398853302 0 laboratory 0
laboratory_geely_steve_voters 1581429740157 360 205 touchmove 35 87 2.497398853302 2.497398853302 0 laboratory 0
laboratory_geely_steve_voters 1581429740175 360 205 touchmove 34 90 3.2466185092926 3.2466185092926 0 laboratory 0
laboratory_geely_steve_voters 1581429740189 360 205 touchmove 34 91 2.7471387386322 2.7471387386322 0 laboratory 0
laboratory_geely_steve_voters 1581429740208 360 205 touchmove 37 92 3.2466185092926 3.2466185092926 0 laboratory 0
laboratory_geely_steve_voters 1581429740246 360 205 touchmove 41 94 3.746098279953 3.746098279953 0 laboratory 0
laboratory_geely_steve_voters 1581429740256 360 205 touchmove 45 94 2.9968786239624 2.9968786239624 0 laboratory 0
laboratory_geely_steve_voters 1581429740273 360 205 touchmove 55 90 2.497398853302 2.497398853302 0 laboratory 0
laboratory_geely_steve_voters 1581429740299 360 205 touchmove 69 82 2.9968786239624 2.9968786239624 0 laboratory 0
laboratory_geely_steve_voters 1581429740310 360 205 touchmove 85 73 2.7471387386322 2.7471387386322 0 laboratory 0
laboratory_geely_steve_voters 1581429740323 360 205 touchmove 100 67 2.497398853302 2.497398853302 0 laboratory 0
laboratory_geely_steve_voters 1581429740343 360 205 touchmove 113 61 2.497398853302 2.497398853302 0 laboratory 0
laboratory_geely_steve_voters 1581429740356 360 205 touchmove 125 57 2.9968786239624 2.9968786239624 0 laboratory 0
laboratory_geely_steve_voters 1581429740373 360 205 touchmove 135 52 3.4963583946228 3.4963583946228 0 laboratory 0
laboratory_geely_steve_voters 1581429740391 360 205 touchmove 145 46 2.497398853302 2.497398853302 0 laboratory 0
laboratory_geely_steve_voters 1581429740407 360 205 touchmove 153 40 2.497398853302 2.497398853302 0 laboratory 0
laboratory_geely_steve_voters 1581429740425 360 205 touchmove 158 36 3.2466185092926 3.2466185092926 0 laboratory 0
laboratory_geely_steve_voters 1581429740441 360 205 touchmove 160 34 2.9968786239624 2.9968786239624 0 laboratory 0
laboratory_geely_steve_voters 1581429740457 360 205 touchmove 163 32 2.9968786239624 2.9968786239624 0 laboratory 0
laboratory_geely_steve_voters 1581429740474 360 205 touchmove 163 31 2.9968786239624 2.9968786239624 0 laboratory 0
laboratory_geely_steve_voters 1581429740492 360 205 touchmove 163 30 3.2466185092926 3.2466185092926 0 laboratory 0
laboratory_geely_steve_voters 1581429740507 360 205 touchmove 163 30 3.4963583946228 3.4963583946228 0 laboratory 0
laboratory_geely_steve_voters 1581429740573 360 205 touchmove 163 30 3.2466185092926 3.2466185092926 0 laboratory 0
laboratory_geely_steve_voters 1581429740590 360 205 touchmove 163 30 2.9968786239624 2.9968786239624 0 laboratory 0
laboratory_geely_steve_voters 1581429740608 360 205 touchmove 163 30 3.2466185092926 3.2466185092926 0 laboratory 0
laboratory_geely_steve_voters 1581429740625 360 205 touchmove 164 29 2.9968786239624 2.9968786239624 0 laboratory 0
laboratory_geely_steve_voters 1581429740641 360 205 touchmove 166 28 2.9968786239624 2.9968786239624 0 laboratory 0
laboratory_geely_steve_voters 1581429740657 360 205 touchmove 166 27 2.9968786239624 2.9968786239624 0 laboratory 0
laboratory_geely_steve_voters 1581429740674 360 205 touchmove 168 26 2.9968786239624 2.9968786239624 0 laboratory 0
laboratory_geely_steve_voters 1581429740691 360 205 touchmove 168 26 2.9968786239624 2.9968786239624 0 laboratory 0
laboratory_geely_steve_voters 1581429740707 360 205 touchmove 169 26 2.7471387386322 2.7471387386322 0 laboratory 0
laboratory_geely_steve_voters 1581429740723 360 205 touchmove 170 26 2.9968786239624 2.9968786239624 0 laboratory 0
laboratory_geely_steve_voters 1581429740740 360 205 touchmove 176 26 3.4963583946228 3.4963583946228 0 laboratory 0
laboratory_geely_steve_voters 1581429740758 360 205 touchmove 180 26 3.4963583946228 3.4963583946228 0 laboratory 0
laboratory_geely_steve_voters 1581429740774 360 205 touchmove 185 27 2.7471387386322 2.7471387386322 0 laboratory 0
laboratory_geely_steve_voters 1581429740792 360 205 touchmove 191 28 2.7471387386322 2.7471387386322 0 laboratory 0
laboratory_geely_steve_voters 1581429740808 360 205 touchmove 193 28 2.9968786239624 2.9968786239624 0 laboratory 0
laboratory_geely_steve_voters 1581429740824 360 205 touchmove 201 30 2.497398853302 2.497398853302 0 laboratory 0
laboratory_geely_steve_voters 1581429740840 360 205 touchmove 204 31 2.2476589679718 2.2476589679718 0 laboratory 0
laboratory_geely_steve_voters 1581429740858 360 205 touchmove 211 32 2.497398853302 2.497398853302 0 laboratory 0
laboratory_geely_steve_voters 1581429740876 360 205 touchmove 223 33 2.2476589679718 2.2476589679718 0 laboratory 0
laboratory_geely_steve_voters 1581429740891 360 205 touchmove 227 34 2.497398853302 2.497398853302 0 laboratory 0
laboratory_geely_steve_voters 1581429740907 360 205 touchmove 238 34 2.497398853302 2.497398853302 0 laboratory 0
laboratory_geely_steve_voters 1581429740926 360 205 touchmove 245 35 2.2476589679718 2.2476589679718 0 laboratory 0
laboratory_geely_steve_voters 1581429740941 360 205 touchmove 249 35 2.497398853302 2.497398853302 0 laboratory 0
laboratory_geely_steve_voters 1581429740959 360 205 touchmove 259 35 2.2476589679718 2.2476589679718 0 laboratory 0
laboratory_geely_steve_voters 1581429740975 360 205 touchmove 266 35 2.497398853302 2.497398853302 0 laboratory 0
laboratory_geely_steve_voters 1581429740992 360 205 touchmove 273 35 2.2476589679718 2.2476589679718 0 laboratory 0
laboratory_geely_steve_voters 1581429741009 360 205 touchmove 280 35 2.2476589679718 2.2476589679718 0 laboratory 0
laboratory_geely_steve_voters 1581429741025 360 205 touchmove 284 35 2.2476589679718 2.2476589679718 0 laboratory 0
laboratory_geely_steve_voters 1581429741042 360 205 touchmove 290 35 2.497398853302 2.497398853302 0 laboratory 0
laboratory_geely_steve_voters 1581429741061 360 205 touchmove 295 35 2.2476589679718 2.2476589679718 0 laboratory 0
laboratory_geely_steve_voters 1581429741075 360 205 touchmove 300 35 2.7471387386322 2.7471387386322 0 laboratory 0
laboratory_geely_steve_voters 1581429741093 360 205 touchmove 307 34 2.2476589679718 2.2476589679718 0 laboratory 0
laboratory_geely_steve_voters 1581429741109 360 205 touchmove 311 33 1.9979190826416 1.9979190826416 0 laboratory 0
laboratory_geely_steve_voters 1581429741126 360 205 touchmove 313 32 3.2466185092926 3.2466185092926 0 laboratory 0
laboratory_geely_steve_voters 1581429741143 360 205 touchmove 314 32 3.2466185092926 3.2466185092926 0 laboratory 0
laboratory_geely_steve_voters 1581429741167 360 205 touchmove 316 31 2.2476589679718 2.2476589679718 0 laboratory 0
laboratory_geely_steve_voters 1581429741177 360 205 touchmove 316 31 2.2476589679718 2.2476589679718 0 laboratory 0
laboratory_geely_steve_voters 1581429741194 360 205 touchmove 316 31 3.2466185092926 3.2466185092926 0 laboratory 0
laboratory_geely_steve_voters 1581429741210 360 205 touchmove 316 31 2.2476589679718 2.2476589679718 0 laboratory 0
laboratory_geely_steve_voters 1581429741227 360 205 touchmove 316 31 2.2476589679718 2.2476589679718 0 laboratory 0
laboratory_geely_steve_voters 1581429741243 360 205 touchmove 316 30 3.746098279953 3.746098279953 0 laboratory 0
laboratory_geely_steve_voters 1581429741260 360 205 touchmove 315 29 3.2466185092926 3.2466185092926 0 laboratory 0
laboratory_geely_steve_voters 1581429741276 360 205 touchmove 311 26 3.2466185092926 3.2466185092926 0 laboratory 0
laboratory_geely_steve_voters 1581429741292 360 205 touchmove 305 23 2.7471387386322 2.7471387386322 0 laboratory 0
laboratory_geely_steve_voters 1581429741311 360 205 touchmove 299 21 2.497398853302 2.497398853302 0 laboratory 0
laboratory_geely_steve_voters 1581429741326 360 205 touchmove 291 20 3.2466185092926 3.2466185092926 0 laboratory 0
laboratory_geely_steve_voters 1581429741342 360 205 touchmove 282 20 2.2476589679718 2.2476589679718 0 laboratory 0
laboratory_geely_steve_voters 1581429741361 360 205 touchmove 274 20 2.497398853302 2.497398853302 0 laboratory 0
laboratory_geely_steve_voters 1581429741378 360 205 touchmove 266 20 2.497398853302 2.497398853302 0 laboratory 0
laboratory_geely_steve_voters 1581429741395 360 205 touchmove 258 21 2.7471387386322 2.7471387386322 0 laboratory 0
laboratory_geely_steve_voters 1581429741410 360 205 touchmove 249 22 3.2466185092926 3.2466185092926 0 laboratory 0
laboratory_geely_steve_voters 1581429741428 360 205 touchmove 241 23 2.7471387386322 2.7471387386322 0 laboratory 0
laboratory_geely_steve_voters 1581429741444 360 205 touchmove 236 23 3.2466185092926 3.2466185092926 0 laboratory 0
laboratory_geely_steve_voters 1581429741461 360 205 touchmove 223 24 3.746098279953 3.746098279953 0 laboratory 0
laboratory_geely_steve_voters 1581429741478 360 205 touchmove 214 25 3.2466185092926 3.2466185092926 0 laboratory 0
laboratory_geely_steve_voters 1581429741495 360 205 touchmove 204 25 2.497398853302 2.497398853302 0 laboratory 0
laboratory_geely_steve_voters 1581429741511 360 205 touchmove 195 25 3.4963583946228 3.4963583946228 0 laboratory 0
laboratory_geely_steve_voters 1581429741526 360 205 touchmove 191 24 3.2466185092926 3.2466185092926 0 laboratory 0
laboratory_geely_steve_voters 1581429741543 360 205 touchmove 181 24 2.497398853302 2.497398853302 0 laboratory 0
laboratory_geely_steve_voters 1581429741561 360 205 touchmove 166 23 2.497398853302 2.497398853302 0 laboratory 0
laboratory_geely_steve_voters 1581429741579 360 205 touchmove 157 23 2.497398853302 2.497398853302 0 laboratory 0
laboratory_geely_steve_voters 1581429741595 360 205 touchmove 150 22 2.7471387386322 2.7471387386322 0 laboratory 0
laboratory_geely_steve_voters 1581429741612 360 205 touchmove 144 22 2.7471387386322 2.7471387386322 0 laboratory 0
laboratory_geely_steve_voters 1581429741627 360 205 touchmove 139 21 2.497398853302 2.497398853302 0 laboratory 0
laboratory_geely_steve_voters 1581429741643 360 205 touchmove 135 21 2.2476589679718 2.2476589679718 0 laboratory 0
laboratory_geely_steve_voters 1581429741660 360 205 touchmove 131 21 2.7471387386322 2.7471387386322 0 laboratory 0
laboratory_geely_steve_voters 1581429741678 360 205 touchmove 127 21 3.4963583946228 3.4963583946228 0 laboratory 0
laboratory_geely_steve_voters 1581429741693 360 205 touchmove 123 22 3.2466185092926 3.2466185092926 0 laboratory 0
laboratory_geely_steve_voters 1581429741711 360 205 touchmove 119 23 2.7471387386322 2.7471387386322 0 laboratory 0
laboratory_geely_steve_voters 1581429741729 360 205 touchmove 116 24 3.746098279953 3.746098279953 0 laboratory 0
laboratory_geely_steve_voters 1581429741744 360 205 touchmove 114 25 3.9958381652832 3.9958381652832 0 laboratory 0
laboratory_geely_steve_voters 1581429741762 360 205 touchmove 113 25 3.9958381652832 3.9958381652832 0 laboratory 0
laboratory_geely_steve_voters 1581429741777 360 205 touchmove 112 26 2.7471387386322 2.7471387386322 0 laboratory 0
laboratory_geely_steve_voters 1581429741795 360 205 touchmove 111 28 2.497398853302 2.497398853302 0 laboratory 0
laboratory_geely_steve_voters 1581429741810 360 205 touchmove 110 28 2.497398853302 2.497398853302 0 laboratory 0
laboratory_geely_steve_voters 1581429741826 360 205 touchmove 110 30 2.2476589679718 2.2476589679718 0 laboratory 0
laboratory_geely_steve_voters 1581429741844 360 205 touchmove 110 32 2.2476589679718 2.2476589679718 0 laboratory 0
laboratory_geely_steve_voters 1581429741863 360 205 touchmove 110 33 2.2476589679718 2.2476589679718 0 laboratory 0
laboratory_geely_steve_voters 1581429741876 360 205 touchmove 110 35 2.497398853302 2.497398853302 0 laboratory 0
laboratory_geely_steve_voters 1581429741894 360 205 touchmove 112 37 2.7471387386322 2.7471387386322 0 laboratory 0
laboratory_geely_steve_voters 1581429741912 360 205 touchmove 113 38 2.7471387386322 2.7471387386322 0 laboratory 0
laboratory_geely_steve_voters 1581429741927 360 205 touchmove 114 39 2.9968786239624 2.9968786239624 0 laboratory 0
laboratory_geely_steve_voters 1581429741947 360 205 touchmove 115 40 3.2466185092926 3.2466185092926 0 laboratory 0
laboratory_geely_steve_voters 1581429741961 360 205 touchmove 115 41 2.9968786239624 2.9968786239624 0 laboratory 0
laboratory_geely_steve_voters 1581429741980 360 205 touchmove 118 42 3.2466185092926 3.2466185092926 0 laboratory 0
laboratory_geely_steve_voters 1581429741994 360 205 touchmove 119 43 2.9968786239624 2.9968786239624 0 laboratory 0
laboratory_geely_steve_voters 1581429742013 360 205 touchmove 121 44 3.2466185092926 3.2466185092926 0 laboratory 0
laboratory_geely_steve_voters 1581429742029 360 205 touchmove 123 46 3.2466185092926 3.2466185092926 0 laboratory 0
laboratory_geely_steve_voters 1581429742045 360 205 touchmove 125 47 3.2466185092926 3.2466185092926 0 laboratory 0
laboratory_geely_steve_voters 1581429742061 360 205 touchmove 127 48 3.2466185092926 3.2466185092926 0 laboratory 0
laboratory_geely_steve_voters 1581429742077 360 205 touchmove 130 49 2.9968786239624 2.9968786239624 0 laboratory 0
laboratory_geely_steve_voters 1581429742095 360 205 touchmove 134 50 2.9968786239624 2.9968786239624 0 laboratory 0
laboratory_geely_steve_voters 1581429742113 360 205 touchmove 138 51 3.2466185092926 3.2466185092926 0 laboratory 0
laboratory_geely_steve_voters 1581429742129 360 205 touchmove 143 51 3.2466185092926 3.2466185092926 0 laboratory 0
laboratory_geely_steve_voters 1581429742145 360 205 touchmove 149 50 2.9968786239624 2.9968786239624 0 laboratory 0
laboratory_geely_steve_voters 1581429742161 360 205 touchmove 155 50 2.9968786239624 2.9968786239624 0 laboratory 0
laboratory_geely_steve_voters 1581429742178 360 205 touchmove 161 49 2.497398853302 2.497398853302 0 laboratory 0
laboratory_geely_steve_voters 1581429742194 360 205 touchmove 167 47 2.9968786239624 2.9968786239624 0 laboratory 0
laboratory_geely_steve_voters 1581429742213 360 205 touchmove 174 45 2.7471387386322 2.7471387386322 0 laboratory 0
laboratory_geely_steve_voters 1581429742228 360 205 touchmove 177 44 2.7471387386322 2.7471387386322 0 laboratory 0
laboratory_geely_steve_voters 1581429742247 360 205 touchmove 184 40 2.2476589679718 2.2476589679718 0 laboratory 0
laboratory_geely_steve_voters 1581429742261 360 205 touchmove 189 38 2.497398853302 2.497398853302 0 laboratory 0
laboratory_geely_steve_voters 1581429742279 360 205 touchmove 194 35 2.9968786239624 2.9968786239624 0 laboratory 0
laboratory_geely_steve_voters 1581429742296 360 205 touchmove 196 33 2.9968786239624 2.9968786239624 0 laboratory 0
laboratory_geely_steve_voters 1581429742311 360 205 touchmove 198 31 2.9968786239624 2.9968786239624 0 laboratory 0
laboratory_geely_steve_voters 1581429742331 360 205 touchmove 199 30 2.9968786239624 2.9968786239624 0 laboratory 0
laboratory_geely_steve_voters 1581429742345 360 205 touchmove 199 29 2.9968786239624 2.9968786239624 0 laboratory 0
laboratory_geely_steve_voters 1581429742361 360 205 touchmove 199 29 2.9968786239624 2.9968786239624 0 laboratory 0
laboratory_geely_steve_voters 1581429742445 360 205 touchmove 200 28 2.9968786239624 2.9968786239624 0 laboratory 0
laboratory_geely_steve_voters 1581429742462 360 205 touchmove 201 26 3.2466185092926 3.2466185092926 0 laboratory 0
laboratory_geely_steve_voters 1581429742479 360 205 touchmove 202 25 3.2466185092926 3.2466185092926 0 laboratory 0
laboratory_geely_steve_voters 1581429742495 360 205 touchmove 202 24 3.2466185092926 3.2466185092926 0 laboratory 0
laboratory_geely_steve_voters 1581429742512 360 205 touchmove 202 24 2.9968786239624 2.9968786239624 0 laboratory 0
laboratory_geely_steve_voters 1581429742529 360 205 touchmove 202 24 2.9968786239624 2.9968786239624 0 laboratory 0
laboratory_geely_steve_voters 1581429742545 360 205 touchmove 202 24 2.9968786239624 2.9968786239624 0 laboratory 0
laboratory_geely_steve_voters 1581429742562 360 205 touchmove 202 24 3.2466185092926 3.2466185092926 0 laboratory 0
laboratory_geely_steve_voters 1581429742578 360 205 touchmove 202 24 2.9968786239624 2.9968786239624 0 laboratory 0
laboratory_geely_steve_voters 1581429742795 360 205 touchmove 202 24 3.2466185092926 3.2466185092926 0 laboratory 0
laboratory_geely_steve_voters 1581429742812 360 205 touchmove 203 23 0.4994797706604 0.4994797706604 0 laboratory 0
laboratory_geely_steve_voters 1581429742823 360 205 touchend 203 23 0.4994797706604 0.4994797706604 0 laboratory 0
laboratory_geely_steve_voters 1581429747210 360 205 touchmove 229 32 3.4963583946228 3.4963583946228 0 geely 0
laboratory_geely_steve_voters 1581429747225 360 205 touchmove 223 29 3.746098279953 3.746098279953 0 geely 0
laboratory_geely_steve_voters 1581429747240 360 205 touchmove 220 27 2.7471387386322 2.7471387386322 0 geely 0
laboratory_geely_steve_voters 1581429747259 360 205 touchmove 210 22 2.9968786239624 2.9968786239624 0 geely 0
laboratory_geely_steve_voters 1581429747274 360 205 touchmove 204 20 2.497398853302 2.497398853302 0 geely 0
laboratory_geely_steve_voters 1581429747291 360 205 touchmove 200 18 2.497398853302 2.497398853302 0 geely 0
laboratory_geely_steve_voters 1581429747307 360 205 touchmove 198 17 2.497398853302 2.497398853302 0 geely 0
laboratory_geely_steve_voters 1581429747323 360 205 touchmove 191 16 2.7471387386322 2.7471387386322 0 geely 0
laboratory_geely_steve_voters 1581429747340 360 205 touchmove 188 15 2.7471387386322 2.7471387386322 0 geely 0
laboratory_geely_steve_voters 1581429747357 360 205 touchmove 186 15 2.9968786239624 2.9968786239624 0 geely 0
laboratory_geely_steve_voters 1581429747374 360 205 touchmove 186 15 2.9968786239624 2.9968786239624 0 geely 0
laboratory_geely_steve_voters 1581429747390 360 205 touchmove 185 15 2.9968786239624 2.9968786239624 0 geely 0
laboratory_geely_steve_voters 1581429747409 360 205 touchmove 185 15 2.7471387386322 2.7471387386322 0 geely 0
laboratory_geely_steve_voters 1581429747473 360 205 touchmove 186 14 1.9979190826416 1.9979190826416 0 geely 0
laboratory_geely_steve_voters 1581429747492 360 205 touchmove 187 14 1.7481791973114 1.7481791973114 0 geely 0
laboratory_geely_steve_voters 1581429747499 360 205 touchend 187 14 1.7481791973114 1.7481791973114 0 geely 0
laboratory_geely_steve_voters 1581429748907 360 205 touchstart 76 85 2.2476589679718 2.2476589679718 0 steve 0
laboratory_geely_steve_voters 1581429748915 360 205 touchmove 76 85 2.497398853302 2.497398853302 0 steve 0
laboratory_geely_steve_voters 1581429748931 360 205 touchmove 76 85 2.7471387386322 2.7471387386322 0 steve 0
laboratory_geely_steve_voters 1581429748978 360 205 touchmove 76 85 2.7471387386322 2.7471387386322 0 steve 0
laboratory_geely_steve_voters 1581429748998 360 205 touchmove 76 85 2.7471387386322 2.7471387386322 0 steve 0
laboratory_geely_steve_voters 1581429749014 360 205 touchmove 83 81 2.9968786239624 2.9968786239624 0 steve 0
laboratory_geely_steve_voters 1581429749030 360 205 touchmove 99 71 2.7471387386322 2.7471387386322 0 steve 0
laboratory_geely_steve_voters 1581429749045 360 205 touchmove 115 60 2.9968786239624 2.9968786239624 0 steve 0
laboratory_geely_steve_voters 1581429749061 360 205 touchmove 129 51 3.2466185092926 3.2466185092926 0 steve 0
laboratory_geely_steve_voters 1581429749078 360 205 touchmove 138 47 2.497398853302 2.497398853302 0 steve 0
laboratory_geely_steve_voters 1581429749096 360 205 touchmove 145 43 2.497398853302 2.497398853302 0 steve 0
laboratory_geely_steve_voters 1581429749112 360 205 touchmove 149 40 2.497398853302 2.497398853302 0 steve 0
laboratory_geely_steve_voters 1581429749128 360 205 touchmove 153 39 2.9968786239624 2.9968786239624 0 steve 0
laboratory_geely_steve_voters 1581429749145 360 205 touchmove 154 38 2.7471387386322 2.7471387386322 0 steve 0
laboratory_geely_steve_voters 1581429749161 360 205 touchmove 157 36 2.7471387386322 2.7471387386322 0 steve 0
laboratory_geely_steve_voters 1581429749178 360 205 touchmove 161 34 2.9968786239624 2.9968786239624 0 steve 0
laboratory_geely_steve_voters 1581429749197 360 205 touchmove 163 32 3.2466185092926 3.2466185092926 0 steve 0
laboratory_geely_steve_voters 1581429749213 360 205 touchmove 164 31 2.9968786239624 2.9968786239624 0 steve 0
laboratory_geely_steve_voters 1581429749231 360 205 touchmove 166 30 2.9968786239624 2.9968786239624 0 steve 0
laboratory_geely_steve_voters 1581429749249 360 205 touchmove 167 29 2.9968786239624 2.9968786239624 0 steve 0
laboratory_geely_steve_voters 1581429749264 360 205 touchmove 169 27 2.2476589679718 2.2476589679718 0 steve 0
laboratory_geely_steve_voters 1581429749279 360 205 touchmove 170 26 3.4963583946228 3.4963583946228 0 steve 0
laboratory_geely_steve_voters 1581429749296 360 205 touchmove 171 25 2.2476589679718 2.2476589679718 0 steve 0
laboratory_geely_steve_voters 1581429749313 360 205 touchmove 171 24 2.9968786239624 2.9968786239624 0 steve 0
laboratory_geely_steve_voters 1581429749329 360 205 touchmove 171 23 2.2476589679718 2.2476589679718 0 steve 0
laboratory_geely_steve_voters 1581429749348 360 205 touchmove 171 23 2.2476589679718 2.2476589679718 0 steve 0
laboratory_geely_steve_voters 1581429749363 360 205 touchmove 170 22 3.2466185092926 3.2466185092926 0 steve 0
laboratory_geely_steve_voters 1581429749381 360 205 touchmove 166 22 3.2466185092926 3.2466185092926 0 steve 0
laboratory_geely_steve_voters 1581429749398 360 205 touchmove 160 24 3.4963583946228 3.4963583946228 0 steve 0
laboratory_geely_steve_voters 1581429749413 360 205 touchmove 152 26 3.2466185092926 3.2466185092926 0 steve 0
laboratory_geely_steve_voters 1581429749429 360 205 touchmove 143 29 2.7471387386322 2.7471387386322 0 steve 0
laboratory_geely_steve_voters 1581429749446 360 205 touchmove 139 30 2.2476589679718 2.2476589679718 0 steve 0
laboratory_geely_steve_voters 1581429749462 360 205 touchmove 127 36 3.2466185092926 3.2466185092926 0 steve 0
laboratory_geely_steve_voters 1581429749479 360 205 touchmove 120 39 2.2476589679718 2.2476589679718 0 steve 0
laboratory_geely_steve_voters 1581429749497 360 205 touchmove 114 41 1.9979190826416 1.9979190826416 0 steve 0
laboratory_geely_steve_voters 1581429749513 360 205 touchmove 109 42 3.2466185092926 3.2466185092926 0 steve 0
laboratory_geely_steve_voters 1581429749529 360 205 touchmove 105 44 3.2466185092926 3.2466185092926 0 steve 0
laboratory_geely_steve_voters 1581429749547 360 205 touchmove 101 44 2.2476589679718 2.2476589679718 0 steve 0
laboratory_geely_steve_voters 1581429749563 360 205 touchmove 97 43 2.2476589679718 2.2476589679718 0 steve 0
laboratory_geely_steve_voters 1581429749581 360 205 touchmove 94 42 2.2476589679718 2.2476589679718 0 steve 0
laboratory_geely_steve_voters 1581429749596 360 205 touchmove 92 41 2.2476589679718 2.2476589679718 0 steve 0
laboratory_geely_steve_voters 1581429749614 360 205 touchmove 91 40 2.2476589679718 2.2476589679718 0 steve 0
laboratory_geely_steve_voters 1581429749630 360 205 touchmove 90 39 2.2476589679718 2.2476589679718 0 steve 0
laboratory_geely_steve_voters 1581429749649 360 205 touchmove 90 35 2.2476589679718 2.2476589679718 0 steve 0
laboratory_geely_steve_voters 1581429749663 360 205 touchmove 90 31 3.4963583946228 3.4963583946228 0 steve 0
laboratory_geely_steve_voters 1581429749680 360 205 touchmove 91 28 2.2476589679718 2.2476589679718 0 steve 0
laboratory_geely_steve_voters 1581429749697 360 205 touchmove 92 26 2.2476589679718 2.2476589679718 0 steve 0
laboratory_geely_steve_voters 1581429749713 360 205 touchmove 93 24 2.9968786239624 2.9968786239624 0 steve 0
laboratory_geely_steve_voters 1581429749733 360 205 touchmove 94 23 2.7471387386322 2.7471387386322 0 steve 0
laboratory_geely_steve_voters 1581429749747 360 205 touchmove 96 21 2.497398853302 2.497398853302 0 steve 0
laboratory_geely_steve_voters 1581429749765 360 205 touchmove 98 20 2.497398853302 2.497398853302 0 steve 0
laboratory_geely_steve_voters 1581429749782 360 205 touchmove 99 19 2.497398853302 2.497398853302 0 steve 0
laboratory_geely_steve_voters 1581429749798 360 205 touchmove 99 19 2.7471387386322 2.7471387386322 0 steve 0
laboratory_geely_steve_voters 1581429749813 360 205 touchmove 99 19 2.7471387386322 2.7471387386322 0 steve 0
laboratory_geely_steve_voters 1581429749831 360 205 touchmove 100 19 2.7471387386322 2.7471387386322 0 steve 0
laboratory_geely_steve_voters 1581429749846 360 205 touchmove 101 20 2.9968786239624 2.9968786239624 0 steve 0
laboratory_geely_steve_voters 1581429749864 360 205 touchmove 102 21 2.9968786239624 2.9968786239624 0 steve 0
laboratory_geely_steve_voters 1581429749881 360 205 touchmove 103 23 3.4963583946228 3.4963583946228 0 steve 0
laboratory_geely_steve_voters 1581429749898 360 205 touchmove 104 26 2.7471387386322 2.7471387386322 0 steve 0
laboratory_geely_steve_voters 1581429749913 360 205 touchmove 104 32 2.7471387386322 2.7471387386322 0 steve 0
laboratory_geely_steve_voters 1581429749931 360 205 touchmove 104 39 3.2466185092926 3.2466185092926 0 steve 0
laboratory_geely_steve_voters 1581429749947 360 205 touchmove 104 47 2.497398853302 2.497398853302 0 steve 0
laboratory_geely_steve_voters 1581429749964 360 205 touchmove 104 51 2.497398853302 2.497398853302 0 steve 0
laboratory_geely_steve_voters 1581429749981 360 205 touchmove 105 60 2.9968786239624 2.9968786239624 0 steve 0
laboratory_geely_steve_voters 1581429749997 360 205 touchmove 105 68 2.7471387386322 2.7471387386322 0 steve 0
laboratory_geely_steve_voters 1581429750014 360 205 touchmove 106 77 2.2476589679718 2.2476589679718 0 steve 0
laboratory_geely_steve_voters 1581429750032 360 205 touchmove 108 83 2.497398853302 2.497398853302 0 steve 0
laboratory_geely_steve_voters 1581429750048 360 205 touchmove 109 85 2.7471387386322 2.7471387386322 0 steve 0
laboratory_geely_steve_voters 1581429750066 360 205 touchmove 112 92 2.9968786239624 2.9968786239624 0 steve 0
laboratory_geely_steve_voters 1581429750081 360 205 touchmove 114 94 2.7471387386322 2.7471387386322 0 steve 0
laboratory_geely_steve_voters 1581429750098 360 205 touchmove 116 97 2.497398853302 2.497398853302 0 steve 0
laboratory_geely_steve_voters 1581429750115 360 205 touchmove 120 100 2.7471387386322 2.7471387386322 0 steve 0
laboratory_geely_steve_voters 1581429750131 360 205 touchmove 121 100 2.497398853302 2.497398853302 0 steve 0
laboratory_geely_steve_voters 1581429750148 360 205 touchmove 123 102 2.497398853302 2.497398853302 0 steve 0
laboratory_geely_steve_voters 1581429750164 360 205 touchmove 123 102 2.497398853302 2.497398853302 0 steve 0
laboratory_geely_steve_voters 1581429750181 360 205 touchmove 123 103 2.497398853302 2.497398853302 0 steve 0
laboratory_geely_steve_voters 1581429750198 360 205 touchmove 123 104 2.497398853302 2.497398853302 0 steve 0
laboratory_geely_steve_voters 1581429750217 360 205 touchmove 123 104 2.497398853302 2.497398853302 0 steve 0
laboratory_geely_steve_voters 1581429750232 360 205 touchmove 123 105 2.497398853302 2.497398853302 0 steve 0
laboratory_geely_steve_voters 1581429750249 360 205 touchmove 123 107 2.497398853302 2.497398853302 0 steve 0
laboratory_geely_steve_voters 1581429750264 360 205 touchmove 122 108 2.497398853302 2.497398853302 0 steve 0
laboratory_geely_steve_voters 1581429750283 360 205 touchmove 122 109 2.497398853302 2.497398853302 0 steve 0
laboratory_geely_steve_voters 1581429750299 360 205 touchmove 122 109 2.7471387386322 2.7471387386322 0 steve 0
laboratory_geely_steve_voters 1581429750316 360 205 touchmove 122 109 2.497398853302 2.497398853302 0 steve 0
laboratory_geely_steve_voters 1581429750332 360 205 touchmove 122 109 2.497398853302 2.497398853302 0 steve 0
laboratory_geely_steve_voters 1581429750348 360 205 touchmove 123 108 2.2476589679718 2.2476589679718 0 steve 0
laboratory_geely_steve_voters 1581429750365 360 205 touchmove 130 105 2.497398853302 2.497398853302 0 steve 0
laboratory_geely_steve_voters 1581429750382 360 205 touchmove 133 104 2.497398853302 2.497398853302 0 steve 0
laboratory_geely_steve_voters 1581429750399 360 205 touchmove 137 102 2.9968786239624 2.9968786239624 0 steve 0
laboratory_geely_steve_voters 1581429750415 360 205 touchmove 141 101 2.7471387386322 2.7471387386322 0 steve 0
laboratory_geely_steve_voters 1581429750433 360 205 touchmove 148 99 2.9968786239624 2.9968786239624 0 steve 0
laboratory_geely_steve_voters 1581429750448 360 205 touchmove 150 99 2.7471387386322 2.7471387386322 0 steve 0
laboratory_geely_steve_voters 1581429750466 360 205 touchmove 154 99 2.7471387386322 2.7471387386322 0 steve 0
laboratory_geely_steve_voters 1581429750483 360 205 touchmove 159 99 3.2466185092926 3.2466185092926 0 steve 0
laboratory_geely_steve_voters 1581429750500 360 205 touchmove 162 100 2.497398853302 2.497398853302 0 steve 0
laboratory_geely_steve_voters 1581429750516 360 205 touchmove 164 101 2.2476589679718 2.2476589679718 0 steve 0
laboratory_geely_steve_voters 1581429750534 360 205 touchmove 167 102 2.2476589679718 2.2476589679718 0 steve 0
laboratory_geely_steve_voters 1581429750550 360 205 touchmove 169 103 2.497398853302 2.497398853302 0 steve 0
laboratory_geely_steve_voters 1581429750567 360 205 touchmove 170 104 2.497398853302 2.497398853302 0 steve 0
laboratory_geely_steve_voters 1581429750582 360 205 touchmove 175 105 2.497398853302 2.497398853302 0 steve 0
laboratory_geely_steve_voters 1581429750601 360 205 touchmove 178 106 2.497398853302 2.497398853302 0 steve 0
laboratory_geely_steve_voters 1581429750615 360 205 touchmove 180 107 2.497398853302 2.497398853302 0 steve 0
laboratory_geely_steve_voters 1581429750632 360 205 touchmove 181 108 2.497398853302 2.497398853302 0 steve 0
laboratory_geely_steve_voters 1581429750649 360 205 touchmove 183 109 2.7471387386322 2.7471387386322 0 steve 0
laboratory_geely_steve_voters 1581429750665 360 205 touchmove 184 109 2.2476589679718 2.2476589679718 0 steve 0
laboratory_geely_steve_voters 1581429750683 360 205 touchmove 185 110 2.497398853302 2.497398853302 0 steve 0
laboratory_geely_steve_voters 1581429750699 360 205 touchmove 186 112 2.497398853302 2.497398853302 0 steve 0
laboratory_geely_steve_voters 1581429750716 360 205 touchmove 187 114 2.497398853302 2.497398853302 0 steve 0
laboratory_geely_steve_voters 1581429750733 360 205 touchmove 188 115 3.4963583946228 3.4963583946228 0 steve 0
laboratory_geely_steve_voters 1581429750750 360 205 touchmove 188 116 3.4963583946228 3.4963583946228 0 steve 0
laboratory_geely_steve_voters 1581429750767 360 205 touchmove 188 117 3.2466185092926 3.2466185092926 0 steve 0
laboratory_geely_steve_voters 1581429750786 360 205 touchmove 187 118 2.497398853302 2.497398853302 0 steve 0
laboratory_geely_steve_voters 1581429750801 360 205 touchmove 186 121 2.497398853302 2.497398853302 0 steve 0
laboratory_geely_steve_voters 1581429750817 360 205 touchmove 184 125 2.497398853302 2.497398853302 0 steve 0
laboratory_geely_steve_voters 1581429750834 360 205 touchmove 183 127 2.497398853302 2.497398853302 0 steve 0
laboratory_geely_steve_voters 1581429750851 360 205 touchmove 182 129 2.7471387386322 2.7471387386322 0 steve 0
laboratory_geely_steve_voters 1581429750866 360 205 touchmove 181 131 2.9968786239624 2.9968786239624 0 steve 0
laboratory_geely_steve_voters 1581429750884 360 205 touchmove 181 133 2.9968786239624 2.9968786239624 0 steve 0
laboratory_geely_steve_voters 1581429750900 360 205 touchmove 179 137 2.9968786239624 2.9968786239624 0 steve 0
laboratory_geely_steve_voters 1581429750917 360 205 touchmove 178 138 2.9968786239624 2.9968786239624 0 steve 0
laboratory_geely_steve_voters 1581429750933 360 205 touchmove 177 140 2.7471387386322 2.7471387386322 0 steve 0
laboratory_geely_steve_voters 1581429750951 360 205 touchmove 176 141 2.7471387386322 2.7471387386322 0 steve 0
laboratory_geely_steve_voters 1581429750966 360 205 touchmove 176 142 2.497398853302 2.497398853302 0 steve 0
laboratory_geely_steve_voters 1581429750985 360 205 touchmove 174 143 2.7471387386322 2.7471387386322 0 steve 0
laboratory_geely_steve_voters 1581429751000 360 205 touchmove 174 143 2.7471387386322 2.7471387386322 0 steve 0
laboratory_geely_steve_voters 1581429751017 360 205 touchmove 172 142 2.497398853302 2.497398853302 0 steve 0
laboratory_geely_steve_voters 1581429751033 360 205 touchmove 170 138 2.497398853302 2.497398853302 0 steve 0
laboratory_geely_steve_voters 1581429751050 360 205 touchmove 169 135 2.497398853302 2.497398853302 0 steve 0
laboratory_geely_steve_voters 1581429751067 360 205 touchmove 165 129 2.9968786239624 2.9968786239624 0 steve 0
laboratory_geely_steve_voters 1581429751085 360 205 touchmove 160 120 2.7471387386322 2.7471387386322 0 steve 0
laboratory_geely_steve_voters 1581429751103 360 205 touchmove 158 117 2.497398853302 2.497398853302 0 steve 0
laboratory_geely_steve_voters 1581429751117 360 205 touchmove 155 110 2.497398853302 2.497398853302 0 steve 0
laboratory_geely_steve_voters 1581429751134 360 205 touchmove 152 103 3.2466185092926 3.2466185092926 0 steve 0
laboratory_geely_steve_voters 1581429751151 360 205 touchmove 146 92 2.9968786239624 2.9968786239624 0 steve 0
laboratory_geely_steve_voters 1581429751167 360 205 touchmove 141 84 3.2466185092926 3.2466185092926 0 steve 0
laboratory_geely_steve_voters 1581429751185 360 205 touchmove 138 81 2.9968786239624 2.9968786239624 0 steve 0
laboratory_geely_steve_voters 1581429751202 360 205 touchmove 129 70 2.9968786239624 2.9968786239624 0 steve 0
laboratory_geely_steve_voters 1581429751217 360 205 touchmove 127 67 2.9968786239624 2.9968786239624 0 steve 0
laboratory_geely_steve_voters 1581429751234 360 205 touchmove 119 58 2.9968786239624 2.9968786239624 0 steve 0
laboratory_geely_steve_voters 1581429751251 360 205 touchmove 117 55 2.9968786239624 2.9968786239624 0 steve 0
laboratory_geely_steve_voters 1581429751269 360 205 touchmove 109 48 2.9968786239624 2.9968786239624 0 steve 0
laboratory_geely_steve_voters 1581429751284 360 205 touchmove 105 44 2.9968786239624 2.9968786239624 0 steve 0
laboratory_geely_steve_voters 1581429751301 360 205 touchmove 102 40 3.2466185092926 3.2466185092926 0 steve 0
laboratory_geely_steve_voters 1581429751320 360 205 touchmove 100 36 3.2466185092926 3.2466185092926 0 steve 0
laboratory_geely_steve_voters 1581429751334 360 205 touchmove 98 33 3.2466185092926 3.2466185092926 0 steve 0
laboratory_geely_steve_voters 1581429751351 360 205 touchmove 98 32 3.2466185092926 3.2466185092926 0 steve 0
laboratory_geely_steve_voters 1581429751369 360 205 touchmove 96 30 3.4963583946228 3.4963583946228 0 steve 0
laboratory_geely_steve_voters 1581429751384 360 205 touchmove 96 29 3.4963583946228 3.4963583946228 0 steve 0
laboratory_geely_steve_voters 1581429751402 360 205 touchmove 95 28 3.2466185092926 3.2466185092926 0 steve 0
laboratory_geely_steve_voters 1581429751417 360 205 touchmove 95 27 3.4963583946228 3.4963583946228 0 steve 0
laboratory_geely_steve_voters 1581429751443 360 205 touchmove 95 27 3.2466185092926 3.2466185092926 0 steve 0
laboratory_geely_steve_voters 1581429751484 360 205 touchmove 95 27 2.9968786239624 2.9968786239624 0 steve 0
laboratory_geely_steve_voters 1581429751501 360 205 touchmove 95 27 2.7471387386322 2.7471387386322 0 steve 0
laboratory_geely_steve_voters 1581429751518 360 205 touchmove 96 28 0.7492196559906 0.7492196559906 0 steve 0
laboratory_geely_steve_voters 1581429751534 360 205 touchmove 96 28 0.2497398853302 0.2497398853302 0 steve 0
laboratory_geely_steve_voters 1581429751536 360 205 touchend 96 28 0.2497398853302 0.2497398853302 0 steve 0
laboratory_geely_steve_voters 1581429753540 360 205 touchmove 148 23 3.2466185092926 3.2466185092926 0 voters 0
laboratory_geely_steve_voters 1581429753556 360 205 touchmove 146 22 2.9968786239624 2.9968786239624 0 voters 0
laboratory_geely_steve_voters 1581429753573 360 205 touchmove 144 21 3.2466185092926 3.2466185092926 0 voters 0
laboratory_geely_steve_voters 1581429753590 360 205 touchmove 141 21 3.2466185092926 3.2466185092926 0 voters 0
laboratory_geely_steve_voters 1581429753607 360 205 touchmove 140 21 2.9968786239624 2.9968786239624 0 voters 0
laboratory_geely_steve_voters 1581429753623 360 205 touchmove 140 20 2.9968786239624 2.9968786239624 0 voters 0
laboratory_geely_steve_voters 1581429753640 360 205 touchmove 139 20 2.7471387386322 2.7471387386322 0 voters 0
laboratory_geely_steve_voters 1581429753656 360 205 touchmove 139 20 2.9968786239624 2.9968786239624 0 voters 0
laboratory_geely_steve_voters 1581429753674 360 205 touchmove 139 20 2.7471387386322 2.7471387386322 0 voters 0
laboratory_geely_steve_voters 1581429753691 360 205 touchmove 138 19 2.9968786239624 2.9968786239624 0 voters 0
laboratory_geely_steve_voters 1581429753708 360 205 touchmove 137 19 2.9968786239624 2.9968786239624 0 voters 0
laboratory_geely_steve_voters 1581429753731 360 205 touchmove 137 19 2.7471387386322 2.7471387386322 0 voters 0
laboratory_geely_steve_voters 1581429753742 360 205 touchmove 137 19 2.9968786239624 2.9968786239624 0 voters 0
laboratory_geely_steve_voters 1581429753766 360 205 touchmove 137 19 3.2466185092926 3.2466185092926 0 voters 0
laboratory_geely_steve_voters 1581429753776 360 205 touchmove 137 19 2.7471387386322 2.7471387386322 0 voters 0
laboratory_geely_steve_voters 1581429753791 360 205 touchmove 136 19 2.7471387386322 2.7471387386322 0 voters 0
laboratory_geely_steve_voters 1581429753807 360 205 touchmove 134 19 2.497398853302 2.497398853302 0 voters 0
laboratory_geely_steve_voters 1581429753824 360 205 touchmove 132 19 2.7471387386322 2.7471387386322 0 voters 0
laboratory_geely_steve_voters 1581429753840 360 205 touchmove 130 19 2.7471387386322 2.7471387386322 0 voters 0
laboratory_geely_steve_voters 1581429753858 360 205 touchmove 129 19 2.7471387386322 2.7471387386322 0 voters 0
laboratory_geely_steve_voters 1581429753874 360 205 touchmove 128 19 2.9968786239624 2.9968786239624 0 voters 0
laboratory_geely_steve_voters 1581429753893 360 205 touchmove 126 20 3.2466185092926 3.2466185092926 0 voters 0
laboratory_geely_steve_voters 1581429753908 360 205 touchmove 125 20 3.2466185092926 3.2466185092926 0 voters 0
laboratory_geely_steve_voters 1581429753924 360 205 touchmove 124 20 2.9968786239624 2.9968786239624 0 voters 0
laboratory_geely_steve_voters 1581429754007 360 205 touchmove 124 20 3.2466185092926 3.2466185092926 0 voters 0
laboratory_geely_steve_voters 1581429754026 360 205 touchmove 124 20 2.9968786239624 2.9968786239624 0 voters 0
laboratory_geely_steve_voters 1581429754041 360 205 touchmove 124 20 3.2466185092926 3.2466185092926 0 voters 0
laboratory_geely_steve_voters 1581429754057 360 205 touchmove 124 20 2.9968786239624 2.9968786239624 0 voters 0
laboratory_geely_steve_voters 1581429754124 360 205 touchmove 124 20 2.9968786239624 2.9968786239624 0 voters 0
laboratory_geely_steve_voters 1581429754174 360 205 touchmove 124 20 2.9968786239624 2.9968786239624 0 voters 0
laboratory_geely_steve_voters 1581429754258 360 205 touchmove 124 20 3.2466185092926 3.2466185092926 0 voters 0
laboratory_geely_steve_voters 1581429754275 360 205 touchmove 123 20 3.2466185092926 3.2466185092926 0 voters 0
laboratory_geely_steve_voters 1581429754292 360 205 touchmove 119 20 2.7471387386322 2.7471387386322 0 voters 0
laboratory_geely_steve_voters 1581429754308 360 205 touchmove 115 20 2.7471387386322 2.7471387386322 0 voters 0
laboratory_geely_steve_voters 1581429754325 360 205 touchmove 111 20 2.7471387386322 2.7471387386322 0 voters 0
laboratory_geely_steve_voters 1581429754343 360 205 touchmove 109 20 2.9968786239624 2.9968786239624 0 voters 0
laboratory_geely_steve_voters 1581429754360 360 205 touchmove 105 20 3.2466185092926 3.2466185092926 0 voters 0
laboratory_geely_steve_voters 1581429754377 360 205 touchmove 102 21 3.2466185092926 3.2466185092926 0 voters 0
laboratory_geely_steve_voters 1581429754392 360 205 touchmove 100 21 3.2466185092926 3.2466185092926 0 voters 0
laboratory_geely_steve_voters 1581429754408 360 205 touchmove 96 21 2.7471387386322 2.7471387386322 0 voters 0
laboratory_geely_steve_voters 1581429754426 360 205 touchmove 94 21 2.7471387386322 2.7471387386322 0 voters 0
laboratory_geely_steve_voters 1581429754441 360 205 touchmove 92 21 2.7471387386322 2.7471387386322 0 voters 0
laboratory_geely_steve_voters 1581429754459 360 205 touchmove 92 22 2.7471387386322 2.7471387386322 0 voters 0
laboratory_geely_steve_voters 1581429754475 360 205 touchmove 92 23 3.2466185092926 3.2466185092926 0 voters 0
laboratory_geely_steve_voters 1581429754492 360 205 touchmove 92 24 2.7471387386322 2.7471387386322 0 voters 0
laboratory_geely_steve_voters 1581429754509 360 205 touchmove 93 27 2.7471387386322 2.7471387386322 0 voters 0
laboratory_geely_steve_voters 1581429754525 360 205 touchmove 96 32 2.7471387386322 2.7471387386322 0 voters 0
laboratory_geely_steve_voters 1581429754542 360 205 touchmove 98 33 2.7471387386322 2.7471387386322 0 voters 0
laboratory_geely_steve_voters 1581429754559 360 205 touchmove 106 33 3.2466185092926 3.2466185092926 0 voters 0
laboratory_geely_steve_voters 1581429754576 360 205 touchmove 110 32 2.9968786239624 2.9968786239624 0 voters 0
laboratory_geely_steve_voters 1581429754593 360 205 touchmove 121 29 3.746098279953 3.746098279953 0 voters 0
laboratory_geely_steve_voters 1581429754610 360 205 touchmove 125 27 2.7471387386322 2.7471387386322 0 voters 0
laboratory_geely_steve_voters 1581429754626 360 205 touchmove 128 26 2.7471387386322 2.7471387386322 0 voters 0
laboratory_geely_steve_voters 1581429754643 360 205 touchmove 130 25 2.9968786239624 2.9968786239624 0 voters 0
laboratory_geely_steve_voters 1581429754659 360 205 touchmove 130 24 2.9968786239624 2.9968786239624 0 voters 0
laboratory_geely_steve_voters 1581429754676 360 205 touchmove 132 23 2.9968786239624 2.9968786239624 0 voters 0
laboratory_geely_steve_voters 1581429754693 360 205 touchmove 133 23 2.9968786239624 2.9968786239624 0 voters 0
laboratory_geely_steve_voters 1581429754708 360 205 touchmove 133 22 2.9968786239624 2.9968786239624 0 voters 0
laboratory_geely_steve_voters 1581429754727 360 205 touchmove 133 22 2.9968786239624 2.9968786239624 0 voters 0
laboratory_geely_steve_voters 1581429754745 360 205 touchmove 133 22 2.7471387386322 2.7471387386322 0 voters 0
laboratory_geely_steve_voters 1581429754759 360 205 touchmove 133 22 2.9968786239624 2.9968786239624 0 voters 0
laboratory_geely_steve_voters 1581429754786 360 205 touchmove 133 23 2.7471387386322 2.7471387386322 0 voters 0
laboratory_geely_steve_voters 1581429754810 360 205 touchmove 132 23 2.9968786239624 2.9968786239624 0 voters 0
laboratory_geely_steve_voters 1581429754826 360 205 touchmove 132 23 2.7471387386322 2.7471387386322 0 voters 0
laboratory_geely_steve_voters 1581429754843 360 205 touchmove 129 26 2.9968786239624 2.9968786239624 0 voters 0
laboratory_geely_steve_voters 1581429754860 360 205 touchmove 124 32 2.7471387386322 2.7471387386322 0 voters 0
laboratory_geely_steve_voters 1581429754876 360 205 touchmove 122 35 2.7471387386322 2.7471387386322 0 voters 0
laboratory_geely_steve_voters 1581429754893 360 205 touchmove 116 42 2.7471387386322 2.7471387386322 0 voters 0
laboratory_geely_steve_voters 1581429754909 360 205 touchmove 108 52 2.7471387386322 2.7471387386322 0 voters 0
laboratory_geely_steve_voters 1581429754926 360 205 touchmove 102 58 2.7471387386322 2.7471387386322 0 voters 0
laboratory_geely_steve_voters 1581429754943 360 205 touchmove 97 63 2.7471387386322 2.7471387386322 0 voters 0
laboratory_geely_steve_voters 1581429754960 360 205 touchmove 95 66 2.497398853302 2.497398853302 0 voters 0
laboratory_geely_steve_voters 1581429754977 360 205 touchmove 91 71 3.2466185092926 3.2466185092926 0 voters 0
laboratory_geely_steve_voters 1581429754994 360 205 touchmove 88 75 2.7471387386322 2.7471387386322 0 voters 0
laboratory_geely_steve_voters 1581429755011 360 205 touchmove 84 80 2.497398853302 2.497398853302 0 voters 0
laboratory_geely_steve_voters 1581429755027 360 205 touchmove 82 83 2.7471387386322 2.7471387386322 0 voters 0
laboratory_geely_steve_voters 1581429755044 360 205 touchmove 81 85 3.2466185092926 3.2466185092926 0 voters 0
laboratory_geely_steve_voters 1581429755060 360 205 touchmove 80 87 3.2466185092926 3.2466185092926 0 voters 0
laboratory_geely_steve_voters 1581429755077 360 205 touchmove 78 91 3.4963583946228 3.4963583946228 0 voters 0
laboratory_geely_steve_voters 1581429755094 360 205 touchmove 77 93 2.2476589679718 2.2476589679718 0 voters 0
laboratory_geely_steve_voters 1581429755111 360 205 touchmove 77 94 1.4984393119812 1.4984393119812 0 voters 0
laboratory_geely_steve_voters 1581429755119 360 205 touchend 77 94 1.4984393119812 1.4984393119812 0 voters 0
do_we_need_to_discuss 1581429777062 360 205 touchstart 102 85 2.2476589679718 2.2476589679718 0 do 0
do_we_need_to_discuss 1581429777083 360 205 touchmove 102 85 2.9968786239624 2.9968786239624 0 do 0
do_we_need_to_discuss 1581429777101 360 205 touchmove 102 85 3.2466185092926 3.2466185092926 0 do 0
do_we_need_to_discuss 1581429777121 360 205 touchmove 102 85 2.7471387386322 2.7471387386322 0 do 0
do_we_need_to_discuss 1581429777133 360 205 touchmove 102 85 2.497398853302 2.497398853302 0 do 0
do_we_need_to_discuss 1581429777150 360 205 touchmove 103 84 2.497398853302 2.497398853302 0 do 0
do_we_need_to_discuss 1581429777168 360 205 touchmove 111 80 3.2466185092926 3.2466185092926 0 do 0
do_we_need_to_discuss 1581429777184 360 205 touchmove 120 76 2.497398853302 2.497398853302 0 do 0
do_we_need_to_discuss 1581429777200 360 205 touchmove 153 59 2.9968786239624 2.9968786239624 0 do 0
do_we_need_to_discuss 1581429777224 360 205 touchmove 175 50 2.497398853302 2.497398853302 0 do 0
do_we_need_to_discuss 1581429777233 360 205 touchmove 185 46 2.2476589679718 2.2476589679718 0 do 0
do_we_need_to_discuss 1581429777251 360 205 touchmove 204 39 2.497398853302 2.497398853302 0 do 0
do_we_need_to_discuss 1581429777268 360 205 touchmove 220 35 1.9979190826416 1.9979190826416 0 do 0
do_we_need_to_discuss 1581429777283 360 205 touchmove 234 32 2.497398853302 2.497398853302 0 do 0
do_we_need_to_discuss 1581429777300 360 205 touchmove 243 31 2.497398853302 2.497398853302 0 do 0
do_we_need_to_discuss 1581429777317 360 205 touchmove 252 31 2.497398853302 2.497398853302 0 do 0
do_we_need_to_discuss 1581429777333 360 205 touchmove 264 31 2.497398853302 2.497398853302 0 do 0
do_we_need_to_discuss 1581429777351 360 205 touchmove 271 31 2.9968786239624 2.9968786239624 0 do 0
do_we_need_to_discuss 1581429777367 360 205 touchmove 274 31 2.7471387386322 2.7471387386322 0 do 0
do_we_need_to_discuss 1581429777384 360 205 touchmove 279 31 2.497398853302 2.497398853302 0 do 0
do_we_need_to_discuss 1581429777402 360 205 touchmove 286 31 2.497398853302 2.497398853302 0 do 0
do_we_need_to_discuss 1581429777418 360 205 touchmove 290 31 2.7471387386322 2.7471387386322 0 do 0
do_we_need_to_discuss 1581429777434 360 205 touchmove 292 31 2.7471387386322 2.7471387386322 0 do 0
do_we_need_to_discuss 1581429777450 360 205 touchmove 295 31 2.9968786239624 2.9968786239624 0 do 0
do_we_need_to_discuss 1581429777470 360 205 touchmove 298 31 2.9968786239624 2.9968786239624 0 do 0
do_we_need_to_discuss 1581429777484 360 205 touchmove 299 31 2.9968786239624 2.9968786239624 0 do 0
do_we_need_to_discuss 1581429777500 360 205 touchmove 300 31 2.9968786239624 2.9968786239624 0 do 0
do_we_need_to_discuss 1581429777518 360 205 touchmove 302 30 2.9968786239624 2.9968786239624 0 do 0
do_we_need_to_discuss 1581429777536 360 205 touchmove 303 30 2.9968786239624 2.9968786239624 0 do 0
do_we_need_to_discuss 1581429777586 360 205 touchmove 303 30 2.9968786239624 2.9968786239624 0 do 0
do_we_need_to_discuss 1581429777610 360 205 touchmove 303 30 3.2466185092926 3.2466185092926 0 do 0
do_we_need_to_discuss 1581429777653 360 205 touchmove 303 30 2.497398853302 2.497398853302 0 do 0
do_we_need_to_discuss 1581429777667 360 205 touchmove 303 30 3.2466185092926 3.2466185092926 0 do 0
do_we_need_to_discuss 1581429777684 360 205 touchmove 303 30 2.9968786239624 2.9968786239624 0 do 0
do_we_need_to_discuss 1581429777735 360 205 touchmove 303 30 2.9968786239624 2.9968786239624 0 do 0
do_we_need_to_discuss 1581429777752 360 205 touchmove 303 30 2.497398853302 2.497398853302 0 do 0
do_we_need_to_discuss 1581429777768 360 205 touchmove 303 30 3.4963583946228 3.4963583946228 0 do 0
do_we_need_to_discuss 1581429777784 360 205 touchmove 303 30 2.497398853302 2.497398853302 0 do 0
do_we_need_to_discuss 1581429777801 360 205 touchmove 303 30 3.2466185092926 3.2466185092926 0 do 0
do_we_need_to_discuss 1581429777817 360 205 touchmove 303 30 2.497398853302 2.497398853302 0 do 0
do_we_need_to_discuss 1581429777835 360 205 touchmove 303 30 2.7471387386322 2.7471387386322 0 do 0
do_we_need_to_discuss 1581429777852 360 205 touchmove 303 30 2.7471387386322 2.7471387386322 0 do 0
do_we_need_to_discuss 1581429777901 360 205 touchmove 303 30 2.497398853302 2.497398853302 0 do 0
do_we_need_to_discuss 1581429777918 360 205 touchmove 303 30 2.9968786239624 2.9968786239624 0 do 0
do_we_need_to_discuss 1581429777935 360 205 touchmove 303 30 2.9968786239624 2.9968786239624 0 do 0
do_we_need_to_discuss 1581429777970 360 205 touchmove 303 30 2.7471387386322 2.7471387386322 0 do 0
do_we_need_to_discuss 1581429777986 360 205 touchmove 303 30 2.9968786239624 2.9968786239624 0 do 0
do_we_need_to_discuss 1581429778002 360 205 touchmove 303 30 2.7471387386322 2.7471387386322 0 do 0
do_we_need_to_discuss 1581429778052 360 205 touchmove 303 30 2.9968786239624 2.9968786239624 0 do 0
do_we_need_to_discuss 1581429778070 360 205 touchmove 303 30 2.7471387386322 2.7471387386322 0 do 0
do_we_need_to_discuss 1581429778086 360 205 touchmove 303 30 2.9968786239624 2.9968786239624 0 do 0
do_we_need_to_discuss 1581429778103 360 205 touchmove 303 30 2.9968786239624 2.9968786239624 0 do 0
do_we_need_to_discuss 1581429778127 360 205 touchmove 303 30 2.7471387386322 2.7471387386322 0 do 0
do_we_need_to_discuss 1581429778168 360 205 touchmove 303 30 2.7471387386322 2.7471387386322 0 do 0
do_we_need_to_discuss 1581429778187 360 205 touchmove 303 30 2.497398853302 2.497398853302 0 do 0
do_we_need_to_discuss 1581429778204 360 205 touchmove 303 30 2.7471387386322 2.7471387386322 0 do 0
do_we_need_to_discuss 1581429778220 360 205 touchmove 303 31 2.2476589679718 2.2476589679718 0 do 0
do_we_need_to_discuss 1581429778236 360 205 touchmove 301 32 1.4984393119812 1.4984393119812 0 do 0
do_we_need_to_discuss 1581429778243 360 205 touchend 301 32 1.4984393119812 1.4984393119812 0 do 0
do_we_need_to_discuss 1581429779807 360 205 touchmove 88 25 3.2466185092926 3.2466185092926 0 we 0
do_we_need_to_discuss 1581429779824 360 205 touchmove 85 26 3.2466185092926 3.2466185092926 0 we 0
do_we_need_to_discuss 1581429779840 360 205 touchmove 85 27 3.2466185092926 3.2466185092926 0 we 0
do_we_need_to_discuss 1581429779856 360 205 touchmove 84 27 3.2466185092926 3.2466185092926 0 we 0
do_we_need_to_discuss 1581429780040 360 205 touchmove 84 27 0.4994797706604 0.4994797706604 0 we 0
do_we_need_to_discuss 1581429780056 360 205 touchmove 85 26 1.7481791973114 1.7481791973114 0 we 0
do_we_need_to_discuss 1581429780059 360 205 touchend 85 26 1.7481791973114 1.7481791973114 0 we 0
do_we_need_to_discuss 1581429780945 360 205 touchmove 258 111 2.497398853302 2.497398853302 0 need 0
do_we_need_to_discuss 1581429780960 360 205 touchmove 260 103 2.9968786239624 2.9968786239624 0 need 0
do_we_need_to_discuss 1581429780975 360 205 touchmove 262 95 2.497398853302 2.497398853302 0 need 0
do_we_need_to_discuss 1581429780992 360 205 touchmove 265 85 1.9979190826416 1.9979190826416 0 need 0
do_we_need_to_discuss 1581429781009 360 205 touchmove 266 82 2.2476589679718 2.2476589679718 0 need 0
do_we_need_to_discuss 1581429781026 360 205 touchmove 268 77 2.497398853302 2.497398853302 0 need 0
do_we_need_to_discuss 1581429781042 360 205 touchmove 269 73 2.2476589679718 2.2476589679718 0 need 0
do_we_need_to_discuss 1581429781063 360 205 touchmove 270 68 2.2476589679718 2.2476589679718 0 need 0
do_we_need_to_discuss 1581429781078 360 205 touchmove 270 64 2.2476589679718 2.2476589679718 0 need 0
do_we_need_to_discuss 1581429781093 360 205 touchmove 270 63 2.2476589679718 2.2476589679718 0 need 0
do_we_need_to_discuss 1581429781109 360 205 touchmove 270 61 2.497398853302 2.497398853302 0 need 0
do_we_need_to_discuss 1581429781127 360 205 touchmove 269 58 2.7471387386322 2.7471387386322 0 need 0
do_we_need_to_discuss 1581429781143 360 205 touchmove 267 54 2.9968786239624 2.9968786239624 0 need 0
do_we_need_to_discuss 1581429781161 360 205 touchmove 265 51 3.2466185092926 3.2466185092926 0 need 0
do_we_need_to_discuss 1581429781176 360 205 touchmove 259 48 2.497398853302 2.497398853302 0 need 0
do_we_need_to_discuss 1581429781194 360 205 touchmove 256 46 2.7471387386322 2.7471387386322 0 need 0
do_we_need_to_discuss 1581429781210 360 205 touchmove 241 43 2.497398853302 2.497398853302 0 need 0
do_we_need_to_discuss 1581429781226 360 205 touchmove 236 42 2.9968786239624 2.9968786239624 0 need 0
do_we_need_to_discuss 1581429781245 360 205 touchmove 217 40 2.7471387386322 2.7471387386322 0 need 0
do_we_need_to_discuss 1581429781260 360 205 touchmove 205 39 2.2476589679718 2.2476589679718 0 need 0
do_we_need_to_discuss 1581429781278 360 205 touchmove 199 38 2.7471387386322 2.7471387386322 0 need 0
do_we_need_to_discuss 1581429781293 360 205 touchmove 188 36 2.497398853302 2.497398853302 0 need 0
do_we_need_to_discuss 1581429781310 360 205 touchmove 177 33 2.9968786239624 2.9968786239624 0 need 0
do_we_need_to_discuss 1581429781327 360 205 touchmove 167 31 3.4963583946228 3.4963583946228 0 need 0
do_we_need_to_discuss 1581429781344 360 205 touchmove 152 28 3.2466185092926 3.2466185092926 0 need 0
do_we_need_to_discuss 1581429781360 360 205 touchmove 145 27 2.9968786239624 2.9968786239624 0 need 0
do_we_need_to_discuss 1581429781377 360 205 touchmove 142 26 2.7471387386322 2.7471387386322 0 need 0
do_we_need_to_discuss 1581429781393 360 205 touchmove 137 26 2.7471387386322 2.7471387386322 0 need 0
do_we_need_to_discuss 1581429781412 360 205 touchmove 129 25 2.9968786239624 2.9968786239624 0 need 0
do_we_need_to_discuss 1581429781428 360 205 touchmove 126 24 2.9968786239624 2.9968786239624 0 need 0
do_we_need_to_discuss 1581429781444 360 205 touchmove 120 23 2.497398853302 2.497398853302 0 need 0
do_we_need_to_discuss 1581429781461 360 205 touchmove 115 21 2.497398853302 2.497398853302 0 need 0
do_we_need_to_discuss 1581429781478 360 205 touchmove 110 20 2.497398853302 2.497398853302 0 need 0
do_we_need_to_discuss 1581429781495 360 205 touchmove 107 18 2.9968786239624 2.9968786239624 0 need 0
do_we_need_to_discuss 1581429781510 360 205 touchmove 104 17 2.9968786239624 2.9968786239624 0 need 0
do_we_need_to_discuss 1581429781527 360 205 touchmove 103 17 2.9968786239624 2.9968786239624 0 need 0
do_we_need_to_discuss 1581429781544 360 205 touchmove 102 17 2.9968786239624 2.9968786239624 0 need 0
do_we_need_to_discuss 1581429781593 360 205 touchmove 101 17 2.9968786239624 2.9968786239624 0 need 0
do_we_need_to_discuss 1581429781611 360 205 touchmove 100 17 2.9968786239624 2.9968786239624 0 need 0
do_we_need_to_discuss 1581429781628 360 205 touchmove 100 16 2.9968786239624 2.9968786239624 0 need 0
do_we_need_to_discuss 1581429781654 360 205 touchmove 100 16 2.7471387386322 2.7471387386322 0 need 0
do_we_need_to_discuss 1581429781662 360 205 touchmove 100 16 2.9968786239624 2.9968786239624 0 need 0
do_we_need_to_discuss 1581429781811 360 205 touchmove 100 16 2.7471387386322 2.7471387386322 0 need 0
do_we_need_to_discuss 1581429781830 360 205 touchmove 100 16 2.9968786239624 2.9968786239624 0 need 0
do_we_need_to_discuss 1581429781847 360 205 touchmove 100 16 2.9968786239624 2.9968786239624 0 need 0
do_we_need_to_discuss 1581429781861 360 205 touchmove 100 16 2.7471387386322 2.7471387386322 0 need 0
do_we_need_to_discuss 1581429781878 360 205 touchmove 100 16 2.7471387386322 2.7471387386322 0 need 0
do_we_need_to_discuss 1581429781979 360 205 touchmove 99 16 2.7471387386322 2.7471387386322 0 need 0
do_we_need_to_discuss 1581429781994 360 205 touchmove 99 16 2.7471387386322 2.7471387386322 0 need 0
do_we_need_to_discuss 1581429782062 360 205 touchmove 99 16 2.9968786239624 2.9968786239624 0 need 0
do_we_need_to_discuss 1581429782078 360 205 touchmove 99 16 2.7471387386322 2.7471387386322 0 need 0
do_we_need_to_discuss 1581429782105 360 205 touchmove 98 16 2.9968786239624 2.9968786239624 0 need 0
do_we_need_to_discuss 1581429782112 360 205 touchmove 98 16 2.7471387386322 2.7471387386322 0 need 0
do_we_need_to_discuss 1581429782129 360 205 touchmove 98 16 2.9968786239624 2.9968786239624 0 need 0
do_we_need_to_discuss 1581429782145 360 205 touchmove 98 16 2.7471387386322 2.7471387386322 0 need 0
do_we_need_to_discuss 1581429782194 360 205 touchmove 98 16 2.9968786239624 2.9968786239624 0 need 0
do_we_need_to_discuss 1581429782228 360 205 touchmove 98 16 2.7471387386322 2.7471387386322 0 need 0
do_we_need_to_discuss 1581429782245 360 205 touchmove 98 16 2.9968786239624 2.9968786239624 0 need 0
do_we_need_to_discuss 1581429782263 360 205 touchmove 98 16 2.9968786239624 2.9968786239624 0 need 0
do_we_need_to_discuss 1581429782288 360 205 touchmove 98 16 2.7471387386322 2.7471387386322 0 need 0
do_we_need_to_discuss 1581429782297 360 205 touchmove 98 16 2.9968786239624 2.9968786239624 0 need 0
do_we_need_to_discuss 1581429782396 360 205 touchmove 98 16 2.9968786239624 2.9968786239624 0 need 0
do_we_need_to_discuss 1581429782446 360 205 touchmove 98 15 2.9968786239624 2.9968786239624 0 need 0
do_we_need_to_discuss 1581429782462 360 205 touchmove 98 15 2.9968786239624 2.9968786239624 0 need 0
do_we_need_to_discuss 1581429782480 360 205 touchmove 98 14 2.9968786239624 2.9968786239624 0 need 0
do_we_need_to_discuss 1581429782496 360 205 touchmove 98 14 2.9968786239624 2.9968786239624 0 need 0
do_we_need_to_discuss 1581429782513 360 205 touchmove 98 13 2.9968786239624 2.9968786239624 0 need 0
do_we_need_to_discuss 1581429782530 360 205 touchmove 98 12 2.9968786239624 2.9968786239624 0 need 0
do_we_need_to_discuss 1581429782591 360 205 touchmove 97 11 3.2466185092926 3.2466185092926 0 need 0
do_we_need_to_discuss 1581429782645 360 205 touchmove 97 11 2.9968786239624 2.9968786239624 0 need 0
do_we_need_to_discuss 1581429782663 360 205 touchmove 96 10 2.9968786239624 2.9968786239624 0 need 0
do_we_need_to_discuss 1581429782680 360 205 touchmove 95 10 2.7471387386322 2.7471387386322 0 need 0
do_we_need_to_discuss 1581429782697 360 205 touchmove 94 10 2.497398853302 2.497398853302 0 need 0
do_we_need_to_discuss 1581429782714 360 205 touchmove 93 12 2.7471387386322 2.7471387386322 0 need 0
do_we_need_to_discuss 1581429782730 360 205 touchmove 90 18 3.2466185092926 3.2466185092926 0 need 0
do_we_need_to_discuss 1581429782747 360 205 touchmove 87 27 2.497398853302 2.497398853302 0 need 0
do_we_need_to_discuss 1581429782763 360 205 touchmove 86 31 2.2476589679718 2.2476589679718 0 need 0
do_we_need_to_discuss 1581429782780 360 205 touchmove 83 39 2.9968786239624 2.9968786239624 0 need 0
do_we_need_to_discuss 1581429782797 360 205 touchmove 81 49 2.497398853302 2.497398853302 0 need 0
do_we_need_to_discuss 1581429782815 360 205 touchmove 80 55 2.7471387386322 2.7471387386322 0 need 0
do_we_need_to_discuss 1581429782832 360 205 touchmove 79 61 2.7471387386322 2.7471387386322 0 need 0
do_we_need_to_discuss 1581429782849 360 205 touchmove 79 65 2.9968786239624 2.9968786239624 0 need 0
do_we_need_to_discuss 1581429782865 360 205 touchmove 79 66 2.9968786239624 2.9968786239624 0 need 0
do_we_need_to_discuss 1581429782881 360 205 touchmove 79 69 2.9968786239624 2.9968786239624 0 need 0
do_we_need_to_discuss 1581429782897 360 205 touchmove 78 69 2.7471387386322 2.7471387386322 0 need 0
do_we_need_to_discuss 1581429782915 360 205 touchmove 78 69 2.7471387386322 2.7471387386322 0 need 0
do_we_need_to_discuss 1581429782930 360 205 touchmove 79 65 3.2466185092926 3.2466185092926 0 need 0
do_we_need_to_discuss 1581429782948 360 205 touchmove 81 58 2.7471387386322 2.7471387386322 0 need 0
do_we_need_to_discuss 1581429782965 360 205 touchmove 83 54 2.497398853302 2.497398853302 0 need 0
do_we_need_to_discuss 1581429782982 360 205 touchmove 91 42 2.7471387386322 2.7471387386322 0 need 0
do_we_need_to_discuss 1581429782999 360 205 touchmove 94 39 2.7471387386322 2.7471387386322 0 need 0
do_we_need_to_discuss 1581429783014 360 205 touchmove 97 34 2.9968786239624 2.9968786239624 0 need 0
do_we_need_to_discuss 1581429783031 360 205 touchmove 100 30 2.9968786239624 2.9968786239624 0 need 0
do_we_need_to_discuss 1581429783047 360 205 touchmove 103 27 2.9968786239624 2.9968786239624 0 need 0
do_we_need_to_discuss 1581429783064 360 205 touchmove 105 23 2.7471387386322 2.7471387386322 0 need 0
do_we_need_to_discuss 1581429783081 360 205 touchmove 106 21 2.7471387386322 2.7471387386322 0 need 0
do_we_need_to_discuss 1581429783101 360 205 touchmove 107 21 2.7471387386322 2.7471387386322 0 need 0
do_we_need_to_discuss 1581429783115 360 205 touchmove 107 20 2.7471387386322 2.7471387386322 0 need 0
do_we_need_to_discuss 1581429783131 360 205 touchmove 107 19 2.7471387386322 2.7471387386322 0 need 0
do_we_need_to_discuss 1581429783147 360 205 touchmove 107 19 2.497398853302 2.497398853302 0 need 0
do_we_need_to_discuss 1581429783163 360 205 touchmove 107 18 2.497398853302 2.497398853302 0 need 0
do_we_need_to_discuss 1581429783180 360 205 touchmove 107 17 2.497398853302 2.497398853302 0 need 0
do_we_need_to_discuss 1581429783200 360 205 touchmove 107 17 2.7471387386322 2.7471387386322 0 need 0
do_we_need_to_discuss 1581429783297 360 205 touchmove 106 17 3.2466185092926 3.2466185092926 0 need 0
do_we_need_to_discuss 1581429783315 360 205 touchmove 106 21 3.2466185092926 3.2466185092926 0 need 0
do_we_need_to_discuss 1581429783331 360 205 touchmove 105 24 2.9968786239624 2.9968786239624 0 need 0
do_we_need_to_discuss 1581429783348 360 205 touchmove 105 31 2.497398853302 2.497398853302 0 need 0
do_we_need_to_discuss 1581429783364 360 205 touchmove 105 38 2.9968786239624 2.9968786239624 0 need 0
do_we_need_to_discuss 1581429783381 360 205 touchmove 105 45 2.9968786239624 2.9968786239624 0 need 0
do_we_need_to_discuss 1581429783398 360 205 touchmove 105 55 2.497398853302 2.497398853302 0 need 0
do_we_need_to_discuss 1581429783414 360 205 touchmove 106 58 2.2476589679718 2.2476589679718 0 need 0
do_we_need_to_discuss 1581429783431 360 205 touchmove 107 62 2.497398853302 2.497398853302 0 need 0
do_we_need_to_discuss 1581429783448 360 205 touchmove 108 66 2.497398853302 2.497398853302 0 need 0
do_we_need_to_discuss 1581429783465 360 205 touchmove 109 67 2.497398853302 2.497398853302 0 need 0
do_we_need_to_discuss 1581429783482 360 205 touchmove 109 69 2.2476589679718 2.2476589679718 0 need 0
do_we_need_to_discuss 1581429783499 360 205 touchmove 109 70 2.497398853302 2.497398853302 0 need 0
do_we_need_to_discuss 1581429783515 360 205 touchmove 109 71 2.497398853302 2.497398853302 0 need 0
do_we_need_to_discuss 1581429783531 360 205 touchmove 109 72 2.7471387386322 2.7471387386322 0 need 0
do_we_need_to_discuss 1581429783631 360 205 touchmove 109 72 2.7471387386322 2.7471387386322 0 need 0
do_we_need_to_discuss 1581429783649 360 205 touchmove 109 72 2.7471387386322 2.7471387386322 0 need 0
do_we_need_to_discuss 1581429783676 360 205 touchmove 109 72 1.9979190826416 1.9979190826416 0 need 0
do_we_need_to_discuss 1581429783698 360 205 touchmove 109 72 0.4994797706604 0.4994797706604 0 need 0
do_we_need_to_discuss 1581429783707 360 205 touchend 109 72 0.4994797706604 0.4994797706604 0 need 0
