sentence timestamp keyb_width keyb_height event x_pos y_pos x_radius y_radius angle word is_err
ipaq_bound_friend_democrat 1583405570390 411 265 touchstart 305 42 0.537109375 0.537109375 0 ipaq 0
ipaq_bound_friend_democrat 1583405570431 411 265 touchmove 304 42 0.537109375 0.537109375 0 ipaq 0
ipaq_bound_friend_democrat 1583405570447 411 265 touchmove 298 43 0.61383926868439 0.61383926868439 0 ipaq 0
ipaq_bound_friend_democrat 1583405570462 411 265 touchmove 285 46 0.61383926868439 0.61383926868439 0 ipaq 0
ipaq_bound_friend_democrat 1583405570480 411 265 touchmove 269 50 0.537109375 0.537109375 0 ipaq 0
ipaq_bound_friend_democrat 1583405570494 411 265 touchmove 251 54 0.537109375 0.537109375 0 ipaq 0
ipaq_bound_friend_democrat 1583405570510 411 265 touchmove 229 57 0.46037948131561 0.46037948131561 0 ipaq 0
ipaq_bound_friend_democrat 1583405570527 411 265 touchmove 207 59 0.46037948131561 0.46037948131561 0 ipaq 0
ipaq_bound_friend_democrat 1583405570544 411 265 touchmove 188 62 0.537109375 0.537109375 0 ipaq 0
ipaq_bound_friend_democrat 1583405570560 411 265 touchmove 173 66 0.537109375 0.537109375 0 ipaq 0
ipaq_bound_friend_democrat 1583405570577 411 265 touchmove 166 69 0.537109375 0.537109375 0 ipaq 0
ipaq_bound_friend_democrat 1583405570594 411 265 touchmove 164 69 0.537109375 0.537109375 0 ipaq 0
ipaq_bound_friend_democrat 1583405570610 411 265 touchmove 168 69 0.537109375 0.537109375 0 ipaq 0
ipaq_bound_friend_democrat 1583405570626 411 265 touchmove 182 68 0.46037948131561 0.46037948131561 0 ipaq 0
ipaq_bound_friend_democrat 1583405570643 411 265 touchmove 205 66 0.537109375 0.537109375 0 ipaq 0
ipaq_bound_friend_democrat 1583405570663 411 265 touchmove 234 63 0.537109375 0.537109375 0 ipaq 0
ipaq_bound_friend_democrat 1583405570678 411 265 touchmove 267 57 0.46037948131561 0.46037948131561 0 ipaq 0
ipaq_bound_friend_democrat 1583405570694 411 265 touchmove 302 51 0.537109375 0.537109375 0 ipaq 0
ipaq_bound_friend_democrat 1583405570710 411 265 touchmove 333 47 0.46037948131561 0.46037948131561 0 ipaq 0
ipaq_bound_friend_democrat 1583405570726 411 265 touchmove 359 45 0.46037948131561 0.46037948131561 0 ipaq 0
ipaq_bound_friend_democrat 1583405570743 411 265 touchmove 380 42 0.3836495578289 0.3836495578289 0 ipaq 0
ipaq_bound_friend_democrat 1583405570760 411 265 touchmove 392 41 0.3836495578289 0.3836495578289 0 ipaq 0
ipaq_bound_friend_democrat 1583405570777 411 265 touchmove 398 40 0.30691963434219 0.30691963434219 0 ipaq 0
ipaq_bound_friend_democrat 1583405570793 411 265 touchmove 401 40 0.30691963434219 0.30691963434219 0 ipaq 0
ipaq_bound_friend_democrat 1583405570809 411 265 touchmove 403 40 0.30691963434219 0.30691963434219 0 ipaq 0
ipaq_bound_friend_democrat 1583405570826 411 265 touchmove 404 40 0.30691963434219 0.30691963434219 0 ipaq 0
ipaq_bound_friend_democrat 1583405570844 411 265 touchmove 405 41 0.30691963434219 0.30691963434219 0 ipaq 0
ipaq_bound_friend_democrat 1583405570861 411 265 touchmove 405 41 0.30691963434219 0.30691963434219 0 ipaq 0
ipaq_bound_friend_democrat 1583405570876 411 265 touchmove 405 41 0.30691963434219 0.30691963434219 0 ipaq 0
ipaq_bound_friend_democrat 1583405570893 411 265 touchmove 405 41 0.3836495578289 0.3836495578289 0 ipaq 0
ipaq_bound_friend_democrat 1583405570910 411 265 touchmove 399 42 0.3836495578289 0.3836495578289 0 ipaq 0
ipaq_bound_friend_democrat 1583405570926 411 265 touchmove 381 44 0.46037948131561 0.46037948131561 0 ipaq 0
ipaq_bound_friend_democrat 1583405570944 411 265 touchmove 359 47 0.3836495578289 0.3836495578289 0 ipaq 0
ipaq_bound_friend_democrat 1583405570960 411 265 touchmove 336 50 0.46037948131561 0.46037948131561 0 ipaq 0
ipaq_bound_friend_democrat 1583405570976 411 265 touchmove 311 53 0.46037948131561 0.46037948131561 0 ipaq 0
ipaq_bound_friend_democrat 1583405570994 411 265 touchmove 282 57 0.46037948131561 0.46037948131561 0 ipaq 0
ipaq_bound_friend_democrat 1583405571010 411 265 touchmove 253 62 0.537109375 0.537109375 0 ipaq 0
ipaq_bound_friend_democrat 1583405571027 411 265 touchmove 222 68 0.61383926868439 0.61383926868439 0 ipaq 0
ipaq_bound_friend_democrat 1583405571043 411 265 touchmove 191 75 0.537109375 0.537109375 0 ipaq 0
ipaq_bound_friend_democrat 1583405571060 411 265 touchmove 162 82 0.537109375 0.537109375 0 ipaq 0
ipaq_bound_friend_democrat 1583405571076 411 265 touchmove 131 90 0.46037948131561 0.46037948131561 0 ipaq 0
ipaq_bound_friend_democrat 1583405571096 411 265 touchmove 104 96 0.3836495578289 0.3836495578289 0 ipaq 0
ipaq_bound_friend_democrat 1583405571112 411 265 touchmove 84 100 0.46037948131561 0.46037948131561 0 ipaq 0
ipaq_bound_friend_democrat 1583405571127 411 265 touchmove 70 103 0.46037948131561 0.46037948131561 0 ipaq 0
ipaq_bound_friend_democrat 1583405571143 411 265 touchmove 61 105 0.46037948131561 0.46037948131561 0 ipaq 0
ipaq_bound_friend_democrat 1583405571162 411 265 touchmove 55 107 0.3836495578289 0.3836495578289 0 ipaq 0
ipaq_bound_friend_democrat 1583405571178 411 265 touchmove 50 108 0.3836495578289 0.3836495578289 0 ipaq 0
ipaq_bound_friend_democrat 1583405571194 411 265 touchmove 45 109 0.46037948131561 0.46037948131561 0 ipaq 0
ipaq_bound_friend_democrat 1583405571210 411 265 touchmove 41 111 0.46037948131561 0.46037948131561 0 ipaq 0
ipaq_bound_friend_democrat 1583405571226 411 265 touchmove 39 112 0.46037948131561 0.46037948131561 0 ipaq 0
ipaq_bound_friend_democrat 1583405571244 411 265 touchmove 38 113 0.46037948131561 0.46037948131561 0 ipaq 0
ipaq_bound_friend_democrat 1583405571261 411 265 touchmove 38 115 0.46037948131561 0.46037948131561 0 ipaq 0
ipaq_bound_friend_democrat 1583405571277 411 265 touchmove 39 116 0.46037948131561 0.46037948131561 0 ipaq 0
ipaq_bound_friend_democrat 1583405571294 411 265 touchmove 39 116 0.46037948131561 0.46037948131561 0 ipaq 0
ipaq_bound_friend_democrat 1583405571310 411 265 touchmove 40 116 0.46037948131561 0.46037948131561 0 ipaq 0
ipaq_bound_friend_democrat 1583405571327 411 265 touchmove 40 115 0.46037948131561 0.46037948131561 0 ipaq 0
ipaq_bound_friend_democrat 1583405571344 411 265 touchmove 40 115 0.46037948131561 0.46037948131561 0 ipaq 0
ipaq_bound_friend_democrat 1583405571360 411 265 touchmove 39 114 0.46037948131561 0.46037948131561 0 ipaq 0
ipaq_bound_friend_democrat 1583405571376 411 265 touchmove 38 113 0.46037948131561 0.46037948131561 0 ipaq 0
ipaq_bound_friend_democrat 1583405571393 411 265 touchmove 36 109 0.46037948131561 0.46037948131561 0 ipaq 0
ipaq_bound_friend_democrat 1583405571410 411 265 touchmove 31 102 0.3836495578289 0.3836495578289 0 ipaq 0
ipaq_bound_friend_democrat 1583405571427 411 265 touchmove 26 91 0.3836495578289 0.3836495578289 0 ipaq 0
ipaq_bound_friend_democrat 1583405571443 411 265 touchmove 23 78 0.3836495578289 0.3836495578289 0 ipaq 0
ipaq_bound_friend_democrat 1583405571459 411 265 touchmove 22 66 0.3836495578289 0.3836495578289 0 ipaq 0
ipaq_bound_friend_democrat 1583405571476 411 265 touchmove 21 55 0.3836495578289 0.3836495578289 0 ipaq 0
ipaq_bound_friend_democrat 1583405571493 411 265 touchmove 20 48 0.3836495578289 0.3836495578289 0 ipaq 0
ipaq_bound_friend_democrat 1583405571509 411 265 touchmove 20 42 0.3836495578289 0.3836495578289 0 ipaq 0
ipaq_bound_friend_democrat 1583405571527 411 265 touchmove 18 36 0.30691963434219 0.30691963434219 0 ipaq 0
ipaq_bound_friend_democrat 1583405571543 411 265 touchmove 16 32 0.3836495578289 0.3836495578289 0 ipaq 0
ipaq_bound_friend_democrat 1583405571557 411 265 touchmove 11 26 0.3836495578289 0.3836495578289 0 ipaq 0
ipaq_bound_friend_democrat 1583405571560 411 265 touchend 11 26 0.3836495578289 0.3836495578289 0 ipaq 0
ipaq_bound_friend_democrat 1583405573012 411 265 touchstart 243 187 0.46037948131561 0.46037948131561 0 bound 0
ipaq_bound_friend_democrat 1583405573047 411 265 touchmove 243 188 0.46037948131561 0.46037948131561 0 bound 0
ipaq_bound_friend_democrat 1583405573092 411 265 touchmove 246 184 0.537109375 0.537109375 0 bound 0
ipaq_bound_friend_democrat 1583405573109 411 265 touchmove 256 177 0.46037948131561 0.46037948131561 0 bound 0
ipaq_bound_friend_democrat 1583405573125 411 265 touchmove 267 165 0.46037948131561 0.46037948131561 0 bound 0
ipaq_bound_friend_democrat 1583405573142 411 265 touchmove 282 148 0.3836495578289 0.3836495578289 0 bound 0
ipaq_bound_friend_democrat 1583405573160 411 265 touchmove 299 130 0.46037948131561 0.46037948131561 0 bound 0
ipaq_bound_friend_democrat 1583405573176 411 265 touchmove 316 111 0.46037948131561 0.46037948131561 0 bound 0
ipaq_bound_friend_democrat 1583405573192 411 265 touchmove 328 94 0.3836495578289 0.3836495578289 0 bound 0
ipaq_bound_friend_democrat 1583405573211 411 265 touchmove 336 82 0.46037948131561 0.46037948131561 0 bound 0
ipaq_bound_friend_democrat 1583405573227 411 265 touchmove 341 69 0.46037948131561 0.46037948131561 0 bound 0
ipaq_bound_friend_democrat 1583405573242 411 265 touchmove 345 60 0.46037948131561 0.46037948131561 0 bound 0
ipaq_bound_friend_democrat 1583405573259 411 265 touchmove 346 54 0.46037948131561 0.46037948131561 0 bound 0
ipaq_bound_friend_democrat 1583405573278 411 265 touchmove 346 49 0.46037948131561 0.46037948131561 0 bound 0
ipaq_bound_friend_democrat 1583405573292 411 265 touchmove 346 46 0.46037948131561 0.46037948131561 0 bound 0
ipaq_bound_friend_democrat 1583405573311 411 265 touchmove 345 44 0.46037948131561 0.46037948131561 0 bound 0
ipaq_bound_friend_democrat 1583405573326 411 265 touchmove 345 43 0.46037948131561 0.46037948131561 0 bound 0
ipaq_bound_friend_democrat 1583405573342 411 265 touchmove 343 42 0.46037948131561 0.46037948131561 0 bound 0
ipaq_bound_friend_democrat 1583405573359 411 265 touchmove 339 41 0.46037948131561 0.46037948131561 0 bound 0
ipaq_bound_friend_democrat 1583405573376 411 265 touchmove 331 39 0.46037948131561 0.46037948131561 0 bound 0
ipaq_bound_friend_democrat 1583405573392 411 265 touchmove 318 39 0.46037948131561 0.46037948131561 0 bound 0
ipaq_bound_friend_democrat 1583405573410 411 265 touchmove 302 39 0.537109375 0.537109375 0 bound 0
ipaq_bound_friend_democrat 1583405573426 411 265 touchmove 286 40 0.537109375 0.537109375 0 bound 0
ipaq_bound_friend_democrat 1583405573443 411 265 touchmove 272 41 0.537109375 0.537109375 0 bound 0
ipaq_bound_friend_democrat 1583405573462 411 265 touchmove 260 42 0.46037948131561 0.46037948131561 0 bound 0
ipaq_bound_friend_democrat 1583405573477 411 265 touchmove 252 43 0.537109375 0.537109375 0 bound 0
ipaq_bound_friend_democrat 1583405573492 411 265 touchmove 248 42 0.537109375 0.537109375 0 bound 0
ipaq_bound_friend_democrat 1583405573508 411 265 touchmove 246 41 0.537109375 0.537109375 0 bound 0
ipaq_bound_friend_democrat 1583405573526 411 265 touchmove 246 41 0.537109375 0.537109375 0 bound 0
ipaq_bound_friend_democrat 1583405573542 411 265 touchmove 246 40 0.537109375 0.537109375 0 bound 0
ipaq_bound_friend_democrat 1583405573559 411 265 touchmove 246 40 0.537109375 0.537109375 0 bound 0
ipaq_bound_friend_democrat 1583405573575 411 265 touchmove 247 41 0.537109375 0.537109375 0 bound 0
ipaq_bound_friend_democrat 1583405573592 411 265 touchmove 249 44 0.537109375 0.537109375 0 bound 0
ipaq_bound_friend_democrat 1583405573610 411 265 touchmove 254 52 0.61383926868439 0.61383926868439 0 bound 0
ipaq_bound_friend_democrat 1583405573626 411 265 touchmove 259 63 0.46037948131561 0.46037948131561 0 bound 0
ipaq_bound_friend_democrat 1583405573642 411 265 touchmove 263 73 0.46037948131561 0.46037948131561 0 bound 0
ipaq_bound_friend_democrat 1583405573660 411 265 touchmove 267 83 0.46037948131561 0.46037948131561 0 bound 0
ipaq_bound_friend_democrat 1583405573676 411 265 touchmove 269 94 0.46037948131561 0.46037948131561 0 bound 0
ipaq_bound_friend_democrat 1583405573692 411 265 touchmove 270 108 0.46037948131561 0.46037948131561 0 bound 0
ipaq_bound_friend_democrat 1583405573710 411 265 touchmove 271 122 0.46037948131561 0.46037948131561 0 bound 0
ipaq_bound_friend_democrat 1583405573728 411 265 touchmove 271 137 0.46037948131561 0.46037948131561 0 bound 0
ipaq_bound_friend_democrat 1583405573744 411 265 touchmove 271 152 0.46037948131561 0.46037948131561 0 bound 0
ipaq_bound_friend_democrat 1583405573762 411 265 touchmove 272 164 0.46037948131561 0.46037948131561 0 bound 0
ipaq_bound_friend_democrat 1583405573778 411 265 touchmove 272 173 0.46037948131561 0.46037948131561 0 bound 0
ipaq_bound_friend_democrat 1583405573794 411 265 touchmove 273 179 0.46037948131561 0.46037948131561 0 bound 0
ipaq_bound_friend_democrat 1583405573809 411 265 touchmove 275 182 0.46037948131561 0.46037948131561 0 bound 0
ipaq_bound_friend_democrat 1583405573826 411 265 touchmove 277 184 0.46037948131561 0.46037948131561 0 bound 0
ipaq_bound_friend_democrat 1583405573843 411 265 touchmove 279 186 0.46037948131561 0.46037948131561 0 bound 0
ipaq_bound_friend_democrat 1583405573859 411 265 touchmove 280 188 0.46037948131561 0.46037948131561 0 bound 0
ipaq_bound_friend_democrat 1583405573875 411 265 touchmove 281 189 0.3836495578289 0.3836495578289 0 bound 0
ipaq_bound_friend_democrat 1583405573892 411 265 touchmove 281 192 0.3836495578289 0.3836495578289 0 bound 0
ipaq_bound_friend_democrat 1583405573909 411 265 touchmove 280 195 0.46037948131561 0.46037948131561 0 bound 0
ipaq_bound_friend_democrat 1583405573925 411 265 touchmove 280 199 0.3836495578289 0.3836495578289 0 bound 0
ipaq_bound_friend_democrat 1583405573943 411 265 touchmove 280 202 0.3836495578289 0.3836495578289 0 bound 0
ipaq_bound_friend_democrat 1583405573959 411 265 touchmove 279 204 0.3836495578289 0.3836495578289 0 bound 0
ipaq_bound_friend_democrat 1583405573975 411 265 touchmove 278 205 0.46037948131561 0.46037948131561 0 bound 0
ipaq_bound_friend_democrat 1583405573992 411 265 touchmove 277 205 0.46037948131561 0.46037948131561 0 bound 0
ipaq_bound_friend_democrat 1583405574010 411 265 touchmove 275 204 0.3836495578289 0.3836495578289 0 bound 0
ipaq_bound_friend_democrat 1583405574026 411 265 touchmove 272 201 0.46037948131561 0.46037948131561 0 bound 0
ipaq_bound_friend_democrat 1583405574042 411 265 touchmove 266 195 0.3836495578289 0.3836495578289 0 bound 0
ipaq_bound_friend_democrat 1583405574058 411 265 touchmove 257 188 0.3836495578289 0.3836495578289 0 bound 0
ipaq_bound_friend_democrat 1583405574075 411 265 touchmove 246 180 0.3836495578289 0.3836495578289 0 bound 0
ipaq_bound_friend_democrat 1583405574092 411 265 touchmove 233 172 0.46037948131561 0.46037948131561 0 bound 0
ipaq_bound_friend_democrat 1583405574109 411 265 touchmove 220 164 0.46037948131561 0.46037948131561 0 bound 0
ipaq_bound_friend_democrat 1583405574126 411 265 touchmove 206 157 0.46037948131561 0.46037948131561 0 bound 0
ipaq_bound_friend_democrat 1583405574142 411 265 touchmove 193 150 0.46037948131561 0.46037948131561 0 bound 0
ipaq_bound_friend_democrat 1583405574160 411 265 touchmove 179 142 0.46037948131561 0.46037948131561 0 bound 0
ipaq_bound_friend_democrat 1583405574176 411 265 touchmove 166 136 0.46037948131561 0.46037948131561 0 bound 0
ipaq_bound_friend_democrat 1583405574192 411 265 touchmove 153 131 0.46037948131561 0.46037948131561 0 bound 0
ipaq_bound_friend_democrat 1583405574210 411 265 touchmove 141 127 0.537109375 0.537109375 0 bound 0
ipaq_bound_friend_democrat 1583405574227 411 265 touchmove 131 123 0.46037948131561 0.46037948131561 0 bound 0
ipaq_bound_friend_democrat 1583405574244 411 265 touchmove 123 121 0.537109375 0.537109375 0 bound 0
ipaq_bound_friend_democrat 1583405574259 411 265 touchmove 118 119 0.46037948131561 0.46037948131561 0 bound 0
ipaq_bound_friend_democrat 1583405574276 411 265 touchmove 114 122 0.537109375 0.537109375 0 bound 0
ipaq_bound_friend_democrat 1583405574283 411 265 touchmove 113 122 0.537109375 0.537109375 0 bound 0
ipaq_bound_friend_democrat 1583405574285 411 265 touchend 113 122 0.537109375 0.537109375 0 bound 0
ipaq_bound_friend_democrat 1583405575025 411 265 touchstart 174 120 0.3836495578289 0.3836495578289 0 friend 0
ipaq_bound_friend_democrat 1583405575092 411 265 touchmove 170 113 0.46037948131561 0.46037948131561 0 friend 0
ipaq_bound_friend_democrat 1583405575108 411 265 touchmove 163 101 0.3836495578289 0.3836495578289 0 friend 0
ipaq_bound_friend_democrat 1583405575125 411 265 touchmove 158 90 0.46037948131561 0.46037948131561 0 friend 0
ipaq_bound_friend_democrat 1583405575144 411 265 touchmove 154 75 0.537109375 0.537109375 0 friend 0
ipaq_bound_friend_democrat 1583405575160 411 265 touchmove 150 59 0.46037948131561 0.46037948131561 0 friend 0
ipaq_bound_friend_democrat 1583405575175 411 265 touchmove 148 47 0.537109375 0.537109375 0 friend 0
ipaq_bound_friend_democrat 1583405575191 411 265 touchmove 145 34 0.46037948131561 0.46037948131561 0 friend 0
ipaq_bound_friend_democrat 1583405575209 411 265 touchmove 143 25 0.46037948131561 0.46037948131561 0 friend 0
ipaq_bound_friend_democrat 1583405575226 411 265 touchmove 143 19 0.537109375 0.537109375 0 friend 0
ipaq_bound_friend_democrat 1583405575242 411 265 touchmove 143 16 0.537109375 0.537109375 0 friend 0
ipaq_bound_friend_democrat 1583405575258 411 265 touchmove 146 15 0.537109375 0.537109375 0 friend 0
ipaq_bound_friend_democrat 1583405575275 411 265 touchmove 152 17 0.46037948131561 0.46037948131561 0 friend 0
ipaq_bound_friend_democrat 1583405575291 411 265 touchmove 164 20 0.46037948131561 0.46037948131561 0 friend 0
ipaq_bound_friend_democrat 1583405575310 411 265 touchmove 178 25 0.3836495578289 0.3836495578289 0 friend 0
ipaq_bound_friend_democrat 1583405575328 411 265 touchmove 196 31 0.46037948131561 0.46037948131561 0 friend 0
ipaq_bound_friend_democrat 1583405575343 411 265 touchmove 215 34 0.46037948131561 0.46037948131561 0 friend 0
ipaq_bound_friend_democrat 1583405575359 411 265 touchmove 235 35 0.537109375 0.537109375 0 friend 0
ipaq_bound_friend_democrat 1583405575375 411 265 touchmove 256 35 0.537109375 0.537109375 0 friend 0
ipaq_bound_friend_democrat 1583405575392 411 265 touchmove 275 34 0.537109375 0.537109375 0 friend 0
ipaq_bound_friend_democrat 1583405575409 411 265 touchmove 292 32 0.537109375 0.537109375 0 friend 0
ipaq_bound_friend_democrat 1583405575425 411 265 touchmove 307 32 0.537109375 0.537109375 0 friend 0
ipaq_bound_friend_democrat 1583405575469 411 265 touchmove 317 31 0.46037948131561 0.46037948131561 0 friend 0
ipaq_bound_friend_democrat 1583405575491 411 265 touchmove 326 30 0.537109375 0.537109375 0 friend 0
ipaq_bound_friend_democrat 1583405575508 411 265 touchmove 322 30 0.46037948131561 0.46037948131561 0 friend 0
ipaq_bound_friend_democrat 1583405575524 411 265 touchmove 309 31 0.46037948131561 0.46037948131561 0 friend 0
ipaq_bound_friend_democrat 1583405575541 411 265 touchmove 285 33 0.46037948131561 0.46037948131561 0 friend 0
ipaq_bound_friend_democrat 1583405575557 411 265 touchmove 257 36 0.46037948131561 0.46037948131561 0 friend 0
ipaq_bound_friend_democrat 1583405575574 411 265 touchmove 228 38 0.537109375 0.537109375 0 friend 0
ipaq_bound_friend_democrat 1583405575590 411 265 touchmove 197 41 0.537109375 0.537109375 0 friend 0
ipaq_bound_friend_democrat 1583405575608 411 265 touchmove 166 45 0.46037948131561 0.46037948131561 0 friend 0
ipaq_bound_friend_democrat 1583405575624 411 265 touchmove 137 49 0.46037948131561 0.46037948131561 0 friend 0
ipaq_bound_friend_democrat 1583405575641 411 265 touchmove 113 52 0.537109375 0.537109375 0 friend 0
ipaq_bound_friend_democrat 1583405575657 411 265 touchmove 97 52 0.46037948131561 0.46037948131561 0 friend 0
ipaq_bound_friend_democrat 1583405575673 411 265 touchmove 85 51 0.46037948131561 0.46037948131561 0 friend 0
ipaq_bound_friend_democrat 1583405575690 411 265 touchmove 80 50 0.3836495578289 0.3836495578289 0 friend 0
ipaq_bound_friend_democrat 1583405575706 411 265 touchmove 79 49 0.46037948131561 0.46037948131561 0 friend 0
ipaq_bound_friend_democrat 1583405575723 411 265 touchmove 80 48 0.46037948131561 0.46037948131561 0 friend 0
ipaq_bound_friend_democrat 1583405575741 411 265 touchmove 84 49 0.46037948131561 0.46037948131561 0 friend 0
ipaq_bound_friend_democrat 1583405575758 411 265 touchmove 93 49 0.46037948131561 0.46037948131561 0 friend 0
ipaq_bound_friend_democrat 1583405575774 411 265 touchmove 104 54 0.3836495578289 0.3836495578289 0 friend 0
ipaq_bound_friend_democrat 1583405575791 411 265 touchmove 112 63 0.537109375 0.537109375 0 friend 0
ipaq_bound_friend_democrat 1583405575808 411 265 touchmove 121 72 0.3836495578289 0.3836495578289 0 friend 0
ipaq_bound_friend_democrat 1583405575825 411 265 touchmove 131 83 0.537109375 0.537109375 0 friend 0
ipaq_bound_friend_democrat 1583405575841 411 265 touchmove 143 94 0.46037948131561 0.46037948131561 0 friend 0
ipaq_bound_friend_democrat 1583405575859 411 265 touchmove 156 105 0.537109375 0.537109375 0 friend 0
ipaq_bound_friend_democrat 1583405575875 411 265 touchmove 170 117 0.537109375 0.537109375 0 friend 0
ipaq_bound_friend_democrat 1583405575891 411 265 touchmove 183 128 0.537109375 0.537109375 0 friend 0
ipaq_bound_friend_democrat 1583405575908 411 265 touchmove 196 139 0.46037948131561 0.46037948131561 0 friend 0
ipaq_bound_friend_democrat 1583405575924 411 265 touchmove 209 150 0.46037948131561 0.46037948131561 0 friend 0
ipaq_bound_friend_democrat 1583405575941 411 265 touchmove 221 158 0.46037948131561 0.46037948131561 0 friend 0
ipaq_bound_friend_democrat 1583405575958 411 265 touchmove 231 166 0.46037948131561 0.46037948131561 0 friend 0
ipaq_bound_friend_democrat 1583405575975 411 265 touchmove 240 171 0.46037948131561 0.46037948131561 0 friend 0
ipaq_bound_friend_democrat 1583405575991 411 265 touchmove 248 175 0.46037948131561 0.46037948131561 0 friend 0
ipaq_bound_friend_democrat 1583405576008 411 265 touchmove 255 179 0.46037948131561 0.46037948131561 0 friend 0
ipaq_bound_friend_democrat 1583405576025 411 265 touchmove 264 182 0.46037948131561 0.46037948131561 0 friend 0
ipaq_bound_friend_democrat 1583405576042 411 265 touchmove 273 184 0.3836495578289 0.3836495578289 0 friend 0
ipaq_bound_friend_democrat 1583405576058 411 265 touchmove 281 186 0.3836495578289 0.3836495578289 0 friend 0
ipaq_bound_friend_democrat 1583405576075 411 265 touchmove 287 187 0.46037948131561 0.46037948131561 0 friend 0
ipaq_bound_friend_democrat 1583405576091 411 265 touchmove 291 187 0.46037948131561 0.46037948131561 0 friend 0
ipaq_bound_friend_democrat 1583405576109 411 265 touchmove 292 188 0.46037948131561 0.46037948131561 0 friend 0
ipaq_bound_friend_democrat 1583405576126 411 265 touchmove 293 188 0.537109375 0.537109375 0 friend 0
ipaq_bound_friend_democrat 1583405576144 411 265 touchmove 292 189 0.537109375 0.537109375 0 friend 0
ipaq_bound_friend_democrat 1583405576160 411 265 touchmove 289 191 0.46037948131561 0.46037948131561 0 friend 0
ipaq_bound_friend_democrat 1583405576175 411 265 touchmove 280 194 0.46037948131561 0.46037948131561 0 friend 0
ipaq_bound_friend_democrat 1583405576191 411 265 touchmove 268 197 0.3836495578289 0.3836495578289 0 friend 0
ipaq_bound_friend_democrat 1583405576208 411 265 touchmove 254 199 0.3836495578289 0.3836495578289 0 friend 0
ipaq_bound_friend_democrat 1583405576225 411 265 touchmove 238 198 0.30691963434219 0.30691963434219 0 friend 0
ipaq_bound_friend_democrat 1583405576241 411 265 touchmove 221 194 0.3836495578289 0.3836495578289 0 friend 0
ipaq_bound_friend_democrat 1583405576258 411 265 touchmove 204 188 0.46037948131561 0.46037948131561 0 friend 0
ipaq_bound_friend_democrat 1583405576274 411 265 touchmove 186 180 0.3836495578289 0.3836495578289 0 friend 0
ipaq_bound_friend_democrat 1583405576291 411 265 touchmove 169 170 0.46037948131561 0.46037948131561 0 friend 0
ipaq_bound_friend_democrat 1583405576308 411 265 touchmove 154 160 0.46037948131561 0.46037948131561 0 friend 0
ipaq_bound_friend_democrat 1583405576324 411 265 touchmove 139 150 0.537109375 0.537109375 0 friend 0
ipaq_bound_friend_democrat 1583405576341 411 265 touchmove 127 140 0.46037948131561 0.46037948131561 0 friend 0
ipaq_bound_friend_democrat 1583405576358 411 265 touchmove 116 131 0.46037948131561 0.46037948131561 0 friend 0
ipaq_bound_friend_democrat 1583405576374 411 265 touchmove 107 123 0.3836495578289 0.3836495578289 0 friend 0
ipaq_bound_friend_democrat 1583405576392 411 265 touchmove 101 117 0.46037948131561 0.46037948131561 0 friend 0
ipaq_bound_friend_democrat 1583405576409 411 265 touchmove 99 113 0.46037948131561 0.46037948131561 0 friend 0
ipaq_bound_friend_democrat 1583405576425 411 265 touchmove 98 111 0.46037948131561 0.46037948131561 0 friend 0
ipaq_bound_friend_democrat 1583405576441 411 265 touchmove 100 111 0.46037948131561 0.46037948131561 0 friend 0
ipaq_bound_friend_democrat 1583405576458 411 265 touchmove 106 113 0.3836495578289 0.3836495578289 0 friend 0
ipaq_bound_friend_democrat 1583405576475 411 265 touchmove 111 116 0.46037948131561 0.46037948131561 0 friend 0
ipaq_bound_friend_democrat 1583405576478 411 265 touchend 111 116 0.46037948131561 0.46037948131561 0 friend 0
ipaq_bound_friend_democrat 1583405577696 411 265 touchstart 129 118 0.46037948131561 0.46037948131561 0 democrat 0
ipaq_bound_friend_democrat 1583405577726 411 265 touchmove 129 117 0.46037948131561 0.46037948131561 0 democrat 0
ipaq_bound_friend_democrat 1583405577742 411 265 touchmove 129 116 0.46037948131561 0.46037948131561 0 democrat 0
ipaq_bound_friend_democrat 1583405577758 411 265 touchmove 128 107 0.46037948131561 0.46037948131561 0 democrat 0
ipaq_bound_friend_democrat 1583405577775 411 265 touchmove 127 97 0.46037948131561 0.46037948131561 0 democrat 0
ipaq_bound_friend_democrat 1583405577790 411 265 touchmove 124 83 0.46037948131561 0.46037948131561 0 democrat 0
ipaq_bound_friend_democrat 1583405577807 411 265 touchmove 120 68 0.3836495578289 0.3836495578289 0 democrat 0
ipaq_bound_friend_democrat 1583405577823 411 265 touchmove 116 53 0.3836495578289 0.3836495578289 0 democrat 0
ipaq_bound_friend_democrat 1583405577841 411 265 touchmove 111 43 0.46037948131561 0.46037948131561 0 democrat 0
ipaq_bound_friend_democrat 1583405577857 411 265 touchmove 109 37 0.46037948131561 0.46037948131561 0 democrat 0
ipaq_bound_friend_democrat 1583405577876 411 265 touchmove 107 34 0.46037948131561 0.46037948131561 0 democrat 0
ipaq_bound_friend_democrat 1583405577891 411 265 touchmove 107 34 0.46037948131561 0.46037948131561 0 democrat 0
ipaq_bound_friend_democrat 1583405577910 411 265 touchmove 108 36 0.46037948131561 0.46037948131561 0 democrat 0
ipaq_bound_friend_democrat 1583405577925 411 265 touchmove 115 42 0.46037948131561 0.46037948131561 0 democrat 0
ipaq_bound_friend_democrat 1583405577942 411 265 touchmove 127 60 0.3836495578289 0.3836495578289 0 democrat 0
ipaq_bound_friend_democrat 1583405577957 411 265 touchmove 143 78 0.46037948131561 0.46037948131561 0 democrat 0
ipaq_bound_friend_democrat 1583405577974 411 265 touchmove 165 98 0.46037948131561 0.46037948131561 0 democrat 0
ipaq_bound_friend_democrat 1583405577991 411 265 touchmove 187 120 0.46037948131561 0.46037948131561 0 democrat 0
ipaq_bound_friend_democrat 1583405578007 411 265 touchmove 210 138 0.46037948131561 0.46037948131561 0 democrat 0
ipaq_bound_friend_democrat 1583405578026 411 265 touchmove 231 152 0.46037948131561 0.46037948131561 0 democrat 0
ipaq_bound_friend_democrat 1583405578041 411 265 touchmove 250 162 0.46037948131561 0.46037948131561 0 democrat 0
ipaq_bound_friend_democrat 1583405578058 411 265 touchmove 267 173 0.46037948131561 0.46037948131561 0 democrat 0
ipaq_bound_friend_democrat 1583405578074 411 265 touchmove 283 181 0.3836495578289 0.3836495578289 0 democrat 0
ipaq_bound_friend_democrat 1583405578091 411 265 touchmove 297 189 0.46037948131561 0.46037948131561 0 democrat 0
ipaq_bound_friend_democrat 1583405578107 411 265 touchmove 311 193 0.46037948131561 0.46037948131561 0 democrat 0
ipaq_bound_friend_democrat 1583405578125 411 265 touchmove 321 193 0.46037948131561 0.46037948131561 0 democrat 0
ipaq_bound_friend_democrat 1583405578141 411 265 touchmove 330 190 0.3836495578289 0.3836495578289 0 democrat 0
ipaq_bound_friend_democrat 1583405578157 411 265 touchmove 337 184 0.3836495578289 0.3836495578289 0 democrat 0
ipaq_bound_friend_democrat 1583405578175 411 265 touchmove 340 177 0.3836495578289 0.3836495578289 0 democrat 0
ipaq_bound_friend_democrat 1583405578190 411 265 touchmove 341 166 0.3836495578289 0.3836495578289 0 democrat 0
ipaq_bound_friend_democrat 1583405578207 411 265 touchmove 341 154 0.3836495578289 0.3836495578289 0 democrat 0
ipaq_bound_friend_democrat 1583405578224 411 265 touchmove 341 140 0.46037948131561 0.46037948131561 0 democrat 0
ipaq_bound_friend_democrat 1583405578240 411 265 touchmove 342 123 0.3836495578289 0.3836495578289 0 democrat 0
ipaq_bound_friend_democrat 1583405578257 411 265 touchmove 342 107 0.3836495578289 0.3836495578289 0 democrat 0
ipaq_bound_friend_democrat 1583405578274 411 265 touchmove 344 91 0.46037948131561 0.46037948131561 0 democrat 0
ipaq_bound_friend_democrat 1583405578290 411 265 touchmove 346 76 0.46037948131561 0.46037948131561 0 democrat 0
ipaq_bound_friend_democrat 1583405578307 411 265 touchmove 348 63 0.46037948131561 0.46037948131561 0 democrat 0
ipaq_bound_friend_democrat 1583405578323 411 265 touchmove 349 52 0.46037948131561 0.46037948131561 0 democrat 0
ipaq_bound_friend_democrat 1583405578344 411 265 touchmove 348 44 0.46037948131561 0.46037948131561 0 democrat 0
ipaq_bound_friend_democrat 1583405578359 411 265 touchmove 347 37 0.46037948131561 0.46037948131561 0 democrat 0
ipaq_bound_friend_democrat 1583405578374 411 265 touchmove 346 32 0.46037948131561 0.46037948131561 0 democrat 0
ipaq_bound_friend_democrat 1583405578391 411 265 touchmove 346 32 0.46037948131561 0.46037948131561 0 democrat 0
ipaq_bound_friend_democrat 1583405578424 411 265 touchmove 347 35 0.46037948131561 0.46037948131561 0 democrat 0
ipaq_bound_friend_democrat 1583405578441 411 265 touchmove 346 44 0.3836495578289 0.3836495578289 0 democrat 0
ipaq_bound_friend_democrat 1583405578457 411 265 touchmove 343 60 0.3836495578289 0.3836495578289 0 democrat 0
ipaq_bound_friend_democrat 1583405578474 411 265 touchmove 338 76 0.46037948131561 0.46037948131561 0 democrat 0
ipaq_bound_friend_democrat 1583405578490 411 265 touchmove 331 95 0.3836495578289 0.3836495578289 0 democrat 0
ipaq_bound_friend_democrat 1583405578507 411 265 touchmove 325 115 0.46037948131561 0.46037948131561 0 democrat 0
ipaq_bound_friend_democrat 1583405578524 411 265 touchmove 318 136 0.46037948131561 0.46037948131561 0 democrat 0
ipaq_bound_friend_democrat 1583405578548 411 265 touchmove 311 156 0.3836495578289 0.3836495578289 0 democrat 0
ipaq_bound_friend_democrat 1583405578558 411 265 touchmove 303 174 0.46037948131561 0.46037948131561 0 democrat 0
ipaq_bound_friend_democrat 1583405578574 411 265 touchmove 296 187 0.46037948131561 0.46037948131561 0 democrat 0
ipaq_bound_friend_democrat 1583405578590 411 265 touchmove 289 195 0.46037948131561 0.46037948131561 0 democrat 0
ipaq_bound_friend_democrat 1583405578608 411 265 touchmove 283 200 0.3836495578289 0.3836495578289 0 democrat 0
ipaq_bound_friend_democrat 1583405578623 411 265 touchmove 277 202 0.46037948131561 0.46037948131561 0 democrat 0
ipaq_bound_friend_democrat 1583405578640 411 265 touchmove 272 203 0.46037948131561 0.46037948131561 0 democrat 0
ipaq_bound_friend_democrat 1583405578657 411 265 touchmove 267 204 0.46037948131561 0.46037948131561 0 democrat 0
ipaq_bound_friend_democrat 1583405578674 411 265 touchmove 258 204 0.46037948131561 0.46037948131561 0 democrat 0
ipaq_bound_friend_democrat 1583405578691 411 265 touchmove 250 202 0.3836495578289 0.3836495578289 0 democrat 0
ipaq_bound_friend_democrat 1583405578707 411 265 touchmove 240 199 0.3836495578289 0.3836495578289 0 democrat 0
ipaq_bound_friend_democrat 1583405578724 411 265 touchmove 230 196 0.46037948131561 0.46037948131561 0 democrat 0
ipaq_bound_friend_democrat 1583405578741 411 265 touchmove 220 193 0.46037948131561 0.46037948131561 0 democrat 0
ipaq_bound_friend_democrat 1583405578757 411 265 touchmove 209 190 0.46037948131561 0.46037948131561 0 democrat 0
ipaq_bound_friend_democrat 1583405578774 411 265 touchmove 197 188 0.46037948131561 0.46037948131561 0 democrat 0
ipaq_bound_friend_democrat 1583405578791 411 265 touchmove 184 186 0.46037948131561 0.46037948131561 0 democrat 0
ipaq_bound_friend_democrat 1583405578807 411 265 touchmove 172 185 0.46037948131561 0.46037948131561 0 democrat 0
ipaq_bound_friend_democrat 1583405578824 411 265 touchmove 161 185 0.46037948131561 0.46037948131561 0 democrat 0
ipaq_bound_friend_democrat 1583405578841 411 265 touchmove 152 185 0.46037948131561 0.46037948131561 0 democrat 0
ipaq_bound_friend_democrat 1583405578857 411 265 touchmove 147 187 0.46037948131561 0.46037948131561 0 democrat 0
ipaq_bound_friend_democrat 1583405578874 411 265 touchmove 144 188 0.537109375 0.537109375 0 democrat 0
ipaq_bound_friend_democrat 1583405578890 411 265 touchmove 144 189 0.537109375 0.537109375 0 democrat 0
ipaq_bound_friend_democrat 1583405578908 411 265 touchmove 144 189 0.46037948131561 0.46037948131561 0 democrat 0
ipaq_bound_friend_democrat 1583405578924 411 265 touchmove 147 189 0.46037948131561 0.46037948131561 0 democrat 0
ipaq_bound_friend_democrat 1583405578941 411 265 touchmove 154 189 0.3836495578289 0.3836495578289 0 democrat 0
ipaq_bound_friend_democrat 1583405578958 411 265 touchmove 165 187 0.46037948131561 0.46037948131561 0 democrat 0
ipaq_bound_friend_democrat 1583405578974 411 265 touchmove 176 185 0.46037948131561 0.46037948131561 0 democrat 0
ipaq_bound_friend_democrat 1583405578991 411 265 touchmove 188 184 0.46037948131561 0.46037948131561 0 democrat 0
ipaq_bound_friend_democrat 1583405579007 411 265 touchmove 198 182 0.3836495578289 0.3836495578289 0 democrat 0
ipaq_bound_friend_democrat 1583405579024 411 265 touchmove 206 180 0.3836495578289 0.3836495578289 0 democrat 0
ipaq_bound_friend_democrat 1583405579041 411 265 touchmove 208 178 0.3836495578289 0.3836495578289 0 democrat 0
ipaq_bound_friend_democrat 1583405579057 411 265 touchmove 209 178 0.3836495578289 0.3836495578289 0 democrat 0
ipaq_bound_friend_democrat 1583405579074 411 265 touchmove 208 177 0.3836495578289 0.3836495578289 0 democrat 0
ipaq_bound_friend_democrat 1583405579090 411 265 touchmove 205 176 0.3836495578289 0.3836495578289 0 democrat 0
ipaq_bound_friend_democrat 1583405579108 411 265 touchmove 201 176 0.3836495578289 0.3836495578289 0 democrat 0
ipaq_bound_friend_democrat 1583405579124 411 265 touchmove 195 176 0.46037948131561 0.46037948131561 0 democrat 0
ipaq_bound_friend_democrat 1583405579140 411 265 touchmove 189 175 0.46037948131561 0.46037948131561 0 democrat 0
ipaq_bound_friend_democrat 1583405579160 411 265 touchmove 183 174 0.3836495578289 0.3836495578289 0 democrat 0
ipaq_bound_friend_democrat 1583405579174 411 265 touchmove 180 174 0.3836495578289 0.3836495578289 0 democrat 0
ipaq_bound_friend_democrat 1583405579190 411 265 touchmove 178 173 0.3836495578289 0.3836495578289 0 democrat 0
ipaq_bound_friend_democrat 1583405579207 411 265 touchmove 176 172 0.46037948131561 0.46037948131561 0 democrat 0
ipaq_bound_friend_democrat 1583405579224 411 265 touchmove 175 170 0.46037948131561 0.46037948131561 0 democrat 0
ipaq_bound_friend_democrat 1583405579241 411 265 touchmove 173 166 0.46037948131561 0.46037948131561 0 democrat 0
ipaq_bound_friend_democrat 1583405579257 411 265 touchmove 170 160 0.46037948131561 0.46037948131561 0 democrat 0
ipaq_bound_friend_democrat 1583405579274 411 265 touchmove 168 155 0.3836495578289 0.3836495578289 0 democrat 0
ipaq_bound_friend_democrat 1583405579290 411 265 touchmove 165 149 0.3836495578289 0.3836495578289 0 democrat 0
ipaq_bound_friend_democrat 1583405579307 411 265 touchmove 163 142 0.46037948131561 0.46037948131561 0 democrat 0
ipaq_bound_friend_democrat 1583405579324 411 265 touchmove 161 134 0.3836495578289 0.3836495578289 0 democrat 0
ipaq_bound_friend_democrat 1583405579342 411 265 touchmove 159 127 0.46037948131561 0.46037948131561 0 democrat 0
ipaq_bound_friend_democrat 1583405579357 411 265 touchmove 158 119 0.46037948131561 0.46037948131561 0 democrat 0
ipaq_bound_friend_democrat 1583405579374 411 265 touchmove 158 110 0.46037948131561 0.46037948131561 0 democrat 0
ipaq_bound_friend_democrat 1583405579390 411 265 touchmove 158 101 0.46037948131561 0.46037948131561 0 democrat 0
ipaq_bound_friend_democrat 1583405579407 411 265 touchmove 157 92 0.46037948131561 0.46037948131561 0 democrat 0
ipaq_bound_friend_democrat 1583405579424 411 265 touchmove 158 80 0.46037948131561 0.46037948131561 0 democrat 0
ipaq_bound_friend_democrat 1583405579440 411 265 touchmove 156 68 0.46037948131561 0.46037948131561 0 democrat 0
ipaq_bound_friend_democrat 1583405579457 411 265 touchmove 154 54 0.46037948131561 0.46037948131561 0 democrat 0
ipaq_bound_friend_democrat 1583405579474 411 265 touchmove 151 41 0.537109375 0.537109375 0 democrat 0
ipaq_bound_friend_democrat 1583405579490 411 265 touchmove 147 30 0.46037948131561 0.46037948131561 0 democrat 0
ipaq_bound_friend_democrat 1583405579507 411 265 touchmove 145 24 0.46037948131561 0.46037948131561 0 democrat 0
ipaq_bound_friend_democrat 1583405579524 411 265 touchmove 143 23 0.46037948131561 0.46037948131561 0 democrat 0
ipaq_bound_friend_democrat 1583405579541 411 265 touchmove 143 23 0.46037948131561 0.46037948131561 0 democrat 0
ipaq_bound_friend_democrat 1583405579558 411 265 touchmove 142 23 0.3836495578289 0.3836495578289 0 democrat 0
ipaq_bound_friend_democrat 1583405579574 411 265 touchmove 140 26 0.46037948131561 0.46037948131561 0 democrat 0
ipaq_bound_friend_democrat 1583405579590 411 265 touchmove 136 34 0.46037948131561 0.46037948131561 0 democrat 0
ipaq_bound_friend_democrat 1583405579607 411 265 touchmove 132 46 0.46037948131561 0.46037948131561 0 democrat 0
ipaq_bound_friend_democrat 1583405579624 411 265 touchmove 127 59 0.537109375 0.537109375 0 democrat 0
ipaq_bound_friend_democrat 1583405579641 411 265 touchmove 121 72 0.46037948131561 0.46037948131561 0 democrat 0
ipaq_bound_friend_democrat 1583405579657 411 265 touchmove 111 85 0.46037948131561 0.46037948131561 0 democrat 0
ipaq_bound_friend_democrat 1583405579673 411 265 touchmove 100 97 0.46037948131561 0.46037948131561 0 democrat 0
ipaq_bound_friend_democrat 1583405579690 411 265 touchmove 87 105 0.46037948131561 0.46037948131561 0 democrat 0
ipaq_bound_friend_democrat 1583405579707 411 265 touchmove 75 110 0.46037948131561 0.46037948131561 0 democrat 0
ipaq_bound_friend_democrat 1583405579724 411 265 touchmove 63 113 0.46037948131561 0.46037948131561 0 democrat 0
ipaq_bound_friend_democrat 1583405579741 411 265 touchmove 51 117 0.46037948131561 0.46037948131561 0 democrat 0
ipaq_bound_friend_democrat 1583405579757 411 265 touchmove 39 120 0.46037948131561 0.46037948131561 0 democrat 0
ipaq_bound_friend_democrat 1583405579774 411 265 touchmove 30 123 0.46037948131561 0.46037948131561 0 democrat 0
ipaq_bound_friend_democrat 1583405579791 411 265 touchmove 25 125 0.3836495578289 0.3836495578289 0 democrat 0
ipaq_bound_friend_democrat 1583405579807 411 265 touchmove 24 127 0.46037948131561 0.46037948131561 0 democrat 0
ipaq_bound_friend_democrat 1583405579824 411 265 touchmove 26 129 0.3836495578289 0.3836495578289 0 democrat 0
ipaq_bound_friend_democrat 1583405579841 411 265 touchmove 34 131 0.46037948131561 0.46037948131561 0 democrat 0
ipaq_bound_friend_democrat 1583405579857 411 265 touchmove 47 133 0.46037948131561 0.46037948131561 0 democrat 0
ipaq_bound_friend_democrat 1583405579873 411 265 touchmove 61 135 0.537109375 0.537109375 0 democrat 0
ipaq_bound_friend_democrat 1583405579890 411 265 touchmove 74 136 0.46037948131561 0.46037948131561 0 democrat 0
ipaq_bound_friend_democrat 1583405579907 411 265 touchmove 87 136 0.46037948131561 0.46037948131561 0 democrat 0
ipaq_bound_friend_democrat 1583405579923 411 265 touchmove 99 136 0.3836495578289 0.3836495578289 0 democrat 0
ipaq_bound_friend_democrat 1583405579940 411 265 touchmove 110 136 0.46037948131561 0.46037948131561 0 democrat 0
ipaq_bound_friend_democrat 1583405579957 411 265 touchmove 119 135 0.46037948131561 0.46037948131561 0 democrat 0
ipaq_bound_friend_democrat 1583405579974 411 265 touchmove 126 133 0.3836495578289 0.3836495578289 0 democrat 0
ipaq_bound_friend_democrat 1583405579990 411 265 touchmove 132 131 0.3836495578289 0.3836495578289 0 democrat 0
ipaq_bound_friend_democrat 1583405580010 411 265 touchmove 138 127 0.3836495578289 0.3836495578289 0 democrat 0
ipaq_bound_friend_democrat 1583405580026 411 265 touchmove 144 124 0.3836495578289 0.3836495578289 0 democrat 0
ipaq_bound_friend_democrat 1583405580041 411 265 touchmove 150 118 0.3836495578289 0.3836495578289 0 democrat 0
ipaq_bound_friend_democrat 1583405580056 411 265 touchmove 156 112 0.3836495578289 0.3836495578289 0 democrat 0
ipaq_bound_friend_democrat 1583405580073 411 265 touchmove 162 107 0.3836495578289 0.3836495578289 0 democrat 0
ipaq_bound_friend_democrat 1583405580090 411 265 touchmove 167 103 0.3836495578289 0.3836495578289 0 democrat 0
ipaq_bound_friend_democrat 1583405580107 411 265 touchmove 171 101 0.3836495578289 0.3836495578289 0 democrat 0
ipaq_bound_friend_democrat 1583405580123 411 265 touchmove 172 97 0.3836495578289 0.3836495578289 0 democrat 0
ipaq_bound_friend_democrat 1583405580140 411 265 touchmove 173 92 0.3836495578289 0.3836495578289 0 democrat 0
ipaq_bound_friend_democrat 1583405580157 411 265 touchmove 172 84 0.46037948131561 0.46037948131561 0 democrat 0
ipaq_bound_friend_democrat 1583405580173 411 265 touchmove 172 72 0.46037948131561 0.46037948131561 0 democrat 0
ipaq_bound_friend_democrat 1583405580190 411 265 touchmove 170 58 0.46037948131561 0.46037948131561 0 democrat 0
ipaq_bound_friend_democrat 1583405580207 411 265 touchmove 172 48 0.537109375 0.537109375 0 democrat 0
ipaq_bound_friend_democrat 1583405580223 411 265 touchmove 174 40 0.537109375 0.537109375 0 democrat 0
ipaq_bound_friend_democrat 1583405580240 411 265 touchmove 175 35 0.537109375 0.537109375 0 democrat 0
ipaq_bound_friend_democrat 1583405580258 411 265 touchmove 177 32 0.46037948131561 0.46037948131561 0 democrat 0
ipaq_bound_friend_democrat 1583405580271 411 265 touchmove 179 29 0.61383926868439 0.61383926868439 0 democrat 0
ipaq_bound_friend_democrat 1583405580273 411 265 touchend 179 29 0.61383926868439 0.61383926868439 0 democrat 0
ken_agreed_yesterday 1583405582617 411 265 touchstart 323 119 0.3836495578289 0.3836495578289 0 ken 0
ken_agreed_yesterday 1583405582676 411 265 touchmove 318 112 0.3836495578289 0.3836495578289 0 ken 0
ken_agreed_yesterday 1583405582694 411 265 touchmove 309 104 0.3836495578289 0.3836495578289 0 ken 0
ken_agreed_yesterday 1583405582708 411 265 touchmove 293 96 0.30691963434219 0.30691963434219 0 ken 0
ken_agreed_yesterday 1583405582723 411 265 touchmove 277 90 0.3836495578289 0.3836495578289 0 ken 0
ken_agreed_yesterday 1583405582739 411 265 touchmove 257 82 0.3836495578289 0.3836495578289 0 ken 0
ken_agreed_yesterday 1583405582759 411 265 touchmove 234 72 0.46037948131561 0.46037948131561 0 ken 0
ken_agreed_yesterday 1583405582775 411 265 touchmove 207 60 0.46037948131561 0.46037948131561 0 ken 0
ken_agreed_yesterday 1583405582790 411 265 touchmove 178 48 0.46037948131561 0.46037948131561 0 ken 0
ken_agreed_yesterday 1583405582806 411 265 touchmove 148 37 0.46037948131561 0.46037948131561 0 ken 0
ken_agreed_yesterday 1583405582822 411 265 touchmove 120 28 0.46037948131561 0.46037948131561 0 ken 0
ken_agreed_yesterday 1583405582839 411 265 touchmove 95 23 0.46037948131561 0.46037948131561 0 ken 0
ken_agreed_yesterday 1583405582856 411 265 touchmove 77 23 0.46037948131561 0.46037948131561 0 ken 0
ken_agreed_yesterday 1583405582873 411 265 touchmove 70 24 0.537109375 0.537109375 0 ken 0
ken_agreed_yesterday 1583405582890 411 265 touchmove 70 27 0.537109375 0.537109375 0 ken 0
ken_agreed_yesterday 1583405582906 411 265 touchmove 79 37 0.46037948131561 0.46037948131561 0 ken 0
ken_agreed_yesterday 1583405582923 411 265 touchmove 98 53 0.46037948131561 0.46037948131561 0 ken 0
ken_agreed_yesterday 1583405582942 411 265 touchmove 122 68 0.46037948131561 0.46037948131561 0 ken 0
ken_agreed_yesterday 1583405582959 411 265 touchmove 150 82 0.46037948131561 0.46037948131561 0 ken 0
ken_agreed_yesterday 1583405582975 411 265 touchmove 178 96 0.537109375 0.537109375 0 ken 0
ken_agreed_yesterday 1583405582990 411 265 touchmove 204 110 0.537109375 0.537109375 0 ken 0
ken_agreed_yesterday 1583405583006 411 265 touchmove 225 126 0.46037948131561 0.46037948131561 0 ken 0
ken_agreed_yesterday 1583405583022 411 265 touchmove 240 142 0.537109375 0.537109375 0 ken 0
ken_agreed_yesterday 1583405583039 411 265 touchmove 252 159 0.537109375 0.537109375 0 ken 0
ken_agreed_yesterday 1583405583056 411 265 touchmove 261 176 0.537109375 0.537109375 0 ken 0
ken_agreed_yesterday 1583405583073 411 265 touchmove 268 190 0.537109375 0.537109375 0 ken 0
ken_agreed_yesterday 1583405583090 411 265 touchmove 275 203 0.46037948131561 0.46037948131561 0 ken 0
ken_agreed_yesterday 1583405583107 411 265 touchmove 285 217 0.46037948131561 0.46037948131561 0 ken 0
ken_agreed_yesterday 1583405583123 411 265 touchmove 295 230 0.46037948131561 0.46037948131561 0 ken 0
ken_agreed_yesterday 1583405583137 411 265 touchmove 304 243 0.46037948131561 0.46037948131561 0 ken 0
ken_agreed_yesterday 1583405583141 411 265 touchend 304 243 0.46037948131561 0.46037948131561 0 ken 0
ken_agreed_yesterday 1583405583553 411 265 touchstart 19 115 0.3836495578289 0.3836495578289 0 agreed 0
ken_agreed_yesterday 1583405583590 411 265 touchmove 22 115 0.46037948131561 0.46037948131561 0 agreed 0
ken_agreed_yesterday 1583405583607 411 265 touchmove 39 117 0.46037948131561 0.46037948131561 0 agreed 0
ken_agreed_yesterday 1583405583623 411 265 touchmove 61 121 0.46037948131561 0.46037948131561 0 agreed 0
ken_agreed_yesterday 1583405583639 411 265 touchmove 82 123 0.46037948131561 0.46037948131561 0 agreed 0
ken_agreed_yesterday 1583405583657 411 265 touchmove 101 123 0.537109375 0.537109375 0 agreed 0
ken_agreed_yesterday 1583405583673 411 265 touchmove 116 123 0.46037948131561 0.46037948131561 0 agreed 0
ken_agreed_yesterday 1583405583690 411 265 touchmove 129 122 0.46037948131561 0.46037948131561 0 agreed 0
ken_agreed_yesterday 1583405583706 411 265 touchmove 138 120 0.537109375 0.537109375 0 agreed 0
ken_agreed_yesterday 1583405583723 411 265 touchmove 147 119 0.537109375 0.537109375 0 agreed 0
ken_agreed_yesterday 1583405583739 411 265 touchmove 154 119 0.537109375 0.537109375 0 agreed 0
ken_agreed_yesterday 1583405583756 411 265 touchmove 159 120 0.46037948131561 0.46037948131561 0 agreed 0
ken_agreed_yesterday 1583405583773 411 265 touchmove 166 123 0.46037948131561 0.46037948131561 0 agreed 0
ken_agreed_yesterday 1583405583790 411 265 touchmove 174 125 0.537109375 0.537109375 0 agreed 0
ken_agreed_yesterday 1583405583806 411 265 touchmove 180 127 0.46037948131561 0.46037948131561 0 agreed 0
ken_agreed_yesterday 1583405583824 411 265 touchmove 186 130 0.537109375 0.537109375 0 agreed 0
ken_agreed_yesterday 1583405583841 411 265 touchmove 193 131 0.46037948131561 0.46037948131561 0 agreed 0
ken_agreed_yesterday 1583405583856 411 265 touchmove 200 133 0.537109375 0.537109375 0 agreed 0
ken_agreed_yesterday 1583405583873 411 265 touchmove 207 135 0.46037948131561 0.46037948131561 0 agreed 0
ken_agreed_yesterday 1583405583890 411 265 touchmove 216 136 0.46037948131561 0.46037948131561 0 agreed 0
ken_agreed_yesterday 1583405583906 411 265 touchmove 225 138 0.46037948131561 0.46037948131561 0 agreed 0
ken_agreed_yesterday 1583405583922 411 265 touchmove 232 138 0.46037948131561 0.46037948131561 0 agreed 0
ken_agreed_yesterday 1583405583939 411 265 touchmove 237 138 0.46037948131561 0.46037948131561 0 agreed 0
ken_agreed_yesterday 1583405583956 411 265 touchmove 240 138 0.46037948131561 0.46037948131561 0 agreed 0
ken_agreed_yesterday 1583405583975 411 265 touchmove 242 137 0.46037948131561 0.46037948131561 0 agreed 0
ken_agreed_yesterday 1583405583991 411 265 touchmove 242 137 0.537109375 0.537109375 0 agreed 0
ken_agreed_yesterday 1583405584008 411 265 touchmove 242 137 0.46037948131561 0.46037948131561 0 agreed 0
ken_agreed_yesterday 1583405584023 411 265 touchmove 242 137 0.537109375 0.537109375 0 agreed 0
ken_agreed_yesterday 1583405584039 411 265 touchmove 241 136 0.537109375 0.537109375 0 agreed 0
ken_agreed_yesterday 1583405584055 411 265 touchmove 240 135 0.46037948131561 0.46037948131561 0 agreed 0
ken_agreed_yesterday 1583405584072 411 265 touchmove 239 135 0.46037948131561 0.46037948131561 0 agreed 0
ken_agreed_yesterday 1583405584089 411 265 touchmove 238 134 0.3836495578289 0.3836495578289 0 agreed 0
ken_agreed_yesterday 1583405584105 411 265 touchmove 238 133 0.46037948131561 0.46037948131561 0 agreed 0
ken_agreed_yesterday 1583405584122 411 265 touchmove 237 133 0.46037948131561 0.46037948131561 0 agreed 0
ken_agreed_yesterday 1583405584139 411 265 touchmove 237 132 0.46037948131561 0.46037948131561 0 agreed 0
ken_agreed_yesterday 1583405584155 411 265 touchmove 237 132 0.46037948131561 0.46037948131561 0 agreed 0
ken_agreed_yesterday 1583405584172 411 265 touchmove 237 132 0.3836495578289 0.3836495578289 0 agreed 0
ken_agreed_yesterday 1583405584255 411 265 touchmove 236 131 0.46037948131561 0.46037948131561 0 agreed 0
ken_agreed_yesterday 1583405584289 411 265 touchmove 236 131 0.3836495578289 0.3836495578289 0 agreed 0
ken_agreed_yesterday 1583405584307 411 265 touchmove 236 130 0.30691963434219 0.30691963434219 0 agreed 0
ken_agreed_yesterday 1583405584328 411 265 touchmove 236 130 0.3836495578289 0.3836495578289 0 agreed 0
ken_agreed_yesterday 1583405584344 411 265 touchmove 235 129 0.3836495578289 0.3836495578289 0 agreed 0
ken_agreed_yesterday 1583405584360 411 265 touchmove 235 128 0.3836495578289 0.3836495578289 0 agreed 0
ken_agreed_yesterday 1583405584374 411 265 touchmove 233 126 0.3836495578289 0.3836495578289 0 agreed 0
ken_agreed_yesterday 1583405584390 411 265 touchmove 231 122 0.3836495578289 0.3836495578289 0 agreed 0
ken_agreed_yesterday 1583405584405 411 265 touchmove 228 118 0.46037948131561 0.46037948131561 0 agreed 0
ken_agreed_yesterday 1583405584422 411 265 touchmove 225 113 0.46037948131561 0.46037948131561 0 agreed 0
ken_agreed_yesterday 1583405584439 411 265 touchmove 221 110 0.46037948131561 0.46037948131561 0 agreed 0
ken_agreed_yesterday 1583405584456 411 265 touchmove 217 108 0.46037948131561 0.46037948131561 0 agreed 0
ken_agreed_yesterday 1583405584472 411 265 touchmove 214 106 0.3836495578289 0.3836495578289 0 agreed 0
ken_agreed_yesterday 1583405584490 411 265 touchmove 210 105 0.3836495578289 0.3836495578289 0 agreed 0
ken_agreed_yesterday 1583405584506 411 265 touchmove 206 104 0.30691963434219 0.30691963434219 0 agreed 0
ken_agreed_yesterday 1583405584522 411 265 touchmove 203 103 0.3836495578289 0.3836495578289 0 agreed 0
ken_agreed_yesterday 1583405584539 411 265 touchmove 199 101 0.3836495578289 0.3836495578289 0 agreed 0
ken_agreed_yesterday 1583405584556 411 265 touchmove 195 99 0.3836495578289 0.3836495578289 0 agreed 0
ken_agreed_yesterday 1583405584573 411 265 touchmove 188 94 0.46037948131561 0.46037948131561 0 agreed 0
ken_agreed_yesterday 1583405584589 411 265 touchmove 181 88 0.46037948131561 0.46037948131561 0 agreed 0
ken_agreed_yesterday 1583405584606 411 265 touchmove 173 82 0.46037948131561 0.46037948131561 0 agreed 0
ken_agreed_yesterday 1583405584622 411 265 touchmove 166 76 0.46037948131561 0.46037948131561 0 agreed 0
ken_agreed_yesterday 1583405584639 411 265 touchmove 158 71 0.46037948131561 0.46037948131561 0 agreed 0
ken_agreed_yesterday 1583405584656 411 265 touchmove 151 65 0.46037948131561 0.46037948131561 0 agreed 0
ken_agreed_yesterday 1583405584672 411 265 touchmove 147 60 0.46037948131561 0.46037948131561 0 agreed 0
ken_agreed_yesterday 1583405584689 411 265 touchmove 146 54 0.46037948131561 0.46037948131561 0 agreed 0
ken_agreed_yesterday 1583405584706 411 265 touchmove 146 47 0.46037948131561 0.46037948131561 0 agreed 0
ken_agreed_yesterday 1583405584724 411 265 touchmove 148 41 0.46037948131561 0.46037948131561 0 agreed 0
ken_agreed_yesterday 1583405584744 411 265 touchmove 152 35 0.46037948131561 0.46037948131561 0 agreed 0
ken_agreed_yesterday 1583405584759 411 265 touchmove 156 30 0.3836495578289 0.3836495578289 0 agreed 0
ken_agreed_yesterday 1583405584773 411 265 touchmove 160 27 0.46037948131561 0.46037948131561 0 agreed 0
ken_agreed_yesterday 1583405584788 411 265 touchmove 162 25 0.46037948131561 0.46037948131561 0 agreed 0
ken_agreed_yesterday 1583405584805 411 265 touchmove 162 25 0.46037948131561 0.46037948131561 0 agreed 0
ken_agreed_yesterday 1583405584821 411 265 touchmove 161 25 0.46037948131561 0.46037948131561 0 agreed 0
ken_agreed_yesterday 1583405584838 411 265 touchmove 157 24 0.46037948131561 0.46037948131561 0 agreed 0
ken_agreed_yesterday 1583405584856 411 265 touchmove 149 24 0.3836495578289 0.3836495578289 0 agreed 0
ken_agreed_yesterday 1583405584872 411 265 touchmove 138 25 0.46037948131561 0.46037948131561 0 agreed 0
ken_agreed_yesterday 1583405584890 411 265 touchmove 125 27 0.46037948131561 0.46037948131561 0 agreed 0
ken_agreed_yesterday 1583405584906 411 265 touchmove 113 29 0.46037948131561 0.46037948131561 0 agreed 0
ken_agreed_yesterday 1583405584923 411 265 touchmove 104 31 0.46037948131561 0.46037948131561 0 agreed 0
ken_agreed_yesterday 1583405584940 411 265 touchmove 99 32 0.537109375 0.537109375 0 agreed 0
ken_agreed_yesterday 1583405584956 411 265 touchmove 98 33 0.537109375 0.537109375 0 agreed 0
ken_agreed_yesterday 1583405584971 411 265 touchmove 98 33 0.46037948131561 0.46037948131561 0 agreed 0
ken_agreed_yesterday 1583405584988 411 265 touchmove 101 33 0.3836495578289 0.3836495578289 0 agreed 0
ken_agreed_yesterday 1583405585007 411 265 touchmove 109 33 0.46037948131561 0.46037948131561 0 agreed 0
ken_agreed_yesterday 1583405585023 411 265 touchmove 119 34 0.46037948131561 0.46037948131561 0 agreed 0
ken_agreed_yesterday 1583405585038 411 265 touchmove 129 35 0.46037948131561 0.46037948131561 0 agreed 0
ken_agreed_yesterday 1583405585056 411 265 touchmove 139 39 0.46037948131561 0.46037948131561 0 agreed 0
ken_agreed_yesterday 1583405585071 411 265 touchmove 148 44 0.3836495578289 0.3836495578289 0 agreed 0
ken_agreed_yesterday 1583405585088 411 265 touchmove 156 50 0.46037948131561 0.46037948131561 0 agreed 0
ken_agreed_yesterday 1583405585106 411 265 touchmove 163 57 0.46037948131561 0.46037948131561 0 agreed 0
ken_agreed_yesterday 1583405585124 411 265 touchmove 170 66 0.3836495578289 0.3836495578289 0 agreed 0
ken_agreed_yesterday 1583405585142 411 265 touchmove 177 75 0.3836495578289 0.3836495578289 0 agreed 0
ken_agreed_yesterday 1583405585157 411 265 touchmove 186 85 0.46037948131561 0.46037948131561 0 agreed 0
ken_agreed_yesterday 1583405585172 411 265 touchmove 196 94 0.30691963434219 0.30691963434219 0 agreed 0
ken_agreed_yesterday 1583405585188 411 265 touchmove 205 101 0.3836495578289 0.3836495578289 0 agreed 0
ken_agreed_yesterday 1583405585205 411 265 touchmove 214 109 0.46037948131561 0.46037948131561 0 agreed 0
ken_agreed_yesterday 1583405585222 411 265 touchmove 221 115 0.3836495578289 0.3836495578289 0 agreed 0
ken_agreed_yesterday 1583405585239 411 265 touchmove 225 120 0.3836495578289 0.3836495578289 0 agreed 0
ken_agreed_yesterday 1583405585255 411 265 touchmove 228 123 0.3836495578289 0.3836495578289 0 agreed 0
ken_agreed_yesterday 1583405585272 411 265 touchmove 227 125 0.3836495578289 0.3836495578289 0 agreed 0
ken_agreed_yesterday 1583405585288 411 265 touchmove 220 126 0.3836495578289 0.3836495578289 0 agreed 0
ken_agreed_yesterday 1583405585307 411 265 touchmove 207 126 0.3836495578289 0.3836495578289 0 agreed 0
ken_agreed_yesterday 1583405585323 411 265 touchmove 190 123 0.3836495578289 0.3836495578289 0 agreed 0
ken_agreed_yesterday 1583405585340 411 265 touchmove 173 119 0.3836495578289 0.3836495578289 0 agreed 0
ken_agreed_yesterday 1583405585355 411 265 touchmove 157 113 0.46037948131561 0.46037948131561 0 agreed 0
ken_agreed_yesterday 1583405585372 411 265 touchmove 143 107 0.3836495578289 0.3836495578289 0 agreed 0
ken_agreed_yesterday 1583405585388 411 265 touchmove 132 104 0.3836495578289 0.3836495578289 0 agreed 0
ken_agreed_yesterday 1583405585405 411 265 touchmove 124 101 0.46037948131561 0.46037948131561 0 agreed 0
ken_agreed_yesterday 1583405585421 411 265 touchmove 119 100 0.46037948131561 0.46037948131561 0 agreed 0
ken_agreed_yesterday 1583405585437 411 265 touchmove 117 100 0.46037948131561 0.46037948131561 0 agreed 0
ken_agreed_yesterday 1583405585455 411 265 touchmove 117 105 0.3836495578289 0.3836495578289 0 agreed 0
ken_agreed_yesterday 1583405585462 411 265 touchmove 117 106 0.30691963434219 0.30691963434219 0 agreed 0
ken_agreed_yesterday 1583405585464 411 265 touchend 117 106 0.30691963434219 0.30691963434219 0 agreed 0
ken_agreed_yesterday 1583405587141 411 265 touchstart 232 48 0.46037948131561 0.46037948131561 0 yesterday 1
ken_agreed_yesterday 1583405587172 411 265 touchmove 232 48 0.46037948131561 0.46037948131561 0 yesterday 1
ken_agreed_yesterday 1583405587188 411 265 touchmove 233 48 0.46037948131561 0.46037948131561 0 yesterday 1
ken_agreed_yesterday 1583405587254 411 265 touchmove 233 48 0.537109375 0.537109375 0 yesterday 1
ken_agreed_yesterday 1583405587303 411 265 touchmove 233 48 0.537109375 0.537109375 0 yesterday 1
ken_agreed_yesterday 1583405587355 411 265 touchmove 233 47 0.46037948131561 0.46037948131561 0 yesterday 1
ken_agreed_yesterday 1583405587404 411 265 touchmove 229 46 0.46037948131561 0.46037948131561 0 yesterday 1
ken_agreed_yesterday 1583405587422 411 265 touchmove 223 44 0.46037948131561 0.46037948131561 0 yesterday 1
ken_agreed_yesterday 1583405587439 411 265 touchmove 216 43 0.46037948131561 0.46037948131561 0 yesterday 1
ken_agreed_yesterday 1583405587455 411 265 touchmove 205 42 0.46037948131561 0.46037948131561 0 yesterday 1
ken_agreed_yesterday 1583405587471 411 265 touchmove 191 39 0.46037948131561 0.46037948131561 0 yesterday 1
ken_agreed_yesterday 1583405587488 411 265 touchmove 176 36 0.46037948131561 0.46037948131561 0 yesterday 1
ken_agreed_yesterday 1583405587506 411 265 touchmove 160 33 0.46037948131561 0.46037948131561 0 yesterday 1
ken_agreed_yesterday 1583405587522 411 265 touchmove 144 30 0.46037948131561 0.46037948131561 0 yesterday 1
ken_agreed_yesterday 1583405587537 411 265 touchmove 129 28 0.46037948131561 0.46037948131561 0 yesterday 1
ken_agreed_yesterday 1583405587554 411 265 touchmove 118 28 0.537109375 0.537109375 0 yesterday 1
ken_agreed_yesterday 1583405587570 411 265 touchmove 111 29 0.46037948131561 0.46037948131561 0 yesterday 1
ken_agreed_yesterday 1583405587587 411 265 touchmove 108 30 0.46037948131561 0.46037948131561 0 yesterday 1
ken_agreed_yesterday 1583405587604 411 265 touchmove 107 33 0.46037948131561 0.46037948131561 0 yesterday 1
ken_agreed_yesterday 1583405587621 411 265 touchmove 108 40 0.46037948131561 0.46037948131561 0 yesterday 1
ken_agreed_yesterday 1583405587638 411 265 touchmove 112 49 0.46037948131561 0.46037948131561 0 yesterday 1
ken_agreed_yesterday 1583405587654 411 265 touchmove 117 58 0.46037948131561 0.46037948131561 0 yesterday 1
ken_agreed_yesterday 1583405587672 411 265 touchmove 122 66 0.3836495578289 0.3836495578289 0 yesterday 1
ken_agreed_yesterday 1583405587687 411 265 touchmove 126 71 0.3836495578289 0.3836495578289 0 yesterday 1
ken_agreed_yesterday 1583405587704 411 265 touchmove 128 75 0.3836495578289 0.3836495578289 0 yesterday 1
ken_agreed_yesterday 1583405587720 411 265 touchmove 129 78 0.46037948131561 0.46037948131561 0 yesterday 1
ken_agreed_yesterday 1583405587737 411 265 touchmove 129 79 0.46037948131561 0.46037948131561 0 yesterday 1
ken_agreed_yesterday 1583405587786 411 265 touchmove 127 81 0.46037948131561 0.46037948131561 0 yesterday 1
ken_agreed_yesterday 1583405587803 411 265 touchmove 103 88 0.46037948131561 0.46037948131561 0 yesterday 1
ken_agreed_yesterday 1583405587822 411 265 touchmove 94 91 0.46037948131561 0.46037948131561 0 yesterday 1
ken_agreed_yesterday 1583405587839 411 265 touchmove 85 95 0.3836495578289 0.3836495578289 0 yesterday 1
ken_agreed_yesterday 1583405587853 411 265 touchmove 78 101 0.46037948131561 0.46037948131561 0 yesterday 1
ken_agreed_yesterday 1583405587871 411 265 touchmove 74 109 0.46037948131561 0.46037948131561 0 yesterday 1
ken_agreed_yesterday 1583405587886 411 265 touchmove 72 117 0.46037948131561 0.46037948131561 0 yesterday 1
ken_agreed_yesterday 1583405587903 411 265 touchmove 73 124 0.3836495578289 0.3836495578289 0 yesterday 1
ken_agreed_yesterday 1583405587920 411 265 touchmove 78 129 0.46037948131561 0.46037948131561 0 yesterday 1
ken_agreed_yesterday 1583405587938 411 265 touchmove 84 130 0.46037948131561 0.46037948131561 0 yesterday 1
ken_agreed_yesterday 1583405587953 411 265 touchmove 96 128 0.46037948131561 0.46037948131561 0 yesterday 1
ken_agreed_yesterday 1583405587969 411 265 touchmove 112 121 0.3836495578289 0.3836495578289 0 yesterday 1
ken_agreed_yesterday 1583405587986 411 265 touchmove 133 109 0.46037948131561 0.46037948131561 0 yesterday 1
ken_agreed_yesterday 1583405588002 411 265 touchmove 157 95 0.537109375 0.537109375 0 yesterday 1
ken_agreed_yesterday 1583405588019 411 265 touchmove 181 80 0.46037948131561 0.46037948131561 0 yesterday 1
ken_agreed_yesterday 1583405588036 411 265 touchmove 204 65 0.46037948131561 0.46037948131561 0 yesterday 1
ken_agreed_yesterday 1583405588052 411 265 touchmove 224 53 0.46037948131561 0.46037948131561 0 yesterday 1
ken_agreed_yesterday 1583405588070 411 265 touchmove 238 46 0.46037948131561 0.46037948131561 0 yesterday 1
ken_agreed_yesterday 1583405588086 411 265 touchmove 245 41 0.46037948131561 0.46037948131561 0 yesterday 1
ken_agreed_yesterday 1583405588103 411 265 touchmove 248 39 0.46037948131561 0.46037948131561 0 yesterday 1
ken_agreed_yesterday 1583405588123 411 265 touchmove 248 39 0.537109375 0.537109375 0 yesterday 1
ken_agreed_yesterday 1583405588137 411 265 touchmove 241 42 0.537109375 0.537109375 0 yesterday 1
ken_agreed_yesterday 1583405588153 411 265 touchmove 227 49 0.537109375 0.537109375 0 yesterday 1
ken_agreed_yesterday 1583405588172 411 265 touchmove 201 58 0.46037948131561 0.46037948131561 0 yesterday 1
ken_agreed_yesterday 1583405588188 411 265 touchmove 175 65 0.46037948131561 0.46037948131561 0 yesterday 1
ken_agreed_yesterday 1583405588204 411 265 touchmove 149 71 0.3836495578289 0.3836495578289 0 yesterday 1
ken_agreed_yesterday 1583405588221 411 265 touchmove 121 77 0.46037948131561 0.46037948131561 0 yesterday 1
ken_agreed_yesterday 1583405588238 411 265 touchmove 95 82 0.46037948131561 0.46037948131561 0 yesterday 1
ken_agreed_yesterday 1583405588255 411 265 touchmove 76 87 0.46037948131561 0.46037948131561 0 yesterday 1
ken_agreed_yesterday 1583405588271 411 265 touchmove 63 90 0.46037948131561 0.46037948131561 0 yesterday 1
ken_agreed_yesterday 1583405588287 411 265 touchmove 51 94 0.46037948131561 0.46037948131561 0 yesterday 1
ken_agreed_yesterday 1583405588304 411 265 touchmove 42 97 0.46037948131561 0.46037948131561 0 yesterday 1
ken_agreed_yesterday 1583405588320 411 265 touchmove 34 100 0.46037948131561 0.46037948131561 0 yesterday 1
ken_agreed_yesterday 1583405588337 411 265 touchmove 30 104 0.46037948131561 0.46037948131561 0 yesterday 1
ken_agreed_yesterday 1583405588353 411 265 touchmove 28 108 0.3836495578289 0.3836495578289 0 yesterday 1
ken_agreed_yesterday 1583405588371 411 265 touchmove 30 115 0.3836495578289 0.3836495578289 0 yesterday 1
ken_agreed_yesterday 1583405588387 411 265 touchmove 37 124 0.3836495578289 0.3836495578289 0 yesterday 1
ken_agreed_yesterday 1583405588404 411 265 touchmove 48 135 0.46037948131561 0.46037948131561 0 yesterday 1
ken_agreed_yesterday 1583405588420 411 265 touchmove 63 148 0.3836495578289 0.3836495578289 0 yesterday 1
ken_agreed_yesterday 1583405588437 411 265 touchmove 85 163 0.46037948131561 0.46037948131561 0 yesterday 1
ken_agreed_yesterday 1583405588454 411 265 touchmove 100 172 0.537109375 0.537109375 0 yesterday 1
ken_agreed_yesterday 1583405588456 411 265 touchend 100 172 0.537109375 0.537109375 0 yesterday 1
ken_agreed_yesterday 1583405589674 411 265 touchstart 235 55 0.46037948131561 0.46037948131561 0 yesterday 0
ken_agreed_yesterday 1583405589738 411 265 touchmove 234 54 0.537109375 0.537109375 0 yesterday 0
ken_agreed_yesterday 1583405589753 411 265 touchmove 231 53 0.537109375 0.537109375 0 yesterday 0
ken_agreed_yesterday 1583405589769 411 265 touchmove 224 51 0.46037948131561 0.46037948131561 0 yesterday 0
ken_agreed_yesterday 1583405589787 411 265 touchmove 211 52 0.46037948131561 0.46037948131561 0 yesterday 0
ken_agreed_yesterday 1583405589804 411 265 touchmove 198 51 0.537109375 0.537109375 0 yesterday 0
ken_agreed_yesterday 1583405589820 411 265 touchmove 182 51 0.46037948131561 0.46037948131561 0 yesterday 0
ken_agreed_yesterday 1583405589837 411 265 touchmove 168 50 0.46037948131561 0.46037948131561 0 yesterday 0
ken_agreed_yesterday 1583405589854 411 265 touchmove 155 49 0.46037948131561 0.46037948131561 0 yesterday 0
ken_agreed_yesterday 1583405589869 411 265 touchmove 144 48 0.46037948131561 0.46037948131561 0 yesterday 0
ken_agreed_yesterday 1583405589887 411 265 touchmove 133 46 0.46037948131561 0.46037948131561 0 yesterday 0
ken_agreed_yesterday 1583405589903 411 265 touchmove 125 45 0.46037948131561 0.46037948131561 0 yesterday 0
ken_agreed_yesterday 1583405589920 411 265 touchmove 119 44 0.537109375 0.537109375 0 yesterday 0
ken_agreed_yesterday 1583405589936 411 265 touchmove 117 43 0.537109375 0.537109375 0 yesterday 0
ken_agreed_yesterday 1583405589953 411 265 touchmove 116 43 0.46037948131561 0.46037948131561 0 yesterday 0
ken_agreed_yesterday 1583405589969 411 265 touchmove 117 44 0.537109375 0.537109375 0 yesterday 0
ken_agreed_yesterday 1583405589986 411 265 touchmove 118 45 0.46037948131561 0.46037948131561 0 yesterday 0
ken_agreed_yesterday 1583405590003 411 265 touchmove 118 51 0.537109375 0.537109375 0 yesterday 0
ken_agreed_yesterday 1583405590019 411 265 touchmove 117 61 0.537109375 0.537109375 0 yesterday 0
ken_agreed_yesterday 1583405590038 411 265 touchmove 116 72 0.46037948131561 0.46037948131561 0 yesterday 0
ken_agreed_yesterday 1583405590053 411 265 touchmove 113 84 0.537109375 0.537109375 0 yesterday 0
ken_agreed_yesterday 1583405590071 411 265 touchmove 109 95 0.537109375 0.537109375 0 yesterday 0
ken_agreed_yesterday 1583405590087 411 265 touchmove 104 105 0.537109375 0.537109375 0 yesterday 0
ken_agreed_yesterday 1583405590103 411 265 touchmove 99 111 0.46037948131561 0.46037948131561 0 yesterday 0
ken_agreed_yesterday 1583405590120 411 265 touchmove 95 117 0.46037948131561 0.46037948131561 0 yesterday 0
ken_agreed_yesterday 1583405590137 411 265 touchmove 92 120 0.46037948131561 0.46037948131561 0 yesterday 0
ken_agreed_yesterday 1583405590153 411 265 touchmove 91 121 0.46037948131561 0.46037948131561 0 yesterday 0
ken_agreed_yesterday 1583405590170 411 265 touchmove 90 121 0.46037948131561 0.46037948131561 0 yesterday 0
ken_agreed_yesterday 1583405590187 411 265 touchmove 90 121 0.46037948131561 0.46037948131561 0 yesterday 0
ken_agreed_yesterday 1583405590204 411 265 touchmove 91 120 0.537109375 0.537109375 0 yesterday 0
ken_agreed_yesterday 1583405590224 411 265 touchmove 92 119 0.46037948131561 0.46037948131561 0 yesterday 0
ken_agreed_yesterday 1583405590238 411 265 touchmove 96 116 0.46037948131561 0.46037948131561 0 yesterday 0
ken_agreed_yesterday 1583405590254 411 265 touchmove 103 113 0.537109375 0.537109375 0 yesterday 0
ken_agreed_yesterday 1583405590269 411 265 touchmove 114 109 0.46037948131561 0.46037948131561 0 yesterday 0
ken_agreed_yesterday 1583405590286 411 265 touchmove 127 106 0.46037948131561 0.46037948131561 0 yesterday 0
ken_agreed_yesterday 1583405590303 411 265 touchmove 140 103 0.3836495578289 0.3836495578289 0 yesterday 0
ken_agreed_yesterday 1583405590320 411 265 touchmove 152 97 0.3836495578289 0.3836495578289 0 yesterday 0
ken_agreed_yesterday 1583405590337 411 265 touchmove 164 89 0.46037948131561 0.46037948131561 0 yesterday 0
ken_agreed_yesterday 1583405590354 411 265 touchmove 176 79 0.46037948131561 0.46037948131561 0 yesterday 0
ken_agreed_yesterday 1583405590370 411 265 touchmove 187 68 0.537109375 0.537109375 0 yesterday 0
ken_agreed_yesterday 1583405590386 411 265 touchmove 196 58 0.46037948131561 0.46037948131561 0 yesterday 0
ken_agreed_yesterday 1583405590403 411 265 touchmove 202 50 0.46037948131561 0.46037948131561 0 yesterday 0
ken_agreed_yesterday 1583405590420 411 265 touchmove 206 45 0.46037948131561 0.46037948131561 0 yesterday 0
ken_agreed_yesterday 1583405590440 411 265 touchmove 207 42 0.46037948131561 0.46037948131561 0 yesterday 0
ken_agreed_yesterday 1583405590455 411 265 touchmove 207 39 0.46037948131561 0.46037948131561 0 yesterday 0
ken_agreed_yesterday 1583405590470 411 265 touchmove 203 38 0.46037948131561 0.46037948131561 0 yesterday 0
ken_agreed_yesterday 1583405590487 411 265 touchmove 197 37 0.46037948131561 0.46037948131561 0 yesterday 0
ken_agreed_yesterday 1583405590504 411 265 touchmove 189 38 0.46037948131561 0.46037948131561 0 yesterday 0
ken_agreed_yesterday 1583405590520 411 265 touchmove 183 40 0.46037948131561 0.46037948131561 0 yesterday 0
ken_agreed_yesterday 1583405590537 411 265 touchmove 178 41 0.46037948131561 0.46037948131561 0 yesterday 0
ken_agreed_yesterday 1583405590553 411 265 touchmove 174 42 0.46037948131561 0.46037948131561 0 yesterday 0
ken_agreed_yesterday 1583405590570 411 265 touchmove 171 42 0.537109375 0.537109375 0 yesterday 0
ken_agreed_yesterday 1583405590586 411 265 touchmove 168 42 0.537109375 0.537109375 0 yesterday 0
ken_agreed_yesterday 1583405590603 411 265 touchmove 164 41 0.46037948131561 0.46037948131561 0 yesterday 0
ken_agreed_yesterday 1583405590619 411 265 touchmove 161 40 0.3836495578289 0.3836495578289 0 yesterday 0
ken_agreed_yesterday 1583405590636 411 265 touchmove 157 38 0.3836495578289 0.3836495578289 0 yesterday 0
ken_agreed_yesterday 1583405590653 411 265 touchmove 153 36 0.3836495578289 0.3836495578289 0 yesterday 0
ken_agreed_yesterday 1583405590669 411 265 touchmove 149 35 0.46037948131561 0.46037948131561 0 yesterday 0
ken_agreed_yesterday 1583405590686 411 265 touchmove 145 35 0.46037948131561 0.46037948131561 0 yesterday 0
ken_agreed_yesterday 1583405590703 411 265 touchmove 141 36 0.46037948131561 0.46037948131561 0 yesterday 0
ken_agreed_yesterday 1583405590719 411 265 touchmove 138 36 0.46037948131561 0.46037948131561 0 yesterday 0
ken_agreed_yesterday 1583405590738 411 265 touchmove 134 37 0.46037948131561 0.46037948131561 0 yesterday 0
ken_agreed_yesterday 1583405590755 411 265 touchmove 131 38 0.46037948131561 0.46037948131561 0 yesterday 0
ken_agreed_yesterday 1583405590770 411 265 touchmove 128 39 0.46037948131561 0.46037948131561 0 yesterday 0
ken_agreed_yesterday 1583405590787 411 265 touchmove 125 39 0.46037948131561 0.46037948131561 0 yesterday 0
ken_agreed_yesterday 1583405590803 411 265 touchmove 121 38 0.46037948131561 0.46037948131561 0 yesterday 0
ken_agreed_yesterday 1583405590819 411 265 touchmove 113 38 0.46037948131561 0.46037948131561 0 yesterday 0
ken_agreed_yesterday 1583405590836 411 265 touchmove 104 40 0.46037948131561 0.46037948131561 0 yesterday 0
ken_agreed_yesterday 1583405590853 411 265 touchmove 98 41 0.46037948131561 0.46037948131561 0 yesterday 0
ken_agreed_yesterday 1583405590870 411 265 touchmove 95 42 0.537109375 0.537109375 0 yesterday 0
ken_agreed_yesterday 1583405590886 411 265 touchmove 92 42 0.537109375 0.537109375 0 yesterday 0
ken_agreed_yesterday 1583405590903 411 265 touchmove 92 43 0.46037948131561 0.46037948131561 0 yesterday 0
ken_agreed_yesterday 1583405590920 411 265 touchmove 93 43 0.46037948131561 0.46037948131561 0 yesterday 0
ken_agreed_yesterday 1583405590936 411 265 touchmove 96 42 0.46037948131561 0.46037948131561 0 yesterday 0
ken_agreed_yesterday 1583405590953 411 265 touchmove 105 39 0.3836495578289 0.3836495578289 0 yesterday 0
ken_agreed_yesterday 1583405590969 411 265 touchmove 116 36 0.46037948131561 0.46037948131561 0 yesterday 0
ken_agreed_yesterday 1583405590986 411 265 touchmove 128 36 0.46037948131561 0.46037948131561 0 yesterday 0
ken_agreed_yesterday 1583405591003 411 265 touchmove 140 34 0.46037948131561 0.46037948131561 0 yesterday 0
ken_agreed_yesterday 1583405591019 411 265 touchmove 145 32 0.46037948131561 0.46037948131561 0 yesterday 0
ken_agreed_yesterday 1583405591036 411 265 touchmove 147 33 0.46037948131561 0.46037948131561 0 yesterday 0
ken_agreed_yesterday 1583405591053 411 265 touchmove 147 33 0.46037948131561 0.46037948131561 0 yesterday 0
ken_agreed_yesterday 1583405591069 411 265 touchmove 147 33 0.46037948131561 0.46037948131561 0 yesterday 0
ken_agreed_yesterday 1583405591119 411 265 touchmove 148 35 0.46037948131561 0.46037948131561 0 yesterday 0
ken_agreed_yesterday 1583405591136 411 265 touchmove 148 37 0.46037948131561 0.46037948131561 0 yesterday 0
ken_agreed_yesterday 1583405591153 411 265 touchmove 149 38 0.46037948131561 0.46037948131561 0 yesterday 0
ken_agreed_yesterday 1583405591170 411 265 touchmove 148 41 0.46037948131561 0.46037948131561 0 yesterday 0
ken_agreed_yesterday 1583405591186 411 265 touchmove 147 45 0.46037948131561 0.46037948131561 0 yesterday 0
ken_agreed_yesterday 1583405591202 411 265 touchmove 143 51 0.46037948131561 0.46037948131561 0 yesterday 0
ken_agreed_yesterday 1583405591219 411 265 touchmove 138 58 0.3836495578289 0.3836495578289 0 yesterday 0
ken_agreed_yesterday 1583405591237 411 265 touchmove 133 66 0.3836495578289 0.3836495578289 0 yesterday 0
ken_agreed_yesterday 1583405591256 411 265 touchmove 128 73 0.3836495578289 0.3836495578289 0 yesterday 0
ken_agreed_yesterday 1583405591270 411 265 touchmove 125 80 0.46037948131561 0.46037948131561 0 yesterday 0
ken_agreed_yesterday 1583405591286 411 265 touchmove 123 88 0.46037948131561 0.46037948131561 0 yesterday 0
ken_agreed_yesterday 1583405591302 411 265 touchmove 122 96 0.46037948131561 0.46037948131561 0 yesterday 0
ken_agreed_yesterday 1583405591319 411 265 touchmove 121 101 0.46037948131561 0.46037948131561 0 yesterday 0
ken_agreed_yesterday 1583405591337 411 265 touchmove 121 105 0.46037948131561 0.46037948131561 0 yesterday 0
ken_agreed_yesterday 1583405591354 411 265 touchmove 122 109 0.46037948131561 0.46037948131561 0 yesterday 0
ken_agreed_yesterday 1583405591369 411 265 touchmove 123 111 0.46037948131561 0.46037948131561 0 yesterday 0
ken_agreed_yesterday 1583405591388 411 265 touchmove 123 113 0.46037948131561 0.46037948131561 0 yesterday 0
ken_agreed_yesterday 1583405591404 411 265 touchmove 123 115 0.46037948131561 0.46037948131561 0 yesterday 0
ken_agreed_yesterday 1583405591419 411 265 touchmove 123 115 0.46037948131561 0.46037948131561 0 yesterday 0
ken_agreed_yesterday 1583405591436 411 265 touchmove 123 115 0.46037948131561 0.46037948131561 0 yesterday 0
ken_agreed_yesterday 1583405591452 411 265 touchmove 121 115 0.46037948131561 0.46037948131561 0 yesterday 0
ken_agreed_yesterday 1583405591470 411 265 touchmove 117 114 0.46037948131561 0.46037948131561 0 yesterday 0
ken_agreed_yesterday 1583405591488 411 265 touchmove 110 112 0.46037948131561 0.46037948131561 0 yesterday 0
ken_agreed_yesterday 1583405591503 411 265 touchmove 101 109 0.46037948131561 0.46037948131561 0 yesterday 0
ken_agreed_yesterday 1583405591519 411 265 touchmove 92 106 0.46037948131561 0.46037948131561 0 yesterday 0
ken_agreed_yesterday 1583405591536 411 265 touchmove 82 105 0.46037948131561 0.46037948131561 0 yesterday 0
ken_agreed_yesterday 1583405591553 411 265 touchmove 72 103 0.46037948131561 0.46037948131561 0 yesterday 0
ken_agreed_yesterday 1583405591571 411 265 touchmove 62 104 0.46037948131561 0.46037948131561 0 yesterday 0
ken_agreed_yesterday 1583405591586 411 265 touchmove 52 104 0.46037948131561 0.46037948131561 0 yesterday 0
ken_agreed_yesterday 1583405591604 411 265 touchmove 44 105 0.537109375 0.537109375 0 yesterday 0
ken_agreed_yesterday 1583405591619 411 265 touchmove 39 106 0.46037948131561 0.46037948131561 0 yesterday 0
ken_agreed_yesterday 1583405591636 411 265 touchmove 36 107 0.46037948131561 0.46037948131561 0 yesterday 0
ken_agreed_yesterday 1583405591653 411 265 touchmove 35 107 0.46037948131561 0.46037948131561 0 yesterday 0
ken_agreed_yesterday 1583405591670 411 265 touchmove 38 106 0.46037948131561 0.46037948131561 0 yesterday 0
ken_agreed_yesterday 1583405591686 411 265 touchmove 45 106 0.46037948131561 0.46037948131561 0 yesterday 0
ken_agreed_yesterday 1583405591702 411 265 touchmove 56 107 0.46037948131561 0.46037948131561 0 yesterday 0
ken_agreed_yesterday 1583405591719 411 265 touchmove 66 107 0.46037948131561 0.46037948131561 0 yesterday 0
ken_agreed_yesterday 1583405591736 411 265 touchmove 77 107 0.46037948131561 0.46037948131561 0 yesterday 0
ken_agreed_yesterday 1583405591752 411 265 touchmove 88 105 0.46037948131561 0.46037948131561 0 yesterday 0
ken_agreed_yesterday 1583405591769 411 265 touchmove 99 101 0.3836495578289 0.3836495578289 0 yesterday 0
ken_agreed_yesterday 1583405591786 411 265 touchmove 110 97 0.46037948131561 0.46037948131561 0 yesterday 0
ken_agreed_yesterday 1583405591805 411 265 touchmove 122 90 0.3836495578289 0.3836495578289 0 yesterday 0
ken_agreed_yesterday 1583405591819 411 265 touchmove 132 85 0.46037948131561 0.46037948131561 0 yesterday 0
ken_agreed_yesterday 1583405591836 411 265 touchmove 145 79 0.46037948131561 0.46037948131561 0 yesterday 0
ken_agreed_yesterday 1583405591853 411 265 touchmove 159 74 0.46037948131561 0.46037948131561 0 yesterday 0
ken_agreed_yesterday 1583405591870 411 265 touchmove 174 68 0.537109375 0.537109375 0 yesterday 0
ken_agreed_yesterday 1583405591886 411 265 touchmove 189 62 0.537109375 0.537109375 0 yesterday 0
ken_agreed_yesterday 1583405591903 411 265 touchmove 204 56 0.46037948131561 0.46037948131561 0 yesterday 0
ken_agreed_yesterday 1583405591919 411 265 touchmove 217 51 0.46037948131561 0.46037948131561 0 yesterday 0
ken_agreed_yesterday 1583405591936 411 265 touchmove 228 47 0.46037948131561 0.46037948131561 0 yesterday 0
ken_agreed_yesterday 1583405591953 411 265 touchmove 237 42 0.537109375 0.537109375 0 yesterday 0
ken_agreed_yesterday 1583405591970 411 265 touchmove 244 39 0.46037948131561 0.46037948131561 0 yesterday 0
ken_agreed_yesterday 1583405591988 411 265 touchmove 248 36 0.46037948131561 0.46037948131561 0 yesterday 0
ken_agreed_yesterday 1583405592005 411 265 touchmove 252 35 0.46037948131561 0.46037948131561 0 yesterday 0
ken_agreed_yesterday 1583405592020 411 265 touchmove 253 33 0.46037948131561 0.46037948131561 0 yesterday 0
ken_agreed_yesterday 1583405592036 411 265 touchmove 253 33 0.46037948131561 0.46037948131561 0 yesterday 0
ken_agreed_yesterday 1583405592059 411 265 touchmove 253 34 0.46037948131561 0.46037948131561 0 yesterday 0
ken_agreed_yesterday 1583405592085 411 265 touchmove 253 34 0.537109375 0.537109375 0 yesterday 0
ken_agreed_yesterday 1583405592103 411 265 touchmove 252 34 0.46037948131561 0.46037948131561 0 yesterday 0
ken_agreed_yesterday 1583405592119 411 265 touchmove 249 34 0.46037948131561 0.46037948131561 0 yesterday 0
ken_agreed_yesterday 1583405592131 411 265 touchmove 248 35 0.46037948131561 0.46037948131561 0 yesterday 0
ken_agreed_yesterday 1583405592134 411 265 touchend 248 35 0.46037948131561 0.46037948131561 0 yesterday 0
