sentence timestamp keyb_width keyb_height event x_pos y_pos x_radius y_radius angle word is_err
skanska_genesis_draft_room 1580717685202 393 241 touchstart 84 98 0.3633905351162 0.3633905351162 0 skanska 0 0 0
skanska_genesis_draft_room 1580717685851 393 241 touchmove 88 98 0.3633905351162 0.3633905351162 0 skanska 0 0 0
skanska_genesis_draft_room 1580717685869 393 241 touchmove 94 99 0.3633905351162 0.3633905351162 0 skanska 0 0 0
skanska_genesis_draft_room 1580717685905 393 241 touchmove 132 105 0.3633905351162 0.3633905351162 0 skanska 0 0 0
skanska_genesis_draft_room 1580717685926 393 241 touchmove 149 107 0.3633905351162 0.3633905351162 0 skanska 0 0 0
skanska_genesis_draft_room 1580717685930 393 241 touchmove 157 108 0.3633905351162 0.3633905351162 0 skanska 0 0 0
skanska_genesis_draft_room 1580717685949 393 241 touchmove 172 110 0.3633905351162 0.3633905351162 0 skanska 0 0 0
skanska_genesis_draft_room 1580717685966 393 241 touchmove 187 112 0.3633905351162 0.3633905351162 0 skanska 0 0 0
skanska_genesis_draft_room 1580717685983 393 241 touchmove 203 112 0.3633905351162 0.3633905351162 0 skanska 0 0 0
skanska_genesis_draft_room 1580717685998 393 241 touchmove 219 112 0.3633905351162 0.3633905351162 0 skanska 0 0 0
skanska_genesis_draft_room 1580717686016 393 241 touchmove 234 112 0.3633905351162 0.3633905351162 0 skanska 0 0 0
skanska_genesis_draft_room 1580717686032 393 241 touchmove 247 112 0.3633905351162 0.3633905351162 0 skanska 0 0 0
skanska_genesis_draft_room 1580717686048 393 241 touchmove 260 112 0.3633905351162 0.3633905351162 0 skanska 0 0 0
skanska_genesis_draft_room 1580717686068 393 241 touchmove 270 110 0.3633905351162 0.3633905351162 0 skanska 0 0 0
skanska_genesis_draft_room 1580717686081 393 241 touchmove 279 109 0.3633905351162 0.3633905351162 0 skanska 0 0 0
skanska_genesis_draft_room 1580717686118 393 241 touchmove 290 107 0.3633905351162 0.3633905351162 0 skanska 0 0 0
skanska_genesis_draft_room 1580717686131 393 241 touchmove 293 107 0.3633905351162 0.3633905351162 0 skanska 0 0 0
skanska_genesis_draft_room 1580717686150 393 241 touchmove 295 106 0.3633905351162 0.3633905351162 0 skanska 0 0 0
skanska_genesis_draft_room 1580717686165 393 241 touchmove 296 106 0.3633905351162 0.3633905351162 0 skanska 0 0 0
skanska_genesis_draft_room 1580717686181 393 241 touchmove 298 106 0.3633905351162 0.3633905351162 0 skanska 0 0 0
skanska_genesis_draft_room 1580717686198 393 241 touchmove 298 106 0.3633905351162 0.3633905351162 0 skanska 0 0 0
skanska_genesis_draft_room 1580717686216 393 241 touchmove 299 105 0.3633905351162 0.3633905351162 0 skanska 0 0 0
skanska_genesis_draft_room 1580717686231 393 241 touchmove 301 105 0.3633905351162 0.3633905351162 0 skanska 0 0 0
skanska_genesis_draft_room 1580717686248 393 241 touchmove 302 105 0.3633905351162 0.3633905351162 0 skanska 0 0 0
skanska_genesis_draft_room 1580717686264 393 241 touchmove 303 105 0.3633905351162 0.3633905351162 0 skanska 0 0 0
skanska_genesis_draft_room 1580717686283 393 241 touchmove 304 104 0.3633905351162 0.3633905351162 0 skanska 0 0 0
skanska_genesis_draft_room 1580717686299 393 241 touchmove 304 104 0.3633905351162 0.3633905351162 0 skanska 0 0 0
skanska_genesis_draft_room 1580717686314 393 241 touchmove 305 104 0.3633905351162 0.3633905351162 0 skanska 0 0 0
skanska_genesis_draft_room 1580717686333 393 241 touchmove 305 104 0.3633905351162 0.3633905351162 0 skanska 0 0 0
skanska_genesis_draft_room 1580717686348 393 241 touchmove 306 104 0.3633905351162 0.3633905351162 0 skanska 0 0 0
skanska_genesis_draft_room 1580717686365 393 241 touchmove 306 104 0.3633905351162 0.3633905351162 0 skanska 0 0 0
skanska_genesis_draft_room 1580717686383 393 241 touchmove 306 104 0.3633905351162 0.3633905351162 0 skanska 0 0 0
skanska_genesis_draft_room 1580717686403 393 241 touchmove 307 104 0.3633905351162 0.3633905351162 0 skanska 0 0 0
skanska_genesis_draft_room 1580717686450 393 241 touchmove 307 104 0.3633905351162 0.3633905351162 0 skanska 0 0 0
skanska_genesis_draft_room 1580717686471 393 241 touchmove 307 104 0.3633905351162 0.3633905351162 0 skanska 0 0 0
skanska_genesis_draft_room 1580717686600 393 241 touchmove 308 104 0.3633905351162 0.3633905351162 0 skanska 0 0 0
skanska_genesis_draft_room 1580717686618 393 241 touchmove 308 105 0.3633905351162 0.3633905351162 0 skanska 0 0 0
skanska_genesis_draft_room 1580717686648 393 241 touchmove 308 105 0.3633905351162 0.3633905351162 0 skanska 0 0 0
skanska_genesis_draft_room 1580717686766 393 241 touchmove 308 104 0.3633905351162 0.3633905351162 0 skanska 0 0 0
skanska_genesis_draft_room 1580717686807 393 241 touchmove 307 104 0.3633905351162 0.3633905351162 0 skanska 0 0 0
skanska_genesis_draft_room 1580717686883 393 241 touchmove 307 104 0.3633905351162 0.3633905351162 0 skanska 0 0 0
skanska_genesis_draft_room 1580717686983 393 241 touchmove 307 104 0.3633905351162 0.3633905351162 0 skanska 0 0 0
skanska_genesis_draft_room 1580717687049 393 241 touchmove 306 104 0.3633905351162 0.3633905351162 0 skanska 0 0 0
skanska_genesis_draft_room 1580717687066 393 241 touchmove 306 104 0.3633905351162 0.3633905351162 0 skanska 0 0 0
skanska_genesis_draft_room 1580717687086 393 241 touchmove 306 104 0.3633905351162 0.3633905351162 0 skanska 0 0 0
skanska_genesis_draft_room 1580717687117 393 241 touchmove 305 104 0.3633905351162 0.3633905351162 0 skanska 0 0 0
skanska_genesis_draft_room 1580717687133 393 241 touchmove 305 104 0.3633905351162 0.3633905351162 0 skanska 0 0 0
skanska_genesis_draft_room 1580717687149 393 241 touchmove 304 104 0.3633905351162 0.3633905351162 0 skanska 0 0 0
skanska_genesis_draft_room 1580717687165 393 241 touchmove 302 104 0.3633905351162 0.3633905351162 0 skanska 0 0 0
skanska_genesis_draft_room 1580717687182 393 241 touchmove 295 103 0.3633905351162 0.3633905351162 0 skanska 0 0 0
skanska_genesis_draft_room 1580717687198 393 241 touchmove 287 102 0.3633905351162 0.3633905351162 0 skanska 0 0 0
skanska_genesis_draft_room 1580717687218 393 241 touchmove 274 102 0.3633905351162 0.3633905351162 0 skanska 0 0 0
skanska_genesis_draft_room 1580717687232 393 241 touchmove 258 102 0.3633905351162 0.3633905351162 0 skanska 0 0 0
skanska_genesis_draft_room 1580717687249 393 241 touchmove 240 102 0.3633905351162 0.3633905351162 0 skanska 0 0 0
skanska_genesis_draft_room 1580717687266 393 241 touchmove 220 102 0.3633905351162 0.3633905351162 0 skanska 0 0 0
skanska_genesis_draft_room 1580717687282 393 241 touchmove 200 103 0.3633905351162 0.3633905351162 0 skanska 0 0 0
skanska_genesis_draft_room 1580717687299 393 241 touchmove 178 105 0.3633905351162 0.3633905351162 0 skanska 0 0 0
skanska_genesis_draft_room 1580717687316 393 241 touchmove 154 108 0.3633905351162 0.3633905351162 0 skanska 0 0 0
skanska_genesis_draft_room 1580717687332 393 241 touchmove 132 112 0.3633905351162 0.3633905351162 0 skanska 0 0 0
skanska_genesis_draft_room 1580717687349 393 241 touchmove 113 115 0.3633905351162 0.3633905351162 0 skanska 0 0 0
skanska_genesis_draft_room 1580717687365 393 241 touchmove 96 117 0.3633905351162 0.3633905351162 0 skanska 0 0 0
skanska_genesis_draft_room 1580717687383 393 241 touchmove 81 120 0.3633905351162 0.3633905351162 0 skanska 0 0 0
skanska_genesis_draft_room 1580717687400 393 241 touchmove 69 122 0.3633905351162 0.3633905351162 0 skanska 0 0 0
skanska_genesis_draft_room 1580717687416 393 241 touchmove 57 125 0.3633905351162 0.3633905351162 0 skanska 0 0 0
skanska_genesis_draft_room 1580717687435 393 241 touchmove 48 127 0.3633905351162 0.3633905351162 0 skanska 0 0 0
skanska_genesis_draft_room 1580717687449 393 241 touchmove 41 129 0.3633905351162 0.3633905351162 0 skanska 0 0 0
skanska_genesis_draft_room 1580717687466 393 241 touchmove 36 131 0.3633905351162 0.3633905351162 0 skanska 0 0 0
skanska_genesis_draft_room 1580717687482 393 241 touchmove 32 133 0.3633905351162 0.3633905351162 0 skanska 0 0 0
skanska_genesis_draft_room 1580717687500 393 241 touchmove 31 133 0.3633905351162 0.3633905351162 0 skanska 0 0 0
skanska_genesis_draft_room 1580717687516 393 241 touchmove 29 134 0.3633905351162 0.3633905351162 0 skanska 0 0 0
skanska_genesis_draft_room 1580717687533 393 241 touchmove 29 134 0.3633905351162 0.3633905351162 0 skanska 0 0 0
skanska_genesis_draft_room 1580717687549 393 241 touchmove 29 134 0.3633905351162 0.3633905351162 0 skanska 0 0 0
skanska_genesis_draft_room 1580717687700 393 241 touchmove 29 134 0.3633905351162 0.3633905351162 0 skanska 0 0 0
skanska_genesis_draft_room 1580717687750 393 241 touchmove 30 134 0.3633905351162 0.3633905351162 0 skanska 0 0 0
skanska_genesis_draft_room 1580717687799 393 241 touchmove 30 134 0.3633905351162 0.3633905351162 0 skanska 0 0 0
skanska_genesis_draft_room 1580717687823 393 241 touchmove 31 134 0.3633905351162 0.3633905351162 0 skanska 0 0 0
skanska_genesis_draft_room 1580717687846 393 241 touchmove 31 134 0.3633905351162 0.3633905351162 0 skanska 0 0 0
skanska_genesis_draft_room 1580717687865 393 241 touchmove 32 135 0.3633905351162 0.3633905351162 0 skanska 0 0 0
skanska_genesis_draft_room 1580717687882 393 241 touchmove 34 136 0.3633905351162 0.3633905351162 0 skanska 0 0 0
skanska_genesis_draft_room 1580717687898 393 241 touchmove 40 138 0.3633905351162 0.3633905351162 0 skanska 0 0 0
skanska_genesis_draft_room 1580717687916 393 241 touchmove 49 141 0.3633905351162 0.3633905351162 0 skanska 0 0 0
skanska_genesis_draft_room 1580717687932 393 241 touchmove 62 145 0.3633905351162 0.3633905351162 0 skanska 0 0 0
skanska_genesis_draft_room 1580717687948 393 241 touchmove 75 148 0.3633905351162 0.3633905351162 0 skanska 0 0 0
skanska_genesis_draft_room 1580717687966 393 241 touchmove 86 151 0.3633905351162 0.3633905351162 0 skanska 0 0 0
skanska_genesis_draft_room 1580717687981 393 241 touchmove 96 154 0.3633905351162 0.3633905351162 0 skanska 0 0 0
skanska_genesis_draft_room 1580717687999 393 241 touchmove 104 157 0.3633905351162 0.3633905351162 0 skanska 0 0 0
skanska_genesis_draft_room 1580717688016 393 241 touchmove 110 160 0.3633905351162 0.3633905351162 0 skanska 0 0 0
skanska_genesis_draft_room 1580717688032 393 241 touchmove 117 162 0.3633905351162 0.3633905351162 0 skanska 0 0 0
skanska_genesis_draft_room 1580717688048 393 241 touchmove 122 163 0.3633905351162 0.3633905351162 0 skanska 0 0 0
skanska_genesis_draft_room 1580717688065 393 241 touchmove 127 165 0.3633905351162 0.3633905351162 0 skanska 0 0 0
skanska_genesis_draft_room 1580717688082 393 241 touchmove 131 166 0.3633905351162 0.3633905351162 0 skanska 0 0 0
skanska_genesis_draft_room 1580717688099 393 241 touchmove 137 168 0.3633905351162 0.3633905351162 0 skanska 0 0 0
skanska_genesis_draft_room 1580717688116 393 241 touchmove 141 169 0.3633905351162 0.3633905351162 0 skanska 0 0 0
skanska_genesis_draft_room 1580717688132 393 241 touchmove 145 170 0.3633905351162 0.3633905351162 0 skanska 0 0 0
skanska_genesis_draft_room 1580717688149 393 241 touchmove 149 171 0.3633905351162 0.3633905351162 0 skanska 0 0 0
skanska_genesis_draft_room 1580717688165 393 241 touchmove 156 173 0.3633905351162 0.3633905351162 0 skanska 0 0 0
skanska_genesis_draft_room 1580717688182 393 241 touchmove 162 175 0.3633905351162 0.3633905351162 0 skanska 0 0 0
skanska_genesis_draft_room 1580717688201 393 241 touchmove 166 176 0.3633905351162 0.3633905351162 0 skanska 0 0 0
skanska_genesis_draft_room 1580717688222 393 241 touchmove 171 177 0.3633905351162 0.3633905351162 0 skanska 0 0 0
skanska_genesis_draft_room 1580717688234 393 241 touchmove 173 178 0.3633905351162 0.3633905351162 0 skanska 0 0 0
skanska_genesis_draft_room 1580717688248 393 241 touchmove 176 179 0.3633905351162 0.3633905351162 0 skanska 0 0 0
skanska_genesis_draft_room 1580717688266 393 241 touchmove 180 180 0.3633905351162 0.3633905351162 0 skanska 0 0 0
skanska_genesis_draft_room 1580717688283 393 241 touchmove 184 181 0.3633905351162 0.3633905351162 0 skanska 0 0 0
skanska_genesis_draft_room 1580717688322 393 241 touchmove 190 184 0.3633905351162 0.3633905351162 0 skanska 0 0 0
skanska_genesis_draft_room 1580717688335 393 241 touchmove 192 185 0.3633905351162 0.3633905351162 0 skanska 0 0 0
skanska_genesis_draft_room 1580717688349 393 241 touchmove 193 186 0.3633905351162 0.3633905351162 0 skanska 0 0 0
skanska_genesis_draft_room 1580717688382 393 241 touchmove 195 187 0.3633905351162 0.3633905351162 0 skanska 0 0 0
skanska_genesis_draft_room 1580717688399 393 241 touchmove 196 187 0.3633905351162 0.3633905351162 0 skanska 0 0 0
skanska_genesis_draft_room 1580717688416 393 241 touchmove 197 188 0.3633905351162 0.3633905351162 0 skanska 0 0 0
skanska_genesis_draft_room 1580717688433 393 241 touchmove 197 188 0.3633905351162 0.3633905351162 0 skanska 0 0 0
skanska_genesis_draft_room 1580717688450 393 241 touchmove 198 189 0.3633905351162 0.3633905351162 0 skanska 0 0 0
skanska_genesis_draft_room 1580717688466 393 241 touchmove 198 189 0.3633905351162 0.3633905351162 0 skanska 0 0 0
skanska_genesis_draft_room 1580717688566 393 241 touchmove 198 189 0.3633905351162 0.3633905351162 0 skanska 0 0 0
skanska_genesis_draft_room 1580717688607 393 241 touchmove 198 189 0.3633905351162 0.3633905351162 0 skanska 0 0 0
skanska_genesis_draft_room 1580717688621 393 241 touchmove 198 189 0.3633905351162 0.3633905351162 0 skanska 0 0 0
skanska_genesis_draft_room 1580717688634 393 241 touchmove 199 189 0.3633905351162 0.3633905351162 0 skanska 0 0 0
skanska_genesis_draft_room 1580717688663 393 241 touchmove 199 189 0.3633905351162 0.3633905351162 0 skanska 0 0 0
skanska_genesis_draft_room 1580717688682 393 241 touchmove 199 189 0.3633905351162 0.3633905351162 0 skanska 0 0 0
skanska_genesis_draft_room 1580717688699 393 241 touchmove 200 189 0.3633905351162 0.3633905351162 0 skanska 0 0 0
skanska_genesis_draft_room 1580717688716 393 241 touchmove 200 189 0.3633905351162 0.3633905351162 0 skanska 0 0 0
skanska_genesis_draft_room 1580717688733 393 241 touchmove 202 189 0.3633905351162 0.3633905351162 0 skanska 0 0 0
skanska_genesis_draft_room 1580717688749 393 241 touchmove 205 189 0.3633905351162 0.3633905351162 0 skanska 0 0 0
skanska_genesis_draft_room 1580717688765 393 241 touchmove 208 189 0.3633905351162 0.3633905351162 0 skanska 0 0 0
skanska_genesis_draft_room 1580717688782 393 241 touchmove 213 189 0.3633905351162 0.3633905351162 0 skanska 0 0 0
skanska_genesis_draft_room 1580717688799 393 241 touchmove 220 189 0.3633905351162 0.3633905351162 0 skanska 0 0 0
skanska_genesis_draft_room 1580717688816 393 241 touchmove 227 188 0.3633905351162 0.3633905351162 0 skanska 0 0 0
skanska_genesis_draft_room 1580717688833 393 241 touchmove 233 187 0.3633905351162 0.3633905351162 0 skanska 0 0 0
skanska_genesis_draft_room 1580717688848 393 241 touchmove 240 186 0.3633905351162 0.3633905351162 0 skanska 0 0 0
skanska_genesis_draft_room 1580717688865 393 241 touchmove 247 185 0.3633905351162 0.3633905351162 0 skanska 0 0 0
skanska_genesis_draft_room 1580717688882 393 241 touchmove 253 184 0.3633905351162 0.3633905351162 0 skanska 0 0 0
skanska_genesis_draft_room 1580717688899 393 241 touchmove 259 182 0.3633905351162 0.3633905351162 0 skanska 0 0 0
skanska_genesis_draft_room 1580717688915 393 241 touchmove 264 181 0.3633905351162 0.3633905351162 0 skanska 0 0 0
skanska_genesis_draft_room 1580717688932 393 241 touchmove 270 180 0.3633905351162 0.3633905351162 0 skanska 0 0 0
skanska_genesis_draft_room 1580717688948 393 241 touchmove 274 179 0.3633905351162 0.3633905351162 0 skanska 0 0 0
skanska_genesis_draft_room 1580717688965 393 241 touchmove 277 178 0.3633905351162 0.3633905351162 0 skanska 0 0 0
skanska_genesis_draft_room 1580717689013 393 241 touchmove 280 176 0.3633905351162 0.3633905351162 0 skanska 0 0 0
skanska_genesis_draft_room 1580717689032 393 241 touchmove 281 176 0.3633905351162 0.3633905351162 0 skanska 0 0 0
skanska_genesis_draft_room 1580717689333 393 241 touchmove 280 176 0.3633905351162 0.3633905351162 0 skanska 0 0 0
skanska_genesis_draft_room 1580717689351 393 241 touchmove 280 176 0.3633905351162 0.3633905351162 0 skanska 0 0 0
skanska_genesis_draft_room 1580717689370 393 241 touchmove 280 176 0.3633905351162 0.3633905351162 0 skanska 0 0 0
skanska_genesis_draft_room 1580717689388 393 241 touchmove 279 176 0.3633905351162 0.3633905351162 0 skanska 0 0 0
skanska_genesis_draft_room 1580717689398 393 241 touchmove 279 176 0.3633905351162 0.3633905351162 0 skanska 0 0 0
skanska_genesis_draft_room 1580717689416 393 241 touchmove 278 176 0.3633905351162 0.3633905351162 0 skanska 0 0 0
skanska_genesis_draft_room 1580717689433 393 241 touchmove 276 174 0.3633905351162 0.3633905351162 0 skanska 0 0 0
skanska_genesis_draft_room 1580717689449 393 241 touchmove 273 173 0.3633905351162 0.3633905351162 0 skanska 0 0 0
skanska_genesis_draft_room 1580717689466 393 241 touchmove 270 170 0.3633905351162 0.3633905351162 0 skanska 0 0 0
skanska_genesis_draft_room 1580717689482 393 241 touchmove 265 167 0.3633905351162 0.3633905351162 0 skanska 0 0 0
skanska_genesis_draft_room 1580717689500 393 241 touchmove 259 164 0.3633905351162 0.3633905351162 0 skanska 0 0 0
skanska_genesis_draft_room 1580717689515 393 241 touchmove 251 159 0.3633905351162 0.3633905351162 0 skanska 0 0 0
skanska_genesis_draft_room 1580717689532 393 241 touchmove 243 155 0.3633905351162 0.3633905351162 0 skanska 0 0 0
skanska_genesis_draft_room 1580717689549 393 241 touchmove 234 151 0.3633905351162 0.3633905351162 0 skanska 0 0 0
skanska_genesis_draft_room 1580717689565 393 241 touchmove 224 147 0.3633905351162 0.3633905351162 0 skanska 0 0 0
skanska_genesis_draft_room 1580717689582 393 241 touchmove 214 144 0.3633905351162 0.3633905351162 0 skanska 0 0 0
skanska_genesis_draft_room 1580717689599 393 241 touchmove 204 140 0.3633905351162 0.3633905351162 0 skanska 0 0 0
skanska_genesis_draft_room 1580717689616 393 241 touchmove 194 136 0.3633905351162 0.3633905351162 0 skanska 0 0 0
skanska_genesis_draft_room 1580717689633 393 241 touchmove 182 132 0.3633905351162 0.3633905351162 0 skanska 0 0 0
skanska_genesis_draft_room 1580717689649 393 241 touchmove 173 130 0.3633905351162 0.3633905351162 0 skanska 0 0 0
skanska_genesis_draft_room 1580717689666 393 241 touchmove 162 126 0.3633905351162 0.3633905351162 0 skanska 0 0 0
skanska_genesis_draft_room 1580717689683 393 241 touchmove 151 124 0.3633905351162 0.3633905351162 0 skanska 0 0 0
skanska_genesis_draft_room 1580717689699 393 241 touchmove 140 122 0.3633905351162 0.3633905351162 0 skanska 0 0 0
skanska_genesis_draft_room 1580717689716 393 241 touchmove 128 120 0.3633905351162 0.3633905351162 0 skanska 0 0 0
skanska_genesis_draft_room 1580717689732 393 241 touchmove 118 118 0.3633905351162 0.3633905351162 0 skanska 0 0 0
skanska_genesis_draft_room 1580717689749 393 241 touchmove 109 117 0.3633905351162 0.3633905351162 0 skanska 0 0 0
skanska_genesis_draft_room 1580717689766 393 241 touchmove 100 116 0.3633905351162 0.3633905351162 0 skanska 0 0 0
skanska_genesis_draft_room 1580717689782 393 241 touchmove 93 115 0.3633905351162 0.3633905351162 0 skanska 0 0 0
skanska_genesis_draft_room 1580717689799 393 241 touchmove 87 114 0.3633905351162 0.3633905351162 0 skanska 0 0 0
skanska_genesis_draft_room 1580717689815 393 241 touchmove 84 113 0.3633905351162 0.3633905351162 0 skanska 0 0 0
skanska_genesis_draft_room 1580717689832 393 241 touchmove 82 112 0.3633905351162 0.3633905351162 0 skanska 0 0 0
skanska_genesis_draft_room 1580717689849 393 241 touchmove 81 112 0.3633905351162 0.3633905351162 0 skanska 0 0 0
skanska_genesis_draft_room 1580717689866 393 241 touchmove 80 112 0.3633905351162 0.3633905351162 0 skanska 0 0 0
skanska_genesis_draft_room 1580717689896 393 241 touchmove 80 112 0.3633905351162 0.3633905351162 0 skanska 0 0 0
skanska_genesis_draft_room 1580717689916 393 241 touchmove 80 112 0.3633905351162 0.3633905351162 0 skanska 0 0 0
skanska_genesis_draft_room 1580717690068 393 241 touchmove 80 112 0.3633905351162 0.3633905351162 0 skanska 0 0 0
skanska_genesis_draft_room 1580717690083 393 241 touchmove 81 112 0.3633905351162 0.3633905351162 0 skanska 0 0 0
skanska_genesis_draft_room 1580717690146 393 241 touchmove 81 112 0.3633905351162 0.3633905351162 0 skanska 0 0 0
skanska_genesis_draft_room 1580717690166 393 241 touchmove 84 112 0.3633905351162 0.3633905351162 0 skanska 0 0 0
skanska_genesis_draft_room 1580717690182 393 241 touchmove 89 112 0.3633905351162 0.3633905351162 0 skanska 0 0 0
skanska_genesis_draft_room 1580717690198 393 241 touchmove 97 112 0.3633905351162 0.3633905351162 0 skanska 0 0 0
skanska_genesis_draft_room 1580717690215 393 241 touchmove 109 112 0.3633905351162 0.3633905351162 0 skanska 0 0 0
skanska_genesis_draft_room 1580717690232 393 241 touchmove 124 112 0.3633905351162 0.3633905351162 0 skanska 0 0 0
skanska_genesis_draft_room 1580717690248 393 241 touchmove 141 110 0.3633905351162 0.3633905351162 0 skanska 0 0 0
skanska_genesis_draft_room 1580717690265 393 241 touchmove 160 110 0.3633905351162 0.3633905351162 0 skanska 0 0 0
skanska_genesis_draft_room 1580717690282 393 241 touchmove 180 109 0.3633905351162 0.3633905351162 0 skanska 0 0 0
skanska_genesis_draft_room 1580717690298 393 241 touchmove 201 106 0.3633905351162 0.3633905351162 0 skanska 0 0 0
skanska_genesis_draft_room 1580717690315 393 241 touchmove 221 105 0.3633905351162 0.3633905351162 0 skanska 0 0 0
skanska_genesis_draft_room 1580717690332 393 241 touchmove 242 105 0.3633905351162 0.3633905351162 0 skanska 0 0 0
skanska_genesis_draft_room 1580717690349 393 241 touchmove 258 104 0.3633905351162 0.3633905351162 0 skanska 0 0 0
skanska_genesis_draft_room 1580717690366 393 241 touchmove 271 104 0.3633905351162 0.3633905351162 0 skanska 0 0 0
skanska_genesis_draft_room 1580717690383 393 241 touchmove 282 103 0.3633905351162 0.3633905351162 0 skanska 0 0 0
skanska_genesis_draft_room 1580717690400 393 241 touchmove 290 102 0.3633905351162 0.3633905351162 0 skanska 0 0 0
skanska_genesis_draft_room 1580717690416 393 241 touchmove 297 102 0.3633905351162 0.3633905351162 0 skanska 0 0 0
skanska_genesis_draft_room 1580717690433 393 241 touchmove 305 102 0.3633905351162 0.3633905351162 0 skanska 0 0 0
skanska_genesis_draft_room 1580717690449 393 241 touchmove 310 102 0.3633905351162 0.3633905351162 0 skanska 0 0 0
skanska_genesis_draft_room 1580717690466 393 241 touchmove 314 102 0.3633905351162 0.3633905351162 0 skanska 0 0 0
skanska_genesis_draft_room 1580717690483 393 241 touchmove 315 102 0.3633905351162 0.3633905351162 0 skanska 0 0 0
skanska_genesis_draft_room 1580717690499 393 241 touchmove 315 102 0.3633905351162 0.3633905351162 0 skanska 0 0 0
skanska_genesis_draft_room 1580717690549 393 241 touchmove 315 102 0.3633905351162 0.3633905351162 0 skanska 0 0 0
skanska_genesis_draft_room 1580717690566 393 241 touchmove 314 102 0.3633905351162 0.3633905351162 0 skanska 0 0 0
skanska_genesis_draft_room 1580717690582 393 241 touchmove 314 102 0.3633905351162 0.3633905351162 0 skanska 0 0 0
skanska_genesis_draft_room 1580717690603 393 241 touchmove 314 102 0.3633905351162 0.3633905351162 0 skanska 0 0 0
skanska_genesis_draft_room 1580717690617 393 241 touchmove 312 101 0.3633905351162 0.3633905351162 0 skanska 0 0 0
skanska_genesis_draft_room 1580717690634 393 241 touchmove 309 101 0.3633905351162 0.3633905351162 0 skanska 0 0 0
skanska_genesis_draft_room 1580717690652 393 241 touchmove 301 98 0.3633905351162 0.3633905351162 0 skanska 0 0 0
skanska_genesis_draft_room 1580717690666 393 241 touchmove 290 96 0.3633905351162 0.3633905351162 0 skanska 0 0 0
skanska_genesis_draft_room 1580717690683 393 241 touchmove 274 93 0.3633905351162 0.3633905351162 0 skanska 0 0 0
skanska_genesis_draft_room 1580717690700 393 241 touchmove 255 90 0.3633905351162 0.3633905351162 0 skanska 0 0 0
skanska_genesis_draft_room 1580717690717 393 241 touchmove 233 88 0.3633905351162 0.3633905351162 0 skanska 0 0 0
skanska_genesis_draft_room 1580717690733 393 241 touchmove 208 86 0.3633905351162 0.3633905351162 0 skanska 0 0 0
skanska_genesis_draft_room 1580717690749 393 241 touchmove 181 84 0.3633905351162 0.3633905351162 0 skanska 0 0 0
skanska_genesis_draft_room 1580717690767 393 241 touchmove 151 82 0.3633905351162 0.3633905351162 0 skanska 0 0 0
skanska_genesis_draft_room 1580717690783 393 241 touchmove 125 82 0.3633905351162 0.3633905351162 0 skanska 0 0 0
skanska_genesis_draft_room 1580717690799 393 241 touchmove 101 84 0.3633905351162 0.3633905351162 0 skanska 0 0 0
skanska_genesis_draft_room 1580717690817 393 241 touchmove 80 84 0.3633905351162 0.3633905351162 0 skanska 0 0 0
skanska_genesis_draft_room 1580717690832 393 241 touchmove 66 85 0.3633905351162 0.3633905351162 0 skanska 0 0 0
skanska_genesis_draft_room 1580717690850 393 241 touchmove 55 85 0.3633905351162 0.3633905351162 0 skanska 0 0 0
skanska_genesis_draft_room 1580717690866 393 241 touchmove 48 86 0.3633905351162 0.3633905351162 0 skanska 0 0 0
skanska_genesis_draft_room 1580717690883 393 241 touchmove 42 88 0.3633905351162 0.3633905351162 0 skanska 0 0 0
skanska_genesis_draft_room 1580717690899 393 241 touchmove 38 89 0.3633905351162 0.3633905351162 0 skanska 0 0 0
skanska_genesis_draft_room 1580717690915 393 241 touchmove 36 90 0.3633905351162 0.3633905351162 0 skanska 0 0 0
skanska_genesis_draft_room 1580717690932 393 241 touchmove 35 90 0.3633905351162 0.3633905351162 0 skanska 0 0 0
skanska_genesis_draft_room 1580717690949 393 241 touchmove 34 91 0.3633905351162 0.3633905351162 0 skanska 0 0 0
skanska_genesis_draft_room 1580717690966 393 241 touchmove 34 92 0.3633905351162 0.3633905351162 0 skanska 0 0 0
skanska_genesis_draft_room 1580717690983 393 241 touchmove 34 92 0.3633905351162 0.3633905351162 0 skanska 0 0 0
skanska_genesis_draft_room 1580717691013 393 241 touchmove 34 93 0.3633905351162 0.3633905351162 0 skanska 0 0 0
skanska_genesis_draft_room 1580717691046 393 241 touchmove 34 93 0.3633905351162 0.3633905351162 0 skanska 0 0 0
skanska_genesis_draft_room 1580717691084 393 241 touchmove 34 93 0.3633905351162 0.3633905351162 0 skanska 0 0 0
skanska_genesis_draft_room 1580717691117 393 241 touchmove 34 94 0.3633905351162 0.3633905351162 0 skanska 0 0 0
skanska_genesis_draft_room 1580717691134 393 241 touchmove 34 94 0.3633905351162 0.3633905351162 0 skanska 0 0 0
skanska_genesis_draft_room 1580717691141 393 241 touchend 34 94 0.3633905351162 0.3633905351162 0 skanska 0 0 0
skanska_genesis_draft_room 1580717694033 393 241 touchstart 199 110 0.3633905351162 0.3633905351162 0 genesis 0 0
skanska_genesis_draft_room 1580717694601 393 241 touchmove 198 110 0.3633905351162 0.3633905351162 0 genesis 0 0
skanska_genesis_draft_room 1580717694619 393 241 touchmove 195 108 0.3633905351162 0.3633905351162 0 genesis 0 0
skanska_genesis_draft_room 1580717694645 393 241 touchmove 186 104 0.3633905351162 0.3633905351162 0 genesis 0 0
skanska_genesis_draft_room 1580717694668 393 241 touchmove 174 98 0.3633905351162 0.3633905351162 0 genesis 0 0
skanska_genesis_draft_room 1580717694684 393 241 touchmove 165 93 0.3633905351162 0.3633905351162 0 genesis 0 0
skanska_genesis_draft_room 1580717694701 393 241 touchmove 157 89 0.3633905351162 0.3633905351162 0 genesis 0 0
skanska_genesis_draft_room 1580717694717 393 241 touchmove 146 83 0.3633905351162 0.3633905351162 0 genesis 0 0
skanska_genesis_draft_room 1580717694734 393 241 touchmove 137 78 0.3633905351162 0.3633905351162 0 genesis 0 0
skanska_genesis_draft_room 1580717694750 393 241 touchmove 130 74 0.3633905351162 0.3633905351162 0 genesis 0 0
skanska_genesis_draft_room 1580717694767 393 241 touchmove 125 70 0.3633905351162 0.3633905351162 0 genesis 0 0
skanska_genesis_draft_room 1580717694784 393 241 touchmove 120 66 0.3633905351162 0.3633905351162 0 genesis 0 0
skanska_genesis_draft_room 1580717694800 393 241 touchmove 113 61 0.3633905351162 0.3633905351162 0 genesis 0 0
skanska_genesis_draft_room 1580717694818 393 241 touchmove 108 58 0.3633905351162 0.3633905351162 0 genesis 0 0
skanska_genesis_draft_room 1580717694833 393 241 touchmove 103 54 0.3633905351162 0.3633905351162 0 genesis 0 0
skanska_genesis_draft_room 1580717694850 393 241 touchmove 99 51 0.3633905351162 0.3633905351162 0 genesis 0 0
skanska_genesis_draft_room 1580717694867 393 241 touchmove 96 49 0.3633905351162 0.3633905351162 0 genesis 0 0
skanska_genesis_draft_room 1580717694883 393 241 touchmove 93 47 0.3633905351162 0.3633905351162 0 genesis 0 0
skanska_genesis_draft_room 1580717694901 393 241 touchmove 91 45 0.3633905351162 0.3633905351162 0 genesis 0 0
skanska_genesis_draft_room 1580717694917 393 241 touchmove 90 44 0.3633905351162 0.3633905351162 0 genesis 0 0
skanska_genesis_draft_room 1580717694934 393 241 touchmove 90 44 0.3633905351162 0.3633905351162 0 genesis 0 0
skanska_genesis_draft_room 1580717694950 393 241 touchmove 90 44 0.3633905351162 0.3633905351162 0 genesis 0 0
skanska_genesis_draft_room 1580717695041 393 241 touchmove 90 44 0.3633905351162 0.3633905351162 0 genesis 0 0
skanska_genesis_draft_room 1580717695069 393 241 touchmove 90 44 0.3633905351162 0.3633905351162 0 genesis 0 0
skanska_genesis_draft_room 1580717695103 393 241 touchmove 91 44 0.3633905351162 0.3633905351162 0 genesis 0 0
skanska_genesis_draft_room 1580717695151 393 241 touchmove 91 44 0.3633905351162 0.3633905351162 0 genesis 0 0
skanska_genesis_draft_room 1580717695171 393 241 touchmove 91 45 0.3633905351162 0.3633905351162 0 genesis 0 0
skanska_genesis_draft_room 1580717695199 393 241 touchmove 91 45 0.3633905351162 0.3633905351162 0 genesis 0 0
skanska_genesis_draft_room 1580717695223 393 241 touchmove 91 45 0.3633905351162 0.3633905351162 0 genesis 0 0
skanska_genesis_draft_room 1580717695269 393 241 touchmove 91 46 0.3633905351162 0.3633905351162 0 genesis 0 0
skanska_genesis_draft_room 1580717695290 393 241 touchmove 91 46 0.3633905351162 0.3633905351162 0 genesis 0 0
skanska_genesis_draft_room 1580717695334 393 241 touchmove 91 46 0.3633905351162 0.3633905351162 0 genesis 0 0
skanska_genesis_draft_room 1580717695368 393 241 touchmove 91 47 0.3633905351162 0.3633905351162 0 genesis 0 0
skanska_genesis_draft_room 1580717695392 393 241 touchmove 91 47 0.3633905351162 0.3633905351162 0 genesis 0 0
skanska_genesis_draft_room 1580717695435 393 241 touchmove 91 48 0.3633905351162 0.3633905351162 0 genesis 0 0
skanska_genesis_draft_room 1580717695500 393 241 touchmove 91 48 0.3633905351162 0.3633905351162 0 genesis 0 0
skanska_genesis_draft_room 1580717695532 393 241 touchmove 91 48 0.3633905351162 0.3633905351162 0 genesis 0 0
skanska_genesis_draft_room 1580717695584 393 241 touchmove 91 49 0.3633905351162 0.3633905351162 0 genesis 0 0
skanska_genesis_draft_room 1580717695603 393 241 touchmove 91 49 0.3633905351162 0.3633905351162 0 genesis 0 0
skanska_genesis_draft_room 1580717695618 393 241 touchmove 93 50 0.3633905351162 0.3633905351162 0 genesis 0 0
skanska_genesis_draft_room 1580717695634 393 241 touchmove 97 53 0.3633905351162 0.3633905351162 0 genesis 0 0
skanska_genesis_draft_room 1580717695652 393 241 touchmove 103 60 0.3633905351162 0.3633905351162 0 genesis 0 0
skanska_genesis_draft_room 1580717695667 393 241 touchmove 112 67 0.3633905351162 0.3633905351162 0 genesis 0 0
skanska_genesis_draft_room 1580717695684 393 241 touchmove 121 75 0.3633905351162 0.3633905351162 0 genesis 0 0
skanska_genesis_draft_room 1580717695701 393 241 touchmove 130 83 0.3633905351162 0.3633905351162 0 genesis 0 0
skanska_genesis_draft_room 1580717695718 393 241 touchmove 139 90 0.3633905351162 0.3633905351162 0 genesis 0 0
skanska_genesis_draft_room 1580717695733 393 241 touchmove 148 96 0.3633905351162 0.3633905351162 0 genesis 0 0
skanska_genesis_draft_room 1580717695751 393 241 touchmove 161 104 0.3633905351162 0.3633905351162 0 genesis 0 0
skanska_genesis_draft_room 1580717695767 393 241 touchmove 172 112 0.3633905351162 0.3633905351162 0 genesis 0 0
skanska_genesis_draft_room 1580717695784 393 241 touchmove 183 119 0.3633905351162 0.3633905351162 0 genesis 0 0
skanska_genesis_draft_room 1580717695802 393 241 touchmove 194 126 0.3633905351162 0.3633905351162 0 genesis 0 0
skanska_genesis_draft_room 1580717695817 393 241 touchmove 203 134 0.3633905351162 0.3633905351162 0 genesis 0 0
skanska_genesis_draft_room 1580717695834 393 241 touchmove 211 141 0.3633905351162 0.3633905351162 0 genesis 0 0
skanska_genesis_draft_room 1580717695850 393 241 touchmove 218 146 0.3633905351162 0.3633905351162 0 genesis 0 0
skanska_genesis_draft_room 1580717695868 393 241 touchmove 224 151 0.3633905351162 0.3633905351162 0 genesis 0 0
skanska_genesis_draft_room 1580717695884 393 241 touchmove 230 157 0.3633905351162 0.3633905351162 0 genesis 0 0
skanska_genesis_draft_room 1580717695900 393 241 touchmove 235 161 0.3633905351162 0.3633905351162 0 genesis 0 0
skanska_genesis_draft_room 1580717695918 393 241 touchmove 240 165 0.3633905351162 0.3633905351162 0 genesis 0 0
skanska_genesis_draft_room 1580717695934 393 241 touchmove 246 170 0.3633905351162 0.3633905351162 0 genesis 0 0
skanska_genesis_draft_room 1580717695950 393 241 touchmove 251 174 0.3633905351162 0.3633905351162 0 genesis 0 0
skanska_genesis_draft_room 1580717695967 393 241 touchmove 255 178 0.3633905351162 0.3633905351162 0 genesis 0 0
skanska_genesis_draft_room 1580717695983 393 241 touchmove 259 181 0.3633905351162 0.3633905351162 0 genesis 0 0
skanska_genesis_draft_room 1580717696001 393 241 touchmove 262 185 0.3633905351162 0.3633905351162 0 genesis 0 0
skanska_genesis_draft_room 1580717696016 393 241 touchmove 266 187 0.3633905351162 0.3633905351162 0 genesis 0 0
skanska_genesis_draft_room 1580717696034 393 241 touchmove 270 190 0.3633905351162 0.3633905351162 0 genesis 0 0
skanska_genesis_draft_room 1580717696050 393 241 touchmove 274 193 0.3633905351162 0.3633905351162 0 genesis 0 0
skanska_genesis_draft_room 1580717696068 393 241 touchmove 276 195 0.3633905351162 0.3633905351162 0 genesis 0 0
skanska_genesis_draft_room 1580717696086 393 241 touchmove 279 196 0.3633905351162 0.3633905351162 0 genesis 0 0
skanska_genesis_draft_room 1580717696101 393 241 touchmove 280 197 0.3633905351162 0.3633905351162 0 genesis 0 0
skanska_genesis_draft_room 1580717696118 393 241 touchmove 281 198 0.3633905351162 0.3633905351162 0 genesis 0 0
skanska_genesis_draft_room 1580717696133 393 241 touchmove 282 198 0.3633905351162 0.3633905351162 0 genesis 0 0
skanska_genesis_draft_room 1580717696152 393 241 touchmove 282 198 0.3633905351162 0.3633905351162 0 genesis 0 0
skanska_genesis_draft_room 1580717696200 393 241 touchmove 282 198 0.3633905351162 0.3633905351162 0 genesis 0 0
skanska_genesis_draft_room 1580717696217 393 241 touchmove 282 197 0.3633905351162 0.3633905351162 0 genesis 0 0
skanska_genesis_draft_room 1580717696233 393 241 touchmove 280 195 0.3633905351162 0.3633905351162 0 genesis 0 0
skanska_genesis_draft_room 1580717696251 393 241 touchmove 274 188 0.3633905351162 0.3633905351162 0 genesis 0 0
skanska_genesis_draft_room 1580717696267 393 241 touchmove 267 180 0.3633905351162 0.3633905351162 0 genesis 0 0
skanska_genesis_draft_room 1580717696284 393 241 touchmove 261 172 0.3633905351162 0.3633905351162 0 genesis 0 0
skanska_genesis_draft_room 1580717696300 393 241 touchmove 251 163 0.3633905351162 0.3633905351162 0 genesis 0 0
skanska_genesis_draft_room 1580717696317 393 241 touchmove 242 154 0.3633905351162 0.3633905351162 0 genesis 0 0
skanska_genesis_draft_room 1580717696334 393 241 touchmove 232 146 0.3633905351162 0.3633905351162 0 genesis 0 0
skanska_genesis_draft_room 1580717696351 393 241 touchmove 222 138 0.3633905351162 0.3633905351162 0 genesis 0 0
skanska_genesis_draft_room 1580717696368 393 241 touchmove 210 130 0.3633905351162 0.3633905351162 0 genesis 0 0
skanska_genesis_draft_room 1580717696384 393 241 touchmove 199 122 0.3633905351162 0.3633905351162 0 genesis 0 0
skanska_genesis_draft_room 1580717696401 393 241 touchmove 189 115 0.3633905351162 0.3633905351162 0 genesis 0 0
skanska_genesis_draft_room 1580717696418 393 241 touchmove 180 108 0.3633905351162 0.3633905351162 0 genesis 0 0
skanska_genesis_draft_room 1580717696434 393 241 touchmove 171 102 0.3633905351162 0.3633905351162 0 genesis 0 0
skanska_genesis_draft_room 1580717696450 393 241 touchmove 163 96 0.3633905351162 0.3633905351162 0 genesis 0 0
skanska_genesis_draft_room 1580717696467 393 241 touchmove 156 89 0.3633905351162 0.3633905351162 0 genesis 0 0
skanska_genesis_draft_room 1580717696484 393 241 touchmove 148 83 0.3633905351162 0.3633905351162 0 genesis 0 0
skanska_genesis_draft_room 1580717696501 393 241 touchmove 139 76 0.3633905351162 0.3633905351162 0 genesis 0 0
skanska_genesis_draft_room 1580717696516 393 241 touchmove 132 68 0.3633905351162 0.3633905351162 0 genesis 0 0
skanska_genesis_draft_room 1580717696534 393 241 touchmove 122 61 0.3633905351162 0.3633905351162 0 genesis 0 0
skanska_genesis_draft_room 1580717696551 393 241 touchmove 114 54 0.3633905351162 0.3633905351162 0 genesis 0 0
skanska_genesis_draft_room 1580717696567 393 241 touchmove 108 49 0.3633905351162 0.3633905351162 0 genesis 0 0
skanska_genesis_draft_room 1580717696584 393 241 touchmove 102 45 0.3633905351162 0.3633905351162 0 genesis 0 0
skanska_genesis_draft_room 1580717696601 393 241 touchmove 96 40 0.3633905351162 0.3633905351162 0 genesis 0 0
skanska_genesis_draft_room 1580717696618 393 241 touchmove 91 36 0.3633905351162 0.3633905351162 0 genesis 0 0
skanska_genesis_draft_room 1580717696634 393 241 touchmove 88 34 0.3633905351162 0.3633905351162 0 genesis 0 0
skanska_genesis_draft_room 1580717696650 393 241 touchmove 86 33 0.3633905351162 0.3633905351162 0 genesis 0 0
skanska_genesis_draft_room 1580717696668 393 241 touchmove 86 32 0.3633905351162 0.3633905351162 0 genesis 0 0
skanska_genesis_draft_room 1580717696685 393 241 touchmove 86 32 0.3633905351162 0.3633905351162 0 genesis 0 0
skanska_genesis_draft_room 1580717696715 393 241 touchmove 86 32 0.3633905351162 0.3633905351162 0 genesis 0 0
skanska_genesis_draft_room 1580717696734 393 241 touchmove 87 33 0.3633905351162 0.3633905351162 0 genesis 0 0
skanska_genesis_draft_room 1580717696751 393 241 touchmove 88 34 0.3633905351162 0.3633905351162 0 genesis 0 0
skanska_genesis_draft_room 1580717696767 393 241 touchmove 88 34 0.3633905351162 0.3633905351162 0 genesis 0 0
skanska_genesis_draft_room 1580717696783 393 241 touchmove 89 35 0.3633905351162 0.3633905351162 0 genesis 0 0
skanska_genesis_draft_room 1580717696800 393 241 touchmove 89 36 0.3633905351162 0.3633905351162 0 genesis 0 0
skanska_genesis_draft_room 1580717696817 393 241 touchmove 90 37 0.3633905351162 0.3633905351162 0 genesis 0 0
skanska_genesis_draft_room 1580717696833 393 241 touchmove 90 37 0.3633905351162 0.3633905351162 0 genesis 0 0
skanska_genesis_draft_room 1580717696851 393 241 touchmove 90 38 0.3633905351162 0.3633905351162 0 genesis 0 0
skanska_genesis_draft_room 1580717696867 393 241 touchmove 90 40 0.3633905351162 0.3633905351162 0 genesis 0 0
skanska_genesis_draft_room 1580717696883 393 241 touchmove 90 42 0.3633905351162 0.3633905351162 0 genesis 0 0
skanska_genesis_draft_room 1580717696900 393 241 touchmove 90 45 0.3633905351162 0.3633905351162 0 genesis 0 0
skanska_genesis_draft_room 1580717696917 393 241 touchmove 90 49 0.3633905351162 0.3633905351162 0 genesis 0 0
skanska_genesis_draft_room 1580717696934 393 241 touchmove 90 57 0.3633905351162 0.3633905351162 0 genesis 0 0
skanska_genesis_draft_room 1580717696951 393 241 touchmove 89 64 0.3633905351162 0.3633905351162 0 genesis 0 0
skanska_genesis_draft_room 1580717696968 393 241 touchmove 89 71 0.3633905351162 0.3633905351162 0 genesis 0 0
skanska_genesis_draft_room 1580717696983 393 241 touchmove 89 78 0.3633905351162 0.3633905351162 0 genesis 0 0
skanska_genesis_draft_room 1580717697002 393 241 touchmove 88 84 0.3633905351162 0.3633905351162 0 genesis 0 0
skanska_genesis_draft_room 1580717697017 393 241 touchmove 87 89 0.3633905351162 0.3633905351162 0 genesis 0 0
skanska_genesis_draft_room 1580717697034 393 241 touchmove 86 94 0.3633905351162 0.3633905351162 0 genesis 0 0
skanska_genesis_draft_room 1580717697050 393 241 touchmove 86 98 0.3633905351162 0.3633905351162 0 genesis 0 0
skanska_genesis_draft_room 1580717697067 393 241 touchmove 85 102 0.3633905351162 0.3633905351162 0 genesis 0 0
skanska_genesis_draft_room 1580717697084 393 241 touchmove 84 106 0.3633905351162 0.3633905351162 0 genesis 0 0
skanska_genesis_draft_room 1580717697101 393 241 touchmove 84 110 0.3633905351162 0.3633905351162 0 genesis 0 0
skanska_genesis_draft_room 1580717697117 393 241 touchmove 83 112 0.3633905351162 0.3633905351162 0 genesis 0 0
skanska_genesis_draft_room 1580717697134 393 241 touchmove 82 114 0.3633905351162 0.3633905351162 0 genesis 0 0
skanska_genesis_draft_room 1580717697151 393 241 touchmove 82 116 0.3633905351162 0.3633905351162 0 genesis 0 0
skanska_genesis_draft_room 1580717697167 393 241 touchmove 82 117 0.3633905351162 0.3633905351162 0 genesis 0 0
skanska_genesis_draft_room 1580717697184 393 241 touchmove 81 118 0.3633905351162 0.3633905351162 0 genesis 0 0
skanska_genesis_draft_room 1580717697200 393 241 touchmove 81 118 0.3633905351162 0.3633905351162 0 genesis 0 0
skanska_genesis_draft_room 1580717697252 393 241 touchmove 82 118 0.3633905351162 0.3633905351162 0 genesis 0 0
skanska_genesis_draft_room 1580717697267 393 241 touchmove 82 118 0.3633905351162 0.3633905351162 0 genesis 0 0
skanska_genesis_draft_room 1580717697286 393 241 touchmove 86 116 0.3633905351162 0.3633905351162 0 genesis 0 0
skanska_genesis_draft_room 1580717697301 393 241 touchmove 96 111 0.3633905351162 0.3633905351162 0 genesis 0 0
skanska_genesis_draft_room 1580717697320 393 241 touchmove 109 105 0.3633905351162 0.3633905351162 0 genesis 0 0
skanska_genesis_draft_room 1580717697334 393 241 touchmove 124 100 0.3633905351162 0.3633905351162 0 genesis 0 0
skanska_genesis_draft_room 1580717697351 393 241 touchmove 140 94 0.3633905351162 0.3633905351162 0 genesis 0 0
skanska_genesis_draft_room 1580717697367 393 241 touchmove 157 87 0.3633905351162 0.3633905351162 0 genesis 0 0
skanska_genesis_draft_room 1580717697384 393 241 touchmove 175 80 0.3633905351162 0.3633905351162 0 genesis 0 0
skanska_genesis_draft_room 1580717697400 393 241 touchmove 194 72 0.3633905351162 0.3633905351162 0 genesis 0 0
skanska_genesis_draft_room 1580717697417 393 241 touchmove 215 62 0.3633905351162 0.3633905351162 0 genesis 0 0
skanska_genesis_draft_room 1580717697433 393 241 touchmove 233 54 0.3633905351162 0.3633905351162 0 genesis 0 0
skanska_genesis_draft_room 1580717697450 393 241 touchmove 250 47 0.3633905351162 0.3633905351162 0 genesis 0 0
skanska_genesis_draft_room 1580717697466 393 241 touchmove 263 41 0.3633905351162 0.3633905351162 0 genesis 0 0
skanska_genesis_draft_room 1580717697484 393 241 touchmove 273 36 0.3633905351162 0.3633905351162 0 genesis 0 0
skanska_genesis_draft_room 1580717697501 393 241 touchmove 282 32 0.3633905351162 0.3633905351162 0 genesis 0 0
skanska_genesis_draft_room 1580717697517 393 241 touchmove 290 29 0.3633905351162 0.3633905351162 0 genesis 0 0
skanska_genesis_draft_room 1580717697534 393 241 touchmove 297 26 0.3633905351162 0.3633905351162 0 genesis 0 0
skanska_genesis_draft_room 1580717697551 393 241 touchmove 302 25 0.3633905351162 0.3633905351162 0 genesis 0 0
skanska_genesis_draft_room 1580717697568 393 241 touchmove 306 24 0.3633905351162 0.3633905351162 0 genesis 0 0
skanska_genesis_draft_room 1580717697584 393 241 touchmove 307 23 0.3633905351162 0.3633905351162 0 genesis 0 0
skanska_genesis_draft_room 1580717697601 393 241 touchmove 308 22 0.3633905351162 0.3633905351162 0 genesis 0 0
skanska_genesis_draft_room 1580717697667 393 241 touchmove 308 22 0.3633905351162 0.3633905351162 0 genesis 0 0
skanska_genesis_draft_room 1580717697684 393 241 touchmove 307 23 0.3633905351162 0.3633905351162 0 genesis 0 0
skanska_genesis_draft_room 1580717697701 393 241 touchmove 306 24 0.3633905351162 0.3633905351162 0 genesis 0 0
skanska_genesis_draft_room 1580717697720 393 241 touchmove 297 27 0.3633905351162 0.3633905351162 0 genesis 0 0
skanska_genesis_draft_room 1580717697736 393 241 touchmove 285 32 0.3633905351162 0.3633905351162 0 genesis 0 0
skanska_genesis_draft_room 1580717697753 393 241 touchmove 271 38 0.3633905351162 0.3633905351162 0 genesis 0 0
skanska_genesis_draft_room 1580717697768 393 241 touchmove 255 44 0.3633905351162 0.3633905351162 0 genesis 0 0
skanska_genesis_draft_room 1580717697784 393 241 touchmove 238 49 0.3633905351162 0.3633905351162 0 genesis 0 0
skanska_genesis_draft_room 1580717697801 393 241 touchmove 218 56 0.3633905351162 0.3633905351162 0 genesis 0 0
skanska_genesis_draft_room 1580717697817 393 241 touchmove 197 64 0.3633905351162 0.3633905351162 0 genesis 0 0
skanska_genesis_draft_room 1580717697834 393 241 touchmove 178 71 0.3633905351162 0.3633905351162 0 genesis 0 0
skanska_genesis_draft_room 1580717697852 393 241 touchmove 160 77 0.3633905351162 0.3633905351162 0 genesis 0 0
skanska_genesis_draft_room 1580717697868 393 241 touchmove 144 84 0.3633905351162 0.3633905351162 0 genesis 0 0
skanska_genesis_draft_room 1580717697885 393 241 touchmove 129 90 0.3633905351162 0.3633905351162 0 genesis 0 0
skanska_genesis_draft_room 1580717697902 393 241 touchmove 117 94 0.3633905351162 0.3633905351162 0 genesis 0 0
skanska_genesis_draft_room 1580717697918 393 241 touchmove 108 98 0.3633905351162 0.3633905351162 0 genesis 0 0
skanska_genesis_draft_room 1580717697935 393 241 touchmove 100 101 0.3633905351162 0.3633905351162 0 genesis 0 0
skanska_genesis_draft_room 1580717697952 393 241 touchmove 94 103 0.3633905351162 0.3633905351162 0 genesis 0 0
skanska_genesis_draft_room 1580717697968 393 241 touchmove 89 104 0.3633905351162 0.3633905351162 0 genesis 0 0
skanska_genesis_draft_room 1580717697986 393 241 touchmove 88 105 0.3633905351162 0.3633905351162 0 genesis 0 0
skanska_genesis_draft_room 1580717698002 393 241 touchmove 87 107 0.3633905351162 0.3633905351162 0 genesis 0 0
skanska_genesis_draft_room 1580717698017 393 241 touchmove 87 108 0.3633905351162 0.3633905351162 0 genesis 0 0
skanska_genesis_draft_room 1580717698169 393 241 touchend 87 108 0.3633905351162 0.3633905351162 0 genesis 0 0
skanska_genesis_draft_room 1580717700465 393 241 touchstart 122 119 0.3633905351162 0.3633905351162 0 draft 0
skanska_genesis_draft_room 1580717700503 393 241 touchmove 122 118 0.3633905351162 0.3633905351162 0 draft 0
skanska_genesis_draft_room 1580717700528 393 241 touchmove 122 118 0.3633905351162 0.3633905351162 0 draft 0
skanska_genesis_draft_room 1580717700539 393 241 touchmove 123 116 0.3633905351162 0.3633905351162 0 draft 0
skanska_genesis_draft_room 1580717700553 393 241 touchmove 125 110 0.3633905351162 0.3633905351162 0 draft 0
skanska_genesis_draft_room 1580717700569 393 241 touchmove 129 100 0.3633905351162 0.3633905351162 0 draft 0
skanska_genesis_draft_room 1580717700586 393 241 touchmove 132 88 0.3633905351162 0.3633905351162 0 draft 0
skanska_genesis_draft_room 1580717700607 393 241 touchmove 136 78 0.3633905351162 0.3633905351162 0 draft 0
skanska_genesis_draft_room 1580717700618 393 241 touchmove 139 69 0.3633905351162 0.3633905351162 0 draft 0
skanska_genesis_draft_room 1580717700636 393 241 touchmove 141 60 0.3633905351162 0.3633905351162 0 draft 0
skanska_genesis_draft_room 1580717700652 393 241 touchmove 142 54 0.3633905351162 0.3633905351162 0 draft 0
skanska_genesis_draft_room 1580717700669 393 241 touchmove 143 49 0.3633905351162 0.3633905351162 0 draft 0
skanska_genesis_draft_room 1580717700685 393 241 touchmove 144 43 0.3633905351162 0.3633905351162 0 draft 0
skanska_genesis_draft_room 1580717700702 393 241 touchmove 145 38 0.3633905351162 0.3633905351162 0 draft 0
skanska_genesis_draft_room 1580717700719 393 241 touchmove 145 34 0.3633905351162 0.3633905351162 0 draft 0
skanska_genesis_draft_room 1580717700736 393 241 touchmove 145 32 0.3633905351162 0.3633905351162 0 draft 0
skanska_genesis_draft_room 1580717700753 393 241 touchmove 145 30 0.3633905351162 0.3633905351162 0 draft 0
skanska_genesis_draft_room 1580717700769 393 241 touchmove 145 29 0.3633905351162 0.3633905351162 0 draft 0
skanska_genesis_draft_room 1580717700787 393 241 touchmove 144 28 0.3633905351162 0.3633905351162 0 draft 0
skanska_genesis_draft_room 1580717700904 393 241 touchmove 144 28 0.3633905351162 0.3633905351162 0 draft 0
skanska_genesis_draft_room 1580717700924 393 241 touchmove 144 29 0.3633905351162 0.3633905351162 0 draft 0
skanska_genesis_draft_room 1580717700970 393 241 touchmove 144 29 0.3633905351162 0.3633905351162 0 draft 0
skanska_genesis_draft_room 1580717700987 393 241 touchmove 144 29 0.3633905351162 0.3633905351162 0 draft 0
skanska_genesis_draft_room 1580717701005 393 241 touchmove 144 30 0.3633905351162 0.3633905351162 0 draft 0
skanska_genesis_draft_room 1580717701027 393 241 touchmove 143 31 0.3633905351162 0.3633905351162 0 draft 0
skanska_genesis_draft_room 1580717701036 393 241 touchmove 142 32 0.3633905351162 0.3633905351162 0 draft 0
skanska_genesis_draft_room 1580717701052 393 241 touchmove 139 36 0.3633905351162 0.3633905351162 0 draft 0
skanska_genesis_draft_room 1580717701068 393 241 touchmove 137 38 0.3633905351162 0.3633905351162 0 draft 0
skanska_genesis_draft_room 1580717701086 393 241 touchmove 130 46 0.3633905351162 0.3633905351162 0 draft 0
skanska_genesis_draft_room 1580717701102 393 241 touchmove 125 52 0.3633905351162 0.3633905351162 0 draft 0
skanska_genesis_draft_room 1580717701119 393 241 touchmove 119 59 0.3633905351162 0.3633905351162 0 draft 0
skanska_genesis_draft_room 1580717701136 393 241 touchmove 112 66 0.3633905351162 0.3633905351162 0 draft 0
skanska_genesis_draft_room 1580717701152 393 241 touchmove 103 73 0.3633905351162 0.3633905351162 0 draft 0
skanska_genesis_draft_room 1580717701169 393 241 touchmove 96 79 0.3633905351162 0.3633905351162 0 draft 0
skanska_genesis_draft_room 1580717701185 393 241 touchmove 90 85 0.3633905351162 0.3633905351162 0 draft 0
skanska_genesis_draft_room 1580717701203 393 241 touchmove 84 90 0.3633905351162 0.3633905351162 0 draft 0
skanska_genesis_draft_room 1580717701219 393 241 touchmove 79 93 0.3633905351162 0.3633905351162 0 draft 0
skanska_genesis_draft_room 1580717701236 393 241 touchmove 75 96 0.3633905351162 0.3633905351162 0 draft 0
skanska_genesis_draft_room 1580717701252 393 241 touchmove 72 98 0.3633905351162 0.3633905351162 0 draft 0
skanska_genesis_draft_room 1580717701268 393 241 touchmove 69 99 0.3633905351162 0.3633905351162 0 draft 0
skanska_genesis_draft_room 1580717701286 393 241 touchmove 67 101 0.3633905351162 0.3633905351162 0 draft 0
skanska_genesis_draft_room 1580717701302 393 241 touchmove 65 102 0.3633905351162 0.3633905351162 0 draft 0
skanska_genesis_draft_room 1580717701319 393 241 touchmove 64 102 0.3633905351162 0.3633905351162 0 draft 0
skanska_genesis_draft_room 1580717701340 393 241 touchmove 64 103 0.3633905351162 0.3633905351162 0 draft 0
skanska_genesis_draft_room 1580717701352 393 241 touchmove 64 103 0.3633905351162 0.3633905351162 0 draft 0
skanska_genesis_draft_room 1580717701369 393 241 touchmove 63 103 0.3633905351162 0.3633905351162 0 draft 0
skanska_genesis_draft_room 1580717701386 393 241 touchmove 63 104 0.3633905351162 0.3633905351162 0 draft 0
skanska_genesis_draft_room 1580717701402 393 241 touchmove 62 104 0.3633905351162 0.3633905351162 0 draft 0
skanska_genesis_draft_room 1580717701418 393 241 touchmove 62 104 0.3633905351162 0.3633905351162 0 draft 0
skanska_genesis_draft_room 1580717701436 393 241 touchmove 61 105 0.3633905351162 0.3633905351162 0 draft 0
skanska_genesis_draft_room 1580717701452 393 241 touchmove 61 105 0.3633905351162 0.3633905351162 0 draft 0
skanska_genesis_draft_room 1580717701468 393 241 touchmove 60 105 0.3633905351162 0.3633905351162 0 draft 0
skanska_genesis_draft_room 1580717701485 393 241 touchmove 60 106 0.3633905351162 0.3633905351162 0 draft 0
skanska_genesis_draft_room 1580717701502 393 241 touchmove 59 106 0.3633905351162 0.3633905351162 0 draft 0
skanska_genesis_draft_room 1580717701519 393 241 touchmove 58 106 0.3633905351162 0.3633905351162 0 draft 0
skanska_genesis_draft_room 1580717701536 393 241 touchmove 58 107 0.3633905351162 0.3633905351162 0 draft 0
skanska_genesis_draft_room 1580717701552 393 241 touchmove 57 107 0.3633905351162 0.3633905351162 0 draft 0
skanska_genesis_draft_room 1580717701569 393 241 touchmove 57 107 0.3633905351162 0.3633905351162 0 draft 0
skanska_genesis_draft_room 1580717701589 393 241 touchmove 57 107 0.3633905351162 0.3633905351162 0 draft 0
skanska_genesis_draft_room 1580717701602 393 241 touchmove 56 108 0.3633905351162 0.3633905351162 0 draft 0
skanska_genesis_draft_room 1580717701619 393 241 touchmove 56 108 0.3633905351162 0.3633905351162 0 draft 0
skanska_genesis_draft_room 1580717701636 393 241 touchmove 55 108 0.3633905351162 0.3633905351162 0 draft 0
skanska_genesis_draft_room 1580717701652 393 241 touchmove 55 108 0.3633905351162 0.3633905351162 0 draft 0
skanska_genesis_draft_room 1580717701669 393 241 touchmove 54 108 0.3633905351162 0.3633905351162 0 draft 0
skanska_genesis_draft_room 1580717701686 393 241 touchmove 53 109 0.3633905351162 0.3633905351162 0 draft 0
skanska_genesis_draft_room 1580717701703 393 241 touchmove 53 109 0.3633905351162 0.3633905351162 0 draft 0
skanska_genesis_draft_room 1580717701719 393 241 touchmove 52 109 0.3633905351162 0.3633905351162 0 draft 0
skanska_genesis_draft_room 1580717701736 393 241 touchmove 52 109 0.3633905351162 0.3633905351162 0 draft 0
skanska_genesis_draft_room 1580717701753 393 241 touchmove 51 110 0.3633905351162 0.3633905351162 0 draft 0
skanska_genesis_draft_room 1580717701768 393 241 touchmove 50 110 0.3633905351162 0.3633905351162 0 draft 0
skanska_genesis_draft_room 1580717701786 393 241 touchmove 49 110 0.3633905351162 0.3633905351162 0 draft 0
skanska_genesis_draft_room 1580717701803 393 241 touchmove 49 110 0.3633905351162 0.3633905351162 0 draft 0
skanska_genesis_draft_room 1580717701819 393 241 touchmove 48 111 0.3633905351162 0.3633905351162 0 draft 0
skanska_genesis_draft_room 1580717701836 393 241 touchmove 47 111 0.3633905351162 0.3633905351162 0 draft 0
skanska_genesis_draft_room 1580717701852 393 241 touchmove 47 111 0.3633905351162 0.3633905351162 0 draft 0
skanska_genesis_draft_room 1580717701869 393 241 touchmove 46 112 0.3633905351162 0.3633905351162 0 draft 0
skanska_genesis_draft_room 1580717701885 393 241 touchmove 45 112 0.3633905351162 0.3633905351162 0 draft 0
skanska_genesis_draft_room 1580717701903 393 241 touchmove 44 112 0.3633905351162 0.3633905351162 0 draft 0
skanska_genesis_draft_room 1580717701919 393 241 touchmove 43 113 0.3633905351162 0.3633905351162 0 draft 0
skanska_genesis_draft_room 1580717701936 393 241 touchmove 42 113 0.3633905351162 0.3633905351162 0 draft 0
skanska_genesis_draft_room 1580717701952 393 241 touchmove 41 113 0.3633905351162 0.3633905351162 0 draft 0
skanska_genesis_draft_room 1580717701969 393 241 touchmove 41 113 0.3633905351162 0.3633905351162 0 draft 0
skanska_genesis_draft_room 1580717701987 393 241 touchmove 40 113 0.3633905351162 0.3633905351162 0 draft 0
skanska_genesis_draft_room 1580717702003 393 241 touchmove 40 114 0.3633905351162 0.3633905351162 0 draft 0
skanska_genesis_draft_room 1580717702020 393 241 touchmove 39 114 0.3633905351162 0.3633905351162 0 draft 0
skanska_genesis_draft_room 1580717702037 393 241 touchmove 39 114 0.3633905351162 0.3633905351162 0 draft 0
skanska_genesis_draft_room 1580717702104 393 241 touchmove 39 114 0.3633905351162 0.3633905351162 0 draft 0
skanska_genesis_draft_room 1580717702121 393 241 touchmove 40 114 0.3633905351162 0.3633905351162 0 draft 0
skanska_genesis_draft_room 1580717702138 393 241 touchmove 43 114 0.3633905351162 0.3633905351162 0 draft 0
skanska_genesis_draft_room 1580717702154 393 241 touchmove 48 114 0.3633905351162 0.3633905351162 0 draft 0
skanska_genesis_draft_room 1580717702171 393 241 touchmove 57 114 0.3633905351162 0.3633905351162 0 draft 0
skanska_genesis_draft_room 1580717702188 393 241 touchmove 68 114 0.3633905351162 0.3633905351162 0 draft 0
skanska_genesis_draft_room 1580717702205 393 241 touchmove 80 114 0.3633905351162 0.3633905351162 0 draft 0
skanska_genesis_draft_room 1580717702220 393 241 touchmove 92 114 0.3633905351162 0.3633905351162 0 draft 0
skanska_genesis_draft_room 1580717702237 393 241 touchmove 105 114 0.3633905351162 0.3633905351162 0 draft 0
skanska_genesis_draft_room 1580717702253 393 241 touchmove 118 113 0.3633905351162 0.3633905351162 0 draft 0
skanska_genesis_draft_room 1580717702270 393 241 touchmove 129 113 0.3633905351162 0.3633905351162 0 draft 0
skanska_genesis_draft_room 1580717702286 393 241 touchmove 139 113 0.3633905351162 0.3633905351162 0 draft 0
skanska_genesis_draft_room 1580717702302 393 241 touchmove 147 113 0.3633905351162 0.3633905351162 0 draft 0
skanska_genesis_draft_room 1580717702319 393 241 touchmove 153 113 0.3633905351162 0.3633905351162 0 draft 0
skanska_genesis_draft_room 1580717702335 393 241 touchmove 158 113 0.3633905351162 0.3633905351162 0 draft 0
skanska_genesis_draft_room 1580717702353 393 241 touchmove 160 113 0.3633905351162 0.3633905351162 0 draft 0
skanska_genesis_draft_room 1580717702369 393 241 touchmove 162 113 0.3633905351162 0.3633905351162 0 draft 0
skanska_genesis_draft_room 1580717702386 393 241 touchmove 162 113 0.3633905351162 0.3633905351162 0 draft 0
skanska_genesis_draft_room 1580717702417 393 241 touchmove 162 112 0.3633905351162 0.3633905351162 0 draft 0
skanska_genesis_draft_room 1580717702436 393 241 touchmove 162 112 0.3633905351162 0.3633905351162 0 draft 0
skanska_genesis_draft_room 1580717702452 393 241 touchmove 162 111 0.3633905351162 0.3633905351162 0 draft 0
skanska_genesis_draft_room 1580717702469 393 241 touchmove 162 109 0.3633905351162 0.3633905351162 0 draft 0
skanska_genesis_draft_room 1580717702486 393 241 touchmove 162 105 0.3633905351162 0.3633905351162 0 draft 0
skanska_genesis_draft_room 1580717702503 393 241 touchmove 163 97 0.3633905351162 0.3633905351162 0 draft 0
skanska_genesis_draft_room 1580717702519 393 241 touchmove 166 88 0.3633905351162 0.3633905351162 0 draft 0
skanska_genesis_draft_room 1580717702536 393 241 touchmove 168 78 0.3633905351162 0.3633905351162 0 draft 0
skanska_genesis_draft_room 1580717702554 393 241 touchmove 171 67 0.3633905351162 0.3633905351162 0 draft 0
skanska_genesis_draft_room 1580717702569 393 241 touchmove 173 58 0.3633905351162 0.3633905351162 0 draft 0
skanska_genesis_draft_room 1580717702586 393 241 touchmove 175 50 0.3633905351162 0.3633905351162 0 draft 0
skanska_genesis_draft_room 1580717702602 393 241 touchmove 175 44 0.3633905351162 0.3633905351162 0 draft 0
skanska_genesis_draft_room 1580717702619 393 241 touchmove 176 38 0.3633905351162 0.3633905351162 0 draft 0
skanska_genesis_draft_room 1580717702636 393 241 touchmove 176 33 0.3633905351162 0.3633905351162 0 draft 0
skanska_genesis_draft_room 1580717702652 393 241 touchmove 177 30 0.3633905351162 0.3633905351162 0 draft 0
skanska_genesis_draft_room 1580717702669 393 241 touchmove 177 29 0.3633905351162 0.3633905351162 0 draft 0
skanska_genesis_draft_room 1580717702686 393 241 touchmove 177 28 0.3633905351162 0.3633905351162 0 draft 0
skanska_genesis_draft_room 1580717702734 393 241 touchend 177 28 0.3633905351162 0.3633905351162 0 draft 0
i_told_you_silly 1580717719939 393 241 touchstart 300 34 0.3633905351162 0.3633905351162 0 i 0
i_told_you_silly 1580717720176 393 241 touchend 300 34 0.3633905351162 0.3633905351162 0 i 0
i_told_you_silly 1580717721944 393 241 touchstart 177 27 0.3633905351162 0.3633905351162 0 told 0
i_told_you_silly 1580717722211 393 241 touchmove 178 27 0.3633905351162 0.3633905351162 0 told 0
i_told_you_silly 1580717722227 393 241 touchmove 189 29 0.3633905351162 0.3633905351162 0 told 0
i_told_you_silly 1580717722242 393 241 touchmove 205 32 0.3633905351162 0.3633905351162 0 told 0
i_told_you_silly 1580717722258 393 241 touchmove 223 33 0.3633905351162 0.3633905351162 0 told 0
i_told_you_silly 1580717722275 393 241 touchmove 242 34 0.3633905351162 0.3633905351162 0 told 0
i_told_you_silly 1580717722294 393 241 touchmove 263 34 0.3633905351162 0.3633905351162 0 told 0
i_told_you_silly 1580717722310 393 241 touchmove 279 35 0.3633905351162 0.3633905351162 0 told 0
i_told_you_silly 1580717722327 393 241 touchmove 293 36 0.3633905351162 0.3633905351162 0 told 0
i_told_you_silly 1580717722342 393 241 touchmove 304 36 0.3633905351162 0.3633905351162 0 told 0
i_told_you_silly 1580717722358 393 241 touchmove 312 36 0.3633905351162 0.3633905351162 0 told 0
i_told_you_silly 1580717722377 393 241 touchmove 317 35 0.3633905351162 0.3633905351162 0 told 0
i_told_you_silly 1580717722393 393 241 touchmove 319 35 0.3633905351162 0.3633905351162 0 told 0
i_told_you_silly 1580717722409 393 241 touchmove 319 35 0.3633905351162 0.3633905351162 0 told 0
i_told_you_silly 1580717722440 393 241 touchmove 320 35 0.3633905351162 0.3633905351162 0 told 0
i_told_you_silly 1580717722582 393 241 touchmove 320 36 0.3633905351162 0.3633905351162 0 told 0
i_told_you_silly 1580717722593 393 241 touchmove 320 36 0.3633905351162 0.3633905351162 0 told 0
i_told_you_silly 1580717722610 393 241 touchmove 321 38 0.3633905351162 0.3633905351162 0 told 0
i_told_you_silly 1580717722628 393 241 touchmove 323 43 0.3633905351162 0.3633905351162 0 told 0
i_told_you_silly 1580717722644 393 241 touchmove 328 52 0.3633905351162 0.3633905351162 0 told 0
i_told_you_silly 1580717722661 393 241 touchmove 332 62 0.3633905351162 0.3633905351162 0 told 0
i_told_you_silly 1580717722677 393 241 touchmove 336 70 0.3633905351162 0.3633905351162 0 told 0
i_told_you_silly 1580717722692 393 241 touchmove 340 78 0.3633905351162 0.3633905351162 0 told 0
i_told_you_silly 1580717722711 393 241 touchmove 343 85 0.3633905351162 0.3633905351162 0 told 0
i_told_you_silly 1580717722727 393 241 touchmove 345 91 0.3633905351162 0.3633905351162 0 told 0
i_told_you_silly 1580717722742 393 241 touchmove 347 96 0.3633905351162 0.3633905351162 0 told 0
i_told_you_silly 1580717722761 393 241 touchmove 348 100 0.3633905351162 0.3633905351162 0 told 0
i_told_you_silly 1580717722777 393 241 touchmove 349 102 0.3633905351162 0.3633905351162 0 told 0
i_told_you_silly 1580717722794 393 241 touchmove 350 104 0.3633905351162 0.3633905351162 0 told 0
i_told_you_silly 1580717722809 393 241 touchmove 350 105 0.3633905351162 0.3633905351162 0 told 0
i_told_you_silly 1580717722877 393 241 touchmove 350 105 0.3633905351162 0.3633905351162 0 told 0
i_told_you_silly 1580717722892 393 241 touchmove 350 105 0.3633905351162 0.3633905351162 0 told 0
i_told_you_silly 1580717722916 393 241 touchmove 349 105 0.3633905351162 0.3633905351162 0 told 0
i_told_you_silly 1580717722931 393 241 touchmove 348 105 0.3633905351162 0.3633905351162 0 told 0
i_told_you_silly 1580717722943 393 241 touchmove 342 105 0.3633905351162 0.3633905351162 0 told 0
i_told_you_silly 1580717722960 393 241 touchmove 327 104 0.3633905351162 0.3633905351162 0 told 0
i_told_you_silly 1580717722978 393 241 touchmove 307 103 0.3633905351162 0.3633905351162 0 told 0
i_told_you_silly 1580717722993 393 241 touchmove 285 103 0.3633905351162 0.3633905351162 0 told 0
i_told_you_silly 1580717723010 393 241 touchmove 262 104 0.3633905351162 0.3633905351162 0 told 0
i_told_you_silly 1580717723025 393 241 touchmove 237 104 0.3633905351162 0.3633905351162 0 told 0
i_told_you_silly 1580717723042 393 241 touchmove 211 104 0.3633905351162 0.3633905351162 0 told 0
i_told_you_silly 1580717723059 393 241 touchmove 185 102 0.3633905351162 0.3633905351162 0 told 0
i_told_you_silly 1580717723076 393 241 touchmove 161 100 0.3633905351162 0.3633905351162 0 told 0
i_told_you_silly 1580717723092 393 241 touchmove 140 99 0.3633905351162 0.3633905351162 0 told 0
i_told_you_silly 1580717723109 393 241 touchmove 124 98 0.3633905351162 0.3633905351162 0 told 0
i_told_you_silly 1580717723125 393 241 touchmove 113 98 0.3633905351162 0.3633905351162 0 told 0
i_told_you_silly 1580717723143 393 241 touchmove 105 97 0.3633905351162 0.3633905351162 0 told 0
i_told_you_silly 1580717723160 393 241 touchmove 102 97 0.3633905351162 0.3633905351162 0 told 0
i_told_you_silly 1580717723178 393 241 touchmove 102 97 0.3633905351162 0.3633905351162 0 told 0
i_told_you_silly 1580717723227 393 241 touchmove 102 97 0.3633905351162 0.3633905351162 0 told 0
i_told_you_silly 1580717723257 393 241 touchmove 102 97 0.3633905351162 0.3633905351162 0 told 0
i_told_you_silly 1580717723282 393 241 touchmove 103 97 0.3633905351162 0.3633905351162 0 told 0
i_told_you_silly 1580717723298 393 241 touchmove 103 97 0.3633905351162 0.3633905351162 0 told 0
i_told_you_silly 1580717723326 393 241 touchmove 104 97 0.3633905351162 0.3633905351162 0 told 0
i_told_you_silly 1580717723346 393 241 touchmove 104 97 0.3633905351162 0.3633905351162 0 told 0
i_told_you_silly 1580717723361 393 241 touchmove 104 97 0.3633905351162 0.3633905351162 0 told 0
i_told_you_silly 1580717723376 393 241 touchmove 105 97 0.3633905351162 0.3633905351162 0 told 0
i_told_you_silly 1580717723392 393 241 touchmove 105 97 0.3633905351162 0.3633905351162 0 told 0
i_told_you_silly 1580717723405 393 241 touchmove 108 100 0.3633905351162 0.3633905351162 0 told 0
i_told_you_silly 1580717723408 393 241 touchend 108 100 0.3633905351162 0.3633905351162 0 told 0
i_told_you_silly 1580717721944 393 241 touchstart 177 27 0.3633905351162 0.3633905351162 0 told 0 0
i_told_you_silly 1580717722211 393 241 touchmove 178 27 0.3633905351162 0.3633905351162 0 told 0 0
i_told_you_silly 1580717722227 393 241 touchmove 189 29 0.3633905351162 0.3633905351162 0 told 0 0
i_told_you_silly 1580717722242 393 241 touchmove 205 32 0.3633905351162 0.3633905351162 0 told 0 0
i_told_you_silly 1580717722258 393 241 touchmove 223 33 0.3633905351162 0.3633905351162 0 told 0 0
i_told_you_silly 1580717722275 393 241 touchmove 242 34 0.3633905351162 0.3633905351162 0 told 0 0
i_told_you_silly 1580717722294 393 241 touchmove 263 34 0.3633905351162 0.3633905351162 0 told 0 0
i_told_you_silly 1580717722310 393 241 touchmove 279 35 0.3633905351162 0.3633905351162 0 told 0 0
i_told_you_silly 1580717722327 393 241 touchmove 293 36 0.3633905351162 0.3633905351162 0 told 0 0
i_told_you_silly 1580717722342 393 241 touchmove 304 36 0.3633905351162 0.3633905351162 0 told 0 0
i_told_you_silly 1580717722358 393 241 touchmove 312 36 0.3633905351162 0.3633905351162 0 told 0 0
i_told_you_silly 1580717722377 393 241 touchmove 317 35 0.3633905351162 0.3633905351162 0 told 0 0
i_told_you_silly 1580717722393 393 241 touchmove 319 35 0.3633905351162 0.3633905351162 0 told 0 0
i_told_you_silly 1580717722409 393 241 touchmove 319 35 0.3633905351162 0.3633905351162 0 told 0 0
i_told_you_silly 1580717722440 393 241 touchmove 320 35 0.3633905351162 0.3633905351162 0 told 0 0
i_told_you_silly 1580717722582 393 241 touchmove 320 36 0.3633905351162 0.3633905351162 0 told 0 0
i_told_you_silly 1580717722593 393 241 touchmove 320 36 0.3633905351162 0.3633905351162 0 told 0 0
i_told_you_silly 1580717722610 393 241 touchmove 321 38 0.3633905351162 0.3633905351162 0 told 0 0
i_told_you_silly 1580717722628 393 241 touchmove 323 43 0.3633905351162 0.3633905351162 0 told 0 0
i_told_you_silly 1580717722644 393 241 touchmove 328 52 0.3633905351162 0.3633905351162 0 told 0 0
i_told_you_silly 1580717722661 393 241 touchmove 332 62 0.3633905351162 0.3633905351162 0 told 0 0
i_told_you_silly 1580717722677 393 241 touchmove 336 70 0.3633905351162 0.3633905351162 0 told 0 0
i_told_you_silly 1580717722692 393 241 touchmove 340 78 0.3633905351162 0.3633905351162 0 told 0 0
i_told_you_silly 1580717722711 393 241 touchmove 343 85 0.3633905351162 0.3633905351162 0 told 0 0
i_told_you_silly 1580717722727 393 241 touchmove 345 91 0.3633905351162 0.3633905351162 0 told 0 0
i_told_you_silly 1580717722742 393 241 touchmove 347 96 0.3633905351162 0.3633905351162 0 told 0 0
i_told_you_silly 1580717722761 393 241 touchmove 348 100 0.3633905351162 0.3633905351162 0 told 0 0
i_told_you_silly 1580717722777 393 241 touchmove 349 102 0.3633905351162 0.3633905351162 0 told 0 0
i_told_you_silly 1580717722794 393 241 touchmove 350 104 0.3633905351162 0.3633905351162 0 told 0 0
i_told_you_silly 1580717722809 393 241 touchmove 350 105 0.3633905351162 0.3633905351162 0 told 0 0
i_told_you_silly 1580717722877 393 241 touchmove 350 105 0.3633905351162 0.3633905351162 0 told 0 0
i_told_you_silly 1580717722892 393 241 touchmove 350 105 0.3633905351162 0.3633905351162 0 told 0 0
i_told_you_silly 1580717722916 393 241 touchmove 349 105 0.3633905351162 0.3633905351162 0 told 0 0
i_told_you_silly 1580717722931 393 241 touchmove 348 105 0.3633905351162 0.3633905351162 0 told 0 0
i_told_you_silly 1580717722943 393 241 touchmove 342 105 0.3633905351162 0.3633905351162 0 told 0 0
i_told_you_silly 1580717722960 393 241 touchmove 327 104 0.3633905351162 0.3633905351162 0 told 0 0
i_told_you_silly 1580717722978 393 241 touchmove 307 103 0.3633905351162 0.3633905351162 0 told 0 0
i_told_you_silly 1580717722993 393 241 touchmove 285 103 0.3633905351162 0.3633905351162 0 told 0 0
i_told_you_silly 1580717723010 393 241 touchmove 262 104 0.3633905351162 0.3633905351162 0 told 0 0
i_told_you_silly 1580717723025 393 241 touchmove 237 104 0.3633905351162 0.3633905351162 0 told 0 0
i_told_you_silly 1580717723042 393 241 touchmove 211 104 0.3633905351162 0.3633905351162 0 told 0 0
i_told_you_silly 1580717723059 393 241 touchmove 185 102 0.3633905351162 0.3633905351162 0 told 0 0
i_told_you_silly 1580717723076 393 241 touchmove 161 100 0.3633905351162 0.3633905351162 0 told 0 0
i_told_you_silly 1580717723092 393 241 touchmove 140 99 0.3633905351162 0.3633905351162 0 told 0 0
i_told_you_silly 1580717723109 393 241 touchmove 124 98 0.3633905351162 0.3633905351162 0 told 0 0
i_told_you_silly 1580717723125 393 241 touchmove 113 98 0.3633905351162 0.3633905351162 0 told 0 0
i_told_you_silly 1580717723143 393 241 touchmove 105 97 0.3633905351162 0.3633905351162 0 told 0 0
i_told_you_silly 1580717723160 393 241 touchmove 102 97 0.3633905351162 0.3633905351162 0 told 0 0
i_told_you_silly 1580717723178 393 241 touchmove 102 97 0.3633905351162 0.3633905351162 0 told 0 0
i_told_you_silly 1580717723227 393 241 touchmove 102 97 0.3633905351162 0.3633905351162 0 told 0 0
i_told_you_silly 1580717723257 393 241 touchmove 102 97 0.3633905351162 0.3633905351162 0 told 0 0
i_told_you_silly 1580717723282 393 241 touchmove 103 97 0.3633905351162 0.3633905351162 0 told 0 0
i_told_you_silly 1580717723298 393 241 touchmove 103 97 0.3633905351162 0.3633905351162 0 told 0 0
i_told_you_silly 1580717723326 393 241 touchmove 104 97 0.3633905351162 0.3633905351162 0 told 0 0
i_told_you_silly 1580717723346 393 241 touchmove 104 97 0.3633905351162 0.3633905351162 0 told 0 0
i_told_you_silly 1580717723361 393 241 touchmove 104 97 0.3633905351162 0.3633905351162 0 told 0 0
i_told_you_silly 1580717723376 393 241 touchmove 105 97 0.3633905351162 0.3633905351162 0 told 0 0
i_told_you_silly 1580717723392 393 241 touchmove 105 97 0.3633905351162 0.3633905351162 0 told 0 0
i_told_you_silly 1580717723405 393 241 touchmove 108 100 0.3633905351162 0.3633905351162 0 told 0 0
i_told_you_silly 1580717723408 393 241 touchend 108 100 0.3633905351162 0.3633905351162 0 told 0 0
i_told_you_silly 1580717725154 393 241 touchstart 223 24 0.3633905351162 0.3633905351162 0 you 0
i_told_you_silly 1580717725377 393 241 touchmove 222 28 0.3633905351162 0.3633905351162 0 you 0
i_told_you_silly 1580717725393 393 241 touchmove 220 38 0.3633905351162 0.3633905351162 0 you 0
i_told_you_silly 1580717725409 393 241 touchmove 217 53 0.3633905351162 0.3633905351162 0 you 0
i_told_you_silly 1580717725425 393 241 touchmove 216 67 0.3633905351162 0.3633905351162 0 you 0
i_told_you_silly 1580717725445 393 241 touchmove 215 80 0.3633905351162 0.3633905351162 0 you 0
i_told_you_silly 1580717725459 393 241 touchmove 215 90 0.3633905351162 0.3633905351162 0 you 0
i_told_you_silly 1580717725479 393 241 touchmove 216 102 0.3633905351162 0.3633905351162 0 you 0
i_told_you_silly 1580717725494 393 241 touchmove 218 113 0.3633905351162 0.3633905351162 0 you 0
i_told_you_silly 1580717725509 393 241 touchmove 221 123 0.3633905351162 0.3633905351162 0 you 0
i_told_you_silly 1580717725527 393 241 touchmove 225 133 0.3633905351162 0.3633905351162 0 you 0
i_told_you_silly 1580717725545 393 241 touchmove 229 140 0.3633905351162 0.3633905351162 0 you 0
i_told_you_silly 1580717725561 393 241 touchmove 232 146 0.3633905351162 0.3633905351162 0 you 0
i_told_you_silly 1580717725577 393 241 touchmove 235 150 0.3633905351162 0.3633905351162 0 you 0
i_told_you_silly 1580717725595 393 241 touchmove 237 152 0.3633905351162 0.3633905351162 0 you 0
i_told_you_silly 1580717725610 393 241 touchmove 238 153 0.3633905351162 0.3633905351162 0 you 0
i_told_you_silly 1580717725627 393 241 touchmove 239 154 0.3633905351162 0.3633905351162 0 you 0
i_told_you_silly 1580717725642 393 241 touchmove 240 155 0.3633905351162 0.3633905351162 0 you 0
i_told_you_silly 1580717725705 393 241 touchmove 242 156 0.3633905351162 0.3633905351162 0 you 0
i_told_you_silly 1580717725727 393 241 touchmove 242 156 0.3633905351162 0.3633905351162 0 you 0
i_told_you_silly 1580717725744 393 241 touchmove 243 154 0.3633905351162 0.3633905351162 0 you 0
i_told_you_silly 1580717725760 393 241 touchmove 251 146 0.3633905351162 0.3633905351162 0 you 0
i_told_you_silly 1580717725777 393 241 touchmove 261 136 0.3633905351162 0.3633905351162 0 you 0
i_told_you_silly 1580717725793 393 241 touchmove 271 125 0.3633905351162 0.3633905351162 0 you 0
i_told_you_silly 1580717725809 393 241 touchmove 280 114 0.3633905351162 0.3633905351162 0 you 0
i_told_you_silly 1580717725825 393 241 touchmove 290 104 0.3633905351162 0.3633905351162 0 you 0
i_told_you_silly 1580717725842 393 241 touchmove 298 96 0.3633905351162 0.3633905351162 0 you 0
i_told_you_silly 1580717725858 393 241 touchmove 303 86 0.3633905351162 0.3633905351162 0 you 0
i_told_you_silly 1580717725875 393 241 touchmove 311 77 0.3633905351162 0.3633905351162 0 you 0
i_told_you_silly 1580717725891 393 241 touchmove 317 68 0.3633905351162 0.3633905351162 0 you 0
i_told_you_silly 1580717725908 393 241 touchmove 320 58 0.3633905351162 0.3633905351162 0 you 0
i_told_you_silly 1580717725926 393 241 touchmove 323 51 0.3633905351162 0.3633905351162 0 you 0
i_told_you_silly 1580717725945 393 241 touchmove 326 44 0.3633905351162 0.3633905351162 0 you 0
i_told_you_silly 1580717725958 393 241 touchmove 327 37 0.3633905351162 0.3633905351162 0 you 0
i_told_you_silly 1580717725975 393 241 touchmove 328 33 0.3633905351162 0.3633905351162 0 you 0
i_told_you_silly 1580717725991 393 241 touchmove 328 29 0.3633905351162 0.3633905351162 0 you 0
i_told_you_silly 1580717726008 393 241 touchmove 328 26 0.3633905351162 0.3633905351162 0 you 0
i_told_you_silly 1580717726026 393 241 touchmove 328 25 0.3633905351162 0.3633905351162 0 you 0
i_told_you_silly 1580717726042 393 241 touchmove 328 24 0.3633905351162 0.3633905351162 0 you 0
i_told_you_silly 1580717726058 393 241 touchmove 328 24 0.3633905351162 0.3633905351162 0 you 0
i_told_you_silly 1580717726159 393 241 touchmove 328 24 0.3633905351162 0.3633905351162 0 you 0
i_told_you_silly 1580717726176 393 241 touchmove 327 24 0.3633905351162 0.3633905351162 0 you 0
i_told_you_silly 1580717726197 393 241 touchmove 327 24 0.3633905351162 0.3633905351162 0 you 0
i_told_you_silly 1580717726210 393 241 touchmove 327 24 0.3633905351162 0.3633905351162 0 you 0
i_told_you_silly 1580717726229 393 241 touchmove 326 25 0.3633905351162 0.3633905351162 0 you 0
i_told_you_silly 1580717726244 393 241 touchmove 325 26 0.3633905351162 0.3633905351162 0 you 0
i_told_you_silly 1580717726259 393 241 touchmove 318 28 0.3633905351162 0.3633905351162 0 you 0
i_told_you_silly 1580717726277 393 241 touchmove 310 30 0.3633905351162 0.3633905351162 0 you 0
i_told_you_silly 1580717726294 393 241 touchmove 298 33 0.3633905351162 0.3633905351162 0 you 0
i_told_you_silly 1580717726310 393 241 touchmove 285 36 0.3633905351162 0.3633905351162 0 you 0
i_told_you_silly 1580717726326 393 241 touchmove 274 39 0.3633905351162 0.3633905351162 0 you 0
i_told_you_silly 1580717726343 393 241 touchmove 265 40 0.3633905351162 0.3633905351162 0 you 0
i_told_you_silly 1580717726359 393 241 touchmove 259 41 0.3633905351162 0.3633905351162 0 you 0
i_told_you_silly 1580717726377 393 241 touchmove 255 42 0.3633905351162 0.3633905351162 0 you 0
i_told_you_silly 1580717726393 393 241 touchmove 254 42 0.3633905351162 0.3633905351162 0 you 0
i_told_you_silly 1580717726409 393 241 touchmove 253 42 0.3633905351162 0.3633905351162 0 you 0
i_told_you_silly 1580717726474 393 241 touchend 253 42 0.3633905351162 0.3633905351162 0 you 0
i_told_you_silly 1580717730397 393 241 touchmove 279 72 0.3633905351162 0.3633905351162 0 silly 0
i_told_you_silly 1580717730410 393 241 touchmove 267 66 0.3633905351162 0.3633905351162 0 silly 0
i_told_you_silly 1580717730427 393 241 touchmove 255 61 0.3633905351162 0.3633905351162 0 silly 0
i_told_you_silly 1580717730445 393 241 touchmove 246 56 0.3633905351162 0.3633905351162 0 silly 0
i_told_you_silly 1580717730461 393 241 touchmove 238 52 0.3633905351162 0.3633905351162 0 silly 0
i_told_you_silly 1580717730496 393 241 touchmove 224 45 0.3633905351162 0.3633905351162 0 silly 0
i_told_you_silly 1580717730521 393 241 touchmove 217 41 0.3633905351162 0.3633905351162 0 silly 0
i_told_you_silly 1580717730542 393 241 touchmove 214 41 0.3633905351162 0.3633905351162 0 silly 0
i_told_you_silly 1580717730557 393 241 touchmove 214 41 0.3633905351162 0.3633905351162 0 silly 0
i_told_you_silly 1580717730568 393 241 touchmove 214 41 0.3633905351162 0.3633905351162 0 silly 0
i_told_you_silly 1580717730569 393 241 touchend 214 41 0.3633905351162 0.3633905351162 0 silly 0
