sentence timestamp keyb_width keyb_height event x_pos y_pos x_radius y_radius angle word is_err
dont_forget_the_wood 1580923194161 360 224 touchstart 118 90 0.67138671875 0.67138671875 0 dont 0
dont_forget_the_wood 1580923194167 360 224 touchmove 118 90 0.738525390625 0.738525390625 0 dont 0
dont_forget_the_wood 1580923194185 360 224 touchmove 118 90 0.93994140625 0.93994140625 0 dont 0
dont_forget_the_wood 1580923194202 360 224 touchmove 119 89 0.93994140625 0.93994140625 0 dont 0
dont_forget_the_wood 1580923194219 360 224 touchmove 128 82 0.93994140625 0.93994140625 0 dont 0
dont_forget_the_wood 1580923194235 360 224 touchmove 145 74 0.8056640625 0.8056640625 0 dont 0
dont_forget_the_wood 1580923194252 360 224 touchmove 170 66 0.738525390625 0.738525390625 0 dont 0
dont_forget_the_wood 1580923194269 360 224 touchmove 197 59 0.67138671875 0.67138671875 0 dont 0
dont_forget_the_wood 1580923194285 360 224 touchmove 229 53 0.604248046875 0.604248046875 0 dont 0
dont_forget_the_wood 1580923194302 360 224 touchmove 261 46 0.67138671875 0.67138671875 0 dont 0
dont_forget_the_wood 1580923194319 360 224 touchmove 282 40 0.67138671875 0.67138671875 0 dont 0
dont_forget_the_wood 1580923194336 360 224 touchmove 295 38 0.67138671875 0.67138671875 0 dont 0
dont_forget_the_wood 1580923194352 360 224 touchmove 302 37 0.67138671875 0.67138671875 0 dont 0
dont_forget_the_wood 1580923194370 360 224 touchmove 306 37 0.67138671875 0.67138671875 0 dont 0
dont_forget_the_wood 1580923194385 360 224 touchmove 309 38 0.738525390625 0.738525390625 0 dont 0
dont_forget_the_wood 1580923194402 360 224 touchmove 309 39 0.738525390625 0.738525390625 0 dont 0
dont_forget_the_wood 1580923194419 360 224 touchmove 309 40 0.738525390625 0.738525390625 0 dont 0
dont_forget_the_wood 1580923194436 360 224 touchmove 309 42 0.738525390625 0.738525390625 0 dont 0
dont_forget_the_wood 1580923194453 360 224 touchmove 310 44 0.738525390625 0.738525390625 0 dont 0
dont_forget_the_wood 1580923194469 360 224 touchmove 309 49 0.8056640625 0.8056640625 0 dont 0
dont_forget_the_wood 1580923194485 360 224 touchmove 305 55 0.738525390625 0.738525390625 0 dont 0
dont_forget_the_wood 1580923194502 360 224 touchmove 297 68 0.738525390625 0.738525390625 0 dont 0
dont_forget_the_wood 1580923194519 360 224 touchmove 277 97 0.738525390625 0.738525390625 0 dont 0
dont_forget_the_wood 1580923194536 360 224 touchmove 250 133 0.738525390625 0.738525390625 0 dont 0
dont_forget_the_wood 1580923194553 360 224 touchmove 229 155 0.8056640625 0.8056640625 0 dont 0
dont_forget_the_wood 1580923194569 360 224 touchmove 217 166 0.8056640625 0.8056640625 0 dont 0
dont_forget_the_wood 1580923194586 360 224 touchmove 208 172 0.872802734375 0.872802734375 0 dont 0
dont_forget_the_wood 1580923194603 360 224 touchmove 201 178 0.8056640625 0.8056640625 0 dont 0
dont_forget_the_wood 1580923194619 360 224 touchmove 196 182 0.8056640625 0.8056640625 0 dont 0
dont_forget_the_wood 1580923194636 360 224 touchmove 194 184 0.8056640625 0.8056640625 0 dont 0
dont_forget_the_wood 1580923194653 360 224 touchmove 192 184 0.8056640625 0.8056640625 0 dont 0
dont_forget_the_wood 1580923194669 360 224 touchmove 191 182 0.8056640625 0.8056640625 0 dont 0
dont_forget_the_wood 1580923194685 360 224 touchmove 189 175 0.8056640625 0.8056640625 0 dont 0
dont_forget_the_wood 1580923194702 360 224 touchmove 188 159 0.8056640625 0.8056640625 0 dont 0
dont_forget_the_wood 1580923194719 360 224 touchmove 189 138 0.8056640625 0.8056640625 0 dont 0
dont_forget_the_wood 1580923194735 360 224 touchmove 185 115 0.8056640625 0.8056640625 0 dont 0
dont_forget_the_wood 1580923194752 360 224 touchmove 176 89 0.8056640625 0.8056640625 0 dont 0
dont_forget_the_wood 1580923194800 360 224 touchmove 151 21 0.93994140625 0.93994140625 0 dont 0
dont_forget_the_wood 1580923194818 360 224 touchmove 151 11 0.93994140625 0.93994140625 0 dont 0
dont_forget_the_wood 1580923194835 360 224 touchmove 154 5 0.93994140625 0.93994140625 0 dont 0
dont_forget_the_wood 1580923194852 360 224 touchmove 161 1 0.8056640625 0.8056640625 0 dont 0
dont_forget_the_wood 1580923194859 360 224 touchend 161 1 0.8056640625 0.8056640625 0 dont 0
dont_forget_the_wood 1580923195456 360 224 touchmove 330 47 0.537109375 0.537109375 0 forget 0
dont_forget_the_wood 1580923195468 360 224 touchmove 332 46 0.537109375 0.537109375 0 forget 0
dont_forget_the_wood 1580923195485 360 224 touchmove 333 46 0.537109375 0.537109375 0 forget 0
dont_forget_the_wood 1580923195502 360 224 touchmove 332 46 0.537109375 0.537109375 0 forget 0
dont_forget_the_wood 1580923195520 360 224 touchmove 331 46 0.604248046875 0.604248046875 0 forget 0
dont_forget_the_wood 1580923195538 360 224 touchmove 330 45 0.604248046875 0.604248046875 0 forget 0
dont_forget_the_wood 1580923195553 360 224 touchmove 327 43 0.67138671875 0.67138671875 0 forget 0
dont_forget_the_wood 1580923195569 360 224 touchmove 322 35 0.738525390625 0.738525390625 0 forget 0
dont_forget_the_wood 1580923195585 360 224 touchmove 312 27 0.738525390625 0.738525390625 0 forget 0
dont_forget_the_wood 1580923195601 360 224 touchmove 300 24 0.738525390625 0.738525390625 0 forget 0
dont_forget_the_wood 1580923195618 360 224 touchmove 286 23 0.738525390625 0.738525390625 0 forget 0
dont_forget_the_wood 1580923195635 360 224 touchmove 268 23 0.738525390625 0.738525390625 0 forget 0
dont_forget_the_wood 1580923195652 360 224 touchmove 246 24 0.738525390625 0.738525390625 0 forget 0
dont_forget_the_wood 1580923195668 360 224 touchmove 225 26 0.8056640625 0.8056640625 0 forget 0
dont_forget_the_wood 1580923195685 360 224 touchmove 203 27 0.8056640625 0.8056640625 0 forget 0
dont_forget_the_wood 1580923195702 360 224 touchmove 184 26 0.738525390625 0.738525390625 0 forget 0
dont_forget_the_wood 1580923195718 360 224 touchmove 167 25 0.8056640625 0.8056640625 0 forget 0
dont_forget_the_wood 1580923195735 360 224 touchmove 152 24 0.872802734375 0.872802734375 0 forget 0
dont_forget_the_wood 1580923195752 360 224 touchmove 138 24 0.8056640625 0.8056640625 0 forget 0
dont_forget_the_wood 1580923195771 360 224 touchmove 126 25 0.93994140625 0.93994140625 0 forget 0
dont_forget_the_wood 1580923195785 360 224 touchmove 115 25 0.93994140625 0.93994140625 0 forget 0
dont_forget_the_wood 1580923195802 360 224 touchmove 110 26 0.93994140625 0.93994140625 0 forget 0
dont_forget_the_wood 1580923195818 360 224 touchmove 102 25 1.007080078125 1.007080078125 0 forget 0
dont_forget_the_wood 1580923195835 360 224 touchmove 101 25 1.007080078125 1.007080078125 0 forget 0
dont_forget_the_wood 1580923195853 360 224 touchmove 99 25 1.007080078125 1.007080078125 0 forget 0
dont_forget_the_wood 1580923195874 360 224 touchmove 99 26 0.93994140625 0.93994140625 0 forget 0
dont_forget_the_wood 1580923195887 360 224 touchmove 100 29 0.872802734375 0.872802734375 0 forget 0
dont_forget_the_wood 1580923195902 360 224 touchmove 109 37 0.8056640625 0.8056640625 0 forget 0
dont_forget_the_wood 1580923195918 360 224 touchmove 123 44 0.738525390625 0.738525390625 0 forget 0
dont_forget_the_wood 1580923195935 360 224 touchmove 141 49 0.67138671875 0.67138671875 0 forget 0
dont_forget_the_wood 1580923195953 360 224 touchmove 163 56 0.67138671875 0.67138671875 0 forget 0
dont_forget_the_wood 1580923195968 360 224 touchmove 185 64 0.604248046875 0.604248046875 0 forget 0
dont_forget_the_wood 1580923195985 360 224 touchmove 203 73 0.537109375 0.537109375 0 forget 0
dont_forget_the_wood 1580923196003 360 224 touchmove 217 83 0.537109375 0.537109375 0 forget 0
dont_forget_the_wood 1580923198371 360 224 touchstart 139 93 0.8056640625 0.8056640625 0 forget 0
dont_forget_the_wood 1580923198388 360 224 touchmove 139 93 0.8056640625 0.8056640625 0 forget 0
dont_forget_the_wood 1580923198403 360 224 touchmove 140 93 0.8056640625 0.8056640625 0 forget 0
dont_forget_the_wood 1580923198418 360 224 touchmove 142 92 0.8056640625 0.8056640625 0 forget 0
dont_forget_the_wood 1580923198435 360 224 touchmove 156 83 0.872802734375 0.872802734375 0 forget 0
dont_forget_the_wood 1580923198451 360 224 touchmove 168 76 0.67138671875 0.67138671875 0 forget 0
dont_forget_the_wood 1580923198475 360 224 touchmove 190 69 0.738525390625 0.738525390625 0 forget 0
dont_forget_the_wood 1580923198491 360 224 touchmove 208 63 0.67138671875 0.67138671875 0 forget 0
dont_forget_the_wood 1580923198504 360 224 touchmove 243 53 0.604248046875 0.604248046875 0 forget 0
dont_forget_the_wood 1580923198518 360 224 touchmove 275 46 0.537109375 0.537109375 0 forget 0
dont_forget_the_wood 1580923198535 360 224 touchmove 299 40 0.67138671875 0.67138671875 0 forget 0
dont_forget_the_wood 1580923198552 360 224 touchmove 312 38 0.537109375 0.537109375 0 forget 0
dont_forget_the_wood 1580923198568 360 224 touchmove 319 36 0.604248046875 0.604248046875 0 forget 0
dont_forget_the_wood 1580923198586 360 224 touchmove 323 35 0.604248046875 0.604248046875 0 forget 0
dont_forget_the_wood 1580923198602 360 224 touchmove 324 35 0.67138671875 0.67138671875 0 forget 0
dont_forget_the_wood 1580923200904 360 224 touchstart 148 95 0.8056640625 0.8056640625 0 forget 0
dont_forget_the_wood 1580923200907 360 224 touchmove 148 95 0.8056640625 0.8056640625 0 forget 0
dont_forget_the_wood 1580923200918 360 224 touchmove 149 95 0.8056640625 0.8056640625 0 forget 0
dont_forget_the_wood 1580923200934 360 224 touchmove 150 95 0.8056640625 0.8056640625 0 forget 0
dont_forget_the_wood 1580923200951 360 224 touchmove 154 93 0.8056640625 0.8056640625 0 forget 0
dont_forget_the_wood 1580923200967 360 224 touchmove 173 85 0.738525390625 0.738525390625 0 forget 0
dont_forget_the_wood 1580923200984 360 224 touchmove 191 79 0.738525390625 0.738525390625 0 forget 0
dont_forget_the_wood 1580923201001 360 224 touchmove 211 73 0.67138671875 0.67138671875 0 forget 0
dont_forget_the_wood 1580923201018 360 224 touchmove 236 66 0.67138671875 0.67138671875 0 forget 0
dont_forget_the_wood 1580923201035 360 224 touchmove 266 56 0.738525390625 0.738525390625 0 forget 0
dont_forget_the_wood 1580923201051 360 224 touchmove 293 47 0.604248046875 0.604248046875 0 forget 0
dont_forget_the_wood 1580923201068 360 224 touchmove 311 41 0.604248046875 0.604248046875 0 forget 0
dont_forget_the_wood 1580923201084 360 224 touchmove 322 39 0.537109375 0.537109375 0 forget 0
dont_forget_the_wood 1580923201101 360 224 touchmove 329 38 0.537109375 0.537109375 0 forget 0
dont_forget_the_wood 1580923201118 360 224 touchmove 333 38 0.537109375 0.537109375 0 forget 0
dont_forget_the_wood 1580923201134 360 224 touchmove 334 38 0.469970703125 0.469970703125 0 forget 0
dont_forget_the_wood 1580923201151 360 224 touchmove 334 38 0.537109375 0.537109375 0 forget 0
dont_forget_the_wood 1580923201168 360 224 touchmove 332 38 0.604248046875 0.604248046875 0 forget 0
dont_forget_the_wood 1580923201184 360 224 touchmove 331 38 0.604248046875 0.604248046875 0 forget 0
dont_forget_the_wood 1580923201201 360 224 touchmove 328 38 0.604248046875 0.604248046875 0 forget 0
dont_forget_the_wood 1580923201218 360 224 touchmove 325 37 0.67138671875 0.67138671875 0 forget 0
dont_forget_the_wood 1580923201235 360 224 touchmove 317 37 0.67138671875 0.67138671875 0 forget 0
dont_forget_the_wood 1580923201251 360 224 touchmove 305 37 0.67138671875 0.67138671875 0 forget 0
dont_forget_the_wood 1580923201270 360 224 touchmove 288 37 0.604248046875 0.604248046875 0 forget 0
dont_forget_the_wood 1580923201286 360 224 touchmove 270 37 0.604248046875 0.604248046875 0 forget 0
dont_forget_the_wood 1580923201301 360 224 touchmove 249 35 0.67138671875 0.67138671875 0 forget 0
dont_forget_the_wood 1580923201317 360 224 touchmove 227 34 0.67138671875 0.67138671875 0 forget 0
dont_forget_the_wood 1580923201335 360 224 touchmove 207 33 0.67138671875 0.67138671875 0 forget 0
dont_forget_the_wood 1580923201352 360 224 touchmove 188 32 0.67138671875 0.67138671875 0 forget 0
dont_forget_the_wood 1580923201368 360 224 touchmove 171 29 0.738525390625 0.738525390625 0 forget 0
dont_forget_the_wood 1580923201384 360 224 touchmove 155 25 0.738525390625 0.738525390625 0 forget 0
dont_forget_the_wood 1580923201401 360 224 touchmove 139 21 0.738525390625 0.738525390625 0 forget 0
dont_forget_the_wood 1580923201418 360 224 touchmove 125 17 0.872802734375 0.872802734375 0 forget 0
dont_forget_the_wood 1580923201434 360 224 touchmove 112 16 0.8056640625 0.8056640625 0 forget 0
dont_forget_the_wood 1580923201451 360 224 touchmove 102 17 0.93994140625 0.93994140625 0 forget 0
dont_forget_the_wood 1580923201467 360 224 touchmove 98 18 0.93994140625 0.93994140625 0 forget 0
dont_forget_the_wood 1580923201484 360 224 touchmove 97 19 0.93994140625 0.93994140625 0 forget 0
dont_forget_the_wood 1580923201501 360 224 touchmove 97 22 1.007080078125 1.007080078125 0 forget 0
dont_forget_the_wood 1580923201518 360 224 touchmove 100 27 0.93994140625 0.93994140625 0 forget 0
dont_forget_the_wood 1580923201535 360 224 touchmove 108 32 0.872802734375 0.872802734375 0 forget 0
dont_forget_the_wood 1580923201551 360 224 touchmove 119 33 0.8056640625 0.8056640625 0 forget 0
dont_forget_the_wood 1580923201569 360 224 touchmove 131 34 0.8056640625 0.8056640625 0 forget 0
dont_forget_the_wood 1580923201584 360 224 touchmove 138 35 0.8056640625 0.8056640625 0 forget 0
dont_forget_the_wood 1580923201601 360 224 touchmove 144 40 0.738525390625 0.738525390625 0 forget 0
dont_forget_the_wood 1580923201617 360 224 touchmove 151 47 0.738525390625 0.738525390625 0 forget 0
dont_forget_the_wood 1580923201635 360 224 touchmove 160 56 0.67138671875 0.67138671875 0 forget 0
dont_forget_the_wood 1580923201657 360 224 touchmove 176 72 0.67138671875 0.67138671875 0 forget 0
dont_forget_the_wood 1580923201667 360 224 touchmove 181 77 0.604248046875 0.604248046875 0 forget 0
dont_forget_the_wood 1580923201684 360 224 touchmove 194 86 0.604248046875 0.604248046875 0 forget 0
dont_forget_the_wood 1580923201700 360 224 touchmove 205 93 0.604248046875 0.604248046875 0 forget 0
dont_forget_the_wood 1580923201717 360 224 touchmove 214 98 0.67138671875 0.67138671875 0 forget 0
dont_forget_the_wood 1580923201733 360 224 touchmove 217 100 0.67138671875 0.67138671875 0 forget 0
dont_forget_the_wood 1580923201751 360 224 touchmove 218 102 0.67138671875 0.67138671875 0 forget 0
dont_forget_the_wood 1580923201772 360 224 touchmove 217 104 0.67138671875 0.67138671875 0 forget 0
dont_forget_the_wood 1580923201786 360 224 touchmove 216 105 0.67138671875 0.67138671875 0 forget 0
dont_forget_the_wood 1580923201801 360 224 touchmove 209 105 0.67138671875 0.67138671875 0 forget 0
dont_forget_the_wood 1580923201817 360 224 touchmove 197 103 0.67138671875 0.67138671875 0 forget 0
dont_forget_the_wood 1580923201834 360 224 touchmove 185 100 0.738525390625 0.738525390625 0 forget 0
dont_forget_the_wood 1580923201853 360 224 touchmove 177 98 0.738525390625 0.738525390625 0 forget 0
dont_forget_the_wood 1580923201867 360 224 touchmove 171 96 0.738525390625 0.738525390625 0 forget 0
dont_forget_the_wood 1580923201884 360 224 touchmove 165 94 0.738525390625 0.738525390625 0 forget 0
dont_forget_the_wood 1580923201902 360 224 touchmove 155 88 0.738525390625 0.738525390625 0 forget 0
dont_forget_the_wood 1580923201918 360 224 touchmove 147 81 0.8056640625 0.8056640625 0 forget 0
dont_forget_the_wood 1580923201934 360 224 touchmove 143 73 0.8056640625 0.8056640625 0 forget 0
dont_forget_the_wood 1580923201950 360 224 touchmove 145 66 0.738525390625 0.738525390625 0 forget 0
dont_forget_the_wood 1580923201967 360 224 touchmove 152 57 0.738525390625 0.738525390625 0 forget 0
dont_forget_the_wood 1580923201983 360 224 touchmove 163 49 0.67138671875 0.67138671875 0 forget 0
dont_forget_the_wood 1580923202000 360 224 touchmove 176 43 0.604248046875 0.604248046875 0 forget 0
dont_forget_the_wood 1580923202017 360 224 touchmove 188 39 0.604248046875 0.604248046875 0 forget 0
dont_forget_the_wood 1580923202060 360 224 touchmove 199 37 0.537109375 0.537109375 0 forget 0
dont_forget_the_wood 1580923202068 360 224 touchmove 215 38 0.537109375 0.537109375 0 forget 0
dont_forget_the_wood 1580923202084 360 224 touchmove 217 39 0.537109375 0.537109375 0 forget 0
dont_forget_the_wood 1580923202101 360 224 touchmove 217 41 0.604248046875 0.604248046875 0 forget 0
dont_forget_the_wood 1580923202117 360 224 touchmove 214 43 0.604248046875 0.604248046875 0 forget 0
dont_forget_the_wood 1580923202134 360 224 touchmove 208 46 0.604248046875 0.604248046875 0 forget 0
dont_forget_the_wood 1580923202150 360 224 touchmove 194 49 0.604248046875 0.604248046875 0 forget 0
dont_forget_the_wood 1580923202167 360 224 touchmove 176 52 0.67138671875 0.67138671875 0 forget 0
dont_forget_the_wood 1580923202183 360 224 touchmove 158 53 0.67138671875 0.67138671875 0 forget 0
dont_forget_the_wood 1580923202200 360 224 touchmove 141 52 0.738525390625 0.738525390625 0 forget 0
dont_forget_the_wood 1580923202216 360 224 touchmove 124 51 0.8056640625 0.8056640625 0 forget 0
dont_forget_the_wood 1580923202233 360 224 touchmove 109 50 0.8056640625 0.8056640625 0 forget 0
dont_forget_the_wood 1580923202250 360 224 touchmove 96 47 0.8056640625 0.8056640625 0 forget 0
dont_forget_the_wood 1580923202267 360 224 touchmove 86 44 0.93994140625 0.93994140625 0 forget 0
dont_forget_the_wood 1580923202283 360 224 touchmove 80 40 0.93994140625 0.93994140625 0 forget 0
dont_forget_the_wood 1580923202300 360 224 touchmove 76 38 1.007080078125 1.007080078125 0 forget 0
dont_forget_the_wood 1580923202317 360 224 touchmove 75 35 1.007080078125 1.007080078125 0 forget 0
dont_forget_the_wood 1580923202333 360 224 touchmove 76 32 1.007080078125 1.007080078125 0 forget 0
dont_forget_the_wood 1580923202350 360 224 touchmove 86 26 0.93994140625 0.93994140625 0 forget 0
dont_forget_the_wood 1580923202367 360 224 touchmove 106 20 0.738525390625 0.738525390625 0 forget 0
dont_forget_the_wood 1580923202383 360 224 touchmove 131 18 0.604248046875 0.604248046875 0 forget 0
dont_forget_the_wood 1580923202401 360 224 touchmove 160 21 0.537109375 0.537109375 0 forget 0
dont_forget_the_wood 1580923202417 360 224 touchmove 190 27 0.469970703125 0.469970703125 0 forget 0
dont_forget_the_wood 1580923202434 360 224 touchmove 214 32 0.469970703125 0.469970703125 0 forget 0
dont_forget_the_wood 1580923202451 360 224 touchmove 228 36 0.469970703125 0.469970703125 0 forget 0
dont_forget_the_wood 1580923202467 360 224 touchmove 239 40 0.738525390625 0.738525390625 0 forget 0
dont_forget_the_wood 1580923202475 360 224 touchend 239 40 0.738525390625 0.738525390625 0 forget 0
dont_forget_the_wood 1580923195456 360 224 touchmove 330 47 0.537109375 0.537109375 0 forget 0 0
dont_forget_the_wood 1580923195468 360 224 touchmove 332 46 0.537109375 0.537109375 0 forget 0 0
dont_forget_the_wood 1580923195485 360 224 touchmove 333 46 0.537109375 0.537109375 0 forget 0 0
dont_forget_the_wood 1580923195502 360 224 touchmove 332 46 0.537109375 0.537109375 0 forget 0 0
dont_forget_the_wood 1580923195520 360 224 touchmove 331 46 0.604248046875 0.604248046875 0 forget 0 0
dont_forget_the_wood 1580923195538 360 224 touchmove 330 45 0.604248046875 0.604248046875 0 forget 0 0
dont_forget_the_wood 1580923195553 360 224 touchmove 327 43 0.67138671875 0.67138671875 0 forget 0 0
dont_forget_the_wood 1580923195569 360 224 touchmove 322 35 0.738525390625 0.738525390625 0 forget 0 0
dont_forget_the_wood 1580923195585 360 224 touchmove 312 27 0.738525390625 0.738525390625 0 forget 0 0
dont_forget_the_wood 1580923195601 360 224 touchmove 300 24 0.738525390625 0.738525390625 0 forget 0 0
dont_forget_the_wood 1580923195618 360 224 touchmove 286 23 0.738525390625 0.738525390625 0 forget 0 0
dont_forget_the_wood 1580923195635 360 224 touchmove 268 23 0.738525390625 0.738525390625 0 forget 0 0
dont_forget_the_wood 1580923195652 360 224 touchmove 246 24 0.738525390625 0.738525390625 0 forget 0 0
dont_forget_the_wood 1580923195668 360 224 touchmove 225 26 0.8056640625 0.8056640625 0 forget 0 0
dont_forget_the_wood 1580923195685 360 224 touchmove 203 27 0.8056640625 0.8056640625 0 forget 0 0
dont_forget_the_wood 1580923195702 360 224 touchmove 184 26 0.738525390625 0.738525390625 0 forget 0 0
dont_forget_the_wood 1580923195718 360 224 touchmove 167 25 0.8056640625 0.8056640625 0 forget 0 0
dont_forget_the_wood 1580923195735 360 224 touchmove 152 24 0.872802734375 0.872802734375 0 forget 0 0
dont_forget_the_wood 1580923195752 360 224 touchmove 138 24 0.8056640625 0.8056640625 0 forget 0 0
dont_forget_the_wood 1580923195771 360 224 touchmove 126 25 0.93994140625 0.93994140625 0 forget 0 0
dont_forget_the_wood 1580923195785 360 224 touchmove 115 25 0.93994140625 0.93994140625 0 forget 0 0
dont_forget_the_wood 1580923195802 360 224 touchmove 110 26 0.93994140625 0.93994140625 0 forget 0 0
dont_forget_the_wood 1580923195818 360 224 touchmove 102 25 1.007080078125 1.007080078125 0 forget 0 0
dont_forget_the_wood 1580923195835 360 224 touchmove 101 25 1.007080078125 1.007080078125 0 forget 0 0
dont_forget_the_wood 1580923195853 360 224 touchmove 99 25 1.007080078125 1.007080078125 0 forget 0 0
dont_forget_the_wood 1580923195874 360 224 touchmove 99 26 0.93994140625 0.93994140625 0 forget 0 0
dont_forget_the_wood 1580923195887 360 224 touchmove 100 29 0.872802734375 0.872802734375 0 forget 0 0
dont_forget_the_wood 1580923195902 360 224 touchmove 109 37 0.8056640625 0.8056640625 0 forget 0 0
dont_forget_the_wood 1580923195918 360 224 touchmove 123 44 0.738525390625 0.738525390625 0 forget 0 0
dont_forget_the_wood 1580923195935 360 224 touchmove 141 49 0.67138671875 0.67138671875 0 forget 0 0
dont_forget_the_wood 1580923195953 360 224 touchmove 163 56 0.67138671875 0.67138671875 0 forget 0 0
dont_forget_the_wood 1580923195968 360 224 touchmove 185 64 0.604248046875 0.604248046875 0 forget 0 0
dont_forget_the_wood 1580923195985 360 224 touchmove 203 73 0.537109375 0.537109375 0 forget 0 0
dont_forget_the_wood 1580923196003 360 224 touchmove 217 83 0.537109375 0.537109375 0 forget 0 0
dont_forget_the_wood 1580923198371 360 224 touchstart 139 93 0.8056640625 0.8056640625 0 forget 0 0
dont_forget_the_wood 1580923198388 360 224 touchmove 139 93 0.8056640625 0.8056640625 0 forget 0 0
dont_forget_the_wood 1580923198403 360 224 touchmove 140 93 0.8056640625 0.8056640625 0 forget 0 0
dont_forget_the_wood 1580923198418 360 224 touchmove 142 92 0.8056640625 0.8056640625 0 forget 0 0
dont_forget_the_wood 1580923198435 360 224 touchmove 156 83 0.872802734375 0.872802734375 0 forget 0 0
dont_forget_the_wood 1580923198451 360 224 touchmove 168 76 0.67138671875 0.67138671875 0 forget 0 0
dont_forget_the_wood 1580923198475 360 224 touchmove 190 69 0.738525390625 0.738525390625 0 forget 0 0
dont_forget_the_wood 1580923198491 360 224 touchmove 208 63 0.67138671875 0.67138671875 0 forget 0 0
dont_forget_the_wood 1580923198504 360 224 touchmove 243 53 0.604248046875 0.604248046875 0 forget 0 0
dont_forget_the_wood 1580923198518 360 224 touchmove 275 46 0.537109375 0.537109375 0 forget 0 0
dont_forget_the_wood 1580923198535 360 224 touchmove 299 40 0.67138671875 0.67138671875 0 forget 0 0
dont_forget_the_wood 1580923198552 360 224 touchmove 312 38 0.537109375 0.537109375 0 forget 0 0
dont_forget_the_wood 1580923198568 360 224 touchmove 319 36 0.604248046875 0.604248046875 0 forget 0 0
dont_forget_the_wood 1580923198586 360 224 touchmove 323 35 0.604248046875 0.604248046875 0 forget 0 0
dont_forget_the_wood 1580923198602 360 224 touchmove 324 35 0.67138671875 0.67138671875 0 forget 0 0
dont_forget_the_wood 1580923200904 360 224 touchstart 148 95 0.8056640625 0.8056640625 0 forget 0 0
dont_forget_the_wood 1580923200907 360 224 touchmove 148 95 0.8056640625 0.8056640625 0 forget 0 0
dont_forget_the_wood 1580923200918 360 224 touchmove 149 95 0.8056640625 0.8056640625 0 forget 0 0
dont_forget_the_wood 1580923200934 360 224 touchmove 150 95 0.8056640625 0.8056640625 0 forget 0 0
dont_forget_the_wood 1580923200951 360 224 touchmove 154 93 0.8056640625 0.8056640625 0 forget 0 0
dont_forget_the_wood 1580923200967 360 224 touchmove 173 85 0.738525390625 0.738525390625 0 forget 0 0
dont_forget_the_wood 1580923200984 360 224 touchmove 191 79 0.738525390625 0.738525390625 0 forget 0 0
dont_forget_the_wood 1580923201001 360 224 touchmove 211 73 0.67138671875 0.67138671875 0 forget 0 0
dont_forget_the_wood 1580923201018 360 224 touchmove 236 66 0.67138671875 0.67138671875 0 forget 0 0
dont_forget_the_wood 1580923201035 360 224 touchmove 266 56 0.738525390625 0.738525390625 0 forget 0 0
dont_forget_the_wood 1580923201051 360 224 touchmove 293 47 0.604248046875 0.604248046875 0 forget 0 0
dont_forget_the_wood 1580923201068 360 224 touchmove 311 41 0.604248046875 0.604248046875 0 forget 0 0
dont_forget_the_wood 1580923201084 360 224 touchmove 322 39 0.537109375 0.537109375 0 forget 0 0
dont_forget_the_wood 1580923201101 360 224 touchmove 329 38 0.537109375 0.537109375 0 forget 0 0
dont_forget_the_wood 1580923201118 360 224 touchmove 333 38 0.537109375 0.537109375 0 forget 0 0
dont_forget_the_wood 1580923201134 360 224 touchmove 334 38 0.469970703125 0.469970703125 0 forget 0 0
dont_forget_the_wood 1580923201151 360 224 touchmove 334 38 0.537109375 0.537109375 0 forget 0 0
dont_forget_the_wood 1580923201168 360 224 touchmove 332 38 0.604248046875 0.604248046875 0 forget 0 0
dont_forget_the_wood 1580923201184 360 224 touchmove 331 38 0.604248046875 0.604248046875 0 forget 0 0
dont_forget_the_wood 1580923201201 360 224 touchmove 328 38 0.604248046875 0.604248046875 0 forget 0 0
dont_forget_the_wood 1580923201218 360 224 touchmove 325 37 0.67138671875 0.67138671875 0 forget 0 0
dont_forget_the_wood 1580923201235 360 224 touchmove 317 37 0.67138671875 0.67138671875 0 forget 0 0
dont_forget_the_wood 1580923201251 360 224 touchmove 305 37 0.67138671875 0.67138671875 0 forget 0 0
dont_forget_the_wood 1580923201270 360 224 touchmove 288 37 0.604248046875 0.604248046875 0 forget 0 0
dont_forget_the_wood 1580923201286 360 224 touchmove 270 37 0.604248046875 0.604248046875 0 forget 0 0
dont_forget_the_wood 1580923201301 360 224 touchmove 249 35 0.67138671875 0.67138671875 0 forget 0 0
dont_forget_the_wood 1580923201317 360 224 touchmove 227 34 0.67138671875 0.67138671875 0 forget 0 0
dont_forget_the_wood 1580923201335 360 224 touchmove 207 33 0.67138671875 0.67138671875 0 forget 0 0
dont_forget_the_wood 1580923201352 360 224 touchmove 188 32 0.67138671875 0.67138671875 0 forget 0 0
dont_forget_the_wood 1580923201368 360 224 touchmove 171 29 0.738525390625 0.738525390625 0 forget 0 0
dont_forget_the_wood 1580923201384 360 224 touchmove 155 25 0.738525390625 0.738525390625 0 forget 0 0
dont_forget_the_wood 1580923201401 360 224 touchmove 139 21 0.738525390625 0.738525390625 0 forget 0 0
dont_forget_the_wood 1580923201418 360 224 touchmove 125 17 0.872802734375 0.872802734375 0 forget 0 0
dont_forget_the_wood 1580923201434 360 224 touchmove 112 16 0.8056640625 0.8056640625 0 forget 0 0
dont_forget_the_wood 1580923201451 360 224 touchmove 102 17 0.93994140625 0.93994140625 0 forget 0 0
dont_forget_the_wood 1580923201467 360 224 touchmove 98 18 0.93994140625 0.93994140625 0 forget 0 0
dont_forget_the_wood 1580923201484 360 224 touchmove 97 19 0.93994140625 0.93994140625 0 forget 0 0
dont_forget_the_wood 1580923201501 360 224 touchmove 97 22 1.007080078125 1.007080078125 0 forget 0 0
dont_forget_the_wood 1580923201518 360 224 touchmove 100 27 0.93994140625 0.93994140625 0 forget 0 0
dont_forget_the_wood 1580923201535 360 224 touchmove 108 32 0.872802734375 0.872802734375 0 forget 0 0
dont_forget_the_wood 1580923201551 360 224 touchmove 119 33 0.8056640625 0.8056640625 0 forget 0 0
dont_forget_the_wood 1580923201569 360 224 touchmove 131 34 0.8056640625 0.8056640625 0 forget 0 0
dont_forget_the_wood 1580923201584 360 224 touchmove 138 35 0.8056640625 0.8056640625 0 forget 0 0
dont_forget_the_wood 1580923201601 360 224 touchmove 144 40 0.738525390625 0.738525390625 0 forget 0 0
dont_forget_the_wood 1580923201617 360 224 touchmove 151 47 0.738525390625 0.738525390625 0 forget 0 0
dont_forget_the_wood 1580923201635 360 224 touchmove 160 56 0.67138671875 0.67138671875 0 forget 0 0
dont_forget_the_wood 1580923201657 360 224 touchmove 176 72 0.67138671875 0.67138671875 0 forget 0 0
dont_forget_the_wood 1580923201667 360 224 touchmove 181 77 0.604248046875 0.604248046875 0 forget 0 0
dont_forget_the_wood 1580923201684 360 224 touchmove 194 86 0.604248046875 0.604248046875 0 forget 0 0
dont_forget_the_wood 1580923201700 360 224 touchmove 205 93 0.604248046875 0.604248046875 0 forget 0 0
dont_forget_the_wood 1580923201717 360 224 touchmove 214 98 0.67138671875 0.67138671875 0 forget 0 0
dont_forget_the_wood 1580923201733 360 224 touchmove 217 100 0.67138671875 0.67138671875 0 forget 0 0
dont_forget_the_wood 1580923201751 360 224 touchmove 218 102 0.67138671875 0.67138671875 0 forget 0 0
dont_forget_the_wood 1580923201772 360 224 touchmove 217 104 0.67138671875 0.67138671875 0 forget 0 0
dont_forget_the_wood 1580923201786 360 224 touchmove 216 105 0.67138671875 0.67138671875 0 forget 0 0
dont_forget_the_wood 1580923201801 360 224 touchmove 209 105 0.67138671875 0.67138671875 0 forget 0 0
dont_forget_the_wood 1580923201817 360 224 touchmove 197 103 0.67138671875 0.67138671875 0 forget 0 0
dont_forget_the_wood 1580923201834 360 224 touchmove 185 100 0.738525390625 0.738525390625 0 forget 0 0
dont_forget_the_wood 1580923201853 360 224 touchmove 177 98 0.738525390625 0.738525390625 0 forget 0 0
dont_forget_the_wood 1580923201867 360 224 touchmove 171 96 0.738525390625 0.738525390625 0 forget 0 0
dont_forget_the_wood 1580923201884 360 224 touchmove 165 94 0.738525390625 0.738525390625 0 forget 0 0
dont_forget_the_wood 1580923201902 360 224 touchmove 155 88 0.738525390625 0.738525390625 0 forget 0 0
dont_forget_the_wood 1580923201918 360 224 touchmove 147 81 0.8056640625 0.8056640625 0 forget 0 0
dont_forget_the_wood 1580923201934 360 224 touchmove 143 73 0.8056640625 0.8056640625 0 forget 0 0
dont_forget_the_wood 1580923201950 360 224 touchmove 145 66 0.738525390625 0.738525390625 0 forget 0 0
dont_forget_the_wood 1580923201967 360 224 touchmove 152 57 0.738525390625 0.738525390625 0 forget 0 0
dont_forget_the_wood 1580923201983 360 224 touchmove 163 49 0.67138671875 0.67138671875 0 forget 0 0
dont_forget_the_wood 1580923202000 360 224 touchmove 176 43 0.604248046875 0.604248046875 0 forget 0 0
dont_forget_the_wood 1580923202017 360 224 touchmove 188 39 0.604248046875 0.604248046875 0 forget 0 0
dont_forget_the_wood 1580923202060 360 224 touchmove 199 37 0.537109375 0.537109375 0 forget 0 0
dont_forget_the_wood 1580923202068 360 224 touchmove 215 38 0.537109375 0.537109375 0 forget 0 0
dont_forget_the_wood 1580923202084 360 224 touchmove 217 39 0.537109375 0.537109375 0 forget 0 0
dont_forget_the_wood 1580923202101 360 224 touchmove 217 41 0.604248046875 0.604248046875 0 forget 0 0
dont_forget_the_wood 1580923202117 360 224 touchmove 214 43 0.604248046875 0.604248046875 0 forget 0 0
dont_forget_the_wood 1580923202134 360 224 touchmove 208 46 0.604248046875 0.604248046875 0 forget 0 0
dont_forget_the_wood 1580923202150 360 224 touchmove 194 49 0.604248046875 0.604248046875 0 forget 0 0
dont_forget_the_wood 1580923202167 360 224 touchmove 176 52 0.67138671875 0.67138671875 0 forget 0 0
dont_forget_the_wood 1580923202183 360 224 touchmove 158 53 0.67138671875 0.67138671875 0 forget 0 0
dont_forget_the_wood 1580923202200 360 224 touchmove 141 52 0.738525390625 0.738525390625 0 forget 0 0
dont_forget_the_wood 1580923202216 360 224 touchmove 124 51 0.8056640625 0.8056640625 0 forget 0 0
dont_forget_the_wood 1580923202233 360 224 touchmove 109 50 0.8056640625 0.8056640625 0 forget 0 0
dont_forget_the_wood 1580923202250 360 224 touchmove 96 47 0.8056640625 0.8056640625 0 forget 0 0
dont_forget_the_wood 1580923202267 360 224 touchmove 86 44 0.93994140625 0.93994140625 0 forget 0 0
dont_forget_the_wood 1580923202283 360 224 touchmove 80 40 0.93994140625 0.93994140625 0 forget 0 0
dont_forget_the_wood 1580923202300 360 224 touchmove 76 38 1.007080078125 1.007080078125 0 forget 0 0
dont_forget_the_wood 1580923202317 360 224 touchmove 75 35 1.007080078125 1.007080078125 0 forget 0 0
dont_forget_the_wood 1580923202333 360 224 touchmove 76 32 1.007080078125 1.007080078125 0 forget 0 0
dont_forget_the_wood 1580923202350 360 224 touchmove 86 26 0.93994140625 0.93994140625 0 forget 0 0
dont_forget_the_wood 1580923202367 360 224 touchmove 106 20 0.738525390625 0.738525390625 0 forget 0 0
dont_forget_the_wood 1580923202383 360 224 touchmove 131 18 0.604248046875 0.604248046875 0 forget 0 0
dont_forget_the_wood 1580923202401 360 224 touchmove 160 21 0.537109375 0.537109375 0 forget 0 0
dont_forget_the_wood 1580923202417 360 224 touchmove 190 27 0.469970703125 0.469970703125 0 forget 0 0
dont_forget_the_wood 1580923202434 360 224 touchmove 214 32 0.469970703125 0.469970703125 0 forget 0 0
dont_forget_the_wood 1580923202451 360 224 touchmove 228 36 0.469970703125 0.469970703125 0 forget 0 0
dont_forget_the_wood 1580923202467 360 224 touchmove 239 40 0.738525390625 0.738525390625 0 forget 0 0
dont_forget_the_wood 1580923202475 360 224 touchend 239 40 0.738525390625 0.738525390625 0 forget 0 0
dont_forget_the_wood 1580923204747 360 224 touchstart 156 36 0.604248046875 0.604248046875 0 the 0
dont_forget_the_wood 1580923204801 360 224 touchmove 161 37 0.738525390625 0.738525390625 0 the 0
dont_forget_the_wood 1580923204818 360 224 touchmove 173 44 0.67138671875 0.67138671875 0 the 0
dont_forget_the_wood 1580923204834 360 224 touchmove 189 55 0.604248046875 0.604248046875 0 the 0
dont_forget_the_wood 1580923204850 360 224 touchmove 205 67 0.604248046875 0.604248046875 0 the 0
dont_forget_the_wood 1580923204867 360 224 touchmove 220 80 0.469970703125 0.469970703125 0 the 0
dont_forget_the_wood 1580923204884 360 224 touchmove 231 89 0.537109375 0.537109375 0 the 0
dont_forget_the_wood 1580923204900 360 224 touchmove 236 95 0.604248046875 0.604248046875 0 the 0
dont_forget_the_wood 1580923204917 360 224 touchmove 237 99 0.67138671875 0.67138671875 0 the 0
dont_forget_the_wood 1580923204934 360 224 touchmove 238 102 0.67138671875 0.67138671875 0 the 0
dont_forget_the_wood 1580923204950 360 224 touchmove 237 103 0.67138671875 0.67138671875 0 the 0
dont_forget_the_wood 1580923204967 360 224 touchmove 233 105 0.604248046875 0.604248046875 0 the 0
dont_forget_the_wood 1580923204984 360 224 touchmove 220 103 0.604248046875 0.604248046875 0 the 0
dont_forget_the_wood 1580923205001 360 224 touchmove 193 94 0.67138671875 0.67138671875 0 the 0
dont_forget_the_wood 1580923205017 360 224 touchmove 167 78 0.67138671875 0.67138671875 0 the 0
dont_forget_the_wood 1580923205034 360 224 touchmove 145 64 0.67138671875 0.67138671875 0 the 0
dont_forget_the_wood 1580923205050 360 224 touchmove 126 52 0.738525390625 0.738525390625 0 the 0
dont_forget_the_wood 1580923205067 360 224 touchmove 109 40 0.872802734375 0.872802734375 0 the 0
dont_forget_the_wood 1580923205084 360 224 touchmove 91 30 0.872802734375 0.872802734375 0 the 0
dont_forget_the_wood 1580923205100 360 224 touchmove 76 22 0.872802734375 0.872802734375 0 the 0
dont_forget_the_wood 1580923205117 360 224 touchmove 66 17 0.93994140625 0.93994140625 0 the 0
dont_forget_the_wood 1580923205133 360 224 touchmove 60 15 0.872802734375 0.872802734375 0 the 0
dont_forget_the_wood 1580923205150 360 224 touchmove 58 16 0.8056640625 0.8056640625 0 the 0
dont_forget_the_wood 1580923205165 360 224 touchmove 54 16 0.8056640625 0.8056640625 0 the 0
dont_forget_the_wood 1580923205167 360 224 touchend 54 16 0.8056640625 0.8056640625 0 the 0
dont_forget_the_wood 1580923206000 360 224 touchmove 291 37 0.469970703125 0.469970703125 0 wood 1
dont_forget_the_wood 1580923206020 360 224 touchmove 311 36 0.537109375 0.537109375 0 wood 1
dont_forget_the_wood 1580923206033 360 224 touchmove 317 36 0.537109375 0.537109375 0 wood 1
dont_forget_the_wood 1580923206049 360 224 touchmove 319 38 0.537109375 0.537109375 0 wood 1
dont_forget_the_wood 1580923206066 360 224 touchmove 319 39 0.604248046875 0.604248046875 0 wood 1
dont_forget_the_wood 1580923206083 360 224 touchmove 317 40 0.604248046875 0.604248046875 0 wood 1
dont_forget_the_wood 1580923206100 360 224 touchmove 313 42 0.604248046875 0.604248046875 0 wood 1
dont_forget_the_wood 1580923206117 360 224 touchmove 303 44 0.604248046875 0.604248046875 0 wood 1
dont_forget_the_wood 1580923206133 360 224 touchmove 278 48 0.67138671875 0.67138671875 0 wood 1
dont_forget_the_wood 1580923206149 360 224 touchmove 237 56 0.67138671875 0.67138671875 0 wood 1
dont_forget_the_wood 1580923206166 360 224 touchmove 187 59 0.67138671875 0.67138671875 0 wood 1
dont_forget_the_wood 1580923206183 360 224 touchmove 143 57 0.8056640625 0.8056640625 0 wood 1
dont_forget_the_wood 1580923206200 360 224 touchmove 108 56 0.872802734375 0.872802734375 0 wood 1
dont_forget_the_wood 1580923206216 360 224 touchmove 84 57 0.93994140625 0.93994140625 0 wood 1
dont_forget_the_wood 1580923206233 360 224 touchmove 70 59 1.07421875 1.07421875 0 wood 1
dont_forget_the_wood 1580923206250 360 224 touchmove 62 62 1.141357421875 1.141357421875 0 wood 1
dont_forget_the_wood 1580923206266 360 224 touchmove 58 63 1.141357421875 1.141357421875 0 wood 1
dont_forget_the_wood 1580923206284 360 224 touchmove 58 68 1.20849609375 1.20849609375 0 wood 1
dont_forget_the_wood 1580923206302 360 224 touchmove 63 80 1.07421875 1.07421875 0 wood 1
dont_forget_the_wood 1580923206316 360 224 touchmove 77 96 1.007080078125 1.007080078125 0 wood 1
dont_forget_the_wood 1580923206333 360 224 touchmove 101 113 0.872802734375 0.872802734375 0 wood 1
dont_forget_the_wood 1580923206350 360 224 touchmove 131 128 0.8056640625 0.8056640625 0 wood 1
dont_forget_the_wood 1580923206367 360 224 touchmove 161 142 0.738525390625 0.738525390625 0 wood 1
dont_forget_the_wood 1580923206383 360 224 touchmove 187 150 0.738525390625 0.738525390625 0 wood 1
dont_forget_the_wood 1580923206400 360 224 touchmove 208 151 0.738525390625 0.738525390625 0 wood 1
dont_forget_the_wood 1580923206416 360 224 touchmove 223 146 0.738525390625 0.738525390625 0 wood 1
dont_forget_the_wood 1580923206433 360 224 touchmove 235 135 0.67138671875 0.67138671875 0 wood 1
dont_forget_the_wood 1580923206450 360 224 touchmove 243 125 0.67138671875 0.67138671875 0 wood 1
dont_forget_the_wood 1580923206467 360 224 touchmove 250 114 0.67138671875 0.67138671875 0 wood 1
dont_forget_the_wood 1580923206483 360 224 touchmove 258 93 0.67138671875 0.67138671875 0 wood 1
dont_forget_the_wood 1580923206500 360 224 touchmove 267 74 0.604248046875 0.604248046875 0 wood 1
dont_forget_the_wood 1580923206517 360 224 touchmove 277 60 0.604248046875 0.604248046875 0 wood 1
dont_forget_the_wood 1580923206534 360 224 touchmove 290 48 0.67138671875 0.67138671875 0 wood 1
dont_forget_the_wood 1580923206549 360 224 touchmove 299 37 0.67138671875 0.67138671875 0 wood 1
dont_forget_the_wood 1580923206551 360 224 touchend 299 37 0.67138671875 0.67138671875 0 wood 1
dont_forget_the_wood 1580923207974 360 224 touchstart 49 43 0.872802734375 0.872802734375 0 wood 0
dont_forget_the_wood 1580923207983 360 224 touchmove 50 43 0.872802734375 0.872802734375 0 wood 0
dont_forget_the_wood 1580923208000 360 224 touchmove 53 44 0.93994140625 0.93994140625 0 wood 0
dont_forget_the_wood 1580923208016 360 224 touchmove 57 45 0.872802734375 0.872802734375 0 wood 0
dont_forget_the_wood 1580923208033 360 224 touchmove 83 49 0.8056640625 0.8056640625 0 wood 0
dont_forget_the_wood 1580923208049 360 224 touchmove 103 50 0.67138671875 0.67138671875 0 wood 0
dont_forget_the_wood 1580923208066 360 224 touchmove 125 52 0.67138671875 0.67138671875 0 wood 0
dont_forget_the_wood 1580923208082 360 224 touchmove 147 54 0.604248046875 0.604248046875 0 wood 0
dont_forget_the_wood 1580923208099 360 224 touchmove 169 59 0.537109375 0.537109375 0 wood 0
dont_forget_the_wood 1580923208116 360 224 touchmove 190 65 0.537109375 0.537109375 0 wood 0
dont_forget_the_wood 1580923208133 360 224 touchmove 208 70 0.537109375 0.537109375 0 wood 0
dont_forget_the_wood 1580923208150 360 224 touchmove 221 75 0.469970703125 0.469970703125 0 wood 0
dont_forget_the_wood 1580923208169 360 224 touchmove 232 78 0.537109375 0.537109375 0 wood 0
dont_forget_the_wood 1580923208183 360 224 touchmove 246 79 0.469970703125 0.469970703125 0 wood 0
dont_forget_the_wood 1580923208201 360 224 touchmove 260 78 0.537109375 0.537109375 0 wood 0
dont_forget_the_wood 1580923208216 360 224 touchmove 272 74 0.537109375 0.537109375 0 wood 0
dont_forget_the_wood 1580923208233 360 224 touchmove 285 70 0.537109375 0.537109375 0 wood 0
dont_forget_the_wood 1580923208249 360 224 touchmove 297 65 0.469970703125 0.469970703125 0 wood 0
dont_forget_the_wood 1580923208266 360 224 touchmove 308 60 0.537109375 0.537109375 0 wood 0
dont_forget_the_wood 1580923208285 360 224 touchmove 315 56 0.537109375 0.537109375 0 wood 0
dont_forget_the_wood 1580923208300 360 224 touchmove 319 53 0.537109375 0.537109375 0 wood 0
dont_forget_the_wood 1580923208316 360 224 touchmove 323 50 0.537109375 0.537109375 0 wood 0
dont_forget_the_wood 1580923208333 360 224 touchmove 326 46 0.537109375 0.537109375 0 wood 0
dont_forget_the_wood 1580923208350 360 224 touchmove 328 44 0.537109375 0.537109375 0 wood 0
dont_forget_the_wood 1580923208367 360 224 touchmove 328 42 0.537109375 0.537109375 0 wood 0
dont_forget_the_wood 1580923208383 360 224 touchmove 329 42 0.537109375 0.537109375 0 wood 0
dont_forget_the_wood 1580923208400 360 224 touchmove 329 41 0.537109375 0.537109375 0 wood 0
dont_forget_the_wood 1580923208416 360 224 touchmove 328 41 0.537109375 0.537109375 0 wood 0
dont_forget_the_wood 1580923208433 360 224 touchmove 326 40 0.537109375 0.537109375 0 wood 0
dont_forget_the_wood 1580923208449 360 224 touchmove 323 38 0.604248046875 0.604248046875 0 wood 0
dont_forget_the_wood 1580923208466 360 224 touchmove 317 35 0.604248046875 0.604248046875 0 wood 0
dont_forget_the_wood 1580923208483 360 224 touchmove 306 31 0.604248046875 0.604248046875 0 wood 0
dont_forget_the_wood 1580923208499 360 224 touchmove 289 26 0.604248046875 0.604248046875 0 wood 0
dont_forget_the_wood 1580923208516 360 224 touchmove 263 22 0.604248046875 0.604248046875 0 wood 0
dont_forget_the_wood 1580923208533 360 224 touchmove 239 21 0.604248046875 0.604248046875 0 wood 0
dont_forget_the_wood 1580923208549 360 224 touchmove 217 22 0.67138671875 0.67138671875 0 wood 0
dont_forget_the_wood 1580923208566 360 224 touchmove 201 23 0.738525390625 0.738525390625 0 wood 0
dont_forget_the_wood 1580923208583 360 224 touchmove 187 24 0.738525390625 0.738525390625 0 wood 0
dont_forget_the_wood 1580923208600 360 224 touchmove 174 25 0.738525390625 0.738525390625 0 wood 0
dont_forget_the_wood 1580923208616 360 224 touchmove 160 27 0.872802734375 0.872802734375 0 wood 0
dont_forget_the_wood 1580923208633 360 224 touchmove 145 28 0.8056640625 0.8056640625 0 wood 0
dont_forget_the_wood 1580923208649 360 224 touchmove 131 29 0.8056640625 0.8056640625 0 wood 0
dont_forget_the_wood 1580923208667 360 224 touchmove 119 29 0.8056640625 0.8056640625 0 wood 0
dont_forget_the_wood 1580923208684 360 224 touchmove 110 29 0.872802734375 0.872802734375 0 wood 0
dont_forget_the_wood 1580923208699 360 224 touchmove 103 29 0.872802734375 0.872802734375 0 wood 0
dont_forget_the_wood 1580923208716 360 224 touchmove 98 30 0.872802734375 0.872802734375 0 wood 0
dont_forget_the_wood 1580923208733 360 224 touchmove 97 30 0.872802734375 0.872802734375 0 wood 0
dont_forget_the_wood 1580923208749 360 224 touchmove 95 31 0.93994140625 0.93994140625 0 wood 0
dont_forget_the_wood 1580923208766 360 224 touchmove 94 31 0.872802734375 0.872802734375 0 wood 0
dont_forget_the_wood 1580923208783 360 224 touchmove 93 33 0.8056640625 0.8056640625 0 wood 0
dont_forget_the_wood 1580923208800 360 224 touchmove 92 37 0.872802734375 0.872802734375 0 wood 0
dont_forget_the_wood 1580923208816 360 224 touchmove 90 47 0.8056640625 0.8056640625 0 wood 0
dont_forget_the_wood 1580923208832 360 224 touchmove 91 60 0.8056640625 0.8056640625 0 wood 0
dont_forget_the_wood 1580923208849 360 224 touchmove 91 73 0.738525390625 0.738525390625 0 wood 0
dont_forget_the_wood 1580923208866 360 224 touchmove 96 86 0.738525390625 0.738525390625 0 wood 0
dont_forget_the_wood 1580923208880 360 224 touchmove 98 91 0.872802734375 0.872802734375 0 wood 0
dont_forget_the_wood 1580923208882 360 224 touchend 98 91 0.872802734375 0.872802734375 0 wood 0
i_am_at_the_lake 1580923218018 360 224 touchstart 268 37 0.604248046875 0.604248046875 0 i 0
i_am_at_the_lake 1580923218049 360 224 touchmove 268 37 0.738525390625 0.738525390625 0 i 0
i_am_at_the_lake 1580923218081 360 224 touchmove 268 37 0.67138671875 0.67138671875 0 i 0
i_am_at_the_lake 1580923218093 360 224 touchmove 267 39 0.67138671875 0.67138671875 0 i 0
i_am_at_the_lake 1580923218096 360 224 touchend 267 39 0.67138671875 0.67138671875 0 i 0
i_am_at_the_lake 1580923220004 360 224 touchstart 31 89 0.872802734375 0.872802734375 0 am 0
i_am_at_the_lake 1580923220030 360 224 touchmove 32 89 0.93994140625 0.93994140625 0 am 0
i_am_at_the_lake 1580923220047 360 224 touchmove 33 90 0.93994140625 0.93994140625 0 am 0
i_am_at_the_lake 1580923220063 360 224 touchmove 46 97 0.872802734375 0.872802734375 0 am 0
i_am_at_the_lake 1580923220079 360 224 touchmove 68 103 0.8056640625 0.8056640625 0 am 0
i_am_at_the_lake 1580923220096 360 224 touchmove 92 106 0.738525390625 0.738525390625 0 am 0
i_am_at_the_lake 1580923220113 360 224 touchmove 120 109 0.67138671875 0.67138671875 0 am 0
i_am_at_the_lake 1580923220131 360 224 touchmove 153 113 0.67138671875 0.67138671875 0 am 0
i_am_at_the_lake 1580923220147 360 224 touchmove 188 120 0.537109375 0.537109375 0 am 0
i_am_at_the_lake 1580923220163 360 224 touchmove 220 128 0.537109375 0.537109375 0 am 0
i_am_at_the_lake 1580923220181 360 224 touchmove 245 134 0.537109375 0.537109375 0 am 0
i_am_at_the_lake 1580923220197 360 224 touchmove 264 138 0.537109375 0.537109375 0 am 0
i_am_at_the_lake 1580923220214 360 224 touchmove 279 139 0.604248046875 0.604248046875 0 am 0
i_am_at_the_lake 1580923220230 360 224 touchmove 291 139 0.537109375 0.537109375 0 am 0
i_am_at_the_lake 1580923220247 360 224 touchmove 298 138 0.537109375 0.537109375 0 am 0
i_am_at_the_lake 1580923220263 360 224 touchmove 304 138 0.537109375 0.537109375 0 am 0
i_am_at_the_lake 1580923220280 360 224 touchmove 308 138 0.537109375 0.537109375 0 am 0
i_am_at_the_lake 1580923220297 360 224 touchmove 314 138 0.537109375 0.537109375 0 am 0
i_am_at_the_lake 1580923220310 360 224 touchmove 318 137 0.537109375 0.537109375 0 am 0
i_am_at_the_lake 1580923220314 360 224 touchend 318 137 0.537109375 0.537109375 0 am 0
i_am_at_the_lake 1580923220004 360 224 touchstart 31 89 0.872802734375 0.872802734375 0 am 0 0
i_am_at_the_lake 1580923220030 360 224 touchmove 32 89 0.93994140625 0.93994140625 0 am 0 0
i_am_at_the_lake 1580923220047 360 224 touchmove 33 90 0.93994140625 0.93994140625 0 am 0 0
i_am_at_the_lake 1580923220063 360 224 touchmove 46 97 0.872802734375 0.872802734375 0 am 0 0
i_am_at_the_lake 1580923220079 360 224 touchmove 68 103 0.8056640625 0.8056640625 0 am 0 0
i_am_at_the_lake 1580923220096 360 224 touchmove 92 106 0.738525390625 0.738525390625 0 am 0 0
i_am_at_the_lake 1580923220113 360 224 touchmove 120 109 0.67138671875 0.67138671875 0 am 0 0
i_am_at_the_lake 1580923220131 360 224 touchmove 153 113 0.67138671875 0.67138671875 0 am 0 0
i_am_at_the_lake 1580923220147 360 224 touchmove 188 120 0.537109375 0.537109375 0 am 0 0
i_am_at_the_lake 1580923220163 360 224 touchmove 220 128 0.537109375 0.537109375 0 am 0 0
i_am_at_the_lake 1580923220181 360 224 touchmove 245 134 0.537109375 0.537109375 0 am 0 0
i_am_at_the_lake 1580923220197 360 224 touchmove 264 138 0.537109375 0.537109375 0 am 0 0
i_am_at_the_lake 1580923220214 360 224 touchmove 279 139 0.604248046875 0.604248046875 0 am 0 0
i_am_at_the_lake 1580923220230 360 224 touchmove 291 139 0.537109375 0.537109375 0 am 0 0
i_am_at_the_lake 1580923220247 360 224 touchmove 298 138 0.537109375 0.537109375 0 am 0 0
i_am_at_the_lake 1580923220263 360 224 touchmove 304 138 0.537109375 0.537109375 0 am 0 0
i_am_at_the_lake 1580923220280 360 224 touchmove 308 138 0.537109375 0.537109375 0 am 0 0
i_am_at_the_lake 1580923220297 360 224 touchmove 314 138 0.537109375 0.537109375 0 am 0 0
i_am_at_the_lake 1580923220310 360 224 touchmove 318 137 0.537109375 0.537109375 0 am 0 0
i_am_at_the_lake 1580923220314 360 224 touchend 318 137 0.537109375 0.537109375 0 am 0 0
i_am_at_the_lake 1580923220732 360 224 touchstart 27 81 0.67138671875 0.67138671875 0 at 0
i_am_at_the_lake 1580923220748 360 224 touchmove 28 81 0.8056640625 0.8056640625 0 at 0
i_am_at_the_lake 1580923220764 360 224 touchmove 35 81 0.872802734375 0.872802734375 0 at 0
i_am_at_the_lake 1580923220780 360 224 touchmove 40 81 0.93994140625 0.93994140625 0 at 0
i_am_at_the_lake 1580923220796 360 224 touchmove 44 81 0.93994140625 0.93994140625 0 at 0
i_am_at_the_lake 1580923220813 360 224 touchmove 45 82 0.93994140625 0.93994140625 0 at 0
i_am_at_the_lake 1580923220831 360 224 touchmove 48 83 0.8056640625 0.8056640625 0 at 0
i_am_at_the_lake 1580923220846 360 224 touchmove 57 81 0.738525390625 0.738525390625 0 at 0
i_am_at_the_lake 1580923220863 360 224 touchmove 75 75 0.8056640625 0.8056640625 0 at 0
i_am_at_the_lake 1580923220880 360 224 touchmove 97 64 0.67138671875 0.67138671875 0 at 0
i_am_at_the_lake 1580923220896 360 224 touchmove 121 51 0.67138671875 0.67138671875 0 at 0
i_am_at_the_lake 1580923220913 360 224 touchmove 137 40 0.67138671875 0.67138671875 0 at 0
i_am_at_the_lake 1580923220930 360 224 touchmove 149 29 0.67138671875 0.67138671875 0 at 0
i_am_at_the_lake 1580923220946 360 224 touchmove 164 18 0.67138671875 0.67138671875 0 at 0
i_am_at_the_lake 1580923220963 360 224 touchmove 177 10 0.67138671875 0.67138671875 0 at 0
i_am_at_the_lake 1580923220980 360 224 touchmove 184 5 0.67138671875 0.67138671875 0 at 0
i_am_at_the_lake 1580923220996 360 224 touchmove 188 2 0.67138671875 0.67138671875 0 at 0
i_am_at_the_lake 1580923221013 360 224 touchmove 189 1 0.67138671875 0.67138671875 0 at 0
i_am_at_the_lake 1580923221027 360 224 touchend 189 1 0.67138671875 0.67138671875 0 at 0
i_am_at_the_lake 1580923221761 360 224 touchstart 165 22 0.8056640625 0.8056640625 0 the 0
i_am_at_the_lake 1580923221781 360 224 touchmove 165 22 0.738525390625 0.738525390625 0 the 0
i_am_at_the_lake 1580923221797 360 224 touchmove 167 22 0.67138671875 0.67138671875 0 the 0
i_am_at_the_lake 1580923221813 360 224 touchmove 181 24 0.604248046875 0.604248046875 0 the 0
i_am_at_the_lake 1580923221830 360 224 touchmove 199 29 0.604248046875 0.604248046875 0 the 0
i_am_at_the_lake 1580923221847 360 224 touchmove 219 34 0.537109375 0.537109375 0 the 0
i_am_at_the_lake 1580923221863 360 224 touchmove 234 40 0.537109375 0.537109375 0 the 0
i_am_at_the_lake 1580923221879 360 224 touchmove 243 46 0.537109375 0.537109375 0 the 0
i_am_at_the_lake 1580923221896 360 224 touchmove 249 53 0.537109375 0.537109375 0 the 0
i_am_at_the_lake 1580923221913 360 224 touchmove 251 61 0.537109375 0.537109375 0 the 0
i_am_at_the_lake 1580923221931 360 224 touchmove 251 72 0.537109375 0.537109375 0 the 0
i_am_at_the_lake 1580923221946 360 224 touchmove 249 84 0.604248046875 0.604248046875 0 the 0
i_am_at_the_lake 1580923221963 360 224 touchmove 246 94 0.604248046875 0.604248046875 0 the 0
i_am_at_the_lake 1580923221980 360 224 touchmove 244 101 0.604248046875 0.604248046875 0 the 0
i_am_at_the_lake 1580923222001 360 224 touchmove 240 107 0.604248046875 0.604248046875 0 the 0
i_am_at_the_lake 1580923222013 360 224 touchmove 234 110 0.604248046875 0.604248046875 0 the 0
i_am_at_the_lake 1580923222030 360 224 touchmove 220 110 0.67138671875 0.67138671875 0 the 0
i_am_at_the_lake 1580923222047 360 224 touchmove 198 104 0.67138671875 0.67138671875 0 the 0
i_am_at_the_lake 1580923222068 360 224 touchmove 151 83 0.738525390625 0.738525390625 0 the 0
i_am_at_the_lake 1580923222080 360 224 touchmove 132 72 0.8056640625 0.8056640625 0 the 0
i_am_at_the_lake 1580923222095 360 224 touchmove 96 49 0.8056640625 0.8056640625 0 the 0
i_am_at_the_lake 1580923222112 360 224 touchmove 78 33 0.93994140625 0.93994140625 0 the 0
i_am_at_the_lake 1580923222129 360 224 touchmove 67 19 0.8056640625 0.8056640625 0 the 0
i_am_at_the_lake 1580923222147 360 224 touchmove 60 10 0.872802734375 0.872802734375 0 the 0
i_am_at_the_lake 1580923222162 360 224 touchmove 56 3 0.8056640625 0.8056640625 0 the 0
i_am_at_the_lake 1580923222180 360 224 touchmove 55 -1 0.93994140625 0.93994140625 0 the 0
i_am_at_the_lake 1580923222188 360 224 touchend 55 -1 0.93994140625 0.93994140625 0 the 0
i_am_at_the_lake 1580923223833 360 224 touchstart 323 88 0.469970703125 0.469970703125 0 lake 1
i_am_at_the_lake 1580923223851 360 224 touchmove 323 88 0.537109375 0.537109375 0 lake 1
i_am_at_the_lake 1580923223863 360 224 touchmove 323 88 0.537109375 0.537109375 0 lake 1
i_am_at_the_lake 1580923223878 360 224 touchmove 324 88 0.537109375 0.537109375 0 lake 1
i_am_at_the_lake 1580923223895 360 224 touchmove 336 86 0.604248046875 0.604248046875 0 lake 1
i_am_at_the_lake 1580923223942 360 224 touchend 336 86 0.604248046875 0.604248046875 0 lake 1
i_am_at_the_lake 1580923223833 360 224 touchstart 323 88 0.469970703125 0.469970703125 0 lake 1 1
i_am_at_the_lake 1580923223851 360 224 touchmove 323 88 0.537109375 0.537109375 0 lake 1 1
i_am_at_the_lake 1580923223863 360 224 touchmove 323 88 0.537109375 0.537109375 0 lake 1 1
i_am_at_the_lake 1580923223878 360 224 touchmove 324 88 0.537109375 0.537109375 0 lake 1 1
i_am_at_the_lake 1580923223895 360 224 touchmove 336 86 0.604248046875 0.604248046875 0 lake 1 1
i_am_at_the_lake 1580923223942 360 224 touchend 336 86 0.604248046875 0.604248046875 0 lake 1 1
i_am_at_the_lake 1580923224047 360 224 touchstart 7 89 0.738525390625 0.738525390625 0 lake 1
i_am_at_the_lake 1580923224063 360 224 touchmove 7 90 0.738525390625 0.738525390625 0 lake 1
i_am_at_the_lake 1580923224078 360 224 touchmove 7 93 0.67138671875 0.67138671875 0 lake 1
i_am_at_the_lake 1580923224096 360 224 touchmove 7 98 0.67138671875 0.67138671875 0 lake 1
i_am_at_the_lake 1580923224112 360 224 touchmove 7 101 0.738525390625 0.738525390625 0 lake 1
i_am_at_the_lake 1580923224128 360 224 touchmove 7 103 0.738525390625 0.738525390625 0 lake 1
i_am_at_the_lake 1580923224145 360 224 touchmove 7 104 0.8056640625 0.8056640625 0 lake 1
i_am_at_the_lake 1580923224161 360 224 touchmove 7 105 0.738525390625 0.738525390625 0 lake 1
i_am_at_the_lake 1580923224196 360 224 touchmove 7 105 0.8056640625 0.8056640625 0 lake 1
i_am_at_the_lake 1580923224212 360 224 touchmove 8 104 0.738525390625 0.738525390625 0 lake 1
i_am_at_the_lake 1580923224262 360 224 touchend 8 104 0.738525390625 0.738525390625 0 lake 1
i_am_at_the_lake 1580923224369 360 224 touchstart 317 111 0.469970703125 0.469970703125 0 lake 1
i_am_at_the_lake 1580923224395 360 224 touchmove 319 111 0.469970703125 0.469970703125 0 lake 1
i_am_at_the_lake 1580923224411 360 224 touchmove 320 110 0.469970703125 0.469970703125 0 lake 1
i_am_at_the_lake 1580923224428 360 224 touchmove 322 107 0.537109375 0.537109375 0 lake 1
i_am_at_the_lake 1580923224445 360 224 touchmove 324 104 0.537109375 0.537109375 0 lake 1
i_am_at_the_lake 1580923224461 360 224 touchmove 324 102 0.537109375 0.537109375 0 lake 1
i_am_at_the_lake 1580923224478 360 224 touchmove 324 99 0.537109375 0.537109375 0 lake 1
i_am_at_the_lake 1580923224516 360 224 touchend 324 99 0.537109375 0.537109375 0 lake 1
i_am_at_the_lake 1580923224673 360 224 touchend 40 13 0.604248046875 0.604248046875 0 lake 1
i_am_at_the_lake 1580923226003 360 224 touchstart 323 86 0.40283203125 0.40283203125 0 lake 1
i_am_at_the_lake 1580923226013 360 224 touchmove 324 86 0.469970703125 0.469970703125 0 lake 1
i_am_at_the_lake 1580923226030 360 224 touchmove 324 86 0.469970703125 0.469970703125 0 lake 1
i_am_at_the_lake 1580923226045 360 224 touchmove 324 87 0.469970703125 0.469970703125 0 lake 1
i_am_at_the_lake 1580923226062 360 224 touchmove 324 88 0.469970703125 0.469970703125 0 lake 1
i_am_at_the_lake 1580923226078 360 224 touchmove 324 88 0.537109375 0.537109375 0 lake 1
i_am_at_the_lake 1580923226094 360 224 touchmove 323 90 0.537109375 0.537109375 0 lake 1
i_am_at_the_lake 1580923226112 360 224 touchmove 321 91 0.537109375 0.537109375 0 lake 1
i_am_at_the_lake 1580923226128 360 224 touchmove 318 94 0.604248046875 0.604248046875 0 lake 1
i_am_at_the_lake 1580923226144 360 224 touchmove 313 98 0.604248046875 0.604248046875 0 lake 1
i_am_at_the_lake 1580923226161 360 224 touchmove 308 101 0.604248046875 0.604248046875 0 lake 1
i_am_at_the_lake 1580923226179 360 224 touchmove 304 104 0.67138671875 0.67138671875 0 lake 1
i_am_at_the_lake 1580923226194 360 224 touchmove 299 106 0.604248046875 0.604248046875 0 lake 1
i_am_at_the_lake 1580923226211 360 224 touchmove 293 107 0.604248046875 0.604248046875 0 lake 1
i_am_at_the_lake 1580923226228 360 224 touchmove 286 108 0.604248046875 0.604248046875 0 lake 1
i_am_at_the_lake 1580923226245 360 224 touchmove 278 109 0.67138671875 0.67138671875 0 lake 1
i_am_at_the_lake 1580923226263 360 224 touchmove 268 109 0.67138671875 0.67138671875 0 lake 1
i_am_at_the_lake 1580923226278 360 224 touchmove 257 108 0.67138671875 0.67138671875 0 lake 1
i_am_at_the_lake 1580923226294 360 224 touchmove 245 107 0.67138671875 0.67138671875 0 lake 1
i_am_at_the_lake 1580923226311 360 224 touchmove 233 105 0.67138671875 0.67138671875 0 lake 1
i_am_at_the_lake 1580923226328 360 224 touchmove 221 103 0.67138671875 0.67138671875 0 lake 1
i_am_at_the_lake 1580923226344 360 224 touchmove 208 101 0.67138671875 0.67138671875 0 lake 1
i_am_at_the_lake 1580923226361 360 224 touchmove 193 99 0.67138671875 0.67138671875 0 lake 1
i_am_at_the_lake 1580923226377 360 224 touchmove 178 96 0.67138671875 0.67138671875 0 lake 1
i_am_at_the_lake 1580923226394 360 224 touchmove 162 92 0.67138671875 0.67138671875 0 lake 1
i_am_at_the_lake 1580923226410 360 224 touchmove 146 89 0.67138671875 0.67138671875 0 lake 1
i_am_at_the_lake 1580923226427 360 224 touchmove 128 86 0.738525390625 0.738525390625 0 lake 1
i_am_at_the_lake 1580923226445 360 224 touchmove 114 83 0.738525390625 0.738525390625 0 lake 1
i_am_at_the_lake 1580923226461 360 224 touchmove 99 81 0.67138671875 0.67138671875 0 lake 1
i_am_at_the_lake 1580923226478 360 224 touchmove 85 79 0.738525390625 0.738525390625 0 lake 1
i_am_at_the_lake 1580923226495 360 224 touchmove 73 78 0.738525390625 0.738525390625 0 lake 1
i_am_at_the_lake 1580923226511 360 224 touchmove 61 78 0.67138671875 0.67138671875 0 lake 1
i_am_at_the_lake 1580923226528 360 224 touchmove 52 79 0.738525390625 0.738525390625 0 lake 1
i_am_at_the_lake 1580923226545 360 224 touchmove 45 79 0.67138671875 0.67138671875 0 lake 1
i_am_at_the_lake 1580923226561 360 224 touchmove 41 80 0.738525390625 0.738525390625 0 lake 1
i_am_at_the_lake 1580923226578 360 224 touchmove 39 81 0.738525390625 0.738525390625 0 lake 1
i_am_at_the_lake 1580923226595 360 224 touchmove 36 81 0.738525390625 0.738525390625 0 lake 1
i_am_at_the_lake 1580923226612 360 224 touchmove 34 82 0.738525390625 0.738525390625 0 lake 1
i_am_at_the_lake 1580923226628 360 224 touchmove 32 82 0.738525390625 0.738525390625 0 lake 1
i_am_at_the_lake 1580923226645 360 224 touchmove 31 82 0.8056640625 0.8056640625 0 lake 1
i_am_at_the_lake 1580923226665 360 224 touchmove 30 83 0.8056640625 0.8056640625 0 lake 1
i_am_at_the_lake 1580923226678 360 224 touchmove 31 85 0.8056640625 0.8056640625 0 lake 1
i_am_at_the_lake 1580923226694 360 224 touchmove 36 89 0.8056640625 0.8056640625 0 lake 1
i_am_at_the_lake 1580923226711 360 224 touchmove 50 93 0.738525390625 0.738525390625 0 lake 1
i_am_at_the_lake 1580923226728 360 224 touchmove 76 95 0.67138671875 0.67138671875 0 lake 1
i_am_at_the_lake 1580923226744 360 224 touchmove 117 91 0.67138671875 0.67138671875 0 lake 1
i_am_at_the_lake 1580923226762 360 224 touchmove 147 88 0.604248046875 0.604248046875 0 lake 1
i_am_at_the_lake 1580923226778 360 224 touchmove 175 86 0.604248046875 0.604248046875 0 lake 1
i_am_at_the_lake 1580923226794 360 224 touchmove 200 88 0.604248046875 0.604248046875 0 lake 1
i_am_at_the_lake 1580923226811 360 224 touchmove 223 91 0.537109375 0.537109375 0 lake 1
i_am_at_the_lake 1580923226828 360 224 touchmove 242 94 0.537109375 0.537109375 0 lake 1
i_am_at_the_lake 1580923226845 360 224 touchmove 253 95 0.604248046875 0.604248046875 0 lake 1
i_am_at_the_lake 1580923226862 360 224 touchmove 263 96 0.537109375 0.537109375 0 lake 1
i_am_at_the_lake 1580923226878 360 224 touchmove 272 98 0.537109375 0.537109375 0 lake 1
i_am_at_the_lake 1580923226894 360 224 touchmove 279 98 0.537109375 0.537109375 0 lake 1
i_am_at_the_lake 1580923226911 360 224 touchmove 285 99 0.537109375 0.537109375 0 lake 1
i_am_at_the_lake 1580923226928 360 224 touchmove 290 100 0.469970703125 0.469970703125 0 lake 1
i_am_at_the_lake 1580923226977 360 224 touchmove 295 101 0.469970703125 0.469970703125 0 lake 1
i_am_at_the_lake 1580923226994 360 224 touchmove 308 102 0.469970703125 0.469970703125 0 lake 1
i_am_at_the_lake 1580923227011 360 224 touchmove 312 103 0.469970703125 0.469970703125 0 lake 1
i_am_at_the_lake 1580923227027 360 224 touchmove 315 103 0.40283203125 0.40283203125 0 lake 1
i_am_at_the_lake 1580923227044 360 224 touchmove 318 103 0.335693359375 0.335693359375 0 lake 1
i_am_at_the_lake 1580923227061 360 224 touchmove 322 103 0.335693359375 0.335693359375 0 lake 1
i_am_at_the_lake 1580923227077 360 224 touchmove 325 103 0.2685546875 0.2685546875 0 lake 1
i_am_at_the_lake 1580923227094 360 224 touchmove 327 103 0.2685546875 0.2685546875 0 lake 1
i_am_at_the_lake 1580923227110 360 224 touchmove 327 102 0.335693359375 0.335693359375 0 lake 1
i_am_at_the_lake 1580923227123 360 224 touchend 327 102 0.335693359375 0.335693359375 0 lake 1
i_am_at_the_lake 1580923228033 360 224 touchmove 323 97 0.537109375 0.537109375 0 lake 0
i_am_at_the_lake 1580923228045 360 224 touchmove 323 97 0.469970703125 0.469970703125 0 lake 0
i_am_at_the_lake 1580923228060 360 224 touchmove 322 98 0.537109375 0.537109375 0 lake 0
i_am_at_the_lake 1580923228077 360 224 touchmove 316 98 0.537109375 0.537109375 0 lake 0
i_am_at_the_lake 1580923228094 360 224 touchmove 305 99 0.537109375 0.537109375 0 lake 0
i_am_at_the_lake 1580923228111 360 224 touchmove 294 99 0.604248046875 0.604248046875 0 lake 0
i_am_at_the_lake 1580923228127 360 224 touchmove 281 100 0.604248046875 0.604248046875 0 lake 0
i_am_at_the_lake 1580923228144 360 224 touchmove 271 100 0.67138671875 0.67138671875 0 lake 0
i_am_at_the_lake 1580923228160 360 224 touchmove 260 101 0.67138671875 0.67138671875 0 lake 0
i_am_at_the_lake 1580923228177 360 224 touchmove 252 101 0.738525390625 0.738525390625 0 lake 0
i_am_at_the_lake 1580923228194 360 224 touchmove 245 100 0.67138671875 0.67138671875 0 lake 0
i_am_at_the_lake 1580923228211 360 224 touchmove 236 100 0.67138671875 0.67138671875 0 lake 0
i_am_at_the_lake 1580923228228 360 224 touchmove 227 99 0.67138671875 0.67138671875 0 lake 0
i_am_at_the_lake 1580923228244 360 224 touchmove 217 98 0.67138671875 0.67138671875 0 lake 0
i_am_at_the_lake 1580923228261 360 224 touchmove 206 96 0.67138671875 0.67138671875 0 lake 0
i_am_at_the_lake 1580923228277 360 224 touchmove 192 95 0.67138671875 0.67138671875 0 lake 0
i_am_at_the_lake 1580923228294 360 224 touchmove 177 94 0.67138671875 0.67138671875 0 lake 0
i_am_at_the_lake 1580923228311 360 224 touchmove 160 93 0.67138671875 0.67138671875 0 lake 0
i_am_at_the_lake 1580923228329 360 224 touchmove 142 93 0.738525390625 0.738525390625 0 lake 0
i_am_at_the_lake 1580923228345 360 224 touchmove 125 92 0.738525390625 0.738525390625 0 lake 0
i_am_at_the_lake 1580923228361 360 224 touchmove 108 92 0.738525390625 0.738525390625 0 lake 0
i_am_at_the_lake 1580923228377 360 224 touchmove 92 91 0.738525390625 0.738525390625 0 lake 0
i_am_at_the_lake 1580923228394 360 224 touchmove 77 91 0.738525390625 0.738525390625 0 lake 0
i_am_at_the_lake 1580923228411 360 224 touchmove 65 90 0.738525390625 0.738525390625 0 lake 0
i_am_at_the_lake 1580923228428 360 224 touchmove 56 90 0.8056640625 0.8056640625 0 lake 0
i_am_at_the_lake 1580923228444 360 224 touchmove 50 90 0.8056640625 0.8056640625 0 lake 0
i_am_at_the_lake 1580923228461 360 224 touchmove 45 90 0.8056640625 0.8056640625 0 lake 0
i_am_at_the_lake 1580923228477 360 224 touchmove 41 90 0.8056640625 0.8056640625 0 lake 0
i_am_at_the_lake 1580923228494 360 224 touchmove 38 90 0.8056640625 0.8056640625 0 lake 0
i_am_at_the_lake 1580923228511 360 224 touchmove 37 90 0.8056640625 0.8056640625 0 lake 0
i_am_at_the_lake 1580923228527 360 224 touchmove 36 91 0.872802734375 0.872802734375 0 lake 0
i_am_at_the_lake 1580923228544 360 224 touchmove 35 92 0.8056640625 0.8056640625 0 lake 0
i_am_at_the_lake 1580923228561 360 224 touchmove 36 93 0.8056640625 0.8056640625 0 lake 0
i_am_at_the_lake 1580923228577 360 224 touchmove 50 96 0.67138671875 0.67138671875 0 lake 0
i_am_at_the_lake 1580923228594 360 224 touchmove 87 98 0.604248046875 0.604248046875 0 lake 0
i_am_at_the_lake 1580923228611 360 224 touchmove 144 96 0.604248046875 0.604248046875 0 lake 0
i_am_at_the_lake 1580923228628 360 224 touchmove 181 95 0.604248046875 0.604248046875 0 lake 0
i_am_at_the_lake 1580923228644 360 224 touchmove 213 96 0.604248046875 0.604248046875 0 lake 0
i_am_at_the_lake 1580923228660 360 224 touchmove 245 100 0.469970703125 0.469970703125 0 lake 0
i_am_at_the_lake 1580923228678 360 224 touchmove 269 106 0.469970703125 0.469970703125 0 lake 0
i_am_at_the_lake 1580923228694 360 224 touchmove 281 109 0.469970703125 0.469970703125 0 lake 0
i_am_at_the_lake 1580923228710 360 224 touchmove 288 110 0.40283203125 0.40283203125 0 lake 0
i_am_at_the_lake 1580923228727 360 224 touchmove 293 111 0.469970703125 0.469970703125 0 lake 0
i_am_at_the_lake 1580923228744 360 224 touchmove 297 111 0.469970703125 0.469970703125 0 lake 0
i_am_at_the_lake 1580923228761 360 224 touchmove 300 109 0.469970703125 0.469970703125 0 lake 0
i_am_at_the_lake 1580923228777 360 224 touchmove 302 108 0.469970703125 0.469970703125 0 lake 0
i_am_at_the_lake 1580923228794 360 224 touchmove 304 107 0.469970703125 0.469970703125 0 lake 0
i_am_at_the_lake 1580923228811 360 224 touchmove 305 106 0.537109375 0.537109375 0 lake 0
i_am_at_the_lake 1580923228827 360 224 touchmove 305 105 0.537109375 0.537109375 0 lake 0
i_am_at_the_lake 1580923228844 360 224 touchmove 305 105 0.537109375 0.537109375 0 lake 0
i_am_at_the_lake 1580923228863 360 224 touchmove 304 104 0.604248046875 0.604248046875 0 lake 0
i_am_at_the_lake 1580923228878 360 224 touchmove 300 104 0.537109375 0.537109375 0 lake 0
i_am_at_the_lake 1580923228895 360 224 touchmove 296 104 0.537109375 0.537109375 0 lake 0
i_am_at_the_lake 1580923228911 360 224 touchmove 282 102 0.604248046875 0.604248046875 0 lake 0
i_am_at_the_lake 1580923228927 360 224 touchmove 245 95 0.604248046875 0.604248046875 0 lake 0
i_am_at_the_lake 1580923228944 360 224 touchmove 209 80 0.67138671875 0.67138671875 0 lake 0
i_am_at_the_lake 1580923228960 360 224 touchmove 187 68 0.67138671875 0.67138671875 0 lake 0
i_am_at_the_lake 1580923228977 360 224 touchmove 164 58 0.67138671875 0.67138671875 0 lake 0
i_am_at_the_lake 1580923228993 360 224 touchmove 141 49 0.67138671875 0.67138671875 0 lake 0
i_am_at_the_lake 1580923229010 360 224 touchmove 118 43 0.738525390625 0.738525390625 0 lake 0
i_am_at_the_lake 1580923229027 360 224 touchmove 106 39 0.738525390625 0.738525390625 0 lake 0
i_am_at_the_lake 1580923229043 360 224 touchmove 92 34 0.738525390625 0.738525390625 0 lake 0
i_am_at_the_lake 1580923229060 360 224 touchmove 84 30 0.738525390625 0.738525390625 0 lake 0
i_am_at_the_lake 1580923229078 360 224 touchmove 79 26 0.738525390625 0.738525390625 0 lake 0
i_am_at_the_lake 1580923229094 360 224 touchmove 76 22 0.738525390625 0.738525390625 0 lake 0
i_am_at_the_lake 1580923229110 360 224 touchmove 72 19 0.738525390625 0.738525390625 0 lake 0
i_am_at_the_lake 1580923229127 360 224 touchmove 68 16 0.738525390625 0.738525390625 0 lake 0
i_am_at_the_lake 1580923229144 360 224 touchmove 64 16 0.872802734375 0.872802734375 0 lake 0
i_am_at_the_lake 1580923229157 360 224 touchend 64 16 0.872802734375 0.872802734375 0 lake 0
