sentence timestamp keyb_width keyb_height event x_pos y_pos x_radius y_radius angle word is_err
specialty_collective_buffalo_particular 1579701879846 360 232 touchstart 65 90 0.5 0.5 0 specialty 0
specialty_collective_buffalo_particular 1579701879922 360 232 touchmove 73 91 1.25 1.25 0 specialty 0
specialty_collective_buffalo_particular 1579701879939 360 232 touchmove 95 92 2 2 0 specialty 0
specialty_collective_buffalo_particular 1579701879957 360 232 touchmove 129 93 2 2 0 specialty 0
specialty_collective_buffalo_particular 1579701879972 360 232 touchmove 167 92 1.25 1.25 0 specialty 0
specialty_collective_buffalo_particular 1579701879988 360 232 touchmove 186 89 1.75 1.75 0 specialty 0
specialty_collective_buffalo_particular 1579701880005 360 232 touchmove 232 83 1.5 1.5 0 specialty 0
specialty_collective_buffalo_particular 1579701880022 360 232 touchmove 257 78 1.5 1.5 0 specialty 0
specialty_collective_buffalo_particular 1579701880039 360 232 touchmove 279 73 2 2 0 specialty 0
specialty_collective_buffalo_particular 1579701880054 360 232 touchmove 288 69 2 2 0 specialty 0
specialty_collective_buffalo_particular 1579701880071 360 232 touchmove 308 57 1.5 1.5 0 specialty 0
specialty_collective_buffalo_particular 1579701880087 360 232 touchmove 316 52 1 1 0 specialty 0
specialty_collective_buffalo_particular 1579701880103 360 232 touchmove 319 49 2.25 2.25 0 specialty 0
specialty_collective_buffalo_particular 1579701880120 360 232 touchmove 324 43 2.25 2.25 0 specialty 0
specialty_collective_buffalo_particular 1579701880137 360 232 touchmove 330 36 0.5 0.5 0 specialty 0
specialty_collective_buffalo_particular 1579701880154 360 232 touchmove 335 30 1.5 1.5 0 specialty 0
specialty_collective_buffalo_particular 1579701880170 360 232 touchmove 336 27 1.25 1.25 0 specialty 0
specialty_collective_buffalo_particular 1579701880187 360 232 touchmove 338 23 1.75 1.75 0 specialty 0
specialty_collective_buffalo_particular 1579701880204 360 232 touchmove 338 22 1.5 1.5 0 specialty 0
specialty_collective_buffalo_particular 1579701880219 360 232 touchmove 339 20 1.25 1.25 0 specialty 0
specialty_collective_buffalo_particular 1579701880236 360 232 touchmove 339 19 2.25 2.25 0 specialty 0
specialty_collective_buffalo_particular 1579701880253 360 232 touchmove 339 19 2.25 2.25 0 specialty 0
specialty_collective_buffalo_particular 1579701880269 360 232 touchmove 339 18 2 2 0 specialty 0
specialty_collective_buffalo_particular 1579701880336 360 232 touchmove 338 18 2 2 0 specialty 0
specialty_collective_buffalo_particular 1579701880353 360 232 touchmove 335 19 1.25 1.25 0 specialty 0
specialty_collective_buffalo_particular 1579701880370 360 232 touchmove 313 21 1.5 1.5 0 specialty 0
specialty_collective_buffalo_particular 1579701880387 360 232 touchmove 296 23 1.25 1.25 0 specialty 0
specialty_collective_buffalo_particular 1579701880404 360 232 touchmove 265 24 1.5 1.5 0 specialty 0
specialty_collective_buffalo_particular 1579701880420 360 232 touchmove 231 24 1.75 1.75 0 specialty 0
specialty_collective_buffalo_particular 1579701880437 360 232 touchmove 199 25 2.5 2.5 0 specialty 0
specialty_collective_buffalo_particular 1579701880453 360 232 touchmove 174 26 1.5 1.5 0 specialty 0
specialty_collective_buffalo_particular 1579701880470 360 232 touchmove 167 26 1 1 0 specialty 0
specialty_collective_buffalo_particular 1579701880486 360 232 touchmove 156 26 0.75 0.75 0 specialty 0
specialty_collective_buffalo_particular 1579701880504 360 232 touchmove 127 30 0.75 0.75 0 specialty 0
specialty_collective_buffalo_particular 1579701880519 360 232 touchmove 115 33 2.25 2.25 0 specialty 0
specialty_collective_buffalo_particular 1579701880536 360 232 touchmove 97 38 1.75 1.75 0 specialty 0
specialty_collective_buffalo_particular 1579701880553 360 232 touchmove 87 39 1.75 1.75 0 specialty 0
specialty_collective_buffalo_particular 1579701880569 360 232 touchmove 84 39 2.25 2.25 0 specialty 0
specialty_collective_buffalo_particular 1579701880586 360 232 touchmove 82 39 1.75 1.75 0 specialty 0
specialty_collective_buffalo_particular 1579701880602 360 232 touchmove 81 38 1.25 1.25 0 specialty 0
specialty_collective_buffalo_particular 1579701880619 360 232 touchmove 80 38 1.25 1.25 0 specialty 0
specialty_collective_buffalo_particular 1579701880636 360 232 touchmove 80 38 2.25 2.25 0 specialty 0
specialty_collective_buffalo_particular 1579701880652 360 232 touchmove 79 38 2 2 0 specialty 0
specialty_collective_buffalo_particular 1579701880753 360 232 touchmove 80 38 2.25 2.25 0 specialty 0
specialty_collective_buffalo_particular 1579701880770 360 232 touchmove 81 37 1 1 0 specialty 0
specialty_collective_buffalo_particular 1579701880786 360 232 touchmove 82 37 1.25 1.25 0 specialty 0
specialty_collective_buffalo_particular 1579701880804 360 232 touchmove 82 37 1.5 1.5 0 specialty 0
specialty_collective_buffalo_particular 1579701880820 360 232 touchmove 83 37 1.5 1.5 0 specialty 0
specialty_collective_buffalo_particular 1579701880837 360 232 touchmove 84 37 1.75 1.75 0 specialty 0
specialty_collective_buffalo_particular 1579701880854 360 232 touchmove 85 38 2.25 2.25 0 specialty 0
specialty_collective_buffalo_particular 1579701880869 360 232 touchmove 86 38 1.25 1.25 0 specialty 0
specialty_collective_buffalo_particular 1579701880886 360 232 touchmove 90 41 1.75 1.75 0 specialty 0
specialty_collective_buffalo_particular 1579701880903 360 232 touchmove 103 51 1.25 1.25 0 specialty 0
specialty_collective_buffalo_particular 1579701880920 360 232 touchmove 108 56 1.25 1.25 0 specialty 0
specialty_collective_buffalo_particular 1579701880936 360 232 touchmove 115 64 1.25 1.25 0 specialty 0
specialty_collective_buffalo_particular 1579701880953 360 232 touchmove 124 75 1.25 1.25 0 specialty 0
specialty_collective_buffalo_particular 1579701880969 360 232 touchmove 134 91 1.5 1.5 0 specialty 0
specialty_collective_buffalo_particular 1579701880987 360 232 touchmove 141 108 1.5 1.5 0 specialty 0
specialty_collective_buffalo_particular 1579701881003 360 232 touchmove 148 127 1.75 1.75 0 specialty 0
specialty_collective_buffalo_particular 1579701881020 360 232 touchmove 152 140 2 2 0 specialty 0
specialty_collective_buffalo_particular 1579701881036 360 232 touchmove 152 144 2 2 0 specialty 0
specialty_collective_buffalo_particular 1579701881053 360 232 touchmove 153 153 2 2 0 specialty 0
specialty_collective_buffalo_particular 1579701881070 360 232 touchmove 153 156 1.5 1.5 0 specialty 0
specialty_collective_buffalo_particular 1579701881086 360 232 touchmove 154 158 2 2 0 specialty 0
specialty_collective_buffalo_particular 1579701881102 360 232 touchmove 154 159 2.25 2.25 0 specialty 0
specialty_collective_buffalo_particular 1579701881119 360 232 touchmove 154 160 2.5 2.5 0 specialty 0
specialty_collective_buffalo_particular 1579701881136 360 232 touchmove 154 160 1.25 1.25 0 specialty 0
specialty_collective_buffalo_particular 1579701881152 360 232 touchmove 154 161 1.5 1.5 0 specialty 0
specialty_collective_buffalo_particular 1579701881236 360 232 touchmove 154 161 1.5 1.5 0 specialty 0
specialty_collective_buffalo_particular 1579701881252 360 232 touchmove 155 160 1.5 1.5 0 specialty 0
specialty_collective_buffalo_particular 1579701881269 360 232 touchmove 166 146 0.75 0.75 0 specialty 0
specialty_collective_buffalo_particular 1579701881301 360 232 touchmove 186 114 1.5 1.5 0 specialty 0
specialty_collective_buffalo_particular 1579701881320 360 232 touchmove 206 88 1.25 1.25 0 specialty 0
specialty_collective_buffalo_particular 1579701881338 360 232 touchmove 220 67 2 2 0 specialty 0
specialty_collective_buffalo_particular 1579701881353 360 232 touchmove 226 56 1 1 0 specialty 0
specialty_collective_buffalo_particular 1579701881369 360 232 touchmove 241 40 1.75 1.75 0 specialty 0
specialty_collective_buffalo_particular 1579701881386 360 232 touchmove 251 29 1.75 1.75 0 specialty 0
specialty_collective_buffalo_particular 1579701881402 360 232 touchmove 255 25 0.5 0.5 0 specialty 0
specialty_collective_buffalo_particular 1579701881419 360 232 touchmove 257 23 1.75 1.75 0 specialty 0
specialty_collective_buffalo_particular 1579701881437 360 232 touchmove 261 21 0.75 0.75 0 specialty 0
specialty_collective_buffalo_particular 1579701881452 360 232 touchmove 262 20 2 2 0 specialty 0
specialty_collective_buffalo_particular 1579701881469 360 232 touchmove 263 19 2 2 0 specialty 0
specialty_collective_buffalo_particular 1579701881486 360 232 touchmove 264 19 2.25 2.25 0 specialty 0
specialty_collective_buffalo_particular 1579701881620 360 232 touchmove 264 19 2.5 2.5 0 specialty 0
specialty_collective_buffalo_particular 1579701881636 360 232 touchmove 264 20 2.5 2.5 0 specialty 0
specialty_collective_buffalo_particular 1579701881653 360 232 touchmove 264 21 1.5 1.5 0 specialty 0
specialty_collective_buffalo_particular 1579701881720 360 232 touchmove 264 21 1.75 1.75 0 specialty 0
specialty_collective_buffalo_particular 1579701881737 360 232 touchmove 264 22 1.75 1.75 0 specialty 0
specialty_collective_buffalo_particular 1579701881754 360 232 touchmove 264 23 2 2 0 specialty 0
specialty_collective_buffalo_particular 1579701881773 360 232 touchmove 262 23 1.75 1.75 0 specialty 0
specialty_collective_buffalo_particular 1579701881788 360 232 touchmove 254 24 2.5 2.5 0 specialty 0
specialty_collective_buffalo_particular 1579701881802 360 232 touchmove 243 25 1.25 1.25 0 specialty 0
specialty_collective_buffalo_particular 1579701881818 360 232 touchmove 215 29 2.5 2.5 0 specialty 0
specialty_collective_buffalo_particular 1579701881835 360 232 touchmove 187 35 2 2 0 specialty 0
specialty_collective_buffalo_particular 1579701881852 360 232 touchmove 159 44 2.5 2.5 0 specialty 0
specialty_collective_buffalo_particular 1579701881868 360 232 touchmove 118 65 2.25 2.25 0 specialty 0
specialty_collective_buffalo_particular 1579701881885 360 232 touchmove 104 71 1.75 1.75 0 specialty 0
specialty_collective_buffalo_particular 1579701881903 360 232 touchmove 72 87 1.25 1.25 0 specialty 0
specialty_collective_buffalo_particular 1579701881918 360 232 touchmove 64 90 2.5 2.5 0 specialty 0
specialty_collective_buffalo_particular 1579701881935 360 232 touchmove 57 92 1.25 1.25 0 specialty 0
specialty_collective_buffalo_particular 1579701881953 360 232 touchmove 51 93 1.5 1.5 0 specialty 0
specialty_collective_buffalo_particular 1579701881968 360 232 touchmove 46 95 1.75 1.75 0 specialty 0
specialty_collective_buffalo_particular 1579701881984 360 232 touchmove 43 96 1.25 1.25 0 specialty 0
specialty_collective_buffalo_particular 1579701882001 360 232 touchmove 39 97 2 2 0 specialty 0
specialty_collective_buffalo_particular 1579701882018 360 232 touchmove 38 98 1.75 1.75 0 specialty 0
specialty_collective_buffalo_particular 1579701882036 360 232 touchmove 36 98 1.5 1.5 0 specialty 0
specialty_collective_buffalo_particular 1579701882051 360 232 touchmove 35 98 2.25 2.25 0 specialty 0
specialty_collective_buffalo_particular 1579701882067 360 232 touchmove 34 98 2.25 2.25 0 specialty 0
specialty_collective_buffalo_particular 1579701882084 360 232 touchmove 34 98 2 2 0 specialty 0
specialty_collective_buffalo_particular 1579701882101 360 232 touchmove 33 98 2 2 0 specialty 0
specialty_collective_buffalo_particular 1579701882151 360 232 touchmove 34 99 2.25 2.25 0 specialty 0
specialty_collective_buffalo_particular 1579701882168 360 232 touchmove 61 100 0.75 0.75 0 specialty 0
specialty_collective_buffalo_particular 1579701882184 360 232 touchmove 80 101 1.75 1.75 0 specialty 0
specialty_collective_buffalo_particular 1579701882202 360 232 touchmove 142 107 1.5 1.5 0 specialty 0
specialty_collective_buffalo_particular 1579701882219 360 232 touchmove 182 112 1.25 1.25 0 specialty 0
specialty_collective_buffalo_particular 1579701882234 360 232 touchmove 202 113 1.5 1.5 0 specialty 0
specialty_collective_buffalo_particular 1579701882252 360 232 touchmove 255 114 2.5 2.5 0 specialty 0
specialty_collective_buffalo_particular 1579701882268 360 232 touchmove 281 112 1 1 0 specialty 0
specialty_collective_buffalo_particular 1579701882284 360 232 touchmove 296 110 0.5 0.5 0 specialty 0
specialty_collective_buffalo_particular 1579701882301 360 232 touchmove 301 109 1.5 1.5 0 specialty 0
specialty_collective_buffalo_particular 1579701882318 360 232 touchmove 304 108 2.25 2.25 0 specialty 0
specialty_collective_buffalo_particular 1579701882335 360 232 touchmove 306 108 1.25 1.25 0 specialty 0
specialty_collective_buffalo_particular 1579701882352 360 232 touchmove 310 107 1 1 0 specialty 0
specialty_collective_buffalo_particular 1579701882368 360 232 touchmove 312 107 1.25 1.25 0 specialty 0
specialty_collective_buffalo_particular 1579701882385 360 232 touchmove 319 106 1.5 1.5 0 specialty 0
specialty_collective_buffalo_particular 1579701882401 360 232 touchmove 323 105 1.25 1.25 0 specialty 0
specialty_collective_buffalo_particular 1579701882418 360 232 touchmove 326 105 1.75 1.75 0 specialty 0
specialty_collective_buffalo_particular 1579701882434 360 232 touchmove 327 104 1.75 1.75 0 specialty 0
specialty_collective_buffalo_particular 1579701882451 360 232 touchmove 329 103 2 2 0 specialty 0
specialty_collective_buffalo_particular 1579701882467 360 232 touchmove 330 102 2 2 0 specialty 0
specialty_collective_buffalo_particular 1579701882484 360 232 touchmove 331 101 1 1 0 specialty 0
specialty_collective_buffalo_particular 1579701882500 360 232 touchmove 332 101 1 1 0 specialty 0
specialty_collective_buffalo_particular 1579701882517 360 232 touchmove 333 100 2.25 2.25 0 specialty 0
specialty_collective_buffalo_particular 1579701882534 360 232 touchmove 334 99 2.5 2.5 0 specialty 0
specialty_collective_buffalo_particular 1579701882550 360 232 touchmove 334 99 2.25 2.25 0 specialty 0
specialty_collective_buffalo_particular 1579701882567 360 232 touchmove 334 98 2.25 2.25 0 specialty 0
specialty_collective_buffalo_particular 1579701882584 360 232 touchmove 334 98 2 2 0 specialty 0
specialty_collective_buffalo_particular 1579701882600 360 232 touchmove 334 97 1.75 1.75 0 specialty 0
specialty_collective_buffalo_particular 1579701882618 360 232 touchmove 333 97 1.5 1.5 0 specialty 0
specialty_collective_buffalo_particular 1579701882635 360 232 touchmove 330 95 2.75 2.75 0 specialty 0
specialty_collective_buffalo_particular 1579701882650 360 232 touchmove 319 88 2 2 0 specialty 0
specialty_collective_buffalo_particular 1579701882668 360 232 touchmove 297 78 1.75 1.75 0 specialty 0
specialty_collective_buffalo_particular 1579701882684 360 232 touchmove 285 74 2.5 2.5 0 specialty 0
specialty_collective_buffalo_particular 1579701882702 360 232 touchmove 266 67 1 1 0 specialty 0
specialty_collective_buffalo_particular 1579701882718 360 232 touchmove 258 63 1.75 1.75 0 specialty 0
specialty_collective_buffalo_particular 1579701882736 360 232 touchmove 238 57 1.5 1.5 0 specialty 0
specialty_collective_buffalo_particular 1579701882752 360 232 touchmove 217 50 1 1 0 specialty 0
specialty_collective_buffalo_particular 1579701882767 360 232 touchmove 199 43 2.25 2.25 0 specialty 0
specialty_collective_buffalo_particular 1579701882784 360 232 touchmove 191 40 1.75 1.75 0 specialty 0
specialty_collective_buffalo_particular 1579701882801 360 232 touchmove 185 39 1.25 1.25 0 specialty 0
specialty_collective_buffalo_particular 1579701882820 360 232 touchmove 181 38 1.25 1.25 0 specialty 0
specialty_collective_buffalo_particular 1579701882843 360 232 touchmove 178 37 1.5 1.5 0 specialty 0
specialty_collective_buffalo_particular 1579701882857 360 232 touchmove 176 36 0.75 0.75 0 specialty 0
specialty_collective_buffalo_particular 1579701882870 360 232 touchmove 175 35 1.5 1.5 0 specialty 0
specialty_collective_buffalo_particular 1579701882885 360 232 touchmove 174 35 2.5 2.5 0 specialty 0
specialty_collective_buffalo_particular 1579701882901 360 232 touchmove 173 34 2.25 2.25 0 specialty 0
specialty_collective_buffalo_particular 1579701882916 360 232 touchmove 173 34 2 2 0 specialty 0
specialty_collective_buffalo_particular 1579701882933 360 232 touchmove 172 34 1.75 1.75 0 specialty 0
specialty_collective_buffalo_particular 1579701882950 360 232 touchmove 172 34 1.75 1.75 0 specialty 0
specialty_collective_buffalo_particular 1579701883200 360 232 touchmove 171 34 1.5 1.5 0 specialty 0
specialty_collective_buffalo_particular 1579701883301 360 232 touchmove 171 34 1.75 1.75 0 specialty 0
specialty_collective_buffalo_particular 1579701883326 360 232 touchmove 171 35 1.75 1.75 0 specialty 0
specialty_collective_buffalo_particular 1579701883401 360 232 touchmove 172 35 2 2 0 specialty 0
specialty_collective_buffalo_particular 1579701883419 360 232 touchmove 172 35 1 1 0 specialty 0
specialty_collective_buffalo_particular 1579701883441 360 232 touchmove 173 36 1.25 1.25 0 specialty 0
specialty_collective_buffalo_particular 1579701883454 360 232 touchmove 174 36 1.5 1.5 0 specialty 0
specialty_collective_buffalo_particular 1579701883460 360 232 touchend 174 36 1.5 1.5 0 specialty 0
specialty_collective_buffalo_particular 1579701884787 360 232 touchstart 157 163 1.5 1.5 0 collective 0
specialty_collective_buffalo_particular 1579701884898 360 232 touchmove 159 161 1.5 1.5 0 collective 0
specialty_collective_buffalo_particular 1579701884916 360 232 touchmove 190 138 1.25 1.25 0 collective 0
specialty_collective_buffalo_particular 1579701884935 360 232 touchmove 221 114 1.5 1.5 0 collective 0
specialty_collective_buffalo_particular 1579701884979 360 232 touchmove 238 100 1 1 0 collective 0
specialty_collective_buffalo_particular 1579701885000 360 232 touchmove 309 33 2 2 0 collective 0
specialty_collective_buffalo_particular 1579701885017 360 232 touchmove 312 29 1.75 1.75 0 collective 0
specialty_collective_buffalo_particular 1579701885031 360 232 touchmove 313 27 1.5 1.5 0 collective 0
specialty_collective_buffalo_particular 1579701885048 360 232 touchmove 313 26 1.25 1.25 0 collective 0
specialty_collective_buffalo_particular 1579701885065 360 232 touchmove 313 25 2.25 2.25 0 collective 0
specialty_collective_buffalo_particular 1579701885081 360 232 touchmove 313 24 2.25 2.25 0 collective 0
specialty_collective_buffalo_particular 1579701885099 360 232 touchmove 313 24 2 2 0 collective 0
specialty_collective_buffalo_particular 1579701885121 360 232 touchmove 313 25 2.25 2.25 0 collective 0
specialty_collective_buffalo_particular 1579701885149 360 232 touchmove 314 38 2.25 2.25 0 collective 0
specialty_collective_buffalo_particular 1579701885166 360 232 touchmove 317 63 1.5 1.5 0 collective 0
specialty_collective_buffalo_particular 1579701885183 360 232 touchmove 318 73 2 2 0 collective 0
specialty_collective_buffalo_particular 1579701885199 360 232 touchmove 320 78 2.25 2.25 0 collective 0
specialty_collective_buffalo_particular 1579701885214 360 232 touchmove 323 90 2.25 2.25 0 collective 0
specialty_collective_buffalo_particular 1579701885233 360 232 touchmove 326 99 1.75 1.75 0 collective 0
specialty_collective_buffalo_particular 1579701885250 360 232 touchmove 327 102 1.25 1.25 0 collective 0
specialty_collective_buffalo_particular 1579701885266 360 232 touchmove 330 108 1.25 1.25 0 collective 0
specialty_collective_buffalo_particular 1579701885281 360 232 touchmove 331 110 1.75 1.75 0 collective 0
specialty_collective_buffalo_particular 1579701885301 360 232 touchmove 332 112 1.25 1.25 0 collective 0
specialty_collective_buffalo_particular 1579701885317 360 232 touchmove 332 114 1.75 1.75 0 collective 0
specialty_collective_buffalo_particular 1579701885333 360 232 touchmove 332 114 2 2 0 collective 0
specialty_collective_buffalo_particular 1579701885349 360 232 touchmove 332 115 2 2 0 collective 0
specialty_collective_buffalo_particular 1579701885364 360 232 touchmove 332 115 1 1 0 collective 0
specialty_collective_buffalo_particular 1579701885532 360 232 touchmove 331 110 1.75 1.75 0 collective 0
specialty_collective_buffalo_particular 1579701885547 360 232 touchmove 328 103 1.75 1.75 0 collective 0
specialty_collective_buffalo_particular 1579701885564 360 232 touchmove 318 76 1.25 1.25 0 collective 0
specialty_collective_buffalo_particular 1579701885582 360 232 touchmove 307 43 1.5 1.5 0 collective 0
specialty_collective_buffalo_particular 1579701885598 360 232 touchmove 306 43 1.25 1.25 0 collective 0
specialty_collective_buffalo_particular 1579701885614 360 232 touchmove 305 39 2.5 2.5 0 collective 0
specialty_collective_buffalo_particular 1579701885630 360 232 touchmove 304 38 2 2 0 collective 0
specialty_collective_buffalo_particular 1579701885647 360 232 touchmove 303 37 1.5 1.5 0 collective 0
specialty_collective_buffalo_particular 1579701885663 360 232 touchmove 303 36 1.25 1.25 0 collective 0
specialty_collective_buffalo_particular 1579701885680 360 232 touchmove 302 36 1 1 0 collective 0
specialty_collective_buffalo_particular 1579701885764 360 232 touchmove 302 36 1.25 1.25 0 collective 0
specialty_collective_buffalo_particular 1579701886136 360 232 touchmove 302 36 1 1 0 collective 0
specialty_collective_buffalo_particular 1579701886154 360 232 touchmove 296 37 1.25 1.25 0 collective 0
specialty_collective_buffalo_particular 1579701886178 360 232 touchmove 260 38 1.25 1.25 0 collective 0
specialty_collective_buffalo_particular 1579701886191 360 232 touchmove 236 38 1.5 1.5 0 collective 0
specialty_collective_buffalo_particular 1579701886207 360 232 touchmove 211 40 0.5 0.5 0 collective 0
specialty_collective_buffalo_particular 1579701886233 360 232 touchmove 171 49 1.5 1.5 0 collective 0
specialty_collective_buffalo_particular 1579701886249 360 232 touchmove 146 55 0.5 0.5 0 collective 0
specialty_collective_buffalo_particular 1579701886267 360 232 touchmove 128 59 2 2 0 collective 0
specialty_collective_buffalo_particular 1579701886283 360 232 touchmove 119 58 2.25 2.25 0 collective 0
specialty_collective_buffalo_particular 1579701886297 360 232 touchmove 115 58 2.25 2.25 0 collective 0
specialty_collective_buffalo_particular 1579701886315 360 232 touchmove 103 55 1 1 0 collective 0
specialty_collective_buffalo_particular 1579701886330 360 232 touchmove 97 53 1.5 1.5 0 collective 0
specialty_collective_buffalo_particular 1579701886347 360 232 touchmove 91 50 0.75 0.75 0 collective 0
specialty_collective_buffalo_particular 1579701886364 360 232 touchmove 87 48 1.5 1.5 0 collective 0
specialty_collective_buffalo_particular 1579701886380 360 232 touchmove 86 46 0.75 0.75 0 collective 0
specialty_collective_buffalo_particular 1579701886397 360 232 touchmove 85 45 1.5 1.5 0 collective 0
specialty_collective_buffalo_particular 1579701886414 360 232 touchmove 84 44 2.25 2.25 0 collective 0
specialty_collective_buffalo_particular 1579701886430 360 232 touchmove 83 43 2 2 0 collective 0
specialty_collective_buffalo_particular 1579701886446 360 232 touchmove 83 43 1.75 1.75 0 collective 0
specialty_collective_buffalo_particular 1579701886464 360 232 touchmove 83 42 1.5 1.5 0 collective 0
specialty_collective_buffalo_particular 1579701886480 360 232 touchmove 83 41 1.25 1.25 0 collective 0
specialty_collective_buffalo_particular 1579701886498 360 232 touchmove 83 41 1.25 1.25 0 collective 0
specialty_collective_buffalo_particular 1579701886515 360 232 touchmove 84 40 2.5 2.5 0 collective 0
specialty_collective_buffalo_particular 1579701886532 360 232 touchmove 84 39 2.5 2.5 0 collective 0
specialty_collective_buffalo_particular 1579701886548 360 232 touchmove 85 39 2.5 2.5 0 collective 0
specialty_collective_buffalo_particular 1579701886564 360 232 touchmove 85 38 1.25 1.25 0 collective 0
specialty_collective_buffalo_particular 1579701886581 360 232 touchmove 86 38 1.5 1.5 0 collective 0
specialty_collective_buffalo_particular 1579701886597 360 232 touchmove 87 38 1.5 1.5 0 collective 0
specialty_collective_buffalo_particular 1579701886614 360 232 touchmove 87 38 1.5 1.5 0 collective 0
specialty_collective_buffalo_particular 1579701886631 360 232 touchmove 88 37 1.5 1.5 0 collective 0
specialty_collective_buffalo_particular 1579701886648 360 232 touchmove 88 37 1.75 1.75 0 collective 0
specialty_collective_buffalo_particular 1579701886664 360 232 touchmove 90 37 2 2 0 collective 0
specialty_collective_buffalo_particular 1579701886680 360 232 touchmove 93 37 1.5 1.5 0 collective 0
specialty_collective_buffalo_particular 1579701886697 360 232 touchmove 99 39 2.25 2.25 0 collective 0
specialty_collective_buffalo_particular 1579701886714 360 232 touchmove 108 43 2 2 0 collective 0
specialty_collective_buffalo_particular 1579701886730 360 232 touchmove 121 50 1.75 1.75 0 collective 0
specialty_collective_buffalo_particular 1579701886749 360 232 touchmove 133 56 1.25 1.25 0 collective 0
specialty_collective_buffalo_particular 1579701886765 360 232 touchmove 145 62 2 2 0 collective 0
specialty_collective_buffalo_particular 1579701886780 360 232 touchmove 152 65 1 1 0 collective 0
specialty_collective_buffalo_particular 1579701886797 360 232 touchmove 159 68 2 2 0 collective 0
specialty_collective_buffalo_particular 1579701886815 360 232 touchmove 160 69 1.25 1.25 0 collective 0
specialty_collective_buffalo_particular 1579701886831 360 232 touchmove 166 70 0.75 0.75 0 collective 0
specialty_collective_buffalo_particular 1579701886847 360 232 touchmove 169 71 1.5 1.5 0 collective 0
specialty_collective_buffalo_particular 1579701886865 360 232 touchmove 171 71 0.75 0.75 0 collective 0
specialty_collective_buffalo_particular 1579701886880 360 232 touchmove 172 70 1 1 0 collective 0
specialty_collective_buffalo_particular 1579701886898 360 232 touchmove 173 68 2 2 0 collective 0
specialty_collective_buffalo_particular 1579701886914 360 232 touchmove 174 61 1.75 1.75 0 collective 0
specialty_collective_buffalo_particular 1579701886930 360 232 touchmove 176 42 1.25 1.25 0 collective 0
specialty_collective_buffalo_particular 1579701886947 360 232 touchmove 177 28 1.5 1.5 0 collective 0
specialty_collective_buffalo_particular 1579701886963 360 232 touchmove 177 24 1.75 1.75 0 collective 0
specialty_collective_buffalo_particular 1579701886979 360 232 touchmove 177 23 1.5 1.5 0 collective 0
specialty_collective_buffalo_particular 1579701886997 360 232 touchmove 177 22 1.25 1.25 0 collective 0
specialty_collective_buffalo_particular 1579701887013 360 232 touchmove 177 21 1 1 0 collective 0
specialty_collective_buffalo_particular 1579701887030 360 232 touchmove 176 20 0.75 0.75 0 collective 0
specialty_collective_buffalo_particular 1579701887047 360 232 touchmove 176 20 1.75 1.75 0 collective 0
specialty_collective_buffalo_particular 1579701887063 360 232 touchmove 176 20 1.75 1.75 0 collective 0
specialty_collective_buffalo_particular 1579701887080 360 232 touchmove 175 20 1.5 1.5 0 collective 0
specialty_collective_buffalo_particular 1579701887098 360 232 touchmove 175 20 2.75 2.75 0 collective 0
specialty_collective_buffalo_particular 1579701887116 360 232 touchmove 174 21 1.5 1.5 0 collective 0
specialty_collective_buffalo_particular 1579701887133 360 232 touchmove 174 21 1.75 1.75 0 collective 0
specialty_collective_buffalo_particular 1579701887149 360 232 touchmove 174 22 1.75 1.75 0 collective 0
specialty_collective_buffalo_particular 1579701887164 360 232 touchmove 174 22 2 2 0 collective 0
specialty_collective_buffalo_particular 1579701887184 360 232 touchmove 181 29 1.75 1.75 0 collective 0
specialty_collective_buffalo_particular 1579701887198 360 232 touchmove 184 32 2 2 0 collective 0
specialty_collective_buffalo_particular 1579701887214 360 232 touchmove 202 40 0.75 0.75 0 collective 0
specialty_collective_buffalo_particular 1579701887231 360 232 touchmove 214 42 1.75 1.75 0 collective 0
specialty_collective_buffalo_particular 1579701887249 360 232 touchmove 228 40 2.25 2.25 0 collective 0
specialty_collective_buffalo_particular 1579701887266 360 232 touchmove 244 36 1.5 1.5 0 collective 0
specialty_collective_buffalo_particular 1579701887282 360 232 touchmove 251 33 1.5 1.5 0 collective 0
specialty_collective_buffalo_particular 1579701887299 360 232 touchmove 257 31 1 1 0 collective 0
specialty_collective_buffalo_particular 1579701887315 360 232 touchmove 260 30 1.5 1.5 0 collective 0
specialty_collective_buffalo_particular 1579701887332 360 232 touchmove 261 29 1.5 1.5 0 collective 0
specialty_collective_buffalo_particular 1579701887349 360 232 touchmove 263 28 1.75 1.75 0 collective 0
specialty_collective_buffalo_particular 1579701887363 360 232 touchmove 263 27 1.5 1.5 0 collective 0
specialty_collective_buffalo_particular 1579701887412 360 232 touchmove 262 27 1.5 1.5 0 collective 0
specialty_collective_buffalo_particular 1579701887429 360 232 touchmove 262 27 1.25 1.25 0 collective 0
specialty_collective_buffalo_particular 1579701887446 360 232 touchmove 261 28 1.25 1.25 0 collective 0
specialty_collective_buffalo_particular 1579701887462 360 232 touchmove 259 29 2.5 2.5 0 collective 0
specialty_collective_buffalo_particular 1579701887479 360 232 touchmove 257 32 1.25 1.25 0 collective 0
specialty_collective_buffalo_particular 1579701887499 360 232 touchmove 254 34 2.5 2.5 0 collective 0
specialty_collective_buffalo_particular 1579701887512 360 232 touchmove 252 35 1 1 0 collective 0
specialty_collective_buffalo_particular 1579701887529 360 232 touchmove 241 46 1 1 0 collective 0
specialty_collective_buffalo_particular 1579701887546 360 232 touchmove 228 64 2 2 0 collective 0
specialty_collective_buffalo_particular 1579701887562 360 232 touchmove 217 79 1.75 1.75 0 collective 0
specialty_collective_buffalo_particular 1579701887580 360 232 touchmove 202 106 1 1 0 collective 0
specialty_collective_buffalo_particular 1579701887597 360 232 touchmove 183 141 1.25 1.25 0 collective 0
specialty_collective_buffalo_particular 1579701887612 360 232 touchmove 179 148 2 2 0 collective 0
specialty_collective_buffalo_particular 1579701887629 360 232 touchmove 177 157 1.25 1.25 0 collective 0
specialty_collective_buffalo_particular 1579701887646 360 232 touchmove 176 164 1.5 1.5 0 collective 0
specialty_collective_buffalo_particular 1579701887662 360 232 touchmove 175 167 2 2 0 collective 0
specialty_collective_buffalo_particular 1579701887680 360 232 touchmove 175 168 2.25 2.25 0 collective 0
specialty_collective_buffalo_particular 1579701887695 360 232 touchmove 175 169 2.5 2.5 0 collective 0
specialty_collective_buffalo_particular 1579701887712 360 232 touchmove 175 169 2.5 2.5 0 collective 0
specialty_collective_buffalo_particular 1579701887736 360 232 touchmove 174 169 2.5 2.5 0 collective 0
specialty_collective_buffalo_particular 1579701887752 360 232 touchmove 174 169 2.25 2.25 0 collective 0
specialty_collective_buffalo_particular 1579701887769 360 232 touchmove 174 168 2.25 2.25 0 collective 0
specialty_collective_buffalo_particular 1579701887780 360 232 touchmove 174 168 2 2 0 collective 0
specialty_collective_buffalo_particular 1579701887795 360 232 touchmove 171 159 1.5 1.5 0 collective 0
specialty_collective_buffalo_particular 1579701887813 360 232 touchmove 166 146 0.75 0.75 0 collective 0
specialty_collective_buffalo_particular 1579701887828 360 232 touchmove 145 99 1.5 1.5 0 collective 0
specialty_collective_buffalo_particular 1579701887845 360 232 touchmove 129 76 1.75 1.75 0 collective 0
specialty_collective_buffalo_particular 1579701887862 360 232 touchmove 116 58 1.25 1.25 0 collective 0
specialty_collective_buffalo_particular 1579701887878 360 232 touchmove 112 52 1.5 1.5 0 collective 0
specialty_collective_buffalo_particular 1579701887895 360 232 touchmove 106 43 1.5 1.5 0 collective 0
specialty_collective_buffalo_particular 1579701887912 360 232 touchmove 101 36 0.75 0.75 0 collective 0
specialty_collective_buffalo_particular 1579701887928 360 232 touchmove 98 29 2 2 0 collective 0
specialty_collective_buffalo_particular 1579701887945 360 232 touchmove 97 27 1.25 1.25 0 collective 0
specialty_collective_buffalo_particular 1579701887962 360 232 touchmove 96 24 1.5 1.5 0 collective 0
specialty_collective_buffalo_particular 1579701887978 360 232 touchmove 95 23 1 1 0 collective 0
specialty_collective_buffalo_particular 1579701887994 360 232 touchmove 95 22 1 1 0 collective 0
specialty_collective_buffalo_particular 1579701888012 360 232 touchmove 95 22 0.75 0.75 0 collective 0
specialty_collective_buffalo_particular 1579701888028 360 232 touchmove 96 22 1 1 0 collective 0
specialty_collective_buffalo_particular 1579701888045 360 232 touchmove 96 22 1.25 1.25 0 collective 0
specialty_collective_buffalo_particular 1579701888062 360 232 touchmove 98 23 1.75 1.75 0 collective 0
specialty_collective_buffalo_particular 1579701888078 360 232 touchmove 99 24 2.25 2.25 0 collective 0
specialty_collective_buffalo_particular 1579701888095 360 232 touchmove 99 25 2.5 2.5 0 collective 0
specialty_collective_buffalo_particular 1579701888098 360 232 touchend 99 25 2.5 2.5 0 collective 0
specialty_collective_buffalo_particular 1579701888930 360 232 touchstart 228 157 1.5 1.5 0 buffalo 1
specialty_collective_buffalo_particular 1579701889048 360 232 touchend 228 157 1.5 1.5 0 buffalo 1
specialty_collective_buffalo_particular 1579701889396 360 232 touchstart 239 43 2 2 0 buffalo 1
specialty_collective_buffalo_particular 1579701889493 360 232 touchend 239 43 2 2 0 buffalo 1
specialty_collective_buffalo_particular 1579701891436 360 232 touchstart 344 31 1.5 1.5 0 buffalo 1
specialty_collective_buffalo_particular 1579701891597 360 232 touchmove 330 32 2 2 0 buffalo 1
specialty_collective_buffalo_particular 1579701891613 360 232 touchmove 296 35 0.75 0.75 0 buffalo 1
specialty_collective_buffalo_particular 1579701891630 360 232 touchmove 254 41 1.5 1.5 0 buffalo 1
specialty_collective_buffalo_particular 1579701891645 360 232 touchmove 207 47 1.5 1.5 0 buffalo 1
specialty_collective_buffalo_particular 1579701891659 360 232 touchmove 186 50 0.75 0.75 0 buffalo 1
specialty_collective_buffalo_particular 1579701891675 360 232 touchmove 148 54 2.25 2.25 0 buffalo 1
specialty_collective_buffalo_particular 1579701891691 360 232 touchmove 125 57 1 1 0 buffalo 1
specialty_collective_buffalo_particular 1579701891708 360 232 touchmove 101 64 1.5 1.5 0 buffalo 1
specialty_collective_buffalo_particular 1579701891724 360 232 touchmove 78 71 1.25 1.25 0 buffalo 1
specialty_collective_buffalo_particular 1579701891741 360 232 touchmove 68 74 2 2 0 buffalo 1
specialty_collective_buffalo_particular 1579701891757 360 232 touchmove 59 77 1.75 1.75 0 buffalo 1
specialty_collective_buffalo_particular 1579701891774 360 232 touchmove 48 79 2.25 2.25 0 buffalo 1
specialty_collective_buffalo_particular 1579701891790 360 232 touchmove 45 80 1.5 1.5 0 buffalo 1
specialty_collective_buffalo_particular 1579701891808 360 232 touchmove 43 81 1.25 1.25 0 buffalo 1
specialty_collective_buffalo_particular 1579701891824 360 232 touchmove 40 83 2.25 2.25 0 buffalo 1
specialty_collective_buffalo_particular 1579701891840 360 232 touchmove 38 84 2 2 0 buffalo 1
specialty_collective_buffalo_particular 1579701891857 360 232 touchmove 35 86 0.75 0.75 0 buffalo 1
specialty_collective_buffalo_particular 1579701891874 360 232 touchmove 33 87 1.75 1.75 0 buffalo 1
specialty_collective_buffalo_particular 1579701891890 360 232 touchmove 32 88 1.5 1.5 0 buffalo 1
specialty_collective_buffalo_particular 1579701891907 360 232 touchmove 32 88 1.5 1.5 0 buffalo 1
specialty_collective_buffalo_particular 1579701891923 360 232 touchmove 31 89 1.5 1.5 0 buffalo 1
specialty_collective_buffalo_particular 1579701891940 360 232 touchmove 31 89 1.5 1.5 0 buffalo 1
specialty_collective_buffalo_particular 1579701891957 360 232 touchmove 30 89 1.25 1.25 0 buffalo 1
specialty_collective_buffalo_particular 1579701892074 360 232 touchmove 31 89 1.5 1.5 0 buffalo 1
specialty_collective_buffalo_particular 1579701892091 360 232 touchmove 35 88 1 1 0 buffalo 1
specialty_collective_buffalo_particular 1579701892107 360 232 touchmove 60 81 1.75 1.75 0 buffalo 1
specialty_collective_buffalo_particular 1579701892124 360 232 touchmove 72 76 1.25 1.25 0 buffalo 1
specialty_collective_buffalo_particular 1579701892141 360 232 touchmove 78 74 2 2 0 buffalo 1
specialty_collective_buffalo_particular 1579701892157 360 232 touchmove 81 73 1.25 1.25 0 buffalo 1
specialty_collective_buffalo_particular 1579701892176 360 232 touchmove 87 72 1.25 1.25 0 buffalo 1
specialty_collective_buffalo_particular 1579701892191 360 232 touchmove 90 70 1.5 1.5 0 buffalo 1
specialty_collective_buffalo_particular 1579701892207 360 232 touchmove 92 68 1.75 1.75 0 buffalo 1
specialty_collective_buffalo_particular 1579701892225 360 232 touchmove 104 63 2.25 2.25 0 buffalo 1
specialty_collective_buffalo_particular 1579701892240 360 232 touchmove 111 59 1.5 1.5 0 buffalo 1
specialty_collective_buffalo_particular 1579701892257 360 232 touchmove 121 54 1.5 1.5 0 buffalo 1
specialty_collective_buffalo_particular 1579701892274 360 232 touchmove 134 48 2 2 0 buffalo 1
specialty_collective_buffalo_particular 1579701892291 360 232 touchmove 135 46 1.75 1.75 0 buffalo 1
specialty_collective_buffalo_particular 1579701892307 360 232 touchmove 137 45 1 1 0 buffalo 1
specialty_collective_buffalo_particular 1579701892324 360 232 touchmove 138 45 2.25 2.25 0 buffalo 1
specialty_collective_buffalo_particular 1579701892340 360 232 touchmove 138 44 2 2 0 buffalo 1
specialty_collective_buffalo_particular 1579701892407 360 232 touchmove 137 44 2 2 0 buffalo 1
specialty_collective_buffalo_particular 1579701892425 360 232 touchmove 136 45 1.75 1.75 0 buffalo 1
specialty_collective_buffalo_particular 1579701892440 360 232 touchmove 135 46 1.75 1.75 0 buffalo 1
specialty_collective_buffalo_particular 1579701892457 360 232 touchmove 134 46 1.5 1.5 0 buffalo 1
specialty_collective_buffalo_particular 1579701892473 360 232 touchmove 133 46 1.25 1.25 0 buffalo 1
specialty_collective_buffalo_particular 1579701892490 360 232 touchmove 132 46 1.25 1.25 0 buffalo 1
specialty_collective_buffalo_particular 1579701892506 360 232 touchmove 132 46 1 1 0 buffalo 1
specialty_collective_buffalo_particular 1579701892523 360 232 touchmove 132 46 1 1 0 buffalo 1
specialty_collective_buffalo_particular 1579701892573 360 232 touchmove 132 45 0.75 0.75 0 buffalo 1
specialty_collective_buffalo_particular 1579701892589 360 232 touchmove 132 45 2 2 0 buffalo 1
specialty_collective_buffalo_particular 1579701892615 360 232 touchmove 132 45 2 2 0 buffalo 1
specialty_collective_buffalo_particular 1579701892740 360 232 touchmove 133 45 2.25 2.25 0 buffalo 1
specialty_collective_buffalo_particular 1579701892757 360 232 touchmove 133 45 2.25 2.25 0 buffalo 1
specialty_collective_buffalo_particular 1579701892773 360 232 touchmove 134 45 2.5 2.5 0 buffalo 1
specialty_collective_buffalo_particular 1579701892789 360 232 touchmove 135 45 2.75 2.75 0 buffalo 1
specialty_collective_buffalo_particular 1579701892807 360 232 touchmove 136 45 1.75 1.75 0 buffalo 1
specialty_collective_buffalo_particular 1579701892824 360 232 touchmove 147 44 1.75 1.75 0 buffalo 1
specialty_collective_buffalo_particular 1579701892840 360 232 touchmove 154 43 2 2 0 buffalo 1
specialty_collective_buffalo_particular 1579701892858 360 232 touchmove 173 37 1.5 1.5 0 buffalo 1
specialty_collective_buffalo_particular 1579701892873 360 232 touchmove 176 35 1.75 1.75 0 buffalo 1
specialty_collective_buffalo_particular 1579701892890 360 232 touchmove 179 34 2.25 2.25 0 buffalo 1
specialty_collective_buffalo_particular 1579701892907 360 232 touchmove 180 33 2.25 2.25 0 buffalo 1
specialty_collective_buffalo_particular 1579701892924 360 232 touchmove 180 33 1.25 1.25 0 buffalo 1
specialty_collective_buffalo_particular 1579701892973 360 232 touchmove 180 33 2.25 2.25 0 buffalo 1
specialty_collective_buffalo_particular 1579701892990 360 232 touchmove 179 33 2.25 2.25 0 buffalo 1
specialty_collective_buffalo_particular 1579701893007 360 232 touchmove 179 34 2.25 2.25 0 buffalo 1
specialty_collective_buffalo_particular 1579701893022 360 232 touchmove 178 34 2.25 2.25 0 buffalo 1
specialty_collective_buffalo_particular 1579701893039 360 232 touchmove 178 34 2 2 0 buffalo 1
specialty_collective_buffalo_particular 1579701893056 360 232 touchmove 177 34 2 2 0 buffalo 1
specialty_collective_buffalo_particular 1579701893073 360 232 touchmove 177 35 2 2 0 buffalo 1
specialty_collective_buffalo_particular 1579701893098 360 232 touchmove 176 35 0.75 0.75 0 buffalo 1
specialty_collective_buffalo_particular 1579701893110 360 232 touchmove 176 36 0.75 0.75 0 buffalo 1
specialty_collective_buffalo_particular 1579701893131 360 232 touchmove 176 36 0.75 0.75 0 buffalo 1
specialty_collective_buffalo_particular 1579701893147 360 232 touchmove 175 36 0.75 0.75 0 buffalo 1
specialty_collective_buffalo_particular 1579701893159 360 232 touchmove 175 37 0.75 0.75 0 buffalo 1
specialty_collective_buffalo_particular 1579701893173 360 232 touchmove 175 37 2 2 0 buffalo 1
specialty_collective_buffalo_particular 1579701893189 360 232 touchmove 174 37 1.75 1.75 0 buffalo 1
specialty_collective_buffalo_particular 1579701893209 360 232 touchmove 174 38 2 2 0 buffalo 1
specialty_collective_buffalo_particular 1579701893224 360 232 touchmove 174 38 2 2 0 buffalo 1
specialty_collective_buffalo_particular 1579701893240 360 232 touchmove 173 39 2 2 0 buffalo 1
specialty_collective_buffalo_particular 1579701893257 360 232 touchmove 173 39 2 2 0 buffalo 1
specialty_collective_buffalo_particular 1579701893273 360 232 touchmove 172 40 2 2 0 buffalo 1
specialty_collective_buffalo_particular 1579701893289 360 232 touchmove 172 40 2 2 0 buffalo 1
specialty_collective_buffalo_particular 1579701893306 360 232 touchmove 171 41 0.75 0.75 0 buffalo 1
specialty_collective_buffalo_particular 1579701893323 360 232 touchmove 170 41 0.75 0.75 0 buffalo 1
specialty_collective_buffalo_particular 1579701893341 360 232 touchmove 170 42 1 1 0 buffalo 1
specialty_collective_buffalo_particular 1579701893359 360 232 touchmove 170 43 1 1 0 buffalo 1
specialty_collective_buffalo_particular 1579701893375 360 232 touchmove 170 43 1.25 1.25 0 buffalo 1
specialty_collective_buffalo_particular 1579701893422 360 232 touchmove 171 44 1.5 1.5 0 buffalo 1
specialty_collective_buffalo_particular 1579701893440 360 232 touchmove 172 44 1.75 1.75 0 buffalo 1
specialty_collective_buffalo_particular 1579701893456 360 232 touchmove 173 44 2 2 0 buffalo 1
specialty_collective_buffalo_particular 1579701893473 360 232 touchmove 174 44 2.25 2.25 0 buffalo 1
specialty_collective_buffalo_particular 1579701893490 360 232 touchmove 175 44 1.25 1.25 0 buffalo 1
specialty_collective_buffalo_particular 1579701893506 360 232 touchmove 176 44 1.5 1.5 0 buffalo 1
specialty_collective_buffalo_particular 1579701893524 360 232 touchmove 177 44 1.75 1.75 0 buffalo 1
specialty_collective_buffalo_particular 1579701893540 360 232 touchmove 178 44 2 2 0 buffalo 1
specialty_collective_buffalo_particular 1579701893639 360 232 touchmove 178 44 2 2 0 buffalo 1
specialty_collective_buffalo_particular 1579701893871 360 232 touchmove 177 45 2 2 0 buffalo 1
specialty_collective_buffalo_particular 1579701893888 360 232 touchmove 177 45 0.75 0.75 0 buffalo 1
specialty_collective_buffalo_particular 1579701893906 360 232 touchmove 176 47 1 1 0 buffalo 1
specialty_collective_buffalo_particular 1579701893923 360 232 touchmove 174 48 2.25 2.25 0 buffalo 1
specialty_collective_buffalo_particular 1579701893940 360 232 touchmove 165 63 1.25 1.25 0 buffalo 1
specialty_collective_buffalo_particular 1579701893956 360 232 touchmove 159 73 2 2 0 buffalo 1
specialty_collective_buffalo_particular 1579701893974 360 232 touchmove 155 84 1.5 1.5 0 buffalo 1
specialty_collective_buffalo_particular 1579701893989 360 232 touchmove 151 105 1.75 1.75 0 buffalo 1
specialty_collective_buffalo_particular 1579701894005 360 232 touchmove 147 121 1 1 0 buffalo 1
specialty_collective_buffalo_particular 1579701894023 360 232 touchmove 145 143 2.25 2.25 0 buffalo 1
specialty_collective_buffalo_particular 1579701894038 360 232 touchmove 145 148 2.25 2.25 0 buffalo 1
specialty_collective_buffalo_particular 1579701894059 360 232 touchmove 144 156 1.75 1.75 0 buffalo 1
specialty_collective_buffalo_particular 1579701894073 360 232 touchmove 145 161 1.75 1.75 0 buffalo 1
specialty_collective_buffalo_particular 1579701894089 360 232 touchmove 145 164 2.5 2.5 0 buffalo 1
specialty_collective_buffalo_particular 1579701894106 360 232 touchmove 145 165 1.5 1.5 0 buffalo 1
specialty_collective_buffalo_particular 1579701894124 360 232 touchmove 145 166 1.75 1.75 0 buffalo 1
specialty_collective_buffalo_particular 1579701894140 360 232 touchmove 145 166 1.75 1.75 0 buffalo 1
specialty_collective_buffalo_particular 1579701894163 360 232 touchmove 145 166 0.5 0.5 0 buffalo 1
specialty_collective_buffalo_particular 1579701894181 360 232 touchmove 146 166 0.75 0.75 0 buffalo 1
specialty_collective_buffalo_particular 1579701894198 360 232 touchmove 159 153 2 2 0 buffalo 1
specialty_collective_buffalo_particular 1579701894213 360 232 touchmove 167 145 2 2 0 buffalo 1
specialty_collective_buffalo_particular 1579701894228 360 232 touchmove 184 121 1.75 1.75 0 buffalo 1
specialty_collective_buffalo_particular 1579701894243 360 232 touchmove 202 98 1.5 1.5 0 buffalo 1
specialty_collective_buffalo_particular 1579701894258 360 232 touchmove 221 77 1 1 0 buffalo 1
specialty_collective_buffalo_particular 1579701894273 360 232 touchmove 231 68 1.25 1.25 0 buffalo 1
specialty_collective_buffalo_particular 1579701894290 360 232 touchmove 251 50 1.75 1.75 0 buffalo 1
specialty_collective_buffalo_particular 1579701894308 360 232 touchmove 268 34 2 2 0 buffalo 1
specialty_collective_buffalo_particular 1579701894323 360 232 touchmove 268 33 2 2 0 buffalo 1
specialty_collective_buffalo_particular 1579701894340 360 232 touchmove 271 31 0.75 0.75 0 buffalo 1
specialty_collective_buffalo_particular 1579701894357 360 232 touchmove 272 30 0.75 0.75 0 buffalo 1
specialty_collective_buffalo_particular 1579701894376 360 232 touchmove 273 29 2 2 0 buffalo 1
specialty_collective_buffalo_particular 1579701894394 360 232 touchmove 274 29 2.25 2.25 0 buffalo 1
specialty_collective_buffalo_particular 1579701894408 360 232 touchmove 275 28 2.25 2.25 0 buffalo 1
specialty_collective_buffalo_particular 1579701894424 360 232 touchmove 275 28 1 1 0 buffalo 1
specialty_collective_buffalo_particular 1579701894440 360 232 touchmove 275 27 1 1 0 buffalo 1
specialty_collective_buffalo_particular 1579701894455 360 232 touchmove 275 27 0.75 0.75 0 buffalo 1
specialty_collective_buffalo_particular 1579701894588 360 232 touchmove 275 27 1 1 0 buffalo 1
specialty_collective_buffalo_particular 1579701894605 360 232 touchmove 281 37 1 1 0 buffalo 1
specialty_collective_buffalo_particular 1579701894622 360 232 touchmove 292 56 1.25 1.25 0 buffalo 1
specialty_collective_buffalo_particular 1579701894641 360 232 touchmove 302 69 1.75 1.75 0 buffalo 1
specialty_collective_buffalo_particular 1579701894656 360 232 touchmove 305 73 1.25 1.25 0 buffalo 1
specialty_collective_buffalo_particular 1579701894672 360 232 touchmove 315 78 2.25 2.25 0 buffalo 1
specialty_collective_buffalo_particular 1579701894689 360 232 touchmove 322 83 1.5 1.5 0 buffalo 1
specialty_collective_buffalo_particular 1579701894705 360 232 touchmove 327 86 1 1 0 buffalo 1
specialty_collective_buffalo_particular 1579701894721 360 232 touchmove 330 88 1 1 0 buffalo 1
specialty_collective_buffalo_particular 1579701894740 360 232 touchmove 333 91 1.5 1.5 0 buffalo 1
specialty_collective_buffalo_particular 1579701894756 360 232 touchmove 334 92 1.75 1.75 0 buffalo 1
specialty_collective_buffalo_particular 1579701894776 360 232 touchmove 335 93 2.25 2.25 0 buffalo 1
specialty_collective_buffalo_particular 1579701894795 360 232 touchmove 335 94 1.5 1.5 0 buffalo 1
specialty_collective_buffalo_particular 1579701894807 360 232 touchmove 335 95 0.5 0.5 0 buffalo 1
specialty_collective_buffalo_particular 1579701894823 360 232 touchmove 335 96 0.5 0.5 0 buffalo 1
specialty_collective_buffalo_particular 1579701894837 360 232 touchmove 335 96 1.75 1.75 0 buffalo 1
specialty_collective_buffalo_particular 1579701894854 360 232 touchmove 334 97 1.75 1.75 0 buffalo 1
specialty_collective_buffalo_particular 1579701894870 360 232 touchmove 334 97 1.75 1.75 0 buffalo 1
specialty_collective_buffalo_particular 1579701894887 360 232 touchmove 331 97 1 1 0 buffalo 1
specialty_collective_buffalo_particular 1579701894905 360 232 touchmove 298 79 2.25 2.25 0 buffalo 1
specialty_collective_buffalo_particular 1579701894921 360 232 touchmove 274 59 2.5 2.5 0 buffalo 1
specialty_collective_buffalo_particular 1579701894937 360 232 touchmove 261 47 1 1 0 buffalo 1
specialty_collective_buffalo_particular 1579701894954 360 232 touchmove 244 32 1.75 1.75 0 buffalo 1
specialty_collective_buffalo_particular 1579701894971 360 232 touchmove 241 30 0.75 0.75 0 buffalo 1
specialty_collective_buffalo_particular 1579701894988 360 232 touchmove 238 28 2 2 0 buffalo 1
specialty_collective_buffalo_particular 1579701895004 360 232 touchmove 237 27 1.25 1.25 0 buffalo 1
specialty_collective_buffalo_particular 1579701895020 360 232 touchmove 236 26 0.75 0.75 0 buffalo 1
specialty_collective_buffalo_particular 1579701895037 360 232 touchmove 235 26 0.5 0.5 0 buffalo 1
specialty_collective_buffalo_particular 1579701895053 360 232 touchmove 235 25 0.5 0.5 0 buffalo 1
specialty_collective_buffalo_particular 1579701895120 360 232 touchmove 235 25 1.5 1.5 0 buffalo 1
specialty_collective_buffalo_particular 1579701895187 360 232 touchmove 235 25 2.75 2.75 0 buffalo 1
specialty_collective_buffalo_particular 1579701895203 360 232 touchmove 234 25 2.5 2.5 0 buffalo 1
specialty_collective_buffalo_particular 1579701895220 360 232 touchmove 233 26 1.25 1.25 0 buffalo 1
specialty_collective_buffalo_particular 1579701895237 360 232 touchmove 229 27 1.75 1.75 0 buffalo 1
specialty_collective_buffalo_particular 1579701895254 360 232 touchmove 225 28 1.25 1.25 0 buffalo 1
specialty_collective_buffalo_particular 1579701895270 360 232 touchmove 211 31 0.75 0.75 0 buffalo 1
specialty_collective_buffalo_particular 1579701895287 360 232 touchmove 198 35 2.25 2.25 0 buffalo 1
specialty_collective_buffalo_particular 1579701895304 360 232 touchmove 184 39 2.25 2.25 0 buffalo 1
specialty_collective_buffalo_particular 1579701895320 360 232 touchmove 179 40 2.5 2.5 0 buffalo 1
specialty_collective_buffalo_particular 1579701895337 360 232 touchmove 155 53 1.25 1.25 0 buffalo 1
specialty_collective_buffalo_particular 1579701895353 360 232 touchmove 147 58 1.5 1.5 0 buffalo 1
specialty_collective_buffalo_particular 1579701895371 360 232 touchmove 114 75 1.25 1.25 0 buffalo 1
specialty_collective_buffalo_particular 1579701895387 360 232 touchmove 100 80 0.5 0.5 0 buffalo 1
specialty_collective_buffalo_particular 1579701895404 360 232 touchmove 67 90 2 2 0 buffalo 1
specialty_collective_buffalo_particular 1579701895420 360 232 touchmove 62 91 1.25 1.25 0 buffalo 1
specialty_collective_buffalo_particular 1579701895436 360 232 touchmove 56 93 1.25 1.25 0 buffalo 1
specialty_collective_buffalo_particular 1579701895453 360 232 touchmove 52 96 1 1 0 buffalo 1
specialty_collective_buffalo_particular 1579701895469 360 232 touchmove 50 97 0.75 0.75 0 buffalo 1
specialty_collective_buffalo_particular 1579701895486 360 232 touchmove 48 98 1.75 1.75 0 buffalo 1
specialty_collective_buffalo_particular 1579701895503 360 232 touchmove 46 99 1.5 1.5 0 buffalo 1
specialty_collective_buffalo_particular 1579701895519 360 232 touchmove 45 99 1.5 1.5 0 buffalo 1
specialty_collective_buffalo_particular 1579701895536 360 232 touchmove 45 99 2.5 2.5 0 buffalo 1
specialty_collective_buffalo_particular 1579701895553 360 232 touchmove 44 99 2.5 2.5 0 buffalo 1
specialty_collective_buffalo_particular 1579701895569 360 232 touchmove 44 99 2.25 2.25 0 buffalo 1
specialty_collective_buffalo_particular 1579701895586 360 232 touchmove 44 98 2 2 0 buffalo 1
specialty_collective_buffalo_particular 1579701895604 360 232 touchmove 57 86 1 1 0 buffalo 1
specialty_collective_buffalo_particular 1579701895620 360 232 touchmove 67 76 1.25 1.25 0 buffalo 1
specialty_collective_buffalo_particular 1579701895637 360 232 touchmove 85 61 0.5 0.5 0 buffalo 1
specialty_collective_buffalo_particular 1579701895653 360 232 touchmove 102 47 1.25 1.25 0 buffalo 1
specialty_collective_buffalo_particular 1579701895670 360 232 touchmove 117 36 1 1 0 buffalo 1
specialty_collective_buffalo_particular 1579701895687 360 232 touchmove 124 31 1.75 1.75 0 buffalo 1
specialty_collective_buffalo_particular 1579701895703 360 232 touchmove 125 30 0.5 0.5 0 buffalo 1
specialty_collective_buffalo_particular 1579701895721 360 232 touchmove 127 30 2 2 0 buffalo 1
specialty_collective_buffalo_particular 1579701895736 360 232 touchmove 127 29 2 2 0 buffalo 1
specialty_collective_buffalo_particular 1579701895754 360 232 touchmove 129 29 2.25 2.25 0 buffalo 1
specialty_collective_buffalo_particular 1579701895769 360 232 touchmove 129 29 2.5 2.5 0 buffalo 1
specialty_collective_buffalo_particular 1579701895789 360 232 touchmove 131 30 1.75 1.75 0 buffalo 1
specialty_collective_buffalo_particular 1579701895803 360 232 touchmove 138 26 1.25 1.25 0 buffalo 1
specialty_collective_buffalo_particular 1579701895821 360 232 touchmove 138 26 1.25 1.25 0 buffalo 1
specialty_collective_buffalo_particular 1579701895823 360 232 touchend 138 26 1.25 1.25 0 buffalo 1
specialty_collective_buffalo_particular 1579701898586 360 232 touchstart 220 148 2.25 2.25 0 buffalo 0
specialty_collective_buffalo_particular 1579701899283 360 232 touchmove 220 147 1 1 0 buffalo 0
specialty_collective_buffalo_particular 1579701899300 360 232 touchmove 221 145 1.75 1.75 0 buffalo 0
specialty_collective_buffalo_particular 1579701899316 360 232 touchmove 229 130 2.5 2.5 0 buffalo 0
specialty_collective_buffalo_particular 1579701899333 360 232 touchmove 233 123 1.75 1.75 0 buffalo 0
specialty_collective_buffalo_particular 1579701899349 360 232 touchmove 245 107 2 2 0 buffalo 0
specialty_collective_buffalo_particular 1579701899366 360 232 touchmove 253 94 2 2 0 buffalo 0
specialty_collective_buffalo_particular 1579701899383 360 232 touchmove 258 83 1.75 1.75 0 buffalo 0
specialty_collective_buffalo_particular 1579701899399 360 232 touchmove 259 72 2 2 0 buffalo 0
specialty_collective_buffalo_particular 1579701899417 360 232 touchmove 259 62 2 2 0 buffalo 0
specialty_collective_buffalo_particular 1579701899433 360 232 touchmove 259 54 2.25 2.25 0 buffalo 0
specialty_collective_buffalo_particular 1579701899449 360 232 touchmove 258 50 1.25 1.25 0 buffalo 0
specialty_collective_buffalo_particular 1579701899466 360 232 touchmove 256 39 1.75 1.75 0 buffalo 0
specialty_collective_buffalo_particular 1579701899482 360 232 touchmove 254 35 1.5 1.5 0 buffalo 0
specialty_collective_buffalo_particular 1579701899499 360 232 touchmove 250 27 2 2 0 buffalo 0
specialty_collective_buffalo_particular 1579701899516 360 232 touchmove 248 25 1 1 0 buffalo 0
specialty_collective_buffalo_particular 1579701899532 360 232 touchmove 246 24 1.5 1.5 0 buffalo 0
specialty_collective_buffalo_particular 1579701899548 360 232 touchmove 245 23 2.25 2.25 0 buffalo 0
specialty_collective_buffalo_particular 1579701899565 360 232 touchmove 244 23 2 2 0 buffalo 0
specialty_collective_buffalo_particular 1579701899582 360 232 touchmove 243 23 1.75 1.75 0 buffalo 0
specialty_collective_buffalo_particular 1579701899598 360 232 touchmove 243 23 1.75 1.75 0 buffalo 0
specialty_collective_buffalo_particular 1579701900131 360 232 touchmove 242 23 1.5 1.5 0 buffalo 0
specialty_collective_buffalo_particular 1579701900148 360 232 touchmove 242 23 1.5 1.5 0 buffalo 0
specialty_collective_buffalo_particular 1579701900164 360 232 touchmove 241 23 1.25 1.25 0 buffalo 0
specialty_collective_buffalo_particular 1579701900182 360 232 touchmove 241 24 1.5 1.5 0 buffalo 0
specialty_collective_buffalo_particular 1579701900198 360 232 touchmove 240 24 1.25 1.25 0 buffalo 0
specialty_collective_buffalo_particular 1579701900216 360 232 touchmove 238 26 1.25 1.25 0 buffalo 0
specialty_collective_buffalo_particular 1579701900232 360 232 touchmove 231 30 0.5 0.5 0 buffalo 0
specialty_collective_buffalo_particular 1579701900248 360 232 touchmove 223 35 1 1 0 buffalo 0
specialty_collective_buffalo_particular 1579701900265 360 232 touchmove 208 48 1.75 1.75 0 buffalo 0
specialty_collective_buffalo_particular 1579701900282 360 232 touchmove 198 57 1.5 1.5 0 buffalo 0
specialty_collective_buffalo_particular 1579701900300 360 232 touchmove 192 62 1.25 1.25 0 buffalo 0
specialty_collective_buffalo_particular 1579701900316 360 232 touchmove 179 73 2 2 0 buffalo 0
specialty_collective_buffalo_particular 1579701900332 360 232 touchmove 171 80 0.5 0.5 0 buffalo 0
specialty_collective_buffalo_particular 1579701900348 360 232 touchmove 166 84 1.5 1.5 0 buffalo 0
specialty_collective_buffalo_particular 1579701900365 360 232 touchmove 160 89 2.5 2.5 0 buffalo 0
specialty_collective_buffalo_particular 1579701900382 360 232 touchmove 157 92 1.25 1.25 0 buffalo 0
specialty_collective_buffalo_particular 1579701900398 360 232 touchmove 155 93 2.25 2.25 0 buffalo 0
specialty_collective_buffalo_particular 1579701900416 360 232 touchmove 153 95 2.25 2.25 0 buffalo 0
specialty_collective_buffalo_particular 1579701900431 360 232 touchmove 152 95 1 1 0 buffalo 0
specialty_collective_buffalo_particular 1579701900448 360 232 touchmove 151 96 1 1 0 buffalo 0
specialty_collective_buffalo_particular 1579701900464 360 232 touchmove 151 96 0.75 0.75 0 buffalo 0
specialty_collective_buffalo_particular 1579701900481 360 232 touchmove 150 96 0.75 0.75 0 buffalo 0
specialty_collective_buffalo_particular 1579701900498 360 232 touchmove 150 96 1.75 1.75 0 buffalo 0
specialty_collective_buffalo_particular 1579701900514 360 232 touchmove 149 96 1.75 1.75 0 buffalo 0
specialty_collective_buffalo_particular 1579701900564 360 232 touchmove 149 96 1.5 1.5 0 buffalo 0
specialty_collective_buffalo_particular 1579701900581 360 232 touchmove 148 96 1.5 1.5 0 buffalo 0
specialty_collective_buffalo_particular 1579701900597 360 232 touchmove 148 96 1.25 1.25 0 buffalo 0
specialty_collective_buffalo_particular 1579701900957 360 232 touchmove 148 97 1.5 1.5 0 buffalo 0
specialty_collective_buffalo_particular 1579701900968 360 232 touchmove 149 98 2 2 0 buffalo 0
specialty_collective_buffalo_particular 1579701900983 360 232 touchmove 152 100 1 1 0 buffalo 0
specialty_collective_buffalo_particular 1579701900999 360 232 touchmove 156 103 1.25 1.25 0 buffalo 0
specialty_collective_buffalo_particular 1579701901016 360 232 touchmove 157 105 2 2 0 buffalo 0
specialty_collective_buffalo_particular 1579701901033 360 232 touchmove 158 106 1.25 1.25 0 buffalo 0
specialty_collective_buffalo_particular 1579701901050 360 232 touchmove 159 106 1.5 1.5 0 buffalo 0
specialty_collective_buffalo_particular 1579701901148 360 232 touchmove 158 106 1.5 1.5 0 buffalo 0
specialty_collective_buffalo_particular 1579701901166 360 232 touchmove 157 106 1.25 1.25 0 buffalo 0
specialty_collective_buffalo_particular 1579701901188 360 232 touchmove 156 106 0.75 0.75 0 buffalo 0
specialty_collective_buffalo_particular 1579701901208 360 232 touchmove 154 104 2.5 2.5 0 buffalo 0
specialty_collective_buffalo_particular 1579701901234 360 232 touchmove 154 104 2.25 2.25 0 buffalo 0
specialty_collective_buffalo_particular 1579701901251 360 232 touchmove 153 103 2 2 0 buffalo 0
specialty_collective_buffalo_particular 1579701901271 360 232 touchmove 153 103 1.75 1.75 0 buffalo 0
specialty_collective_buffalo_particular 1579701901287 360 232 touchmove 152 102 1.5 1.5 0 buffalo 0
specialty_collective_buffalo_particular 1579701901304 360 232 touchmove 152 102 1.25 1.25 0 buffalo 0
specialty_collective_buffalo_particular 1579701901317 360 232 touchmove 151 101 0.75 0.75 0 buffalo 0
specialty_collective_buffalo_particular 1579701901332 360 232 touchmove 150 101 1.75 1.75 0 buffalo 0
specialty_collective_buffalo_particular 1579701901349 360 232 touchmove 149 101 1.5 1.5 0 buffalo 0
specialty_collective_buffalo_particular 1579701901367 360 232 touchmove 148 100 1.25 1.25 0 buffalo 0
specialty_collective_buffalo_particular 1579701901383 360 232 touchmove 148 100 1 1 0 buffalo 0
specialty_collective_buffalo_particular 1579701901401 360 232 touchmove 147 100 2 2 0 buffalo 0
specialty_collective_buffalo_particular 1579701901416 360 232 touchmove 146 100 1.75 1.75 0 buffalo 0
specialty_collective_buffalo_particular 1579701901433 360 232 touchmove 145 100 1.5 1.5 0 buffalo 0
specialty_collective_buffalo_particular 1579701901451 360 232 touchmove 142 100 2 2 0 buffalo 0
specialty_collective_buffalo_particular 1579701901467 360 232 touchmove 129 98 2 2 0 buffalo 0
specialty_collective_buffalo_particular 1579701901485 360 232 touchmove 106 94 1.75 1.75 0 buffalo 0
specialty_collective_buffalo_particular 1579701901499 360 232 touchmove 95 92 1 1 0 buffalo 0
specialty_collective_buffalo_particular 1579701901517 360 232 touchmove 71 90 1.75 1.75 0 buffalo 0
specialty_collective_buffalo_particular 1579701901535 360 232 touchmove 59 89 2.25 2.25 0 buffalo 0
specialty_collective_buffalo_particular 1579701901553 360 232 touchmove 48 88 1.75 1.75 0 buffalo 0
specialty_collective_buffalo_particular 1579701901568 360 232 touchmove 38 88 1.75 1.75 0 buffalo 0
specialty_collective_buffalo_particular 1579701901583 360 232 touchmove 34 88 2.25 2.25 0 buffalo 0
specialty_collective_buffalo_particular 1579701901598 360 232 touchmove 28 89 2 2 0 buffalo 0
specialty_collective_buffalo_particular 1579701901615 360 232 touchmove 26 89 1.5 1.5 0 buffalo 0
specialty_collective_buffalo_particular 1579701901632 360 232 touchmove 25 89 2.5 2.5 0 buffalo 0
specialty_collective_buffalo_particular 1579701901648 360 232 touchmove 24 89 2.25 2.25 0 buffalo 0
specialty_collective_buffalo_particular 1579701901664 360 232 touchmove 23 89 2 2 0 buffalo 0
specialty_collective_buffalo_particular 1579701901681 360 232 touchmove 23 89 2 2 0 buffalo 0
specialty_collective_buffalo_particular 1579701901780 360 232 touchmove 23 89 2 2 0 buffalo 0
specialty_collective_buffalo_particular 1579701901797 360 232 touchmove 24 89 2.25 2.25 0 buffalo 0
specialty_collective_buffalo_particular 1579701901813 360 232 touchmove 25 89 2.5 2.5 0 buffalo 0
specialty_collective_buffalo_particular 1579701901832 360 232 touchmove 26 89 1.5 1.5 0 buffalo 0
specialty_collective_buffalo_particular 1579701901849 360 232 touchmove 26 89 1.5 1.5 0 buffalo 0
specialty_collective_buffalo_particular 1579701901864 360 232 touchmove 29 91 1.5 1.5 0 buffalo 0
specialty_collective_buffalo_particular 1579701901880 360 232 touchmove 41 94 1.5 1.5 0 buffalo 0
specialty_collective_buffalo_particular 1579701901897 360 232 touchmove 67 98 1.5 1.5 0 buffalo 0
specialty_collective_buffalo_particular 1579701901914 360 232 touchmove 120 104 1.25 1.25 0 buffalo 0
specialty_collective_buffalo_particular 1579701901930 360 232 touchmove 164 110 2.5 2.5 0 buffalo 0
specialty_collective_buffalo_particular 1579701901947 360 232 touchmove 203 112 1.75 1.75 0 buffalo 0
specialty_collective_buffalo_particular 1579701901964 360 232 touchmove 237 112 1.5 1.5 0 buffalo 0
specialty_collective_buffalo_particular 1579701901981 360 232 touchmove 252 111 1 1 0 buffalo 0
specialty_collective_buffalo_particular 1579701902006 360 232 touchmove 286 108 1.5 1.5 0 buffalo 0
specialty_collective_buffalo_particular 1579701902018 360 232 touchmove 299 107 1.75 1.75 0 buffalo 0
specialty_collective_buffalo_particular 1579701902034 360 232 touchmove 306 107 1 1 0 buffalo 0
specialty_collective_buffalo_particular 1579701902047 360 232 touchmove 308 107 1.5 1.5 0 buffalo 0
specialty_collective_buffalo_particular 1579701902064 360 232 touchmove 312 107 1.25 1.25 0 buffalo 0
specialty_collective_buffalo_particular 1579701902080 360 232 touchmove 314 107 2 2 0 buffalo 0
specialty_collective_buffalo_particular 1579701902098 360 232 touchmove 316 107 1.25 1.25 0 buffalo 0
specialty_collective_buffalo_particular 1579701902115 360 232 touchmove 319 107 1.75 1.75 0 buffalo 0
specialty_collective_buffalo_particular 1579701902131 360 232 touchmove 320 107 0.75 0.75 0 buffalo 0
specialty_collective_buffalo_particular 1579701902148 360 232 touchmove 322 106 1 1 0 buffalo 0
specialty_collective_buffalo_particular 1579701902164 360 232 touchmove 323 105 1.25 1.25 0 buffalo 0
specialty_collective_buffalo_particular 1579701902180 360 232 touchmove 324 105 2.5 2.5 0 buffalo 0
specialty_collective_buffalo_particular 1579701902200 360 232 touchmove 325 103 2.25 2.25 0 buffalo 0
specialty_collective_buffalo_particular 1579701902215 360 232 touchmove 325 99 2.5 2.5 0 buffalo 0
specialty_collective_buffalo_particular 1579701902231 360 232 touchmove 321 85 1.75 1.75 0 buffalo 0
specialty_collective_buffalo_particular 1579701902249 360 232 touchmove 307 57 1.25 1.25 0 buffalo 0
specialty_collective_buffalo_particular 1579701902263 360 232 touchmove 299 46 1.5 1.5 0 buffalo 0
specialty_collective_buffalo_particular 1579701902281 360 232 touchmove 293 36 1.5 1.5 0 buffalo 0
specialty_collective_buffalo_particular 1579701902299 360 232 touchmove 287 30 1 1 0 buffalo 0
specialty_collective_buffalo_particular 1579701902314 360 232 touchmove 286 29 1.5 1.5 0 buffalo 0
specialty_collective_buffalo_particular 1579701902330 360 232 touchmove 284 27 2 2 0 buffalo 0
specialty_collective_buffalo_particular 1579701902346 360 232 touchmove 284 26 1.5 1.5 0 buffalo 0
specialty_collective_buffalo_particular 1579701902363 360 232 touchmove 283 26 1.25 1.25 0 buffalo 0
specialty_collective_buffalo_particular 1579701902380 360 232 touchmove 283 25 2.25 2.25 0 buffalo 0
specialty_collective_buffalo_particular 1579701902397 360 232 touchmove 283 23 1.75 1.75 0 buffalo 0
specialty_collective_buffalo_particular 1579701902414 360 232 touchmove 283 22 1.5 1.5 0 buffalo 0
specialty_collective_buffalo_particular 1579701902416 360 232 touchend 283 22 1.5 1.5 0 buffalo 0
specialty_collective_buffalo_particular 1579701903233 360 232 touchstart 348 23 1.75 1.75 0 particular 0
specialty_collective_buffalo_particular 1579701903428 360 232 touchmove 347 23 1.5 1.5 0 particular 0
specialty_collective_buffalo_particular 1579701903445 360 232 touchmove 340 24 2.5 2.5 0 particular 0
specialty_collective_buffalo_particular 1579701903463 360 232 touchmove 336 24 1.5 1.5 0 particular 0
specialty_collective_buffalo_particular 1579701903480 360 232 touchmove 331 24 1.75 1.75 0 particular 0
specialty_collective_buffalo_particular 1579701903502 360 232 touchmove 325 25 1.5 1.5 0 particular 0
specialty_collective_buffalo_particular 1579701903522 360 232 touchmove 306 26 0.75 0.75 0 particular 0
specialty_collective_buffalo_particular 1579701903546 360 232 touchmove 277 29 1.75 1.75 0 particular 0
specialty_collective_buffalo_particular 1579701903564 360 232 touchmove 218 39 2 2 0 particular 0
specialty_collective_buffalo_particular 1579701903582 360 232 touchmove 174 50 2.5 2.5 0 particular 0
specialty_collective_buffalo_particular 1579701903602 360 232 touchmove 136 60 1.75 1.75 0 particular 0
specialty_collective_buffalo_particular 1579701903616 360 232 touchmove 104 67 2 2 0 particular 0
specialty_collective_buffalo_particular 1579701903628 360 232 touchmove 91 71 0.75 0.75 0 particular 0
specialty_collective_buffalo_particular 1579701903646 360 232 touchmove 75 74 1.25 1.25 0 particular 0
specialty_collective_buffalo_particular 1579701903662 360 232 touchmove 61 77 1 1 0 particular 0
specialty_collective_buffalo_particular 1579701903680 360 232 touchmove 51 81 0.75 0.75 0 particular 0
specialty_collective_buffalo_particular 1579701903699 360 232 touchmove 42 84 2 2 0 particular 0
specialty_collective_buffalo_particular 1579701903716 360 232 touchmove 36 86 1 1 0 particular 0
specialty_collective_buffalo_particular 1579701903733 360 232 touchmove 32 88 1.5 1.5 0 particular 0
specialty_collective_buffalo_particular 1579701903749 360 232 touchmove 29 89 2.25 2.25 0 particular 0
specialty_collective_buffalo_particular 1579701903767 360 232 touchmove 27 89 2 2 0 particular 0
specialty_collective_buffalo_particular 1579701903782 360 232 touchmove 26 89 1.75 1.75 0 particular 0
specialty_collective_buffalo_particular 1579701903798 360 232 touchmove 26 90 1.75 1.75 0 particular 0
specialty_collective_buffalo_particular 1579701903812 360 232 touchmove 25 90 1.5 1.5 0 particular 0
specialty_collective_buffalo_particular 1579701903829 360 232 touchmove 25 90 2.75 2.75 0 particular 0
specialty_collective_buffalo_particular 1579701903894 360 232 touchmove 25 89 2.5 2.5 0 particular 0
specialty_collective_buffalo_particular 1579701903919 360 232 touchmove 25 89 2.5 2.5 0 particular 0
specialty_collective_buffalo_particular 1579701903945 360 232 touchmove 25 89 1.25 1.25 0 particular 0
specialty_collective_buffalo_particular 1579701903961 360 232 touchmove 26 89 1.5 1.5 0 particular 0
specialty_collective_buffalo_particular 1579701903978 360 232 touchmove 27 89 1.75 1.75 0 particular 0
specialty_collective_buffalo_particular 1579701903997 360 232 touchmove 29 89 2.25 2.25 0 particular 0
specialty_collective_buffalo_particular 1579701904011 360 232 touchmove 34 90 2.5 2.5 0 particular 0
specialty_collective_buffalo_particular 1579701904028 360 232 touchmove 37 91 1.25 1.25 0 particular 0
specialty_collective_buffalo_particular 1579701904044 360 232 touchmove 39 92 1.75 1.75 0 particular 0
specialty_collective_buffalo_particular 1579701904063 360 232 touchmove 40 92 2 2 0 particular 0
specialty_collective_buffalo_particular 1579701904080 360 232 touchmove 41 92 1 1 0 particular 0
specialty_collective_buffalo_particular 1579701904097 360 232 touchmove 41 92 1 1 0 particular 0
specialty_collective_buffalo_particular 1579701904161 360 232 touchmove 43 92 1.5 1.5 0 particular 0
specialty_collective_buffalo_particular 1579701904178 360 232 touchmove 44 91 1.75 1.75 0 particular 0
specialty_collective_buffalo_particular 1579701904195 360 232 touchmove 69 84 2.25 2.25 0 particular 0
specialty_collective_buffalo_particular 1579701904212 360 232 touchmove 90 77 1 1 0 particular 0
specialty_collective_buffalo_particular 1579701904228 360 232 touchmove 106 72 1 1 0 particular 0
specialty_collective_buffalo_particular 1579701904246 360 232 touchmove 118 65 2.25 2.25 0 particular 0
specialty_collective_buffalo_particular 1579701904264 360 232 touchmove 133 55 2.25 2.25 0 particular 0
specialty_collective_buffalo_particular 1579701904281 360 232 touchmove 147 46 1 1 0 particular 0
specialty_collective_buffalo_particular 1579701904296 360 232 touchmove 160 37 2 2 0 particular 0
specialty_collective_buffalo_particular 1579701904312 360 232 touchmove 163 35 2.25 2.25 0 particular 0
specialty_collective_buffalo_particular 1579701904330 360 232 touchmove 170 31 1.75 1.75 0 particular 0
specialty_collective_buffalo_particular 1579701904347 360 232 touchmove 170 30 0.5 0.5 0 particular 0
specialty_collective_buffalo_particular 1579701904366 360 232 touchmove 171 30 1.75 1.75 0 particular 0
specialty_collective_buffalo_particular 1579701904382 360 232 touchmove 171 29 1.5 1.5 0 particular 0
specialty_collective_buffalo_particular 1579701904510 360 232 touchmove 171 30 1.75 1.75 0 particular 0
specialty_collective_buffalo_particular 1579701904527 360 232 touchmove 171 30 0.5 0.5 0 particular 0
specialty_collective_buffalo_particular 1579701904626 360 232 touchmove 171 31 0.75 0.75 0 particular 0
specialty_collective_buffalo_particular 1579701904644 360 232 touchmove 171 31 0.75 0.75 0 particular 0
specialty_collective_buffalo_particular 1579701904662 360 232 touchmove 171 32 1 1 0 particular 0
specialty_collective_buffalo_particular 1579701904678 360 232 touchmove 171 33 1.25 1.25 0 particular 0
specialty_collective_buffalo_particular 1579701904695 360 232 touchmove 172 33 1.5 1.5 0 particular 0
specialty_collective_buffalo_particular 1579701904712 360 232 touchmove 173 34 2 2 0 particular 0
specialty_collective_buffalo_particular 1579701904729 360 232 touchmove 180 36 1.75 1.75 0 particular 0
specialty_collective_buffalo_particular 1579701904745 360 232 touchmove 195 41 0.75 0.75 0 particular 0
specialty_collective_buffalo_particular 1579701904762 360 232 touchmove 205 42 2 2 0 particular 0
specialty_collective_buffalo_particular 1579701904777 360 232 touchmove 209 41 1.5 1.5 0 particular 0
specialty_collective_buffalo_particular 1579701904794 360 232 touchmove 216 41 0.75 0.75 0 particular 0
specialty_collective_buffalo_particular 1579701904811 360 232 touchmove 218 40 1.25 1.25 0 particular 0
specialty_collective_buffalo_particular 1579701904829 360 232 touchmove 219 39 2.5 2.5 0 particular 0
specialty_collective_buffalo_particular 1579701904845 360 232 touchmove 220 39 1.25 1.25 0 particular 0
specialty_collective_buffalo_particular 1579701904862 360 232 touchmove 221 38 1.25 1.25 0 particular 0
specialty_collective_buffalo_particular 1579701904877 360 232 touchmove 221 38 1.25 1.25 0 particular 0
specialty_collective_buffalo_particular 1579701904893 360 232 touchmove 221 37 1 1 0 particular 0
specialty_collective_buffalo_particular 1579701905009 360 232 touchmove 220 37 1 1 0 particular 0
specialty_collective_buffalo_particular 1579701905059 360 232 touchmove 220 37 2 2 0 particular 0
specialty_collective_buffalo_particular 1579701905359 360 232 touchmove 219 37 2 2 0 particular 0
specialty_collective_buffalo_particular 1579701905575 360 232 touchmove 219 38 2 2 0 particular 0
specialty_collective_buffalo_particular 1579701905595 360 232 touchmove 221 39 1.5 1.5 0 particular 0
specialty_collective_buffalo_particular 1579701905609 360 232 touchmove 227 42 1.25 1.25 0 particular 0
specialty_collective_buffalo_particular 1579701905628 360 232 touchmove 241 45 0.75 0.75 0 particular 0
specialty_collective_buffalo_particular 1579701905644 360 232 touchmove 250 47 1 1 0 particular 0
specialty_collective_buffalo_particular 1579701905661 360 232 touchmove 259 49 2.25 2.25 0 particular 0
specialty_collective_buffalo_particular 1579701905677 360 232 touchmove 265 49 1.5 1.5 0 particular 0
specialty_collective_buffalo_particular 1579701905693 360 232 touchmove 271 50 1.75 1.75 0 particular 0
specialty_collective_buffalo_particular 1579701905711 360 232 touchmove 274 51 1.5 1.5 0 particular 0
specialty_collective_buffalo_particular 1579701905726 360 232 touchmove 276 51 0.75 0.75 0 particular 0
specialty_collective_buffalo_particular 1579701905742 360 232 touchmove 276 51 0.75 0.75 0 particular 0
specialty_collective_buffalo_particular 1579701905760 360 232 touchmove 278 51 1.25 1.25 0 particular 0
specialty_collective_buffalo_particular 1579701905776 360 232 touchmove 278 51 1.25 1.25 0 particular 0
specialty_collective_buffalo_particular 1579701905794 360 232 touchmove 279 51 1.5 1.5 0 particular 0
specialty_collective_buffalo_particular 1579701905908 360 232 touchmove 278 51 1.5 1.5 0 particular 0
specialty_collective_buffalo_particular 1579701905943 360 232 touchmove 278 51 1.25 1.25 0 particular 0
specialty_collective_buffalo_particular 1579701905960 360 232 touchmove 277 51 1.25 1.25 0 particular 0
specialty_collective_buffalo_particular 1579701906075 360 232 touchmove 277 51 1 1 0 particular 0
specialty_collective_buffalo_particular 1579701906091 360 232 touchmove 276 51 1 1 0 particular 0
specialty_collective_buffalo_particular 1579701906108 360 232 touchmove 276 51 0.75 0.75 0 particular 0
specialty_collective_buffalo_particular 1579701906125 360 232 touchmove 275 51 1.75 1.75 0 particular 0
specialty_collective_buffalo_particular 1579701906143 360 232 touchmove 274 52 1.75 1.75 0 particular 0
specialty_collective_buffalo_particular 1579701906161 360 232 touchmove 273 53 1.75 1.75 0 particular 0
specialty_collective_buffalo_particular 1579701906175 360 232 touchmove 272 53 1.5 1.5 0 particular 0
specialty_collective_buffalo_particular 1579701906192 360 232 touchmove 271 54 1.5 1.5 0 particular 0
specialty_collective_buffalo_particular 1579701906209 360 232 touchmove 269 54 2.5 2.5 0 particular 0
specialty_collective_buffalo_particular 1579701906225 360 232 touchmove 268 54 2.25 2.25 0 particular 0
specialty_collective_buffalo_particular 1579701906243 360 232 touchmove 267 54 1.75 1.75 0 particular 0
specialty_collective_buffalo_particular 1579701906260 360 232 touchmove 266 54 1.5 1.5 0 particular 0
specialty_collective_buffalo_particular 1579701906275 360 232 touchmove 265 55 2.75 2.75 0 particular 0
specialty_collective_buffalo_particular 1579701906293 360 232 touchmove 264 55 2.5 2.5 0 particular 0
specialty_collective_buffalo_particular 1579701906309 360 232 touchmove 261 56 0.75 0.75 0 particular 0
specialty_collective_buffalo_particular 1579701906326 360 232 touchmove 248 60 2.25 2.25 0 particular 0
specialty_collective_buffalo_particular 1579701906342 360 232 touchmove 218 72 1.5 1.5 0 particular 0
specialty_collective_buffalo_particular 1579701906359 360 232 touchmove 206 79 1.5 1.5 0 particular 0
specialty_collective_buffalo_particular 1579701906377 360 232 touchmove 184 100 2.5 2.5 0 particular 0
specialty_collective_buffalo_particular 1579701906394 360 232 touchmove 160 129 1.5 1.5 0 particular 0
specialty_collective_buffalo_particular 1579701906411 360 232 touchmove 149 144 2.5 2.5 0 particular 0
specialty_collective_buffalo_particular 1579701906426 360 232 touchmove 143 150 1.25 1.25 0 particular 0
specialty_collective_buffalo_particular 1579701906443 360 232 touchmove 135 159 1.25 1.25 0 particular 0
specialty_collective_buffalo_particular 1579701906460 360 232 touchmove 133 161 1.5 1.5 0 particular 0
specialty_collective_buffalo_particular 1579701906478 360 232 touchmove 133 161 1.25 1.25 0 particular 0
specialty_collective_buffalo_particular 1579701906493 360 232 touchmove 132 161 1.25 1.25 0 particular 0
specialty_collective_buffalo_particular 1579701906512 360 232 touchmove 132 161 1 1 0 particular 0
specialty_collective_buffalo_particular 1579701906560 360 232 touchmove 133 162 1.5 1.5 0 particular 0
specialty_collective_buffalo_particular 1579701906577 360 232 touchmove 140 161 1.75 1.75 0 particular 0
specialty_collective_buffalo_particular 1579701906592 360 232 touchmove 152 159 1.75 1.75 0 particular 0
specialty_collective_buffalo_particular 1579701906612 360 232 touchmove 168 152 1.5 1.5 0 particular 0
specialty_collective_buffalo_particular 1579701906628 360 232 touchmove 173 150 2.25 2.25 0 particular 0
specialty_collective_buffalo_particular 1579701906646 360 232 touchmove 187 136 1.25 1.25 0 particular 0
specialty_collective_buffalo_particular 1579701906663 360 232 touchmove 201 118 1.25 1.25 0 particular 0
specialty_collective_buffalo_particular 1579701906680 360 232 touchmove 214 97 2 2 0 particular 0
specialty_collective_buffalo_particular 1579701906694 360 232 touchmove 229 74 2.5 2.5 0 particular 0
specialty_collective_buffalo_particular 1579701906713 360 232 touchmove 238 55 2.25 2.25 0 particular 0
specialty_collective_buffalo_particular 1579701906728 360 232 touchmove 239 49 2.25 2.25 0 particular 0
specialty_collective_buffalo_particular 1579701906747 360 232 touchmove 240 46 0.5 0.5 0 particular 0
specialty_collective_buffalo_particular 1579701906762 360 232 touchmove 241 44 1.5 1.5 0 particular 0
specialty_collective_buffalo_particular 1579701906776 360 232 touchmove 241 43 1.25 1.25 0 particular 0
specialty_collective_buffalo_particular 1579701906796 360 232 touchmove 241 42 1 1 0 particular 0
specialty_collective_buffalo_particular 1579701906810 360 232 touchmove 241 42 1 1 0 particular 0
specialty_collective_buffalo_particular 1579701906831 360 232 touchmove 241 41 0.75 0.75 0 particular 0
specialty_collective_buffalo_particular 1579701906882 360 232 touchmove 244 43 2 2 0 particular 0
specialty_collective_buffalo_particular 1579701906896 360 232 touchmove 255 50 0.5 0.5 0 particular 0
specialty_collective_buffalo_particular 1579701906911 360 232 touchmove 266 56 0.75 0.75 0 particular 0
specialty_collective_buffalo_particular 1579701906933 360 232 touchmove 287 73 1.5 1.5 0 particular 0
specialty_collective_buffalo_particular 1579701906956 360 232 touchmove 307 87 1.25 1.25 0 particular 0
specialty_collective_buffalo_particular 1579701906978 360 232 touchmove 321 95 0.5 0.5 0 particular 0
specialty_collective_buffalo_particular 1579701906999 360 232 touchmove 327 98 1.75 1.75 0 particular 0
specialty_collective_buffalo_particular 1579701907017 360 232 touchmove 332 99 1.75 1.75 0 particular 0
specialty_collective_buffalo_particular 1579701907033 360 232 touchmove 334 99 2.25 2.25 0 particular 0
specialty_collective_buffalo_particular 1579701907050 360 232 touchmove 335 99 2.5 2.5 0 particular 0
specialty_collective_buffalo_particular 1579701907067 360 232 touchmove 335 98 2.25 2.25 0 particular 0
specialty_collective_buffalo_particular 1579701907080 360 232 touchmove 332 97 1.25 1.25 0 particular 0
specialty_collective_buffalo_particular 1579701907095 360 232 touchmove 323 93 2 2 0 particular 0
specialty_collective_buffalo_particular 1579701907112 360 232 touchmove 300 87 1 1 0 particular 0
specialty_collective_buffalo_particular 1579701907132 360 232 touchmove 261 80 0.5 0.5 0 particular 0
specialty_collective_buffalo_particular 1579701907149 360 232 touchmove 201 75 0.75 0.75 0 particular 0
specialty_collective_buffalo_particular 1579701907172 360 232 touchmove 122 87 1.25 1.25 0 particular 0
specialty_collective_buffalo_particular 1579701907196 360 232 touchmove 102 91 1 1 0 particular 0
specialty_collective_buffalo_particular 1579701907218 360 232 touchmove 76 92 1 1 0 particular 0
specialty_collective_buffalo_particular 1579701907228 360 232 touchmove 65 92 2 2 0 particular 0
specialty_collective_buffalo_particular 1579701907246 360 232 touchmove 42 93 1.5 1.5 0 particular 0
specialty_collective_buffalo_particular 1579701907264 360 232 touchmove 32 94 1.75 1.75 0 particular 0
specialty_collective_buffalo_particular 1579701907276 360 232 touchmove 29 94 2.25 2.25 0 particular 0
specialty_collective_buffalo_particular 1579701907297 360 232 touchmove 26 94 1.75 1.75 0 particular 0
specialty_collective_buffalo_particular 1579701907311 360 232 touchmove 25 94 1.25 1.25 0 particular 0
specialty_collective_buffalo_particular 1579701907326 360 232 touchmove 25 93 2.25 2.25 0 particular 0
specialty_collective_buffalo_particular 1579701907346 360 232 touchmove 24 93 2 2 0 particular 0
specialty_collective_buffalo_particular 1579701907365 360 232 touchmove 24 92 1.75 1.75 0 particular 0
specialty_collective_buffalo_particular 1579701907382 360 232 touchmove 29 87 1.75 1.75 0 particular 0
specialty_collective_buffalo_particular 1579701907401 360 232 touchmove 56 65 1.75 1.75 0 particular 0
specialty_collective_buffalo_particular 1579701907432 360 232 touchmove 82 48 1.5 1.5 0 particular 0
specialty_collective_buffalo_particular 1579701907450 360 232 touchmove 115 30 0.5 0.5 0 particular 0
specialty_collective_buffalo_particular 1579701907465 360 232 touchmove 124 27 2 2 0 particular 0
specialty_collective_buffalo_particular 1579701907480 360 232 touchmove 135 24 1.5 1.5 0 particular 0
specialty_collective_buffalo_particular 1579701907492 360 232 touchmove 137 24 1.75 1.75 0 particular 0
specialty_collective_buffalo_particular 1579701907509 360 232 touchmove 138 23 1.75 1.75 0 particular 0
specialty_collective_buffalo_particular 1579701907526 360 232 touchmove 139 23 2 2 0 particular 0
specialty_collective_buffalo_particular 1579701907542 360 232 touchmove 139 23 2.25 2.25 0 particular 0
specialty_collective_buffalo_particular 1579701907561 360 232 touchmove 141 24 1.75 1.75 0 particular 0
specialty_collective_buffalo_particular 1579701907575 360 232 touchmove 142 24 1.75 1.75 0 particular 0
specialty_collective_buffalo_particular 1579701907593 360 232 touchmove 142 24 2 2 0 particular 0
specialty_collective_buffalo_particular 1579701907596 360 232 touchend 142 24 2 2 0 particular 0
im_still_here 1579701920133 360 232 touchstart 261 26 0.75 0.75 0 im 0
im_still_here 1579701920228 360 232 touchmove 261 29 1.5 1.5 0 im 0
im_still_here 1579701920245 360 232 touchmove 267 49 1.75 1.75 0 im 0
im_still_here 1579701920261 360 232 touchmove 274 75 1.5 1.5 0 im 0
im_still_here 1579701920278 360 232 touchmove 280 106 1.75 1.75 0 im 0
im_still_here 1579701920295 360 232 touchmove 284 131 1.75 1.75 0 im 0
im_still_here 1579701920311 360 232 touchmove 289 143 2 2 0 im 0
im_still_here 1579701920328 360 232 touchmove 294 150 1.25 1.25 0 im 0
im_still_here 1579701920346 360 232 touchmove 299 158 2 2 0 im 0
im_still_here 1579701920361 360 232 touchmove 303 163 2 2 0 im 0
im_still_here 1579701920377 360 232 touchmove 309 167 2 2 0 im 0
im_still_here 1579701920394 360 232 touchmove 316 171 0.75 0.75 0 im 0
im_still_here 1579701920411 360 232 touchmove 317 175 2 2 0 im 0
im_still_here 1579701920428 360 232 touchend 317 175 2 2 0 im 0
im_still_here 1579701921465 360 232 touchstart 74 96 1.5 1.5 0 still 0
im_still_here 1579701921577 360 232 touchmove 77 95 0.75 0.75 0 still 0
im_still_here 1579701921594 360 232 touchmove 97 89 1.75 1.75 0 still 0
im_still_here 1579701921622 360 232 touchmove 139 76 1.5 1.5 0 still 0
im_still_here 1579701921645 360 232 touchmove 180 53 2.25 2.25 0 still 0
im_still_here 1579701921663 360 232 touchmove 181 51 1 1 0 still 0
im_still_here 1579701921679 360 232 touchmove 181 50 0.75 0.75 0 still 0
im_still_here 1579701921695 360 232 touchmove 177 42 1.25 1.25 0 still 0
im_still_here 1579701921711 360 232 touchmove 170 35 2.75 2.75 0 still 0
im_still_here 1579701921725 360 232 touchmove 167 32 1.25 1.25 0 still 0
im_still_here 1579701921743 360 232 touchmove 163 31 1.5 1.5 0 still 0
im_still_here 1579701921760 360 232 touchmove 159 31 1.75 1.75 0 still 0
im_still_here 1579701921775 360 232 touchmove 156 32 1 1 0 still 0
im_still_here 1579701921792 360 232 touchmove 154 32 2 2 0 still 0
im_still_here 1579701921809 360 232 touchmove 153 32 1.75 1.75 0 still 0
im_still_here 1579701921825 360 232 touchmove 153 32 1.5 1.5 0 still 0
im_still_here 1579701921842 360 232 touchmove 152 32 1.5 1.5 0 still 0
im_still_here 1579701921859 360 232 touchmove 152 32 1.25 1.25 0 still 0
im_still_here 1579701921909 360 232 touchmove 152 33 1.5 1.5 0 still 0
im_still_here 1579701921926 360 232 touchmove 154 35 2.5 2.5 0 still 0
im_still_here 1579701921943 360 232 touchmove 157 37 1.25 1.25 0 still 0
im_still_here 1579701921959 360 232 touchmove 159 39 2.25 2.25 0 still 0
im_still_here 1579701921976 360 232 touchmove 160 40 2.75 2.75 0 still 0
im_still_here 1579701921993 360 232 touchmove 160 40 0.5 0.5 0 still 0
im_still_here 1579701922010 360 232 touchmove 161 40 0.5 0.5 0 still 0
im_still_here 1579701922026 360 232 touchmove 161 40 0.75 0.75 0 still 0
im_still_here 1579701922043 360 232 touchmove 163 40 1.25 1.25 0 still 0
im_still_here 1579701922060 360 232 touchmove 165 40 1.5 1.5 0 still 0
im_still_here 1579701922077 360 232 touchmove 183 42 1.5 1.5 0 still 0
im_still_here 1579701922093 360 232 touchmove 205 39 2.5 2.5 0 still 0
im_still_here 1579701922110 360 232 touchmove 224 36 1.5 1.5 0 still 0
im_still_here 1579701922126 360 232 touchmove 236 33 1.25 1.25 0 still 0
im_still_here 1579701922143 360 232 touchmove 253 31 1.25 1.25 0 still 0
im_still_here 1579701922159 360 232 touchmove 256 30 1.75 1.75 0 still 0
im_still_here 1579701922176 360 232 touchmove 260 30 1.5 1.5 0 still 0
im_still_here 1579701922193 360 232 touchmove 263 30 1.25 1.25 0 still 0
im_still_here 1579701922209 360 232 touchmove 266 31 0.75 0.75 0 still 0
im_still_here 1579701922228 360 232 touchmove 277 36 1.25 1.25 0 still 0
im_still_here 1579701922243 360 232 touchmove 283 40 1 1 0 still 0
im_still_here 1579701922259 360 232 touchmove 293 48 2 2 0 still 0
im_still_here 1579701922276 360 232 touchmove 301 57 1 1 0 still 0
im_still_here 1579701922292 360 232 touchmove 308 67 1.5 1.5 0 still 0
im_still_here 1579701922309 360 232 touchmove 316 78 1.25 1.25 0 still 0
im_still_here 1579701922325 360 232 touchmove 317 82 1.25 1.25 0 still 0
im_still_here 1579701922343 360 232 touchmove 321 92 1 1 0 still 0
im_still_here 1579701922359 360 232 touchmove 321 93 1.5 1.5 0 still 0
im_still_here 1579701922376 360 232 touchmove 322 96 1 1 0 still 0
im_still_here 1579701922393 360 232 touchmove 324 97 1.75 1.75 0 still 0
im_still_here 1579701922426 360 232 touchmove 324 97 2 2 0 still 0
im_still_here 1579701922450 360 232 touchmove 325 97 2 2 0 still 0
im_still_here 1579701922463 360 232 touchmove 325 97 1 1 0 still 0
im_still_here 1579701922478 360 232 touchmove 325 97 0.75 0.75 0 still 0
im_still_here 1579701922492 360 232 touchmove 326 96 0.75 0.75 0 still 0
im_still_here 1579701922512 360 232 touchmove 328 94 2 2 0 still 0
im_still_here 1579701922525 360 232 touchmove 328 93 2 2 0 still 0
im_still_here 1579701922542 360 232 touchmove 331 92 1 1 0 still 0
im_still_here 1579701922560 360 232 touchmove 332 92 1.25 1.25 0 still 0
im_still_here 1579701922577 360 232 touchmove 333 91 1.25 1.25 0 still 0
im_still_here 1579701922593 360 232 touchmove 333 91 1.5 1.5 0 still 0
im_still_here 1579701922610 360 232 touchmove 336 91 0.75 0.75 0 still 0
im_still_here 1579701922626 360 232 touchmove 336 92 1 1 0 still 0
im_still_here 1579701922642 360 232 touchmove 339 91 1.5 1.5 0 still 0
im_still_here 1579701922659 360 232 touchend 339 91 1.5 1.5 0 still 0
im_still_here 1579701923545 360 232 touchstart 213 100 1 1 0 here 0
im_still_here 1579701923658 360 232 touchmove 209 98 2 2 0 here 0
im_still_here 1579701923675 360 232 touchmove 186 87 1 1 0 here 0
im_still_here 1579701923691 360 232 touchmove 138 67 1.75 1.75 0 here 0
im_still_here 1579701923707 360 232 touchmove 122 61 1 1 0 here 0
im_still_here 1579701923724 360 232 touchmove 104 56 1.5 1.5 0 here 0
im_still_here 1579701923740 360 232 touchmove 100 55 1.5 1.5 0 here 0
im_still_here 1579701923758 360 232 touchmove 94 53 2.25 2.25 0 here 0
im_still_here 1579701923774 360 232 touchmove 93 51 1.25 1.25 0 here 0
im_still_here 1579701923791 360 232 touchmove 92 49 1.75 1.75 0 here 0
im_still_here 1579701923807 360 232 touchmove 92 43 1.75 1.75 0 here 0
im_still_here 1579701923823 360 232 touchmove 99 30 1.5 1.5 0 here 0
im_still_here 1579701923840 360 232 touchmove 113 22 1.5 1.5 0 here 0
im_still_here 1579701923857 360 232 touchmove 119 21 1.5 1.5 0 here 0
im_still_here 1579701923873 360 232 touchmove 124 20 1.25 1.25 0 here 0
im_still_here 1579701923891 360 232 touchmove 129 21 1.75 1.75 0 here 0
im_still_here 1579701923908 360 232 touchmove 130 21 1.75 1.75 0 here 0
im_still_here 1579701923923 360 232 touchmove 130 22 0.75 0.75 0 here 0
im_still_here 1579701923940 360 232 touchmove 130 22 1 1 0 here 0
im_still_here 1579701923957 360 232 touchmove 130 23 2.25 2.25 0 here 0
im_still_here 1579701923974 360 232 touchmove 109 27 1.75 1.75 0 here 0
im_still_here 1579701923992 360 232 touchmove 82 32 1.25 1.25 0 here 0
im_still_here 1579701924006 360 232 touchmove 70 35 1.5 1.5 0 here 0
im_still_here 1579701924023 360 232 touchmove 65 37 0.75 0.75 0 here 0
im_still_here 1579701924040 360 232 touchmove 62 40 2 2 0 here 0
im_still_here 1579701924058 360 232 touchmove 61 43 1.25 1.25 0 here 0
im_still_here 1579701924073 360 232 touchmove 61 44 1.75 1.75 0 here 0
im_still_here 1579701924089 360 232 touchmove 62 45 2 2 0 here 0
im_still_here 1579701924106 360 232 touchmove 62 45 1 1 0 here 0
im_still_here 1579701924110 360 232 touchend 62 45 1 1 0 here 0
