sentence timestamp keyb_width keyb_height event x_pos y_pos x_radius y_radius angle word is_err
youre_the_greatest 1576920216466 360 213 touchstart 200 36 0.67138671875 0.67138671875 0 youre 0
youre_the_greatest 1576920216489 360 213 touchmove 200 36 0.738525390625 0.738525390625 0 youre 0
youre_the_greatest 1576920216507 360 213 touchmove 201 36 0.8056640625 0.8056640625 0 youre 0
youre_the_greatest 1576920216522 360 213 touchmove 201 35 0.8056640625 0.8056640625 0 youre 0
youre_the_greatest 1576920216539 360 213 touchmove 202 35 0.872802734375 0.872802734375 0 youre 0
youre_the_greatest 1576920216554 360 213 touchmove 203 35 0.8056640625 0.8056640625 0 youre 0
youre_the_greatest 1576920216572 360 213 touchmove 203 35 0.8056640625 0.8056640625 0 youre 0
youre_the_greatest 1576920216657 360 213 touchmove 203 35 0.872802734375 0.872802734375 0 youre 0
youre_the_greatest 1576920216674 360 213 touchmove 203 35 0.872802734375 0.872802734375 0 youre 0
youre_the_greatest 1576920216738 360 213 touchmove 204 35 0.872802734375 0.872802734375 0 youre 0
youre_the_greatest 1576920216755 360 213 touchmove 204 35 0.872802734375 0.872802734375 0 youre 0
youre_the_greatest 1576920216853 360 213 touchmove 204 36 0.872802734375 0.872802734375 0 youre 0
youre_the_greatest 1576920216873 360 213 touchmove 204 36 0.872802734375 0.872802734375 0 youre 0
youre_the_greatest 1576920216922 360 213 touchmove 203 39 0.872802734375 0.872802734375 0 youre 0
youre_the_greatest 1576920216940 360 213 touchmove 203 45 0.872802734375 0.872802734375 0 youre 0
youre_the_greatest 1576920216955 360 213 touchmove 205 52 0.738525390625 0.738525390625 0 youre 0
youre_the_greatest 1576920216972 360 213 touchmove 209 61 0.738525390625 0.738525390625 0 youre 0
youre_the_greatest 1576920216991 360 213 touchmove 215 68 0.8056640625 0.8056640625 0 youre 0
youre_the_greatest 1576920217005 360 213 touchmove 222 72 0.738525390625 0.738525390625 0 youre 0
youre_the_greatest 1576920217024 360 213 touchmove 229 75 0.738525390625 0.738525390625 0 youre 0
youre_the_greatest 1576920217038 360 213 touchmove 238 77 0.8056640625 0.8056640625 0 youre 0
youre_the_greatest 1576920217055 360 213 touchmove 247 78 0.738525390625 0.738525390625 0 youre 0
youre_the_greatest 1576920217071 360 213 touchmove 256 78 0.738525390625 0.738525390625 0 youre 0
youre_the_greatest 1576920217088 360 213 touchmove 262 78 0.738525390625 0.738525390625 0 youre 0
youre_the_greatest 1576920217105 360 213 touchmove 266 77 0.8056640625 0.8056640625 0 youre 0
youre_the_greatest 1576920217121 360 213 touchmove 269 76 0.8056640625 0.8056640625 0 youre 0
youre_the_greatest 1576920217138 360 213 touchmove 273 74 0.8056640625 0.8056640625 0 youre 0
youre_the_greatest 1576920217155 360 213 touchmove 277 72 0.738525390625 0.738525390625 0 youre 0
youre_the_greatest 1576920217171 360 213 touchmove 282 69 0.738525390625 0.738525390625 0 youre 0
youre_the_greatest 1576920217188 360 213 touchmove 286 66 0.8056640625 0.8056640625 0 youre 0
youre_the_greatest 1576920217204 360 213 touchmove 291 62 0.738525390625 0.738525390625 0 youre 0
youre_the_greatest 1576920217220 360 213 touchmove 295 57 0.738525390625 0.738525390625 0 youre 0
youre_the_greatest 1576920217238 360 213 touchmove 299 50 0.8056640625 0.8056640625 0 youre 0
youre_the_greatest 1576920217255 360 213 touchmove 302 42 0.8056640625 0.8056640625 0 youre 0
youre_the_greatest 1576920217271 360 213 touchmove 304 35 0.8056640625 0.8056640625 0 youre 0
youre_the_greatest 1576920217288 360 213 touchmove 305 30 0.738525390625 0.738525390625 0 youre 0
youre_the_greatest 1576920217304 360 213 touchmove 305 27 0.8056640625 0.8056640625 0 youre 0
youre_the_greatest 1576920217321 360 213 touchmove 305 25 0.8056640625 0.8056640625 0 youre 0
youre_the_greatest 1576920217337 360 213 touchmove 305 25 0.8056640625 0.8056640625 0 youre 0
youre_the_greatest 1576920217355 360 213 touchmove 305 24 0.8056640625 0.8056640625 0 youre 0
youre_the_greatest 1576920217371 360 213 touchmove 305 24 0.8056640625 0.8056640625 0 youre 0
youre_the_greatest 1576920217388 360 213 touchmove 305 24 0.8056640625 0.8056640625 0 youre 0
youre_the_greatest 1576920217405 360 213 touchmove 305 24 0.8056640625 0.8056640625 0 youre 0
youre_the_greatest 1576920217452 360 213 touchmove 304 24 0.8056640625 0.8056640625 0 youre 0
youre_the_greatest 1576920217471 360 213 touchmove 304 24 0.8056640625 0.8056640625 0 youre 0
youre_the_greatest 1576920217538 360 213 touchmove 305 25 0.8056640625 0.8056640625 0 youre 0
youre_the_greatest 1576920217587 360 213 touchmove 305 25 0.738525390625 0.738525390625 0 youre 0
youre_the_greatest 1576920217658 360 213 touchmove 305 25 0.8056640625 0.8056640625 0 youre 0
youre_the_greatest 1576920217675 360 213 touchmove 305 26 0.8056640625 0.8056640625 0 youre 0
youre_the_greatest 1576920217692 360 213 touchmove 304 27 0.8056640625 0.8056640625 0 youre 0
youre_the_greatest 1576920217708 360 213 touchmove 302 29 0.8056640625 0.8056640625 0 youre 0
youre_the_greatest 1576920217722 360 213 touchmove 297 33 0.8056640625 0.8056640625 0 youre 0
youre_the_greatest 1576920217739 360 213 touchmove 289 39 0.8056640625 0.8056640625 0 youre 0
youre_the_greatest 1576920217754 360 213 touchmove 280 47 0.8056640625 0.8056640625 0 youre 0
youre_the_greatest 1576920217771 360 213 touchmove 269 53 0.8056640625 0.8056640625 0 youre 0
youre_the_greatest 1576920217788 360 213 touchmove 258 59 0.8056640625 0.8056640625 0 youre 0
youre_the_greatest 1576920217807 360 213 touchmove 247 63 0.8056640625 0.8056640625 0 youre 0
youre_the_greatest 1576920217822 360 213 touchmove 239 67 0.8056640625 0.8056640625 0 youre 0
youre_the_greatest 1576920217838 360 213 touchmove 230 70 0.872802734375 0.872802734375 0 youre 0
youre_the_greatest 1576920217854 360 213 touchmove 222 73 0.8056640625 0.8056640625 0 youre 0
youre_the_greatest 1576920217871 360 213 touchmove 214 75 0.872802734375 0.872802734375 0 youre 0
youre_the_greatest 1576920217888 360 213 touchmove 203 77 0.8056640625 0.8056640625 0 youre 0
youre_the_greatest 1576920217904 360 213 touchmove 193 78 0.8056640625 0.8056640625 0 youre 0
youre_the_greatest 1576920217923 360 213 touchmove 184 79 0.8056640625 0.8056640625 0 youre 0
youre_the_greatest 1576920217938 360 213 touchmove 174 79 0.8056640625 0.8056640625 0 youre 0
youre_the_greatest 1576920217954 360 213 touchmove 165 79 0.8056640625 0.8056640625 0 youre 0
youre_the_greatest 1576920217970 360 213 touchmove 156 78 0.8056640625 0.8056640625 0 youre 0
youre_the_greatest 1576920217988 360 213 touchmove 149 77 0.872802734375 0.872802734375 0 youre 0
youre_the_greatest 1576920218004 360 213 touchmove 143 75 0.872802734375 0.872802734375 0 youre 0
youre_the_greatest 1576920218022 360 213 touchmove 139 75 0.8056640625 0.8056640625 0 youre 0
youre_the_greatest 1576920218038 360 213 touchmove 136 75 0.872802734375 0.872802734375 0 youre 0
youre_the_greatest 1576920218057 360 213 touchmove 133 75 0.8056640625 0.8056640625 0 youre 0
youre_the_greatest 1576920218071 360 213 touchmove 132 75 0.8056640625 0.8056640625 0 youre 0
youre_the_greatest 1576920218089 360 213 touchmove 130 76 0.8056640625 0.8056640625 0 youre 0
youre_the_greatest 1576920218104 360 213 touchmove 129 76 0.8056640625 0.8056640625 0 youre 0
youre_the_greatest 1576920218121 360 213 touchmove 128 76 0.8056640625 0.8056640625 0 youre 0
youre_the_greatest 1576920218137 360 213 touchmove 128 77 0.872802734375 0.872802734375 0 youre 0
youre_the_greatest 1576920218243 360 213 touchmove 128 77 0.872802734375 0.872802734375 0 youre 0
youre_the_greatest 1576920218258 360 213 touchmove 127 78 0.872802734375 0.872802734375 0 youre 0
youre_the_greatest 1576920218272 360 213 touchmove 126 80 0.872802734375 0.872802734375 0 youre 0
youre_the_greatest 1576920218288 360 213 touchmove 126 80 0.872802734375 0.872802734375 0 youre 0
youre_the_greatest 1576920218305 360 213 touchmove 126 81 0.872802734375 0.872802734375 0 youre 0
youre_the_greatest 1576920218321 360 213 touchmove 126 81 0.872802734375 0.872802734375 0 youre 0
youre_the_greatest 1576920218337 360 213 touchmove 126 82 0.872802734375 0.872802734375 0 youre 0
youre_the_greatest 1576920218354 360 213 touchmove 127 86 0.8056640625 0.8056640625 0 youre 0
youre_the_greatest 1576920218371 360 213 touchmove 130 91 0.872802734375 0.872802734375 0 youre 0
youre_the_greatest 1576920218386 360 213 touchmove 132 96 0.93994140625 0.93994140625 0 youre 0
youre_the_greatest 1576920218404 360 213 touchmove 136 101 0.872802734375 0.872802734375 0 youre 0
youre_the_greatest 1576920218423 360 213 touchmove 139 105 0.872802734375 0.872802734375 0 youre 0
youre_the_greatest 1576920218439 360 213 touchmove 143 110 0.872802734375 0.872802734375 0 youre 0
youre_the_greatest 1576920218454 360 213 touchmove 147 114 0.872802734375 0.872802734375 0 youre 0
youre_the_greatest 1576920218472 360 213 touchmove 150 119 0.872802734375 0.872802734375 0 youre 0
youre_the_greatest 1576920218488 360 213 touchmove 152 122 0.93994140625 0.93994140625 0 youre 0
youre_the_greatest 1576920218503 360 213 touchmove 154 125 0.872802734375 0.872802734375 0 youre 0
youre_the_greatest 1576920218521 360 213 touchmove 155 127 0.93994140625 0.93994140625 0 youre 0
youre_the_greatest 1576920218537 360 213 touchmove 156 127 0.872802734375 0.872802734375 0 youre 0
youre_the_greatest 1576920218554 360 213 touchmove 158 127 0.872802734375 0.872802734375 0 youre 0
youre_the_greatest 1576920218570 360 213 touchmove 162 126 0.8056640625 0.8056640625 0 youre 0
youre_the_greatest 1576920218589 360 213 touchmove 167 124 0.8056640625 0.8056640625 0 youre 0
youre_the_greatest 1576920218606 360 213 touchmove 169 124 0.8056640625 0.8056640625 0 youre 0
youre_the_greatest 1576920218621 360 213 touchmove 173 122 0.872802734375 0.872802734375 0 youre 0
youre_the_greatest 1576920218637 360 213 touchmove 176 120 0.872802734375 0.872802734375 0 youre 0
youre_the_greatest 1576920218654 360 213 touchmove 181 116 0.738525390625 0.738525390625 0 youre 0
youre_the_greatest 1576920218670 360 213 touchmove 187 111 0.8056640625 0.8056640625 0 youre 0
youre_the_greatest 1576920218688 360 213 touchmove 193 106 0.8056640625 0.8056640625 0 youre 0
youre_the_greatest 1576920218704 360 213 touchmove 200 102 0.872802734375 0.872802734375 0 youre 0
youre_the_greatest 1576920218722 360 213 touchmove 206 97 0.8056640625 0.8056640625 0 youre 0
youre_the_greatest 1576920218739 360 213 touchmove 211 90 0.738525390625 0.738525390625 0 youre 0
youre_the_greatest 1576920218753 360 213 touchmove 214 82 0.8056640625 0.8056640625 0 youre 0
youre_the_greatest 1576920218771 360 213 touchmove 217 73 0.872802734375 0.872802734375 0 youre 0
youre_the_greatest 1576920218787 360 213 touchmove 219 66 0.872802734375 0.872802734375 0 youre 0
youre_the_greatest 1576920218804 360 213 touchmove 218 58 0.8056640625 0.8056640625 0 youre 0
youre_the_greatest 1576920218821 360 213 touchmove 219 51 0.872802734375 0.872802734375 0 youre 0
youre_the_greatest 1576920218837 360 213 touchmove 219 45 0.93994140625 0.93994140625 0 youre 0
youre_the_greatest 1576920218854 360 213 touchmove 220 41 0.872802734375 0.872802734375 0 youre 0
youre_the_greatest 1576920218871 360 213 touchmove 222 38 0.93994140625 0.93994140625 0 youre 0
youre_the_greatest 1576920218887 360 213 touchmove 226 34 0.93994140625 0.93994140625 0 youre 0
youre_the_greatest 1576920218905 360 213 touchmove 228 32 0.93994140625 0.93994140625 0 youre 0
youre_the_greatest 1576920218921 360 213 touchmove 229 31 0.93994140625 0.93994140625 0 youre 0
youre_the_greatest 1576920218937 360 213 touchmove 230 30 0.93994140625 0.93994140625 0 youre 0
youre_the_greatest 1576920218954 360 213 touchmove 232 30 0.93994140625 0.93994140625 0 youre 0
youre_the_greatest 1576920218971 360 213 touchmove 237 27 0.872802734375 0.872802734375 0 youre 0
youre_the_greatest 1576920218987 360 213 touchmove 241 26 1.007080078125 1.007080078125 0 youre 0
youre_the_greatest 1576920219003 360 213 touchmove 243 25 0.93994140625 0.93994140625 0 youre 0
youre_the_greatest 1576920219020 360 213 touchmove 244 25 1.007080078125 1.007080078125 0 youre 0
youre_the_greatest 1576920219037 360 213 touchmove 245 25 1.007080078125 1.007080078125 0 youre 0
youre_the_greatest 1576920219054 360 213 touchmove 246 25 1.007080078125 1.007080078125 0 youre 0
youre_the_greatest 1576920219070 360 213 touchmove 246 25 1.007080078125 1.007080078125 0 youre 0
youre_the_greatest 1576920219087 360 213 touchmove 245 25 0.93994140625 0.93994140625 0 youre 0
youre_the_greatest 1576920219137 360 213 touchmove 245 25 1.007080078125 1.007080078125 0 youre 0
youre_the_greatest 1576920219154 360 213 touchmove 245 25 1.007080078125 1.007080078125 0 youre 0
youre_the_greatest 1576920219205 360 213 touchmove 244 25 1.007080078125 1.007080078125 0 youre 0
youre_the_greatest 1576920219237 360 213 touchmove 244 25 1.007080078125 1.007080078125 0 youre 0
youre_the_greatest 1576920219288 360 213 touchmove 243 26 1.007080078125 1.007080078125 0 youre 0
youre_the_greatest 1576920219336 360 213 touchmove 243 26 1.007080078125 1.007080078125 0 youre 0
youre_the_greatest 1576920219387 360 213 touchmove 243 26 1.007080078125 1.007080078125 0 youre 0
youre_the_greatest 1576920219490 360 213 touchmove 243 26 1.007080078125 1.007080078125 0 youre 0
youre_the_greatest 1576920219506 360 213 touchmove 243 26 1.007080078125 1.007080078125 0 youre 0
youre_the_greatest 1576920219552 360 213 touchmove 242 26 1.007080078125 1.007080078125 0 youre 0
youre_the_greatest 1576920219570 360 213 touchmove 242 26 0.93994140625 0.93994140625 0 youre 0
youre_the_greatest 1576920219588 360 213 touchmove 242 26 0.93994140625 0.93994140625 0 youre 0
youre_the_greatest 1576920219605 360 213 touchmove 241 26 1.007080078125 1.007080078125 0 youre 0
youre_the_greatest 1576920219621 360 213 touchmove 241 27 0.93994140625 0.93994140625 0 youre 0
youre_the_greatest 1576920219637 360 213 touchmove 240 27 0.93994140625 0.93994140625 0 youre 0
youre_the_greatest 1576920219654 360 213 touchmove 239 27 0.872802734375 0.872802734375 0 youre 0
youre_the_greatest 1576920219671 360 213 touchmove 238 26 0.93994140625 0.93994140625 0 youre 0
youre_the_greatest 1576920219688 360 213 touchmove 235 27 1.007080078125 1.007080078125 0 youre 0
youre_the_greatest 1576920219705 360 213 touchmove 229 28 1.007080078125 1.007080078125 0 youre 0
youre_the_greatest 1576920219721 360 213 touchmove 221 29 1.007080078125 1.007080078125 0 youre 0
youre_the_greatest 1576920219737 360 213 touchmove 210 31 0.872802734375 0.872802734375 0 youre 0
youre_the_greatest 1576920219754 360 213 touchmove 201 31 0.93994140625 0.93994140625 0 youre 0
youre_the_greatest 1576920219770 360 213 touchmove 193 32 0.872802734375 0.872802734375 0 youre 0
youre_the_greatest 1576920219788 360 213 touchmove 186 32 0.872802734375 0.872802734375 0 youre 0
youre_the_greatest 1576920219805 360 213 touchmove 181 32 0.93994140625 0.93994140625 0 youre 0
youre_the_greatest 1576920219823 360 213 touchmove 176 33 0.872802734375 0.872802734375 0 youre 0
youre_the_greatest 1576920219839 360 213 touchmove 169 34 0.872802734375 0.872802734375 0 youre 0
youre_the_greatest 1576920219854 360 213 touchmove 162 36 0.872802734375 0.872802734375 0 youre 0
youre_the_greatest 1576920219871 360 213 touchmove 154 37 0.872802734375 0.872802734375 0 youre 0
youre_the_greatest 1576920219887 360 213 touchmove 148 38 0.872802734375 0.872802734375 0 youre 0
youre_the_greatest 1576920219904 360 213 touchmove 142 38 0.872802734375 0.872802734375 0 youre 0
youre_the_greatest 1576920219920 360 213 touchmove 135 37 0.872802734375 0.872802734375 0 youre 0
youre_the_greatest 1576920219937 360 213 touchmove 130 36 0.872802734375 0.872802734375 0 youre 0
youre_the_greatest 1576920219953 360 213 touchmove 127 35 0.872802734375 0.872802734375 0 youre 0
youre_the_greatest 1576920219970 360 213 touchmove 124 34 0.872802734375 0.872802734375 0 youre 0
youre_the_greatest 1576920219987 360 213 touchmove 121 34 0.872802734375 0.872802734375 0 youre 0
youre_the_greatest 1576920220003 360 213 touchmove 120 34 0.872802734375 0.872802734375 0 youre 0
youre_the_greatest 1576920220019 360 213 touchmove 119 34 0.93994140625 0.93994140625 0 youre 0
youre_the_greatest 1576920220036 360 213 touchmove 118 34 0.872802734375 0.872802734375 0 youre 0
youre_the_greatest 1576920220053 360 213 touchmove 118 34 0.872802734375 0.872802734375 0 youre 0
youre_the_greatest 1576920220070 360 213 touchmove 118 34 0.872802734375 0.872802734375 0 youre 0
youre_the_greatest 1576920220086 360 213 touchmove 118 34 0.872802734375 0.872802734375 0 youre 0
youre_the_greatest 1576920220103 360 213 touchmove 117 34 0.93994140625 0.93994140625 0 youre 0
youre_the_greatest 1576920220120 360 213 touchmove 116 35 0.93994140625 0.93994140625 0 youre 0
youre_the_greatest 1576920220177 360 213 touchmove 116 35 0.93994140625 0.93994140625 0 youre 0
youre_the_greatest 1576920220189 360 213 touchmove 113 34 0.93994140625 0.93994140625 0 youre 0
youre_the_greatest 1576920220204 360 213 touchmove 110 34 0.8056640625 0.8056640625 0 youre 0
youre_the_greatest 1576920220219 360 213 touchmove 108 34 0.872802734375 0.872802734375 0 youre 0
youre_the_greatest 1576920220237 360 213 touchmove 104 34 0.872802734375 0.872802734375 0 youre 0
youre_the_greatest 1576920220254 360 213 touchmove 101 34 0.872802734375 0.872802734375 0 youre 0
youre_the_greatest 1576920220270 360 213 touchmove 97 33 0.872802734375 0.872802734375 0 youre 0
youre_the_greatest 1576920220286 360 213 touchmove 95 32 0.872802734375 0.872802734375 0 youre 0
youre_the_greatest 1576920220303 360 213 touchmove 93 32 0.872802734375 0.872802734375 0 youre 0
youre_the_greatest 1576920220323 360 213 touchmove 90 31 0.93994140625 0.93994140625 0 youre 0
youre_the_greatest 1576920220337 360 213 touchmove 89 31 0.93994140625 0.93994140625 0 youre 0
youre_the_greatest 1576920220353 360 213 touchmove 88 31 0.93994140625 0.93994140625 0 youre 0
youre_the_greatest 1576920220370 360 213 touchmove 86 31 0.872802734375 0.872802734375 0 youre 0
youre_the_greatest 1576920220387 360 213 touchmove 86 31 0.872802734375 0.872802734375 0 youre 0
youre_the_greatest 1576920220402 360 213 touchmove 85 32 0.872802734375 0.872802734375 0 youre 0
youre_the_greatest 1576920220420 360 213 touchmove 83 33 0.872802734375 0.872802734375 0 youre 0
youre_the_greatest 1576920220435 360 213 touchmove 83 33 0.872802734375 0.872802734375 0 youre 0
youre_the_greatest 1576920220453 360 213 touchmove 82 32 0.872802734375 0.872802734375 0 youre 0
youre_the_greatest 1576920220469 360 213 touchmove 82 32 0.872802734375 0.872802734375 0 youre 0
youre_the_greatest 1576920220486 360 213 touchmove 81 33 0.872802734375 0.872802734375 0 youre 0
youre_the_greatest 1576920220501 360 213 touchmove 80 33 0.872802734375 0.872802734375 0 youre 0
youre_the_greatest 1576920220518 360 213 touchmove 80 34 0.872802734375 0.872802734375 0 youre 0
youre_the_greatest 1576920220537 360 213 touchmove 81 34 0.872802734375 0.872802734375 0 youre 0
youre_the_greatest 1576920220550 360 213 touchmove 81 34 0.872802734375 0.872802734375 0 youre 0
youre_the_greatest 1576920220553 360 213 touchend 81 34 0.872802734375 0.872802734375 0 youre 0
youre_the_greatest 1576920221929 360 213 touchstart 152 45 0.604248046875 0.604248046875 0 the 0
youre_the_greatest 1576920221972 360 213 touchmove 151 44 0.8056640625 0.8056640625 0 the 0
youre_the_greatest 1576920221988 360 213 touchmove 150 42 0.8056640625 0.8056640625 0 the 0
youre_the_greatest 1576920222004 360 213 touchmove 150 42 0.8056640625 0.8056640625 0 the 0
youre_the_greatest 1576920222020 360 213 touchmove 149 42 0.8056640625 0.8056640625 0 the 0
youre_the_greatest 1576920222037 360 213 touchmove 149 42 0.8056640625 0.8056640625 0 the 0
youre_the_greatest 1576920222052 360 213 touchmove 149 41 0.8056640625 0.8056640625 0 the 0
youre_the_greatest 1576920222071 360 213 touchmove 150 41 0.8056640625 0.8056640625 0 the 0
youre_the_greatest 1576920222086 360 213 touchmove 150 41 0.8056640625 0.8056640625 0 the 0
youre_the_greatest 1576920222104 360 213 touchmove 151 41 0.8056640625 0.8056640625 0 the 0
youre_the_greatest 1576920222119 360 213 touchmove 151 41 0.8056640625 0.8056640625 0 the 0
youre_the_greatest 1576920222136 360 213 touchmove 151 41 0.8056640625 0.8056640625 0 the 0
youre_the_greatest 1576920222153 360 213 touchmove 152 41 0.8056640625 0.8056640625 0 the 0
youre_the_greatest 1576920222171 360 213 touchmove 152 41 0.8056640625 0.8056640625 0 the 0
youre_the_greatest 1576920222186 360 213 touchmove 152 41 0.8056640625 0.8056640625 0 the 0
youre_the_greatest 1576920222203 360 213 touchmove 152 41 0.8056640625 0.8056640625 0 the 0
youre_the_greatest 1576920222220 360 213 touchmove 153 41 0.8056640625 0.8056640625 0 the 0
youre_the_greatest 1576920222237 360 213 touchmove 153 42 0.8056640625 0.8056640625 0 the 0
youre_the_greatest 1576920222253 360 213 touchmove 155 42 0.872802734375 0.872802734375 0 the 0
youre_the_greatest 1576920222270 360 213 touchmove 156 42 0.93994140625 0.93994140625 0 the 0
youre_the_greatest 1576920222286 360 213 touchmove 157 43 0.872802734375 0.872802734375 0 the 0
youre_the_greatest 1576920222303 360 213 touchmove 159 43 0.872802734375 0.872802734375 0 the 0
youre_the_greatest 1576920222320 360 213 touchmove 160 43 0.872802734375 0.872802734375 0 the 0
youre_the_greatest 1576920222337 360 213 touchmove 160 43 0.872802734375 0.872802734375 0 the 0
youre_the_greatest 1576920222352 360 213 touchmove 161 43 0.872802734375 0.872802734375 0 the 0
youre_the_greatest 1576920222370 360 213 touchmove 161 43 0.872802734375 0.872802734375 0 the 0
youre_the_greatest 1576920222387 360 213 touchmove 162 46 0.872802734375 0.872802734375 0 the 0
youre_the_greatest 1576920222403 360 213 touchmove 165 52 0.872802734375 0.872802734375 0 the 0
youre_the_greatest 1576920222421 360 213 touchmove 168 63 0.8056640625 0.8056640625 0 the 0
youre_the_greatest 1576920222436 360 213 touchmove 172 76 0.738525390625 0.738525390625 0 the 0
youre_the_greatest 1576920222454 360 213 touchmove 177 88 0.872802734375 0.872802734375 0 the 0
youre_the_greatest 1576920222471 360 213 touchmove 183 96 0.738525390625 0.738525390625 0 the 0
youre_the_greatest 1576920222486 360 213 touchmove 188 103 0.8056640625 0.8056640625 0 the 0
youre_the_greatest 1576920222503 360 213 touchmove 193 107 0.738525390625 0.738525390625 0 the 0
youre_the_greatest 1576920222520 360 213 touchmove 199 112 0.738525390625 0.738525390625 0 the 0
youre_the_greatest 1576920222536 360 213 touchmove 205 115 0.738525390625 0.738525390625 0 the 0
youre_the_greatest 1576920222553 360 213 touchmove 210 119 0.738525390625 0.738525390625 0 the 0
youre_the_greatest 1576920222570 360 213 touchmove 213 120 0.738525390625 0.738525390625 0 the 0
youre_the_greatest 1576920222586 360 213 touchmove 215 121 0.738525390625 0.738525390625 0 the 0
youre_the_greatest 1576920222602 360 213 touchmove 216 122 0.738525390625 0.738525390625 0 the 0
youre_the_greatest 1576920222619 360 213 touchmove 217 122 0.738525390625 0.738525390625 0 the 0
youre_the_greatest 1576920222637 360 213 touchmove 217 122 0.738525390625 0.738525390625 0 the 0
youre_the_greatest 1576920222654 360 213 touchmove 218 122 0.738525390625 0.738525390625 0 the 0
youre_the_greatest 1576920222669 360 213 touchmove 219 122 0.872802734375 0.872802734375 0 the 0
youre_the_greatest 1576920222686 360 213 touchmove 218 122 0.8056640625 0.8056640625 0 the 0
youre_the_greatest 1576920222705 360 213 touchmove 218 122 0.8056640625 0.8056640625 0 the 0
youre_the_greatest 1576920222719 360 213 touchmove 218 122 0.8056640625 0.8056640625 0 the 0
youre_the_greatest 1576920222735 360 213 touchmove 217 122 0.738525390625 0.738525390625 0 the 0
youre_the_greatest 1576920222752 360 213 touchmove 217 122 0.8056640625 0.8056640625 0 the 0
youre_the_greatest 1576920222769 360 213 touchmove 216 120 0.8056640625 0.8056640625 0 the 0
youre_the_greatest 1576920222786 360 213 touchmove 216 119 0.738525390625 0.738525390625 0 the 0
youre_the_greatest 1576920222803 360 213 touchmove 216 116 0.8056640625 0.8056640625 0 the 0
youre_the_greatest 1576920222819 360 213 touchmove 216 112 0.738525390625 0.738525390625 0 the 0
youre_the_greatest 1576920222836 360 213 touchmove 216 111 0.738525390625 0.738525390625 0 the 0
youre_the_greatest 1576920222852 360 213 touchmove 216 110 0.8056640625 0.8056640625 0 the 0
youre_the_greatest 1576920222869 360 213 touchmove 217 108 0.738525390625 0.738525390625 0 the 0
youre_the_greatest 1576920222886 360 213 touchmove 220 105 0.872802734375 0.872802734375 0 the 0
youre_the_greatest 1576920222903 360 213 touchmove 221 104 0.872802734375 0.872802734375 0 the 0
youre_the_greatest 1576920222919 360 213 touchmove 221 103 0.872802734375 0.872802734375 0 the 0
youre_the_greatest 1576920222935 360 213 touchmove 222 103 0.93994140625 0.93994140625 0 the 0
youre_the_greatest 1576920222952 360 213 touchmove 222 102 0.872802734375 0.872802734375 0 the 0
youre_the_greatest 1576920222986 360 213 touchmove 222 102 0.93994140625 0.93994140625 0 the 0
youre_the_greatest 1576920223004 360 213 touchmove 222 102 0.872802734375 0.872802734375 0 the 0
youre_the_greatest 1576920223020 360 213 touchmove 223 100 0.872802734375 0.872802734375 0 the 0
youre_the_greatest 1576920223037 360 213 touchmove 223 99 0.872802734375 0.872802734375 0 the 0
youre_the_greatest 1576920223053 360 213 touchmove 223 98 0.872802734375 0.872802734375 0 the 0
youre_the_greatest 1576920223070 360 213 touchmove 222 97 0.872802734375 0.872802734375 0 the 0
youre_the_greatest 1576920223086 360 213 touchmove 222 97 0.872802734375 0.872802734375 0 the 0
youre_the_greatest 1576920223103 360 213 touchmove 222 96 0.872802734375 0.872802734375 0 the 0
youre_the_greatest 1576920223119 360 213 touchmove 222 96 0.872802734375 0.872802734375 0 the 0
youre_the_greatest 1576920223138 360 213 touchmove 221 96 0.872802734375 0.872802734375 0 the 0
youre_the_greatest 1576920223153 360 213 touchmove 220 96 0.872802734375 0.872802734375 0 the 0
youre_the_greatest 1576920223169 360 213 touchmove 218 95 0.8056640625 0.8056640625 0 the 0
youre_the_greatest 1576920223186 360 213 touchmove 215 94 0.8056640625 0.8056640625 0 the 0
youre_the_greatest 1576920223202 360 213 touchmove 210 91 0.8056640625 0.8056640625 0 the 0
youre_the_greatest 1576920223220 360 213 touchmove 203 87 0.93994140625 0.93994140625 0 the 0
youre_the_greatest 1576920223236 360 213 touchmove 194 83 0.872802734375 0.872802734375 0 the 0
youre_the_greatest 1576920223254 360 213 touchmove 185 78 0.872802734375 0.872802734375 0 the 0
youre_the_greatest 1576920223270 360 213 touchmove 174 73 0.872802734375 0.872802734375 0 the 0
youre_the_greatest 1576920223287 360 213 touchmove 163 68 0.93994140625 0.93994140625 0 the 0
youre_the_greatest 1576920223303 360 213 touchmove 151 63 0.872802734375 0.872802734375 0 the 0
youre_the_greatest 1576920223319 360 213 touchmove 143 58 0.93994140625 0.93994140625 0 the 0
youre_the_greatest 1576920223336 360 213 touchmove 136 51 0.93994140625 0.93994140625 0 the 0
youre_the_greatest 1576920223352 360 213 touchmove 130 44 0.872802734375 0.872802734375 0 the 0
youre_the_greatest 1576920223369 360 213 touchmove 126 40 0.872802734375 0.872802734375 0 the 0
youre_the_greatest 1576920223386 360 213 touchmove 123 37 0.872802734375 0.872802734375 0 the 0
youre_the_greatest 1576920223402 360 213 touchmove 120 36 0.872802734375 0.872802734375 0 the 0
youre_the_greatest 1576920223419 360 213 touchmove 117 35 0.872802734375 0.872802734375 0 the 0
youre_the_greatest 1576920223436 360 213 touchmove 115 35 0.872802734375 0.872802734375 0 the 0
youre_the_greatest 1576920223452 360 213 touchmove 113 35 0.872802734375 0.872802734375 0 the 0
youre_the_greatest 1576920223469 360 213 touchmove 112 35 0.872802734375 0.872802734375 0 the 0
youre_the_greatest 1576920223487 360 213 touchmove 110 35 0.872802734375 0.872802734375 0 the 0
youre_the_greatest 1576920223504 360 213 touchmove 109 35 0.872802734375 0.872802734375 0 the 0
youre_the_greatest 1576920223520 360 213 touchmove 107 36 0.872802734375 0.872802734375 0 the 0
youre_the_greatest 1576920223536 360 213 touchmove 105 36 0.872802734375 0.872802734375 0 the 0
youre_the_greatest 1576920223554 360 213 touchmove 103 36 0.872802734375 0.872802734375 0 the 0
youre_the_greatest 1576920223569 360 213 touchmove 101 36 0.872802734375 0.872802734375 0 the 0
youre_the_greatest 1576920223585 360 213 touchmove 99 36 0.872802734375 0.872802734375 0 the 0
youre_the_greatest 1576920223602 360 213 touchmove 97 37 0.872802734375 0.872802734375 0 the 0
youre_the_greatest 1576920223620 360 213 touchmove 95 37 0.93994140625 0.93994140625 0 the 0
youre_the_greatest 1576920223637 360 213 touchmove 93 37 0.93994140625 0.93994140625 0 the 0
youre_the_greatest 1576920223653 360 213 touchmove 92 38 0.93994140625 0.93994140625 0 the 0
youre_the_greatest 1576920223669 360 213 touchmove 92 38 0.93994140625 0.93994140625 0 the 0
youre_the_greatest 1576920223686 360 213 touchmove 91 38 0.93994140625 0.93994140625 0 the 0
youre_the_greatest 1576920223703 360 213 touchmove 91 38 0.93994140625 0.93994140625 0 the 0
youre_the_greatest 1576920223719 360 213 touchmove 91 38 0.8056640625 0.8056640625 0 the 0
youre_the_greatest 1576920223734 360 213 touchmove 91 39 0.8056640625 0.8056640625 0 the 0
youre_the_greatest 1576920223736 360 213 touchend 91 39 0.8056640625 0.8056640625 0 the 0
youre_the_greatest 1576920225125 360 213 touchstart 183 97 0.8056640625 0.8056640625 0 greatest 0
youre_the_greatest 1576920225153 360 213 touchmove 183 97 0.67138671875 0.67138671875 0 greatest 0
youre_the_greatest 1576920225170 360 213 touchmove 183 97 0.8056640625 0.8056640625 0 greatest 0
youre_the_greatest 1576920225186 360 213 touchmove 183 97 0.8056640625 0.8056640625 0 greatest 0
youre_the_greatest 1576920225235 360 213 touchmove 183 97 0.872802734375 0.872802734375 0 greatest 0
youre_the_greatest 1576920225286 360 213 touchmove 183 97 0.8056640625 0.8056640625 0 greatest 0
youre_the_greatest 1576920225304 360 213 touchmove 184 97 0.8056640625 0.8056640625 0 greatest 0
youre_the_greatest 1576920225320 360 213 touchmove 184 97 0.8056640625 0.8056640625 0 greatest 0
youre_the_greatest 1576920225337 360 213 touchmove 184 97 0.872802734375 0.872802734375 0 greatest 0
youre_the_greatest 1576920225355 360 213 touchmove 184 97 0.8056640625 0.8056640625 0 greatest 0
youre_the_greatest 1576920225370 360 213 touchmove 185 97 0.8056640625 0.8056640625 0 greatest 0
youre_the_greatest 1576920225386 360 213 touchmove 185 97 0.872802734375 0.872802734375 0 greatest 0
youre_the_greatest 1576920225434 360 213 touchmove 185 97 0.872802734375 0.872802734375 0 greatest 0
youre_the_greatest 1576920225451 360 213 touchmove 185 96 0.872802734375 0.872802734375 0 greatest 0
youre_the_greatest 1576920225486 360 213 touchmove 185 96 0.8056640625 0.8056640625 0 greatest 0
youre_the_greatest 1576920225503 360 213 touchmove 185 96 0.872802734375 0.872802734375 0 greatest 0
youre_the_greatest 1576920225550 360 213 touchmove 184 96 0.8056640625 0.8056640625 0 greatest 0
youre_the_greatest 1576920225575 360 213 touchmove 182 93 0.872802734375 0.872802734375 0 greatest 0
youre_the_greatest 1576920225599 360 213 touchmove 180 88 0.872802734375 0.872802734375 0 greatest 0
youre_the_greatest 1576920225618 360 213 touchmove 178 81 0.93994140625 0.93994140625 0 greatest 0
youre_the_greatest 1576920225636 360 213 touchmove 177 79 0.872802734375 0.872802734375 0 greatest 0
youre_the_greatest 1576920225651 360 213 touchmove 176 78 0.872802734375 0.872802734375 0 greatest 0
youre_the_greatest 1576920225668 360 213 touchmove 176 78 0.872802734375 0.872802734375 0 greatest 0
youre_the_greatest 1576920225686 360 213 touchmove 174 76 0.872802734375 0.872802734375 0 greatest 0
youre_the_greatest 1576920225702 360 213 touchmove 171 71 0.872802734375 0.872802734375 0 greatest 0
youre_the_greatest 1576920225718 360 213 touchmove 168 64 0.8056640625 0.8056640625 0 greatest 0
youre_the_greatest 1576920225736 360 213 touchmove 166 57 0.872802734375 0.872802734375 0 greatest 0
youre_the_greatest 1576920225751 360 213 touchmove 165 50 0.872802734375 0.872802734375 0 greatest 0
youre_the_greatest 1576920225768 360 213 touchmove 164 46 0.8056640625 0.8056640625 0 greatest 0
youre_the_greatest 1576920225785 360 213 touchmove 163 42 0.8056640625 0.8056640625 0 greatest 0
youre_the_greatest 1576920225802 360 213 touchmove 162 39 0.872802734375 0.872802734375 0 greatest 0
youre_the_greatest 1576920225819 360 213 touchmove 160 37 0.872802734375 0.872802734375 0 greatest 0
youre_the_greatest 1576920225835 360 213 touchmove 157 35 0.8056640625 0.8056640625 0 greatest 0
youre_the_greatest 1576920225853 360 213 touchmove 155 33 0.8056640625 0.8056640625 0 greatest 0
youre_the_greatest 1576920225868 360 213 touchmove 152 31 0.872802734375 0.872802734375 0 greatest 0
youre_the_greatest 1576920225885 360 213 touchmove 149 30 0.872802734375 0.872802734375 0 greatest 0
youre_the_greatest 1576920225901 360 213 touchmove 147 30 0.872802734375 0.872802734375 0 greatest 0
youre_the_greatest 1576920225918 360 213 touchmove 144 29 0.872802734375 0.872802734375 0 greatest 0
youre_the_greatest 1576920225936 360 213 touchmove 140 30 1.007080078125 1.007080078125 0 greatest 0
youre_the_greatest 1576920225952 360 213 touchmove 136 30 0.93994140625 0.93994140625 0 greatest 0
youre_the_greatest 1576920225969 360 213 touchmove 133 31 0.93994140625 0.93994140625 0 greatest 0
youre_the_greatest 1576920225985 360 213 touchmove 130 31 0.93994140625 0.93994140625 0 greatest 0
youre_the_greatest 1576920226002 360 213 touchmove 128 31 0.872802734375 0.872802734375 0 greatest 0
youre_the_greatest 1576920226018 360 213 touchmove 125 32 0.872802734375 0.872802734375 0 greatest 0
youre_the_greatest 1576920226035 360 213 touchmove 123 32 0.93994140625 0.93994140625 0 greatest 0
youre_the_greatest 1576920226053 360 213 touchmove 123 33 0.872802734375 0.872802734375 0 greatest 0
youre_the_greatest 1576920226069 360 213 touchmove 122 33 0.93994140625 0.93994140625 0 greatest 0
youre_the_greatest 1576920226088 360 213 touchmove 122 33 0.93994140625 0.93994140625 0 greatest 0
youre_the_greatest 1576920226102 360 213 touchmove 121 33 0.93994140625 0.93994140625 0 greatest 0
youre_the_greatest 1576920226119 360 213 touchmove 120 33 0.93994140625 0.93994140625 0 greatest 0
youre_the_greatest 1576920226135 360 213 touchmove 119 33 0.93994140625 0.93994140625 0 greatest 0
youre_the_greatest 1576920226153 360 213 touchmove 119 34 0.93994140625 0.93994140625 0 greatest 0
youre_the_greatest 1576920226169 360 213 touchmove 119 34 0.93994140625 0.93994140625 0 greatest 0
youre_the_greatest 1576920226186 360 213 touchmove 118 34 0.93994140625 0.93994140625 0 greatest 0
youre_the_greatest 1576920226203 360 213 touchmove 117 34 0.872802734375 0.872802734375 0 greatest 0
youre_the_greatest 1576920226218 360 213 touchmove 117 34 0.872802734375 0.872802734375 0 greatest 0
youre_the_greatest 1576920226252 360 213 touchmove 117 34 0.872802734375 0.872802734375 0 greatest 0
youre_the_greatest 1576920226301 360 213 touchmove 117 35 0.93994140625 0.93994140625 0 greatest 0
youre_the_greatest 1576920226351 360 213 touchmove 117 35 0.93994140625 0.93994140625 0 greatest 0
youre_the_greatest 1576920226420 360 213 touchmove 117 35 0.93994140625 0.93994140625 0 greatest 0
youre_the_greatest 1576920226468 360 213 touchmove 116 35 0.93994140625 0.93994140625 0 greatest 0
youre_the_greatest 1576920226487 360 213 touchmove 113 36 0.872802734375 0.872802734375 0 greatest 0
youre_the_greatest 1576920226503 360 213 touchmove 111 37 0.872802734375 0.872802734375 0 greatest 0
youre_the_greatest 1576920226519 360 213 touchmove 109 38 0.872802734375 0.872802734375 0 greatest 0
youre_the_greatest 1576920226536 360 213 touchmove 107 39 0.872802734375 0.872802734375 0 greatest 0
youre_the_greatest 1576920226552 360 213 touchmove 103 39 0.872802734375 0.872802734375 0 greatest 0
youre_the_greatest 1576920226570 360 213 touchmove 100 38 0.872802734375 0.872802734375 0 greatest 0
youre_the_greatest 1576920226585 360 213 touchmove 97 37 0.872802734375 0.872802734375 0 greatest 0
youre_the_greatest 1576920226602 360 213 touchmove 96 36 0.872802734375 0.872802734375 0 greatest 0
youre_the_greatest 1576920226618 360 213 touchmove 95 35 0.93994140625 0.93994140625 0 greatest 0
youre_the_greatest 1576920226635 360 213 touchmove 94 36 0.872802734375 0.872802734375 0 greatest 0
youre_the_greatest 1576920226651 360 213 touchmove 94 37 0.872802734375 0.872802734375 0 greatest 0
youre_the_greatest 1576920226668 360 213 touchmove 92 37 0.93994140625 0.93994140625 0 greatest 0
youre_the_greatest 1576920226685 360 213 touchmove 88 36 0.872802734375 0.872802734375 0 greatest 0
youre_the_greatest 1576920226701 360 213 touchmove 85 34 0.93994140625 0.93994140625 0 greatest 0
youre_the_greatest 1576920226718 360 213 touchmove 83 33 0.93994140625 0.93994140625 0 greatest 0
youre_the_greatest 1576920226735 360 213 touchmove 82 32 0.872802734375 0.872802734375 0 greatest 0
youre_the_greatest 1576920226754 360 213 touchmove 81 32 0.93994140625 0.93994140625 0 greatest 0
youre_the_greatest 1576920226769 360 213 touchmove 79 31 0.93994140625 0.93994140625 0 greatest 0
youre_the_greatest 1576920226785 360 213 touchmove 76 31 0.93994140625 0.93994140625 0 greatest 0
youre_the_greatest 1576920226801 360 213 touchmove 74 32 0.93994140625 0.93994140625 0 greatest 0
youre_the_greatest 1576920226818 360 213 touchmove 71 34 1.007080078125 1.007080078125 0 greatest 0
youre_the_greatest 1576920226836 360 213 touchmove 66 38 1.007080078125 1.007080078125 0 greatest 0
youre_the_greatest 1576920226851 360 213 touchmove 61 44 1.007080078125 1.007080078125 0 greatest 0
youre_the_greatest 1576920226868 360 213 touchmove 56 52 0.93994140625 0.93994140625 0 greatest 0
youre_the_greatest 1576920226885 360 213 touchmove 52 61 1.007080078125 1.007080078125 0 greatest 0
youre_the_greatest 1576920226902 360 213 touchmove 47 70 1.007080078125 1.007080078125 0 greatest 0
youre_the_greatest 1576920226918 360 213 touchmove 43 81 0.872802734375 0.872802734375 0 greatest 0
youre_the_greatest 1576920226935 360 213 touchmove 40 90 0.872802734375 0.872802734375 0 greatest 0
youre_the_greatest 1576920226951 360 213 touchmove 38 97 0.872802734375 0.872802734375 0 greatest 0
youre_the_greatest 1576920226969 360 213 touchmove 36 102 0.93994140625 0.93994140625 0 greatest 0
youre_the_greatest 1576920226985 360 213 touchmove 35 105 0.93994140625 0.93994140625 0 greatest 0
youre_the_greatest 1576920227002 360 213 touchmove 34 106 0.93994140625 0.93994140625 0 greatest 0
youre_the_greatest 1576920227018 360 213 touchmove 33 107 0.93994140625 0.93994140625 0 greatest 0
youre_the_greatest 1576920227035 360 213 touchmove 33 107 0.93994140625 0.93994140625 0 greatest 0
youre_the_greatest 1576920227051 360 213 touchmove 33 107 0.93994140625 0.93994140625 0 greatest 0
youre_the_greatest 1576920227070 360 213 touchmove 33 107 0.93994140625 0.93994140625 0 greatest 0
youre_the_greatest 1576920227084 360 213 touchmove 33 106 0.93994140625 0.93994140625 0 greatest 0
youre_the_greatest 1576920227101 360 213 touchmove 34 106 0.93994140625 0.93994140625 0 greatest 0
youre_the_greatest 1576920227118 360 213 touchmove 34 106 0.93994140625 0.93994140625 0 greatest 0
youre_the_greatest 1576920227135 360 213 touchmove 34 106 0.93994140625 0.93994140625 0 greatest 0
youre_the_greatest 1576920227151 360 213 touchmove 35 106 0.93994140625 0.93994140625 0 greatest 0
youre_the_greatest 1576920227169 360 213 touchmove 35 106 0.93994140625 0.93994140625 0 greatest 0
youre_the_greatest 1576920227185 360 213 touchmove 36 105 0.93994140625 0.93994140625 0 greatest 0
youre_the_greatest 1576920227202 360 213 touchmove 39 104 1.007080078125 1.007080078125 0 greatest 0
youre_the_greatest 1576920227220 360 213 touchmove 44 100 1.007080078125 1.007080078125 0 greatest 0
youre_the_greatest 1576920227235 360 213 touchmove 50 97 0.93994140625 0.93994140625 0 greatest 0
youre_the_greatest 1576920227251 360 213 touchmove 55 95 0.93994140625 0.93994140625 0 greatest 0
youre_the_greatest 1576920227268 360 213 touchmove 59 95 0.93994140625 0.93994140625 0 greatest 0
youre_the_greatest 1576920227285 360 213 touchmove 62 96 0.93994140625 0.93994140625 0 greatest 0
youre_the_greatest 1576920227301 360 213 touchmove 68 96 1.007080078125 1.007080078125 0 greatest 0
youre_the_greatest 1576920227318 360 213 touchmove 74 95 0.93994140625 0.93994140625 0 greatest 0
youre_the_greatest 1576920227335 360 213 touchmove 81 94 0.93994140625 0.93994140625 0 greatest 0
youre_the_greatest 1576920227353 360 213 touchmove 86 93 0.93994140625 0.93994140625 0 greatest 0
youre_the_greatest 1576920227368 360 213 touchmove 89 93 1.007080078125 1.007080078125 0 greatest 0
youre_the_greatest 1576920227384 360 213 touchmove 90 92 0.93994140625 0.93994140625 0 greatest 0
youre_the_greatest 1576920227401 360 213 touchmove 93 92 0.93994140625 0.93994140625 0 greatest 0
youre_the_greatest 1576920227418 360 213 touchmove 96 90 0.93994140625 0.93994140625 0 greatest 0
youre_the_greatest 1576920227438 360 213 touchmove 103 84 0.872802734375 0.872802734375 0 greatest 0
youre_the_greatest 1576920227451 360 213 touchmove 114 78 0.93994140625 0.93994140625 0 greatest 0
youre_the_greatest 1576920227468 360 213 touchmove 123 75 0.872802734375 0.872802734375 0 greatest 0
youre_the_greatest 1576920227485 360 213 touchmove 127 74 0.872802734375 0.872802734375 0 greatest 0
youre_the_greatest 1576920227503 360 213 touchmove 131 72 0.872802734375 0.872802734375 0 greatest 0
youre_the_greatest 1576920227520 360 213 touchmove 139 67 1.007080078125 1.007080078125 0 greatest 0
youre_the_greatest 1576920227538 360 213 touchmove 149 62 0.93994140625 0.93994140625 0 greatest 0
youre_the_greatest 1576920227556 360 213 touchmove 160 57 0.93994140625 0.93994140625 0 greatest 0
youre_the_greatest 1576920227569 360 213 touchmove 169 53 0.872802734375 0.872802734375 0 greatest 0
youre_the_greatest 1576920227584 360 213 touchmove 176 50 0.93994140625 0.93994140625 0 greatest 0
youre_the_greatest 1576920227601 360 213 touchmove 178 50 0.93994140625 0.93994140625 0 greatest 0
youre_the_greatest 1576920227617 360 213 touchmove 181 47 0.872802734375 0.872802734375 0 greatest 0
youre_the_greatest 1576920227635 360 213 touchmove 184 44 0.93994140625 0.93994140625 0 greatest 0
youre_the_greatest 1576920227650 360 213 touchmove 185 43 0.872802734375 0.872802734375 0 greatest 0
youre_the_greatest 1576920227667 360 213 touchmove 186 43 0.93994140625 0.93994140625 0 greatest 0
youre_the_greatest 1576920227684 360 213 touchmove 186 43 0.872802734375 0.872802734375 0 greatest 0
youre_the_greatest 1576920227700 360 213 touchmove 186 42 0.872802734375 0.872802734375 0 greatest 0
youre_the_greatest 1576920227718 360 213 touchmove 185 43 0.872802734375 0.872802734375 0 greatest 0
youre_the_greatest 1576920227734 360 213 touchmove 184 42 0.93994140625 0.93994140625 0 greatest 0
youre_the_greatest 1576920227751 360 213 touchmove 180 40 0.93994140625 0.93994140625 0 greatest 0
youre_the_greatest 1576920227767 360 213 touchmove 176 38 0.93994140625 0.93994140625 0 greatest 0
youre_the_greatest 1576920227784 360 213 touchmove 173 36 0.872802734375 0.872802734375 0 greatest 0
youre_the_greatest 1576920227802 360 213 touchmove 169 35 0.93994140625 0.93994140625 0 greatest 0
youre_the_greatest 1576920227819 360 213 touchmove 166 33 0.93994140625 0.93994140625 0 greatest 0
youre_the_greatest 1576920227834 360 213 touchmove 163 32 1.007080078125 1.007080078125 0 greatest 0
youre_the_greatest 1576920227851 360 213 touchmove 162 32 0.93994140625 0.93994140625 0 greatest 0
youre_the_greatest 1576920227870 360 213 touchmove 161 32 0.93994140625 0.93994140625 0 greatest 0
youre_the_greatest 1576920227885 360 213 touchmove 161 31 0.93994140625 0.93994140625 0 greatest 0
youre_the_greatest 1576920227902 360 213 touchmove 161 31 0.93994140625 0.93994140625 0 greatest 0
youre_the_greatest 1576920227917 360 213 touchmove 161 31 1.007080078125 1.007080078125 0 greatest 0
youre_the_greatest 1576920227934 360 213 touchmove 161 31 0.93994140625 0.93994140625 0 greatest 0
youre_the_greatest 1576920227953 360 213 touchmove 161 31 1.007080078125 1.007080078125 0 greatest 0
youre_the_greatest 1576920227968 360 213 touchmove 161 31 0.93994140625 0.93994140625 0 greatest 0
youre_the_greatest 1576920228034 360 213 touchmove 161 31 0.872802734375 0.872802734375 0 greatest 0
youre_the_greatest 1576920228052 360 213 touchmove 161 31 0.93994140625 0.93994140625 0 greatest 0
youre_the_greatest 1576920228070 360 213 touchmove 162 31 0.872802734375 0.872802734375 0 greatest 0
youre_the_greatest 1576920228135 360 213 touchmove 159 31 0.93994140625 0.93994140625 0 greatest 0
youre_the_greatest 1576920228152 360 213 touchmove 153 31 0.872802734375 0.872802734375 0 greatest 0
youre_the_greatest 1576920228169 360 213 touchmove 148 31 0.872802734375 0.872802734375 0 greatest 0
youre_the_greatest 1576920228186 360 213 touchmove 141 31 0.93994140625 0.93994140625 0 greatest 0
youre_the_greatest 1576920228202 360 213 touchmove 134 31 1.007080078125 1.007080078125 0 greatest 0
youre_the_greatest 1576920228218 360 213 touchmove 125 30 0.93994140625 0.93994140625 0 greatest 0
youre_the_greatest 1576920228238 360 213 touchmove 117 30 0.93994140625 0.93994140625 0 greatest 0
youre_the_greatest 1576920228253 360 213 touchmove 110 30 0.93994140625 0.93994140625 0 greatest 0
youre_the_greatest 1576920228269 360 213 touchmove 102 31 0.93994140625 0.93994140625 0 greatest 0
youre_the_greatest 1576920228285 360 213 touchmove 97 32 0.93994140625 0.93994140625 0 greatest 0
youre_the_greatest 1576920228301 360 213 touchmove 94 33 1.007080078125 1.007080078125 0 greatest 0
youre_the_greatest 1576920228318 360 213 touchmove 93 33 0.93994140625 0.93994140625 0 greatest 0
youre_the_greatest 1576920228335 360 213 touchmove 90 34 1.007080078125 1.007080078125 0 greatest 0
youre_the_greatest 1576920228352 360 213 touchmove 87 35 1.007080078125 1.007080078125 0 greatest 0
youre_the_greatest 1576920228369 360 213 touchmove 83 37 0.872802734375 0.872802734375 0 greatest 0
youre_the_greatest 1576920228385 360 213 touchmove 82 38 0.872802734375 0.872802734375 0 greatest 0
youre_the_greatest 1576920228402 360 213 touchmove 80 39 0.872802734375 0.872802734375 0 greatest 0
youre_the_greatest 1576920228419 360 213 touchmove 79 39 0.872802734375 0.872802734375 0 greatest 0
youre_the_greatest 1576920228434 360 213 touchmove 79 39 0.872802734375 0.872802734375 0 greatest 0
youre_the_greatest 1576920228453 360 213 touchmove 79 39 0.93994140625 0.93994140625 0 greatest 0
youre_the_greatest 1576920228469 360 213 touchmove 80 39 0.872802734375 0.872802734375 0 greatest 0
youre_the_greatest 1576920228485 360 213 touchmove 80 39 0.93994140625 0.93994140625 0 greatest 0
youre_the_greatest 1576920228501 360 213 touchmove 80 39 0.93994140625 0.93994140625 0 greatest 0
youre_the_greatest 1576920228518 360 213 touchmove 80 40 0.93994140625 0.93994140625 0 greatest 0
youre_the_greatest 1576920228536 360 213 touchmove 79 42 0.93994140625 0.93994140625 0 greatest 0
youre_the_greatest 1576920228552 360 213 touchmove 76 46 1.007080078125 1.007080078125 0 greatest 0
youre_the_greatest 1576920228568 360 213 touchmove 70 51 1.007080078125 1.007080078125 0 greatest 0
youre_the_greatest 1576920228584 360 213 touchmove 62 62 1.007080078125 1.007080078125 0 greatest 0
youre_the_greatest 1576920228601 360 213 touchmove 54 70 0.93994140625 0.93994140625 0 greatest 0
youre_the_greatest 1576920228619 360 213 touchmove 49 76 0.93994140625 0.93994140625 0 greatest 0
youre_the_greatest 1576920228636 360 213 touchmove 44 83 1.007080078125 1.007080078125 0 greatest 0
youre_the_greatest 1576920228652 360 213 touchmove 39 88 0.872802734375 0.872802734375 0 greatest 0
youre_the_greatest 1576920228668 360 213 touchmove 36 93 0.872802734375 0.872802734375 0 greatest 0
youre_the_greatest 1576920228685 360 213 touchmove 34 95 0.872802734375 0.872802734375 0 greatest 0
youre_the_greatest 1576920228702 360 213 touchmove 33 97 0.872802734375 0.872802734375 0 greatest 0
youre_the_greatest 1576920228717 360 213 touchmove 33 97 0.872802734375 0.872802734375 0 greatest 0
youre_the_greatest 1576920228734 360 213 touchmove 33 98 0.93994140625 0.93994140625 0 greatest 0
youre_the_greatest 1576920228751 360 213 touchmove 33 98 0.872802734375 0.872802734375 0 greatest 0
youre_the_greatest 1576920228800 360 213 touchmove 33 98 0.872802734375 0.872802734375 0 greatest 0
youre_the_greatest 1576920228817 360 213 touchmove 33 98 0.93994140625 0.93994140625 0 greatest 0
youre_the_greatest 1576920228836 360 213 touchmove 34 98 0.93994140625 0.93994140625 0 greatest 0
youre_the_greatest 1576920228852 360 213 touchmove 34 98 0.93994140625 0.93994140625 0 greatest 0
youre_the_greatest 1576920228868 360 213 touchmove 34 98 0.93994140625 0.93994140625 0 greatest 0
youre_the_greatest 1576920228887 360 213 touchmove 35 98 0.93994140625 0.93994140625 0 greatest 0
youre_the_greatest 1576920228903 360 213 touchmove 37 97 0.93994140625 0.93994140625 0 greatest 0
youre_the_greatest 1576920228920 360 213 touchmove 43 95 1.007080078125 1.007080078125 0 greatest 0
youre_the_greatest 1576920228936 360 213 touchmove 52 93 0.93994140625 0.93994140625 0 greatest 0
youre_the_greatest 1576920228952 360 213 touchmove 64 92 1.007080078125 1.007080078125 0 greatest 0
youre_the_greatest 1576920228969 360 213 touchmove 72 93 0.93994140625 0.93994140625 0 greatest 0
youre_the_greatest 1576920228985 360 213 touchmove 77 95 0.872802734375 0.872802734375 0 greatest 0
youre_the_greatest 1576920229002 360 213 touchmove 80 96 0.93994140625 0.93994140625 0 greatest 0
youre_the_greatest 1576920229018 360 213 touchmove 83 99 0.872802734375 0.872802734375 0 greatest 0
youre_the_greatest 1576920229034 360 213 touchmove 87 101 0.872802734375 0.872802734375 0 greatest 0
youre_the_greatest 1576920229054 360 213 touchmove 90 103 0.872802734375 0.872802734375 0 greatest 0
youre_the_greatest 1576920229068 360 213 touchmove 92 105 0.872802734375 0.872802734375 0 greatest 0
youre_the_greatest 1576920229086 360 213 touchmove 93 106 0.872802734375 0.872802734375 0 greatest 0
youre_the_greatest 1576920229102 360 213 touchmove 94 107 0.872802734375 0.872802734375 0 greatest 0
youre_the_greatest 1576920229118 360 213 touchmove 94 107 0.872802734375 0.872802734375 0 greatest 0
youre_the_greatest 1576920229134 360 213 touchmove 94 107 0.872802734375 0.872802734375 0 greatest 0
youre_the_greatest 1576920229185 360 213 touchmove 93 106 0.8056640625 0.8056640625 0 greatest 0
youre_the_greatest 1576920229205 360 213 touchmove 91 105 0.93994140625 0.93994140625 0 greatest 0
youre_the_greatest 1576920229220 360 213 touchmove 89 104 0.8056640625 0.8056640625 0 greatest 0
youre_the_greatest 1576920229235 360 213 touchmove 87 103 0.872802734375 0.872802734375 0 greatest 0
youre_the_greatest 1576920229251 360 213 touchmove 84 102 0.872802734375 0.872802734375 0 greatest 0
youre_the_greatest 1576920229269 360 213 touchmove 82 101 0.93994140625 0.93994140625 0 greatest 0
youre_the_greatest 1576920229287 360 213 touchmove 79 100 0.93994140625 0.93994140625 0 greatest 0
youre_the_greatest 1576920229302 360 213 touchmove 78 99 0.93994140625 0.93994140625 0 greatest 0
youre_the_greatest 1576920229318 360 213 touchmove 76 99 0.93994140625 0.93994140625 0 greatest 0
youre_the_greatest 1576920229335 360 213 touchmove 74 98 0.93994140625 0.93994140625 0 greatest 0
youre_the_greatest 1576920229353 360 213 touchmove 74 98 0.93994140625 0.93994140625 0 greatest 0
youre_the_greatest 1576920229369 360 213 touchmove 73 98 0.93994140625 0.93994140625 0 greatest 0
youre_the_greatest 1576920229385 360 213 touchmove 73 98 0.93994140625 0.93994140625 0 greatest 0
youre_the_greatest 1576920229490 360 213 touchmove 73 98 0.93994140625 0.93994140625 0 greatest 0
youre_the_greatest 1576920229518 360 213 touchmove 74 98 0.93994140625 0.93994140625 0 greatest 0
youre_the_greatest 1576920229568 360 213 touchmove 75 98 0.93994140625 0.93994140625 0 greatest 0
youre_the_greatest 1576920229586 360 213 touchmove 75 97 0.93994140625 0.93994140625 0 greatest 0
youre_the_greatest 1576920229602 360 213 touchmove 77 95 0.93994140625 0.93994140625 0 greatest 0
youre_the_greatest 1576920229618 360 213 touchmove 79 91 0.872802734375 0.872802734375 0 greatest 0
youre_the_greatest 1576920229636 360 213 touchmove 84 85 0.872802734375 0.872802734375 0 greatest 0
youre_the_greatest 1576920229652 360 213 touchmove 89 79 1.007080078125 1.007080078125 0 greatest 0
youre_the_greatest 1576920229669 360 213 touchmove 93 73 1.007080078125 1.007080078125 0 greatest 0
youre_the_greatest 1576920229685 360 213 touchmove 99 67 0.93994140625 0.93994140625 0 greatest 0
youre_the_greatest 1576920229702 360 213 touchmove 105 59 0.872802734375 0.872802734375 0 greatest 0
youre_the_greatest 1576920229718 360 213 touchmove 115 50 0.93994140625 0.93994140625 0 greatest 0
youre_the_greatest 1576920229735 360 213 touchmove 124 43 0.872802734375 0.872802734375 0 greatest 0
youre_the_greatest 1576920229752 360 213 touchmove 134 37 0.872802734375 0.872802734375 0 greatest 0
youre_the_greatest 1576920229768 360 213 touchmove 140 34 0.93994140625 0.93994140625 0 greatest 0
youre_the_greatest 1576920229784 360 213 touchmove 142 33 0.872802734375 0.872802734375 0 greatest 0
youre_the_greatest 1576920229802 360 213 touchmove 144 31 0.872802734375 0.872802734375 0 greatest 0
youre_the_greatest 1576920229818 360 213 touchmove 145 31 0.872802734375 0.872802734375 0 greatest 0
youre_the_greatest 1576920229835 360 213 touchmove 149 27 0.93994140625 0.93994140625 0 greatest 0
youre_the_greatest 1576920229852 360 213 touchmove 152 25 0.872802734375 0.872802734375 0 greatest 0
youre_the_greatest 1576920229868 360 213 touchmove 154 24 0.93994140625 0.93994140625 0 greatest 0
youre_the_greatest 1576920229884 360 213 touchmove 154 24 0.93994140625 0.93994140625 0 greatest 0
youre_the_greatest 1576920229900 360 213 touchmove 154 24 0.93994140625 0.93994140625 0 greatest 0
youre_the_greatest 1576920229918 360 213 touchmove 154 24 1.007080078125 1.007080078125 0 greatest 0
youre_the_greatest 1576920229934 360 213 touchmove 154 25 1.007080078125 1.007080078125 0 greatest 0
youre_the_greatest 1576920229953 360 213 touchmove 154 27 1.007080078125 1.007080078125 0 greatest 0
youre_the_greatest 1576920229956 360 213 touchmove 154 27 1.07421875 1.07421875 0 greatest 0
youre_the_greatest 1576920229964 360 213 touchend 154 27 1.07421875 1.07421875 0 greatest 0
both_of_us_are_still_here 1576920233859 360 213 touchstart 214 147 0.67138671875 0.67138671875 0 both 0
both_of_us_are_still_here 1576920233884 360 213 touchmove 215 147 0.67138671875 0.67138671875 0 both 0
both_of_us_are_still_here 1576920233904 360 213 touchmove 215 147 0.67138671875 0.67138671875 0 both 0
both_of_us_are_still_here 1576920233917 360 213 touchmove 216 147 0.67138671875 0.67138671875 0 both 0
both_of_us_are_still_here 1576920233936 360 213 touchmove 216 147 0.67138671875 0.67138671875 0 both 0
both_of_us_are_still_here 1576920233950 360 213 touchmove 216 147 0.67138671875 0.67138671875 0 both 0
both_of_us_are_still_here 1576920233966 360 213 touchmove 217 147 0.67138671875 0.67138671875 0 both 0
both_of_us_are_still_here 1576920233981 360 213 touchmove 217 147 0.67138671875 0.67138671875 0 both 0
both_of_us_are_still_here 1576920233999 360 213 touchmove 219 145 0.738525390625 0.738525390625 0 both 0
both_of_us_are_still_here 1576920234026 360 213 touchmove 226 136 0.8056640625 0.8056640625 0 both 0
both_of_us_are_still_here 1576920234033 360 213 touchmove 232 127 0.738525390625 0.738525390625 0 both 0
both_of_us_are_still_here 1576920234049 360 213 touchmove 237 119 0.738525390625 0.738525390625 0 both 0
both_of_us_are_still_here 1576920234065 360 213 touchmove 243 110 0.8056640625 0.8056640625 0 both 0
both_of_us_are_still_here 1576920234081 360 213 touchmove 250 103 0.8056640625 0.8056640625 0 both 0
both_of_us_are_still_here 1576920234100 360 213 touchmove 258 94 0.738525390625 0.738525390625 0 both 0
both_of_us_are_still_here 1576920234117 360 213 touchmove 267 84 0.8056640625 0.8056640625 0 both 0
both_of_us_are_still_here 1576920234133 360 213 touchmove 276 76 0.738525390625 0.738525390625 0 both 0
both_of_us_are_still_here 1576920234150 360 213 touchmove 286 66 0.872802734375 0.872802734375 0 both 0
both_of_us_are_still_here 1576920234168 360 213 touchmove 294 52 0.738525390625 0.738525390625 0 both 0
both_of_us_are_still_here 1576920234183 360 213 touchmove 297 43 0.8056640625 0.8056640625 0 both 0
both_of_us_are_still_here 1576920234199 360 213 touchmove 298 34 0.8056640625 0.8056640625 0 both 0
both_of_us_are_still_here 1576920234216 360 213 touchmove 298 26 0.8056640625 0.8056640625 0 both 0
both_of_us_are_still_here 1576920234233 360 213 touchmove 299 20 0.8056640625 0.8056640625 0 both 0
both_of_us_are_still_here 1576920234249 360 213 touchmove 299 16 0.8056640625 0.8056640625 0 both 0
both_of_us_are_still_here 1576920234265 360 213 touchmove 299 13 0.8056640625 0.8056640625 0 both 0
both_of_us_are_still_here 1576920234281 360 213 touchmove 299 10 0.8056640625 0.8056640625 0 both 0
both_of_us_are_still_here 1576920234299 360 213 touchmove 299 8 0.8056640625 0.8056640625 0 both 0
both_of_us_are_still_here 1576920234316 360 213 touchmove 297 6 0.872802734375 0.872802734375 0 both 0
both_of_us_are_still_here 1576920234332 360 213 touchmove 296 4 0.872802734375 0.872802734375 0 both 0
both_of_us_are_still_here 1576920234348 360 213 touchmove 295 4 0.8056640625 0.8056640625 0 both 0
both_of_us_are_still_here 1576920234365 360 213 touchmove 295 3 0.872802734375 0.872802734375 0 both 0
both_of_us_are_still_here 1576920234399 360 213 touchmove 294 3 0.872802734375 0.872802734375 0 both 0
both_of_us_are_still_here 1576920234416 360 213 touchmove 292 3 0.872802734375 0.872802734375 0 both 0
both_of_us_are_still_here 1576920234433 360 213 touchmove 290 3 0.872802734375 0.872802734375 0 both 0
both_of_us_are_still_here 1576920234450 360 213 touchmove 287 3 0.8056640625 0.8056640625 0 both 0
both_of_us_are_still_here 1576920234467 360 213 touchmove 281 4 0.93994140625 0.93994140625 0 both 0
both_of_us_are_still_here 1576920234484 360 213 touchmove 274 6 0.93994140625 0.93994140625 0 both 0
both_of_us_are_still_here 1576920234499 360 213 touchmove 265 10 0.8056640625 0.8056640625 0 both 0
both_of_us_are_still_here 1576920234516 360 213 touchmove 254 14 0.872802734375 0.872802734375 0 both 0
both_of_us_are_still_here 1576920234532 360 213 touchmove 242 19 0.93994140625 0.93994140625 0 both 0
both_of_us_are_still_here 1576920234550 360 213 touchmove 230 24 0.93994140625 0.93994140625 0 both 0
both_of_us_are_still_here 1576920234565 360 213 touchmove 219 27 0.93994140625 0.93994140625 0 both 0
both_of_us_are_still_here 1576920234585 360 213 touchmove 209 28 0.93994140625 0.93994140625 0 both 0
both_of_us_are_still_here 1576920234599 360 213 touchmove 200 28 0.872802734375 0.872802734375 0 both 0
both_of_us_are_still_here 1576920234616 360 213 touchmove 192 28 0.872802734375 0.872802734375 0 both 0
both_of_us_are_still_here 1576920234633 360 213 touchmove 182 28 0.872802734375 0.872802734375 0 both 0
both_of_us_are_still_here 1576920234649 360 213 touchmove 173 28 0.872802734375 0.872802734375 0 both 0
both_of_us_are_still_here 1576920234665 360 213 touchmove 165 28 0.93994140625 0.93994140625 0 both 0
both_of_us_are_still_here 1576920234683 360 213 touchmove 158 29 0.872802734375 0.872802734375 0 both 0
both_of_us_are_still_here 1576920234699 360 213 touchmove 153 29 0.872802734375 0.872802734375 0 both 0
both_of_us_are_still_here 1576920234715 360 213 touchmove 149 30 0.872802734375 0.872802734375 0 both 0
both_of_us_are_still_here 1576920234732 360 213 touchmove 146 30 0.93994140625 0.93994140625 0 both 0
both_of_us_are_still_here 1576920234750 360 213 touchmove 144 30 0.93994140625 0.93994140625 0 both 0
both_of_us_are_still_here 1576920234766 360 213 touchmove 143 30 0.93994140625 0.93994140625 0 both 0
both_of_us_are_still_here 1576920234783 360 213 touchmove 143 31 0.93994140625 0.93994140625 0 both 0
both_of_us_are_still_here 1576920234799 360 213 touchmove 142 31 0.93994140625 0.93994140625 0 both 0
both_of_us_are_still_here 1576920234833 360 213 touchmove 143 31 0.872802734375 0.872802734375 0 both 0
both_of_us_are_still_here 1576920234850 360 213 touchmove 144 31 0.93994140625 0.93994140625 0 both 0
both_of_us_are_still_here 1576920234865 360 213 touchmove 144 31 0.93994140625 0.93994140625 0 both 0
both_of_us_are_still_here 1576920234883 360 213 touchmove 145 31 0.93994140625 0.93994140625 0 both 0
both_of_us_are_still_here 1576920234900 360 213 touchmove 145 31 0.93994140625 0.93994140625 0 both 0
both_of_us_are_still_here 1576920234916 360 213 touchmove 146 31 0.93994140625 0.93994140625 0 both 0
both_of_us_are_still_here 1576920234933 360 213 touchmove 147 31 0.93994140625 0.93994140625 0 both 0
both_of_us_are_still_here 1576920234949 360 213 touchmove 149 31 0.872802734375 0.872802734375 0 both 0
both_of_us_are_still_here 1576920234966 360 213 touchmove 152 32 0.872802734375 0.872802734375 0 both 0
both_of_us_are_still_here 1576920234982 360 213 touchmove 155 33 0.872802734375 0.872802734375 0 both 0
both_of_us_are_still_here 1576920234999 360 213 touchmove 158 33 0.93994140625 0.93994140625 0 both 0
both_of_us_are_still_here 1576920235016 360 213 touchmove 158 34 1.007080078125 1.007080078125 0 both 0
both_of_us_are_still_here 1576920235032 360 213 touchmove 159 34 0.93994140625 0.93994140625 0 both 0
both_of_us_are_still_here 1576920235049 360 213 touchmove 158 34 0.872802734375 0.872802734375 0 both 0
both_of_us_are_still_here 1576920235066 360 213 touchmove 160 38 0.872802734375 0.872802734375 0 both 0
both_of_us_are_still_here 1576920235082 360 213 touchmove 162 44 0.872802734375 0.872802734375 0 both 0
both_of_us_are_still_here 1576920235101 360 213 touchmove 165 52 0.872802734375 0.872802734375 0 both 0
both_of_us_are_still_here 1576920235116 360 213 touchmove 169 60 0.8056640625 0.8056640625 0 both 0
both_of_us_are_still_here 1576920235133 360 213 touchmove 176 68 0.872802734375 0.872802734375 0 both 0
both_of_us_are_still_here 1576920235150 360 213 touchmove 184 73 0.8056640625 0.8056640625 0 both 0
both_of_us_are_still_here 1576920235165 360 213 touchmove 190 77 0.8056640625 0.8056640625 0 both 0
both_of_us_are_still_here 1576920235182 360 213 touchmove 197 80 0.8056640625 0.8056640625 0 both 0
both_of_us_are_still_here 1576920235200 360 213 touchmove 205 83 0.8056640625 0.8056640625 0 both 0
both_of_us_are_still_here 1576920235216 360 213 touchmove 214 85 0.872802734375 0.872802734375 0 both 0
both_of_us_are_still_here 1576920235234 360 213 touchmove 223 86 0.872802734375 0.872802734375 0 both 0
both_of_us_are_still_here 1576920235248 360 213 touchmove 231 86 0.738525390625 0.738525390625 0 both 0
both_of_us_are_still_here 1576920235265 360 213 touchmove 235 86 0.8056640625 0.8056640625 0 both 0
both_of_us_are_still_here 1576920235281 360 213 touchmove 237 86 0.738525390625 0.738525390625 0 both 0
both_of_us_are_still_here 1576920235298 360 213 touchmove 238 87 0.8056640625 0.8056640625 0 both 0
both_of_us_are_still_here 1576920235365 360 213 touchmove 236 88 0.8056640625 0.8056640625 0 both 0
both_of_us_are_still_here 1576920235382 360 213 touchmove 235 88 0.8056640625 0.8056640625 0 both 0
both_of_us_are_still_here 1576920235398 360 213 touchmove 235 89 0.8056640625 0.8056640625 0 both 0
both_of_us_are_still_here 1576920235415 360 213 touchmove 236 90 0.738525390625 0.738525390625 0 both 0
both_of_us_are_still_here 1576920235432 360 213 touchmove 237 89 0.93994140625 0.93994140625 0 both 0
both_of_us_are_still_here 1576920235451 360 213 touchmove 237 89 0.93994140625 0.93994140625 0 both 0
both_of_us_are_still_here 1576920235466 360 213 touchmove 234 90 0.872802734375 0.872802734375 0 both 0
both_of_us_are_still_here 1576920235482 360 213 touchmove 231 90 0.872802734375 0.872802734375 0 both 0
both_of_us_are_still_here 1576920235498 360 213 touchmove 227 91 0.872802734375 0.872802734375 0 both 0
both_of_us_are_still_here 1576920235515 360 213 touchmove 224 92 0.93994140625 0.93994140625 0 both 0
both_of_us_are_still_here 1576920235532 360 213 touchmove 222 93 0.93994140625 0.93994140625 0 both 0
both_of_us_are_still_here 1576920235549 360 213 touchmove 222 96 1.07421875 1.07421875 0 both 0
both_of_us_are_still_here 1576920235552 360 213 touchend 222 96 1.07421875 1.07421875 0 both 0
both_of_us_are_still_here 1576920236706 360 213 touchstart 308 32 0.738525390625 0.738525390625 0 of 0
both_of_us_are_still_here 1576920236736 360 213 touchmove 309 32 0.67138671875 0.67138671875 0 of 0
both_of_us_are_still_here 1576920236754 360 213 touchmove 310 32 0.738525390625 0.738525390625 0 of 0
both_of_us_are_still_here 1576920236766 360 213 touchmove 310 32 0.738525390625 0.738525390625 0 of 0
both_of_us_are_still_here 1576920236781 360 213 touchmove 310 32 0.738525390625 0.738525390625 0 of 0
both_of_us_are_still_here 1576920236831 360 213 touchmove 299 34 0.8056640625 0.8056640625 0 of 0
both_of_us_are_still_here 1576920236851 360 213 touchmove 294 35 0.872802734375 0.872802734375 0 of 0
both_of_us_are_still_here 1576920236866 360 213 touchmove 289 35 0.8056640625 0.8056640625 0 of 0
both_of_us_are_still_here 1576920236882 360 213 touchmove 281 37 0.8056640625 0.8056640625 0 of 0
both_of_us_are_still_here 1576920236898 360 213 touchmove 271 41 0.872802734375 0.872802734375 0 of 0
both_of_us_are_still_here 1576920236914 360 213 touchmove 259 45 0.8056640625 0.8056640625 0 of 0
both_of_us_are_still_here 1576920236932 360 213 touchmove 243 52 0.872802734375 0.872802734375 0 of 0
both_of_us_are_still_here 1576920236948 360 213 touchmove 229 59 0.872802734375 0.872802734375 0 of 0
both_of_us_are_still_here 1576920236965 360 213 touchmove 218 66 0.872802734375 0.872802734375 0 of 0
both_of_us_are_still_here 1576920236983 360 213 touchmove 208 71 0.872802734375 0.872802734375 0 of 0
both_of_us_are_still_here 1576920236999 360 213 touchmove 199 76 0.8056640625 0.8056640625 0 of 0
both_of_us_are_still_here 1576920237014 360 213 touchmove 190 79 0.872802734375 0.872802734375 0 of 0
both_of_us_are_still_here 1576920237031 360 213 touchmove 179 82 0.8056640625 0.8056640625 0 of 0
both_of_us_are_still_here 1576920237048 360 213 touchmove 170 85 0.8056640625 0.8056640625 0 of 0
both_of_us_are_still_here 1576920237065 360 213 touchmove 160 88 0.8056640625 0.8056640625 0 of 0
both_of_us_are_still_here 1576920237081 360 213 touchmove 154 89 0.872802734375 0.872802734375 0 of 0
both_of_us_are_still_here 1576920237098 360 213 touchmove 151 91 0.872802734375 0.872802734375 0 of 0
both_of_us_are_still_here 1576920237115 360 213 touchmove 149 91 0.872802734375 0.872802734375 0 of 0
both_of_us_are_still_here 1576920237131 360 213 touchmove 149 92 0.872802734375 0.872802734375 0 of 0
both_of_us_are_still_here 1576920237150 360 213 touchmove 148 92 0.8056640625 0.8056640625 0 of 0
both_of_us_are_still_here 1576920237165 360 213 touchmove 146 93 0.738525390625 0.738525390625 0 of 0
both_of_us_are_still_here 1576920237180 360 213 touchmove 146 95 1.007080078125 1.007080078125 0 of 0
both_of_us_are_still_here 1576920237182 360 213 touchend 146 95 1.007080078125 1.007080078125 0 of 0
both_of_us_are_still_here 1576920239215 360 213 touchstart 237 29 0.738525390625 0.738525390625 0 us 0
both_of_us_are_still_here 1576920239249 360 213 touchmove 238 30 0.738525390625 0.738525390625 0 us 0
both_of_us_are_still_here 1576920239313 360 213 touchmove 237 30 0.8056640625 0.8056640625 0 us 0
both_of_us_are_still_here 1576920239329 360 213 touchmove 227 31 0.8056640625 0.8056640625 0 us 0
both_of_us_are_still_here 1576920239347 360 213 touchmove 219 33 0.8056640625 0.8056640625 0 us 0
both_of_us_are_still_here 1576920239365 360 213 touchmove 209 39 0.8056640625 0.8056640625 0 us 0
both_of_us_are_still_here 1576920239380 360 213 touchmove 200 45 0.93994140625 0.93994140625 0 us 0
both_of_us_are_still_here 1576920239397 360 213 touchmove 194 48 0.8056640625 0.8056640625 0 us 0
both_of_us_are_still_here 1576920239414 360 213 touchmove 188 51 0.8056640625 0.8056640625 0 us 0
both_of_us_are_still_here 1576920239430 360 213 touchmove 183 53 0.872802734375 0.872802734375 0 us 0
both_of_us_are_still_here 1576920239448 360 213 touchmove 181 54 0.872802734375 0.872802734375 0 us 0
both_of_us_are_still_here 1576920239463 360 213 touchmove 177 54 0.872802734375 0.872802734375 0 us 0
both_of_us_are_still_here 1576920239482 360 213 touchmove 172 56 0.8056640625 0.8056640625 0 us 0
both_of_us_are_still_here 1576920239499 360 213 touchmove 166 58 0.8056640625 0.8056640625 0 us 0
both_of_us_are_still_here 1576920239513 360 213 touchmove 161 60 0.8056640625 0.8056640625 0 us 0
both_of_us_are_still_here 1576920239530 360 213 touchmove 157 61 0.8056640625 0.8056640625 0 us 0
both_of_us_are_still_here 1576920239546 360 213 touchmove 153 63 0.8056640625 0.8056640625 0 us 0
both_of_us_are_still_here 1576920239562 360 213 touchmove 146 69 0.8056640625 0.8056640625 0 us 0
both_of_us_are_still_here 1576920239579 360 213 touchmove 139 74 0.872802734375 0.872802734375 0 us 0
both_of_us_are_still_here 1576920239596 360 213 touchmove 131 78 0.8056640625 0.8056640625 0 us 0
both_of_us_are_still_here 1576920239613 360 213 touchmove 119 83 0.8056640625 0.8056640625 0 us 0
both_of_us_are_still_here 1576920239629 360 213 touchmove 109 86 0.8056640625 0.8056640625 0 us 0
both_of_us_are_still_here 1576920239649 360 213 touchmove 102 89 0.8056640625 0.8056640625 0 us 0
both_of_us_are_still_here 1576920239663 360 213 touchmove 96 92 0.93994140625 0.93994140625 0 us 0
both_of_us_are_still_here 1576920239681 360 213 touchmove 90 93 0.93994140625 0.93994140625 0 us 0
both_of_us_are_still_here 1576920239696 360 213 touchmove 86 94 0.872802734375 0.872802734375 0 us 0
both_of_us_are_still_here 1576920239714 360 213 touchmove 82 94 0.872802734375 0.872802734375 0 us 0
both_of_us_are_still_here 1576920239730 360 213 touchmove 79 94 0.872802734375 0.872802734375 0 us 0
both_of_us_are_still_here 1576920239746 360 213 touchmove 75 95 0.93994140625 0.93994140625 0 us 0
both_of_us_are_still_here 1576920239763 360 213 touchmove 71 96 0.872802734375 0.872802734375 0 us 0
both_of_us_are_still_here 1576920239779 360 213 touchmove 67 97 0.872802734375 0.872802734375 0 us 0
both_of_us_are_still_here 1576920239797 360 213 touchmove 63 99 0.8056640625 0.8056640625 0 us 0
both_of_us_are_still_here 1576920239814 360 213 touchmove 61 101 0.8056640625 0.8056640625 0 us 0
both_of_us_are_still_here 1576920239828 360 213 touchmove 57 103 0.872802734375 0.872802734375 0 us 0
both_of_us_are_still_here 1576920239830 360 213 touchend 57 103 0.872802734375 0.872802734375 0 us 0
both_of_us_are_still_here 1576920240994 360 213 touchstart 26 99 0.604248046875 0.604248046875 0 are 0
both_of_us_are_still_here 1576920241012 360 213 touchmove 27 99 0.738525390625 0.738525390625 0 are 0
both_of_us_are_still_here 1576920241029 360 213 touchmove 28 99 0.8056640625 0.8056640625 0 are 0
both_of_us_are_still_here 1576920241047 360 213 touchmove 29 99 0.8056640625 0.8056640625 0 are 0
both_of_us_are_still_here 1576920241062 360 213 touchmove 30 99 0.872802734375 0.872802734375 0 are 0
both_of_us_are_still_here 1576920241079 360 213 touchmove 31 99 0.872802734375 0.872802734375 0 are 0
both_of_us_are_still_here 1576920241128 360 213 touchmove 32 99 0.872802734375 0.872802734375 0 are 0
both_of_us_are_still_here 1576920241134 360 213 touchmove 41 93 0.872802734375 0.872802734375 0 are 0
both_of_us_are_still_here 1576920241162 360 213 touchmove 68 71 0.93994140625 0.93994140625 0 are 0
both_of_us_are_still_here 1576920241179 360 213 touchmove 77 63 0.8056640625 0.8056640625 0 are 0
both_of_us_are_still_here 1576920241196 360 213 touchmove 84 58 0.8056640625 0.8056640625 0 are 0
both_of_us_are_still_here 1576920241212 360 213 touchmove 88 54 0.8056640625 0.8056640625 0 are 0
both_of_us_are_still_here 1576920241230 360 213 touchmove 93 50 0.872802734375 0.872802734375 0 are 0
both_of_us_are_still_here 1576920241246 360 213 touchmove 95 46 0.8056640625 0.8056640625 0 are 0
both_of_us_are_still_here 1576920241262 360 213 touchmove 97 43 0.8056640625 0.8056640625 0 are 0
both_of_us_are_still_here 1576920241278 360 213 touchmove 100 39 0.872802734375 0.872802734375 0 are 0
both_of_us_are_still_here 1576920241296 360 213 touchmove 104 34 0.872802734375 0.872802734375 0 are 0
both_of_us_are_still_here 1576920241311 360 213 touchmove 110 28 1.007080078125 1.007080078125 0 are 0
both_of_us_are_still_here 1576920241328 360 213 touchmove 113 25 0.8056640625 0.8056640625 0 are 0
both_of_us_are_still_here 1576920241345 360 213 touchmove 115 23 0.872802734375 0.872802734375 0 are 0
both_of_us_are_still_here 1576920241367 360 213 touchmove 117 21 0.872802734375 0.872802734375 0 are 0
both_of_us_are_still_here 1576920241378 360 213 touchmove 118 19 0.872802734375 0.872802734375 0 are 0
both_of_us_are_still_here 1576920241395 360 213 touchmove 121 17 0.872802734375 0.872802734375 0 are 0
both_of_us_are_still_here 1576920241410 360 213 touchmove 123 15 0.872802734375 0.872802734375 0 are 0
both_of_us_are_still_here 1576920241427 360 213 touchmove 124 15 0.872802734375 0.872802734375 0 are 0
both_of_us_are_still_here 1576920241444 360 213 touchmove 124 15 0.872802734375 0.872802734375 0 are 0
both_of_us_are_still_here 1576920241461 360 213 touchmove 124 15 0.872802734375 0.872802734375 0 are 0
both_of_us_are_still_here 1576920241478 360 213 touchmove 124 15 0.872802734375 0.872802734375 0 are 0
both_of_us_are_still_here 1576920241498 360 213 touchmove 124 15 0.872802734375 0.872802734375 0 are 0
both_of_us_are_still_here 1576920241512 360 213 touchmove 125 16 0.8056640625 0.8056640625 0 are 0
both_of_us_are_still_here 1576920241529 360 213 touchmove 125 20 0.872802734375 0.872802734375 0 are 0
both_of_us_are_still_here 1576920241544 360 213 touchmove 124 25 0.872802734375 0.872802734375 0 are 0
both_of_us_are_still_here 1576920241561 360 213 touchmove 123 31 0.872802734375 0.872802734375 0 are 0
both_of_us_are_still_here 1576920241578 360 213 touchmove 120 37 0.872802734375 0.872802734375 0 are 0
both_of_us_are_still_here 1576920241595 360 213 touchmove 117 41 0.872802734375 0.872802734375 0 are 0
both_of_us_are_still_here 1576920241654 360 213 touchmove 106 52 0.8056640625 0.8056640625 0 are 0
both_of_us_are_still_here 1576920241677 360 213 touchmove 93 56 0.738525390625 0.738525390625 0 are 0
both_of_us_are_still_here 1576920241696 360 213 touchmove 85 55 0.8056640625 0.8056640625 0 are 0
both_of_us_are_still_here 1576920241712 360 213 touchmove 79 51 0.872802734375 0.872802734375 0 are 0
both_of_us_are_still_here 1576920241729 360 213 touchmove 72 44 0.872802734375 0.872802734375 0 are 0
both_of_us_are_still_here 1576920241746 360 213 touchmove 67 40 0.872802734375 0.872802734375 0 are 0
both_of_us_are_still_here 1576920241763 360 213 touchmove 63 38 0.872802734375 0.872802734375 0 are 0
both_of_us_are_still_here 1576920241780 360 213 touchmove 62 37 0.872802734375 0.872802734375 0 are 0
both_of_us_are_still_here 1576920241796 360 213 touchmove 61 37 0.872802734375 0.872802734375 0 are 0
both_of_us_are_still_here 1576920241812 360 213 touchmove 60 36 0.872802734375 0.872802734375 0 are 0
both_of_us_are_still_here 1576920241832 360 213 touchmove 60 36 0.872802734375 0.872802734375 0 are 0
both_of_us_are_still_here 1576920241845 360 213 touchmove 60 36 0.872802734375 0.872802734375 0 are 0
both_of_us_are_still_here 1576920241862 360 213 touchmove 61 36 0.872802734375 0.872802734375 0 are 0
both_of_us_are_still_here 1576920241880 360 213 touchmove 61 36 0.872802734375 0.872802734375 0 are 0
both_of_us_are_still_here 1576920241896 360 213 touchmove 62 36 0.872802734375 0.872802734375 0 are 0
both_of_us_are_still_here 1576920241912 360 213 touchmove 63 36 1.007080078125 1.007080078125 0 are 0
both_of_us_are_still_here 1576920241929 360 213 touchmove 65 35 1.007080078125 1.007080078125 0 are 0
both_of_us_are_still_here 1576920241945 360 213 touchmove 69 34 0.93994140625 0.93994140625 0 are 0
both_of_us_are_still_here 1576920241975 360 213 touchmove 79 29 0.93994140625 0.93994140625 0 are 0
both_of_us_are_still_here 1576920241995 360 213 touchmove 92 25 1.007080078125 1.007080078125 0 are 0
both_of_us_are_still_here 1576920242011 360 213 touchmove 94 25 1.007080078125 1.007080078125 0 are 0
both_of_us_are_still_here 1576920242027 360 213 touchmove 94 25 1.007080078125 1.007080078125 0 are 0
both_of_us_are_still_here 1576920242044 360 213 touchmove 94 25 1.007080078125 1.007080078125 0 are 0
both_of_us_are_still_here 1576920242060 360 213 touchmove 95 25 1.007080078125 1.007080078125 0 are 0
both_of_us_are_still_here 1576920242078 360 213 touchmove 95 26 1.007080078125 1.007080078125 0 are 0
both_of_us_are_still_here 1576920242132 360 213 touchmove 95 26 0.93994140625 0.93994140625 0 are 0
both_of_us_are_still_here 1576920242145 360 213 touchmove 96 26 1.007080078125 1.007080078125 0 are 0
both_of_us_are_still_here 1576920242147 360 213 touchend 96 26 1.007080078125 1.007080078125 0 are 0
both_of_us_are_still_here 1576920243669 360 213 touchstart 69 93 0.537109375 0.537109375 0 still 0
both_of_us_are_still_here 1576920243713 360 213 touchmove 69 93 0.738525390625 0.738525390625 0 still 0
both_of_us_are_still_here 1576920243761 360 213 touchmove 69 93 0.8056640625 0.8056640625 0 still 0
both_of_us_are_still_here 1576920243811 360 213 touchmove 74 85 0.8056640625 0.8056640625 0 still 0
both_of_us_are_still_here 1576920243830 360 213 touchmove 79 79 0.8056640625 0.8056640625 0 still 0
both_of_us_are_still_here 1576920243847 360 213 touchmove 84 74 0.8056640625 0.8056640625 0 still 0
both_of_us_are_still_here 1576920243863 360 213 touchmove 89 71 0.8056640625 0.8056640625 0 still 0
both_of_us_are_still_here 1576920243878 360 213 touchmove 93 68 0.872802734375 0.872802734375 0 still 0
both_of_us_are_still_here 1576920243894 360 213 touchmove 98 65 0.8056640625 0.8056640625 0 still 0
both_of_us_are_still_here 1576920243911 360 213 touchmove 104 62 0.8056640625 0.8056640625 0 still 0
both_of_us_are_still_here 1576920243927 360 213 touchmove 113 59 0.738525390625 0.738525390625 0 still 0
both_of_us_are_still_here 1576920243945 360 213 touchmove 119 57 0.872802734375 0.872802734375 0 still 0
both_of_us_are_still_here 1576920243961 360 213 touchmove 122 55 0.872802734375 0.872802734375 0 still 0
both_of_us_are_still_here 1576920243979 360 213 touchmove 125 54 0.872802734375 0.872802734375 0 still 0
both_of_us_are_still_here 1576920243995 360 213 touchmove 128 50 0.872802734375 0.872802734375 0 still 0
both_of_us_are_still_here 1576920244012 360 213 touchmove 133 47 0.872802734375 0.872802734375 0 still 0
both_of_us_are_still_here 1576920244029 360 213 touchmove 138 43 0.8056640625 0.8056640625 0 still 0
both_of_us_are_still_here 1576920244046 360 213 touchmove 143 40 0.8056640625 0.8056640625 0 still 0
both_of_us_are_still_here 1576920244061 360 213 touchmove 146 39 0.8056640625 0.8056640625 0 still 0
both_of_us_are_still_here 1576920244077 360 213 touchmove 147 38 0.8056640625 0.8056640625 0 still 0
both_of_us_are_still_here 1576920244096 360 213 touchmove 148 38 0.8056640625 0.8056640625 0 still 0
both_of_us_are_still_here 1576920244110 360 213 touchmove 150 35 0.8056640625 0.8056640625 0 still 0
both_of_us_are_still_here 1576920244128 360 213 touchmove 153 33 0.8056640625 0.8056640625 0 still 0
both_of_us_are_still_here 1576920244146 360 213 touchmove 156 31 0.8056640625 0.8056640625 0 still 0
both_of_us_are_still_here 1576920244161 360 213 touchmove 160 28 0.872802734375 0.872802734375 0 still 0
both_of_us_are_still_here 1576920244179 360 213 touchmove 162 27 0.872802734375 0.872802734375 0 still 0
both_of_us_are_still_here 1576920244194 360 213 touchmove 162 27 0.872802734375 0.872802734375 0 still 0
both_of_us_are_still_here 1576920244216 360 213 touchmove 163 26 0.872802734375 0.872802734375 0 still 0
both_of_us_are_still_here 1576920244229 360 213 touchmove 162 26 0.872802734375 0.872802734375 0 still 0
both_of_us_are_still_here 1576920244245 360 213 touchmove 161 26 0.872802734375 0.872802734375 0 still 0
both_of_us_are_still_here 1576920244261 360 213 touchmove 161 27 0.872802734375 0.872802734375 0 still 0
both_of_us_are_still_here 1576920244278 360 213 touchmove 162 27 0.872802734375 0.872802734375 0 still 0
both_of_us_are_still_here 1576920244295 360 213 touchmove 162 26 0.93994140625 0.93994140625 0 still 0
both_of_us_are_still_here 1576920244311 360 213 touchmove 164 27 0.872802734375 0.872802734375 0 still 0
both_of_us_are_still_here 1576920244328 360 213 touchmove 166 28 0.872802734375 0.872802734375 0 still 0
both_of_us_are_still_here 1576920244344 360 213 touchmove 170 29 0.872802734375 0.872802734375 0 still 0
both_of_us_are_still_here 1576920244362 360 213 touchmove 177 30 0.8056640625 0.8056640625 0 still 0
both_of_us_are_still_here 1576920244377 360 213 touchmove 186 30 0.872802734375 0.872802734375 0 still 0
both_of_us_are_still_here 1576920244393 360 213 touchmove 198 28 0.872802734375 0.872802734375 0 still 0
both_of_us_are_still_here 1576920244411 360 213 touchmove 210 27 0.872802734375 0.872802734375 0 still 0
both_of_us_are_still_here 1576920244427 360 213 touchmove 222 26 0.872802734375 0.872802734375 0 still 0
both_of_us_are_still_here 1576920244445 360 213 touchmove 229 26 0.872802734375 0.872802734375 0 still 0
both_of_us_are_still_here 1576920244461 360 213 touchmove 232 26 0.872802734375 0.872802734375 0 still 0
both_of_us_are_still_here 1576920244477 360 213 touchmove 235 26 0.872802734375 0.872802734375 0 still 0
both_of_us_are_still_here 1576920244495 360 213 touchmove 236 26 0.872802734375 0.872802734375 0 still 0
both_of_us_are_still_here 1576920244510 360 213 touchmove 239 26 0.872802734375 0.872802734375 0 still 0
both_of_us_are_still_here 1576920244527 360 213 touchmove 246 25 0.93994140625 0.93994140625 0 still 0
both_of_us_are_still_here 1576920244545 360 213 touchmove 253 25 0.872802734375 0.872802734375 0 still 0
both_of_us_are_still_here 1576920244561 360 213 touchmove 258 25 0.872802734375 0.872802734375 0 still 0
both_of_us_are_still_here 1576920244579 360 213 touchmove 260 26 0.872802734375 0.872802734375 0 still 0
both_of_us_are_still_here 1576920244593 360 213 touchmove 263 25 0.872802734375 0.872802734375 0 still 0
both_of_us_are_still_here 1576920244610 360 213 touchmove 266 26 1.007080078125 1.007080078125 0 still 0
both_of_us_are_still_here 1576920244628 360 213 touchmove 270 26 0.93994140625 0.93994140625 0 still 0
both_of_us_are_still_here 1576920244648 360 213 touchmove 276 27 0.93994140625 0.93994140625 0 still 0
both_of_us_are_still_here 1576920244661 360 213 touchmove 280 28 0.872802734375 0.872802734375 0 still 0
both_of_us_are_still_here 1576920244678 360 213 touchmove 283 28 0.8056640625 0.8056640625 0 still 0
both_of_us_are_still_here 1576920244699 360 213 touchmove 284 29 0.8056640625 0.8056640625 0 still 0
both_of_us_are_still_here 1576920244712 360 213 touchmove 285 29 0.872802734375 0.872802734375 0 still 0
both_of_us_are_still_here 1576920244727 360 213 touchmove 285 29 0.872802734375 0.872802734375 0 still 0
both_of_us_are_still_here 1576920244747 360 213 touchmove 287 29 0.93994140625 0.93994140625 0 still 0
both_of_us_are_still_here 1576920244761 360 213 touchmove 287 29 0.93994140625 0.93994140625 0 still 0
both_of_us_are_still_here 1576920244779 360 213 touchmove 288 33 0.93994140625 0.93994140625 0 still 0
both_of_us_are_still_here 1576920244797 360 213 touchmove 289 38 0.93994140625 0.93994140625 0 still 0
both_of_us_are_still_here 1576920244811 360 213 touchmove 290 46 0.93994140625 0.93994140625 0 still 0
both_of_us_are_still_here 1576920244829 360 213 touchmove 293 55 0.872802734375 0.872802734375 0 still 0
both_of_us_are_still_here 1576920244843 360 213 touchmove 298 62 0.8056640625 0.8056640625 0 still 0
both_of_us_are_still_here 1576920244861 360 213 touchmove 303 67 0.8056640625 0.8056640625 0 still 0
both_of_us_are_still_here 1576920244877 360 213 touchmove 308 71 0.738525390625 0.738525390625 0 still 0
both_of_us_are_still_here 1576920244896 360 213 touchmove 313 74 0.738525390625 0.738525390625 0 still 0
both_of_us_are_still_here 1576920244910 360 213 touchmove 317 76 0.738525390625 0.738525390625 0 still 0
both_of_us_are_still_here 1576920244928 360 213 touchmove 320 77 0.67138671875 0.67138671875 0 still 0
both_of_us_are_still_here 1576920244943 360 213 touchmove 321 77 0.738525390625 0.738525390625 0 still 0
both_of_us_are_still_here 1576920244962 360 213 touchmove 321 77 0.738525390625 0.738525390625 0 still 0
both_of_us_are_still_here 1576920244977 360 213 touchmove 323 79 0.604248046875 0.604248046875 0 still 0
both_of_us_are_still_here 1576920244995 360 213 touchmove 325 81 0.604248046875 0.604248046875 0 still 0
both_of_us_are_still_here 1576920245012 360 213 touchmove 327 81 0.604248046875 0.604248046875 0 still 0
both_of_us_are_still_here 1576920245029 360 213 touchmove 328 83 0.604248046875 0.604248046875 0 still 0
both_of_us_are_still_here 1576920245043 360 213 touchmove 328 84 0.604248046875 0.604248046875 0 still 0
both_of_us_are_still_here 1576920245066 360 213 touchmove 329 84 0.604248046875 0.604248046875 0 still 0
both_of_us_are_still_here 1576920245077 360 213 touchmove 329 85 0.604248046875 0.604248046875 0 still 0
both_of_us_are_still_here 1576920245111 360 213 touchmove 329 85 0.604248046875 0.604248046875 0 still 0
both_of_us_are_still_here 1576920245146 360 213 touchmove 329 85 0.604248046875 0.604248046875 0 still 0
both_of_us_are_still_here 1576920245193 360 213 touchmove 329 85 0.604248046875 0.604248046875 0 still 0
both_of_us_are_still_here 1576920245242 360 213 touchmove 329 86 0.604248046875 0.604248046875 0 still 0
both_of_us_are_still_here 1576920245310 360 213 touchmove 330 86 0.604248046875 0.604248046875 0 still 0
both_of_us_are_still_here 1576920245327 360 213 touchmove 330 87 0.604248046875 0.604248046875 0 still 0
both_of_us_are_still_here 1576920245346 360 213 touchmove 330 87 0.604248046875 0.604248046875 0 still 0
both_of_us_are_still_here 1576920245380 360 213 touchmove 330 87 0.604248046875 0.604248046875 0 still 0
both_of_us_are_still_here 1576920245396 360 213 touchmove 329 87 0.604248046875 0.604248046875 0 still 0
both_of_us_are_still_here 1576920245411 360 213 touchmove 329 87 0.604248046875 0.604248046875 0 still 0
both_of_us_are_still_here 1576920245431 360 213 touchmove 328 86 0.67138671875 0.67138671875 0 still 0
both_of_us_are_still_here 1576920245445 360 213 touchmove 328 86 0.67138671875 0.67138671875 0 still 0
both_of_us_are_still_here 1576920245466 360 213 touchmove 328 86 0.604248046875 0.604248046875 0 still 0
both_of_us_are_still_here 1576920245478 360 213 touchmove 327 86 0.67138671875 0.67138671875 0 still 0
both_of_us_are_still_here 1576920245594 360 213 touchmove 327 86 0.67138671875 0.67138671875 0 still 0
both_of_us_are_still_here 1576920245610 360 213 touchmove 325 86 0.738525390625 0.738525390625 0 still 0
both_of_us_are_still_here 1576920245626 360 213 touchmove 320 87 0.872802734375 0.872802734375 0 still 0
both_of_us_are_still_here 1576920245643 360 213 touchmove 312 91 0.872802734375 0.872802734375 0 still 0
both_of_us_are_still_here 1576920245660 360 213 touchmove 303 94 1.007080078125 1.007080078125 0 still 0
both_of_us_are_still_here 1576920245677 360 213 touchmove 293 95 1.007080078125 1.007080078125 0 still 0
both_of_us_are_still_here 1576920245694 360 213 touchmove 287 96 1.007080078125 1.007080078125 0 still 0
both_of_us_are_still_here 1576920245715 360 213 touchmove 281 96 0.93994140625 0.93994140625 0 still 0
both_of_us_are_still_here 1576920245727 360 213 touchmove 274 95 1.007080078125 1.007080078125 0 still 0
both_of_us_are_still_here 1576920245743 360 213 touchmove 268 95 1.007080078125 1.007080078125 0 still 0
both_of_us_are_still_here 1576920245760 360 213 touchmove 266 96 0.93994140625 0.93994140625 0 still 0
both_of_us_are_still_here 1576920245777 360 213 touchmove 265 95 0.93994140625 0.93994140625 0 still 0
both_of_us_are_still_here 1576920245794 360 213 touchmove 266 94 1.007080078125 1.007080078125 0 still 0
both_of_us_are_still_here 1576920245812 360 213 touchmove 271 94 1.007080078125 1.007080078125 0 still 0
both_of_us_are_still_here 1576920245826 360 213 touchmove 283 94 1.007080078125 1.007080078125 0 still 0
both_of_us_are_still_here 1576920245842 360 213 touchmove 298 93 0.8056640625 0.8056640625 0 still 0
both_of_us_are_still_here 1576920245860 360 213 touchmove 309 93 0.8056640625 0.8056640625 0 still 0
both_of_us_are_still_here 1576920245878 360 213 touchmove 316 93 0.738525390625 0.738525390625 0 still 0
both_of_us_are_still_here 1576920245893 360 213 touchmove 320 93 0.738525390625 0.738525390625 0 still 0
both_of_us_are_still_here 1576920245909 360 213 touchmove 322 92 0.738525390625 0.738525390625 0 still 0
both_of_us_are_still_here 1576920245925 360 213 touchmove 323 92 0.738525390625 0.738525390625 0 still 0
both_of_us_are_still_here 1576920245943 360 213 touchmove 326 91 0.604248046875 0.604248046875 0 still 0
both_of_us_are_still_here 1576920245959 360 213 touchmove 329 89 0.604248046875 0.604248046875 0 still 0
both_of_us_are_still_here 1576920245976 360 213 touchmove 331 88 0.604248046875 0.604248046875 0 still 0
both_of_us_are_still_here 1576920245993 360 213 touchmove 332 88 0.604248046875 0.604248046875 0 still 0
both_of_us_are_still_here 1576920246013 360 213 touchmove 332 88 0.604248046875 0.604248046875 0 still 0
both_of_us_are_still_here 1576920246027 360 213 touchmove 332 89 0.537109375 0.537109375 0 still 0
both_of_us_are_still_here 1576920246043 360 213 touchmove 332 89 0.537109375 0.537109375 0 still 0
both_of_us_are_still_here 1576920246077 360 213 touchmove 332 90 0.604248046875 0.604248046875 0 still 0
both_of_us_are_still_here 1576920246089 360 213 touchmove 331 91 0.604248046875 0.604248046875 0 still 0
both_of_us_are_still_here 1576920246091 360 213 touchend 331 91 0.604248046875 0.604248046875 0 still 0
both_of_us_are_still_here 1576920247476 360 213 touchstart 215 107 0.67138671875 0.67138671875 0 here 0
both_of_us_are_still_here 1576920247511 360 213 touchmove 216 107 0.738525390625 0.738525390625 0 here 0
both_of_us_are_still_here 1576920247527 360 213 touchmove 216 107 0.738525390625 0.738525390625 0 here 0
both_of_us_are_still_here 1576920247544 360 213 touchmove 217 106 0.738525390625 0.738525390625 0 here 0
both_of_us_are_still_here 1576920247560 360 213 touchmove 219 105 0.8056640625 0.8056640625 0 here 0
both_of_us_are_still_here 1576920247576 360 213 touchmove 226 101 0.8056640625 0.8056640625 0 here 0
both_of_us_are_still_here 1576920247594 360 213 touchmove 231 98 0.738525390625 0.738525390625 0 here 0
both_of_us_are_still_here 1576920247611 360 213 touchmove 235 94 0.738525390625 0.738525390625 0 here 0
both_of_us_are_still_here 1576920247627 360 213 touchmove 236 92 0.738525390625 0.738525390625 0 here 0
both_of_us_are_still_here 1576920247646 360 213 touchmove 238 89 0.738525390625 0.738525390625 0 here 0
both_of_us_are_still_here 1576920247660 360 213 touchmove 239 89 0.738525390625 0.738525390625 0 here 0
both_of_us_are_still_here 1576920247675 360 213 touchmove 238 88 0.738525390625 0.738525390625 0 here 0
both_of_us_are_still_here 1576920247692 360 213 touchmove 237 87 0.738525390625 0.738525390625 0 here 0
both_of_us_are_still_here 1576920247709 360 213 touchmove 235 86 0.738525390625 0.738525390625 0 here 0
both_of_us_are_still_here 1576920247726 360 213 touchmove 233 85 0.738525390625 0.738525390625 0 here 0
both_of_us_are_still_here 1576920247743 360 213 touchmove 228 84 0.8056640625 0.8056640625 0 here 0
both_of_us_are_still_here 1576920247760 360 213 touchmove 222 84 0.738525390625 0.738525390625 0 here 0
both_of_us_are_still_here 1576920247776 360 213 touchmove 215 84 0.738525390625 0.738525390625 0 here 0
both_of_us_are_still_here 1576920247793 360 213 touchmove 207 83 0.8056640625 0.8056640625 0 here 0
both_of_us_are_still_here 1576920247810 360 213 touchmove 200 80 0.8056640625 0.8056640625 0 here 0
both_of_us_are_still_here 1576920247826 360 213 touchmove 193 75 0.8056640625 0.8056640625 0 here 0
both_of_us_are_still_here 1576920247843 360 213 touchmove 187 69 0.872802734375 0.872802734375 0 here 0
both_of_us_are_still_here 1576920247860 360 213 touchmove 182 63 0.8056640625 0.8056640625 0 here 0
both_of_us_are_still_here 1576920247877 360 213 touchmove 176 58 0.8056640625 0.8056640625 0 here 0
both_of_us_are_still_here 1576920247893 360 213 touchmove 171 52 0.738525390625 0.738525390625 0 here 0
both_of_us_are_still_here 1576920247910 360 213 touchmove 163 47 0.8056640625 0.8056640625 0 here 0
both_of_us_are_still_here 1576920247926 360 213 touchmove 155 45 0.8056640625 0.8056640625 0 here 0
both_of_us_are_still_here 1576920247943 360 213 touchmove 147 42 0.8056640625 0.8056640625 0 here 0
both_of_us_are_still_here 1576920247960 360 213 touchmove 139 41 0.738525390625 0.738525390625 0 here 0
both_of_us_are_still_here 1576920247977 360 213 touchmove 131 40 0.8056640625 0.8056640625 0 here 0
both_of_us_are_still_here 1576920247993 360 213 touchmove 124 39 0.8056640625 0.8056640625 0 here 0
both_of_us_are_still_here 1576920248012 360 213 touchmove 116 38 0.738525390625 0.738525390625 0 here 0
both_of_us_are_still_here 1576920248028 360 213 touchmove 110 38 0.8056640625 0.8056640625 0 here 0
both_of_us_are_still_here 1576920248043 360 213 touchmove 104 38 0.8056640625 0.8056640625 0 here 0
both_of_us_are_still_here 1576920248060 360 213 touchmove 99 38 0.872802734375 0.872802734375 0 here 0
both_of_us_are_still_here 1576920248076 360 213 touchmove 96 38 0.872802734375 0.872802734375 0 here 0
both_of_us_are_still_here 1576920248093 360 213 touchmove 91 38 0.8056640625 0.8056640625 0 here 0
both_of_us_are_still_here 1576920248110 360 213 touchmove 87 39 0.8056640625 0.8056640625 0 here 0
both_of_us_are_still_here 1576920248128 360 213 touchmove 84 39 0.872802734375 0.872802734375 0 here 0
both_of_us_are_still_here 1576920248145 360 213 touchmove 82 40 0.872802734375 0.872802734375 0 here 0
both_of_us_are_still_here 1576920248160 360 213 touchmove 80 40 0.872802734375 0.872802734375 0 here 0
both_of_us_are_still_here 1576920248176 360 213 touchmove 79 41 0.872802734375 0.872802734375 0 here 0
both_of_us_are_still_here 1576920248193 360 213 touchmove 79 41 0.872802734375 0.872802734375 0 here 0
both_of_us_are_still_here 1576920248210 360 213 touchmove 78 41 0.872802734375 0.872802734375 0 here 0
both_of_us_are_still_here 1576920248226 360 213 touchmove 79 41 0.872802734375 0.872802734375 0 here 0
both_of_us_are_still_here 1576920248243 360 213 touchmove 79 40 0.872802734375 0.872802734375 0 here 0
both_of_us_are_still_here 1576920248259 360 213 touchmove 82 40 0.872802734375 0.872802734375 0 here 0
both_of_us_are_still_here 1576920248278 360 213 touchmove 91 37 0.93994140625 0.93994140625 0 here 0
both_of_us_are_still_here 1576920248294 360 213 touchmove 100 32 0.872802734375 0.872802734375 0 here 0
both_of_us_are_still_here 1576920248312 360 213 touchmove 109 29 0.93994140625 0.93994140625 0 here 0
both_of_us_are_still_here 1576920248327 360 213 touchmove 112 28 0.93994140625 0.93994140625 0 here 0
both_of_us_are_still_here 1576920248343 360 213 touchmove 113 27 0.93994140625 0.93994140625 0 here 0
both_of_us_are_still_here 1576920248360 360 213 touchmove 114 27 0.93994140625 0.93994140625 0 here 0
both_of_us_are_still_here 1576920248378 360 213 touchmove 114 27 0.93994140625 0.93994140625 0 here 0
both_of_us_are_still_here 1576920248395 360 213 touchmove 114 27 1.007080078125 1.007080078125 0 here 0
both_of_us_are_still_here 1576920248410 360 213 touchmove 115 27 0.93994140625 0.93994140625 0 here 0
both_of_us_are_still_here 1576920248426 360 213 touchmove 117 27 0.872802734375 0.872802734375 0 here 0
both_of_us_are_still_here 1576920248443 360 213 touchmove 118 27 0.872802734375 0.872802734375 0 here 0
both_of_us_are_still_here 1576920248460 360 213 touchmove 118 27 0.872802734375 0.872802734375 0 here 0
both_of_us_are_still_here 1576920248479 360 213 touchmove 117 28 0.93994140625 0.93994140625 0 here 0
both_of_us_are_still_here 1576920248494 360 213 touchmove 112 30 0.93994140625 0.93994140625 0 here 0
both_of_us_are_still_here 1576920248510 360 213 touchmove 105 31 0.872802734375 0.872802734375 0 here 0
both_of_us_are_still_here 1576920248527 360 213 touchmove 99 32 0.93994140625 0.93994140625 0 here 0
both_of_us_are_still_here 1576920248543 360 213 touchmove 95 33 0.93994140625 0.93994140625 0 here 0
both_of_us_are_still_here 1576920248560 360 213 touchmove 92 33 1.007080078125 1.007080078125 0 here 0
both_of_us_are_still_here 1576920248576 360 213 touchmove 89 34 0.93994140625 0.93994140625 0 here 0
both_of_us_are_still_here 1576920248593 360 213 touchmove 86 35 0.93994140625 0.93994140625 0 here 0
both_of_us_are_still_here 1576920248610 360 213 touchmove 84 35 0.872802734375 0.872802734375 0 here 0
both_of_us_are_still_here 1576920248627 360 213 touchmove 82 36 0.93994140625 0.93994140625 0 here 0
both_of_us_are_still_here 1576920248643 360 213 touchmove 80 36 0.872802734375 0.872802734375 0 here 0
both_of_us_are_still_here 1576920248657 360 213 touchmove 80 38 0.93994140625 0.93994140625 0 here 0
both_of_us_are_still_here 1576920248659 360 213 touchend 80 38 0.93994140625 0.93994140625 0 here 0
