sentence timestamp keyb_width keyb_height event x_pos y_pos x_radius y_radius angle word is_err
are_you_being_a_baby 1582099967175 423 258 touchstart 34 107 0.98039215803146 0.98039215803146 0 are 1
are_you_being_a_baby 1582099967229 423 258 touchend 34 107 0.98039215803146 0.98039215803146 0 are 1
are_you_being_a_baby 1582099970769 423 258 touchstart 243 30 2.1568627357483 2.1568627357483 0 are 1
are_you_being_a_baby 1582099970812 423 258 touchmove 243 30 0.98039215803146 0.98039215803146 0 are 1
are_you_being_a_baby 1582099970816 423 258 touchend 243 30 0.98039215803146 0.98039215803146 0 are 1
are_you_being_a_baby 1582099973384 423 258 touchstart 150 43 2.1568627357483 2.1568627357483 0 are 1
are_you_being_a_baby 1582099973402 423 258 touchmove 150 43 2.1568627357483 2.1568627357483 0 are 1
are_you_being_a_baby 1582099973422 423 258 touchmove 150 43 0.98039215803146 0.98039215803146 0 are 1
are_you_being_a_baby 1582099973437 423 258 touchend 150 43 0.98039215803146 0.98039215803146 0 are 1
are_you_being_a_baby 1582099973384 423 258 touchstart 150 43 2.1568627357483 2.1568627357483 0 are 1 1
are_you_being_a_baby 1582099973402 423 258 touchmove 150 43 2.1568627357483 2.1568627357483 0 are 1 1
are_you_being_a_baby 1582099973422 423 258 touchmove 150 43 0.98039215803146 0.98039215803146 0 are 1 1
are_you_being_a_baby 1582099973437 423 258 touchend 150 43 0.98039215803146 0.98039215803146 0 are 1 1
are_you_being_a_baby 1582099973671 423 258 touchstart 109 41 2.1568627357483 2.1568627357483 0 are 1
are_you_being_a_baby 1582099973693 423 258 touchmove 109 41 0.98039215803146 0.98039215803146 0 are 1
are_you_being_a_baby 1582099973704 423 258 touchmove 109 41 2.1568627357483 2.1568627357483 0 are 1
are_you_being_a_baby 1582099973709 423 258 touchend 109 41 2.1568627357483 2.1568627357483 0 are 1
are_you_being_a_baby 1582099974814 423 258 touchmove 239 248 2.1568627357483 2.1568627357483 0 are 1
are_you_being_a_baby 1582099974829 423 258 touchmove 239 248 0.98039215803146 0.98039215803146 0 are 1
are_you_being_a_baby 1582099974859 423 258 touchend 239 248 0.98039215803146 0.98039215803146 0 are 1
are_you_being_a_baby 1582099975349 423 258 touchstart 235 48 2.1568627357483 2.1568627357483 0 are 1
are_you_being_a_baby 1582099975421 423 258 touchmove 235 48 2.3529412746429 2.3529412746429 0 are 1
are_you_being_a_baby 1582099975422 423 258 touchend 235 48 2.3529412746429 2.3529412746429 0 are 1
are_you_being_a_baby 1582099976002 423 258 touchstart 361 39 0.98039215803146 0.98039215803146 0 are 1
are_you_being_a_baby 1582099976099 423 258 touchend 361 39 0.98039215803146 0.98039215803146 0 are 1
are_you_being_a_baby 1582099976650 423 258 touchstart 278 49 2.3529412746429 2.3529412746429 0 are 1
are_you_being_a_baby 1582099976657 423 258 touchmove 278 49 2.1568627357483 2.1568627357483 0 are 1
are_you_being_a_baby 1582099976680 423 258 touchmove 278 49 2.3529412746429 2.3529412746429 0 are 1
are_you_being_a_baby 1582099976697 423 258 touchmove 278 49 2.1568627357483 2.1568627357483 0 are 1
are_you_being_a_baby 1582099976719 423 258 touchend 278 49 2.1568627357483 2.1568627357483 0 are 1
are_you_being_a_baby 1582099977448 423 258 touchend 257 253 0.98039215803146 0.98039215803146 0 are 1
are_you_being_a_baby 1582099978052 423 258 touchstart 263 175 2.1568627357483 2.1568627357483 0 are 1
are_you_being_a_baby 1582099978103 423 258 touchmove 263 175 0.98039215803146 0.98039215803146 0 are 1
are_you_being_a_baby 1582099978119 423 258 touchmove 263 175 2.3529412746429 2.3529412746429 0 are 1
are_you_being_a_baby 1582099978124 423 258 touchend 263 175 2.3529412746429 2.3529412746429 0 are 1
are_you_being_a_baby 1582099979226 423 258 touchstart 105 37 2.3529412746429 2.3529412746429 0 are 1
are_you_being_a_baby 1582099979245 423 258 touchmove 105 37 2.3529412746429 2.3529412746429 0 are 1
are_you_being_a_baby 1582099979257 423 258 touchend 105 37 2.3529412746429 2.3529412746429 0 are 1
are_you_being_a_baby 1582099979588 423 258 touchstart 294 37 0.98039215803146 0.98039215803146 0 are 1
are_you_being_a_baby 1582099979671 423 258 touchend 294 37 0.98039215803146 0.98039215803146 0 are 1
are_you_being_a_baby 1582099980516 423 258 touchstart 391 148 0.98039215803146 0.98039215803146 0 are 1
are_you_being_a_baby 1582099980596 423 258 touchend 391 148 0.98039215803146 0.98039215803146 0 are 1
are_you_being_a_baby 1582099980864 423 258 touchmove 330 49 0.98039215803146 0.98039215803146 0 are 1
are_you_being_a_baby 1582099980869 423 258 touchend 330 49 0.98039215803146 0.98039215803146 0 are 1
are_you_being_a_baby 1582099981162 423 258 touchmove 291 174 2.1568627357483 2.1568627357483 0 are 1
are_you_being_a_baby 1582099981178 423 258 touchmove 291 174 2.549019575119 2.549019575119 0 are 1
are_you_being_a_baby 1582099981183 423 258 touchend 291 174 2.549019575119 2.549019575119 0 are 1
are_you_being_a_baby 1582099981407 423 258 touchstart 230 114 0.98039215803146 0.98039215803146 0 are 1
are_you_being_a_baby 1582099981432 423 258 touchmove 230 114 2.1568627357483 2.1568627357483 0 are 1
are_you_being_a_baby 1582099981448 423 258 touchmove 230 114 0.98039215803146 0.98039215803146 0 are 1
are_you_being_a_baby 1582099981481 423 258 touchend 230 114 0.98039215803146 0.98039215803146 0 are 1
are_you_being_a_baby 1582099981839 423 258 touchmove 252 226 2.1568627357483 2.1568627357483 0 are 1
are_you_being_a_baby 1582099981845 423 258 touchend 252 226 2.1568627357483 2.1568627357483 0 are 1
are_you_being_a_baby 1582099982401 423 258 touchstart 30 98 0.98039215803146 0.98039215803146 0 are 1
are_you_being_a_baby 1582099982467 423 258 touchend 30 98 0.98039215803146 0.98039215803146 0 are 1
are_you_being_a_baby 1582099982888 423 258 touchstart 262 178 2.1568627357483 2.1568627357483 0 are 1
are_you_being_a_baby 1582099982900 423 258 touchmove 262 178 2.3529412746429 2.3529412746429 0 are 1
are_you_being_a_baby 1582099982919 423 258 touchmove 262 178 2.1568627357483 2.1568627357483 0 are 1
are_you_being_a_baby 1582099982965 423 258 touchend 262 178 2.1568627357483 2.1568627357483 0 are 1
are_you_being_a_baby 1582099982888 423 258 touchstart 262 178 2.1568627357483 2.1568627357483 0 are 1 1
are_you_being_a_baby 1582099982900 423 258 touchmove 262 178 2.3529412746429 2.3529412746429 0 are 1 1
are_you_being_a_baby 1582099982919 423 258 touchmove 262 178 2.1568627357483 2.1568627357483 0 are 1 1
are_you_being_a_baby 1582099982965 423 258 touchend 262 178 2.1568627357483 2.1568627357483 0 are 1 1
are_you_being_a_baby 1582099983065 423 258 touchstart 31 118 0.98039215803146 0.98039215803146 0 are 1
are_you_being_a_baby 1582099983131 423 258 touchend 31 118 0.98039215803146 0.98039215803146 0 are 1
are_you_being_a_baby 1582099983220 423 258 touchstart 260 175 0.98039215803146 0.98039215803146 0 are 1
are_you_being_a_baby 1582099983245 423 258 touchmove 260 175 0.98039215803146 0.98039215803146 0 are 1
are_you_being_a_baby 1582099983261 423 258 touchmove 260 175 2.1568627357483 2.1568627357483 0 are 1
are_you_being_a_baby 1582099983283 423 258 touchmove 260 175 2.3529412746429 2.3529412746429 0 are 1
are_you_being_a_baby 1582099983292 423 258 touchend 260 175 2.3529412746429 2.3529412746429 0 are 1
are_you_being_a_baby 1582099983575 423 258 touchstart 241 37 0.98039215803146 0.98039215803146 0 are 1
are_you_being_a_baby 1582099983635 423 258 touchend 241 37 0.98039215803146 0.98039215803146 0 are 1
novelty_finserv_football_attack 1582099997044 423 258 touchstart 295 186 0.98039215803146 0.98039215803146 0 novelty 1
novelty_finserv_football_attack 1582099997119 423 258 touchmove 295 186 2.549019575119 2.549019575119 0 novelty 1
novelty_finserv_football_attack 1582099997124 423 258 touchend 295 186 2.549019575119 2.549019575119 0 novelty 1
novelty_finserv_football_attack 1582100000053 423 258 touchstart 393 165 0.98039215803146 0.98039215803146 0 novelty 1
novelty_finserv_football_attack 1582100000133 423 258 touchend 393 165 0.98039215803146 0.98039215803146 0 novelty 1
novelty_finserv_football_attack 1582100000415 423 258 touchstart 379 183 0.98039215803146 0.98039215803146 0 novelty 1
novelty_finserv_football_attack 1582100000466 423 258 touchend 379 183 0.98039215803146 0.98039215803146 0 novelty 1
novelty_finserv_football_attack 1582100000415 423 258 touchstart 379 183 0.98039215803146 0.98039215803146 0 novelty 1 1
novelty_finserv_football_attack 1582100000466 423 258 touchend 379 183 0.98039215803146 0.98039215803146 0 novelty 1 1
novelty_finserv_football_attack 1582100000589 423 258 touchstart 379 185 0.98039215803146 0.98039215803146 0 novelty 1
novelty_finserv_football_attack 1582100000638 423 258 touchend 379 185 0.98039215803146 0.98039215803146 0 novelty 1
novelty_finserv_football_attack 1582100000877 423 258 touchend 386 178 0.98039215803146 0.98039215803146 0 novelty 1
novelty_finserv_football_attack 1582100000877 423 258 touchend 386 178 0.98039215803146 0.98039215803146 0 novelty 1 1
novelty_finserv_football_attack 1582100001012 423 258 touchstart 389 181 0.98039215803146 0.98039215803146 0 novelty 1
novelty_finserv_football_attack 1582100001051 423 258 touchend 389 181 0.98039215803146 0.98039215803146 0 novelty 1
novelty_finserv_football_attack 1582100001499 423 258 touchstart 302 162 0.98039215803146 0.98039215803146 0 novelty 1
novelty_finserv_football_attack 1582100001522 423 258 touchmove 302 162 2.1568627357483 2.1568627357483 0 novelty 1
novelty_finserv_football_attack 1582100001538 423 258 touchmove 302 162 2.3529412746429 2.3529412746429 0 novelty 1
novelty_finserv_football_attack 1582100001550 423 258 touchmove 302 162 2.1568627357483 2.1568627357483 0 novelty 1
novelty_finserv_football_attack 1582100001567 423 258 touchmove 302 162 2.3529412746429 2.3529412746429 0 novelty 1
novelty_finserv_football_attack 1582100001650 423 258 touchmove 302 162 2.1568627357483 2.1568627357483 0 novelty 1
novelty_finserv_football_attack 1582100001667 423 258 touchend 302 162 2.1568627357483 2.1568627357483 0 novelty 1
novelty_finserv_football_attack 1582100004613 423 258 touchstart 136 207 2.549019575119 2.549019575119 0 novelty 1
novelty_finserv_football_attack 1582100004626 423 258 touchmove 233 216 3.7254903316498 3.7254903316498 0 novelty 1
novelty_finserv_football_attack 1582100004641 423 258 touchmove 232 167 3.9215686321259 3.9215686321259 0 novelty 1
novelty_finserv_football_attack 1582100004658 423 258 touchmove 245 138 3.7254903316498 3.7254903316498 0 novelty 1
novelty_finserv_football_attack 1582100004664 423 258 touchmove 258 133 3.7254903316498 3.7254903316498 0 novelty 1
novelty_finserv_football_attack 1582100004665 423 258 touchstart 361 190 2.9411764144897 2.9411764144897 0 novelty 1
novelty_finserv_football_attack 1582100004824 423 258 touchmove 105 185 3.3333334922791 3.3333334922791 0 novelty 1
novelty_finserv_football_attack 1582100004829 423 258 touchmove 99 164 3.3333334922791 3.3333334922791 0 novelty 1
novelty_finserv_football_attack 1582100004836 423 258 touchend 27 212 0.98039215803146 0.98039215803146 0 novelty 1
novelty_finserv_football_attack 1582100004613 423 258 touchstart 136 207 2.549019575119 2.549019575119 0 novelty 1 1
novelty_finserv_football_attack 1582100004626 423 258 touchmove 233 216 3.7254903316498 3.7254903316498 0 novelty 1 1
novelty_finserv_football_attack 1582100004641 423 258 touchmove 232 167 3.9215686321259 3.9215686321259 0 novelty 1 1
novelty_finserv_football_attack 1582100004658 423 258 touchmove 245 138 3.7254903316498 3.7254903316498 0 novelty 1 1
novelty_finserv_football_attack 1582100004664 423 258 touchmove 258 133 3.7254903316498 3.7254903316498 0 novelty 1 1
novelty_finserv_football_attack 1582100004665 423 258 touchstart 361 190 2.9411764144897 2.9411764144897 0 novelty 1 1
novelty_finserv_football_attack 1582100004824 423 258 touchmove 105 185 3.3333334922791 3.3333334922791 0 novelty 1 1
novelty_finserv_football_attack 1582100004829 423 258 touchmove 99 164 3.3333334922791 3.3333334922791 0 novelty 1 1
novelty_finserv_football_attack 1582100004836 423 258 touchend 27 212 0.98039215803146 0.98039215803146 0 novelty 1 1
novelty_finserv_football_attack 1582100004856 423 258 touchmove 111 124 3.3333334922791 3.3333334922791 0 novelty 1
novelty_finserv_football_attack 1582100004872 423 258 touchmove 165 86 5.4901962280273 5.4901962280273 0 novelty 1
novelty_finserv_football_attack 1582100004879 423 258 touchmove 132 110 3.7254903316498 3.7254903316498 0 novelty 1
novelty_finserv_football_attack 1582100004881 423 258 touchstart 183 79 5.6862745285034 5.6862745285034 0 novelty 1
novelty_finserv_football_attack 1582100004889 423 258 touchmove 141 97 3.3333334922791 3.3333334922791 0 novelty 1
novelty_finserv_football_attack 1582100004903 423 258 touchmove 153 93 3.5294117927551 3.5294117927551 0 novelty 1
novelty_finserv_football_attack 1582100004905 423 258 touchend 180 45 4.1176471710205 4.1176471710205 0 novelty 1
novelty_finserv_football_attack 1582100004613 423 258 touchstart 136 207 2.549019575119 2.549019575119 0 novelty 1 1 1
novelty_finserv_football_attack 1582100004626 423 258 touchmove 233 216 3.7254903316498 3.7254903316498 0 novelty 1 1 1
novelty_finserv_football_attack 1582100004641 423 258 touchmove 232 167 3.9215686321259 3.9215686321259 0 novelty 1 1 1
novelty_finserv_football_attack 1582100004658 423 258 touchmove 245 138 3.7254903316498 3.7254903316498 0 novelty 1 1 1
novelty_finserv_football_attack 1582100004664 423 258 touchmove 258 133 3.7254903316498 3.7254903316498 0 novelty 1 1 1
novelty_finserv_football_attack 1582100004665 423 258 touchstart 361 190 2.9411764144897 2.9411764144897 0 novelty 1 1 1
novelty_finserv_football_attack 1582100004824 423 258 touchmove 105 185 3.3333334922791 3.3333334922791 0 novelty 1 1 1
novelty_finserv_football_attack 1582100004829 423 258 touchmove 99 164 3.3333334922791 3.3333334922791 0 novelty 1 1 1
novelty_finserv_football_attack 1582100004836 423 258 touchend 27 212 0.98039215803146 0.98039215803146 0 novelty 1 1 1
novelty_finserv_football_attack 1582100004856 423 258 touchmove 111 124 3.3333334922791 3.3333334922791 0 novelty 1 1
novelty_finserv_football_attack 1582100004872 423 258 touchmove 165 86 5.4901962280273 5.4901962280273 0 novelty 1 1
novelty_finserv_football_attack 1582100004879 423 258 touchmove 132 110 3.7254903316498 3.7254903316498 0 novelty 1 1
novelty_finserv_football_attack 1582100004881 423 258 touchstart 183 79 5.6862745285034 5.6862745285034 0 novelty 1 1
novelty_finserv_football_attack 1582100004889 423 258 touchmove 141 97 3.3333334922791 3.3333334922791 0 novelty 1 1
novelty_finserv_football_attack 1582100004903 423 258 touchmove 153 93 3.5294117927551 3.5294117927551 0 novelty 1 1
novelty_finserv_football_attack 1582100004905 423 258 touchend 180 45 4.1176471710205 4.1176471710205 0 novelty 1 1
novelty_finserv_football_attack 1582100004917 423 258 touchstart 234 52 5.6862745285034 5.6862745285034 0 novelty 1
novelty_finserv_football_attack 1582100004918 423 258 touchend 167 93 3.9215686321259 3.9215686321259 0 novelty 1
novelty_finserv_football_attack 1582100004613 423 258 touchstart 136 207 2.549019575119 2.549019575119 0 novelty 1 1 1 1
novelty_finserv_football_attack 1582100004626 423 258 touchmove 233 216 3.7254903316498 3.7254903316498 0 novelty 1 1 1 1
novelty_finserv_football_attack 1582100004641 423 258 touchmove 232 167 3.9215686321259 3.9215686321259 0 novelty 1 1 1 1
novelty_finserv_football_attack 1582100004658 423 258 touchmove 245 138 3.7254903316498 3.7254903316498 0 novelty 1 1 1 1
novelty_finserv_football_attack 1582100004664 423 258 touchmove 258 133 3.7254903316498 3.7254903316498 0 novelty 1 1 1 1
novelty_finserv_football_attack 1582100004665 423 258 touchstart 361 190 2.9411764144897 2.9411764144897 0 novelty 1 1 1 1
novelty_finserv_football_attack 1582100004824 423 258 touchmove 105 185 3.3333334922791 3.3333334922791 0 novelty 1 1 1 1
novelty_finserv_football_attack 1582100004829 423 258 touchmove 99 164 3.3333334922791 3.3333334922791 0 novelty 1 1 1 1
novelty_finserv_football_attack 1582100004836 423 258 touchend 27 212 0.98039215803146 0.98039215803146 0 novelty 1 1 1 1
novelty_finserv_football_attack 1582100004856 423 258 touchmove 111 124 3.3333334922791 3.3333334922791 0 novelty 1 1 1
novelty_finserv_football_attack 1582100004872 423 258 touchmove 165 86 5.4901962280273 5.4901962280273 0 novelty 1 1 1
novelty_finserv_football_attack 1582100004879 423 258 touchmove 132 110 3.7254903316498 3.7254903316498 0 novelty 1 1 1
novelty_finserv_football_attack 1582100004881 423 258 touchstart 183 79 5.6862745285034 5.6862745285034 0 novelty 1 1 1
novelty_finserv_football_attack 1582100004889 423 258 touchmove 141 97 3.3333334922791 3.3333334922791 0 novelty 1 1 1
novelty_finserv_football_attack 1582100004903 423 258 touchmove 153 93 3.5294117927551 3.5294117927551 0 novelty 1 1 1
novelty_finserv_football_attack 1582100004905 423 258 touchend 180 45 4.1176471710205 4.1176471710205 0 novelty 1 1 1
novelty_finserv_football_attack 1582100004917 423 258 touchstart 234 52 5.6862745285034 5.6862745285034 0 novelty 1 1
novelty_finserv_football_attack 1582100004918 423 258 touchend 167 93 3.9215686321259 3.9215686321259 0 novelty 1 1
novelty_finserv_football_attack 1582100004922 423 258 touchend 234 52 5.6862745285034 5.6862745285034 0 novelty 1
not_at_this_time 1582100015223 423 258 touchstart 305 175 2.3529412746429 2.3529412746429 0 not 1
not_at_this_time 1582100015243 423 258 touchmove 305 175 2.3529412746429 2.3529412746429 0 not 1
not_at_this_time 1582100015320 423 258 touchmove 305 175 2.1568627357483 2.1568627357483 0 not 1
not_at_this_time 1582100015328 423 258 touchend 305 175 2.1568627357483 2.1568627357483 0 not 1
not_at_this_time 1582100022470 423 258 touchstart 360 40 0.98039215803146 0.98039215803146 0 not 1
not_at_this_time 1582100022535 423 258 touchend 360 40 0.98039215803146 0.98039215803146 0 not 1
not_at_this_time 1582100023150 423 258 touchstart 183 43 2.1568627357483 2.1568627357483 0 not 1
not_at_this_time 1582100023161 423 258 touchmove 183 43 0.98039215803146 0.98039215803146 0 not 1
not_at_this_time 1582100023176 423 258 touchmove 183 43 2.1568627357483 2.1568627357483 0 not 1
not_at_this_time 1582100023193 423 258 touchmove 183 43 0.98039215803146 0.98039215803146 0 not 1
not_at_this_time 1582100023205 423 258 touchend 183 43 0.98039215803146 0.98039215803146 0 not 1
not_at_this_time 1582100024302 423 258 touchmove 245 228 2.549019575119 2.549019575119 0 not 1
not_at_this_time 1582100024317 423 258 touchmove 245 228 2.3529412746429 2.3529412746429 0 not 1
not_at_this_time 1582100024333 423 258 touchmove 245 228 0.98039215803146 0.98039215803146 0 not 1
not_at_this_time 1582100024345 423 258 touchmove 245 228 2.3529412746429 2.3529412746429 0 not 1
not_at_this_time 1582100024346 423 258 touchend 245 228 2.3529412746429 2.3529412746429 0 not 1
not_at_this_time 1582100024548 423 258 touchstart 31 108 0.98039215803146 0.98039215803146 0 not 1
not_at_this_time 1582100024627 423 258 touchend 31 108 0.98039215803146 0.98039215803146 0 not 1
not_at_this_time 1582100024944 423 258 touchstart 202 44 0.98039215803146 0.98039215803146 0 not 1
not_at_this_time 1582100024963 423 258 touchmove 202 44 2.1568627357483 2.1568627357483 0 not 1
not_at_this_time 1582100024990 423 258 touchmove 202 44 0.98039215803146 0.98039215803146 0 not 1
not_at_this_time 1582100025027 423 258 touchmove 202 44 2.3529412746429 2.3529412746429 0 not 1
not_at_this_time 1582100025031 423 258 touchend 202 44 2.3529412746429 2.3529412746429 0 not 1
not_at_this_time 1582100025422 423 258 touchmove 277 252 2.3529412746429 2.3529412746429 0 not 1
not_at_this_time 1582100025442 423 258 touchmove 277 252 2.549019575119 2.549019575119 0 not 1
not_at_this_time 1582100025508 423 258 touchmove 277 252 0.98039215803146 0.98039215803146 0 not 1
not_at_this_time 1582100025511 423 258 touchend 277 252 0.98039215803146 0.98039215803146 0 not 1
not_at_this_time 1582100025704 423 258 touchstart 181 33 2.1568627357483 2.1568627357483 0 not 1
not_at_this_time 1582100025722 423 258 touchmove 181 33 0.98039215803146 0.98039215803146 0 not 1
not_at_this_time 1582100025760 423 258 touchend 181 33 0.98039215803146 0.98039215803146 0 not 1
not_at_this_time 1582100025422 423 258 touchmove 277 252 2.3529412746429 2.3529412746429 0 not 1 1
not_at_this_time 1582100025442 423 258 touchmove 277 252 2.549019575119 2.549019575119 0 not 1 1
not_at_this_time 1582100025508 423 258 touchmove 277 252 0.98039215803146 0.98039215803146 0 not 1 1
not_at_this_time 1582100025511 423 258 touchend 277 252 0.98039215803146 0.98039215803146 0 not 1 1
not_at_this_time 1582100025704 423 258 touchstart 181 33 2.1568627357483 2.1568627357483 0 not 1 1
not_at_this_time 1582100025722 423 258 touchmove 181 33 0.98039215803146 0.98039215803146 0 not 1 1
not_at_this_time 1582100025760 423 258 touchend 181 33 0.98039215803146 0.98039215803146 0 not 1 1
not_at_this_time 1582100025929 423 258 touchstart 273 110 0.98039215803146 0.98039215803146 0 not 1
not_at_this_time 1582100025974 423 258 touchend 273 110 0.98039215803146 0.98039215803146 0 not 1
not_at_this_time 1582100026340 423 258 touchstart 312 47 2.1568627357483 2.1568627357483 0 not 1
not_at_this_time 1582100026402 423 258 touchmove 312 47 2.3529412746429 2.3529412746429 0 not 1
not_at_this_time 1582100026430 423 258 touchmove 312 47 2.1568627357483 2.1568627357483 0 not 1
not_at_this_time 1582100026438 423 258 touchend 312 47 2.1568627357483 2.1568627357483 0 not 1
not_at_this_time 1582100026683 423 258 touchmove 95 127 0.98039215803146 0.98039215803146 0 not 1
not_at_this_time 1582100026702 423 258 touchmove 95 127 2.3529412746429 2.3529412746429 0 not 1
not_at_this_time 1582100026710 423 258 touchend 95 127 2.3529412746429 2.3529412746429 0 not 1
not_at_this_time 1582100026979 423 258 touchmove 269 247 2.1568627357483 2.1568627357483 0 not 1
not_at_this_time 1582100026990 423 258 touchmove 269 247 0.98039215803146 0.98039215803146 0 not 1
not_at_this_time 1582100027004 423 258 touchend 269 247 0.98039215803146 0.98039215803146 0 not 1
not_at_this_time 1582100027209 423 258 touchstart 173 48 2.3529412746429 2.3529412746429 0 not 1
not_at_this_time 1582100027231 423 258 touchmove 173 48 2.1568627357483 2.1568627357483 0 not 1
not_at_this_time 1582100027243 423 258 touchmove 173 48 2.3529412746429 2.3529412746429 0 not 1
not_at_this_time 1582100027259 423 258 touchmove 173 48 0.98039215803146 0.98039215803146 0 not 1
not_at_this_time 1582100027272 423 258 touchmove 173 48 2.1568627357483 2.1568627357483 0 not 1
not_at_this_time 1582100027273 423 258 touchend 173 48 2.1568627357483 2.1568627357483 0 not 1
not_at_this_time 1582100028623 423 258 touchstart 320 46 2.1568627357483 2.1568627357483 0 not 1
not_at_this_time 1582100028665 423 258 touchmove 320 46 2.3529412746429 2.3529412746429 0 not 1
not_at_this_time 1582100028681 423 258 touchmove 320 46 2.1568627357483 2.1568627357483 0 not 1
not_at_this_time 1582100028747 423 258 touchmove 320 46 2.3529412746429 2.3529412746429 0 not 1
not_at_this_time 1582100028765 423 258 touchmove 320 46 2.1568627357483 2.1568627357483 0 not 1
not_at_this_time 1582100028782 423 258 touchmove 320 46 2.3529412746429 2.3529412746429 0 not 1
not_at_this_time 1582100028796 423 258 touchmove 320 46 2.549019575119 2.549019575119 0 not 1
not_at_this_time 1582100028800 423 258 touchend 320 46 2.549019575119 2.549019575119 0 not 1
not_at_this_time 1582100029441 423 258 touchstart 334 190 2.549019575119 2.549019575119 0 not 1
not_at_this_time 1582100029463 423 258 touchmove 334 190 2.7450981140137 2.7450981140137 0 not 1
not_at_this_time 1582100029525 423 258 touchmove 334 190 2.549019575119 2.549019575119 0 not 1
not_at_this_time 1582100029533 423 258 touchmove 334 190 2.3529412746429 2.3529412746429 0 not 1
not_at_this_time 1582100029556 423 258 touchmove 334 190 2.549019575119 2.549019575119 0 not 1
not_at_this_time 1582100029560 423 258 touchend 334 190 2.549019575119 2.549019575119 0 not 1
not_at_this_time 1582100029910 423 258 touchmove 110 47 2.549019575119 2.549019575119 0 not 1
not_at_this_time 1582100029935 423 258 touchmove 110 47 2.3529412746429 2.3529412746429 0 not 1
not_at_this_time 1582100029956 423 258 touchmove 110 47 2.549019575119 2.549019575119 0 not 1
not_at_this_time 1582100029972 423 258 touchmove 110 47 2.1568627357483 2.1568627357483 0 not 1
not_at_this_time 1582100029987 423 258 touchmove 110 47 2.3529412746429 2.3529412746429 0 not 1
not_at_this_time 1582100029989 423 258 touchend 110 47 2.3529412746429 2.3529412746429 0 not 1
suggest_you_get_facts_before_judging_anyone 1582100036463 423 258 touchstart 85 116 2.1568627357483 2.1568627357483 0 suggest 1
suggest_you_get_facts_before_judging_anyone 1582100036537 423 258 touchmove 85 116 0.98039215803146 0.98039215803146 0 suggest 1
suggest_you_get_facts_before_judging_anyone 1582100036553 423 258 touchmove 85 116 2.1568627357483 2.1568627357483 0 suggest 1
suggest_you_get_facts_before_judging_anyone 1582100036559 423 258 touchend 85 116 2.1568627357483 2.1568627357483 0 suggest 1
mengniu_symposium_we_acres 1582100046597 423 258 touchstart 341 190 0.98039215803146 0.98039215803146 0 mengniu 1
mengniu_symposium_we_acres 1582100046628 423 258 touchmove 341 190 2.1568627357483 2.1568627357483 0 mengniu 1
mengniu_symposium_we_acres 1582100046645 423 258 touchmove 341 190 0.98039215803146 0.98039215803146 0 mengniu 1
mengniu_symposium_we_acres 1582100046656 423 258 touchmove 341 190 2.1568627357483 2.1568627357483 0 mengniu 1
mengniu_symposium_we_acres 1582100046672 423 258 touchmove 341 190 2.1568627357483 2.1568627357483 0 mengniu 1
mengniu_symposium_we_acres 1582100046690 423 258 touchmove 341 190 0.98039215803146 0.98039215803146 0 mengniu 1
mengniu_symposium_we_acres 1582100046738 423 258 touchmove 341 190 0.98039215803146 0.98039215803146 0 mengniu 1
mengniu_symposium_we_acres 1582100046760 423 258 touchmove 341 190 2.1568627357483 2.1568627357483 0 mengniu 1
mengniu_symposium_we_acres 1582100046785 423 258 touchmove 341 190 0.98039215803146 0.98039215803146 0 mengniu 1
mengniu_symposium_we_acres 1582100046810 423 258 touchmove 341 190 2.1568627357483 2.1568627357483 0 mengniu 1
mengniu_symposium_we_acres 1582100046826 423 258 touchmove 341 190 0.98039215803146 0.98039215803146 0 mengniu 1
mengniu_symposium_we_acres 1582100046868 423 258 touchmove 341 190 2.3529412746429 2.3529412746429 0 mengniu 1
mengniu_symposium_we_acres 1582100046876 423 258 touchend 341 190 2.3529412746429 2.3529412746429 0 mengniu 1
mengniu_symposium_we_acres 1582100049161 423 258 touchstart 107 46 2.3529412746429 2.3529412746429 0 mengniu 1
mengniu_symposium_we_acres 1582100049180 423 258 touchmove 107 46 2.1568627357483 2.1568627357483 0 mengniu 1
mengniu_symposium_we_acres 1582100049198 423 258 touchmove 107 46 2.3529412746429 2.3529412746429 0 mengniu 1
mengniu_symposium_we_acres 1582100049207 423 258 touchmove 107 46 2.1568627357483 2.1568627357483 0 mengniu 1
mengniu_symposium_we_acres 1582100049234 423 258 touchmove 107 46 2.3529412746429 2.3529412746429 0 mengniu 1
mengniu_symposium_we_acres 1582100049252 423 258 touchmove 107 46 2.1568627357483 2.1568627357483 0 mengniu 1
mengniu_symposium_we_acres 1582100049284 423 258 touchmove 107 46 2.3529412746429 2.3529412746429 0 mengniu 1
mengniu_symposium_we_acres 1582100049301 423 258 touchmove 107 46 2.1568627357483 2.1568627357483 0 mengniu 1
mengniu_symposium_we_acres 1582100049318 423 258 touchmove 107 46 2.1568627357483 2.1568627357483 0 mengniu 1
mengniu_symposium_we_acres 1582100049385 423 258 touchmove 107 46 2.1568627357483 2.1568627357483 0 mengniu 1
mengniu_symposium_we_acres 1582100049401 423 258 touchmove 107 46 2.549019575119 2.549019575119 0 mengniu 1
mengniu_symposium_we_acres 1582100049425 423 258 touchend 107 46 2.549019575119 2.549019575119 0 mengniu 1
mengniu_symposium_we_acres 1582100050177 423 258 touchstart 302 179 2.1568627357483 2.1568627357483 0 mengniu 1
mengniu_symposium_we_acres 1582100050199 423 258 touchmove 302 179 2.3529412746429 2.3529412746429 0 mengniu 1
mengniu_symposium_we_acres 1582100050224 423 258 touchmove 302 179 2.1568627357483 2.1568627357483 0 mengniu 1
mengniu_symposium_we_acres 1582100050232 423 258 touchmove 302 179 2.3529412746429 2.3529412746429 0 mengniu 1
mengniu_symposium_we_acres 1582100050394 423 258 touchmove 302 179 2.1568627357483 2.1568627357483 0 mengniu 1
mengniu_symposium_we_acres 1582100050410 423 258 touchmove 302 179 2.3529412746429 2.3529412746429 0 mengniu 1
mengniu_symposium_we_acres 1582100050416 423 258 touchend 302 179 2.3529412746429 2.3529412746429 0 mengniu 1
mengniu_symposium_we_acres 1582100051245 423 258 touchstart 216 119 2.3529412746429 2.3529412746429 0 mengniu 1
mengniu_symposium_we_acres 1582100051270 423 258 touchmove 216 119 2.3529412746429 2.3529412746429 0 mengniu 1
mengniu_symposium_we_acres 1582100051286 423 258 touchmove 216 119 2.1568627357483 2.1568627357483 0 mengniu 1
mengniu_symposium_we_acres 1582100051302 423 258 touchmove 216 119 2.3529412746429 2.3529412746429 0 mengniu 1
mengniu_symposium_we_acres 1582100051323 423 258 touchmove 216 119 2.1568627357483 2.1568627357483 0 mengniu 1
mengniu_symposium_we_acres 1582100051336 423 258 touchmove 216 119 2.1568627357483 2.1568627357483 0 mengniu 1
mengniu_symposium_we_acres 1582100051358 423 258 touchmove 216 119 2.3529412746429 2.3529412746429 0 mengniu 1
mengniu_symposium_we_acres 1582100051374 423 258 touchmove 216 119 2.1568627357483 2.1568627357483 0 mengniu 1
mengniu_symposium_we_acres 1582100051390 423 258 touchmove 216 119 2.3529412746429 2.3529412746429 0 mengniu 1
mengniu_symposium_we_acres 1582100051452 423 258 touchmove 216 119 2.1568627357483 2.1568627357483 0 mengniu 1
mengniu_symposium_we_acres 1582100051465 423 258 touchmove 216 119 0.98039215803146 0.98039215803146 0 mengniu 1
mengniu_symposium_we_acres 1582100051466 423 258 touchend 216 119 0.98039215803146 0.98039215803146 0 mengniu 1
mengniu_symposium_we_acres 1582100053016 423 258 touchstart 301 185 0.98039215803146 0.98039215803146 0 mengniu 1
mengniu_symposium_we_acres 1582100053035 423 258 touchmove 301 185 2.1568627357483 2.1568627357483 0 mengniu 1
mengniu_symposium_we_acres 1582100053088 423 258 touchmove 301 185 2.3529412746429 2.3529412746429 0 mengniu 1
mengniu_symposium_we_acres 1582100053153 423 258 touchmove 301 185 2.1568627357483 2.1568627357483 0 mengniu 1
mengniu_symposium_we_acres 1582100053189 423 258 touchmove 301 185 0.98039215803146 0.98039215803146 0 mengniu 1
mengniu_symposium_we_acres 1582100053201 423 258 touchend 301 185 0.98039215803146 0.98039215803146 0 mengniu 1
mengniu_symposium_we_acres 1582100054202 423 258 touchstart 331 44 0.98039215803146 0.98039215803146 0 mengniu 1
mengniu_symposium_we_acres 1582100054353 423 258 touchmove 331 44 2.1568627357483 2.1568627357483 0 mengniu 1
mengniu_symposium_we_acres 1582100054366 423 258 touchend 331 44 2.1568627357483 2.1568627357483 0 mengniu 1
mengniu_symposium_we_acres 1582100054824 423 258 touchstart 282 45 2.1568627357483 2.1568627357483 0 mengniu 1
mengniu_symposium_we_acres 1582100054843 423 258 touchmove 282 45 2.1568627357483 2.1568627357483 0 mengniu 1
mengniu_symposium_we_acres 1582100054890 423 258 touchmove 282 45 0.98039215803146 0.98039215803146 0 mengniu 1
mengniu_symposium_we_acres 1582100054911 423 258 touchmove 282 45 2.1568627357483 2.1568627357483 0 mengniu 1
mengniu_symposium_we_acres 1582100054940 423 258 touchend 282 45 2.1568627357483 2.1568627357483 0 mengniu 1
i_would_be_glad_to_participate 1582100061709 423 258 touchstart 323 38 0.98039215803146 0.98039215803146 0 i 0
i_would_be_glad_to_participate 1582100061799 423 258 touchend 323 38 0.98039215803146 0.98039215803146 0 i 0
i_would_be_glad_to_participate 1582100063166 423 258 touchstart 57 49 2.1568627357483 2.1568627357483 0 would 1
i_would_be_glad_to_participate 1582100063191 423 258 touchmove 57 49 2.3529412746429 2.3529412746429 0 would 1
i_would_be_glad_to_participate 1582100063274 423 258 touchmove 57 49 2.1568627357483 2.1568627357483 0 would 1
i_would_be_glad_to_participate 1582100063290 423 258 touchmove 57 49 2.3529412746429 2.3529412746429 0 would 1
i_would_be_glad_to_participate 1582100063295 423 258 touchend 57 49 2.3529412746429 2.3529412746429 0 would 1
i_would_be_glad_to_participate 1582100064800 423 258 touchstart 371 43 0.98039215803146 0.98039215803146 0 would 1
i_would_be_glad_to_participate 1582100064976 423 258 touchend 371 43 0.98039215803146 0.98039215803146 0 would 1
i_would_be_glad_to_participate 1582100065247 423 258 touchstart 291 43 2.1568627357483 2.1568627357483 0 would 1
i_would_be_glad_to_participate 1582100065306 423 258 touchmove 291 43 0.98039215803146 0.98039215803146 0 would 1
i_would_be_glad_to_participate 1582100065324 423 258 touchmove 291 43 2.1568627357483 2.1568627357483 0 would 1
i_would_be_glad_to_participate 1582100065341 423 258 touchmove 291 43 2.3529412746429 2.3529412746429 0 would 1
i_would_be_glad_to_participate 1582100065353 423 258 touchend 291 43 2.3529412746429 2.3529412746429 0 would 1
i_would_be_glad_to_participate 1582100065653 423 258 touchstart 369 112 0.98039215803146 0.98039215803146 0 would 1
i_would_be_glad_to_participate 1582100065785 423 258 touchend 369 112 0.98039215803146 0.98039215803146 0 would 1
i_would_be_glad_to_participate 1582100066019 423 258 touchmove 131 104 2.3529412746429 2.3529412746429 0 would 0
i_would_be_glad_to_participate 1582100066035 423 258 touchmove 131 104 2.1568627357483 2.1568627357483 0 would 0
i_would_be_glad_to_participate 1582100066039 423 258 touchend 131 104 2.1568627357483 2.1568627357483 0 would 0
i_would_be_glad_to_participate 1582100066482 423 258 touchmove 265 250 0.98039215803146 0.98039215803146 0 be 1
i_would_be_glad_to_participate 1582100066494 423 258 touchend 265 250 0.98039215803146 0.98039215803146 0 be 1
i_would_be_glad_to_participate 1582100066735 423 258 touchstart 255 182 2.1568627357483 2.1568627357483 0 be 1
i_would_be_glad_to_participate 1582100066815 423 258 touchmove 255 182 0.98039215803146 0.98039215803146 0 be 1
i_would_be_glad_to_participate 1582100066817 423 258 touchend 255 182 0.98039215803146 0.98039215803146 0 be 1
i_would_be_glad_to_participate 1582100066482 423 258 touchmove 265 250 0.98039215803146 0.98039215803146 0 be 1 1
i_would_be_glad_to_participate 1582100066494 423 258 touchend 265 250 0.98039215803146 0.98039215803146 0 be 1 1
i_would_be_glad_to_participate 1582100066735 423 258 touchstart 255 182 2.1568627357483 2.1568627357483 0 be 1 1
i_would_be_glad_to_participate 1582100066815 423 258 touchmove 255 182 0.98039215803146 0.98039215803146 0 be 1 1
i_would_be_glad_to_participate 1582100066817 423 258 touchend 255 182 0.98039215803146 0.98039215803146 0 be 1 1
i_would_be_glad_to_participate 1582100066935 423 258 touchstart 98 65 0.98039215803146 0.98039215803146 0 be 1
i_would_be_glad_to_participate 1582100066944 423 258 touchmove 98 65 2.1568627357483 2.1568627357483 0 be 1
i_would_be_glad_to_participate 1582100066962 423 258 touchmove 98 65 0.98039215803146 0.98039215803146 0 be 1
i_would_be_glad_to_participate 1582100066978 423 258 touchmove 98 65 2.3529412746429 2.3529412746429 0 be 1
i_would_be_glad_to_participate 1582100066983 423 258 touchend 98 65 2.3529412746429 2.3529412746429 0 be 1
i_would_be_glad_to_participate 1582100069517 423 258 touchstart 265 177 2.1568627357483 2.1568627357483 0 be 1
i_would_be_glad_to_participate 1582100069541 423 258 touchmove 265 177 2.3529412746429 2.3529412746429 0 be 1
i_would_be_glad_to_participate 1582100069550 423 258 touchmove 265 177 2.549019575119 2.549019575119 0 be 1
i_would_be_glad_to_participate 1582100069574 423 258 touchmove 265 177 2.549019575119 2.549019575119 0 be 1
i_would_be_glad_to_participate 1582100069590 423 258 touchmove 265 177 2.3529412746429 2.3529412746429 0 be 1
i_would_be_glad_to_participate 1582100069656 423 258 touchmove 265 177 2.1568627357483 2.1568627357483 0 be 1
i_would_be_glad_to_participate 1582100069670 423 258 touchmove 265 177 0.98039215803146 0.98039215803146 0 be 1
i_would_be_glad_to_participate 1582100069671 423 258 touchend 265 177 0.98039215803146 0.98039215803146 0 be 1
i_would_be_glad_to_participate 1582100070095 423 258 touchstart 105 41 2.549019575119 2.549019575119 0 be 1
i_would_be_glad_to_participate 1582100070142 423 258 touchmove 105 41 2.7450981140137 2.7450981140137 0 be 1
i_would_be_glad_to_participate 1582100070151 423 258 touchmove 105 41 2.549019575119 2.549019575119 0 be 1
i_would_be_glad_to_participate 1582100070174 423 258 touchmove 105 41 2.3529412746429 2.3529412746429 0 be 1
i_would_be_glad_to_participate 1582100070185 423 258 touchmove 105 41 2.1568627357483 2.1568627357483 0 be 1
i_would_be_glad_to_participate 1582100070198 423 258 touchend 105 41 2.1568627357483 2.1568627357483 0 be 1
i_would_be_glad_to_participate 1582100070607 423 258 touchmove 234 237 2.549019575119 2.549019575119 0 be 1
i_would_be_glad_to_participate 1582100070620 423 258 touchmove 234 237 2.7450981140137 2.7450981140137 0 be 1
i_would_be_glad_to_participate 1582100070637 423 258 touchmove 234 237 2.549019575119 2.549019575119 0 be 1
i_would_be_glad_to_participate 1582100070650 423 258 touchmove 234 237 2.7450981140137 2.7450981140137 0 be 1
i_would_be_glad_to_participate 1582100070698 423 258 touchmove 234 237 2.3529412746429 2.3529412746429 0 be 1
i_would_be_glad_to_participate 1582100070707 423 258 touchmove 234 237 0.98039215803146 0.98039215803146 0 be 1
i_would_be_glad_to_participate 1582100070721 423 258 touchmove 234 237 2.1568627357483 2.1568627357483 0 be 1
i_would_be_glad_to_participate 1582100070724 423 258 touchend 234 237 2.1568627357483 2.1568627357483 0 be 1
i_would_be_glad_to_participate 1582100071453 423 258 touchstart 217 121 2.3529412746429 2.3529412746429 0 be 1
i_would_be_glad_to_participate 1582100071473 423 258 touchmove 217 121 2.549019575119 2.549019575119 0 be 1
i_would_be_glad_to_participate 1582100071577 423 258 touchmove 217 121 2.3529412746429 2.3529412746429 0 be 1
i_would_be_glad_to_participate 1582100071591 423 258 touchmove 217 121 0.98039215803146 0.98039215803146 0 be 1
i_would_be_glad_to_participate 1582100071604 423 258 touchmove 217 121 2.1568627357483 2.1568627357483 0 be 1
i_would_be_glad_to_participate 1582100071605 423 258 touchend 217 121 2.1568627357483 2.1568627357483 0 be 1
i_would_be_glad_to_participate 1582100071888 423 258 touchstart 393 110 0.98039215803146 0.98039215803146 0 be 1
i_would_be_glad_to_participate 1582100072056 423 258 touchend 393 110 0.98039215803146 0.98039215803146 0 be 1
i_would_be_glad_to_participate 1582100072407 423 258 touchstart 23 112 0.98039215803146 0.98039215803146 0 be 1
i_would_be_glad_to_participate 1582100072507 423 258 touchend 23 112 0.98039215803146 0.98039215803146 0 be 1
i_would_be_glad_to_participate 1582100072757 423 258 touchstart 123 97 2.3529412746429 2.3529412746429 0 be 1
i_would_be_glad_to_participate 1582100072775 423 258 touchmove 123 97 2.549019575119 2.549019575119 0 be 1
i_would_be_glad_to_participate 1582100072794 423 258 touchmove 123 97 2.3529412746429 2.3529412746429 0 be 1
i_would_be_glad_to_participate 1582100072832 423 258 touchmove 123 97 0.98039215803146 0.98039215803146 0 be 1
i_would_be_glad_to_participate 1582100072844 423 258 touchmove 123 97 2.1568627357483 2.1568627357483 0 be 1
i_would_be_glad_to_participate 1582100072845 423 258 touchend 123 97 2.1568627357483 2.1568627357483 0 be 1
can_you_help_me_here 1582100135006 423 258 touchstart 162 179 2.1568627357483 2.1568627357483 0 can 1
can_you_help_me_here 1582100135018 423 258 touchmove 162 179 0.98039215803146 0.98039215803146 0 can 1
can_you_help_me_here 1582100135033 423 258 touchmove 162 179 0.98039215803146 0.98039215803146 0 can 1
can_you_help_me_here 1582100135051 423 258 touchmove 162 179 2.1568627357483 2.1568627357483 0 can 1
can_you_help_me_here 1582100135067 423 258 touchmove 162 179 0.98039215803146 0.98039215803146 0 can 1
can_you_help_me_here 1582100135080 423 258 touchmove 162 179 2.1568627357483 2.1568627357483 0 can 1
can_you_help_me_here 1582100135082 423 258 touchend 162 179 2.1568627357483 2.1568627357483 0 can 1
can_you_help_me_here 1582100135870 423 258 touchstart 25 114 0.98039215803146 0.98039215803146 0 can 1
can_you_help_me_here 1582100135941 423 258 touchend 25 114 0.98039215803146 0.98039215803146 0 can 1
can_you_help_me_here 1582100136380 423 258 touchstart 313 188 0.98039215803146 0.98039215803146 0 can 1
can_you_help_me_here 1582100136486 423 258 touchend 313 188 0.98039215803146 0.98039215803146 0 can 1
can_we_have_them_until_we_move 1582100142714 423 258 touchstart 178 175 2.3529412746429 2.3529412746429 0 can 1
can_we_have_them_until_we_move 1582100142723 423 258 touchmove 178 175 2.1568627357483 2.1568627357483 0 can 1
can_we_have_them_until_we_move 1582100142738 423 258 touchmove 178 175 2.3529412746429 2.3529412746429 0 can 1
can_we_have_them_until_we_move 1582100142805 423 258 touchmove 178 175 2.1568627357483 2.1568627357483 0 can 1
can_we_have_them_until_we_move 1582100142818 423 258 touchmove 178 175 2.3529412746429 2.3529412746429 0 can 1
can_we_have_them_until_we_move 1582100142819 423 258 touchend 178 175 2.3529412746429 2.3529412746429 0 can 1
can_we_have_them_until_we_move 1582100143987 423 258 touchstart 36 121 0.98039215803146 0.98039215803146 0 can 1
can_we_have_them_until_we_move 1582100144042 423 258 touchend 36 121 0.98039215803146 0.98039215803146 0 can 1
can_we_have_them_until_we_move 1582100144410 423 258 touchstart 287 184 0.98039215803146 0.98039215803146 0 can 1
can_we_have_them_until_we_move 1582100144430 423 258 touchmove 287 184 0.98039215803146 0.98039215803146 0 can 1
can_we_have_them_until_we_move 1582100144442 423 258 touchmove 287 184 2.1568627357483 2.1568627357483 0 can 1
can_we_have_them_until_we_move 1582100144465 423 258 touchmove 287 184 2.3529412746429 2.3529412746429 0 can 1
can_we_have_them_until_we_move 1582100144475 423 258 touchmove 287 184 2.1568627357483 2.1568627357483 0 can 1
can_we_have_them_until_we_move 1582100144505 423 258 touchmove 287 184 0.98039215803146 0.98039215803146 0 can 1
can_we_have_them_until_we_move 1582100144522 423 258 touchmove 287 184 2.1568627357483 2.1568627357483 0 can 1
can_we_have_them_until_we_move 1582100144523 423 258 touchend 287 184 2.1568627357483 2.1568627357483 0 can 1
can_we_have_them_until_we_move 1582100144922 423 258 touchmove 265 239 2.1568627357483 2.1568627357483 0 can 1
can_we_have_them_until_we_move 1582100144974 423 258 touchmove 265 239 0.98039215803146 0.98039215803146 0 can 1
can_we_have_them_until_we_move 1582100144988 423 258 touchmove 265 239 2.1568627357483 2.1568627357483 0 can 1
can_we_have_them_until_we_move 1582100144993 423 258 touchend 265 239 2.1568627357483 2.1568627357483 0 can 1
can_we_have_them_until_we_move 1582100145328 423 258 touchstart 79 49 2.549019575119 2.549019575119 0 can 1
can_we_have_them_until_we_move 1582100145364 423 258 touchmove 79 49 2.3529412746429 2.3529412746429 0 can 1
can_we_have_them_until_we_move 1582100145400 423 258 touchmove 79 49 2.1568627357483 2.1568627357483 0 can 1
can_we_have_them_until_we_move 1582100145418 423 258 touchmove 79 49 2.3529412746429 2.3529412746429 0 can 1
can_we_have_them_until_we_move 1582100145431 423 258 touchend 79 49 2.3529412746429 2.3529412746429 0 can 1
can_we_have_them_until_we_move 1582100145735 423 258 touchmove 351 48 2.549019575119 2.549019575119 0 can 1
can_we_have_them_until_we_move 1582100145743 423 258 touchmove 351 48 2.3529412746429 2.3529412746429 0 can 1
can_we_have_them_until_we_move 1582100145766 423 258 touchmove 351 48 2.1568627357483 2.1568627357483 0 can 1
can_we_have_them_until_we_move 1582100145772 423 258 touchend 351 48 2.1568627357483 2.1568627357483 0 can 1
can_we_have_them_until_we_move 1582100146130 423 258 touchstart 379 161 0.98039215803146 0.98039215803146 0 can 1
can_we_have_them_until_we_move 1582100146196 423 258 touchend 379 161 0.98039215803146 0.98039215803146 0 can 1
can_we_have_them_until_we_move 1582100146130 423 258 touchstart 379 161 0.98039215803146 0.98039215803146 0 can 1 1
can_we_have_them_until_we_move 1582100146196 423 258 touchend 379 161 0.98039215803146 0.98039215803146 0 can 1 1
can_we_have_them_until_we_move 1582100146258 423 258 touchstart 107 38 2.549019575119 2.549019575119 0 can 1
can_we_have_them_until_we_move 1582100146283 423 258 touchmove 107 38 2.3529412746429 2.3529412746429 0 can 1
can_we_have_them_until_we_move 1582100146307 423 258 touchmove 107 38 0.98039215803146 0.98039215803146 0 can 1
can_we_have_them_until_we_move 1582100146315 423 258 touchmove 107 38 2.3529412746429 2.3529412746429 0 can 1
can_we_have_them_until_we_move 1582100146324 423 258 touchend 107 38 2.3529412746429 2.3529412746429 0 can 1
can_we_have_them_until_we_move 1582100147105 423 258 touchmove 268 237 0.98039215803146 0.98039215803146 0 can 1
can_we_have_them_until_we_move 1582100147159 423 258 touchend 268 237 0.98039215803146 0.98039215803146 0 can 1
can_we_have_them_until_we_move 1582100147319 423 258 touchstart 257 103 2.1568627357483 2.1568627357483 0 can 1
can_we_have_them_until_we_move 1582100147366 423 258 touchmove 257 103 0.98039215803146 0.98039215803146 0 can 1
can_we_have_them_until_we_move 1582100147390 423 258 touchend 257 103 0.98039215803146 0.98039215803146 0 can 1
can_we_have_them_until_we_move 1582100147105 423 258 touchmove 268 237 0.98039215803146 0.98039215803146 0 can 1 1
can_we_have_them_until_we_move 1582100147159 423 258 touchend 268 237 0.98039215803146 0.98039215803146 0 can 1 1
can_we_have_them_until_we_move 1582100147319 423 258 touchstart 257 103 2.1568627357483 2.1568627357483 0 can 1 1
can_we_have_them_until_we_move 1582100147366 423 258 touchmove 257 103 0.98039215803146 0.98039215803146 0 can 1 1
can_we_have_them_until_we_move 1582100147390 423 258 touchend 257 103 0.98039215803146 0.98039215803146 0 can 1 1
can_we_have_them_until_we_move 1582100147451 423 258 touchstart 35 117 0.98039215803146 0.98039215803146 0 can 1
can_we_have_them_until_we_move 1582100147540 423 258 touchend 35 117 0.98039215803146 0.98039215803146 0 can 1
can_we_have_them_until_we_move 1582100147686 423 258 touchstart 216 176 2.3529412746429 2.3529412746429 0 can 1
can_we_have_them_until_we_move 1582100147691 423 258 touchmove 216 176 2.1568627357483 2.1568627357483 0 can 1
can_we_have_them_until_we_move 1582100147698 423 258 touchmove 216 176 2.3529412746429 2.3529412746429 0 can 1
can_we_have_them_until_we_move 1582100147750 423 258 touchmove 216 176 2.1568627357483 2.1568627357483 0 can 1
can_we_have_them_until_we_move 1582100147771 423 258 touchend 216 176 2.1568627357483 2.1568627357483 0 can 1
can_we_have_them_until_we_move 1582100147922 423 258 touchstart 109 36 2.3529412746429 2.3529412746429 0 can 1
can_we_have_them_until_we_move 1582100147941 423 258 touchmove 109 36 0.98039215803146 0.98039215803146 0 can 1
can_we_have_them_until_we_move 1582100147952 423 258 touchend 109 36 0.98039215803146 0.98039215803146 0 can 1
what_is_wrong 1582100267306 423 258 touchstart 65 44 2.3529412746429 2.3529412746429 0 what 1
what_is_wrong 1582100267346 423 258 touchmove 65 44 2.549019575119 2.549019575119 0 what 1
what_is_wrong 1582100267362 423 258 touchmove 65 44 2.3529412746429 2.3529412746429 0 what 1
what_is_wrong 1582100267378 423 258 touchmove 65 44 2.1568627357483 2.1568627357483 0 what 1
what_is_wrong 1582100267395 423 258 touchmove 65 44 0.98039215803146 0.98039215803146 0 what 1
what_is_wrong 1582100267401 423 258 touchend 65 44 0.98039215803146 0.98039215803146 0 what 1
what_is_wrong 1582100267632 423 258 touchmove 265 121 0.98039215803146 0.98039215803146 0 what 1
what_is_wrong 1582100267640 423 258 touchmove 265 121 2.1568627357483 2.1568627357483 0 what 1
what_is_wrong 1582100267661 423 258 touchmove 265 121 0.98039215803146 0.98039215803146 0 what 1
what_is_wrong 1582100267714 423 258 touchend 265 121 0.98039215803146 0.98039215803146 0 what 1
what_is_wrong 1582100267632 423 258 touchmove 265 121 0.98039215803146 0.98039215803146 0 what 1 1
what_is_wrong 1582100267640 423 258 touchmove 265 121 2.1568627357483 2.1568627357483 0 what 1 1
what_is_wrong 1582100267661 423 258 touchmove 265 121 0.98039215803146 0.98039215803146 0 what 1 1
what_is_wrong 1582100267714 423 258 touchend 265 121 0.98039215803146 0.98039215803146 0 what 1 1
what_is_wrong 1582100267801 423 258 touchstart 39 109 0.98039215803146 0.98039215803146 0 what 1
what_is_wrong 1582100267879 423 258 touchend 39 109 0.98039215803146 0.98039215803146 0 what 1
what_is_wrong 1582100268017 423 258 touchstart 190 58 2.1568627357483 2.1568627357483 0 what 1
what_is_wrong 1582100268036 423 258 touchmove 190 58 0.98039215803146 0.98039215803146 0 what 1
what_is_wrong 1582100268040 423 258 touchmove 190 58 2.1568627357483 2.1568627357483 0 what 1
what_is_wrong 1582100268058 423 258 touchmove 190 58 0.98039215803146 0.98039215803146 0 what 1
what_is_wrong 1582100268064 423 258 touchend 190 58 0.98039215803146 0.98039215803146 0 what 1
