sentence timestamp keyb_width keyb_height event x_pos y_pos x_radius y_radius angle word is_err
whats_going_on 1580921121589 411 258 touchstart 62 35 0.19047619402409 0.19047619402409 0 whats 0
whats_going_on 1580921121609 411 258 touchmove 62 35 0.19047619402409 0.19047619402409 0 whats 0
whats_going_on 1580921121626 411 258 touchmove 65 36 0.19047619402409 0.19047619402409 0 whats 0
whats_going_on 1580921121643 411 258 touchmove 85 43 0.19047619402409 0.19047619402409 0 whats 0
whats_going_on 1580921121658 411 258 touchmove 116 56 0.19047619402409 0.19047619402409 0 whats 0
whats_going_on 1580921121675 411 258 touchmove 170 76 0.19047619402409 0.19047619402409 0 whats 0
whats_going_on 1580921121691 411 258 touchmove 211 93 0.19047619402409 0.19047619402409 0 whats 0
whats_going_on 1580921121709 411 258 touchmove 226 103 0.19047619402409 0.19047619402409 0 whats 0
whats_going_on 1580921121726 411 258 touchmove 245 118 0.19047619402409 0.19047619402409 0 whats 0
whats_going_on 1580921121742 411 258 touchmove 252 122 0.19047619402409 0.19047619402409 0 whats 0
whats_going_on 1580921121758 411 258 touchmove 252 122 0.19047619402409 0.19047619402409 0 whats 0
whats_going_on 1580921121775 411 258 touchmove 252 122 0.19047619402409 0.19047619402409 0 whats 0
whats_going_on 1580921121791 411 258 touchmove 248 121 0.19047619402409 0.19047619402409 0 whats 0
whats_going_on 1580921121808 411 258 touchmove 230 117 0.19047619402409 0.19047619402409 0 whats 0
whats_going_on 1580921121825 411 258 touchmove 189 107 0.19047619402409 0.19047619402409 0 whats 0
whats_going_on 1580921121843 411 258 touchmove 140 99 0.19047619402409 0.19047619402409 0 whats 0
whats_going_on 1580921121858 411 258 touchmove 89 100 0.19047619402409 0.19047619402409 0 whats 0
whats_going_on 1580921121875 411 258 touchmove 46 110 0.19047619402409 0.19047619402409 0 whats 0
whats_going_on 1580921121892 411 258 touchmove 26 119 0.19047619402409 0.19047619402409 0 whats 0
whats_going_on 1580921121908 411 258 touchmove 22 124 0.19047619402409 0.19047619402409 0 whats 0
whats_going_on 1580921121925 411 258 touchmove 22 125 0.19047619402409 0.19047619402409 0 whats 0
whats_going_on 1580921121942 411 258 touchmove 23 124 0.19047619402409 0.19047619402409 0 whats 0
whats_going_on 1580921121958 411 258 touchmove 24 124 0.19047619402409 0.19047619402409 0 whats 0
whats_going_on 1580921121975 411 258 touchmove 36 113 0.19047619402409 0.19047619402409 0 whats 0
whats_going_on 1580921121992 411 258 touchmove 73 92 0.19047619402409 0.19047619402409 0 whats 0
whats_going_on 1580921122008 411 258 touchmove 113 73 0.19047619402409 0.19047619402409 0 whats 0
whats_going_on 1580921122025 411 258 touchmove 150 60 0.19047619402409 0.19047619402409 0 whats 0
whats_going_on 1580921122042 411 258 touchmove 168 57 0.19047619402409 0.19047619402409 0 whats 0
whats_going_on 1580921122060 411 258 touchmove 194 51 0.19047619402409 0.19047619402409 0 whats 0
whats_going_on 1580921122075 411 258 touchmove 206 47 0.19047619402409 0.19047619402409 0 whats 0
whats_going_on 1580921122092 411 258 touchmove 208 46 0.19047619402409 0.19047619402409 0 whats 0
whats_going_on 1580921122108 411 258 touchmove 208 46 0.19047619402409 0.19047619402409 0 whats 0
whats_going_on 1580921122125 411 258 touchmove 208 46 0.19047619402409 0.19047619402409 0 whats 0
whats_going_on 1580921122142 411 258 touchmove 208 46 0.19047619402409 0.19047619402409 0 whats 0
whats_going_on 1580921122160 411 258 touchmove 206 47 0.19047619402409 0.19047619402409 0 whats 0
whats_going_on 1580921122176 411 258 touchmove 178 60 0.19047619402409 0.19047619402409 0 whats 0
whats_going_on 1580921122192 411 258 touchmove 137 72 0.19047619402409 0.19047619402409 0 whats 0
whats_going_on 1580921122209 411 258 touchmove 104 79 0.19047619402409 0.19047619402409 0 whats 0
whats_going_on 1580921122225 411 258 touchmove 77 87 0.19047619402409 0.19047619402409 0 whats 0
whats_going_on 1580921122241 411 258 touchmove 59 97 0.19047619402409 0.19047619402409 0 whats 0
whats_going_on 1580921122259 411 258 touchmove 52 102 0.19047619402409 0.19047619402409 0 whats 0
whats_going_on 1580921122276 411 258 touchmove 51 103 0.19047619402409 0.19047619402409 0 whats 0
whats_going_on 1580921122293 411 258 touchmove 50 104 0.19047619402409 0.19047619402409 0 whats 0
whats_going_on 1580921122308 411 258 touchmove 51 103 0.19047619402409 0.19047619402409 0 whats 0
whats_going_on 1580921122326 411 258 touchmove 53 103 0.19047619402409 0.19047619402409 0 whats 0
whats_going_on 1580921122343 411 258 touchmove 54 102 0.19047619402409 0.19047619402409 0 whats 0
whats_going_on 1580921122351 411 258 touchend 54 102 0.19047619402409 0.19047619402409 0 whats 0
whats_going_on 1580921122740 411 258 touchstart 200 112 0.19047619402409 0.19047619402409 0 going 0
whats_going_on 1580921122748 411 258 touchmove 200 112 0.19047619402409 0.19047619402409 0 going 0
whats_going_on 1580921122759 411 258 touchmove 200 112 0.19047619402409 0.19047619402409 0 going 0
whats_going_on 1580921122776 411 258 touchmove 208 110 0.19047619402409 0.19047619402409 0 going 0
whats_going_on 1580921122792 411 258 touchmove 234 103 0.19047619402409 0.19047619402409 0 going 0
whats_going_on 1580921122810 411 258 touchmove 267 89 0.19047619402409 0.19047619402409 0 going 0
whats_going_on 1580921122825 411 258 touchmove 316 70 0.19047619402409 0.19047619402409 0 going 0
whats_going_on 1580921122842 411 258 touchmove 329 64 0.19047619402409 0.19047619402409 0 going 0
whats_going_on 1580921122861 411 258 touchmove 347 60 0.19047619402409 0.19047619402409 0 going 0
whats_going_on 1580921122877 411 258 touchmove 356 57 0.19047619402409 0.19047619402409 0 going 0
whats_going_on 1580921122893 411 258 touchmove 360 54 0.19047619402409 0.19047619402409 0 going 0
whats_going_on 1580921122910 411 258 touchmove 362 50 0.19047619402409 0.19047619402409 0 going 0
whats_going_on 1580921122926 411 258 touchmove 363 47 0.19047619402409 0.19047619402409 0 going 0
whats_going_on 1580921122943 411 258 touchmove 363 45 0.19047619402409 0.19047619402409 0 going 0
whats_going_on 1580921122960 411 258 touchmove 363 43 0.19047619402409 0.19047619402409 0 going 0
whats_going_on 1580921122977 411 258 touchmove 358 41 0.19047619402409 0.19047619402409 0 going 0
whats_going_on 1580921122993 411 258 touchmove 350 41 0.19047619402409 0.19047619402409 0 going 0
whats_going_on 1580921123010 411 258 touchmove 323 46 0.19047619402409 0.19047619402409 0 going 0
whats_going_on 1580921123026 411 258 touchmove 305 50 0.19047619402409 0.19047619402409 0 going 0
whats_going_on 1580921123043 411 258 touchmove 300 49 0.19047619402409 0.19047619402409 0 going 0
whats_going_on 1580921123060 411 258 touchmove 299 49 0.19047619402409 0.19047619402409 0 going 0
whats_going_on 1580921123077 411 258 touchmove 299 49 0.19047619402409 0.19047619402409 0 going 0
whats_going_on 1580921123094 411 258 touchmove 299 49 0.19047619402409 0.19047619402409 0 going 0
whats_going_on 1580921123110 411 258 touchmove 299 49 0.19047619402409 0.19047619402409 0 going 0
whats_going_on 1580921123127 411 258 touchmove 300 63 0.19047619402409 0.19047619402409 0 going 0
whats_going_on 1580921123143 411 258 touchmove 300 101 0.19047619402409 0.19047619402409 0 going 0
whats_going_on 1580921123160 411 258 touchmove 296 133 0.19047619402409 0.19047619402409 0 going 0
whats_going_on 1580921123177 411 258 touchmove 292 158 0.19047619402409 0.19047619402409 0 going 0
whats_going_on 1580921123195 411 258 touchmove 289 172 0.19047619402409 0.19047619402409 0 going 0
whats_going_on 1580921123211 411 258 touchmove 288 175 0.19047619402409 0.19047619402409 0 going 0
whats_going_on 1580921123226 411 258 touchmove 287 178 0.19047619402409 0.19047619402409 0 going 0
whats_going_on 1580921123242 411 258 touchmove 287 180 0.19047619402409 0.19047619402409 0 going 0
whats_going_on 1580921123260 411 258 touchmove 286 181 0.19047619402409 0.19047619402409 0 going 0
whats_going_on 1580921123276 411 258 touchmove 282 182 0.19047619402409 0.19047619402409 0 going 0
whats_going_on 1580921123293 411 258 touchmove 269 179 0.19047619402409 0.19047619402409 0 going 0
whats_going_on 1580921123311 411 258 touchmove 254 170 0.19047619402409 0.19047619402409 0 going 0
whats_going_on 1580921123327 411 258 touchmove 245 162 0.19047619402409 0.19047619402409 0 going 0
whats_going_on 1580921123343 411 258 touchmove 232 145 0.19047619402409 0.19047619402409 0 going 0
whats_going_on 1580921123360 411 258 touchmove 224 127 0.19047619402409 0.19047619402409 0 going 0
whats_going_on 1580921123377 411 258 touchmove 217 110 0.19047619402409 0.19047619402409 0 going 0
whats_going_on 1580921123393 411 258 touchmove 211 100 0.19047619402409 0.19047619402409 0 going 0
whats_going_on 1580921123411 411 258 touchmove 207 97 0.19047619402409 0.19047619402409 0 going 0
whats_going_on 1580921123428 411 258 touchmove 205 96 0.19047619402409 0.19047619402409 0 going 0
whats_going_on 1580921123443 411 258 touchmove 203 96 0.19047619402409 0.19047619402409 0 going 0
whats_going_on 1580921123461 411 258 touchmove 201 96 0.19047619402409 0.19047619402409 0 going 0
whats_going_on 1580921123477 411 258 touchmove 201 96 0.19047619402409 0.19047619402409 0 going 0
whats_going_on 1580921123494 411 258 touchmove 200 96 0.19047619402409 0.19047619402409 0 going 0
whats_going_on 1580921123508 411 258 touchend 200 96 0.19047619402409 0.19047619402409 0 going 0
whats_going_on 1580921124333 411 258 touchstart 360 49 0.19047619402409 0.19047619402409 0 on 0
whats_going_on 1580921124347 411 258 touchmove 360 49 0.19047619402409 0.19047619402409 0 on 0
whats_going_on 1580921124362 411 258 touchmove 358 50 0.19047619402409 0.19047619402409 0 on 0
whats_going_on 1580921124379 411 258 touchmove 356 52 0.19047619402409 0.19047619402409 0 on 0
whats_going_on 1580921124395 411 258 touchmove 347 64 0.19047619402409 0.19047619402409 0 on 0
whats_going_on 1580921124412 411 258 touchmove 339 77 0.19047619402409 0.19047619402409 0 on 0
whats_going_on 1580921124428 411 258 touchmove 327 103 0.19047619402409 0.19047619402409 0 on 0
whats_going_on 1580921124447 411 258 touchmove 314 137 0.19047619402409 0.19047619402409 0 on 0
whats_going_on 1580921124461 411 258 touchmove 303 159 0.19047619402409 0.19047619402409 0 on 0
whats_going_on 1580921124478 411 258 touchmove 295 174 0.19047619402409 0.19047619402409 0 on 0
whats_going_on 1580921124495 411 258 touchmove 292 177 0.19047619402409 0.19047619402409 0 on 0
whats_going_on 1580921124512 411 258 touchmove 292 178 0.19047619402409 0.19047619402409 0 on 0
whats_going_on 1580921124529 411 258 touchmove 292 179 0.19047619402409 0.19047619402409 0 on 0
whats_going_on 1580921124545 411 258 touchmove 292 179 0.19047619402409 0.19047619402409 0 on 0
whats_going_on 1580921124551 411 258 touchend 292 179 0.19047619402409 0.19047619402409 0 on 0
peter_kiraboshi_assistant_attach 1580921127591 411 258 touchstart 384 42 0.19047619402409 0.19047619402409 0 peter 0
peter_kiraboshi_assistant_attach 1580921127599 411 258 touchmove 383 42 0.19047619402409 0.19047619402409 0 peter 0
peter_kiraboshi_assistant_attach 1580921127616 411 258 touchmove 383 42 0.19047619402409 0.19047619402409 0 peter 0
peter_kiraboshi_assistant_attach 1580921127630 411 258 touchmove 382 41 0.19047619402409 0.19047619402409 0 peter 0
peter_kiraboshi_assistant_attach 1580921127647 411 258 touchmove 379 41 0.19047619402409 0.19047619402409 0 peter 0
peter_kiraboshi_assistant_attach 1580921127667 411 258 touchmove 370 39 0.19047619402409 0.19047619402409 0 peter 0
peter_kiraboshi_assistant_attach 1580921127680 411 258 touchmove 346 38 0.19047619402409 0.19047619402409 0 peter 0
peter_kiraboshi_assistant_attach 1580921127697 411 258 touchmove 311 39 0.19047619402409 0.19047619402409 0 peter 0
peter_kiraboshi_assistant_attach 1580921127714 411 258 touchmove 277 42 0.19047619402409 0.19047619402409 0 peter 0
peter_kiraboshi_assistant_attach 1580921127731 411 258 touchmove 239 48 0.19047619402409 0.19047619402409 0 peter 0
peter_kiraboshi_assistant_attach 1580921127747 411 258 touchmove 195 56 0.19047619402409 0.19047619402409 0 peter 0
peter_kiraboshi_assistant_attach 1580921127764 411 258 touchmove 156 57 0.19047619402409 0.19047619402409 0 peter 0
peter_kiraboshi_assistant_attach 1580921127780 411 258 touchmove 135 51 0.19047619402409 0.19047619402409 0 peter 0
peter_kiraboshi_assistant_attach 1580921127797 411 258 touchmove 120 46 0.19047619402409 0.19047619402409 0 peter 0
peter_kiraboshi_assistant_attach 1580921127814 411 258 touchmove 112 44 0.19047619402409 0.19047619402409 0 peter 0
peter_kiraboshi_assistant_attach 1580921127831 411 258 touchmove 110 44 0.19047619402409 0.19047619402409 0 peter 0
peter_kiraboshi_assistant_attach 1580921127847 411 258 touchmove 110 44 0.19047619402409 0.19047619402409 0 peter 0
peter_kiraboshi_assistant_attach 1580921127864 411 258 touchmove 110 44 0.19047619402409 0.19047619402409 0 peter 0
peter_kiraboshi_assistant_attach 1580921127881 411 258 touchmove 114 43 0.19047619402409 0.19047619402409 0 peter 0
peter_kiraboshi_assistant_attach 1580921127897 411 258 touchmove 146 36 0.19047619402409 0.19047619402409 0 peter 0
peter_kiraboshi_assistant_attach 1580921127915 411 258 touchmove 179 33 0.19047619402409 0.19047619402409 0 peter 0
peter_kiraboshi_assistant_attach 1580921127931 411 258 touchmove 210 34 0.19047619402409 0.19047619402409 0 peter 0
peter_kiraboshi_assistant_attach 1580921127947 411 258 touchmove 219 35 0.19047619402409 0.19047619402409 0 peter 0
peter_kiraboshi_assistant_attach 1580921127965 411 258 touchmove 223 37 0.19047619402409 0.19047619402409 0 peter 0
peter_kiraboshi_assistant_attach 1580921127981 411 258 touchmove 223 38 0.19047619402409 0.19047619402409 0 peter 0
peter_kiraboshi_assistant_attach 1580921127997 411 258 touchmove 223 38 0.19047619402409 0.19047619402409 0 peter 0
peter_kiraboshi_assistant_attach 1580921128014 411 258 touchmove 222 39 0.19047619402409 0.19047619402409 0 peter 0
peter_kiraboshi_assistant_attach 1580921128031 411 258 touchmove 203 41 0.19047619402409 0.19047619402409 0 peter 0
peter_kiraboshi_assistant_attach 1580921128048 411 258 touchmove 184 42 0.19047619402409 0.19047619402409 0 peter 0
peter_kiraboshi_assistant_attach 1580921128065 411 258 touchmove 146 42 0.19047619402409 0.19047619402409 0 peter 0
peter_kiraboshi_assistant_attach 1580921128081 411 258 touchmove 108 43 0.19047619402409 0.19047619402409 0 peter 0
peter_kiraboshi_assistant_attach 1580921128097 411 258 touchmove 78 50 0.19047619402409 0.19047619402409 0 peter 0
peter_kiraboshi_assistant_attach 1580921128114 411 258 touchmove 73 52 0.19047619402409 0.19047619402409 0 peter 0
peter_kiraboshi_assistant_attach 1580921128131 411 258 touchmove 74 52 0.19047619402409 0.19047619402409 0 peter 0
peter_kiraboshi_assistant_attach 1580921128148 411 258 touchmove 76 51 0.19047619402409 0.19047619402409 0 peter 0
peter_kiraboshi_assistant_attach 1580921128165 411 258 touchmove 83 50 0.19047619402409 0.19047619402409 0 peter 0
peter_kiraboshi_assistant_attach 1580921128181 411 258 touchmove 108 42 0.19047619402409 0.19047619402409 0 peter 0
peter_kiraboshi_assistant_attach 1580921128197 411 258 touchmove 135 35 0.19047619402409 0.19047619402409 0 peter 0
peter_kiraboshi_assistant_attach 1580921128214 411 258 touchmove 154 31 0.19047619402409 0.19047619402409 0 peter 0
peter_kiraboshi_assistant_attach 1580921128234 411 258 touchmove 159 31 0.19047619402409 0.19047619402409 0 peter 0
peter_kiraboshi_assistant_attach 1580921128248 411 258 touchmove 160 31 0.19047619402409 0.19047619402409 0 peter 0
peter_kiraboshi_assistant_attach 1580921128264 411 258 touchmove 161 31 0.19047619402409 0.19047619402409 0 peter 0
peter_kiraboshi_assistant_attach 1580921128282 411 258 touchmove 161 31 0.19047619402409 0.19047619402409 0 peter 0
peter_kiraboshi_assistant_attach 1580921128298 411 258 touchmove 161 31 0.19047619402409 0.19047619402409 0 peter 0
peter_kiraboshi_assistant_attach 1580921128315 411 258 touchmove 160 31 0.19047619402409 0.19047619402409 0 peter 0
peter_kiraboshi_assistant_attach 1580921128331 411 258 touchmove 160 31 0.19047619402409 0.19047619402409 0 peter 0
peter_kiraboshi_assistant_attach 1580921128348 411 258 touchmove 160 31 0.19047619402409 0.19047619402409 0 peter 0
peter_kiraboshi_assistant_attach 1580921128365 411 258 touchmove 160 31 0.19047619402409 0.19047619402409 0 peter 0
peter_kiraboshi_assistant_attach 1580921128382 411 258 touchmove 160 31 0.19047619402409 0.19047619402409 0 peter 0
peter_kiraboshi_assistant_attach 1580921128392 411 258 touchend 160 31 0.19047619402409 0.19047619402409 0 peter 0
peter_kiraboshi_assistant_attach 1580921129460 411 258 touchstart 323 107 0.19047619402409 0.19047619402409 0 kiraboshi 0
peter_kiraboshi_assistant_attach 1580921129467 411 258 touchmove 323 107 0.19047619402409 0.19047619402409 0 kiraboshi 0
peter_kiraboshi_assistant_attach 1580921129483 411 258 touchmove 323 106 0.19047619402409 0.19047619402409 0 kiraboshi 0
peter_kiraboshi_assistant_attach 1580921129499 411 258 touchmove 323 106 0.19047619402409 0.19047619402409 0 kiraboshi 0
peter_kiraboshi_assistant_attach 1580921129518 411 258 touchmove 323 105 0.19047619402409 0.19047619402409 0 kiraboshi 0
peter_kiraboshi_assistant_attach 1580921129533 411 258 touchmove 322 91 0.19047619402409 0.19047619402409 0 kiraboshi 0
peter_kiraboshi_assistant_attach 1580921129549 411 258 touchmove 327 60 0.19047619402409 0.19047619402409 0 kiraboshi 0
peter_kiraboshi_assistant_attach 1580921129566 411 258 touchmove 329 46 0.19047619402409 0.19047619402409 0 kiraboshi 0
peter_kiraboshi_assistant_attach 1580921129573 411 258 touchend 329 46 0.19047619402409 0.19047619402409 0 kiraboshi 0
peter_kiraboshi_assistant_attach 1580921129866 411 258 touchmove 290 1 0.19047619402409 0.19047619402409 0 assistant 1
peter_kiraboshi_assistant_attach 1580921129882 411 258 touchmove 290 1 0.19047619402409 0.19047619402409 0 assistant 1
peter_kiraboshi_assistant_attach 1580921129899 411 258 touchmove 290 1 0.19047619402409 0.19047619402409 0 assistant 1
peter_kiraboshi_assistant_attach 1580921129916 411 258 touchmove 290 1 0.19047619402409 0.19047619402409 0 assistant 1
peter_kiraboshi_assistant_attach 1580921129933 411 258 touchmove 290 1 0.19047619402409 0.19047619402409 0 assistant 1
peter_kiraboshi_assistant_attach 1580921129950 411 258 touchmove 290 1 0.19047619402409 0.19047619402409 0 assistant 1
peter_kiraboshi_assistant_attach 1580921129966 411 258 touchmove 290 1 0.19047619402409 0.19047619402409 0 assistant 1
peter_kiraboshi_assistant_attach 1580921129983 411 258 touchmove 290 1 0.19047619402409 0.19047619402409 0 assistant 1
peter_kiraboshi_assistant_attach 1580921130001 411 258 touchmove 290 1 0.19047619402409 0.19047619402409 0 assistant 1
peter_kiraboshi_assistant_attach 1580921130018 411 258 touchmove 290 1 0.19047619402409 0.19047619402409 0 assistant 1
peter_kiraboshi_assistant_attach 1580921130034 411 258 touchmove 290 1 0.19047619402409 0.19047619402409 0 assistant 1
peter_kiraboshi_assistant_attach 1580921130049 411 258 touchmove 290 1 0.19047619402409 0.19047619402409 0 assistant 1
peter_kiraboshi_assistant_attach 1580921130066 411 258 touchmove 290 1 0.19047619402409 0.19047619402409 0 assistant 1
peter_kiraboshi_assistant_attach 1580921130082 411 258 touchmove 290 1 0.19047619402409 0.19047619402409 0 assistant 1
peter_kiraboshi_assistant_attach 1580921130099 411 258 touchmove 290 1 0.19047619402409 0.19047619402409 0 assistant 1
peter_kiraboshi_assistant_attach 1580921130117 411 258 touchmove 291 1 0.19047619402409 0.19047619402409 0 assistant 1
peter_kiraboshi_assistant_attach 1580921130133 411 258 touchmove 291 1 0.19047619402409 0.19047619402409 0 assistant 1
peter_kiraboshi_assistant_attach 1580921130152 411 258 touchmove 291 1 0.19047619402409 0.19047619402409 0 assistant 1
peter_kiraboshi_assistant_attach 1580921130169 411 258 touchmove 291 1 0.19047619402409 0.19047619402409 0 assistant 1
peter_kiraboshi_assistant_attach 1580921130183 411 258 touchmove 291 1 0.19047619402409 0.19047619402409 0 assistant 1
peter_kiraboshi_assistant_attach 1580921130199 411 258 touchmove 291 1 0.19047619402409 0.19047619402409 0 assistant 1
peter_kiraboshi_assistant_attach 1580921130216 411 258 touchmove 291 0 0.19047619402409 0.19047619402409 0 assistant 1
peter_kiraboshi_assistant_attach 1580921130233 411 258 touchmove 291 0 0.19047619402409 0.19047619402409 0 assistant 1
peter_kiraboshi_assistant_attach 1580921130250 411 258 touchmove 291 0 0.19047619402409 0.19047619402409 0 assistant 1
peter_kiraboshi_assistant_attach 1580921130266 411 258 touchmove 291 0 0.19047619402409 0.19047619402409 0 assistant 1
peter_kiraboshi_assistant_attach 1580921130282 411 258 touchmove 291 0 0.19047619402409 0.19047619402409 0 assistant 1
peter_kiraboshi_assistant_attach 1580921130300 411 258 touchmove 292 0 0.19047619402409 0.19047619402409 0 assistant 1
peter_kiraboshi_assistant_attach 1580921130316 411 258 touchmove 292 0 0.19047619402409 0.19047619402409 0 assistant 1
peter_kiraboshi_assistant_attach 1580921130333 411 258 touchmove 293 -1 0.19047619402409 0.19047619402409 0 assistant 1
peter_kiraboshi_assistant_attach 1580921130350 411 258 touchmove 293 -1 0.19047619402409 0.19047619402409 0 assistant 1
peter_kiraboshi_assistant_attach 1580921130367 411 258 touchmove 293 -1 0.19047619402409 0.19047619402409 0 assistant 1
peter_kiraboshi_assistant_attach 1580921130383 411 258 touchmove 293 -1 0.19047619402409 0.19047619402409 0 assistant 1
peter_kiraboshi_assistant_attach 1580921130400 411 258 touchmove 293 -1 0.19047619402409 0.19047619402409 0 assistant 1
peter_kiraboshi_assistant_attach 1580921130416 411 258 touchmove 293 -1 0.19047619402409 0.19047619402409 0 assistant 1
peter_kiraboshi_assistant_attach 1580921130433 411 258 touchmove 293 -1 0.19047619402409 0.19047619402409 0 assistant 1
peter_kiraboshi_assistant_attach 1580921130450 411 258 touchmove 293 -1 0.19047619402409 0.19047619402409 0 assistant 1
peter_kiraboshi_assistant_attach 1580921130467 411 258 touchmove 293 -1 0.19047619402409 0.19047619402409 0 assistant 1
peter_kiraboshi_assistant_attach 1580921130484 411 258 touchmove 293 -1 0.19047619402409 0.19047619402409 0 assistant 1
peter_kiraboshi_assistant_attach 1580921130500 411 258 touchmove 293 -1 0.19047619402409 0.19047619402409 0 assistant 1
peter_kiraboshi_assistant_attach 1580921130517 411 258 touchmove 293 -1 0.19047619402409 0.19047619402409 0 assistant 1
peter_kiraboshi_assistant_attach 1580921130533 411 258 touchmove 294 -1 0.19047619402409 0.19047619402409 0 assistant 1
peter_kiraboshi_assistant_attach 1580921130551 411 258 touchmove 294 -1 0.19047619402409 0.19047619402409 0 assistant 1
peter_kiraboshi_assistant_attach 1580921130567 411 258 touchmove 294 -2 0.19047619402409 0.19047619402409 0 assistant 1
peter_kiraboshi_assistant_attach 1580921130584 411 258 touchmove 294 -2 0.19047619402409 0.19047619402409 0 assistant 1
peter_kiraboshi_assistant_attach 1580921130601 411 258 touchmove 295 -2 0.19047619402409 0.19047619402409 0 assistant 1
peter_kiraboshi_assistant_attach 1580921130619 411 258 touchmove 295 -2 0.19047619402409 0.19047619402409 0 assistant 1
peter_kiraboshi_assistant_attach 1580921130634 411 258 touchmove 296 -2 0.19047619402409 0.19047619402409 0 assistant 1
peter_kiraboshi_assistant_attach 1580921130650 411 258 touchmove 296 -2 0.19047619402409 0.19047619402409 0 assistant 1
peter_kiraboshi_assistant_attach 1580921130667 411 258 touchmove 297 -3 0.19047619402409 0.19047619402409 0 assistant 1
peter_kiraboshi_assistant_attach 1580921130684 411 258 touchmove 298 -3 0.19047619402409 0.19047619402409 0 assistant 1
peter_kiraboshi_assistant_attach 1580921130701 411 258 touchmove 299 -4 0.19047619402409 0.19047619402409 0 assistant 1
peter_kiraboshi_assistant_attach 1580921130720 411 258 touchend 299 -4 0.19047619402409 0.19047619402409 0 assistant 1
peter_kiraboshi_assistant_attach 1580921132816 411 258 touchstart 31 102 0.19047619402409 0.19047619402409 0 assistant 0
peter_kiraboshi_assistant_attach 1580921132837 411 258 touchmove 33 102 0.19047619402409 0.19047619402409 0 assistant 0
peter_kiraboshi_assistant_attach 1580921132853 411 258 touchmove 49 100 0.19047619402409 0.19047619402409 0 assistant 0
peter_kiraboshi_assistant_attach 1580921132869 411 258 touchmove 69 99 0.19047619402409 0.19047619402409 0 assistant 0
peter_kiraboshi_assistant_attach 1580921132886 411 258 touchmove 76 99 0.19047619402409 0.19047619402409 0 assistant 0
peter_kiraboshi_assistant_attach 1580921132902 411 258 touchmove 84 100 0.19047619402409 0.19047619402409 0 assistant 0
peter_kiraboshi_assistant_attach 1580921132918 411 258 touchmove 86 100 0.19047619402409 0.19047619402409 0 assistant 0
peter_kiraboshi_assistant_attach 1580921132936 411 258 touchmove 87 100 0.19047619402409 0.19047619402409 0 assistant 0
peter_kiraboshi_assistant_attach 1580921132952 411 258 touchmove 87 100 0.19047619402409 0.19047619402409 0 assistant 0
peter_kiraboshi_assistant_attach 1580921132969 411 258 touchmove 87 100 0.19047619402409 0.19047619402409 0 assistant 0
peter_kiraboshi_assistant_attach 1580921132987 411 258 touchmove 87 100 0.19047619402409 0.19047619402409 0 assistant 0
peter_kiraboshi_assistant_attach 1580921133003 411 258 touchmove 72 102 0.19047619402409 0.19047619402409 0 assistant 0
peter_kiraboshi_assistant_attach 1580921133019 411 258 touchmove 44 111 0.19047619402409 0.19047619402409 0 assistant 0
peter_kiraboshi_assistant_attach 1580921133036 411 258 touchmove 32 116 0.19047619402409 0.19047619402409 0 assistant 0
peter_kiraboshi_assistant_attach 1580921133052 411 258 touchmove 27 119 0.19047619402409 0.19047619402409 0 assistant 0
peter_kiraboshi_assistant_attach 1580921133069 411 258 touchmove 26 121 0.19047619402409 0.19047619402409 0 assistant 0
peter_kiraboshi_assistant_attach 1580921133086 411 258 touchmove 25 121 0.19047619402409 0.19047619402409 0 assistant 0
peter_kiraboshi_assistant_attach 1580921133103 411 258 touchmove 25 121 0.19047619402409 0.19047619402409 0 assistant 0
peter_kiraboshi_assistant_attach 1580921133119 411 258 touchmove 24 121 0.19047619402409 0.19047619402409 0 assistant 0
peter_kiraboshi_assistant_attach 1580921133136 411 258 touchmove 24 121 0.19047619402409 0.19047619402409 0 assistant 0
peter_kiraboshi_assistant_attach 1580921133152 411 258 touchmove 24 121 0.19047619402409 0.19047619402409 0 assistant 0
peter_kiraboshi_assistant_attach 1580921133169 411 258 touchmove 24 121 0.19047619402409 0.19047619402409 0 assistant 0
peter_kiraboshi_assistant_attach 1580921133186 411 258 touchmove 24 121 0.19047619402409 0.19047619402409 0 assistant 0
peter_kiraboshi_assistant_attach 1580921133204 411 258 touchmove 24 121 0.19047619402409 0.19047619402409 0 assistant 0
peter_kiraboshi_assistant_attach 1580921133221 411 258 touchmove 24 121 0.19047619402409 0.19047619402409 0 assistant 0
peter_kiraboshi_assistant_attach 1580921133237 411 258 touchmove 24 121 0.19047619402409 0.19047619402409 0 assistant 0
peter_kiraboshi_assistant_attach 1580921133253 411 258 touchmove 24 121 0.19047619402409 0.19047619402409 0 assistant 0
peter_kiraboshi_assistant_attach 1580921133269 411 258 touchmove 24 121 0.19047619402409 0.19047619402409 0 assistant 0
peter_kiraboshi_assistant_attach 1580921133286 411 258 touchmove 24 121 0.19047619402409 0.19047619402409 0 assistant 0
peter_kiraboshi_assistant_attach 1580921133303 411 258 touchmove 24 121 0.19047619402409 0.19047619402409 0 assistant 0
peter_kiraboshi_assistant_attach 1580921133321 411 258 touchmove 24 121 0.19047619402409 0.19047619402409 0 assistant 0
peter_kiraboshi_assistant_attach 1580921133336 411 258 touchmove 24 121 0.19047619402409 0.19047619402409 0 assistant 0
peter_kiraboshi_assistant_attach 1580921133352 411 258 touchmove 24 121 0.19047619402409 0.19047619402409 0 assistant 0
peter_kiraboshi_assistant_attach 1580921133369 411 258 touchmove 24 121 0.19047619402409 0.19047619402409 0 assistant 0
peter_kiraboshi_assistant_attach 1580921133387 411 258 touchmove 24 121 0.19047619402409 0.19047619402409 0 assistant 0
peter_kiraboshi_assistant_attach 1580921133403 411 258 touchmove 24 121 0.19047619402409 0.19047619402409 0 assistant 0
peter_kiraboshi_assistant_attach 1580921133420 411 258 touchmove 24 121 0.19047619402409 0.19047619402409 0 assistant 0
peter_kiraboshi_assistant_attach 1580921133437 411 258 touchmove 24 121 0.19047619402409 0.19047619402409 0 assistant 0
peter_kiraboshi_assistant_attach 1580921133454 411 258 touchmove 24 121 0.19047619402409 0.19047619402409 0 assistant 0
peter_kiraboshi_assistant_attach 1580921133471 411 258 touchmove 24 121 0.19047619402409 0.19047619402409 0 assistant 0
peter_kiraboshi_assistant_attach 1580921133503 411 258 touchmove 24 121 0.19047619402409 0.19047619402409 0 assistant 0
peter_kiraboshi_assistant_attach 1580921133519 411 258 touchmove 24 121 0.19047619402409 0.19047619402409 0 assistant 0
peter_kiraboshi_assistant_attach 1580921133537 411 258 touchmove 25 121 0.19047619402409 0.19047619402409 0 assistant 0
peter_kiraboshi_assistant_attach 1580921133552 411 258 touchmove 26 121 0.19047619402409 0.19047619402409 0 assistant 0
peter_kiraboshi_assistant_attach 1580921133569 411 258 touchmove 34 120 0.19047619402409 0.19047619402409 0 assistant 0
peter_kiraboshi_assistant_attach 1580921133586 411 258 touchmove 50 118 0.19047619402409 0.19047619402409 0 assistant 0
peter_kiraboshi_assistant_attach 1580921133602 411 258 touchmove 61 116 0.19047619402409 0.19047619402409 0 assistant 0
peter_kiraboshi_assistant_attach 1580921133619 411 258 touchmove 67 115 0.19047619402409 0.19047619402409 0 assistant 0
peter_kiraboshi_assistant_attach 1580921133636 411 258 touchmove 69 114 0.19047619402409 0.19047619402409 0 assistant 0
peter_kiraboshi_assistant_attach 1580921133654 411 258 touchmove 70 114 0.19047619402409 0.19047619402409 0 assistant 0
peter_kiraboshi_assistant_attach 1580921133670 411 258 touchmove 71 114 0.19047619402409 0.19047619402409 0 assistant 0
peter_kiraboshi_assistant_attach 1580921133687 411 258 touchmove 71 114 0.19047619402409 0.19047619402409 0 assistant 0
peter_kiraboshi_assistant_attach 1580921133702 411 258 touchmove 71 114 0.19047619402409 0.19047619402409 0 assistant 0
peter_kiraboshi_assistant_attach 1580921133720 411 258 touchmove 71 114 0.19047619402409 0.19047619402409 0 assistant 0
peter_kiraboshi_assistant_attach 1580921133736 411 258 touchmove 71 114 0.19047619402409 0.19047619402409 0 assistant 0
peter_kiraboshi_assistant_attach 1580921133754 411 258 touchmove 74 114 0.19047619402409 0.19047619402409 0 assistant 0
peter_kiraboshi_assistant_attach 1580921133770 411 258 touchmove 80 112 0.19047619402409 0.19047619402409 0 assistant 0
peter_kiraboshi_assistant_attach 1580921133787 411 258 touchmove 111 103 0.19047619402409 0.19047619402409 0 assistant 0
peter_kiraboshi_assistant_attach 1580921133803 411 258 touchmove 142 91 0.19047619402409 0.19047619402409 0 assistant 0
peter_kiraboshi_assistant_attach 1580921133820 411 258 touchmove 177 78 0.19047619402409 0.19047619402409 0 assistant 0
peter_kiraboshi_assistant_attach 1580921133836 411 258 touchmove 217 68 0.19047619402409 0.19047619402409 0 assistant 0
peter_kiraboshi_assistant_attach 1580921133853 411 258 touchmove 251 58 0.19047619402409 0.19047619402409 0 assistant 0
peter_kiraboshi_assistant_attach 1580921133871 411 258 touchmove 278 50 0.19047619402409 0.19047619402409 0 assistant 0
peter_kiraboshi_assistant_attach 1580921133887 411 258 touchmove 289 46 0.19047619402409 0.19047619402409 0 assistant 0
peter_kiraboshi_assistant_attach 1580921133904 411 258 touchmove 305 39 0.19047619402409 0.19047619402409 0 assistant 0
peter_kiraboshi_assistant_attach 1580921133921 411 258 touchmove 313 36 0.19047619402409 0.19047619402409 0 assistant 0
peter_kiraboshi_assistant_attach 1580921133937 411 258 touchmove 316 34 0.19047619402409 0.19047619402409 0 assistant 0
peter_kiraboshi_assistant_attach 1580921133954 411 258 touchmove 317 33 0.19047619402409 0.19047619402409 0 assistant 0
peter_kiraboshi_assistant_attach 1580921133971 411 258 touchmove 317 33 0.19047619402409 0.19047619402409 0 assistant 0
peter_kiraboshi_assistant_attach 1580921133987 411 258 touchmove 317 33 0.19047619402409 0.19047619402409 0 assistant 0
peter_kiraboshi_assistant_attach 1580921134004 411 258 touchmove 317 33 0.19047619402409 0.19047619402409 0 assistant 0
peter_kiraboshi_assistant_attach 1580921134022 411 258 touchmove 312 35 0.19047619402409 0.19047619402409 0 assistant 0
peter_kiraboshi_assistant_attach 1580921134039 411 258 touchmove 285 48 0.19047619402409 0.19047619402409 0 assistant 0
peter_kiraboshi_assistant_attach 1580921134054 411 258 touchmove 250 62 0.19047619402409 0.19047619402409 0 assistant 0
peter_kiraboshi_assistant_attach 1580921134071 411 258 touchmove 209 80 0.19047619402409 0.19047619402409 0 assistant 0
peter_kiraboshi_assistant_attach 1580921134087 411 258 touchmove 172 94 0.19047619402409 0.19047619402409 0 assistant 0
peter_kiraboshi_assistant_attach 1580921134104 411 258 touchmove 158 97 0.19047619402409 0.19047619402409 0 assistant 0
peter_kiraboshi_assistant_attach 1580921134121 411 258 touchmove 135 100 0.19047619402409 0.19047619402409 0 assistant 0
peter_kiraboshi_assistant_attach 1580921134138 411 258 touchmove 110 105 0.19047619402409 0.19047619402409 0 assistant 0
peter_kiraboshi_assistant_attach 1580921134154 411 258 touchmove 88 113 0.19047619402409 0.19047619402409 0 assistant 0
peter_kiraboshi_assistant_attach 1580921134171 411 258 touchmove 77 121 0.19047619402409 0.19047619402409 0 assistant 0
peter_kiraboshi_assistant_attach 1580921134188 411 258 touchmove 73 123 0.19047619402409 0.19047619402409 0 assistant 0
peter_kiraboshi_assistant_attach 1580921134205 411 258 touchmove 72 124 0.19047619402409 0.19047619402409 0 assistant 0
peter_kiraboshi_assistant_attach 1580921134221 411 258 touchmove 72 124 0.19047619402409 0.19047619402409 0 assistant 0
peter_kiraboshi_assistant_attach 1580921134238 411 258 touchmove 73 124 0.19047619402409 0.19047619402409 0 assistant 0
peter_kiraboshi_assistant_attach 1580921134255 411 258 touchmove 74 124 0.19047619402409 0.19047619402409 0 assistant 0
peter_kiraboshi_assistant_attach 1580921134272 411 258 touchmove 74 123 0.19047619402409 0.19047619402409 0 assistant 0
peter_kiraboshi_assistant_attach 1580921134288 411 258 touchmove 74 123 0.19047619402409 0.19047619402409 0 assistant 0
peter_kiraboshi_assistant_attach 1580921134304 411 258 touchmove 74 122 0.19047619402409 0.19047619402409 0 assistant 0
peter_kiraboshi_assistant_attach 1580921134321 411 258 touchmove 75 122 0.19047619402409 0.19047619402409 0 assistant 0
peter_kiraboshi_assistant_attach 1580921134338 411 258 touchmove 75 122 0.19047619402409 0.19047619402409 0 assistant 0
peter_kiraboshi_assistant_attach 1580921134354 411 258 touchmove 75 122 0.19047619402409 0.19047619402409 0 assistant 0
peter_kiraboshi_assistant_attach 1580921134371 411 258 touchmove 75 122 0.19047619402409 0.19047619402409 0 assistant 0
peter_kiraboshi_assistant_attach 1580921134388 411 258 touchmove 75 122 0.19047619402409 0.19047619402409 0 assistant 0
peter_kiraboshi_assistant_attach 1580921134404 411 258 touchmove 75 122 0.19047619402409 0.19047619402409 0 assistant 0
peter_kiraboshi_assistant_attach 1580921134421 411 258 touchmove 75 121 0.19047619402409 0.19047619402409 0 assistant 0
peter_kiraboshi_assistant_attach 1580921134439 411 258 touchmove 75 121 0.19047619402409 0.19047619402409 0 assistant 0
peter_kiraboshi_assistant_attach 1580921134455 411 258 touchmove 75 121 0.19047619402409 0.19047619402409 0 assistant 0
peter_kiraboshi_assistant_attach 1580921134472 411 258 touchmove 75 121 0.19047619402409 0.19047619402409 0 assistant 0
peter_kiraboshi_assistant_attach 1580921134489 411 258 touchmove 75 121 0.19047619402409 0.19047619402409 0 assistant 0
peter_kiraboshi_assistant_attach 1580921134505 411 258 touchmove 75 121 0.19047619402409 0.19047619402409 0 assistant 0
peter_kiraboshi_assistant_attach 1580921134528 411 258 touchmove 75 121 0.19047619402409 0.19047619402409 0 assistant 0
peter_kiraboshi_assistant_attach 1580921134538 411 258 touchmove 75 121 0.19047619402409 0.19047619402409 0 assistant 0
peter_kiraboshi_assistant_attach 1580921134555 411 258 touchmove 75 121 0.19047619402409 0.19047619402409 0 assistant 0
peter_kiraboshi_assistant_attach 1580921134571 411 258 touchmove 75 121 0.19047619402409 0.19047619402409 0 assistant 0
peter_kiraboshi_assistant_attach 1580921134588 411 258 touchmove 75 121 0.19047619402409 0.19047619402409 0 assistant 0
peter_kiraboshi_assistant_attach 1580921134605 411 258 touchmove 75 121 0.19047619402409 0.19047619402409 0 assistant 0
peter_kiraboshi_assistant_attach 1580921134621 411 258 touchmove 75 121 0.19047619402409 0.19047619402409 0 assistant 0
peter_kiraboshi_assistant_attach 1580921134638 411 258 touchmove 75 121 0.19047619402409 0.19047619402409 0 assistant 0
peter_kiraboshi_assistant_attach 1580921134655 411 258 touchmove 75 121 0.19047619402409 0.19047619402409 0 assistant 0
peter_kiraboshi_assistant_attach 1580921134673 411 258 touchmove 75 121 0.19047619402409 0.19047619402409 0 assistant 0
peter_kiraboshi_assistant_attach 1580921134688 411 258 touchmove 75 121 0.19047619402409 0.19047619402409 0 assistant 0
peter_kiraboshi_assistant_attach 1580921134704 411 258 touchmove 75 121 0.19047619402409 0.19047619402409 0 assistant 0
peter_kiraboshi_assistant_attach 1580921134721 411 258 touchmove 77 120 0.19047619402409 0.19047619402409 0 assistant 0
peter_kiraboshi_assistant_attach 1580921134738 411 258 touchmove 92 112 0.19047619402409 0.19047619402409 0 assistant 0
peter_kiraboshi_assistant_attach 1580921134755 411 258 touchmove 122 92 0.19047619402409 0.19047619402409 0 assistant 0
peter_kiraboshi_assistant_attach 1580921134772 411 258 touchmove 150 75 0.19047619402409 0.19047619402409 0 assistant 0
peter_kiraboshi_assistant_attach 1580921134789 411 258 touchmove 162 68 0.19047619402409 0.19047619402409 0 assistant 0
peter_kiraboshi_assistant_attach 1580921134805 411 258 touchmove 184 55 0.19047619402409 0.19047619402409 0 assistant 0
peter_kiraboshi_assistant_attach 1580921134822 411 258 touchmove 197 46 0.19047619402409 0.19047619402409 0 assistant 0
peter_kiraboshi_assistant_attach 1580921134838 411 258 touchmove 201 42 0.19047619402409 0.19047619402409 0 assistant 0
peter_kiraboshi_assistant_attach 1580921134855 411 258 touchmove 202 41 0.19047619402409 0.19047619402409 0 assistant 0
peter_kiraboshi_assistant_attach 1580921134873 411 258 touchmove 202 41 0.19047619402409 0.19047619402409 0 assistant 0
peter_kiraboshi_assistant_attach 1580921134889 411 258 touchmove 202 40 0.19047619402409 0.19047619402409 0 assistant 0
peter_kiraboshi_assistant_attach 1580921134905 411 258 touchmove 201 40 0.19047619402409 0.19047619402409 0 assistant 0
peter_kiraboshi_assistant_attach 1580921134922 411 258 touchmove 198 41 0.19047619402409 0.19047619402409 0 assistant 0
peter_kiraboshi_assistant_attach 1580921134940 411 258 touchmove 182 46 0.19047619402409 0.19047619402409 0 assistant 0
peter_kiraboshi_assistant_attach 1580921134955 411 258 touchmove 147 58 0.19047619402409 0.19047619402409 0 assistant 0
peter_kiraboshi_assistant_attach 1580921134972 411 258 touchmove 113 70 0.19047619402409 0.19047619402409 0 assistant 0
peter_kiraboshi_assistant_attach 1580921134989 411 258 touchmove 96 75 0.19047619402409 0.19047619402409 0 assistant 0
peter_kiraboshi_assistant_attach 1580921135006 411 258 touchmove 69 85 0.19047619402409 0.19047619402409 0 assistant 0
peter_kiraboshi_assistant_attach 1580921135022 411 258 touchmove 51 96 0.19047619402409 0.19047619402409 0 assistant 0
peter_kiraboshi_assistant_attach 1580921135038 411 258 touchmove 44 101 0.19047619402409 0.19047619402409 0 assistant 0
peter_kiraboshi_assistant_attach 1580921135056 411 258 touchmove 42 102 0.19047619402409 0.19047619402409 0 assistant 0
peter_kiraboshi_assistant_attach 1580921135072 411 258 touchmove 43 102 0.19047619402409 0.19047619402409 0 assistant 0
peter_kiraboshi_assistant_attach 1580921135088 411 258 touchmove 44 102 0.19047619402409 0.19047619402409 0 assistant 0
peter_kiraboshi_assistant_attach 1580921135106 411 258 touchmove 55 103 0.19047619402409 0.19047619402409 0 assistant 0
peter_kiraboshi_assistant_attach 1580921135123 411 258 touchmove 87 109 0.19047619402409 0.19047619402409 0 assistant 0
peter_kiraboshi_assistant_attach 1580921135138 411 258 touchmove 138 116 0.19047619402409 0.19047619402409 0 assistant 0
peter_kiraboshi_assistant_attach 1580921135155 411 258 touchmove 189 127 0.19047619402409 0.19047619402409 0 assistant 0
peter_kiraboshi_assistant_attach 1580921135172 411 258 touchmove 226 142 0.19047619402409 0.19047619402409 0 assistant 0
peter_kiraboshi_assistant_attach 1580921135189 411 258 touchmove 247 160 0.19047619402409 0.19047619402409 0 assistant 0
peter_kiraboshi_assistant_attach 1580921135206 411 258 touchmove 261 172 0.19047619402409 0.19047619402409 0 assistant 0
peter_kiraboshi_assistant_attach 1580921135222 411 258 touchmove 266 175 0.19047619402409 0.19047619402409 0 assistant 0
peter_kiraboshi_assistant_attach 1580921135242 411 258 touchmove 273 179 0.19047619402409 0.19047619402409 0 assistant 0
peter_kiraboshi_assistant_attach 1580921135256 411 258 touchmove 277 180 0.19047619402409 0.19047619402409 0 assistant 0
peter_kiraboshi_assistant_attach 1580921135272 411 258 touchmove 280 180 0.19047619402409 0.19047619402409 0 assistant 0
peter_kiraboshi_assistant_attach 1580921135289 411 258 touchmove 282 180 0.19047619402409 0.19047619402409 0 assistant 0
peter_kiraboshi_assistant_attach 1580921135306 411 258 touchmove 282 179 0.19047619402409 0.19047619402409 0 assistant 0
peter_kiraboshi_assistant_attach 1580921135322 411 258 touchmove 281 171 0.19047619402409 0.19047619402409 0 assistant 0
peter_kiraboshi_assistant_attach 1580921135341 411 258 touchmove 276 161 0.19047619402409 0.19047619402409 0 assistant 0
peter_kiraboshi_assistant_attach 1580921135356 411 258 touchmove 261 141 0.19047619402409 0.19047619402409 0 assistant 0
peter_kiraboshi_assistant_attach 1580921135373 411 258 touchmove 237 114 0.19047619402409 0.19047619402409 0 assistant 0
peter_kiraboshi_assistant_attach 1580921135390 411 258 touchmove 208 84 0.19047619402409 0.19047619402409 0 assistant 0
peter_kiraboshi_assistant_attach 1580921135406 411 258 touchmove 181 60 0.19047619402409 0.19047619402409 0 assistant 0
peter_kiraboshi_assistant_attach 1580921135422 411 258 touchmove 163 45 0.19047619402409 0.19047619402409 0 assistant 0
peter_kiraboshi_assistant_attach 1580921135439 411 258 touchmove 155 36 0.19047619402409 0.19047619402409 0 assistant 0
peter_kiraboshi_assistant_attach 1580921135456 411 258 touchmove 154 32 0.19047619402409 0.19047619402409 0 assistant 0
peter_kiraboshi_assistant_attach 1580921135473 411 258 touchmove 154 31 0.19047619402409 0.19047619402409 0 assistant 0
peter_kiraboshi_assistant_attach 1580921135491 411 258 touchmove 155 31 0.19047619402409 0.19047619402409 0 assistant 0
peter_kiraboshi_assistant_attach 1580921135507 411 258 touchmove 157 31 0.19047619402409 0.19047619402409 0 assistant 0
peter_kiraboshi_assistant_attach 1580921135522 411 258 touchmove 159 33 0.19047619402409 0.19047619402409 0 assistant 0
peter_kiraboshi_assistant_attach 1580921135539 411 258 touchmove 160 34 0.19047619402409 0.19047619402409 0 assistant 0
peter_kiraboshi_assistant_attach 1580921135546 411 258 touchend 160 34 0.19047619402409 0.19047619402409 0 assistant 0
peter_kiraboshi_assistant_attach 1580921136430 411 258 touchstart 31 122 0.19047619402409 0.19047619402409 0 attach 0
peter_kiraboshi_assistant_attach 1580921136440 411 258 touchmove 31 122 0.19047619402409 0.19047619402409 0 attach 0
peter_kiraboshi_assistant_attach 1580921136457 411 258 touchmove 31 122 0.19047619402409 0.19047619402409 0 attach 0
peter_kiraboshi_assistant_attach 1580921136474 411 258 touchmove 31 121 0.19047619402409 0.19047619402409 0 attach 0
peter_kiraboshi_assistant_attach 1580921136490 411 258 touchmove 33 119 0.19047619402409 0.19047619402409 0 attach 0
peter_kiraboshi_assistant_attach 1580921136506 411 258 touchmove 49 108 0.19047619402409 0.19047619402409 0 attach 0
peter_kiraboshi_assistant_attach 1580921136523 411 258 touchmove 64 98 0.19047619402409 0.19047619402409 0 attach 0
peter_kiraboshi_assistant_attach 1580921136541 411 258 touchmove 84 86 0.19047619402409 0.19047619402409 0 attach 0
peter_kiraboshi_assistant_attach 1580921136557 411 258 touchmove 145 52 0.19047619402409 0.19047619402409 0 attach 0
peter_kiraboshi_assistant_attach 1580921136574 411 258 touchmove 165 43 0.19047619402409 0.19047619402409 0 attach 0
peter_kiraboshi_assistant_attach 1580921136592 411 258 touchmove 179 38 0.19047619402409 0.19047619402409 0 attach 0
peter_kiraboshi_assistant_attach 1580921136607 411 258 touchmove 194 33 0.19047619402409 0.19047619402409 0 attach 0
peter_kiraboshi_assistant_attach 1580921136624 411 258 touchmove 197 32 0.19047619402409 0.19047619402409 0 attach 0
peter_kiraboshi_assistant_attach 1580921136642 411 258 touchmove 198 32 0.19047619402409 0.19047619402409 0 attach 0
peter_kiraboshi_assistant_attach 1580921136657 411 258 touchmove 198 32 0.19047619402409 0.19047619402409 0 attach 0
peter_kiraboshi_assistant_attach 1580921136675 411 258 touchmove 197 32 0.19047619402409 0.19047619402409 0 attach 0
peter_kiraboshi_assistant_attach 1580921136691 411 258 touchmove 195 33 0.19047619402409 0.19047619402409 0 attach 0
peter_kiraboshi_assistant_attach 1580921136707 411 258 touchmove 164 47 0.19047619402409 0.19047619402409 0 attach 0
peter_kiraboshi_assistant_attach 1580921136725 411 258 touchmove 139 58 0.19047619402409 0.19047619402409 0 attach 0
peter_kiraboshi_assistant_attach 1580921136742 411 258 touchmove 94 76 0.19047619402409 0.19047619402409 0 attach 0
peter_kiraboshi_assistant_attach 1580921136757 411 258 touchmove 79 82 0.19047619402409 0.19047619402409 0 attach 0
peter_kiraboshi_assistant_attach 1580921136775 411 258 touchmove 67 89 0.19047619402409 0.19047619402409 0 attach 0
peter_kiraboshi_assistant_attach 1580921136791 411 258 touchmove 52 101 0.19047619402409 0.19047619402409 0 attach 0
peter_kiraboshi_assistant_attach 1580921136809 411 258 touchmove 47 105 0.19047619402409 0.19047619402409 0 attach 0
peter_kiraboshi_assistant_attach 1580921136825 411 258 touchmove 44 109 0.19047619402409 0.19047619402409 0 attach 0
peter_kiraboshi_assistant_attach 1580921136842 411 258 touchmove 42 112 0.19047619402409 0.19047619402409 0 attach 0
peter_kiraboshi_assistant_attach 1580921136858 411 258 touchmove 42 112 0.19047619402409 0.19047619402409 0 attach 0
peter_kiraboshi_assistant_attach 1580921136875 411 258 touchmove 42 113 0.19047619402409 0.19047619402409 0 attach 0
peter_kiraboshi_assistant_attach 1580921136891 411 258 touchmove 50 109 0.19047619402409 0.19047619402409 0 attach 0
peter_kiraboshi_assistant_attach 1580921136908 411 258 touchmove 63 101 0.19047619402409 0.19047619402409 0 attach 0
peter_kiraboshi_assistant_attach 1580921136925 411 258 touchmove 85 89 0.19047619402409 0.19047619402409 0 attach 0
peter_kiraboshi_assistant_attach 1580921136941 411 258 touchmove 137 60 0.19047619402409 0.19047619402409 0 attach 0
peter_kiraboshi_assistant_attach 1580921136957 411 258 touchmove 159 49 0.19047619402409 0.19047619402409 0 attach 0
peter_kiraboshi_assistant_attach 1580921136976 411 258 touchmove 176 41 0.19047619402409 0.19047619402409 0 attach 0
peter_kiraboshi_assistant_attach 1580921136992 411 258 touchmove 194 33 0.19047619402409 0.19047619402409 0 attach 0
peter_kiraboshi_assistant_attach 1580921137007 411 258 touchmove 199 30 0.19047619402409 0.19047619402409 0 attach 0
peter_kiraboshi_assistant_attach 1580921137024 411 258 touchmove 202 28 0.19047619402409 0.19047619402409 0 attach 0
peter_kiraboshi_assistant_attach 1580921137041 411 258 touchmove 205 27 0.19047619402409 0.19047619402409 0 attach 0
peter_kiraboshi_assistant_attach 1580921137058 411 258 touchmove 206 26 0.19047619402409 0.19047619402409 0 attach 0
peter_kiraboshi_assistant_attach 1580921137075 411 258 touchmove 206 26 0.19047619402409 0.19047619402409 0 attach 0
peter_kiraboshi_assistant_attach 1580921137092 411 258 touchmove 206 26 0.19047619402409 0.19047619402409 0 attach 0
peter_kiraboshi_assistant_attach 1580921137108 411 258 touchmove 206 26 0.19047619402409 0.19047619402409 0 attach 0
peter_kiraboshi_assistant_attach 1580921137126 411 258 touchmove 206 26 0.19047619402409 0.19047619402409 0 attach 0
peter_kiraboshi_assistant_attach 1580921137141 411 258 touchmove 206 26 0.19047619402409 0.19047619402409 0 attach 0
peter_kiraboshi_assistant_attach 1580921137159 411 258 touchmove 206 26 0.19047619402409 0.19047619402409 0 attach 0
peter_kiraboshi_assistant_attach 1580921137175 411 258 touchmove 206 26 0.19047619402409 0.19047619402409 0 attach 0
peter_kiraboshi_assistant_attach 1580921137192 411 258 touchmove 206 26 0.19047619402409 0.19047619402409 0 attach 0
peter_kiraboshi_assistant_attach 1580921137209 411 258 touchmove 206 26 0.19047619402409 0.19047619402409 0 attach 0
peter_kiraboshi_assistant_attach 1580921137226 411 258 touchmove 206 26 0.19047619402409 0.19047619402409 0 attach 0
peter_kiraboshi_assistant_attach 1580921137241 411 258 touchmove 206 26 0.19047619402409 0.19047619402409 0 attach 0
peter_kiraboshi_assistant_attach 1580921137259 411 258 touchmove 206 26 0.19047619402409 0.19047619402409 0 attach 0
peter_kiraboshi_assistant_attach 1580921137275 411 258 touchmove 206 26 0.19047619402409 0.19047619402409 0 attach 0
peter_kiraboshi_assistant_attach 1580921137292 411 258 touchmove 206 26 0.19047619402409 0.19047619402409 0 attach 0
peter_kiraboshi_assistant_attach 1580921137309 411 258 touchmove 206 26 0.19047619402409 0.19047619402409 0 attach 0
peter_kiraboshi_assistant_attach 1580921137326 411 258 touchmove 206 26 0.19047619402409 0.19047619402409 0 attach 0
peter_kiraboshi_assistant_attach 1580921137342 411 258 touchmove 206 26 0.19047619402409 0.19047619402409 0 attach 0
peter_kiraboshi_assistant_attach 1580921137359 411 258 touchmove 206 26 0.19047619402409 0.19047619402409 0 attach 0
peter_kiraboshi_assistant_attach 1580921137410 411 258 touchmove 206 26 0.19047619402409 0.19047619402409 0 attach 0
peter_kiraboshi_assistant_attach 1580921137425 411 258 touchmove 206 26 0.19047619402409 0.19047619402409 0 attach 0
peter_kiraboshi_assistant_attach 1580921137442 411 258 touchmove 206 26 0.19047619402409 0.19047619402409 0 attach 0
peter_kiraboshi_assistant_attach 1580921137459 411 258 touchmove 206 26 0.19047619402409 0.19047619402409 0 attach 0
peter_kiraboshi_assistant_attach 1580921137489 411 258 touchmove 206 26 0.19047619402409 0.19047619402409 0 attach 0
peter_kiraboshi_assistant_attach 1580921137514 411 258 touchmove 206 26 0.19047619402409 0.19047619402409 0 attach 0
peter_kiraboshi_assistant_attach 1580921137530 411 258 touchmove 206 26 0.19047619402409 0.19047619402409 0 attach 0
peter_kiraboshi_assistant_attach 1580921137542 411 258 touchmove 206 26 0.19047619402409 0.19047619402409 0 attach 0
peter_kiraboshi_assistant_attach 1580921137560 411 258 touchmove 206 26 0.19047619402409 0.19047619402409 0 attach 0
peter_kiraboshi_assistant_attach 1580921137575 411 258 touchmove 206 26 0.19047619402409 0.19047619402409 0 attach 0
peter_kiraboshi_assistant_attach 1580921137592 411 258 touchmove 206 26 0.19047619402409 0.19047619402409 0 attach 0
peter_kiraboshi_assistant_attach 1580921137611 411 258 touchmove 206 26 0.19047619402409 0.19047619402409 0 attach 0
peter_kiraboshi_assistant_attach 1580921137625 411 258 touchmove 206 26 0.19047619402409 0.19047619402409 0 attach 0
peter_kiraboshi_assistant_attach 1580921137642 411 258 touchmove 206 26 0.19047619402409 0.19047619402409 0 attach 0
peter_kiraboshi_assistant_attach 1580921137659 411 258 touchmove 206 26 0.19047619402409 0.19047619402409 0 attach 0
peter_kiraboshi_assistant_attach 1580921137677 411 258 touchmove 206 26 0.19047619402409 0.19047619402409 0 attach 0
peter_kiraboshi_assistant_attach 1580921137693 411 258 touchmove 206 26 0.19047619402409 0.19047619402409 0 attach 0
peter_kiraboshi_assistant_attach 1580921137710 411 258 touchmove 206 26 0.19047619402409 0.19047619402409 0 attach 0
peter_kiraboshi_assistant_attach 1580921137726 411 258 touchmove 206 26 0.19047619402409 0.19047619402409 0 attach 0
peter_kiraboshi_assistant_attach 1580921137747 411 258 touchmove 206 26 0.19047619402409 0.19047619402409 0 attach 0
peter_kiraboshi_assistant_attach 1580921137760 411 258 touchmove 206 26 0.19047619402409 0.19047619402409 0 attach 0
peter_kiraboshi_assistant_attach 1580921137776 411 258 touchmove 206 26 0.19047619402409 0.19047619402409 0 attach 0
peter_kiraboshi_assistant_attach 1580921137793 411 258 touchmove 206 26 0.19047619402409 0.19047619402409 0 attach 0
peter_kiraboshi_assistant_attach 1580921137809 411 258 touchmove 204 27 0.19047619402409 0.19047619402409 0 attach 0
peter_kiraboshi_assistant_attach 1580921137826 411 258 touchmove 199 30 0.19047619402409 0.19047619402409 0 attach 0
peter_kiraboshi_assistant_attach 1580921137844 411 258 touchmove 187 36 0.19047619402409 0.19047619402409 0 attach 0
peter_kiraboshi_assistant_attach 1580921137860 411 258 touchmove 137 56 0.19047619402409 0.19047619402409 0 attach 0
peter_kiraboshi_assistant_attach 1580921137876 411 258 touchmove 111 66 0.19047619402409 0.19047619402409 0 attach 0
peter_kiraboshi_assistant_attach 1580921137892 411 258 touchmove 88 75 0.19047619402409 0.19047619402409 0 attach 0
peter_kiraboshi_assistant_attach 1580921137910 411 258 touchmove 60 89 0.19047619402409 0.19047619402409 0 attach 0
peter_kiraboshi_assistant_attach 1580921137926 411 258 touchmove 52 95 0.19047619402409 0.19047619402409 0 attach 0
peter_kiraboshi_assistant_attach 1580921137943 411 258 touchmove 46 100 0.19047619402409 0.19047619402409 0 attach 0
peter_kiraboshi_assistant_attach 1580921137959 411 258 touchmove 37 113 0.19047619402409 0.19047619402409 0 attach 0
peter_kiraboshi_assistant_attach 1580921137977 411 258 touchmove 34 120 0.19047619402409 0.19047619402409 0 attach 0
peter_kiraboshi_assistant_attach 1580921137992 411 258 touchmove 32 126 0.19047619402409 0.19047619402409 0 attach 0
peter_kiraboshi_assistant_attach 1580921138009 411 258 touchmove 31 131 0.19047619402409 0.19047619402409 0 attach 0
peter_kiraboshi_assistant_attach 1580921138027 411 258 touchmove 31 132 0.19047619402409 0.19047619402409 0 attach 0
peter_kiraboshi_assistant_attach 1580921138043 411 258 touchmove 32 134 0.19047619402409 0.19047619402409 0 attach 0
peter_kiraboshi_assistant_attach 1580921138059 411 258 touchmove 36 135 0.19047619402409 0.19047619402409 0 attach 0
peter_kiraboshi_assistant_attach 1580921138077 411 258 touchmove 42 137 0.19047619402409 0.19047619402409 0 attach 0
peter_kiraboshi_assistant_attach 1580921138092 411 258 touchmove 51 139 0.19047619402409 0.19047619402409 0 attach 0
peter_kiraboshi_assistant_attach 1580921138109 411 258 touchmove 82 150 0.19047619402409 0.19047619402409 0 attach 0
peter_kiraboshi_assistant_attach 1580921138126 411 258 touchmove 98 156 0.19047619402409 0.19047619402409 0 attach 0
peter_kiraboshi_assistant_attach 1580921138143 411 258 touchmove 124 171 0.19047619402409 0.19047619402409 0 attach 0
peter_kiraboshi_assistant_attach 1580921138159 411 258 touchmove 133 177 0.19047619402409 0.19047619402409 0 attach 0
peter_kiraboshi_assistant_attach 1580921138176 411 258 touchmove 139 182 0.19047619402409 0.19047619402409 0 attach 0
peter_kiraboshi_assistant_attach 1580921138193 411 258 touchmove 144 186 0.19047619402409 0.19047619402409 0 attach 0
peter_kiraboshi_assistant_attach 1580921138210 411 258 touchmove 148 191 0.19047619402409 0.19047619402409 0 attach 0
peter_kiraboshi_assistant_attach 1580921138226 411 258 touchmove 149 193 0.19047619402409 0.19047619402409 0 attach 0
peter_kiraboshi_assistant_attach 1580921138243 411 258 touchmove 150 194 0.19047619402409 0.19047619402409 0 attach 0
peter_kiraboshi_assistant_attach 1580921138259 411 258 touchmove 151 194 0.19047619402409 0.19047619402409 0 attach 0
peter_kiraboshi_assistant_attach 1580921138276 411 258 touchmove 152 194 0.19047619402409 0.19047619402409 0 attach 0
peter_kiraboshi_assistant_attach 1580921138293 411 258 touchmove 157 191 0.19047619402409 0.19047619402409 0 attach 0
peter_kiraboshi_assistant_attach 1580921138310 411 258 touchmove 165 186 0.19047619402409 0.19047619402409 0 attach 0
peter_kiraboshi_assistant_attach 1580921138327 411 258 touchmove 179 174 0.19047619402409 0.19047619402409 0 attach 0
peter_kiraboshi_assistant_attach 1580921138343 411 258 touchmove 226 132 0.19047619402409 0.19047619402409 0 attach 0
peter_kiraboshi_assistant_attach 1580921138360 411 258 touchmove 246 111 0.19047619402409 0.19047619402409 0 attach 0
peter_kiraboshi_assistant_attach 1580921138376 411 258 touchmove 259 97 0.19047619402409 0.19047619402409 0 attach 0
peter_kiraboshi_assistant_attach 1580921138393 411 258 touchmove 270 84 0.19047619402409 0.19047619402409 0 attach 0
peter_kiraboshi_assistant_attach 1580921138410 411 258 touchmove 272 82 0.19047619402409 0.19047619402409 0 attach 0
peter_kiraboshi_assistant_attach 1580921138426 411 258 touchmove 272 82 0.19047619402409 0.19047619402409 0 attach 0
peter_kiraboshi_assistant_attach 1580921138451 411 258 touchend 272 82 0.19047619402409 0.19047619402409 0 attach 0
sapphire_third_nr_except 1580921142792 411 258 touchstart 90 106 0.19047619402409 0.19047619402409 0 sapphire 1
sapphire_third_nr_except 1580921142797 411 258 touchmove 90 106 0.19047619402409 0.19047619402409 0 sapphire 1
sapphire_third_nr_except 1580921142814 411 258 touchmove 90 106 0.19047619402409 0.19047619402409 0 sapphire 1
sapphire_third_nr_except 1580921142830 411 258 touchmove 90 105 0.19047619402409 0.19047619402409 0 sapphire 1
sapphire_third_nr_except 1580921142846 411 258 touchmove 85 104 0.19047619402409 0.19047619402409 0 sapphire 1
sapphire_third_nr_except 1580921142864 411 258 touchmove 66 104 0.19047619402409 0.19047619402409 0 sapphire 1
sapphire_third_nr_except 1580921142880 411 258 touchmove 42 110 0.19047619402409 0.19047619402409 0 sapphire 1
sapphire_third_nr_except 1580921142896 411 258 touchmove 27 117 0.19047619402409 0.19047619402409 0 sapphire 1
sapphire_third_nr_except 1580921142914 411 258 touchmove 18 124 0.19047619402409 0.19047619402409 0 sapphire 1
sapphire_third_nr_except 1580921142931 411 258 touchmove 17 124 0.19047619402409 0.19047619402409 0 sapphire 1
sapphire_third_nr_except 1580921142948 411 258 touchmove 16 126 0.19047619402409 0.19047619402409 0 sapphire 1
sapphire_third_nr_except 1580921142963 411 258 touchmove 16 126 0.19047619402409 0.19047619402409 0 sapphire 1
sapphire_third_nr_except 1580921142980 411 258 touchmove 17 126 0.19047619402409 0.19047619402409 0 sapphire 1
sapphire_third_nr_except 1580921142997 411 258 touchmove 49 124 0.19047619402409 0.19047619402409 0 sapphire 1
sapphire_third_nr_except 1580921143013 411 258 touchmove 96 115 0.19047619402409 0.19047619402409 0 sapphire 1
sapphire_third_nr_except 1580921143030 411 258 touchmove 133 104 0.19047619402409 0.19047619402409 0 sapphire 1
sapphire_third_nr_except 1580921143047 411 258 touchmove 150 97 0.19047619402409 0.19047619402409 0 sapphire 1
sapphire_third_nr_except 1580921143064 411 258 touchmove 185 80 0.19047619402409 0.19047619402409 0 sapphire 1
sapphire_third_nr_except 1580921143080 411 258 touchmove 221 64 0.19047619402409 0.19047619402409 0 sapphire 1
sapphire_third_nr_except 1580921143097 411 258 touchmove 257 50 0.19047619402409 0.19047619402409 0 sapphire 1
sapphire_third_nr_except 1580921143113 411 258 touchmove 294 38 0.19047619402409 0.19047619402409 0 sapphire 1
sapphire_third_nr_except 1580921143130 411 258 touchmove 328 29 0.19047619402409 0.19047619402409 0 sapphire 1
sapphire_third_nr_except 1580921143147 411 258 touchmove 354 20 0.19047619402409 0.19047619402409 0 sapphire 1
sapphire_third_nr_except 1580921143164 411 258 touchmove 366 15 0.19047619402409 0.19047619402409 0 sapphire 1
sapphire_third_nr_except 1580921143180 411 258 touchmove 384 9 0.19047619402409 0.19047619402409 0 sapphire 1
sapphire_third_nr_except 1580921143197 411 258 touchmove 395 5 0.19047619402409 0.19047619402409 0 sapphire 1
sapphire_third_nr_except 1580921143213 411 258 touchmove 400 2 0.19047619402409 0.19047619402409 0 sapphire 1
sapphire_third_nr_except 1580921143228 411 258 touchend 400 2 0.19047619402409 0.19047619402409 0 sapphire 1
sapphire_third_nr_except 1580921143630 411 258 touchmove 396 31 0.19047619402409 0.19047619402409 0 sapphire 1
sapphire_third_nr_except 1580921143647 411 258 touchmove 394 34 0.19047619402409 0.19047619402409 0 sapphire 1
sapphire_third_nr_except 1580921143664 411 258 touchmove 394 36 0.19047619402409 0.19047619402409 0 sapphire 1
sapphire_third_nr_except 1580921143681 411 258 touchmove 393 37 0.19047619402409 0.19047619402409 0 sapphire 1
sapphire_third_nr_except 1580921143698 411 258 touchmove 392 38 0.19047619402409 0.19047619402409 0 sapphire 1
sapphire_third_nr_except 1580921143714 411 258 touchmove 392 38 0.19047619402409 0.19047619402409 0 sapphire 1
sapphire_third_nr_except 1580921143731 411 258 touchmove 392 39 0.19047619402409 0.19047619402409 0 sapphire 1
sapphire_third_nr_except 1580921143747 411 258 touchmove 392 39 0.19047619402409 0.19047619402409 0 sapphire 1
sapphire_third_nr_except 1580921143764 411 258 touchmove 392 39 0.19047619402409 0.19047619402409 0 sapphire 1
sapphire_third_nr_except 1580921143780 411 258 touchmove 392 39 0.19047619402409 0.19047619402409 0 sapphire 1
sapphire_third_nr_except 1580921143798 411 258 touchmove 392 39 0.19047619402409 0.19047619402409 0 sapphire 1
sapphire_third_nr_except 1580921143814 411 258 touchmove 392 39 0.19047619402409 0.19047619402409 0 sapphire 1
sapphire_third_nr_except 1580921143831 411 258 touchmove 392 39 0.19047619402409 0.19047619402409 0 sapphire 1
sapphire_third_nr_except 1580921143848 411 258 touchmove 392 39 0.19047619402409 0.19047619402409 0 sapphire 1
sapphire_third_nr_except 1580921143865 411 258 touchmove 392 39 0.19047619402409 0.19047619402409 0 sapphire 1
sapphire_third_nr_except 1580921143881 411 258 touchmove 392 39 0.19047619402409 0.19047619402409 0 sapphire 1
sapphire_third_nr_except 1580921143898 411 258 touchmove 392 39 0.19047619402409 0.19047619402409 0 sapphire 1
sapphire_third_nr_except 1580921143914 411 258 touchmove 392 39 0.19047619402409 0.19047619402409 0 sapphire 1
sapphire_third_nr_except 1580921143931 411 258 touchmove 392 39 0.19047619402409 0.19047619402409 0 sapphire 1
sapphire_third_nr_except 1580921143948 411 258 touchmove 392 39 0.19047619402409 0.19047619402409 0 sapphire 1
sapphire_third_nr_except 1580921143965 411 258 touchmove 392 39 0.19047619402409 0.19047619402409 0 sapphire 1
sapphire_third_nr_except 1580921143982 411 258 touchmove 392 39 0.19047619402409 0.19047619402409 0 sapphire 1
sapphire_third_nr_except 1580921143998 411 258 touchmove 392 39 0.19047619402409 0.19047619402409 0 sapphire 1
sapphire_third_nr_except 1580921144015 411 258 touchmove 392 39 0.19047619402409 0.19047619402409 0 sapphire 1
sapphire_third_nr_except 1580921144031 411 258 touchmove 392 39 0.19047619402409 0.19047619402409 0 sapphire 1
sapphire_third_nr_except 1580921144049 411 258 touchmove 392 39 0.19047619402409 0.19047619402409 0 sapphire 1
sapphire_third_nr_except 1580921144065 411 258 touchmove 392 39 0.19047619402409 0.19047619402409 0 sapphire 1
sapphire_third_nr_except 1580921144082 411 258 touchmove 392 39 0.19047619402409 0.19047619402409 0 sapphire 1
sapphire_third_nr_except 1580921144099 411 258 touchmove 392 39 0.19047619402409 0.19047619402409 0 sapphire 1
sapphire_third_nr_except 1580921144116 411 258 touchmove 392 39 0.19047619402409 0.19047619402409 0 sapphire 1
sapphire_third_nr_except 1580921144134 411 258 touchmove 392 39 0.19047619402409 0.19047619402409 0 sapphire 1
sapphire_third_nr_except 1580921144148 411 258 touchmove 392 39 0.19047619402409 0.19047619402409 0 sapphire 1
sapphire_third_nr_except 1580921144165 411 258 touchmove 392 39 0.19047619402409 0.19047619402409 0 sapphire 1
sapphire_third_nr_except 1580921144181 411 258 touchmove 392 39 0.19047619402409 0.19047619402409 0 sapphire 1
sapphire_third_nr_except 1580921144198 411 258 touchmove 392 39 0.19047619402409 0.19047619402409 0 sapphire 1
sapphire_third_nr_except 1580921144215 411 258 touchmove 392 39 0.19047619402409 0.19047619402409 0 sapphire 1
sapphire_third_nr_except 1580921144232 411 258 touchmove 392 39 0.19047619402409 0.19047619402409 0 sapphire 1
sapphire_third_nr_except 1580921144249 411 258 touchmove 392 39 0.19047619402409 0.19047619402409 0 sapphire 1
sapphire_third_nr_except 1580921144253 411 258 touchend 392 39 0.19047619402409 0.19047619402409 0 sapphire 1
sapphire_third_nr_except 1580921144738 411 258 touchstart 81 113 0.19047619402409 0.19047619402409 0 sapphire 0
sapphire_third_nr_except 1580921144755 411 258 touchmove 81 111 0.19047619402409 0.19047619402409 0 sapphire 0
sapphire_third_nr_except 1580921144766 411 258 touchmove 81 110 0.19047619402409 0.19047619402409 0 sapphire 0
sapphire_third_nr_except 1580921144783 411 258 touchmove 81 109 0.19047619402409 0.19047619402409 0 sapphire 0
sapphire_third_nr_except 1580921144799 411 258 touchmove 81 108 0.19047619402409 0.19047619402409 0 sapphire 0
sapphire_third_nr_except 1580921144816 411 258 touchmove 79 107 0.19047619402409 0.19047619402409 0 sapphire 0
sapphire_third_nr_except 1580921144832 411 258 touchmove 70 107 0.19047619402409 0.19047619402409 0 sapphire 0
sapphire_third_nr_except 1580921144849 411 258 touchmove 51 112 0.19047619402409 0.19047619402409 0 sapphire 0
sapphire_third_nr_except 1580921144867 411 258 touchmove 34 122 0.19047619402409 0.19047619402409 0 sapphire 0
sapphire_third_nr_except 1580921144883 411 258 touchmove 29 126 0.19047619402409 0.19047619402409 0 sapphire 0
sapphire_third_nr_except 1580921144900 411 258 touchmove 21 135 0.19047619402409 0.19047619402409 0 sapphire 0
sapphire_third_nr_except 1580921144916 411 258 touchmove 21 137 0.19047619402409 0.19047619402409 0 sapphire 0
sapphire_third_nr_except 1580921144932 411 258 touchmove 21 137 0.19047619402409 0.19047619402409 0 sapphire 0
sapphire_third_nr_except 1580921144949 411 258 touchmove 22 136 0.19047619402409 0.19047619402409 0 sapphire 0
sapphire_third_nr_except 1580921144966 411 258 touchmove 51 124 0.19047619402409 0.19047619402409 0 sapphire 0
sapphire_third_nr_except 1580921144983 411 258 touchmove 73 116 0.19047619402409 0.19047619402409 0 sapphire 0
sapphire_third_nr_except 1580921145002 411 258 touchmove 117 108 0.19047619402409 0.19047619402409 0 sapphire 0
sapphire_third_nr_except 1580921145016 411 258 touchmove 164 107 0.19047619402409 0.19047619402409 0 sapphire 0
sapphire_third_nr_except 1580921145033 411 258 touchmove 202 107 0.19047619402409 0.19047619402409 0 sapphire 0
sapphire_third_nr_except 1580921145049 411 258 touchmove 237 105 0.19047619402409 0.19047619402409 0 sapphire 0
sapphire_third_nr_except 1580921145066 411 258 touchmove 270 92 0.19047619402409 0.19047619402409 0 sapphire 0
sapphire_third_nr_except 1580921145083 411 258 touchmove 303 84 0.19047619402409 0.19047619402409 0 sapphire 0
sapphire_third_nr_except 1580921145101 411 258 touchmove 317 80 0.19047619402409 0.19047619402409 0 sapphire 0
sapphire_third_nr_except 1580921145117 411 258 touchmove 343 72 0.19047619402409 0.19047619402409 0 sapphire 0
sapphire_third_nr_except 1580921145133 411 258 touchmove 363 65 0.19047619402409 0.19047619402409 0 sapphire 0
sapphire_third_nr_except 1580921145150 411 258 touchmove 378 62 0.19047619402409 0.19047619402409 0 sapphire 0
sapphire_third_nr_except 1580921145166 411 258 touchmove 386 59 0.19047619402409 0.19047619402409 0 sapphire 0
sapphire_third_nr_except 1580921145183 411 258 touchmove 389 57 0.19047619402409 0.19047619402409 0 sapphire 0
sapphire_third_nr_except 1580921145200 411 258 touchmove 390 56 0.19047619402409 0.19047619402409 0 sapphire 0
sapphire_third_nr_except 1580921145217 411 258 touchmove 391 54 0.19047619402409 0.19047619402409 0 sapphire 0
sapphire_third_nr_except 1580921145233 411 258 touchmove 391 53 0.19047619402409 0.19047619402409 0 sapphire 0
sapphire_third_nr_except 1580921145250 411 258 touchmove 391 50 0.19047619402409 0.19047619402409 0 sapphire 0
sapphire_third_nr_except 1580921145266 411 258 touchmove 392 47 0.19047619402409 0.19047619402409 0 sapphire 0
sapphire_third_nr_except 1580921145283 411 258 touchmove 393 44 0.19047619402409 0.19047619402409 0 sapphire 0
sapphire_third_nr_except 1580921145301 411 258 touchmove 394 41 0.19047619402409 0.19047619402409 0 sapphire 0
sapphire_third_nr_except 1580921145316 411 258 touchmove 394 38 0.19047619402409 0.19047619402409 0 sapphire 0
sapphire_third_nr_except 1580921145333 411 258 touchmove 395 37 0.19047619402409 0.19047619402409 0 sapphire 0
sapphire_third_nr_except 1580921145351 411 258 touchmove 395 36 0.19047619402409 0.19047619402409 0 sapphire 0
sapphire_third_nr_except 1580921145367 411 258 touchmove 396 35 0.19047619402409 0.19047619402409 0 sapphire 0
sapphire_third_nr_except 1580921145384 411 258 touchmove 396 34 0.19047619402409 0.19047619402409 0 sapphire 0
sapphire_third_nr_except 1580921145400 411 258 touchmove 396 34 0.19047619402409 0.19047619402409 0 sapphire 0
sapphire_third_nr_except 1580921145417 411 258 touchmove 396 34 0.19047619402409 0.19047619402409 0 sapphire 0
sapphire_third_nr_except 1580921145433 411 258 touchmove 395 35 0.19047619402409 0.19047619402409 0 sapphire 0
sapphire_third_nr_except 1580921145450 411 258 touchmove 390 41 0.19047619402409 0.19047619402409 0 sapphire 0
sapphire_third_nr_except 1580921145468 411 258 touchmove 386 50 0.19047619402409 0.19047619402409 0 sapphire 0
sapphire_third_nr_except 1580921145484 411 258 touchmove 382 54 0.19047619402409 0.19047619402409 0 sapphire 0
sapphire_third_nr_except 1580921145502 411 258 touchmove 378 60 0.19047619402409 0.19047619402409 0 sapphire 0
sapphire_third_nr_except 1580921145517 411 258 touchmove 375 62 0.19047619402409 0.19047619402409 0 sapphire 0
sapphire_third_nr_except 1580921145533 411 258 touchmove 374 64 0.19047619402409 0.19047619402409 0 sapphire 0
sapphire_third_nr_except 1580921145550 411 258 touchmove 373 64 0.19047619402409 0.19047619402409 0 sapphire 0
sapphire_third_nr_except 1580921145567 411 258 touchmove 374 64 0.19047619402409 0.19047619402409 0 sapphire 0
sapphire_third_nr_except 1580921145584 411 258 touchmove 385 48 0.19047619402409 0.19047619402409 0 sapphire 0
sapphire_third_nr_except 1580921145601 411 258 touchmove 389 40 0.19047619402409 0.19047619402409 0 sapphire 0
sapphire_third_nr_except 1580921145617 411 258 touchmove 396 28 0.19047619402409 0.19047619402409 0 sapphire 0
sapphire_third_nr_except 1580921145634 411 258 touchmove 399 20 0.19047619402409 0.19047619402409 0 sapphire 0
sapphire_third_nr_except 1580921145650 411 258 touchmove 400 17 0.19047619402409 0.19047619402409 0 sapphire 0
sapphire_third_nr_except 1580921145667 411 258 touchmove 400 16 0.19047619402409 0.19047619402409 0 sapphire 0
sapphire_third_nr_except 1580921145683 411 258 touchmove 400 16 0.19047619402409 0.19047619402409 0 sapphire 0
sapphire_third_nr_except 1580921145700 411 258 touchmove 400 16 0.19047619402409 0.19047619402409 0 sapphire 0
sapphire_third_nr_except 1580921145717 411 258 touchmove 400 16 0.19047619402409 0.19047619402409 0 sapphire 0
sapphire_third_nr_except 1580921145735 411 258 touchmove 400 17 0.19047619402409 0.19047619402409 0 sapphire 0
sapphire_third_nr_except 1580921145754 411 258 touchmove 398 20 0.19047619402409 0.19047619402409 0 sapphire 0
sapphire_third_nr_except 1580921145768 411 258 touchmove 389 31 0.19047619402409 0.19047619402409 0 sapphire 0
sapphire_third_nr_except 1580921145783 411 258 touchmove 365 45 0.19047619402409 0.19047619402409 0 sapphire 0
sapphire_third_nr_except 1580921145800 411 258 touchmove 339 60 0.19047619402409 0.19047619402409 0 sapphire 0
sapphire_third_nr_except 1580921145817 411 258 touchmove 314 71 0.19047619402409 0.19047619402409 0 sapphire 0
sapphire_third_nr_except 1580921145834 411 258 touchmove 290 83 0.19047619402409 0.19047619402409 0 sapphire 0
sapphire_third_nr_except 1580921145851 411 258 touchmove 278 89 0.19047619402409 0.19047619402409 0 sapphire 0
sapphire_third_nr_except 1580921145868 411 258 touchmove 257 99 0.19047619402409 0.19047619402409 0 sapphire 0
sapphire_third_nr_except 1580921145884 411 258 touchmove 242 108 0.19047619402409 0.19047619402409 0 sapphire 0
sapphire_third_nr_except 1580921145901 411 258 touchmove 234 115 0.19047619402409 0.19047619402409 0 sapphire 0
sapphire_third_nr_except 1580921145918 411 258 touchmove 229 118 0.19047619402409 0.19047619402409 0 sapphire 0
sapphire_third_nr_except 1580921145934 411 258 touchmove 228 119 0.19047619402409 0.19047619402409 0 sapphire 0
sapphire_third_nr_except 1580921145951 411 258 touchmove 227 119 0.19047619402409 0.19047619402409 0 sapphire 0
sapphire_third_nr_except 1580921145970 411 258 touchmove 227 119 0.19047619402409 0.19047619402409 0 sapphire 0
sapphire_third_nr_except 1580921145985 411 258 touchmove 227 119 0.19047619402409 0.19047619402409 0 sapphire 0
sapphire_third_nr_except 1580921146001 411 258 touchmove 228 119 0.19047619402409 0.19047619402409 0 sapphire 0
sapphire_third_nr_except 1580921146017 411 258 touchmove 245 101 0.19047619402409 0.19047619402409 0 sapphire 0
sapphire_third_nr_except 1580921146034 411 258 touchmove 267 76 0.19047619402409 0.19047619402409 0 sapphire 0
sapphire_third_nr_except 1580921146051 411 258 touchmove 284 60 0.19047619402409 0.19047619402409 0 sapphire 0
sapphire_third_nr_except 1580921146068 411 258 touchmove 296 49 0.19047619402409 0.19047619402409 0 sapphire 0
sapphire_third_nr_except 1580921146085 411 258 touchmove 301 44 0.19047619402409 0.19047619402409 0 sapphire 0
sapphire_third_nr_except 1580921146103 411 258 touchmove 310 37 0.19047619402409 0.19047619402409 0 sapphire 0
sapphire_third_nr_except 1580921146118 411 258 touchmove 317 33 0.19047619402409 0.19047619402409 0 sapphire 0
sapphire_third_nr_except 1580921146134 411 258 touchmove 318 31 0.19047619402409 0.19047619402409 0 sapphire 0
sapphire_third_nr_except 1580921146164 411 258 touchmove 319 31 0.19047619402409 0.19047619402409 0 sapphire 0
sapphire_third_nr_except 1580921146184 411 258 touchmove 319 31 0.19047619402409 0.19047619402409 0 sapphire 0
sapphire_third_nr_except 1580921146202 411 258 touchmove 318 31 0.19047619402409 0.19047619402409 0 sapphire 0
sapphire_third_nr_except 1580921146217 411 258 touchmove 300 34 0.19047619402409 0.19047619402409 0 sapphire 0
sapphire_third_nr_except 1580921146234 411 258 touchmove 277 39 0.19047619402409 0.19047619402409 0 sapphire 0
sapphire_third_nr_except 1580921146252 411 258 touchmove 255 44 0.19047619402409 0.19047619402409 0 sapphire 0
sapphire_third_nr_except 1580921146267 411 258 touchmove 230 48 0.19047619402409 0.19047619402409 0 sapphire 0
sapphire_third_nr_except 1580921146284 411 258 touchmove 209 49 0.19047619402409 0.19047619402409 0 sapphire 0
sapphire_third_nr_except 1580921146301 411 258 touchmove 200 49 0.19047619402409 0.19047619402409 0 sapphire 0
sapphire_third_nr_except 1580921146318 411 258 touchmove 187 48 0.19047619402409 0.19047619402409 0 sapphire 0
sapphire_third_nr_except 1580921146334 411 258 touchmove 177 46 0.19047619402409 0.19047619402409 0 sapphire 0
sapphire_third_nr_except 1580921146351 411 258 touchmove 171 44 0.19047619402409 0.19047619402409 0 sapphire 0
sapphire_third_nr_except 1580921146369 411 258 touchmove 168 43 0.19047619402409 0.19047619402409 0 sapphire 0
sapphire_third_nr_except 1580921146384 411 258 touchmove 164 41 0.19047619402409 0.19047619402409 0 sapphire 0
sapphire_third_nr_except 1580921146401 411 258 touchmove 161 40 0.19047619402409 0.19047619402409 0 sapphire 0
sapphire_third_nr_except 1580921146420 411 258 touchmove 150 38 0.19047619402409 0.19047619402409 0 sapphire 0
sapphire_third_nr_except 1580921146435 411 258 touchmove 136 36 0.19047619402409 0.19047619402409 0 sapphire 0
sapphire_third_nr_except 1580921146451 411 258 touchmove 125 36 0.19047619402409 0.19047619402409 0 sapphire 0
sapphire_third_nr_except 1580921146468 411 258 touchmove 120 36 0.19047619402409 0.19047619402409 0 sapphire 0
sapphire_third_nr_except 1580921146484 411 258 touchmove 117 37 0.19047619402409 0.19047619402409 0 sapphire 0
sapphire_third_nr_except 1580921146502 411 258 touchmove 116 37 0.19047619402409 0.19047619402409 0 sapphire 0
sapphire_third_nr_except 1580921146520 411 258 touchmove 115 37 0.19047619402409 0.19047619402409 0 sapphire 0
sapphire_third_nr_except 1580921146534 411 258 touchmove 115 38 0.19047619402409 0.19047619402409 0 sapphire 0
sapphire_third_nr_except 1580921146551 411 258 touchmove 115 38 0.19047619402409 0.19047619402409 0 sapphire 0
sapphire_third_nr_except 1580921146564 411 258 touchend 115 38 0.19047619402409 0.19047619402409 0 sapphire 0
sapphire_third_nr_except 1580921147573 411 258 touchstart 172 50 0.19047619402409 0.19047619402409 0 third 0
sapphire_third_nr_except 1580921147587 411 258 touchmove 173 51 0.19047619402409 0.19047619402409 0 third 0
sapphire_third_nr_except 1580921147604 411 258 touchmove 176 53 0.19047619402409 0.19047619402409 0 third 0
sapphire_third_nr_except 1580921147619 411 258 touchmove 188 64 0.19047619402409 0.19047619402409 0 third 0
sapphire_third_nr_except 1580921147636 411 258 touchmove 207 82 0.19047619402409 0.19047619402409 0 third 0
sapphire_third_nr_except 1580921147653 411 258 touchmove 223 98 0.19047619402409 0.19047619402409 0 third 0
sapphire_third_nr_except 1580921147669 411 258 touchmove 234 111 0.19047619402409 0.19047619402409 0 third 0
sapphire_third_nr_except 1580921147685 411 258 touchmove 235 112 0.19047619402409 0.19047619402409 0 third 0
sapphire_third_nr_except 1580921147702 411 258 touchmove 235 112 0.19047619402409 0.19047619402409 0 third 0
sapphire_third_nr_except 1580921147719 411 258 touchmove 235 112 0.19047619402409 0.19047619402409 0 third 0
sapphire_third_nr_except 1580921147737 411 258 touchmove 244 99 0.19047619402409 0.19047619402409 0 third 0
sapphire_third_nr_except 1580921147753 411 258 touchmove 256 72 0.19047619402409 0.19047619402409 0 third 0
sapphire_third_nr_except 1580921147770 411 258 touchmove 265 52 0.19047619402409 0.19047619402409 0 third 0
sapphire_third_nr_except 1580921147786 411 258 touchmove 270 39 0.19047619402409 0.19047619402409 0 third 0
sapphire_third_nr_except 1580921147802 411 258 touchmove 273 32 0.19047619402409 0.19047619402409 0 third 0
sapphire_third_nr_except 1580921147820 411 258 touchmove 273 29 0.19047619402409 0.19047619402409 0 third 0
sapphire_third_nr_except 1580921147837 411 258 touchmove 274 28 0.19047619402409 0.19047619402409 0 third 0
sapphire_third_nr_except 1580921147853 411 258 touchmove 273 26 0.19047619402409 0.19047619402409 0 third 0
sapphire_third_nr_except 1580921147872 411 258 touchmove 270 23 0.19047619402409 0.19047619402409 0 third 0
sapphire_third_nr_except 1580921147885 411 258 touchmove 256 20 0.19047619402409 0.19047619402409 0 third 0
sapphire_third_nr_except 1580921147903 411 258 touchmove 233 22 0.19047619402409 0.19047619402409 0 third 0
sapphire_third_nr_except 1580921147919 411 258 touchmove 207 27 0.19047619402409 0.19047619402409 0 third 0
sapphire_third_nr_except 1580921147937 411 258 touchmove 182 34 0.19047619402409 0.19047619402409 0 third 0
sapphire_third_nr_except 1580921147954 411 258 touchmove 170 37 0.19047619402409 0.19047619402409 0 third 0
sapphire_third_nr_except 1580921147969 411 258 touchmove 155 41 0.19047619402409 0.19047619402409 0 third 0
sapphire_third_nr_except 1580921147986 411 258 touchmove 148 43 0.19047619402409 0.19047619402409 0 third 0
sapphire_third_nr_except 1580921148002 411 258 touchmove 146 44 0.19047619402409 0.19047619402409 0 third 0
sapphire_third_nr_except 1580921148019 411 258 touchmove 146 44 0.19047619402409 0.19047619402409 0 third 0
sapphire_third_nr_except 1580921148036 411 258 touchmove 146 45 0.19047619402409 0.19047619402409 0 third 0
sapphire_third_nr_except 1580921148053 411 258 touchmove 147 47 0.19047619402409 0.19047619402409 0 third 0
sapphire_third_nr_except 1580921148071 411 258 touchmove 148 60 0.19047619402409 0.19047619402409 0 third 0
sapphire_third_nr_except 1580921148086 411 258 touchmove 146 76 0.19047619402409 0.19047619402409 0 third 0
sapphire_third_nr_except 1580921148103 411 258 touchmove 141 90 0.19047619402409 0.19047619402409 0 third 0
sapphire_third_nr_except 1580921148119 411 258 touchmove 135 103 0.19047619402409 0.19047619402409 0 third 0
sapphire_third_nr_except 1580921148136 411 258 touchmove 129 113 0.19047619402409 0.19047619402409 0 third 0
sapphire_third_nr_except 1580921148153 411 258 touchend 129 113 0.19047619402409 0.19047619402409 0 third 0
sapphire_third_nr_except 1580921149183 411 258 touchstart 285 175 0.19047619402409 0.19047619402409 0 nr 0
sapphire_third_nr_except 1580921149206 411 258 touchmove 283 175 0.19047619402409 0.19047619402409 0 nr 0
sapphire_third_nr_except 1580921149223 411 258 touchmove 277 170 0.19047619402409 0.19047619402409 0 nr 0
sapphire_third_nr_except 1580921149237 411 258 touchmove 259 154 0.19047619402409 0.19047619402409 0 nr 0
sapphire_third_nr_except 1580921149254 411 258 touchmove 238 134 0.19047619402409 0.19047619402409 0 nr 0
sapphire_third_nr_except 1580921149271 411 258 touchmove 203 100 0.19047619402409 0.19047619402409 0 nr 0
sapphire_third_nr_except 1580921149288 411 258 touchmove 176 76 0.19047619402409 0.19047619402409 0 nr 0
sapphire_third_nr_except 1580921149305 411 258 touchmove 163 68 0.19047619402409 0.19047619402409 0 nr 0
sapphire_third_nr_except 1580921149321 411 258 touchmove 140 58 0.19047619402409 0.19047619402409 0 nr 0
sapphire_third_nr_except 1580921149338 411 258 touchmove 125 54 0.19047619402409 0.19047619402409 0 nr 0
sapphire_third_nr_except 1580921149354 411 258 touchmove 116 52 0.19047619402409 0.19047619402409 0 nr 0
sapphire_third_nr_except 1580921149372 411 258 touchmove 113 52 0.19047619402409 0.19047619402409 0 nr 0
sapphire_third_nr_except 1580921149388 411 258 touchmove 113 51 0.19047619402409 0.19047619402409 0 nr 0
sapphire_third_nr_except 1580921149406 411 258 touchend 113 51 0.19047619402409 0.19047619402409 0 nr 0
sapphire_third_nr_except 1580921150114 411 258 touchstart 105 61 0.19047619402409 0.19047619402409 0 except 0
sapphire_third_nr_except 1580921150123 411 258 touchmove 105 61 0.19047619402409 0.19047619402409 0 except 0
sapphire_third_nr_except 1580921150140 411 258 touchmove 105 61 0.19047619402409 0.19047619402409 0 except 0
sapphire_third_nr_except 1580921150156 411 258 touchmove 106 66 0.19047619402409 0.19047619402409 0 except 0
sapphire_third_nr_except 1580921150173 411 258 touchmove 109 74 0.19047619402409 0.19047619402409 0 except 0
sapphire_third_nr_except 1580921150188 411 258 touchmove 117 108 0.19047619402409 0.19047619402409 0 except 0
sapphire_third_nr_except 1580921150205 411 258 touchmove 126 145 0.19047619402409 0.19047619402409 0 except 0
sapphire_third_nr_except 1580921150222 411 258 touchmove 136 193 0.19047619402409 0.19047619402409 0 except 0
sapphire_third_nr_except 1580921150239 411 258 touchmove 139 212 0.19047619402409 0.19047619402409 0 except 0
sapphire_third_nr_except 1580921150255 411 258 touchmove 141 220 0.19047619402409 0.19047619402409 0 except 0
sapphire_third_nr_except 1580921150273 411 258 touchmove 141 221 0.19047619402409 0.19047619402409 0 except 0
sapphire_third_nr_except 1580921150289 411 258 touchmove 141 222 0.19047619402409 0.19047619402409 0 except 0
sapphire_third_nr_except 1580921150306 411 258 touchmove 141 222 0.19047619402409 0.19047619402409 0 except 0
sapphire_third_nr_except 1580921150322 411 258 touchmove 143 219 0.19047619402409 0.19047619402409 0 except 0
sapphire_third_nr_except 1580921150339 411 258 touchmove 162 198 0.19047619402409 0.19047619402409 0 except 0
sapphire_third_nr_except 1580921150356 411 258 touchmove 174 182 0.19047619402409 0.19047619402409 0 except 0
sapphire_third_nr_except 1580921150373 411 258 touchmove 181 171 0.19047619402409 0.19047619402409 0 except 0
sapphire_third_nr_except 1580921150390 411 258 touchmove 183 167 0.19047619402409 0.19047619402409 0 except 0
sapphire_third_nr_except 1580921150406 411 258 touchmove 183 166 0.19047619402409 0.19047619402409 0 except 0
sapphire_third_nr_except 1580921150423 411 258 touchmove 183 165 0.19047619402409 0.19047619402409 0 except 0
sapphire_third_nr_except 1580921150439 411 258 touchmove 182 162 0.19047619402409 0.19047619402409 0 except 0
sapphire_third_nr_except 1580921150455 411 258 touchmove 177 157 0.19047619402409 0.19047619402409 0 except 0
sapphire_third_nr_except 1580921150472 411 258 touchmove 165 146 0.19047619402409 0.19047619402409 0 except 0
sapphire_third_nr_except 1580921150489 411 258 touchmove 155 137 0.19047619402409 0.19047619402409 0 except 0
sapphire_third_nr_except 1580921150505 411 258 touchmove 136 113 0.19047619402409 0.19047619402409 0 except 0
sapphire_third_nr_except 1580921150522 411 258 touchmove 119 90 0.19047619402409 0.19047619402409 0 except 0
sapphire_third_nr_except 1580921150539 411 258 touchmove 107 74 0.19047619402409 0.19047619402409 0 except 0
sapphire_third_nr_except 1580921150555 411 258 touchmove 101 66 0.19047619402409 0.19047619402409 0 except 0
sapphire_third_nr_except 1580921150572 411 258 touchmove 98 62 0.19047619402409 0.19047619402409 0 except 0
sapphire_third_nr_except 1580921150589 411 258 touchmove 97 60 0.19047619402409 0.19047619402409 0 except 0
sapphire_third_nr_except 1580921150606 411 258 touchmove 98 59 0.19047619402409 0.19047619402409 0 except 0
sapphire_third_nr_except 1580921150623 411 258 touchmove 101 57 0.19047619402409 0.19047619402409 0 except 0
sapphire_third_nr_except 1580921150639 411 258 touchmove 122 55 0.19047619402409 0.19047619402409 0 except 0
sapphire_third_nr_except 1580921150655 411 258 touchmove 157 56 0.19047619402409 0.19047619402409 0 except 0
sapphire_third_nr_except 1580921150673 411 258 touchmove 197 57 0.19047619402409 0.19047619402409 0 except 0
sapphire_third_nr_except 1580921150689 411 258 touchmove 238 57 0.19047619402409 0.19047619402409 0 except 0
sapphire_third_nr_except 1580921150706 411 258 touchmove 278 56 0.19047619402409 0.19047619402409 0 except 0
sapphire_third_nr_except 1580921150722 411 258 touchmove 298 54 0.19047619402409 0.19047619402409 0 except 0
sapphire_third_nr_except 1580921150739 411 258 touchmove 335 52 0.19047619402409 0.19047619402409 0 except 0
sapphire_third_nr_except 1580921150756 411 258 touchmove 367 47 0.19047619402409 0.19047619402409 0 except 0
sapphire_third_nr_except 1580921150772 411 258 touchmove 391 41 0.19047619402409 0.19047619402409 0 except 0
sapphire_third_nr_except 1580921150788 411 258 touchmove 402 35 0.19047619402409 0.19047619402409 0 except 0
sapphire_third_nr_except 1580921150805 411 258 touchmove 405 28 0.19047619402409 0.19047619402409 0 except 0
sapphire_third_nr_except 1580921150822 411 258 touchmove 405 21 0.19047619402409 0.19047619402409 0 except 0
sapphire_third_nr_except 1580921150839 411 258 touchmove 399 12 0.19047619402409 0.19047619402409 0 except 0
sapphire_third_nr_except 1580921150856 411 258 touchmove 387 7 0.19047619402409 0.19047619402409 0 except 0
sapphire_third_nr_except 1580921150873 411 258 touchmove 345 3 0.19047619402409 0.19047619402409 0 except 0
sapphire_third_nr_except 1580921150889 411 258 touchmove 292 8 0.19047619402409 0.19047619402409 0 except 0
sapphire_third_nr_except 1580921150906 411 258 touchmove 247 18 0.19047619402409 0.19047619402409 0 except 0
sapphire_third_nr_except 1580921150922 411 258 touchmove 209 30 0.19047619402409 0.19047619402409 0 except 0
sapphire_third_nr_except 1580921150940 411 258 touchmove 177 39 0.19047619402409 0.19047619402409 0 except 0
sapphire_third_nr_except 1580921150956 411 258 touchmove 157 44 0.19047619402409 0.19047619402409 0 except 0
sapphire_third_nr_except 1580921150973 411 258 touchmove 151 46 0.19047619402409 0.19047619402409 0 except 0
sapphire_third_nr_except 1580921150990 411 258 touchmove 147 46 0.19047619402409 0.19047619402409 0 except 0
sapphire_third_nr_except 1580921151007 411 258 touchmove 147 46 0.19047619402409 0.19047619402409 0 except 0
sapphire_third_nr_except 1580921151012 411 258 touchend 147 46 0.19047619402409 0.19047619402409 0 except 0
