sentence timestamp keyb_width keyb_height event x_pos y_pos x_radius y_radius angle word is_err
thai_sounds_good 1583499442881 360 218 touchstart 161 24 0 0 0 thai 0
thai_sounds_good 1583499443101 360 218 touchmove 167 27 0 0 0 thai 0
thai_sounds_good 1583499443131 360 218 touchmove 185 46 0 0 0 thai 0
thai_sounds_good 1583499443148 360 218 touchmove 194 57 0 0 0 thai 0
thai_sounds_good 1583499443166 360 218 touchmove 206 75 0 0 0 thai 0
thai_sounds_good 1583499443181 360 218 touchmove 212 84 0 0 0 thai 0
thai_sounds_good 1583499443199 360 218 touchmove 214 88 0 0 0 thai 0
thai_sounds_good 1583499443215 360 218 touchmove 219 95 0 0 0 thai 0
thai_sounds_good 1583499443232 360 218 touchmove 223 101 0 0 0 thai 0
thai_sounds_good 1583499443248 360 218 touchmove 225 105 0 0 0 thai 0
thai_sounds_good 1583499443265 360 218 touchmove 226 107 0 0 0 thai 0
thai_sounds_good 1583499443282 360 218 touchmove 227 108 0 0 0 thai 0
thai_sounds_good 1583499443334 360 218 touchmove 226 107 0 0 0 thai 0
thai_sounds_good 1583499443352 360 218 touchmove 218 103 0 0 0 thai 0
thai_sounds_good 1583499443367 360 218 touchmove 206 95 0 0 0 thai 0
thai_sounds_good 1583499443384 360 218 touchmove 192 84 0 0 0 thai 0
thai_sounds_good 1583499443399 360 218 touchmove 189 81 0 0 0 thai 0
thai_sounds_good 1583499443417 360 218 touchmove 181 76 0 0 0 thai 0
thai_sounds_good 1583499443433 360 218 touchmove 173 72 0 0 0 thai 0
thai_sounds_good 1583499443452 360 218 touchmove 162 68 0 0 0 thai 0
thai_sounds_good 1583499443466 360 218 touchmove 148 62 0 0 0 thai 0
thai_sounds_good 1583499443485 360 218 touchmove 136 58 0 0 0 thai 0
thai_sounds_good 1583499443500 360 218 touchmove 131 55 0 0 0 thai 0
thai_sounds_good 1583499443517 360 218 touchmove 126 54 0 0 0 thai 0
thai_sounds_good 1583499443534 360 218 touchmove 120 54 0 0 0 thai 0
thai_sounds_good 1583499443550 360 218 touchmove 113 54 0 0 0 thai 0
thai_sounds_good 1583499443566 360 218 touchmove 103 54 0 0 0 thai 0
thai_sounds_good 1583499443584 360 218 touchmove 92 55 0 0 0 thai 0
thai_sounds_good 1583499443601 360 218 touchmove 83 56 0 0 0 thai 0
thai_sounds_good 1583499443617 360 218 touchmove 75 58 0 0 0 thai 0
thai_sounds_good 1583499443635 360 218 touchmove 67 60 0 0 0 thai 0
thai_sounds_good 1583499443650 360 218 touchmove 58 63 0 0 0 thai 0
thai_sounds_good 1583499443667 360 218 touchmove 51 65 0 0 0 thai 0
thai_sounds_good 1583499443682 360 218 touchmove 44 68 0 0 0 thai 0
thai_sounds_good 1583499443700 360 218 touchmove 38 70 0 0 0 thai 0
thai_sounds_good 1583499443715 360 218 touchmove 34 72 0 0 0 thai 0
thai_sounds_good 1583499443731 360 218 touchmove 31 73 0 0 0 thai 0
thai_sounds_good 1583499443750 360 218 touchmove 29 75 0 0 0 thai 0
thai_sounds_good 1583499443768 360 218 touchmove 26 76 0 0 0 thai 0
thai_sounds_good 1583499443782 360 218 touchmove 24 78 0 0 0 thai 0
thai_sounds_good 1583499443799 360 218 touchmove 22 81 0 0 0 thai 0
thai_sounds_good 1583499443816 360 218 touchmove 21 83 0 0 0 thai 0
thai_sounds_good 1583499443833 360 218 touchmove 20 85 0 0 0 thai 0
thai_sounds_good 1583499443850 360 218 touchmove 19 87 0 0 0 thai 0
thai_sounds_good 1583499443867 360 218 touchmove 19 88 0 0 0 thai 0
thai_sounds_good 1583499443883 360 218 touchmove 19 90 0 0 0 thai 0
thai_sounds_good 1583499443901 360 218 touchmove 19 90 0 0 0 thai 0
thai_sounds_good 1583499443917 360 218 touchmove 19 91 0 0 0 thai 0
thai_sounds_good 1583499443940 360 218 touchmove 19 91 0 0 0 thai 0
thai_sounds_good 1583499443982 360 218 touchmove 20 92 0 0 0 thai 0
thai_sounds_good 1583499444000 360 218 touchmove 26 92 0 0 0 thai 0
thai_sounds_good 1583499444017 360 218 touchmove 31 91 0 0 0 thai 0
thai_sounds_good 1583499444033 360 218 touchmove 47 88 0 0 0 thai 0
thai_sounds_good 1583499444049 360 218 touchmove 53 86 0 0 0 thai 0
thai_sounds_good 1583499444068 360 218 touchmove 61 84 0 0 0 thai 0
thai_sounds_good 1583499444085 360 218 touchmove 80 80 0 0 0 thai 0
thai_sounds_good 1583499444099 360 218 touchmove 87 77 0 0 0 thai 0
thai_sounds_good 1583499444118 360 218 touchmove 106 72 0 0 0 thai 0
thai_sounds_good 1583499444135 360 218 touchmove 130 67 0 0 0 thai 0
thai_sounds_good 1583499444151 360 218 touchmove 158 62 0 0 0 thai 0
thai_sounds_good 1583499444167 360 218 touchmove 194 58 0 0 0 thai 0
thai_sounds_good 1583499444182 360 218 touchmove 202 56 0 0 0 thai 0
thai_sounds_good 1583499444200 360 218 touchmove 216 52 0 0 0 thai 0
thai_sounds_good 1583499444218 360 218 touchmove 227 49 0 0 0 thai 0
thai_sounds_good 1583499444233 360 218 touchmove 241 46 0 0 0 thai 0
thai_sounds_good 1583499444251 360 218 touchmove 254 45 0 0 0 thai 0
thai_sounds_good 1583499444271 360 218 touchmove 264 43 0 0 0 thai 0
thai_sounds_good 1583499444287 360 218 touchmove 274 41 0 0 0 thai 0
thai_sounds_good 1583499444306 360 218 touchmove 277 40 0 0 0 thai 0
thai_sounds_good 1583499444320 360 218 touchmove 278 39 0 0 0 thai 0
thai_sounds_good 1583499444334 360 218 touchmove 279 39 0 0 0 thai 0
thai_sounds_good 1583499444350 360 218 touchmove 280 38 0 0 0 thai 0
thai_sounds_good 1583499444368 360 218 touchmove 280 37 0 0 0 thai 0
thai_sounds_good 1583499444386 360 218 touchmove 280 37 0 0 0 thai 0
thai_sounds_good 1583499444402 360 218 touchmove 280 36 0 0 0 thai 0
thai_sounds_good 1583499444418 360 218 touchmove 281 34 0 0 0 thai 0
thai_sounds_good 1583499444424 360 218 touchend 281 34 0 0 0 thai 0
thai_sounds_good 1583499445700 360 218 touchstart 65 96 0 0 0 sounds 0
thai_sounds_good 1583499445788 360 218 touchmove 73 93 0 0 0 sounds 0
thai_sounds_good 1583499445804 360 218 touchmove 88 85 0 0 0 sounds 0
thai_sounds_good 1583499445824 360 218 touchmove 102 76 0 0 0 sounds 0
thai_sounds_good 1583499445836 360 218 touchmove 108 72 0 0 0 sounds 0
thai_sounds_good 1583499445854 360 218 touchmove 129 63 0 0 0 sounds 0
thai_sounds_good 1583499445870 360 218 touchmove 143 58 0 0 0 sounds 0
thai_sounds_good 1583499445887 360 218 touchmove 151 56 0 0 0 sounds 0
thai_sounds_good 1583499445904 360 218 touchmove 168 52 0 0 0 sounds 0
thai_sounds_good 1583499445920 360 218 touchmove 195 49 0 0 0 sounds 0
thai_sounds_good 1583499445937 360 218 touchmove 203 48 0 0 0 sounds 0
thai_sounds_good 1583499445954 360 218 touchmove 218 46 0 0 0 sounds 0
thai_sounds_good 1583499445971 360 218 touchmove 237 42 0 0 0 sounds 0
thai_sounds_good 1583499445987 360 218 touchmove 243 41 0 0 0 sounds 0
thai_sounds_good 1583499446005 360 218 touchmove 258 38 0 0 0 sounds 0
thai_sounds_good 1583499446023 360 218 touchmove 266 36 0 0 0 sounds 0
thai_sounds_good 1583499446039 360 218 touchmove 270 35 0 0 0 sounds 0
thai_sounds_good 1583499446055 360 218 touchmove 275 34 0 0 0 sounds 0
thai_sounds_good 1583499446090 360 218 touchmove 279 34 0 0 0 sounds 0
thai_sounds_good 1583499446104 360 218 touchmove 287 33 0 0 0 sounds 0
thai_sounds_good 1583499446120 360 218 touchmove 292 33 0 0 0 sounds 0
thai_sounds_good 1583499446138 360 218 touchmove 296 34 0 0 0 sounds 0
thai_sounds_good 1583499446157 360 218 touchmove 299 34 0 0 0 sounds 0
thai_sounds_good 1583499446171 360 218 touchmove 301 35 0 0 0 sounds 0
thai_sounds_good 1583499446190 360 218 touchmove 302 35 0 0 0 sounds 0
thai_sounds_good 1583499446207 360 218 touchmove 303 35 0 0 0 sounds 0
thai_sounds_good 1583499446222 360 218 touchmove 304 35 0 0 0 sounds 0
thai_sounds_good 1583499446237 360 218 touchmove 305 36 0 0 0 sounds 0
thai_sounds_good 1583499446254 360 218 touchmove 306 36 0 0 0 sounds 0
thai_sounds_good 1583499446356 360 218 touchmove 297 34 0 0 0 sounds 0
thai_sounds_good 1583499446378 360 218 touchmove 288 33 0 0 0 sounds 0
thai_sounds_good 1583499446392 360 218 touchmove 280 32 0 0 0 sounds 0
thai_sounds_good 1583499446406 360 218 touchmove 268 31 0 0 0 sounds 0
thai_sounds_good 1583499446422 360 218 touchmove 255 29 0 0 0 sounds 0
thai_sounds_good 1583499446438 360 218 touchmove 241 27 0 0 0 sounds 0
thai_sounds_good 1583499446458 360 218 touchmove 230 26 0 0 0 sounds 0
thai_sounds_good 1583499446473 360 218 touchmove 221 26 0 0 0 sounds 0
thai_sounds_good 1583499446489 360 218 touchmove 214 26 0 0 0 sounds 0
thai_sounds_good 1583499446507 360 218 touchmove 209 26 0 0 0 sounds 0
thai_sounds_good 1583499446526 360 218 touchmove 205 27 0 0 0 sounds 0
thai_sounds_good 1583499446539 360 218 touchmove 202 28 0 0 0 sounds 0
thai_sounds_good 1583499446555 360 218 touchmove 200 28 0 0 0 sounds 0
thai_sounds_good 1583499446573 360 218 touchmove 198 29 0 0 0 sounds 0
thai_sounds_good 1583499446590 360 218 touchmove 198 29 0 0 0 sounds 0
thai_sounds_good 1583499446706 360 218 touchmove 199 29 0 0 0 sounds 0
thai_sounds_good 1583499446722 360 218 touchmove 203 30 0 0 0 sounds 0
thai_sounds_good 1583499446743 360 218 touchmove 208 30 0 0 0 sounds 0
thai_sounds_good 1583499446756 360 218 touchmove 213 30 0 0 0 sounds 0
thai_sounds_good 1583499446774 360 218 touchmove 215 30 0 0 0 sounds 0
thai_sounds_good 1583499446794 360 218 touchmove 217 31 0 0 0 sounds 0
thai_sounds_good 1583499446806 360 218 touchmove 225 31 0 0 0 sounds 0
thai_sounds_good 1583499446821 360 218 touchmove 229 32 0 0 0 sounds 0
thai_sounds_good 1583499446838 360 218 touchmove 231 32 0 0 0 sounds 0
thai_sounds_good 1583499446855 360 218 touchmove 233 33 0 0 0 sounds 0
thai_sounds_good 1583499446872 360 218 touchmove 234 33 0 0 0 sounds 0
thai_sounds_good 1583499446972 360 218 touchmove 234 34 0 0 0 sounds 0
thai_sounds_good 1583499446989 360 218 touchmove 233 37 0 0 0 sounds 0
thai_sounds_good 1583499447007 360 218 touchmove 231 42 0 0 0 sounds 0
thai_sounds_good 1583499447022 360 218 touchmove 229 49 0 0 0 sounds 0
thai_sounds_good 1583499447040 360 218 touchmove 227 56 0 0 0 sounds 0
thai_sounds_good 1583499447056 360 218 touchmove 227 67 0 0 0 sounds 0
thai_sounds_good 1583499447077 360 218 touchmove 227 79 0 0 0 sounds 0
thai_sounds_good 1583499447089 360 218 touchmove 228 90 0 0 0 sounds 0
thai_sounds_good 1583499447106 360 218 touchmove 228 101 0 0 0 sounds 0
thai_sounds_good 1583499447122 360 218 touchmove 230 112 0 0 0 sounds 0
thai_sounds_good 1583499447140 360 218 touchmove 231 121 0 0 0 sounds 0
thai_sounds_good 1583499447157 360 218 touchmove 231 130 0 0 0 sounds 0
thai_sounds_good 1583499447174 360 218 touchmove 232 139 0 0 0 sounds 0
thai_sounds_good 1583499447191 360 218 touchmove 233 146 0 0 0 sounds 0
thai_sounds_good 1583499447207 360 218 touchmove 235 152 0 0 0 sounds 0
thai_sounds_good 1583499447225 360 218 touchmove 237 157 0 0 0 sounds 0
thai_sounds_good 1583499447240 360 218 touchmove 239 161 0 0 0 sounds 0
thai_sounds_good 1583499447256 360 218 touchmove 240 163 0 0 0 sounds 0
thai_sounds_good 1583499447273 360 218 touchmove 241 164 0 0 0 sounds 0
thai_sounds_good 1583499447290 360 218 touchmove 243 165 0 0 0 sounds 0
thai_sounds_good 1583499447307 360 218 touchmove 245 167 0 0 0 sounds 0
thai_sounds_good 1583499447323 360 218 touchmove 247 168 0 0 0 sounds 0
thai_sounds_good 1583499447341 360 218 touchmove 248 168 0 0 0 sounds 0
thai_sounds_good 1583499447357 360 218 touchmove 249 168 0 0 0 sounds 0
thai_sounds_good 1583499447374 360 218 touchmove 252 169 0 0 0 sounds 0
thai_sounds_good 1583499447391 360 218 touchmove 252 169 0 0 0 sounds 0
thai_sounds_good 1583499447410 360 218 touchmove 253 169 0 0 0 sounds 0
thai_sounds_good 1583499447426 360 218 touchmove 253 169 0 0 0 sounds 0
thai_sounds_good 1583499447443 360 218 touchmove 254 169 0 0 0 sounds 0
thai_sounds_good 1583499447459 360 218 touchmove 254 168 0 0 0 sounds 0
thai_sounds_good 1583499447475 360 218 touchmove 255 168 0 0 0 sounds 0
thai_sounds_good 1583499447490 360 218 touchmove 255 168 0 0 0 sounds 0
thai_sounds_good 1583499447510 360 218 touchmove 256 168 0 0 0 sounds 0
thai_sounds_good 1583499447526 360 218 touchmove 256 167 0 0 0 sounds 0
thai_sounds_good 1583499447542 360 218 touchmove 255 164 0 0 0 sounds 0
thai_sounds_good 1583499447557 360 218 touchmove 252 157 0 0 0 sounds 0
thai_sounds_good 1583499447574 360 218 touchmove 247 150 0 0 0 sounds 0
thai_sounds_good 1583499447593 360 218 touchmove 238 142 0 0 0 sounds 0
thai_sounds_good 1583499447609 360 218 touchmove 234 140 0 0 0 sounds 0
thai_sounds_good 1583499447626 360 218 touchmove 223 135 0 0 0 sounds 0
thai_sounds_good 1583499447685 360 218 touchmove 207 127 0 0 0 sounds 0
thai_sounds_good 1583499447708 360 218 touchmove 157 99 0 0 0 sounds 0
thai_sounds_good 1583499447724 360 218 touchmove 149 96 0 0 0 sounds 0
thai_sounds_good 1583499447772 360 218 touchmove 126 93 0 0 0 sounds 0
thai_sounds_good 1583499447791 360 218 touchmove 123 93 0 0 0 sounds 0
thai_sounds_good 1583499447807 360 218 touchmove 121 92 0 0 0 sounds 0
thai_sounds_good 1583499447824 360 218 touchmove 120 92 0 0 0 sounds 0
thai_sounds_good 1583499447843 360 218 touchmove 118 92 0 0 0 sounds 0
thai_sounds_good 1583499447858 360 218 touchmove 118 92 0 0 0 sounds 0
thai_sounds_good 1583499447877 360 218 touchmove 117 92 0 0 0 sounds 0
thai_sounds_good 1583499447892 360 218 touchmove 116 92 0 0 0 sounds 0
thai_sounds_good 1583499447908 360 218 touchmove 115 92 0 0 0 sounds 0
thai_sounds_good 1583499447926 360 218 touchmove 113 92 0 0 0 sounds 0
thai_sounds_good 1583499447941 360 218 touchmove 110 92 0 0 0 sounds 0
thai_sounds_good 1583499447958 360 218 touchmove 106 93 0 0 0 sounds 0
thai_sounds_good 1583499447975 360 218 touchmove 103 93 0 0 0 sounds 0
thai_sounds_good 1583499447991 360 218 touchmove 100 93 0 0 0 sounds 0
thai_sounds_good 1583499448008 360 218 touchmove 97 93 0 0 0 sounds 0
thai_sounds_good 1583499448025 360 218 touchmove 95 93 0 0 0 sounds 0
thai_sounds_good 1583499448042 360 218 touchmove 93 93 0 0 0 sounds 0
thai_sounds_good 1583499448058 360 218 touchmove 92 93 0 0 0 sounds 0
thai_sounds_good 1583499448076 360 218 touchmove 91 93 0 0 0 sounds 0
thai_sounds_good 1583499448091 360 218 touchmove 91 93 0 0 0 sounds 0
thai_sounds_good 1583499448108 360 218 touchmove 90 93 0 0 0 sounds 0
thai_sounds_good 1583499448208 360 218 touchmove 89 94 0 0 0 sounds 0
thai_sounds_good 1583499448225 360 218 touchmove 86 95 0 0 0 sounds 0
thai_sounds_good 1583499448242 360 218 touchmove 84 95 0 0 0 sounds 0
thai_sounds_good 1583499448259 360 218 touchmove 82 96 0 0 0 sounds 0
thai_sounds_good 1583499448275 360 218 touchmove 79 96 0 0 0 sounds 0
thai_sounds_good 1583499448292 360 218 touchmove 77 96 0 0 0 sounds 0
thai_sounds_good 1583499448309 360 218 touchmove 74 96 0 0 0 sounds 0
thai_sounds_good 1583499448327 360 218 touchmove 71 97 0 0 0 sounds 0
thai_sounds_good 1583499448342 360 218 touchmove 66 98 0 0 0 sounds 0
thai_sounds_good 1583499448359 360 218 touchmove 65 99 0 0 0 sounds 0
thai_sounds_good 1583499448368 360 218 touchend 65 99 0 0 0 sounds 0
thai_sounds_good 1583499450421 360 218 touchstart 184 83 0 0 0 good 0
thai_sounds_good 1583499450566 360 218 touchmove 190 82 0 0 0 good 0
thai_sounds_good 1583499450581 360 218 touchmove 200 80 0 0 0 good 0
thai_sounds_good 1583499450597 360 218 touchmove 212 75 0 0 0 good 0
thai_sounds_good 1583499450615 360 218 touchmove 224 70 0 0 0 good 0
thai_sounds_good 1583499450633 360 218 touchmove 242 63 0 0 0 good 0
thai_sounds_good 1583499450648 360 218 touchmove 249 61 0 0 0 good 0
thai_sounds_good 1583499450665 360 218 touchmove 263 58 0 0 0 good 0
thai_sounds_good 1583499450681 360 218 touchmove 276 55 0 0 0 good 0
thai_sounds_good 1583499450701 360 218 touchmove 287 52 0 0 0 good 0
thai_sounds_good 1583499450716 360 218 touchmove 296 49 0 0 0 good 0
thai_sounds_good 1583499450733 360 218 touchmove 304 45 0 0 0 good 0
thai_sounds_good 1583499450749 360 218 touchmove 312 41 0 0 0 good 0
thai_sounds_good 1583499450768 360 218 touchmove 319 37 0 0 0 good 0
thai_sounds_good 1583499450783 360 218 touchmove 324 35 0 0 0 good 0
thai_sounds_good 1583499450801 360 218 touchmove 327 34 0 0 0 good 0
thai_sounds_good 1583499450818 360 218 touchmove 327 33 0 0 0 good 0
thai_sounds_good 1583499450882 360 218 touchmove 326 33 0 0 0 good 0
thai_sounds_good 1583499450898 360 218 touchmove 325 33 0 0 0 good 0
thai_sounds_good 1583499450915 360 218 touchmove 323 34 0 0 0 good 0
thai_sounds_good 1583499450933 360 218 touchmove 321 34 0 0 0 good 0
thai_sounds_good 1583499450950 360 218 touchmove 316 36 0 0 0 good 0
thai_sounds_good 1583499450971 360 218 touchmove 308 38 0 0 0 good 0
thai_sounds_good 1583499450983 360 218 touchmove 305 39 0 0 0 good 0
thai_sounds_good 1583499450998 360 218 touchmove 300 40 0 0 0 good 0
thai_sounds_good 1583499451015 360 218 touchmove 294 42 0 0 0 good 0
thai_sounds_good 1583499451033 360 218 touchmove 284 44 0 0 0 good 0
thai_sounds_good 1583499451049 360 218 touchmove 273 46 0 0 0 good 0
thai_sounds_good 1583499451065 360 218 touchmove 262 50 0 0 0 good 0
thai_sounds_good 1583499451082 360 218 touchmove 253 56 0 0 0 good 0
thai_sounds_good 1583499451098 360 218 touchmove 245 62 0 0 0 good 0
thai_sounds_good 1583499451116 360 218 touchmove 238 69 0 0 0 good 0
thai_sounds_good 1583499451132 360 218 touchmove 233 75 0 0 0 good 0
thai_sounds_good 1583499451151 360 218 touchmove 227 81 0 0 0 good 0
thai_sounds_good 1583499451166 360 218 touchmove 222 86 0 0 0 good 0
thai_sounds_good 1583499451184 360 218 touchmove 220 88 0 0 0 good 0
thai_sounds_good 1583499451200 360 218 touchmove 216 94 0 0 0 good 0
thai_sounds_good 1583499451216 360 218 touchmove 214 96 0 0 0 good 0
thai_sounds_good 1583499451232 360 218 touchmove 213 97 0 0 0 good 0
thai_sounds_good 1583499451251 360 218 touchmove 212 98 0 0 0 good 0
thai_sounds_good 1583499451268 360 218 touchmove 210 99 0 0 0 good 0
thai_sounds_good 1583499451284 360 218 touchmove 210 100 0 0 0 good 0
thai_sounds_good 1583499451369 360 218 touchmove 211 99 0 0 0 good 0
thai_sounds_good 1583499451385 360 218 touchmove 214 97 0 0 0 good 0
thai_sounds_good 1583499451402 360 218 touchmove 220 93 0 0 0 good 0
thai_sounds_good 1583499451418 360 218 touchmove 226 89 0 0 0 good 0
thai_sounds_good 1583499451434 360 218 touchmove 231 84 0 0 0 good 0
thai_sounds_good 1583499451451 360 218 touchmove 237 79 0 0 0 good 0
thai_sounds_good 1583499451467 360 218 touchmove 245 73 0 0 0 good 0
thai_sounds_good 1583499451483 360 218 touchmove 253 68 0 0 0 good 0
thai_sounds_good 1583499451500 360 218 touchmove 259 63 0 0 0 good 0
thai_sounds_good 1583499451517 360 218 touchmove 266 59 0 0 0 good 0
thai_sounds_good 1583499451534 360 218 touchmove 271 55 0 0 0 good 0
thai_sounds_good 1583499451553 360 218 touchmove 277 52 0 0 0 good 0
thai_sounds_good 1583499451569 360 218 touchmove 283 48 0 0 0 good 0
thai_sounds_good 1583499451586 360 218 touchmove 292 43 0 0 0 good 0
thai_sounds_good 1583499451608 360 218 touchmove 296 41 0 0 0 good 0
thai_sounds_good 1583499451617 360 218 touchmove 297 40 0 0 0 good 0
thai_sounds_good 1583499451633 360 218 touchmove 300 38 0 0 0 good 0
thai_sounds_good 1583499451652 360 218 touchmove 302 37 0 0 0 good 0
thai_sounds_good 1583499451668 360 218 touchmove 304 36 0 0 0 good 0
thai_sounds_good 1583499451684 360 218 touchmove 305 36 0 0 0 good 0
thai_sounds_good 1583499451700 360 218 touchmove 306 35 0 0 0 good 0
thai_sounds_good 1583499451717 360 218 touchmove 307 34 0 0 0 good 0
thai_sounds_good 1583499451744 360 218 touchmove 307 34 0 0 0 good 0
thai_sounds_good 1583499451801 360 218 touchmove 308 34 0 0 0 good 0
thai_sounds_good 1583499452239 360 218 touchmove 307 34 0 0 0 good 0
thai_sounds_good 1583499452261 360 218 touchmove 307 34 0 0 0 good 0
thai_sounds_good 1583499452302 360 218 touchmove 306 34 0 0 0 good 0
thai_sounds_good 1583499452489 360 218 touchmove 306 34 0 0 0 good 0
thai_sounds_good 1583499452509 360 218 touchmove 305 34 0 0 0 good 0
thai_sounds_good 1583499452527 360 218 touchmove 302 36 0 0 0 good 0
thai_sounds_good 1583499452544 360 218 touchmove 301 36 0 0 0 good 0
thai_sounds_good 1583499452554 360 218 touchmove 299 38 0 0 0 good 0
thai_sounds_good 1583499452571 360 218 touchmove 296 40 0 0 0 good 0
thai_sounds_good 1583499452599 360 218 touchmove 293 43 0 0 0 good 0
thai_sounds_good 1583499452621 360 218 touchmove 283 50 0 0 0 good 0
thai_sounds_good 1583499452635 360 218 touchmove 280 52 0 0 0 good 0
thai_sounds_good 1583499452653 360 218 touchmove 269 58 0 0 0 good 0
thai_sounds_good 1583499452670 360 218 touchmove 261 63 0 0 0 good 0
thai_sounds_good 1583499452688 360 218 touchmove 253 68 0 0 0 good 0
thai_sounds_good 1583499452703 360 218 touchmove 249 71 0 0 0 good 0
thai_sounds_good 1583499452720 360 218 touchmove 241 76 0 0 0 good 0
thai_sounds_good 1583499452737 360 218 touchmove 234 82 0 0 0 good 0
thai_sounds_good 1583499452754 360 218 touchmove 228 86 0 0 0 good 0
thai_sounds_good 1583499452771 360 218 touchmove 221 93 0 0 0 good 0
thai_sounds_good 1583499452787 360 218 touchmove 218 96 0 0 0 good 0
thai_sounds_good 1583499452806 360 218 touchmove 214 99 0 0 0 good 0
thai_sounds_good 1583499452822 360 218 touchmove 212 101 0 0 0 good 0
thai_sounds_good 1583499452838 360 218 touchmove 209 103 0 0 0 good 0
thai_sounds_good 1583499452853 360 218 touchmove 208 104 0 0 0 good 0
thai_sounds_good 1583499452871 360 218 touchmove 206 106 0 0 0 good 0
thai_sounds_good 1583499452887 360 218 touchmove 205 106 0 0 0 good 0
thai_sounds_good 1583499452905 360 218 touchmove 204 107 0 0 0 good 0
thai_sounds_good 1583499452921 360 218 touchmove 203 108 0 0 0 good 0
thai_sounds_good 1583499452939 360 218 touchmove 202 108 0 0 0 good 0
thai_sounds_good 1583499452954 360 218 touchmove 201 109 0 0 0 good 0
thai_sounds_good 1583499452972 360 218 touchmove 200 110 0 0 0 good 0
thai_sounds_good 1583499452988 360 218 touchmove 199 111 0 0 0 good 0
thai_sounds_good 1583499453004 360 218 touchmove 198 111 0 0 0 good 0
thai_sounds_good 1583499453022 360 218 touchmove 197 112 0 0 0 good 0
thai_sounds_good 1583499453050 360 218 touchmove 196 112 0 0 0 good 0
thai_sounds_good 1583499453072 360 218 touchmove 195 112 0 0 0 good 0
thai_sounds_good 1583499453090 360 218 touchmove 194 113 0 0 0 good 0
thai_sounds_good 1583499453105 360 218 touchmove 193 113 0 0 0 good 0
thai_sounds_good 1583499453123 360 218 touchmove 190 114 0 0 0 good 0
thai_sounds_good 1583499453141 360 218 touchmove 189 114 0 0 0 good 0
thai_sounds_good 1583499453157 360 218 touchmove 188 114 0 0 0 good 0
thai_sounds_good 1583499453171 360 218 touchmove 186 114 0 0 0 good 0
thai_sounds_good 1583499453189 360 218 touchmove 184 113 0 0 0 good 0
thai_sounds_good 1583499453207 360 218 touchmove 180 113 0 0 0 good 0
thai_sounds_good 1583499453222 360 218 touchmove 176 112 0 0 0 good 0
thai_sounds_good 1583499453239 360 218 touchmove 173 111 0 0 0 good 0
thai_sounds_good 1583499453257 360 218 touchmove 170 111 0 0 0 good 0
thai_sounds_good 1583499453273 360 218 touchmove 168 111 0 0 0 good 0
thai_sounds_good 1583499453291 360 218 touchmove 165 111 0 0 0 good 0
thai_sounds_good 1583499453306 360 218 touchmove 162 111 0 0 0 good 0
thai_sounds_good 1583499453322 360 218 touchmove 159 111 0 0 0 good 0
thai_sounds_good 1583499453338 360 218 touchmove 158 112 0 0 0 good 0
thai_sounds_good 1583499453354 360 218 touchmove 155 113 0 0 0 good 0
thai_sounds_good 1583499453373 360 218 touchmove 153 114 0 0 0 good 0
thai_sounds_good 1583499453389 360 218 touchmove 151 116 0 0 0 good 0
thai_sounds_good 1583499453407 360 218 touchmove 149 118 0 0 0 good 0
thai_sounds_good 1583499453423 360 218 touchmove 146 121 0 0 0 good 0
thai_sounds_good 1583499453439 360 218 touchmove 144 123 0 0 0 good 0
thai_sounds_good 1583499453456 360 218 touchmove 143 125 0 0 0 good 0
thai_sounds_good 1583499453472 360 218 touchmove 142 125 0 0 0 good 0
thai_sounds_good 1583499453489 360 218 touchmove 140 128 0 0 0 good 0
thai_sounds_good 1583499453505 360 218 touchmove 139 129 0 0 0 good 0
thai_sounds_good 1583499453522 360 218 touchmove 138 131 0 0 0 good 0
thai_sounds_good 1583499453540 360 218 touchmove 137 132 0 0 0 good 0
thai_sounds_good 1583499453555 360 218 touchmove 137 134 0 0 0 good 0
thai_sounds_good 1583499453575 360 218 touchmove 136 135 0 0 0 good 0
thai_sounds_good 1583499453594 360 218 touchmove 135 137 0 0 0 good 0
thai_sounds_good 1583499453608 360 218 touchmove 133 139 0 0 0 good 0
thai_sounds_good 1583499453622 360 218 touchmove 132 140 0 0 0 good 0
thai_sounds_good 1583499453641 360 218 touchmove 131 142 0 0 0 good 0
thai_sounds_good 1583499453656 360 218 touchmove 131 144 0 0 0 good 0
thai_sounds_good 1583499453674 360 218 touchmove 130 145 0 0 0 good 0
thai_sounds_good 1583499453691 360 218 touchmove 130 146 0 0 0 good 0
thai_sounds_good 1583499453706 360 218 touchmove 130 147 0 0 0 good 0
thai_sounds_good 1583499453725 360 218 touchmove 129 148 0 0 0 good 0
thai_sounds_good 1583499453741 360 218 touchmove 129 149 0 0 0 good 0
thai_sounds_good 1583499453756 360 218 touchmove 129 150 0 0 0 good 0
thai_sounds_good 1583499453773 360 218 touchmove 128 152 0 0 0 good 0
thai_sounds_good 1583499453791 360 218 touchmove 127 153 0 0 0 good 0
thai_sounds_good 1583499453808 360 218 touchmove 126 154 0 0 0 good 0
thai_sounds_good 1583499453824 360 218 touchmove 125 156 0 0 0 good 0
thai_sounds_good 1583499453839 360 218 touchmove 123 158 0 0 0 good 0
thai_sounds_good 1583499453858 360 218 touchmove 121 161 0 0 0 good 0
thai_sounds_good 1583499453874 360 218 touchmove 120 162 0 0 0 good 0
thai_sounds_good 1583499453891 360 218 touchmove 119 163 0 0 0 good 0
thai_sounds_good 1583499453908 360 218 touchmove 118 164 0 0 0 good 0
thai_sounds_good 1583499453923 360 218 touchmove 117 164 0 0 0 good 0
thai_sounds_good 1583499453994 360 218 touchmove 116 164 0 0 0 good 0
thai_sounds_good 1583499454007 360 218 touchmove 112 162 0 0 0 good 0
thai_sounds_good 1583499454027 360 218 touchmove 109 156 0 0 0 good 0
thai_sounds_good 1583499454041 360 218 touchmove 108 154 0 0 0 good 0
thai_sounds_good 1583499454060 360 218 touchmove 106 147 0 0 0 good 0
thai_sounds_good 1583499454075 360 218 touchmove 106 139 0 0 0 good 0
thai_sounds_good 1583499454090 360 218 touchmove 106 132 0 0 0 good 0
thai_sounds_good 1583499454108 360 218 touchmove 107 127 0 0 0 good 0
thai_sounds_good 1583499454124 360 218 touchmove 107 124 0 0 0 good 0
thai_sounds_good 1583499454191 360 218 touchmove 107 115 0 0 0 good 0
thai_sounds_good 1583499454216 360 218 touchmove 110 101 0 0 0 good 0
thai_sounds_good 1583499454241 360 218 touchmove 111 95 0 0 0 good 0
thai_sounds_good 1583499454258 360 218 touchmove 111 93 0 0 0 good 0
thai_sounds_good 1583499454276 360 218 touchmove 111 90 0 0 0 good 0
thai_sounds_good 1583499454292 360 218 touchmove 111 88 0 0 0 good 0
thai_sounds_good 1583499454308 360 218 touchmove 110 86 0 0 0 good 0
thai_sounds_good 1583499454326 360 218 touchmove 110 84 0 0 0 good 0
thai_sounds_good 1583499454342 360 218 touchmove 109 82 0 0 0 good 0
thai_sounds_good 1583499454358 360 218 touchmove 108 80 0 0 0 good 0
thai_sounds_good 1583499454376 360 218 touchmove 105 78 0 0 0 good 0
thai_sounds_good 1583499454394 360 218 touchmove 98 75 0 0 0 good 0
thai_sounds_good 1583499454408 360 218 touchmove 94 74 0 0 0 good 0
thai_sounds_good 1583499454411 360 218 touchend 94 74 0 0 0 good 0
novo_babies_markets_seeds 1583499459398 360 218 touchstart 292 136 0 0 0 novo 0
novo_babies_markets_seeds 1583499459524 360 218 touchmove 292 134 0 0 0 novo 0
novo_babies_markets_seeds 1583499459549 360 218 touchmove 291 121 0 0 0 novo 0
novo_babies_markets_seeds 1583499459560 360 218 touchmove 291 116 0 0 0 novo 0
novo_babies_markets_seeds 1583499459572 360 218 touchmove 291 114 0 0 0 novo 0
novo_babies_markets_seeds 1583499459589 360 218 touchmove 292 109 0 0 0 novo 0
novo_babies_markets_seeds 1583499459606 360 218 touchmove 294 103 0 0 0 novo 0
novo_babies_markets_seeds 1583499459622 360 218 touchmove 298 95 0 0 0 novo 0
novo_babies_markets_seeds 1583499459640 360 218 touchmove 303 86 0 0 0 novo 0
novo_babies_markets_seeds 1583499459655 360 218 touchmove 307 75 0 0 0 novo 0
novo_babies_markets_seeds 1583499459671 360 218 touchmove 312 65 0 0 0 novo 0
novo_babies_markets_seeds 1583499459688 360 218 touchmove 314 61 0 0 0 novo 0
novo_babies_markets_seeds 1583499459704 360 218 touchmove 318 49 0 0 0 novo 0
novo_babies_markets_seeds 1583499459722 360 218 touchmove 320 42 0 0 0 novo 0
novo_babies_markets_seeds 1583499459738 360 218 touchmove 320 39 0 0 0 novo 0
novo_babies_markets_seeds 1583499459754 360 218 touchmove 319 33 0 0 0 novo 0
novo_babies_markets_seeds 1583499459772 360 218 touchmove 316 26 0 0 0 novo 0
novo_babies_markets_seeds 1583499459789 360 218 touchmove 315 24 0 0 0 novo 0
novo_babies_markets_seeds 1583499459807 360 218 touchmove 313 20 0 0 0 novo 0
novo_babies_markets_seeds 1583499459822 360 218 touchmove 311 19 0 0 0 novo 0
novo_babies_markets_seeds 1583499459839 360 218 touchmove 310 18 0 0 0 novo 0
novo_babies_markets_seeds 1583499459855 360 218 touchmove 309 18 0 0 0 novo 0
novo_babies_markets_seeds 1583499459872 360 218 touchmove 303 18 0 0 0 novo 0
novo_babies_markets_seeds 1583499459891 360 218 touchmove 301 18 0 0 0 novo 0
novo_babies_markets_seeds 1583499459905 360 218 touchmove 297 18 0 0 0 novo 0
novo_babies_markets_seeds 1583499459923 360 218 touchmove 291 21 0 0 0 novo 0
novo_babies_markets_seeds 1583499459939 360 218 touchmove 286 26 0 0 0 novo 0
novo_babies_markets_seeds 1583499459957 360 218 touchmove 276 35 0 0 0 novo 0
novo_babies_markets_seeds 1583499459974 360 218 touchmove 269 45 0 0 0 novo 0
novo_babies_markets_seeds 1583499459990 360 218 touchmove 265 50 0 0 0 novo 0
novo_babies_markets_seeds 1583499460008 360 218 touchmove 254 69 0 0 0 novo 0
novo_babies_markets_seeds 1583499460025 360 218 touchmove 250 76 0 0 0 novo 0
novo_babies_markets_seeds 1583499460040 360 218 touchmove 243 90 0 0 0 novo 0
novo_babies_markets_seeds 1583499460058 360 218 touchmove 238 102 0 0 0 novo 0
novo_babies_markets_seeds 1583499460075 360 218 touchmove 229 117 0 0 0 novo 0
novo_babies_markets_seeds 1583499460091 360 218 touchmove 226 121 0 0 0 novo 0
novo_babies_markets_seeds 1583499460107 360 218 touchmove 222 129 0 0 0 novo 0
novo_babies_markets_seeds 1583499460124 360 218 touchmove 218 136 0 0 0 novo 0
novo_babies_markets_seeds 1583499460140 360 218 touchmove 212 142 0 0 0 novo 0
novo_babies_markets_seeds 1583499460157 360 218 touchmove 206 147 0 0 0 novo 0
novo_babies_markets_seeds 1583499462547 360 218 touchstart 306 26 0 0 0 novo 0
novo_babies_markets_seeds 1583499462649 360 218 touchmove 306 26 0 0 0 novo 0
novo_babies_markets_seeds 1583499462660 360 218 touchend 306 26 0 0 0 novo 0
novo_babies_markets_seeds 1583499465341 360 218 touchend 321 169 0 0 0 babies 0
novo_babies_markets_seeds 1583499465674 360 218 touchmove 324 170 0 0 0 babies 0
novo_babies_markets_seeds 1583499465686 360 218 touchend 324 170 0 0 0 babies 0
novo_babies_markets_seeds 1583499465921 360 218 touchend 335 170 0 0 0 babies 0
novo_babies_markets_seeds 1583499466953 360 218 touchstart 222 152 0 0 0 babies 0
novo_babies_markets_seeds 1583499467304 360 218 touchmove 217 144 0 0 0 babies 0
novo_babies_markets_seeds 1583499467324 360 218 touchmove 177 119 0 0 0 babies 0
novo_babies_markets_seeds 1583499467340 360 218 touchmove 159 110 0 0 0 babies 0
novo_babies_markets_seeds 1583499467357 360 218 touchmove 143 104 0 0 0 babies 0
novo_babies_markets_seeds 1583499467376 360 218 touchmove 130 101 0 0 0 babies 0
novo_babies_markets_seeds 1583499467392 360 218 touchmove 117 98 0 0 0 babies 0
novo_babies_markets_seeds 1583499467408 360 218 touchmove 102 96 0 0 0 babies 0
novo_babies_markets_seeds 1583499467425 360 218 touchmove 94 94 0 0 0 babies 0
novo_babies_markets_seeds 1583499467445 360 218 touchmove 71 90 0 0 0 babies 0
novo_babies_markets_seeds 1583499467460 360 218 touchmove 57 89 0 0 0 babies 0
novo_babies_markets_seeds 1583499467476 360 218 touchmove 48 88 0 0 0 babies 0
novo_babies_markets_seeds 1583499467492 360 218 touchmove 40 88 0 0 0 babies 0
novo_babies_markets_seeds 1583499467509 360 218 touchmove 34 87 0 0 0 babies 0
novo_babies_markets_seeds 1583499467527 360 218 touchmove 29 87 0 0 0 babies 0
novo_babies_markets_seeds 1583499467541 360 218 touchmove 28 87 0 0 0 babies 0
novo_babies_markets_seeds 1583499467559 360 218 touchmove 25 87 0 0 0 babies 0
novo_babies_markets_seeds 1583499467578 360 218 touchmove 23 87 0 0 0 babies 0
novo_babies_markets_seeds 1583499467591 360 218 touchmove 21 86 0 0 0 babies 0
novo_babies_markets_seeds 1583499467609 360 218 touchmove 19 86 0 0 0 babies 0
novo_babies_markets_seeds 1583499467625 360 218 touchmove 19 86 0 0 0 babies 0
novo_babies_markets_seeds 1583499467711 360 218 touchmove 20 87 0 0 0 babies 0
novo_babies_markets_seeds 1583499467728 360 218 touchmove 23 88 0 0 0 babies 0
novo_babies_markets_seeds 1583499467749 360 218 touchmove 33 90 0 0 0 babies 0
novo_babies_markets_seeds 1583499467760 360 218 touchmove 43 92 0 0 0 babies 0
novo_babies_markets_seeds 1583499467775 360 218 touchmove 50 93 0 0 0 babies 0
novo_babies_markets_seeds 1583499467793 360 218 touchmove 66 95 0 0 0 babies 0
novo_babies_markets_seeds 1583499467811 360 218 touchmove 87 98 0 0 0 babies 0
novo_babies_markets_seeds 1583499467828 360 218 touchmove 111 101 0 0 0 babies 0
novo_babies_markets_seeds 1583499467842 360 218 touchmove 135 106 0 0 0 babies 0
novo_babies_markets_seeds 1583499467860 360 218 touchmove 159 112 0 0 0 babies 0
novo_babies_markets_seeds 1583499467877 360 218 touchmove 182 117 0 0 0 babies 0
novo_babies_markets_seeds 1583499467894 360 218 touchmove 200 122 0 0 0 babies 0
novo_babies_markets_seeds 1583499467910 360 218 touchmove 211 127 0 0 0 babies 0
novo_babies_markets_seeds 1583499467929 360 218 touchmove 218 132 0 0 0 babies 0
novo_babies_markets_seeds 1583499467945 360 218 touchmove 225 138 0 0 0 babies 0
novo_babies_markets_seeds 1583499467962 360 218 touchmove 229 143 0 0 0 babies 0
novo_babies_markets_seeds 1583499467978 360 218 touchmove 232 149 0 0 0 babies 0
novo_babies_markets_seeds 1583499467994 360 218 touchmove 234 153 0 0 0 babies 0
novo_babies_markets_seeds 1583499468011 360 218 touchmove 235 156 0 0 0 babies 0
novo_babies_markets_seeds 1583499468028 360 218 touchmove 235 158 0 0 0 babies 0
novo_babies_markets_seeds 1583499468044 360 218 touchmove 236 160 0 0 0 babies 0
novo_babies_markets_seeds 1583499468062 360 218 touchmove 236 161 0 0 0 babies 0
novo_babies_markets_seeds 1583499468078 360 218 touchmove 236 161 0 0 0 babies 0
novo_babies_markets_seeds 1583499468178 360 218 touchmove 237 156 0 0 0 babies 0
novo_babies_markets_seeds 1583499468204 360 218 touchmove 241 146 0 0 0 babies 0
novo_babies_markets_seeds 1583499468218 360 218 touchmove 248 127 0 0 0 babies 0
novo_babies_markets_seeds 1583499468242 360 218 touchmove 256 107 0 0 0 babies 0
novo_babies_markets_seeds 1583499468259 360 218 touchmove 260 93 0 0 0 babies 0
novo_babies_markets_seeds 1583499468276 360 218 touchmove 266 78 0 0 0 babies 0
novo_babies_markets_seeds 1583499468294 360 218 touchmove 269 72 0 0 0 babies 0
novo_babies_markets_seeds 1583499468311 360 218 touchmove 274 60 0 0 0 babies 0
novo_babies_markets_seeds 1583499468378 360 218 touchmove 276 54 0 0 0 babies 0
novo_babies_markets_seeds 1583499468395 360 218 touchmove 279 34 0 0 0 babies 0
novo_babies_markets_seeds 1583499468409 360 218 touchmove 279 31 0 0 0 babies 0
novo_babies_markets_seeds 1583499468428 360 218 touchmove 280 28 0 0 0 babies 0
novo_babies_markets_seeds 1583499468478 360 218 touchmove 279 28 0 0 0 babies 0
novo_babies_markets_seeds 1583499468496 360 218 touchmove 276 27 0 0 0 babies 0
novo_babies_markets_seeds 1583499468515 360 218 touchmove 263 27 0 0 0 babies 0
novo_babies_markets_seeds 1583499468528 360 218 touchmove 250 28 0 0 0 babies 0
novo_babies_markets_seeds 1583499468546 360 218 touchmove 242 29 0 0 0 babies 0
novo_babies_markets_seeds 1583499468564 360 218 touchmove 226 32 0 0 0 babies 0
novo_babies_markets_seeds 1583499468579 360 218 touchmove 209 34 0 0 0 babies 0
novo_babies_markets_seeds 1583499468596 360 218 touchmove 194 34 0 0 0 babies 0
novo_babies_markets_seeds 1583499468611 360 218 touchmove 177 33 0 0 0 babies 0
novo_babies_markets_seeds 1583499468627 360 218 touchmove 158 31 0 0 0 babies 0
novo_babies_markets_seeds 1583499468643 360 218 touchmove 139 30 0 0 0 babies 0
novo_babies_markets_seeds 1583499468660 360 218 touchmove 123 31 0 0 0 babies 0
novo_babies_markets_seeds 1583499468676 360 218 touchmove 113 32 0 0 0 babies 0
novo_babies_markets_seeds 1583499468694 360 218 touchmove 107 33 0 0 0 babies 0
novo_babies_markets_seeds 1583499468713 360 218 touchmove 103 33 0 0 0 babies 0
novo_babies_markets_seeds 1583499468729 360 218 touchmove 100 34 0 0 0 babies 0
novo_babies_markets_seeds 1583499468745 360 218 touchmove 96 35 0 0 0 babies 0
novo_babies_markets_seeds 1583499468762 360 218 touchmove 91 37 0 0 0 babies 0
novo_babies_markets_seeds 1583499468781 360 218 touchmove 87 38 0 0 0 babies 0
novo_babies_markets_seeds 1583499468797 360 218 touchmove 83 39 0 0 0 babies 0
novo_babies_markets_seeds 1583499468815 360 218 touchmove 81 40 0 0 0 babies 0
novo_babies_markets_seeds 1583499468829 360 218 touchmove 80 40 0 0 0 babies 0
novo_babies_markets_seeds 1583499468844 360 218 touchmove 79 40 0 0 0 babies 0
novo_babies_markets_seeds 1583499468911 360 218 touchmove 80 41 0 0 0 babies 0
novo_babies_markets_seeds 1583499468930 360 218 touchmove 88 45 0 0 0 babies 0
novo_babies_markets_seeds 1583499468948 360 218 touchmove 99 51 0 0 0 babies 0
novo_babies_markets_seeds 1583499468960 360 218 touchmove 106 54 0 0 0 babies 0
novo_babies_markets_seeds 1583499468977 360 218 touchmove 125 67 0 0 0 babies 0
novo_babies_markets_seeds 1583499468994 360 218 touchmove 139 79 0 0 0 babies 0
novo_babies_markets_seeds 1583499469012 360 218 touchmove 151 90 0 0 0 babies 0
novo_babies_markets_seeds 1583499469031 360 218 touchmove 163 101 0 0 0 babies 0
novo_babies_markets_seeds 1583499469044 360 218 touchmove 168 106 0 0 0 babies 0
novo_babies_markets_seeds 1583499469061 360 218 touchmove 179 114 0 0 0 babies 0
novo_babies_markets_seeds 1583499469078 360 218 touchmove 189 123 0 0 0 babies 0
novo_babies_markets_seeds 1583499469100 360 218 touchmove 199 134 0 0 0 babies 0
novo_babies_markets_seeds 1583499469113 360 218 touchmove 202 137 0 0 0 babies 0
novo_babies_markets_seeds 1583499469128 360 218 touchmove 208 148 0 0 0 babies 0
novo_babies_markets_seeds 1583499469147 360 218 touchmove 210 151 0 0 0 babies 0
novo_babies_markets_seeds 1583499469161 360 218 touchmove 213 158 0 0 0 babies 0
novo_babies_markets_seeds 1583499469178 360 218 touchmove 216 163 0 0 0 babies 0
novo_babies_markets_seeds 1583499469196 360 218 touchmove 218 166 0 0 0 babies 0
novo_babies_markets_seeds 1583499469211 360 218 touchmove 219 167 0 0 0 babies 0
novo_babies_markets_seeds 1583499469230 360 218 touchmove 219 168 0 0 0 babies 0
novo_babies_markets_seeds 1583499469247 360 218 touchmove 220 168 0 0 0 babies 0
novo_babies_markets_seeds 1583499469264 360 218 touchmove 220 169 0 0 0 babies 0
novo_babies_markets_seeds 1583499469313 360 218 touchmove 220 169 0 0 0 babies 0
novo_babies_markets_seeds 1583499469450 360 218 touchmove 220 169 0 0 0 babies 0
novo_babies_markets_seeds 1583499469531 360 218 touchmove 220 169 0 0 0 babies 0
novo_babies_markets_seeds 1583499469546 360 218 touchmove 219 168 0 0 0 babies 0
novo_babies_markets_seeds 1583499469564 360 218 touchmove 215 165 0 0 0 babies 0
novo_babies_markets_seeds 1583499469584 360 218 touchmove 208 162 0 0 0 babies 0
novo_babies_markets_seeds 1583499469595 360 218 touchmove 200 159 0 0 0 babies 0
novo_babies_markets_seeds 1583499469612 360 218 touchmove 194 158 0 0 0 babies 0
novo_babies_markets_seeds 1583499469629 360 218 touchmove 188 157 0 0 0 babies 0
novo_babies_markets_seeds 1583499469648 360 218 touchmove 182 157 0 0 0 babies 0
novo_babies_markets_seeds 1583499469665 360 218 touchmove 176 157 0 0 0 babies 0
novo_babies_markets_seeds 1583499469681 360 218 touchmove 170 157 0 0 0 babies 0
novo_babies_markets_seeds 1583499469696 360 218 touchmove 164 158 0 0 0 babies 0
novo_babies_markets_seeds 1583499469714 360 218 touchmove 161 158 0 0 0 babies 0
novo_babies_markets_seeds 1583499469730 360 218 touchmove 160 158 0 0 0 babies 0
novo_babies_markets_seeds 1583499469749 360 218 touchmove 157 158 0 0 0 babies 0
novo_babies_markets_seeds 1583499469766 360 218 touchmove 155 159 0 0 0 babies 0
novo_babies_markets_seeds 1583499469780 360 218 touchmove 151 159 0 0 0 babies 0
novo_babies_markets_seeds 1583499469796 360 218 touchmove 147 159 0 0 0 babies 0
novo_babies_markets_seeds 1583499469814 360 218 touchmove 145 159 0 0 0 babies 0
novo_babies_markets_seeds 1583499469830 360 218 touchmove 141 159 0 0 0 babies 0
novo_babies_markets_seeds 1583499469893 360 218 touchmove 135 159 0 0 0 babies 0
novo_babies_markets_seeds 1583499469898 360 218 touchmove 132 158 0 0 0 babies 0
novo_babies_markets_seeds 1583499469900 360 218 touchend 132 158 0 0 0 babies 0
novo_babies_markets_seeds 1583499471262 360 218 touchstart 307 147 0 0 0 markets 0
novo_babies_markets_seeds 1583499471340 360 218 touchmove 284 130 0 0 0 markets 0
novo_babies_markets_seeds 1583499471358 360 218 touchmove 265 115 0 0 0 markets 0
novo_babies_markets_seeds 1583499471378 360 218 touchmove 213 82 0 0 0 markets 0
novo_babies_markets_seeds 1583499471400 360 218 touchmove 162 56 0 0 0 markets 0
novo_babies_markets_seeds 1583499471417 360 218 touchmove 129 44 0 0 0 markets 0
novo_babies_markets_seeds 1583499471433 360 218 touchmove 113 38 0 0 0 markets 0
novo_babies_markets_seeds 1583499471450 360 218 touchmove 80 27 0 0 0 markets 0
novo_babies_markets_seeds 1583499471470 360 218 touchmove 35 12 0 0 0 markets 0
novo_babies_markets_seeds 1583499471483 360 218 touchmove 26 8 0 0 0 markets 0
novo_babies_markets_seeds 1583499471501 360 218 touchmove 9 -1 0 0 0 markets 0
novo_babies_markets_seeds 1583499471518 360 218 touchmove 5 -4 0 0 0 markets 0
novo_babies_markets_seeds 1583499471537 360 218 touchmove 4 -5 0 0 0 markets 0
novo_babies_markets_seeds 1583499471553 360 218 touchmove 4 -6 0 0 0 markets 0
novo_babies_markets_seeds 1583499471575 360 218 touchmove 5 -5 0 0 0 markets 0
novo_babies_markets_seeds 1583499471588 360 218 touchmove 12 -4 0 0 0 markets 0
novo_babies_markets_seeds 1583499471603 360 218 touchmove 55 11 0 0 0 markets 0
novo_babies_markets_seeds 1583499471620 360 218 touchmove 86 23 0 0 0 markets 0
novo_babies_markets_seeds 1583499471637 360 218 touchmove 148 45 0 0 0 markets 0
novo_babies_markets_seeds 1583499471654 360 218 touchmove 213 59 0 0 0 markets 0
novo_babies_markets_seeds 1583499471669 360 218 touchmove 228 60 0 0 0 markets 0
novo_babies_markets_seeds 1583499471687 360 218 touchmove 268 59 0 0 0 markets 0
novo_babies_markets_seeds 1583499471703 360 218 touchmove 281 60 0 0 0 markets 0
novo_babies_markets_seeds 1583499471719 360 218 touchmove 306 68 0 0 0 markets 0
novo_babies_markets_seeds 1583499471737 360 218 touchmove 325 81 0 0 0 markets 0
novo_babies_markets_seeds 1583499471753 360 218 touchmove 332 89 0 0 0 markets 0
novo_babies_markets_seeds 1583499471771 360 218 touchmove 331 93 0 0 0 markets 0
novo_babies_markets_seeds 1583499471789 360 218 touchmove 301 98 0 0 0 markets 0
novo_babies_markets_seeds 1583499471804 360 218 touchmove 260 94 0 0 0 markets 0
novo_babies_markets_seeds 1583499471821 360 218 touchmove 236 91 0 0 0 markets 0
novo_babies_markets_seeds 1583499471838 360 218 touchmove 179 82 0 0 0 markets 0
novo_babies_markets_seeds 1583499471854 360 218 touchmove 127 72 0 0 0 markets 0
novo_babies_markets_seeds 1583499471871 360 218 touchmove 90 68 0 0 0 markets 0
novo_babies_markets_seeds 1583499471887 360 218 touchmove 70 67 0 0 0 markets 0
novo_babies_markets_seeds 1583499471903 360 218 touchmove 66 67 0 0 0 markets 0
novo_babies_markets_seeds 1583499471919 360 218 touchmove 65 67 0 0 0 markets 0
novo_babies_markets_seeds 1583499471936 360 218 touchmove 69 65 0 0 0 markets 0
novo_babies_markets_seeds 1583499471951 360 218 touchmove 87 64 0 0 0 markets 0
novo_babies_markets_seeds 1583499471969 360 218 touchmove 126 68 0 0 0 markets 0
novo_babies_markets_seeds 1583499471987 360 218 touchmove 179 79 0 0 0 markets 0
novo_babies_markets_seeds 1583499472003 360 218 touchmove 225 90 0 0 0 markets 0
novo_babies_markets_seeds 1583499472017 360 218 touchmove 252 96 0 0 0 markets 0
novo_babies_markets_seeds 1583499472047 360 218 touchmove 264 98 0 0 0 markets 0
novo_babies_markets_seeds 1583499472068 360 218 touchmove 264 101 0 0 0 markets 0
novo_babies_markets_seeds 1583499472094 360 218 touchmove 249 115 0 0 0 markets 0
novo_babies_markets_seeds 1583499472102 360 218 touchmove 237 121 0 0 0 markets 0
novo_babies_markets_seeds 1583499472118 360 218 touchmove 205 129 0 0 0 markets 0
novo_babies_markets_seeds 1583499472135 360 218 touchmove 164 130 0 0 0 markets 0
novo_babies_markets_seeds 1583499472151 360 218 touchmove 114 124 0 0 0 markets 0
novo_babies_markets_seeds 1583499472168 360 218 touchmove 63 112 0 0 0 markets 0
novo_babies_markets_seeds 1583499472187 360 218 touchmove 32 103 0 0 0 markets 0
novo_babies_markets_seeds 1583499472212 360 218 touchmove 29 101 0 0 0 markets 0
novo_babies_markets_seeds 1583499472214 360 218 touchend 29 101 0 0 0 markets 0
novo_babies_markets_seeds 1583499472758 360 218 touchmove 124 65 0 0 0 seeds 1
novo_babies_markets_seeds 1583499472852 360 218 touchmove 171 111 0 0 0 seeds 1
novo_babies_markets_seeds 1583499472870 360 218 touchmove 142 88 0 0 0 seeds 1
novo_babies_markets_seeds 1583499472886 360 218 touchmove 112 62 0 0 0 seeds 1
novo_babies_markets_seeds 1583499472903 360 218 touchmove 84 39 0 0 0 seeds 1
novo_babies_markets_seeds 1583499472921 360 218 touchmove 65 22 0 0 0 seeds 1
novo_babies_markets_seeds 1583499472936 360 218 touchmove 58 14 0 0 0 seeds 1
novo_babies_markets_seeds 1583499472952 360 218 touchmove 60 13 0 0 0 seeds 1
novo_babies_markets_seeds 1583499472970 360 218 touchmove 81 23 0 0 0 seeds 1
novo_babies_markets_seeds 1583499472989 360 218 touchmove 118 45 0 0 0 seeds 1
novo_babies_markets_seeds 1583499473003 360 218 touchmove 158 71 0 0 0 seeds 1
novo_babies_markets_seeds 1583499473020 360 218 touchmove 196 94 0 0 0 seeds 1
novo_babies_markets_seeds 1583499473036 360 218 touchmove 222 107 0 0 0 seeds 1
novo_babies_markets_seeds 1583499473053 360 218 touchmove 235 111 0 0 0 seeds 1
novo_babies_markets_seeds 1583499473071 360 218 touchmove 237 109 0 0 0 seeds 1
novo_babies_markets_seeds 1583499473087 360 218 touchmove 226 97 0 0 0 seeds 1
novo_babies_markets_seeds 1583499473106 360 218 touchmove 201 76 0 0 0 seeds 1
novo_babies_markets_seeds 1583499473121 360 218 touchmove 172 51 0 0 0 seeds 1
novo_babies_markets_seeds 1583499473138 360 218 touchmove 150 30 0 0 0 seeds 1
novo_babies_markets_seeds 1583499473155 360 218 touchmove 143 17 0 0 0 seeds 1
novo_babies_markets_seeds 1583499473171 360 218 touchmove 150 11 0 0 0 seeds 1
novo_babies_markets_seeds 1583499473187 360 218 touchmove 180 14 0 0 0 seeds 1
novo_babies_markets_seeds 1583499473204 360 218 touchmove 219 32 0 0 0 seeds 1
novo_babies_markets_seeds 1583499473221 360 218 touchmove 255 52 0 0 0 seeds 1
novo_babies_markets_seeds 1583499473238 360 218 touchmove 282 69 0 0 0 seeds 1
novo_babies_markets_seeds 1583499473254 360 218 touchmove 288 74 0 0 0 seeds 1
novo_babies_markets_seeds 1583499473272 360 218 touchmove 281 76 0 0 0 seeds 1
novo_babies_markets_seeds 1583499473288 360 218 touchmove 248 59 0 0 0 seeds 1
novo_babies_markets_seeds 1583499473304 360 218 touchmove 226 46 0 0 0 seeds 1
novo_babies_markets_seeds 1583499473321 360 218 touchmove 179 20 0 0 0 seeds 1
novo_babies_markets_seeds 1583499473338 360 218 touchmove 135 -3 0 0 0 seeds 1
novo_babies_markets_seeds 1583499473355 360 218 touchmove 103 -16 0 0 0 seeds 1
novo_babies_markets_seeds 1583499473371 360 218 touchmove 88 -18 0 0 0 seeds 1
novo_babies_markets_seeds 1583499473389 360 218 touchmove 86 -13 0 0 0 seeds 1
novo_babies_markets_seeds 1583499473392 360 218 touchend 86 -13 0 0 0 seeds 1
novo_babies_markets_seeds 1583499473864 360 218 touchstart 149 157 0 0 0 seeds 1
novo_babies_markets_seeds 1583499473905 360 218 touchmove 140 151 0 0 0 seeds 1
novo_babies_markets_seeds 1583499473922 360 218 touchmove 106 125 0 0 0 seeds 1
novo_babies_markets_seeds 1583499473938 360 218 touchmove 79 100 0 0 0 seeds 1
novo_babies_markets_seeds 1583499473955 360 218 touchmove 56 76 0 0 0 seeds 1
novo_babies_markets_seeds 1583499473972 360 218 touchmove 36 55 0 0 0 seeds 1
novo_babies_markets_seeds 1583499473989 360 218 touchmove 27 45 0 0 0 seeds 1
novo_babies_markets_seeds 1583499474005 360 218 touchmove 29 40 0 0 0 seeds 1
novo_babies_markets_seeds 1583499474022 360 218 touchmove 43 40 0 0 0 seeds 1
novo_babies_markets_seeds 1583499474039 360 218 touchmove 72 51 0 0 0 seeds 1
novo_babies_markets_seeds 1583499474055 360 218 touchmove 107 74 0 0 0 seeds 1
novo_babies_markets_seeds 1583499474073 360 218 touchmove 141 98 0 0 0 seeds 1
novo_babies_markets_seeds 1583499474090 360 218 touchmove 165 117 0 0 0 seeds 1
novo_babies_markets_seeds 1583499474106 360 218 touchmove 177 126 0 0 0 seeds 1
novo_babies_markets_seeds 1583499474123 360 218 touchmove 179 128 0 0 0 seeds 1
novo_babies_markets_seeds 1583499474140 360 218 touchmove 176 127 0 0 0 seeds 1
novo_babies_markets_seeds 1583499474156 360 218 touchmove 159 115 0 0 0 seeds 1
novo_babies_markets_seeds 1583499474173 360 218 touchmove 130 91 0 0 0 seeds 1
novo_babies_markets_seeds 1583499474190 360 218 touchmove 96 58 0 0 0 seeds 1
novo_babies_markets_seeds 1583499474207 360 218 touchmove 90 51 0 0 0 seeds 1
novo_babies_markets_seeds 1583499474224 360 218 touchmove 86 46 0 0 0 seeds 1
novo_babies_markets_seeds 1583499474240 360 218 touchmove 111 51 0 0 0 seeds 1
novo_babies_markets_seeds 1583499474257 360 218 touchmove 129 59 0 0 0 seeds 1
novo_babies_markets_seeds 1583499474274 360 218 touchmove 170 84 0 0 0 seeds 1
novo_babies_markets_seeds 1583499474292 360 218 touchmove 206 107 0 0 0 seeds 1
novo_babies_markets_seeds 1583499474307 360 218 touchmove 228 120 0 0 0 seeds 1
novo_babies_markets_seeds 1583499474323 360 218 touchmove 234 124 0 0 0 seeds 1
novo_babies_markets_seeds 1583499474340 360 218 touchmove 231 122 0 0 0 seeds 1
novo_babies_markets_seeds 1583499474357 360 218 touchmove 208 106 0 0 0 seeds 1
novo_babies_markets_seeds 1583499474374 360 218 touchmove 174 77 0 0 0 seeds 1
novo_babies_markets_seeds 1583499474392 360 218 touchmove 144 51 0 0 0 seeds 1
novo_babies_markets_seeds 1583499474408 360 218 touchmove 126 37 0 0 0 seeds 1
novo_babies_markets_seeds 1583499474424 360 218 touchmove 119 31 0 0 0 seeds 1
novo_babies_markets_seeds 1583499474442 360 218 touchmove 124 31 0 0 0 seeds 1
novo_babies_markets_seeds 1583499474458 360 218 touchmove 150 44 0 0 0 seeds 1
novo_babies_markets_seeds 1583499474474 360 218 touchmove 188 68 0 0 0 seeds 1
novo_babies_markets_seeds 1583499474492 360 218 touchmove 220 93 0 0 0 seeds 1
novo_babies_markets_seeds 1583499474509 360 218 touchmove 242 110 0 0 0 seeds 1
novo_babies_markets_seeds 1583499474524 360 218 touchmove 249 115 0 0 0 seeds 1
novo_babies_markets_seeds 1583499474542 360 218 touchmove 247 115 0 0 0 seeds 1
novo_babies_markets_seeds 1583499474559 360 218 touchmove 227 103 0 0 0 seeds 1
novo_babies_markets_seeds 1583499474575 360 218 touchmove 194 79 0 0 0 seeds 1
novo_babies_markets_seeds 1583499474591 360 218 touchmove 163 55 0 0 0 seeds 1
novo_babies_markets_seeds 1583499474607 360 218 touchmove 143 40 0 0 0 seeds 1
novo_babies_markets_seeds 1583499474624 360 218 touchmove 135 34 0 0 0 seeds 1
novo_babies_markets_seeds 1583499474642 360 218 touchmove 141 34 0 0 0 seeds 1
novo_babies_markets_seeds 1583499474658 360 218 touchmove 172 48 0 0 0 seeds 1
novo_babies_markets_seeds 1583499474674 360 218 touchmove 214 80 0 0 0 seeds 1
novo_babies_markets_seeds 1583499474691 360 218 touchmove 257 118 0 0 0 seeds 1
novo_babies_markets_seeds 1583499474708 360 218 touchmove 293 153 0 0 0 seeds 1
novo_babies_markets_seeds 1583499474725 360 218 touchmove 310 176 0 0 0 seeds 1
novo_babies_markets_seeds 1583499474741 360 218 touchmove 312 183 0 0 0 seeds 1
novo_babies_markets_seeds 1583499474758 360 218 touchmove 307 182 0 0 0 seeds 1
novo_babies_markets_seeds 1583499474765 360 218 touchend 307 182 0 0 0 seeds 1
novo_babies_markets_seeds 1583499476489 360 218 touchstart 70 89 0 0 0 seeds 0
novo_babies_markets_seeds 1583499476577 360 218 touchmove 73 75 0 0 0 seeds 0
novo_babies_markets_seeds 1583499476594 360 218 touchmove 75 65 0 0 0 seeds 0
novo_babies_markets_seeds 1583499476611 360 218 touchmove 80 47 0 0 0 seeds 0
novo_babies_markets_seeds 1583499476630 360 218 touchmove 83 36 0 0 0 seeds 0
novo_babies_markets_seeds 1583499476648 360 218 touchmove 85 27 0 0 0 seeds 0
novo_babies_markets_seeds 1583499476666 360 218 touchmove 87 18 0 0 0 seeds 0
novo_babies_markets_seeds 1583499476680 360 218 touchmove 89 12 0 0 0 seeds 0
novo_babies_markets_seeds 1583499476696 360 218 touchmove 91 8 0 0 0 seeds 0
novo_babies_markets_seeds 1583499476713 360 218 touchmove 92 6 0 0 0 seeds 0
novo_babies_markets_seeds 1583499476733 360 218 touchmove 93 6 0 0 0 seeds 0
novo_babies_markets_seeds 1583499476750 360 218 touchmove 93 5 0 0 0 seeds 0
novo_babies_markets_seeds 1583499476797 360 218 touchmove 92 6 0 0 0 seeds 0
novo_babies_markets_seeds 1583499476815 360 218 touchmove 88 12 0 0 0 seeds 0
novo_babies_markets_seeds 1583499476832 360 218 touchmove 87 20 0 0 0 seeds 0
novo_babies_markets_seeds 1583499476848 360 218 touchmove 85 33 0 0 0 seeds 0
novo_babies_markets_seeds 1583499476864 360 218 touchmove 84 47 0 0 0 seeds 0
novo_babies_markets_seeds 1583499476881 360 218 touchmove 82 62 0 0 0 seeds 0
novo_babies_markets_seeds 1583499476898 360 218 touchmove 80 68 0 0 0 seeds 0
novo_babies_markets_seeds 1583499476916 360 218 touchmove 76 86 0 0 0 seeds 0
novo_babies_markets_seeds 1583499476933 360 218 touchmove 74 91 0 0 0 seeds 0
novo_babies_markets_seeds 1583499476949 360 218 touchmove 72 98 0 0 0 seeds 0
novo_babies_markets_seeds 1583499476964 360 218 touchmove 71 105 0 0 0 seeds 0
novo_babies_markets_seeds 1583499476980 360 218 touchmove 70 112 0 0 0 seeds 0
novo_babies_markets_seeds 1583499477000 360 218 touchmove 70 119 0 0 0 seeds 0
novo_babies_markets_seeds 1583499477016 360 218 touchmove 69 120 0 0 0 seeds 0
novo_babies_markets_seeds 1583499477032 360 218 touchmove 69 122 0 0 0 seeds 0
novo_babies_markets_seeds 1583499477050 360 218 touchmove 69 123 0 0 0 seeds 0
novo_babies_markets_seeds 1583499477064 360 218 touchmove 69 123 0 0 0 seeds 0
novo_babies_markets_seeds 1583499477081 360 218 touchmove 68 123 0 0 0 seeds 0
novo_babies_markets_seeds 1583499477097 360 218 touchmove 68 124 0 0 0 seeds 0
novo_babies_markets_seeds 1583499477164 360 218 touchmove 68 123 0 0 0 seeds 0
novo_babies_markets_seeds 1583499477182 360 218 touchmove 69 122 0 0 0 seeds 0
novo_babies_markets_seeds 1583499477199 360 218 touchmove 69 121 0 0 0 seeds 0
novo_babies_markets_seeds 1583499477216 360 218 touchmove 69 120 0 0 0 seeds 0
novo_babies_markets_seeds 1583499477231 360 218 touchmove 69 119 0 0 0 seeds 0
novo_babies_markets_seeds 1583499477249 360 218 touchmove 69 119 0 0 0 seeds 0
novo_babies_markets_seeds 1583499477265 360 218 touchmove 69 118 0 0 0 seeds 0
novo_babies_markets_seeds 1583499477280 360 218 touchmove 69 118 0 0 0 seeds 0
novo_babies_markets_seeds 1583499477448 360 218 touchmove 69 117 0 0 0 seeds 0
novo_babies_markets_seeds 1583499477516 360 218 touchmove 69 117 0 0 0 seeds 0
novo_babies_markets_seeds 1583499477536 360 218 touchmove 69 116 0 0 0 seeds 0
novo_babies_markets_seeds 1583499477551 360 218 touchmove 69 116 0 0 0 seeds 0
novo_babies_markets_seeds 1583499477566 360 218 touchmove 69 114 0 0 0 seeds 0
novo_babies_markets_seeds 1583499477583 360 218 touchmove 69 112 0 0 0 seeds 0
novo_babies_markets_seeds 1583499477599 360 218 touchmove 68 109 0 0 0 seeds 0
novo_babies_markets_seeds 1583499477615 360 218 touchmove 69 107 0 0 0 seeds 0
novo_babies_markets_seeds 1583499477631 360 218 touchmove 69 105 0 0 0 seeds 0
novo_babies_markets_seeds 1583499477650 360 218 touchmove 70 103 0 0 0 seeds 0
novo_babies_markets_seeds 1583499477666 360 218 touchmove 70 100 0 0 0 seeds 0
novo_babies_markets_seeds 1583499477684 360 218 touchmove 71 95 0 0 0 seeds 0
novo_babies_markets_seeds 1583499477700 360 218 touchmove 72 90 0 0 0 seeds 0
novo_babies_markets_seeds 1583499477717 360 218 touchmove 72 87 0 0 0 seeds 0
novo_babies_markets_seeds 1583499477735 360 218 touchmove 73 76 0 0 0 seeds 0
novo_babies_markets_seeds 1583499477755 360 218 touchmove 73 68 0 0 0 seeds 0
novo_babies_markets_seeds 1583499477776 360 218 touchend 73 68 0 0 0 seeds 0
