sentence timestamp keyb_width keyb_height event x_pos y_pos x_radius y_radius angle word is_err
yes_i_am_playing 1580373486710 423 258 touchstart 202 24 0.98039215803146 0.98039215803146 0 yes 0
yes_i_am_playing 1580373486716 423 258 touchmove 202 24 2.1568627357483 2.1568627357483 0 yes 0
yes_i_am_playing 1580373486721 423 258 touchmove 202 24 2.3529412746429 2.3529412746429 0 yes 0
yes_i_am_playing 1580373486735 423 258 touchmove 202 24 2.1568627357483 2.1568627357483 0 yes 0
yes_i_am_playing 1580373486752 423 258 touchmove 201 25 2.1568627357483 2.1568627357483 0 yes 0
yes_i_am_playing 1580373486769 423 258 touchmove 199 29 2.3529412746429 2.3529412746429 0 yes 0
yes_i_am_playing 1580373486785 423 258 touchmove 195 37 2.1568627357483 2.1568627357483 0 yes 0
yes_i_am_playing 1580373486802 423 258 touchmove 189 46 2.3529412746429 2.3529412746429 0 yes 0
yes_i_am_playing 1580373486818 423 258 touchmove 184 53 2.3529412746429 2.3529412746429 0 yes 0
yes_i_am_playing 1580373486835 423 258 touchmove 179 58 2.3529412746429 2.3529412746429 0 yes 0
yes_i_am_playing 1580373486851 423 258 touchmove 174 62 2.549019575119 2.549019575119 0 yes 0
yes_i_am_playing 1580373486869 423 258 touchmove 170 65 2.549019575119 2.549019575119 0 yes 0
yes_i_am_playing 1580373486885 423 258 touchmove 164 66 2.549019575119 2.549019575119 0 yes 0
yes_i_am_playing 1580373486902 423 258 touchmove 156 67 2.3529412746429 2.3529412746429 0 yes 0
yes_i_am_playing 1580373486918 423 258 touchmove 146 64 2.1568627357483 2.1568627357483 0 yes 0
yes_i_am_playing 1580373486935 423 258 touchmove 134 57 2.3529412746429 2.3529412746429 0 yes 0
yes_i_am_playing 1580373486952 423 258 touchmove 124 47 2.3529412746429 2.3529412746429 0 yes 0
yes_i_am_playing 1580373486968 423 258 touchmove 116 38 2.3529412746429 2.3529412746429 0 yes 0
yes_i_am_playing 1580373486984 423 258 touchmove 112 30 2.3529412746429 2.3529412746429 0 yes 0
yes_i_am_playing 1580373487001 423 258 touchmove 109 25 2.3529412746429 2.3529412746429 0 yes 0
yes_i_am_playing 1580373487018 423 258 touchmove 107 22 2.3529412746429 2.3529412746429 0 yes 0
yes_i_am_playing 1580373487035 423 258 touchmove 107 21 2.3529412746429 2.3529412746429 0 yes 0
yes_i_am_playing 1580373487052 423 258 touchmove 106 21 2.549019575119 2.549019575119 0 yes 0
yes_i_am_playing 1580373487068 423 258 touchmove 105 21 2.3529412746429 2.3529412746429 0 yes 0
yes_i_am_playing 1580373487085 423 258 touchmove 105 21 2.549019575119 2.549019575119 0 yes 0
yes_i_am_playing 1580373487101 423 258 touchmove 104 26 2.3529412746429 2.3529412746429 0 yes 0
yes_i_am_playing 1580373487119 423 258 touchmove 103 42 2.3529412746429 2.3529412746429 0 yes 0
yes_i_am_playing 1580373487135 423 258 touchmove 103 61 2.549019575119 2.549019575119 0 yes 0
yes_i_am_playing 1580373487151 423 258 touchmove 102 74 2.549019575119 2.549019575119 0 yes 0
yes_i_am_playing 1580373487169 423 258 touchmove 101 87 2.3529412746429 2.3529412746429 0 yes 0
yes_i_am_playing 1580373487185 423 258 touchmove 100 98 2.3529412746429 2.3529412746429 0 yes 0
yes_i_am_playing 1580373487202 423 258 touchmove 99 105 2.3529412746429 2.3529412746429 0 yes 0
yes_i_am_playing 1580373487218 423 258 touchmove 98 111 2.3529412746429 2.3529412746429 0 yes 0
yes_i_am_playing 1580373487234 423 258 touchmove 98 117 2.3529412746429 2.3529412746429 0 yes 0
yes_i_am_playing 1580373487251 423 258 touchmove 97 121 2.3529412746429 2.3529412746429 0 yes 0
yes_i_am_playing 1580373487268 423 258 touchmove 96 124 2.3529412746429 2.3529412746429 0 yes 0
yes_i_am_playing 1580373487285 423 258 touchmove 96 128 2.3529412746429 2.3529412746429 0 yes 0
yes_i_am_playing 1580373487300 423 258 touchmove 96 128 0.98039215803146 0.98039215803146 0 yes 0
yes_i_am_playing 1580373487311 423 258 touchend 96 128 0.98039215803146 0.98039215803146 0 yes 0
yes_i_am_playing 1580373488693 423 258 touchmove 327 40 2.1568627357483 2.1568627357483 0 i 0
yes_i_am_playing 1580373488801 423 258 touchmove 327 40 0.98039215803146 0.98039215803146 0 i 0
yes_i_am_playing 1580373488821 423 258 touchend 327 40 0.98039215803146 0.98039215803146 0 i 0
yes_i_am_playing 1580373489927 423 258 touchstart 39 110 2.1568627357483 2.1568627357483 0 am 0
yes_i_am_playing 1580373489957 423 258 touchmove 39 110 2.3529412746429 2.3529412746429 0 am 0
yes_i_am_playing 1580373489985 423 258 touchmove 40 110 2.3529412746429 2.3529412746429 0 am 0
yes_i_am_playing 1580373489999 423 258 touchmove 47 110 2.3529412746429 2.3529412746429 0 am 0
yes_i_am_playing 1580373490015 423 258 touchmove 60 110 2.3529412746429 2.3529412746429 0 am 0
yes_i_am_playing 1580373490033 423 258 touchmove 75 111 2.3529412746429 2.3529412746429 0 am 0
yes_i_am_playing 1580373490049 423 258 touchmove 93 116 2.3529412746429 2.3529412746429 0 am 0
yes_i_am_playing 1580373490066 423 258 touchmove 114 124 2.3529412746429 2.3529412746429 0 am 0
yes_i_am_playing 1580373490082 423 258 touchmove 136 134 2.3529412746429 2.3529412746429 0 am 0
yes_i_am_playing 1580373490100 423 258 touchmove 158 145 2.3529412746429 2.3529412746429 0 am 0
yes_i_am_playing 1580373490116 423 258 touchmove 183 156 2.3529412746429 2.3529412746429 0 am 0
yes_i_am_playing 1580373490133 423 258 touchmove 209 164 2.3529412746429 2.3529412746429 0 am 0
yes_i_am_playing 1580373490149 423 258 touchmove 236 169 2.549019575119 2.549019575119 0 am 0
yes_i_am_playing 1580373490166 423 258 touchmove 260 174 2.1568627357483 2.1568627357483 0 am 0
yes_i_am_playing 1580373490182 423 258 touchmove 280 179 0.98039215803146 0.98039215803146 0 am 0
yes_i_am_playing 1580373490200 423 258 touchmove 296 180 2.3529412746429 2.3529412746429 0 am 0
yes_i_am_playing 1580373490215 423 258 touchmove 310 179 0.98039215803146 0.98039215803146 0 am 0
yes_i_am_playing 1580373490232 423 258 touchmove 319 176 2.1568627357483 2.1568627357483 0 am 0
yes_i_am_playing 1580373490249 423 258 touchmove 323 175 2.549019575119 2.549019575119 0 am 0
yes_i_am_playing 1580373490266 423 258 touchmove 324 175 2.549019575119 2.549019575119 0 am 0
yes_i_am_playing 1580373490283 423 258 touchmove 327 175 2.549019575119 2.549019575119 0 am 0
yes_i_am_playing 1580373490298 423 258 touchmove 330 174 2.3529412746429 2.3529412746429 0 am 0
yes_i_am_playing 1580373490316 423 258 touchmove 333 173 2.3529412746429 2.3529412746429 0 am 0
yes_i_am_playing 1580373490333 423 258 touchmove 336 173 2.3529412746429 2.3529412746429 0 am 0
yes_i_am_playing 1580373490349 423 258 touchmove 338 172 2.3529412746429 2.3529412746429 0 am 0
yes_i_am_playing 1580373490365 423 258 touchmove 339 172 2.3529412746429 2.3529412746429 0 am 0
yes_i_am_playing 1580373490382 423 258 touchmove 340 172 2.3529412746429 2.3529412746429 0 am 0
yes_i_am_playing 1580373490400 423 258 touchmove 342 172 2.549019575119 2.549019575119 0 am 0
yes_i_am_playing 1580373490416 423 258 touchmove 343 172 2.549019575119 2.549019575119 0 am 0
yes_i_am_playing 1580373490432 423 258 touchmove 344 172 2.549019575119 2.549019575119 0 am 0
yes_i_am_playing 1580373490448 423 258 touchmove 345 172 2.549019575119 2.549019575119 0 am 0
yes_i_am_playing 1580373490465 423 258 touchmove 346 172 2.549019575119 2.549019575119 0 am 0
yes_i_am_playing 1580373490481 423 258 touchmove 347 172 2.549019575119 2.549019575119 0 am 0
yes_i_am_playing 1580373490498 423 258 touchmove 347 172 2.549019575119 2.549019575119 0 am 0
yes_i_am_playing 1580373490515 423 258 touchmove 347 172 2.549019575119 2.549019575119 0 am 0
yes_i_am_playing 1580373490532 423 258 touchmove 348 172 2.549019575119 2.549019575119 0 am 0
yes_i_am_playing 1580373490551 423 258 touchmove 348 172 2.549019575119 2.549019575119 0 am 0
yes_i_am_playing 1580373490565 423 258 touchmove 349 172 2.549019575119 2.549019575119 0 am 0
yes_i_am_playing 1580373490581 423 258 touchmove 349 172 2.549019575119 2.549019575119 0 am 0
yes_i_am_playing 1580373490598 423 258 touchmove 349 172 2.549019575119 2.549019575119 0 am 0
yes_i_am_playing 1580373490615 423 258 touchmove 350 172 2.549019575119 2.549019575119 0 am 0
yes_i_am_playing 1580373490631 423 258 touchmove 350 172 2.549019575119 2.549019575119 0 am 0
yes_i_am_playing 1580373490648 423 258 touchmove 351 172 0.98039215803146 0.98039215803146 0 am 0
yes_i_am_playing 1580373490664 423 258 touchmove 351 172 0.98039215803146 0.98039215803146 0 am 0
yes_i_am_playing 1580373490681 423 258 touchend 351 172 0.98039215803146 0.98039215803146 0 am 0
yes_i_am_playing 1580373491812 423 258 touchstart 405 37 0.98039215803146 0.98039215803146 0 playing 1
yes_i_am_playing 1580373491814 423 258 touchmove 405 37 2.1568627357483 2.1568627357483 0 playing 1
yes_i_am_playing 1580373491879 423 258 touchmove 405 37 2.3529412746429 2.3529412746429 0 playing 1
yes_i_am_playing 1580373491896 423 258 touchmove 404 39 3.5294117927551 3.5294117927551 0 playing 1
yes_i_am_playing 1580373491912 423 258 touchmove 400 45 2.549019575119 2.549019575119 0 playing 1
yes_i_am_playing 1580373491928 423 258 touchmove 395 56 2.3529412746429 2.3529412746429 0 playing 1
yes_i_am_playing 1580373491945 423 258 touchmove 391 69 2.3529412746429 2.3529412746429 0 playing 1
yes_i_am_playing 1580373491962 423 258 touchmove 389 78 2.3529412746429 2.3529412746429 0 playing 1
yes_i_am_playing 1580373491978 423 258 touchmove 387 84 2.1568627357483 2.1568627357483 0 playing 1
yes_i_am_playing 1580373491995 423 258 touchmove 385 87 2.1568627357483 2.1568627357483 0 playing 1
yes_i_am_playing 1580373492012 423 258 touchmove 385 90 2.1568627357483 2.1568627357483 0 playing 1
yes_i_am_playing 1580373492028 423 258 touchmove 384 92 2.1568627357483 2.1568627357483 0 playing 1
yes_i_am_playing 1580373492045 423 258 touchmove 384 93 2.1568627357483 2.1568627357483 0 playing 1
yes_i_am_playing 1580373492061 423 258 touchmove 384 94 2.1568627357483 2.1568627357483 0 playing 1
yes_i_am_playing 1580373492079 423 258 touchmove 383 95 2.1568627357483 2.1568627357483 0 playing 1
yes_i_am_playing 1580373492095 423 258 touchmove 383 95 2.1568627357483 2.1568627357483 0 playing 1
yes_i_am_playing 1580373492111 423 258 touchmove 383 96 2.1568627357483 2.1568627357483 0 playing 1
yes_i_am_playing 1580373492130 423 258 touchmove 383 97 2.1568627357483 2.1568627357483 0 playing 1
yes_i_am_playing 1580373492136 423 258 touchstart 53 102 2.1568627357483 2.1568627357483 0 playing 1
yes_i_am_playing 1580373492145 423 258 touchmove 381 98 2.1568627357483 2.1568627357483 0 playing 1
yes_i_am_playing 1580373492162 423 258 touchmove 377 99 2.3529412746429 2.3529412746429 0 playing 1
yes_i_am_playing 1580373492178 423 258 touchmove 374 101 2.3529412746429 2.3529412746429 0 playing 1
yes_i_am_playing 1580373492195 423 258 touchmove 368 103 2.3529412746429 2.3529412746429 0 playing 1
yes_i_am_playing 1580373492212 423 258 touchmove 358 106 2.549019575119 2.549019575119 0 playing 1
yes_i_am_playing 1580373492228 423 258 touchmove 346 108 2.3529412746429 2.3529412746429 0 playing 1
yes_i_am_playing 1580373492245 423 258 touchmove 336 110 2.3529412746429 2.3529412746429 0 playing 1
yes_i_am_playing 1580373492262 423 258 touchmove 325 112 2.3529412746429 2.3529412746429 0 playing 1
yes_i_am_playing 1580373492278 423 258 touchmove 315 112 2.3529412746429 2.3529412746429 0 playing 1
yes_i_am_playing 1580373492295 423 258 touchmove 306 111 2.3529412746429 2.3529412746429 0 playing 1
yes_i_am_playing 1580373492311 423 258 touchmove 297 111 2.3529412746429 2.3529412746429 0 playing 1
yes_i_am_playing 1580373492328 423 258 touchmove 287 110 2.1568627357483 2.1568627357483 0 playing 1
yes_i_am_playing 1580373492345 423 258 touchmove 285 109 2.3529412746429 2.3529412746429 0 playing 1
yes_i_am_playing 1580373492361 423 258 touchmove 281 108 2.3529412746429 2.3529412746429 0 playing 1
yes_i_am_playing 1580373492379 423 258 touchmove 278 106 2.3529412746429 2.3529412746429 0 playing 1
yes_i_am_playing 1580373492395 423 258 touchmove 274 105 2.3529412746429 2.3529412746429 0 playing 1
yes_i_am_playing 1580373492412 423 258 touchmove 269 104 2.3529412746429 2.3529412746429 0 playing 1
yes_i_am_playing 1580373492427 423 258 touchmove 260 99 2.3529412746429 2.3529412746429 0 playing 1
yes_i_am_playing 1580373492444 423 258 touchmove 253 97 2.3529412746429 2.3529412746429 0 playing 1
yes_i_am_playing 1580373492463 423 258 touchmove 251 95 2.3529412746429 2.3529412746429 0 playing 1
yes_i_am_playing 1580373492478 423 258 touchmove 246 93 2.3529412746429 2.3529412746429 0 playing 1
yes_i_am_playing 1580373492494 423 258 touchmove 243 92 2.3529412746429 2.3529412746429 0 playing 1
yes_i_am_playing 1580373492512 423 258 touchmove 242 91 2.3529412746429 2.3529412746429 0 playing 1
yes_i_am_playing 1580373492528 423 258 touchmove 240 90 2.3529412746429 2.3529412746429 0 playing 1
yes_i_am_playing 1580373492544 423 258 touchmove 240 90 2.3529412746429 2.3529412746429 0 playing 1
yes_i_am_playing 1580373492561 423 258 touchmove 238 90 2.3529412746429 2.3529412746429 0 playing 1
yes_i_am_playing 1580373492577 423 258 touchmove 238 89 2.3529412746429 2.3529412746429 0 playing 1
yes_i_am_playing 1580373492594 423 258 touchmove 237 89 2.3529412746429 2.3529412746429 0 playing 1
yes_i_am_playing 1580373492610 423 258 touchmove 237 89 2.3529412746429 2.3529412746429 0 playing 1
yes_i_am_playing 1580373492627 423 258 touchmove 236 89 2.3529412746429 2.3529412746429 0 playing 1
yes_i_am_playing 1580373492635 423 258 touchend 71 106 0.98039215803146 0.98039215803146 0 playing 1
yes_i_am_playing 1580373491812 423 258 touchstart 405 37 0.98039215803146 0.98039215803146 0 playing 1 1
yes_i_am_playing 1580373491814 423 258 touchmove 405 37 2.1568627357483 2.1568627357483 0 playing 1 1
yes_i_am_playing 1580373491879 423 258 touchmove 405 37 2.3529412746429 2.3529412746429 0 playing 1 1
yes_i_am_playing 1580373491896 423 258 touchmove 404 39 3.5294117927551 3.5294117927551 0 playing 1 1
yes_i_am_playing 1580373491912 423 258 touchmove 400 45 2.549019575119 2.549019575119 0 playing 1 1
yes_i_am_playing 1580373491928 423 258 touchmove 395 56 2.3529412746429 2.3529412746429 0 playing 1 1
yes_i_am_playing 1580373491945 423 258 touchmove 391 69 2.3529412746429 2.3529412746429 0 playing 1 1
yes_i_am_playing 1580373491962 423 258 touchmove 389 78 2.3529412746429 2.3529412746429 0 playing 1 1
yes_i_am_playing 1580373491978 423 258 touchmove 387 84 2.1568627357483 2.1568627357483 0 playing 1 1
yes_i_am_playing 1580373491995 423 258 touchmove 385 87 2.1568627357483 2.1568627357483 0 playing 1 1
yes_i_am_playing 1580373492012 423 258 touchmove 385 90 2.1568627357483 2.1568627357483 0 playing 1 1
yes_i_am_playing 1580373492028 423 258 touchmove 384 92 2.1568627357483 2.1568627357483 0 playing 1 1
yes_i_am_playing 1580373492045 423 258 touchmove 384 93 2.1568627357483 2.1568627357483 0 playing 1 1
yes_i_am_playing 1580373492061 423 258 touchmove 384 94 2.1568627357483 2.1568627357483 0 playing 1 1
yes_i_am_playing 1580373492079 423 258 touchmove 383 95 2.1568627357483 2.1568627357483 0 playing 1 1
yes_i_am_playing 1580373492095 423 258 touchmove 383 95 2.1568627357483 2.1568627357483 0 playing 1 1
yes_i_am_playing 1580373492111 423 258 touchmove 383 96 2.1568627357483 2.1568627357483 0 playing 1 1
yes_i_am_playing 1580373492130 423 258 touchmove 383 97 2.1568627357483 2.1568627357483 0 playing 1 1
yes_i_am_playing 1580373492136 423 258 touchstart 53 102 2.1568627357483 2.1568627357483 0 playing 1 1
yes_i_am_playing 1580373492145 423 258 touchmove 381 98 2.1568627357483 2.1568627357483 0 playing 1 1
yes_i_am_playing 1580373492162 423 258 touchmove 377 99 2.3529412746429 2.3529412746429 0 playing 1 1
yes_i_am_playing 1580373492178 423 258 touchmove 374 101 2.3529412746429 2.3529412746429 0 playing 1 1
yes_i_am_playing 1580373492195 423 258 touchmove 368 103 2.3529412746429 2.3529412746429 0 playing 1 1
yes_i_am_playing 1580373492212 423 258 touchmove 358 106 2.549019575119 2.549019575119 0 playing 1 1
yes_i_am_playing 1580373492228 423 258 touchmove 346 108 2.3529412746429 2.3529412746429 0 playing 1 1
yes_i_am_playing 1580373492245 423 258 touchmove 336 110 2.3529412746429 2.3529412746429 0 playing 1 1
yes_i_am_playing 1580373492262 423 258 touchmove 325 112 2.3529412746429 2.3529412746429 0 playing 1 1
yes_i_am_playing 1580373492278 423 258 touchmove 315 112 2.3529412746429 2.3529412746429 0 playing 1 1
yes_i_am_playing 1580373492295 423 258 touchmove 306 111 2.3529412746429 2.3529412746429 0 playing 1 1
yes_i_am_playing 1580373492311 423 258 touchmove 297 111 2.3529412746429 2.3529412746429 0 playing 1 1
yes_i_am_playing 1580373492328 423 258 touchmove 287 110 2.1568627357483 2.1568627357483 0 playing 1 1
yes_i_am_playing 1580373492345 423 258 touchmove 285 109 2.3529412746429 2.3529412746429 0 playing 1 1
yes_i_am_playing 1580373492361 423 258 touchmove 281 108 2.3529412746429 2.3529412746429 0 playing 1 1
yes_i_am_playing 1580373492379 423 258 touchmove 278 106 2.3529412746429 2.3529412746429 0 playing 1 1
yes_i_am_playing 1580373492395 423 258 touchmove 274 105 2.3529412746429 2.3529412746429 0 playing 1 1
yes_i_am_playing 1580373492412 423 258 touchmove 269 104 2.3529412746429 2.3529412746429 0 playing 1 1
yes_i_am_playing 1580373492427 423 258 touchmove 260 99 2.3529412746429 2.3529412746429 0 playing 1 1
yes_i_am_playing 1580373492444 423 258 touchmove 253 97 2.3529412746429 2.3529412746429 0 playing 1 1
yes_i_am_playing 1580373492463 423 258 touchmove 251 95 2.3529412746429 2.3529412746429 0 playing 1 1
yes_i_am_playing 1580373492478 423 258 touchmove 246 93 2.3529412746429 2.3529412746429 0 playing 1 1
yes_i_am_playing 1580373492494 423 258 touchmove 243 92 2.3529412746429 2.3529412746429 0 playing 1 1
yes_i_am_playing 1580373492512 423 258 touchmove 242 91 2.3529412746429 2.3529412746429 0 playing 1 1
yes_i_am_playing 1580373492528 423 258 touchmove 240 90 2.3529412746429 2.3529412746429 0 playing 1 1
yes_i_am_playing 1580373492544 423 258 touchmove 240 90 2.3529412746429 2.3529412746429 0 playing 1 1
yes_i_am_playing 1580373492561 423 258 touchmove 238 90 2.3529412746429 2.3529412746429 0 playing 1 1
yes_i_am_playing 1580373492577 423 258 touchmove 238 89 2.3529412746429 2.3529412746429 0 playing 1 1
yes_i_am_playing 1580373492594 423 258 touchmove 237 89 2.3529412746429 2.3529412746429 0 playing 1 1
yes_i_am_playing 1580373492610 423 258 touchmove 237 89 2.3529412746429 2.3529412746429 0 playing 1 1
yes_i_am_playing 1580373492627 423 258 touchmove 236 89 2.3529412746429 2.3529412746429 0 playing 1 1
yes_i_am_playing 1580373492635 423 258 touchend 71 106 0.98039215803146 0.98039215803146 0 playing 1 1
yes_i_am_playing 1580373492643 423 258 touchmove 236 89 2.3529412746429 2.3529412746429 0 playing 1
yes_i_am_playing 1580373492660 423 258 touchmove 236 89 2.549019575119 2.549019575119 0 playing 1
yes_i_am_playing 1580373492677 423 258 touchmove 236 89 2.3529412746429 2.3529412746429 0 playing 1
yes_i_am_playing 1580373492694 423 258 touchmove 236 89 2.549019575119 2.549019575119 0 playing 1
yes_i_am_playing 1580373492711 423 258 touchmove 236 89 2.3529412746429 2.3529412746429 0 playing 1
yes_i_am_playing 1580373492940 423 258 touchmove 236 89 2.3529412746429 2.3529412746429 0 playing 1
yes_i_am_playing 1580373492948 423 258 touchmove 236 89 2.549019575119 2.549019575119 0 playing 1
yes_i_am_playing 1580373492964 423 258 touchmove 235 89 2.3529412746429 2.3529412746429 0 playing 1
yes_i_am_playing 1580373492989 423 258 touchmove 235 89 2.3529412746429 2.3529412746429 0 playing 1
yes_i_am_playing 1580373493032 423 258 touchmove 235 89 2.549019575119 2.549019575119 0 playing 1
yes_i_am_playing 1580373493048 423 258 touchmove 234 89 2.3529412746429 2.3529412746429 0 playing 1
yes_i_am_playing 1580373493081 423 258 touchmove 234 89 2.3529412746429 2.3529412746429 0 playing 1
yes_i_am_playing 1580373493098 423 258 touchmove 234 89 2.3529412746429 2.3529412746429 0 playing 1
yes_i_am_playing 1580373493114 423 258 touchmove 233 89 2.549019575119 2.549019575119 0 playing 1
yes_i_am_playing 1580373493131 423 258 touchmove 233 89 2.3529412746429 2.3529412746429 0 playing 1
yes_i_am_playing 1580373493148 423 258 touchmove 233 89 2.3529412746429 2.3529412746429 0 playing 1
yes_i_am_playing 1580373493164 423 258 touchmove 233 89 2.549019575119 2.549019575119 0 playing 1
yes_i_am_playing 1580373493181 423 258 touchmove 233 89 2.3529412746429 2.3529412746429 0 playing 1
yes_i_am_playing 1580373493256 423 258 touchmove 233 89 2.1568627357483 2.1568627357483 0 playing 1
yes_i_am_playing 1580373493263 423 258 touchmove 234 89 2.1568627357483 2.1568627357483 0 playing 1
yes_i_am_playing 1580373493281 423 258 touchmove 234 89 0.98039215803146 0.98039215803146 0 playing 1
yes_i_am_playing 1580373493289 423 258 touchend 234 89 0.98039215803146 0.98039215803146 0 playing 1
yes_i_am_playing 1580373494831 423 258 touchmove 40 106 2.3529412746429 2.3529412746429 0 playing 0
yes_i_am_playing 1580373494857 423 258 touchmove 41 106 2.3529412746429 2.3529412746429 0 playing 0
yes_i_am_playing 1580373494864 423 258 touchmove 44 105 2.3529412746429 2.3529412746429 0 playing 0
yes_i_am_playing 1580373494880 423 258 touchmove 58 102 2.3529412746429 2.3529412746429 0 playing 0
yes_i_am_playing 1580373494897 423 258 touchmove 80 97 2.3529412746429 2.3529412746429 0 playing 0
yes_i_am_playing 1580373494915 423 258 touchmove 101 90 2.3529412746429 2.3529412746429 0 playing 0
yes_i_am_playing 1580373494931 423 258 touchmove 124 84 2.1568627357483 2.1568627357483 0 playing 0
yes_i_am_playing 1580373494947 423 258 touchmove 145 76 2.3529412746429 2.3529412746429 0 playing 0
yes_i_am_playing 1580373494964 423 258 touchmove 161 68 2.3529412746429 2.3529412746429 0 playing 0
yes_i_am_playing 1580373494980 423 258 touchmove 175 61 2.1568627357483 2.1568627357483 0 playing 0
yes_i_am_playing 1580373494998 423 258 touchmove 186 55 2.1568627357483 2.1568627357483 0 playing 0
yes_i_am_playing 1580373495013 423 258 touchmove 192 52 2.3529412746429 2.3529412746429 0 playing 0
yes_i_am_playing 1580373495030 423 258 touchmove 196 49 2.3529412746429 2.3529412746429 0 playing 0
yes_i_am_playing 1580373495048 423 258 touchmove 198 47 2.3529412746429 2.3529412746429 0 playing 0
yes_i_am_playing 1580373495063 423 258 touchmove 200 46 2.3529412746429 2.3529412746429 0 playing 0
yes_i_am_playing 1580373495080 423 258 touchmove 202 45 2.3529412746429 2.3529412746429 0 playing 0
yes_i_am_playing 1580373495097 423 258 touchmove 202 44 2.3529412746429 2.3529412746429 0 playing 0
yes_i_am_playing 1580373495113 423 258 touchmove 203 44 2.3529412746429 2.3529412746429 0 playing 0
yes_i_am_playing 1580373495130 423 258 touchmove 204 44 2.3529412746429 2.3529412746429 0 playing 0
yes_i_am_playing 1580373495146 423 258 touchmove 204 43 2.3529412746429 2.3529412746429 0 playing 0
yes_i_am_playing 1580373495164 423 258 touchmove 204 43 2.3529412746429 2.3529412746429 0 playing 0
yes_i_am_playing 1580373495180 423 258 touchmove 205 43 2.3529412746429 2.3529412746429 0 playing 0
yes_i_am_playing 1580373495196 423 258 touchmove 205 42 2.3529412746429 2.3529412746429 0 playing 0
yes_i_am_playing 1580373495213 423 258 touchmove 206 42 2.3529412746429 2.3529412746429 0 playing 0
yes_i_am_playing 1580373495230 423 258 touchmove 207 42 2.3529412746429 2.3529412746429 0 playing 0
yes_i_am_playing 1580373495246 423 258 touchmove 207 41 2.1568627357483 2.1568627357483 0 playing 0
yes_i_am_playing 1580373495263 423 258 touchmove 208 41 2.3529412746429 2.3529412746429 0 playing 0
yes_i_am_playing 1580373495279 423 258 touchmove 208 41 2.3529412746429 2.3529412746429 0 playing 0
yes_i_am_playing 1580373495296 423 258 touchmove 209 41 2.3529412746429 2.3529412746429 0 playing 0
yes_i_am_playing 1580373495313 423 258 touchmove 209 41 2.3529412746429 2.3529412746429 0 playing 0
yes_i_am_playing 1580373495329 423 258 touchmove 209 41 2.3529412746429 2.3529412746429 0 playing 0
yes_i_am_playing 1580373495346 423 258 touchmove 210 41 2.3529412746429 2.3529412746429 0 playing 0
yes_i_am_playing 1580373495395 423 258 touchmove 210 41 2.3529412746429 2.3529412746429 0 playing 0
yes_i_am_playing 1580373495515 423 258 touchmove 211 41 2.3529412746429 2.3529412746429 0 playing 0
yes_i_am_playing 1580373495547 423 258 touchmove 211 41 2.3529412746429 2.3529412746429 0 playing 0
yes_i_am_playing 1580373495579 423 258 touchmove 211 41 2.3529412746429 2.3529412746429 0 playing 0
yes_i_am_playing 1580373495609 423 258 touchmove 213 41 2.3529412746429 2.3529412746429 0 playing 0
yes_i_am_playing 1580373495617 423 258 touchmove 213 41 2.3529412746429 2.3529412746429 0 playing 0
yes_i_am_playing 1580373495633 423 258 touchmove 214 41 2.3529412746429 2.3529412746429 0 playing 0
yes_i_am_playing 1580373495651 423 258 touchmove 217 39 2.3529412746429 2.3529412746429 0 playing 0
yes_i_am_playing 1580373495667 423 258 touchmove 220 37 2.3529412746429 2.3529412746429 0 playing 0
yes_i_am_playing 1580373495684 423 258 touchmove 222 37 2.3529412746429 2.3529412746429 0 playing 0
yes_i_am_playing 1580373495701 423 258 touchmove 224 36 2.3529412746429 2.3529412746429 0 playing 0
yes_i_am_playing 1580373495717 423 258 touchmove 225 35 2.3529412746429 2.3529412746429 0 playing 0
yes_i_am_playing 1580373495734 423 258 touchmove 226 35 2.3529412746429 2.3529412746429 0 playing 0
yes_i_am_playing 1580373495751 423 258 touchmove 227 35 2.3529412746429 2.3529412746429 0 playing 0
yes_i_am_playing 1580373495767 423 258 touchmove 227 35 2.3529412746429 2.3529412746429 0 playing 0
yes_i_am_playing 1580373495784 423 258 touchmove 228 35 2.3529412746429 2.3529412746429 0 playing 0
yes_i_am_playing 1580373495800 423 258 touchmove 228 35 2.3529412746429 2.3529412746429 0 playing 0
yes_i_am_playing 1580373495817 423 258 touchmove 229 35 2.3529412746429 2.3529412746429 0 playing 0
yes_i_am_playing 1580373496199 423 258 touchmove 230 35 2.3529412746429 2.3529412746429 0 playing 0
yes_i_am_playing 1580373496214 423 258 touchmove 232 35 2.3529412746429 2.3529412746429 0 playing 0
yes_i_am_playing 1580373496240 423 258 touchmove 245 35 2.3529412746429 2.3529412746429 0 playing 0
yes_i_am_playing 1580373496246 423 258 touchmove 256 34 2.3529412746429 2.3529412746429 0 playing 0
yes_i_am_playing 1580373496257 423 258 touchmove 267 32 2.3529412746429 2.3529412746429 0 playing 0
yes_i_am_playing 1580373496273 423 258 touchmove 284 28 2.3529412746429 2.3529412746429 0 playing 0
yes_i_am_playing 1580373496290 423 258 touchmove 294 26 2.3529412746429 2.3529412746429 0 playing 0
yes_i_am_playing 1580373496313 423 258 touchmove 305 24 2.1568627357483 2.1568627357483 0 playing 0
yes_i_am_playing 1580373496329 423 258 touchmove 313 23 2.1568627357483 2.1568627357483 0 playing 0
yes_i_am_playing 1580373496346 423 258 touchmove 318 22 2.1568627357483 2.1568627357483 0 playing 0
yes_i_am_playing 1580373496362 423 258 touchmove 318 22 2.1568627357483 2.1568627357483 0 playing 0
yes_i_am_playing 1580373496379 423 258 touchmove 320 22 2.3529412746429 2.3529412746429 0 playing 0
yes_i_am_playing 1580373496397 423 258 touchmove 320 22 2.3529412746429 2.3529412746429 0 playing 0
yes_i_am_playing 1580373496412 423 258 touchmove 321 22 2.3529412746429 2.3529412746429 0 playing 0
yes_i_am_playing 1580373496429 423 258 touchmove 322 23 2.3529412746429 2.3529412746429 0 playing 0
yes_i_am_playing 1580373496446 423 258 touchmove 322 23 2.3529412746429 2.3529412746429 0 playing 0
yes_i_am_playing 1580373496462 423 258 touchmove 322 23 2.1568627357483 2.1568627357483 0 playing 0
yes_i_am_playing 1580373496486 423 258 touchmove 322 23 2.3529412746429 2.3529412746429 0 playing 0
yes_i_am_playing 1580373496495 423 258 touchmove 322 24 2.3529412746429 2.3529412746429 0 playing 0
yes_i_am_playing 1580373496512 423 258 touchmove 323 24 2.1568627357483 2.1568627357483 0 playing 0
yes_i_am_playing 1580373496529 423 258 touchmove 323 24 2.3529412746429 2.3529412746429 0 playing 0
yes_i_am_playing 1580373496545 423 258 touchmove 323 25 2.1568627357483 2.1568627357483 0 playing 0
yes_i_am_playing 1580373496562 423 258 touchmove 323 26 2.1568627357483 2.1568627357483 0 playing 0
yes_i_am_playing 1580373496579 423 258 touchmove 322 28 2.3529412746429 2.3529412746429 0 playing 0
yes_i_am_playing 1580373496595 423 258 touchmove 319 35 2.3529412746429 2.3529412746429 0 playing 0
yes_i_am_playing 1580373496612 423 258 touchmove 315 44 2.3529412746429 2.3529412746429 0 playing 0
yes_i_am_playing 1580373496628 423 258 touchmove 312 51 2.3529412746429 2.3529412746429 0 playing 0
yes_i_am_playing 1580373496645 423 258 touchmove 308 59 2.1568627357483 2.1568627357483 0 playing 0
yes_i_am_playing 1580373496662 423 258 touchmove 302 70 2.1568627357483 2.1568627357483 0 playing 0
yes_i_am_playing 1580373496678 423 258 touchmove 296 81 2.549019575119 2.549019575119 0 playing 0
yes_i_am_playing 1580373496695 423 258 touchmove 291 93 2.3529412746429 2.3529412746429 0 playing 0
yes_i_am_playing 1580373496712 423 258 touchmove 287 103 2.3529412746429 2.3529412746429 0 playing 0
yes_i_am_playing 1580373496728 423 258 touchmove 285 115 2.3529412746429 2.3529412746429 0 playing 0
yes_i_am_playing 1580373496752 423 258 touchmove 284 129 2.549019575119 2.549019575119 0 playing 0
yes_i_am_playing 1580373496761 423 258 touchmove 284 142 2.3529412746429 2.3529412746429 0 playing 0
yes_i_am_playing 1580373496779 423 258 touchmove 285 153 2.3529412746429 2.3529412746429 0 playing 0
yes_i_am_playing 1580373496794 423 258 touchmove 287 163 2.549019575119 2.549019575119 0 playing 0
yes_i_am_playing 1580373496811 423 258 touchmove 289 172 2.1568627357483 2.1568627357483 0 playing 0
yes_i_am_playing 1580373496828 423 258 touchmove 291 177 2.1568627357483 2.1568627357483 0 playing 0
yes_i_am_playing 1580373496844 423 258 touchmove 292 181 2.3529412746429 2.3529412746429 0 playing 0
yes_i_am_playing 1580373496861 423 258 touchmove 293 183 2.3529412746429 2.3529412746429 0 playing 0
yes_i_am_playing 1580373496878 423 258 touchmove 294 184 2.3529412746429 2.3529412746429 0 playing 0
yes_i_am_playing 1580373496895 423 258 touchmove 294 184 2.3529412746429 2.3529412746429 0 playing 0
yes_i_am_playing 1580373496912 423 258 touchmove 294 185 2.3529412746429 2.3529412746429 0 playing 0
yes_i_am_playing 1580373496928 423 258 touchmove 291 184 2.1568627357483 2.1568627357483 0 playing 0
yes_i_am_playing 1580373496944 423 258 touchmove 277 177 2.3529412746429 2.3529412746429 0 playing 0
yes_i_am_playing 1580373496961 423 258 touchmove 260 166 2.1568627357483 2.1568627357483 0 playing 0
yes_i_am_playing 1580373496978 423 258 touchmove 248 157 2.1568627357483 2.1568627357483 0 playing 0
yes_i_am_playing 1580373496994 423 258 touchmove 236 148 2.3529412746429 2.3529412746429 0 playing 0
yes_i_am_playing 1580373497011 423 258 touchmove 227 138 2.1568627357483 2.1568627357483 0 playing 0
yes_i_am_playing 1580373497027 423 258 touchmove 222 132 2.3529412746429 2.3529412746429 0 playing 0
yes_i_am_playing 1580373497044 423 258 touchmove 218 128 2.3529412746429 2.3529412746429 0 playing 0
yes_i_am_playing 1580373497060 423 258 touchmove 217 126 2.3529412746429 2.3529412746429 0 playing 0
yes_i_am_playing 1580373497077 423 258 touchmove 216 124 2.3529412746429 2.3529412746429 0 playing 0
yes_i_am_playing 1580373497094 423 258 touchmove 215 121 2.3529412746429 2.3529412746429 0 playing 0
yes_i_am_playing 1580373497111 423 258 touchmove 214 115 2.1568627357483 2.1568627357483 0 playing 0
yes_i_am_playing 1580373497127 423 258 touchmove 215 106 2.3529412746429 2.3529412746429 0 playing 0
yes_i_am_playing 1580373497144 423 258 touchmove 217 97 0.98039215803146 0.98039215803146 0 playing 0
yes_i_am_playing 1580373497160 423 258 touchmove 218 94 0.98039215803146 0.98039215803146 0 playing 0
yes_i_am_playing 1580373497168 423 258 touchend 218 94 0.98039215803146 0.98039215803146 0 playing 0
im_still_here 1580373506506 423 258 touchstart 318 27 0.98039215803146 0.98039215803146 0 im 0
im_still_here 1580373506527 423 258 touchmove 318 27 2.1568627357483 2.1568627357483 0 im 0
im_still_here 1580373506586 423 258 touchmove 318 29 2.3529412746429 2.3529412746429 0 im 0
im_still_here 1580373506603 423 258 touchmove 319 37 2.1568627357483 2.1568627357483 0 im 0
im_still_here 1580373506619 423 258 touchmove 320 49 2.3529412746429 2.3529412746429 0 im 0
im_still_here 1580373506634 423 258 touchmove 321 65 0.98039215803146 0.98039215803146 0 im 0
im_still_here 1580373506650 423 258 touchmove 322 79 2.3529412746429 2.3529412746429 0 im 0
im_still_here 1580373506667 423 258 touchmove 322 92 2.1568627357483 2.1568627357483 0 im 0
im_still_here 1580373506684 423 258 touchmove 323 99 2.3529412746429 2.3529412746429 0 im 0
im_still_here 1580373506701 423 258 touchmove 322 118 2.1568627357483 2.1568627357483 0 im 0
im_still_here 1580373506721 423 258 touchmove 323 133 0.98039215803146 0.98039215803146 0 im 0
im_still_here 1580373506738 423 258 touchmove 326 152 2.3529412746429 2.3529412746429 0 im 0
im_still_here 1580373506763 423 258 touchmove 328 162 2.1568627357483 2.1568627357483 0 im 0
im_still_here 1580373506772 423 258 touchmove 330 170 2.1568627357483 2.1568627357483 0 im 0
im_still_here 1580373506797 423 258 touchmove 332 176 2.1568627357483 2.1568627357483 0 im 0
im_still_here 1580373506805 423 258 touchmove 333 180 2.3529412746429 2.3529412746429 0 im 0
im_still_here 1580373506823 423 258 touchmove 334 183 2.3529412746429 2.3529412746429 0 im 0
im_still_here 1580373506839 423 258 touchmove 335 184 2.3529412746429 2.3529412746429 0 im 0
im_still_here 1580373506855 423 258 touchmove 335 186 2.3529412746429 2.3529412746429 0 im 0
im_still_here 1580373506872 423 258 touchmove 336 187 2.3529412746429 2.3529412746429 0 im 0
im_still_here 1580373506889 423 258 touchmove 336 188 2.3529412746429 2.3529412746429 0 im 0
im_still_here 1580373506908 423 258 touchmove 336 188 2.3529412746429 2.3529412746429 0 im 0
im_still_here 1580373506923 423 258 touchmove 337 189 2.3529412746429 2.3529412746429 0 im 0
im_still_here 1580373506940 423 258 touchmove 337 189 2.3529412746429 2.3529412746429 0 im 0
im_still_here 1580373506956 423 258 touchmove 338 190 2.3529412746429 2.3529412746429 0 im 0
im_still_here 1580373506973 423 258 touchmove 338 190 2.3529412746429 2.3529412746429 0 im 0
im_still_here 1580373506990 423 258 touchmove 338 190 2.3529412746429 2.3529412746429 0 im 0
im_still_here 1580373507214 423 258 touchmove 338 191 2.3529412746429 2.3529412746429 0 im 0
im_still_here 1580373507261 423 258 touchmove 338 191 0.98039215803146 0.98039215803146 0 im 0
im_still_here 1580373507271 423 258 touchend 338 191 0.98039215803146 0.98039215803146 0 im 0
im_still_here 1580373508291 423 258 touchstart 86 112 2.1568627357483 2.1568627357483 0 still 0
im_still_here 1580373508383 423 258 touchmove 86 112 2.3529412746429 2.3529412746429 0 still 0
im_still_here 1580373508400 423 258 touchmove 88 112 2.549019575119 2.549019575119 0 still 0
im_still_here 1580373508415 423 258 touchmove 100 108 2.1568627357483 2.1568627357483 0 still 0
im_still_here 1580373508429 423 258 touchmove 112 105 2.3529412746429 2.3529412746429 0 still 0
im_still_here 1580373508446 423 258 touchmove 118 102 2.549019575119 2.549019575119 0 still 0
im_still_here 1580373508463 423 258 touchmove 125 99 2.3529412746429 2.3529412746429 0 still 0
im_still_here 1580373508480 423 258 touchmove 133 95 2.3529412746429 2.3529412746429 0 still 0
im_still_here 1580373508497 423 258 touchmove 140 91 2.3529412746429 2.3529412746429 0 still 0
im_still_here 1580373508513 423 258 touchmove 148 86 2.1568627357483 2.1568627357483 0 still 0
im_still_here 1580373508529 423 258 touchmove 157 80 2.1568627357483 2.1568627357483 0 still 0
im_still_here 1580373508546 423 258 touchmove 164 73 2.3529412746429 2.3529412746429 0 still 0
im_still_here 1580373508563 423 258 touchmove 167 70 2.3529412746429 2.3529412746429 0 still 0
im_still_here 1580373508580 423 258 touchmove 180 55 2.3529412746429 2.3529412746429 0 still 0
im_still_here 1580373508597 423 258 touchmove 189 46 2.3529412746429 2.3529412746429 0 still 0
im_still_here 1580373508612 423 258 touchmove 194 41 2.3529412746429 2.3529412746429 0 still 0
im_still_here 1580373508629 423 258 touchmove 197 38 2.3529412746429 2.3529412746429 0 still 0
im_still_here 1580373508646 423 258 touchmove 201 34 2.3529412746429 2.3529412746429 0 still 0
im_still_here 1580373508663 423 258 touchmove 205 30 2.3529412746429 2.3529412746429 0 still 0
im_still_here 1580373508679 423 258 touchmove 209 28 2.3529412746429 2.3529412746429 0 still 0
im_still_here 1580373508697 423 258 touchmove 211 26 2.3529412746429 2.3529412746429 0 still 0
im_still_here 1580373508715 423 258 touchmove 212 26 2.3529412746429 2.3529412746429 0 still 0
im_still_here 1580373508730 423 258 touchmove 213 25 2.3529412746429 2.3529412746429 0 still 0
im_still_here 1580373508745 423 258 touchmove 214 25 2.3529412746429 2.3529412746429 0 still 0
im_still_here 1580373508762 423 258 touchmove 215 25 2.3529412746429 2.3529412746429 0 still 0
im_still_here 1580373508779 423 258 touchmove 216 25 2.3529412746429 2.3529412746429 0 still 0
im_still_here 1580373508796 423 258 touchmove 218 25 2.3529412746429 2.3529412746429 0 still 0
im_still_here 1580373508813 423 258 touchmove 223 26 2.3529412746429 2.3529412746429 0 still 0
im_still_here 1580373508829 423 258 touchmove 231 27 2.3529412746429 2.3529412746429 0 still 0
im_still_here 1580373508845 423 258 touchmove 244 29 2.3529412746429 2.3529412746429 0 still 0
im_still_here 1580373508862 423 258 touchmove 258 30 2.3529412746429 2.3529412746429 0 still 0
im_still_here 1580373508880 423 258 touchmove 265 31 2.3529412746429 2.3529412746429 0 still 0
im_still_here 1580373508895 423 258 touchmove 280 32 2.1568627357483 2.1568627357483 0 still 0
im_still_here 1580373508912 423 258 touchmove 292 33 2.3529412746429 2.3529412746429 0 still 0
im_still_here 1580373508929 423 258 touchmove 299 34 2.3529412746429 2.3529412746429 0 still 0
im_still_here 1580373508945 423 258 touchmove 303 35 2.3529412746429 2.3529412746429 0 still 0
im_still_here 1580373508963 423 258 touchmove 305 35 2.3529412746429 2.3529412746429 0 still 0
im_still_here 1580373508978 423 258 touchmove 311 37 2.3529412746429 2.3529412746429 0 still 0
im_still_here 1580373508995 423 258 touchmove 316 39 2.3529412746429 2.3529412746429 0 still 0
im_still_here 1580373509012 423 258 touchmove 320 41 2.3529412746429 2.3529412746429 0 still 0
im_still_here 1580373509029 423 258 touchmove 325 44 2.3529412746429 2.3529412746429 0 still 0
im_still_here 1580373509046 423 258 touchmove 330 50 2.3529412746429 2.3529412746429 0 still 0
im_still_here 1580373509062 423 258 touchmove 336 57 2.1568627357483 2.1568627357483 0 still 0
im_still_here 1580373509079 423 258 touchmove 340 64 2.1568627357483 2.1568627357483 0 still 0
im_still_here 1580373509095 423 258 touchmove 345 71 2.1568627357483 2.1568627357483 0 still 0
im_still_here 1580373509111 423 258 touchmove 349 77 2.1568627357483 2.1568627357483 0 still 0
im_still_here 1580373509129 423 258 touchmove 353 83 2.3529412746429 2.3529412746429 0 still 0
im_still_here 1580373509145 423 258 touchmove 357 88 2.3529412746429 2.3529412746429 0 still 0
im_still_here 1580373509162 423 258 touchmove 361 93 2.549019575119 2.549019575119 0 still 0
im_still_here 1580373509178 423 258 touchmove 362 95 2.549019575119 2.549019575119 0 still 0
im_still_here 1580373509195 423 258 touchmove 366 101 2.1568627357483 2.1568627357483 0 still 0
im_still_here 1580373509212 423 258 touchmove 368 104 2.1568627357483 2.1568627357483 0 still 0
im_still_here 1580373509229 423 258 touchmove 370 106 2.1568627357483 2.1568627357483 0 still 0
im_still_here 1580373509245 423 258 touchmove 371 107 2.1568627357483 2.1568627357483 0 still 0
im_still_here 1580373509262 423 258 touchmove 372 108 2.1568627357483 2.1568627357483 0 still 0
im_still_here 1580373509278 423 258 touchmove 373 109 2.1568627357483 2.1568627357483 0 still 0
im_still_here 1580373509295 423 258 touchmove 373 109 2.1568627357483 2.1568627357483 0 still 0
im_still_here 1580373509312 423 258 touchmove 374 110 2.1568627357483 2.1568627357483 0 still 0
im_still_here 1580373509328 423 258 touchmove 374 110 2.1568627357483 2.1568627357483 0 still 0
im_still_here 1580373509344 423 258 touchmove 375 110 2.1568627357483 2.1568627357483 0 still 0
im_still_here 1580373509361 423 258 touchmove 375 111 2.1568627357483 2.1568627357483 0 still 0
im_still_here 1580373509448 423 258 touchmove 375 111 2.1568627357483 2.1568627357483 0 still 0
im_still_here 1580373509626 423 258 touchmove 376 112 2.1568627357483 2.1568627357483 0 still 0
im_still_here 1580373509647 423 258 touchmove 376 112 2.1568627357483 2.1568627357483 0 still 0
im_still_here 1580373509665 423 258 touchmove 376 112 2.1568627357483 2.1568627357483 0 still 0
im_still_here 1580373509683 423 258 touchmove 377 113 2.1568627357483 2.1568627357483 0 still 0
im_still_here 1580373509762 423 258 touchmove 377 113 2.1568627357483 2.1568627357483 0 still 0
im_still_here 1580373509801 423 258 touchmove 378 114 2.1568627357483 2.1568627357483 0 still 0
im_still_here 1580373509814 423 258 touchmove 378 114 2.1568627357483 2.1568627357483 0 still 0
im_still_here 1580373509831 423 258 touchmove 379 114 2.1568627357483 2.1568627357483 0 still 0
im_still_here 1580373509849 423 258 touchmove 379 114 0.98039215803146 0.98039215803146 0 still 0
im_still_here 1580373509856 423 258 touchend 379 114 0.98039215803146 0.98039215803146 0 still 0
im_still_here 1580373510795 423 258 touchstart 260 115 2.3529412746429 2.3529412746429 0 here 0
im_still_here 1580373510859 423 258 touchmove 260 115 2.1568627357483 2.1568627357483 0 here 0
im_still_here 1580373510876 423 258 touchmove 258 114 2.1568627357483 2.1568627357483 0 here 0
im_still_here 1580373510892 423 258 touchmove 256 113 2.1568627357483 2.1568627357483 0 here 0
im_still_here 1580373510911 423 258 touchmove 253 112 2.1568627357483 2.1568627357483 0 here 0
im_still_here 1580373510922 423 258 touchmove 241 106 2.1568627357483 2.1568627357483 0 here 0
im_still_here 1580373510939 423 258 touchmove 225 99 2.3529412746429 2.3529412746429 0 here 0
im_still_here 1580373510955 423 258 touchmove 211 92 2.1568627357483 2.1568627357483 0 here 0
im_still_here 1580373510971 423 258 touchmove 197 86 2.3529412746429 2.3529412746429 0 here 0
im_still_here 1580373510989 423 258 touchmove 181 77 2.3529412746429 2.3529412746429 0 here 0
im_still_here 1580373511006 423 258 touchmove 166 69 2.3529412746429 2.3529412746429 0 here 0
im_still_here 1580373511021 423 258 touchmove 152 61 2.1568627357483 2.1568627357483 0 here 0
im_still_here 1580373511038 423 258 touchmove 138 55 2.3529412746429 2.3529412746429 0 here 0
im_still_here 1580373511054 423 258 touchmove 129 52 2.1568627357483 2.1568627357483 0 here 0
im_still_here 1580373511071 423 258 touchmove 121 49 2.549019575119 2.549019575119 0 here 0
im_still_here 1580373511088 423 258 touchmove 115 47 2.549019575119 2.549019575119 0 here 0
im_still_here 1580373511105 423 258 touchmove 111 46 2.3529412746429 2.3529412746429 0 here 0
im_still_here 1580373511121 423 258 touchmove 108 45 2.3529412746429 2.3529412746429 0 here 0
im_still_here 1580373511139 423 258 touchmove 107 45 2.3529412746429 2.3529412746429 0 here 0
im_still_here 1580373511154 423 258 touchmove 106 44 2.549019575119 2.549019575119 0 here 0
im_still_here 1580373511171 423 258 touchmove 106 44 2.3529412746429 2.3529412746429 0 here 0
im_still_here 1580373511187 423 258 touchmove 109 42 2.3529412746429 2.3529412746429 0 here 0
im_still_here 1580373511203 423 258 touchmove 119 37 2.3529412746429 2.3529412746429 0 here 0
im_still_here 1580373511220 423 258 touchmove 130 33 2.1568627357483 2.1568627357483 0 here 0
im_still_here 1580373511238 423 258 touchmove 136 32 2.3529412746429 2.3529412746429 0 here 0
im_still_here 1580373511253 423 258 touchmove 142 32 2.1568627357483 2.1568627357483 0 here 0
im_still_here 1580373511270 423 258 touchmove 147 32 2.1568627357483 2.1568627357483 0 here 0
im_still_here 1580373511287 423 258 touchmove 152 32 2.1568627357483 2.1568627357483 0 here 0
im_still_here 1580373511304 423 258 touchmove 155 32 2.1568627357483 2.1568627357483 0 here 0
im_still_here 1580373511320 423 258 touchmove 156 32 2.1568627357483 2.1568627357483 0 here 0
im_still_here 1580373511337 423 258 touchmove 156 32 2.1568627357483 2.1568627357483 0 here 0
im_still_here 1580373511354 423 258 touchmove 157 32 2.1568627357483 2.1568627357483 0 here 0
im_still_here 1580373511370 423 258 touchmove 158 32 2.1568627357483 2.1568627357483 0 here 0
im_still_here 1580373511386 423 258 touchmove 157 32 2.3529412746429 2.3529412746429 0 here 0
im_still_here 1580373511404 423 258 touchmove 154 33 2.3529412746429 2.3529412746429 0 here 0
im_still_here 1580373511420 423 258 touchmove 145 35 2.3529412746429 2.3529412746429 0 here 0
im_still_here 1580373511437 423 258 touchmove 136 36 2.3529412746429 2.3529412746429 0 here 0
im_still_here 1580373511454 423 258 touchmove 132 36 2.3529412746429 2.3529412746429 0 here 0
im_still_here 1580373511470 423 258 touchmove 129 36 2.1568627357483 2.1568627357483 0 here 0
im_still_here 1580373511486 423 258 touchmove 125 35 2.1568627357483 2.1568627357483 0 here 0
im_still_here 1580373511503 423 258 touchmove 125 35 0.98039215803146 0.98039215803146 0 here 0
im_still_here 1580373511511 423 258 touchend 125 35 0.98039215803146 0.98039215803146 0 here 0
i_am_almost_speechless 1580373519160 423 258 touchstart 331 24 0.98039215803146 0.98039215803146 0 i 0
i_am_almost_speechless 1580373519180 423 258 touchmove 331 24 2.1568627357483 2.1568627357483 0 i 0
i_am_almost_speechless 1580373519195 423 258 touchmove 331 24 2.3529412746429 2.3529412746429 0 i 0
i_am_almost_speechless 1580373519213 423 258 touchmove 331 24 2.1568627357483 2.1568627357483 0 i 0
i_am_almost_speechless 1580373519240 423 258 touchmove 331 24 2.3529412746429 2.3529412746429 0 i 0
i_am_almost_speechless 1580373519257 423 258 touchmove 331 24 2.1568627357483 2.1568627357483 0 i 0
i_am_almost_speechless 1580373519272 423 258 touchmove 331 24 0.98039215803146 0.98039215803146 0 i 0
i_am_almost_speechless 1580373519280 423 258 touchend 331 24 0.98039215803146 0.98039215803146 0 i 0
i_am_almost_speechless 1580373520163 423 258 touchstart 32 106 2.1568627357483 2.1568627357483 0 am 0
i_am_almost_speechless 1580373520230 423 258 touchmove 36 104 2.1568627357483 2.1568627357483 0 am 0
i_am_almost_speechless 1580373520245 423 258 touchmove 47 102 2.3529412746429 2.3529412746429 0 am 0
i_am_almost_speechless 1580373520268 423 258 touchmove 71 105 2.1568627357483 2.1568627357483 0 am 0
i_am_almost_speechless 1580373520285 423 258 touchmove 90 110 2.3529412746429 2.3529412746429 0 am 0
i_am_almost_speechless 1580373520301 423 258 touchmove 113 118 2.549019575119 2.549019575119 0 am 0
i_am_almost_speechless 1580373520318 423 258 touchmove 136 129 2.3529412746429 2.3529412746429 0 am 0
i_am_almost_speechless 1580373520335 423 258 touchmove 161 142 2.3529412746429 2.3529412746429 0 am 0
i_am_almost_speechless 1580373520352 423 258 touchmove 186 153 2.3529412746429 2.3529412746429 0 am 0
i_am_almost_speechless 1580373520368 423 258 touchmove 213 162 2.3529412746429 2.3529412746429 0 am 0
i_am_almost_speechless 1580373520384 423 258 touchmove 238 170 2.1568627357483 2.1568627357483 0 am 0
i_am_almost_speechless 1580373520403 423 258 touchmove 260 176 2.1568627357483 2.1568627357483 0 am 0
i_am_almost_speechless 1580373520418 423 258 touchmove 283 180 2.1568627357483 2.1568627357483 0 am 0
i_am_almost_speechless 1580373520435 423 258 touchmove 306 182 0.98039215803146 0.98039215803146 0 am 0
i_am_almost_speechless 1580373520451 423 258 touchmove 323 185 2.3529412746429 2.3529412746429 0 am 0
i_am_almost_speechless 1580373520468 423 258 touchmove 333 187 2.1568627357483 2.1568627357483 0 am 0
i_am_almost_speechless 1580373520484 423 258 touchmove 343 188 2.1568627357483 2.1568627357483 0 am 0
i_am_almost_speechless 1580373520501 423 258 touchmove 350 190 2.3529412746429 2.3529412746429 0 am 0
i_am_almost_speechless 1580373520518 423 258 touchmove 355 191 2.3529412746429 2.3529412746429 0 am 0
i_am_almost_speechless 1580373520534 423 258 touchmove 358 192 2.3529412746429 2.3529412746429 0 am 0
i_am_almost_speechless 1580373520552 423 258 touchmove 361 193 2.3529412746429 2.3529412746429 0 am 0
i_am_almost_speechless 1580373520567 423 258 touchmove 364 194 2.3529412746429 2.3529412746429 0 am 0
i_am_almost_speechless 1580373520585 423 258 touchmove 366 194 2.3529412746429 2.3529412746429 0 am 0
i_am_almost_speechless 1580373520601 423 258 touchmove 367 195 2.3529412746429 2.3529412746429 0 am 0
i_am_almost_speechless 1580373520617 423 258 touchmove 369 195 2.1568627357483 2.1568627357483 0 am 0
i_am_almost_speechless 1580373520634 423 258 touchmove 369 195 0.98039215803146 0.98039215803146 0 am 0
i_am_almost_speechless 1580373520650 423 258 touchend 369 195 0.98039215803146 0.98039215803146 0 am 0
i_am_almost_speechless 1580373521691 423 258 touchstart 30 120 2.1568627357483 2.1568627357483 0 almost 0
i_am_almost_speechless 1580373521710 423 258 touchmove 38 118 2.3529412746429 2.3529412746429 0 almost 0
i_am_almost_speechless 1580373521722 423 258 touchmove 52 116 2.3529412746429 2.3529412746429 0 almost 0
i_am_almost_speechless 1580373521739 423 258 touchmove 71 116 2.3529412746429 2.3529412746429 0 almost 0
i_am_almost_speechless 1580373521756 423 258 touchmove 100 119 2.3529412746429 2.3529412746429 0 almost 0
i_am_almost_speechless 1580373521773 423 258 touchmove 132 124 2.3529412746429 2.3529412746429 0 almost 0
i_am_almost_speechless 1580373521790 423 258 touchmove 161 128 2.1568627357483 2.1568627357483 0 almost 0
i_am_almost_speechless 1580373521806 423 258 touchmove 193 130 2.1568627357483 2.1568627357483 0 almost 0
i_am_almost_speechless 1580373521824 423 258 touchmove 227 129 2.1568627357483 2.1568627357483 0 almost 0
i_am_almost_speechless 1580373521840 423 258 touchmove 258 126 2.3529412746429 2.3529412746429 0 almost 0
i_am_almost_speechless 1580373521857 423 258 touchmove 287 122 2.1568627357483 2.1568627357483 0 almost 0
i_am_almost_speechless 1580373521873 423 258 touchmove 312 120 2.3529412746429 2.3529412746429 0 almost 0
i_am_almost_speechless 1580373521890 423 258 touchmove 327 119 2.549019575119 2.549019575119 0 almost 0
i_am_almost_speechless 1580373521909 423 258 touchmove 342 118 2.3529412746429 2.3529412746429 0 almost 0
i_am_almost_speechless 1580373521923 423 258 touchmove 354 117 2.3529412746429 2.3529412746429 0 almost 0
i_am_almost_speechless 1580373521939 423 258 touchmove 360 115 2.1568627357483 2.1568627357483 0 almost 0
i_am_almost_speechless 1580373521957 423 258 touchmove 365 113 2.1568627357483 2.1568627357483 0 almost 0
i_am_almost_speechless 1580373521973 423 258 touchmove 369 113 2.1568627357483 2.1568627357483 0 almost 0
i_am_almost_speechless 1580373521989 423 258 touchmove 370 112 2.1568627357483 2.1568627357483 0 almost 0
i_am_almost_speechless 1580373522007 423 258 touchmove 371 112 2.1568627357483 2.1568627357483 0 almost 0
i_am_almost_speechless 1580373522022 423 258 touchmove 372 112 2.1568627357483 2.1568627357483 0 almost 0
i_am_almost_speechless 1580373522039 423 258 touchmove 373 112 2.1568627357483 2.1568627357483 0 almost 0
i_am_almost_speechless 1580373522055 423 258 touchmove 374 111 2.1568627357483 2.1568627357483 0 almost 0
i_am_almost_speechless 1580373522072 423 258 touchmove 374 111 2.1568627357483 2.1568627357483 0 almost 0
i_am_almost_speechless 1580373522089 423 258 touchmove 375 111 2.1568627357483 2.1568627357483 0 almost 0
i_am_almost_speechless 1580373522171 423 258 touchmove 374 112 2.3529412746429 2.3529412746429 0 almost 0
i_am_almost_speechless 1580373522180 423 258 touchmove 372 114 2.3529412746429 2.3529412746429 0 almost 0
i_am_almost_speechless 1580373522205 423 258 touchmove 364 124 2.1568627357483 2.1568627357483 0 almost 0
i_am_almost_speechless 1580373522222 423 258 touchmove 360 132 2.549019575119 2.549019575119 0 almost 0
i_am_almost_speechless 1580373522239 423 258 touchmove 355 144 2.1568627357483 2.1568627357483 0 almost 0
i_am_almost_speechless 1580373522258 423 258 touchmove 349 161 2.549019575119 2.549019575119 0 almost 0
i_am_almost_speechless 1580373522272 423 258 touchmove 346 171 2.3529412746429 2.3529412746429 0 almost 0
i_am_almost_speechless 1580373522289 423 258 touchmove 345 176 2.3529412746429 2.3529412746429 0 almost 0
i_am_almost_speechless 1580373522304 423 258 touchmove 344 180 2.3529412746429 2.3529412746429 0 almost 0
i_am_almost_speechless 1580373522323 423 258 touchmove 344 182 2.3529412746429 2.3529412746429 0 almost 0
i_am_almost_speechless 1580373522338 423 258 touchmove 344 183 2.3529412746429 2.3529412746429 0 almost 0
i_am_almost_speechless 1580373522355 423 258 touchmove 344 184 2.3529412746429 2.3529412746429 0 almost 0
i_am_almost_speechless 1580373522378 423 258 touchmove 344 183 2.549019575119 2.549019575119 0 almost 0
i_am_almost_speechless 1580373522388 423 258 touchmove 344 180 2.3529412746429 2.3529412746429 0 almost 0
i_am_almost_speechless 1580373522404 423 258 touchmove 342 162 2.3529412746429 2.3529412746429 0 almost 0
i_am_almost_speechless 1580373522421 423 258 touchmove 340 136 2.3529412746429 2.3529412746429 0 almost 0
i_am_almost_speechless 1580373522437 423 258 touchmove 340 111 2.3529412746429 2.3529412746429 0 almost 0
i_am_almost_speechless 1580373522454 423 258 touchmove 342 91 2.3529412746429 2.3529412746429 0 almost 0
i_am_almost_speechless 1580373522471 423 258 touchmove 344 81 2.3529412746429 2.3529412746429 0 almost 0
i_am_almost_speechless 1580373522487 423 258 touchmove 347 74 2.3529412746429 2.3529412746429 0 almost 0
i_am_almost_speechless 1580373522504 423 258 touchmove 352 66 2.3529412746429 2.3529412746429 0 almost 0
i_am_almost_speechless 1580373522521 423 258 touchmove 356 59 2.549019575119 2.549019575119 0 almost 0
i_am_almost_speechless 1580373522537 423 258 touchmove 359 54 2.549019575119 2.549019575119 0 almost 0
i_am_almost_speechless 1580373522554 423 258 touchmove 361 51 2.549019575119 2.549019575119 0 almost 0
i_am_almost_speechless 1580373522571 423 258 touchmove 362 50 2.549019575119 2.549019575119 0 almost 0
i_am_almost_speechless 1580373522587 423 258 touchmove 363 49 2.3529412746429 2.3529412746429 0 almost 0
i_am_almost_speechless 1580373522604 423 258 touchmove 363 49 2.3529412746429 2.3529412746429 0 almost 0
i_am_almost_speechless 1580373522620 423 258 touchmove 364 48 2.3529412746429 2.3529412746429 0 almost 0
i_am_almost_speechless 1580373522637 423 258 touchmove 364 48 2.549019575119 2.549019575119 0 almost 0
i_am_almost_speechless 1580373522653 423 258 touchmove 364 48 2.3529412746429 2.3529412746429 0 almost 0
i_am_almost_speechless 1580373522670 423 258 touchmove 364 47 2.3529412746429 2.3529412746429 0 almost 0
i_am_almost_speechless 1580373522738 423 258 touchmove 363 47 2.3529412746429 2.3529412746429 0 almost 0
i_am_almost_speechless 1580373522749 423 258 touchmove 361 48 2.3529412746429 2.3529412746429 0 almost 0
i_am_almost_speechless 1580373522783 423 258 touchmove 335 59 2.3529412746429 2.3529412746429 0 almost 0
i_am_almost_speechless 1580373522803 423 258 touchmove 311 73 2.1568627357483 2.1568627357483 0 almost 0
i_am_almost_speechless 1580373522820 423 258 touchmove 298 81 2.3529412746429 2.3529412746429 0 almost 0
i_am_almost_speechless 1580373522836 423 258 touchmove 292 84 2.3529412746429 2.3529412746429 0 almost 0
i_am_almost_speechless 1580373522853 423 258 touchmove 274 94 2.3529412746429 2.3529412746429 0 almost 0
i_am_almost_speechless 1580373522874 423 258 touchmove 258 102 2.1568627357483 2.1568627357483 0 almost 0
i_am_almost_speechless 1580373522893 423 258 touchmove 235 108 2.1568627357483 2.1568627357483 0 almost 0
i_am_almost_speechless 1580373522909 423 258 touchmove 212 112 2.3529412746429 2.3529412746429 0 almost 0
i_am_almost_speechless 1580373522933 423 258 touchmove 189 113 2.3529412746429 2.3529412746429 0 almost 0
i_am_almost_speechless 1580373522948 423 258 touchmove 168 113 2.3529412746429 2.3529412746429 0 almost 0
i_am_almost_speechless 1580373522958 423 258 touchmove 147 112 2.549019575119 2.549019575119 0 almost 0
i_am_almost_speechless 1580373522977 423 258 touchmove 130 110 2.1568627357483 2.1568627357483 0 almost 0
i_am_almost_speechless 1580373522992 423 258 touchmove 115 108 2.3529412746429 2.3529412746429 0 almost 0
i_am_almost_speechless 1580373523010 423 258 touchmove 100 106 2.1568627357483 2.1568627357483 0 almost 0
i_am_almost_speechless 1580373523026 423 258 touchmove 90 106 2.3529412746429 2.3529412746429 0 almost 0
i_am_almost_speechless 1580373523042 423 258 touchmove 84 106 2.3529412746429 2.3529412746429 0 almost 0
i_am_almost_speechless 1580373523059 423 258 touchmove 80 106 2.3529412746429 2.3529412746429 0 almost 0
i_am_almost_speechless 1580373523076 423 258 touchmove 78 106 2.3529412746429 2.3529412746429 0 almost 0
i_am_almost_speechless 1580373523092 423 258 touchmove 78 106 2.3529412746429 2.3529412746429 0 almost 0
i_am_almost_speechless 1580373523109 423 258 touchmove 78 106 2.1568627357483 2.1568627357483 0 almost 0
i_am_almost_speechless 1580373523125 423 258 touchmove 79 105 2.3529412746429 2.3529412746429 0 almost 0
i_am_almost_speechless 1580373523143 423 258 touchmove 91 99 2.3529412746429 2.3529412746429 0 almost 0
i_am_almost_speechless 1580373523159 423 258 touchmove 100 95 2.3529412746429 2.3529412746429 0 almost 0
i_am_almost_speechless 1580373523175 423 258 touchmove 134 78 2.3529412746429 2.3529412746429 0 almost 0
i_am_almost_speechless 1580373523192 423 258 touchmove 155 65 2.3529412746429 2.3529412746429 0 almost 0
i_am_almost_speechless 1580373523211 423 258 touchmove 174 51 2.3529412746429 2.3529412746429 0 almost 0
i_am_almost_speechless 1580373523226 423 258 touchmove 190 38 2.3529412746429 2.3529412746429 0 almost 0
i_am_almost_speechless 1580373523242 423 258 touchmove 200 30 2.549019575119 2.549019575119 0 almost 0
i_am_almost_speechless 1580373523258 423 258 touchmove 204 26 2.3529412746429 2.3529412746429 0 almost 0
i_am_almost_speechless 1580373523275 423 258 touchmove 207 22 2.1568627357483 2.1568627357483 0 almost 0
i_am_almost_speechless 1580373523292 423 258 touchmove 209 20 2.1568627357483 2.1568627357483 0 almost 0
i_am_almost_speechless 1580373523308 423 258 touchmove 211 18 2.1568627357483 2.1568627357483 0 almost 0
i_am_almost_speechless 1580373523325 423 258 touchmove 212 17 2.1568627357483 2.1568627357483 0 almost 0
i_am_almost_speechless 1580373523341 423 258 touchmove 215 15 2.1568627357483 2.1568627357483 0 almost 0
i_am_almost_speechless 1580373523358 423 258 touchmove 217 13 0.98039215803146 0.98039215803146 0 almost 0
i_am_almost_speechless 1580373523376 423 258 touchend 217 13 0.98039215803146 0.98039215803146 0 almost 0
i_am_almost_speechless 1580373524738 423 258 touchstart 90 117 2.3529412746429 2.3529412746429 0 speechless 0
i_am_almost_speechless 1580373524778 423 258 touchmove 91 117 2.549019575119 2.549019575119 0 speechless 0
i_am_almost_speechless 1580373524789 423 258 touchmove 93 116 2.3529412746429 2.3529412746429 0 speechless 0
i_am_almost_speechless 1580373524811 423 258 touchmove 107 114 2.3529412746429 2.3529412746429 0 speechless 0
i_am_almost_speechless 1580373524827 423 258 touchmove 113 113 2.3529412746429 2.3529412746429 0 speechless 0
i_am_almost_speechless 1580373524851 423 258 touchmove 142 106 2.1568627357483 2.1568627357483 0 speechless 0
i_am_almost_speechless 1580373524865 423 258 touchmove 165 97 2.3529412746429 2.3529412746429 0 speechless 0
i_am_almost_speechless 1580373524882 423 258 touchmove 191 87 2.1568627357483 2.1568627357483 0 speechless 0
i_am_almost_speechless 1580373524899 423 258 touchmove 222 79 2.1568627357483 2.1568627357483 0 speechless 0
i_am_almost_speechless 1580373524915 423 258 touchmove 252 72 2.3529412746429 2.3529412746429 0 speechless 0
i_am_almost_speechless 1580373524932 423 258 touchmove 281 65 2.1568627357483 2.1568627357483 0 speechless 0
i_am_almost_speechless 1580373524948 423 258 touchmove 308 58 2.1568627357483 2.1568627357483 0 speechless 0
i_am_almost_speechless 1580373524965 423 258 touchmove 332 53 2.1568627357483 2.1568627357483 0 speechless 0
i_am_almost_speechless 1580373524981 423 258 touchmove 353 49 2.549019575119 2.549019575119 0 speechless 0
i_am_almost_speechless 1580373525000 423 258 touchmove 371 46 2.3529412746429 2.3529412746429 0 speechless 0
i_am_almost_speechless 1580373525015 423 258 touchmove 385 44 0.98039215803146 0.98039215803146 0 speechless 0
i_am_almost_speechless 1580373525032 423 258 touchmove 396 43 2.1568627357483 2.1568627357483 0 speechless 0
i_am_almost_speechless 1580373525048 423 258 touchmove 403 42 2.1568627357483 2.1568627357483 0 speechless 0
i_am_almost_speechless 1580373525065 423 258 touchmove 405 42 2.3529412746429 2.3529412746429 0 speechless 0
i_am_almost_speechless 1580373525081 423 258 touchmove 406 42 2.3529412746429 2.3529412746429 0 speechless 0
i_am_almost_speechless 1580373525099 423 258 touchmove 407 42 2.3529412746429 2.3529412746429 0 speechless 0
i_am_almost_speechless 1580373525115 423 258 touchmove 407 42 2.3529412746429 2.3529412746429 0 speechless 0
i_am_almost_speechless 1580373525131 423 258 touchmove 408 42 2.3529412746429 2.3529412746429 0 speechless 0
i_am_almost_speechless 1580373525148 423 258 touchmove 408 42 2.3529412746429 2.3529412746429 0 speechless 0
i_am_almost_speechless 1580373525200 423 258 touchmove 406 42 2.3529412746429 2.3529412746429 0 speechless 0
i_am_almost_speechless 1580373525211 423 258 touchmove 402 43 2.3529412746429 2.3529412746429 0 speechless 0
i_am_almost_speechless 1580373525233 423 258 touchmove 373 43 2.3529412746429 2.3529412746429 0 speechless 0
i_am_almost_speechless 1580373525248 423 258 touchmove 347 44 2.3529412746429 2.3529412746429 0 speechless 0
i_am_almost_speechless 1580373525264 423 258 touchmove 320 44 2.1568627357483 2.1568627357483 0 speechless 0
i_am_almost_speechless 1580373525281 423 258 touchmove 289 47 2.1568627357483 2.1568627357483 0 speechless 0
i_am_almost_speechless 1580373525297 423 258 touchmove 259 50 2.1568627357483 2.1568627357483 0 speechless 0
i_am_almost_speechless 1580373525314 423 258 touchmove 233 51 2.1568627357483 2.1568627357483 0 speechless 0
i_am_almost_speechless 1580373525331 423 258 touchmove 206 52 2.1568627357483 2.1568627357483 0 speechless 0
i_am_almost_speechless 1580373525348 423 258 touchmove 184 52 2.1568627357483 2.1568627357483 0 speechless 0
i_am_almost_speechless 1580373525364 423 258 touchmove 166 52 2.3529412746429 2.3529412746429 0 speechless 0
i_am_almost_speechless 1580373525380 423 258 touchmove 152 52 2.1568627357483 2.1568627357483 0 speechless 0
i_am_almost_speechless 1580373525397 423 258 touchmove 138 50 2.3529412746429 2.3529412746429 0 speechless 0
i_am_almost_speechless 1580373525415 423 258 touchmove 128 46 2.3529412746429 2.3529412746429 0 speechless 0
i_am_almost_speechless 1580373525431 423 258 touchmove 122 43 2.3529412746429 2.3529412746429 0 speechless 0
i_am_almost_speechless 1580373525467 423 258 touchmove 117 41 2.3529412746429 2.3529412746429 0 speechless 0
i_am_almost_speechless 1580373525480 423 258 touchmove 114 39 2.3529412746429 2.3529412746429 0 speechless 0
i_am_almost_speechless 1580373525497 423 258 touchmove 113 39 2.3529412746429 2.3529412746429 0 speechless 0
i_am_almost_speechless 1580373525514 423 258 touchmove 113 39 2.3529412746429 2.3529412746429 0 speechless 0
i_am_almost_speechless 1580373525530 423 258 touchmove 113 39 2.3529412746429 2.3529412746429 0 speechless 0
i_am_almost_speechless 1580373525547 423 258 touchmove 112 39 2.3529412746429 2.3529412746429 0 speechless 0
i_am_almost_speechless 1580373525564 423 258 touchmove 112 38 2.3529412746429 2.3529412746429 0 speechless 0
i_am_almost_speechless 1580373525580 423 258 touchmove 112 38 2.3529412746429 2.3529412746429 0 speechless 0
i_am_almost_speechless 1580373525597 423 258 touchmove 111 38 2.3529412746429 2.3529412746429 0 speechless 0
i_am_almost_speechless 1580373525760 423 258 touchmove 112 39 2.3529412746429 2.3529412746429 0 speechless 0
i_am_almost_speechless 1580373525772 423 258 touchmove 114 42 2.3529412746429 2.3529412746429 0 speechless 0
i_am_almost_speechless 1580373525780 423 258 touchmove 116 46 2.3529412746429 2.3529412746429 0 speechless 0
i_am_almost_speechless 1580373525814 423 258 touchmove 132 73 2.3529412746429 2.3529412746429 0 speechless 0
i_am_almost_speechless 1580373525821 423 258 touchmove 136 81 2.1568627357483 2.1568627357483 0 speechless 0
i_am_almost_speechless 1580373525830 423 258 touchmove 140 89 2.3529412746429 2.3529412746429 0 speechless 0
i_am_almost_speechless 1580373525848 423 258 touchmove 148 105 2.3529412746429 2.3529412746429 0 speechless 0
i_am_almost_speechless 1580373525864 423 258 touchmove 155 121 2.3529412746429 2.3529412746429 0 speechless 0
i_am_almost_speechless 1580373525881 423 258 touchmove 163 137 2.1568627357483 2.1568627357483 0 speechless 0
i_am_almost_speechless 1580373525898 423 258 touchmove 169 150 2.3529412746429 2.3529412746429 0 speechless 0
i_am_almost_speechless 1580373525913 423 258 touchmove 175 159 2.3529412746429 2.3529412746429 0 speechless 0
i_am_almost_speechless 1580373525930 423 258 touchmove 178 167 2.1568627357483 2.1568627357483 0 speechless 0
i_am_almost_speechless 1580373525948 423 258 touchmove 181 173 2.1568627357483 2.1568627357483 0 speechless 0
i_am_almost_speechless 1580373525964 423 258 touchmove 183 177 2.3529412746429 2.3529412746429 0 speechless 0
i_am_almost_speechless 1580373525981 423 258 touchmove 184 179 2.3529412746429 2.3529412746429 0 speechless 0
i_am_almost_speechless 1580373525997 423 258 touchmove 184 181 2.3529412746429 2.3529412746429 0 speechless 0
i_am_almost_speechless 1580373526014 423 258 touchmove 185 182 2.3529412746429 2.3529412746429 0 speechless 0
i_am_almost_speechless 1580373526030 423 258 touchmove 185 182 2.3529412746429 2.3529412746429 0 speechless 0
i_am_almost_speechless 1580373526048 423 258 touchmove 185 183 2.3529412746429 2.3529412746429 0 speechless 0
i_am_almost_speechless 1580373526064 423 258 touchmove 185 184 2.3529412746429 2.3529412746429 0 speechless 0
i_am_almost_speechless 1580373526080 423 258 touchmove 185 184 2.3529412746429 2.3529412746429 0 speechless 0
i_am_almost_speechless 1580373526097 423 258 touchmove 185 184 2.3529412746429 2.3529412746429 0 speechless 0
i_am_almost_speechless 1580373526114 423 258 touchmove 185 185 2.3529412746429 2.3529412746429 0 speechless 0
i_am_almost_speechless 1580373526147 423 258 touchmove 185 185 2.1568627357483 2.1568627357483 0 speechless 0
i_am_almost_speechless 1580373526163 423 258 touchmove 186 185 2.1568627357483 2.1568627357483 0 speechless 0
i_am_almost_speechless 1580373526180 423 258 touchmove 189 182 2.3529412746429 2.3529412746429 0 speechless 0
i_am_almost_speechless 1580373526197 423 258 touchmove 197 173 2.1568627357483 2.1568627357483 0 speechless 0
i_am_almost_speechless 1580373526213 423 258 touchmove 208 159 2.1568627357483 2.1568627357483 0 speechless 0
i_am_almost_speechless 1580373526230 423 258 touchmove 217 148 2.3529412746429 2.3529412746429 0 speechless 0
i_am_almost_speechless 1580373526246 423 258 touchmove 224 140 2.549019575119 2.549019575119 0 speechless 0
i_am_almost_speechless 1580373526263 423 258 touchmove 231 133 2.549019575119 2.549019575119 0 speechless 0
i_am_almost_speechless 1580373526279 423 258 touchmove 238 126 2.3529412746429 2.3529412746429 0 speechless 0
i_am_almost_speechless 1580373526296 423 258 touchmove 244 121 2.3529412746429 2.3529412746429 0 speechless 0
i_am_almost_speechless 1580373526313 423 258 touchmove 247 119 2.3529412746429 2.3529412746429 0 speechless 0
i_am_almost_speechless 1580373526329 423 258 touchmove 248 118 2.3529412746429 2.3529412746429 0 speechless 0
i_am_almost_speechless 1580373526348 423 258 touchmove 249 117 2.3529412746429 2.3529412746429 0 speechless 0
i_am_almost_speechless 1580373526363 423 258 touchmove 250 116 2.3529412746429 2.3529412746429 0 speechless 0
i_am_almost_speechless 1580373526380 423 258 touchmove 251 115 2.3529412746429 2.3529412746429 0 speechless 0
i_am_almost_speechless 1580373526396 423 258 touchmove 251 115 2.3529412746429 2.3529412746429 0 speechless 0
i_am_almost_speechless 1580373526412 423 258 touchmove 252 115 2.3529412746429 2.3529412746429 0 speechless 0
i_am_almost_speechless 1580373526429 423 258 touchmove 252 114 2.3529412746429 2.3529412746429 0 speechless 0
i_am_almost_speechless 1580373526446 423 258 touchmove 252 114 2.1568627357483 2.1568627357483 0 speechless 0
i_am_almost_speechless 1580373526463 423 258 touchmove 249 112 2.1568627357483 2.1568627357483 0 speechless 0
i_am_almost_speechless 1580373526480 423 258 touchmove 236 106 2.1568627357483 2.1568627357483 0 speechless 0
i_am_almost_speechless 1580373526496 423 258 touchmove 215 97 2.3529412746429 2.3529412746429 0 speechless 0
i_am_almost_speechless 1580373526512 423 258 touchmove 197 90 2.3529412746429 2.3529412746429 0 speechless 0
i_am_almost_speechless 1580373526529 423 258 touchmove 179 83 2.1568627357483 2.1568627357483 0 speechless 0
i_am_almost_speechless 1580373526545 423 258 touchmove 161 74 2.3529412746429 2.3529412746429 0 speechless 0
i_am_almost_speechless 1580373526561 423 258 touchmove 147 65 2.1568627357483 2.1568627357483 0 speechless 0
i_am_almost_speechless 1580373526578 423 258 touchmove 136 56 2.3529412746429 2.3529412746429 0 speechless 0
i_am_almost_speechless 1580373526595 423 258 touchmove 126 48 2.3529412746429 2.3529412746429 0 speechless 0
i_am_almost_speechless 1580373526612 423 258 touchmove 119 43 2.3529412746429 2.3529412746429 0 speechless 0
i_am_almost_speechless 1580373526630 423 258 touchmove 116 41 2.3529412746429 2.3529412746429 0 speechless 0
i_am_almost_speechless 1580373526645 423 258 touchmove 115 40 2.3529412746429 2.3529412746429 0 speechless 0
i_am_almost_speechless 1580373526662 423 258 touchmove 114 39 2.3529412746429 2.3529412746429 0 speechless 0
i_am_almost_speechless 1580373526679 423 258 touchmove 113 39 2.3529412746429 2.3529412746429 0 speechless 0
i_am_almost_speechless 1580373526695 423 258 touchmove 113 38 2.3529412746429 2.3529412746429 0 speechless 0
i_am_almost_speechless 1580373526712 423 258 touchmove 112 38 2.3529412746429 2.3529412746429 0 speechless 0
i_am_almost_speechless 1580373526729 423 258 touchmove 112 37 2.3529412746429 2.3529412746429 0 speechless 0
i_am_almost_speechless 1580373526753 423 258 touchmove 111 37 2.3529412746429 2.3529412746429 0 speechless 0
i_am_almost_speechless 1580373526794 423 258 touchmove 111 37 2.3529412746429 2.3529412746429 0 speechless 0
i_am_almost_speechless 1580373526979 423 258 touchmove 111 37 2.3529412746429 2.3529412746429 0 speechless 0
i_am_almost_speechless 1580373526994 423 258 touchmove 113 38 2.3529412746429 2.3529412746429 0 speechless 0
i_am_almost_speechless 1580373527010 423 258 touchmove 117 39 2.3529412746429 2.3529412746429 0 speechless 0
i_am_almost_speechless 1580373527026 423 258 touchmove 125 44 2.3529412746429 2.3529412746429 0 speechless 0
i_am_almost_speechless 1580373527044 423 258 touchmove 138 50 2.3529412746429 2.3529412746429 0 speechless 0
i_am_almost_speechless 1580373527060 423 258 touchmove 150 57 2.3529412746429 2.3529412746429 0 speechless 0
i_am_almost_speechless 1580373527077 423 258 touchmove 162 64 2.3529412746429 2.3529412746429 0 speechless 0
i_am_almost_speechless 1580373527093 423 258 touchmove 175 72 2.1568627357483 2.1568627357483 0 speechless 0
i_am_almost_speechless 1580373527110 423 258 touchmove 189 79 2.3529412746429 2.3529412746429 0 speechless 0
i_am_almost_speechless 1580373527127 423 258 touchmove 203 84 2.3529412746429 2.3529412746429 0 speechless 0
i_am_almost_speechless 1580373527143 423 258 touchmove 217 90 2.3529412746429 2.3529412746429 0 speechless 0
i_am_almost_speechless 1580373527160 423 258 touchmove 231 95 2.1568627357483 2.1568627357483 0 speechless 0
i_am_almost_speechless 1580373527177 423 258 touchmove 245 99 2.3529412746429 2.3529412746429 0 speechless 0
i_am_almost_speechless 1580373527193 423 258 touchmove 260 102 2.1568627357483 2.1568627357483 0 speechless 0
i_am_almost_speechless 1580373527210 423 258 touchmove 271 104 2.3529412746429 2.3529412746429 0 speechless 0
i_am_almost_speechless 1580373527226 423 258 touchmove 282 105 2.1568627357483 2.1568627357483 0 speechless 0
i_am_almost_speechless 1580373527243 423 258 touchmove 292 106 2.1568627357483 2.1568627357483 0 speechless 0
i_am_almost_speechless 1580373527260 423 258 touchmove 300 107 2.549019575119 2.549019575119 0 speechless 0
i_am_almost_speechless 1580373527276 423 258 touchmove 311 108 2.1568627357483 2.1568627357483 0 speechless 0
i_am_almost_speechless 1580373527293 423 258 touchmove 319 108 2.1568627357483 2.1568627357483 0 speechless 0
i_am_almost_speechless 1580373527309 423 258 touchmove 326 109 2.3529412746429 2.3529412746429 0 speechless 0
i_am_almost_speechless 1580373527326 423 258 touchmove 336 110 2.1568627357483 2.1568627357483 0 speechless 0
i_am_almost_speechless 1580373527343 423 258 touchmove 344 112 2.3529412746429 2.3529412746429 0 speechless 0
i_am_almost_speechless 1580373527359 423 258 touchmove 349 113 2.3529412746429 2.3529412746429 0 speechless 0
i_am_almost_speechless 1580373527376 423 258 touchmove 352 113 2.3529412746429 2.3529412746429 0 speechless 0
i_am_almost_speechless 1580373527392 423 258 touchmove 356 115 2.3529412746429 2.3529412746429 0 speechless 0
i_am_almost_speechless 1580373527409 423 258 touchmove 358 115 2.549019575119 2.549019575119 0 speechless 0
i_am_almost_speechless 1580373527425 423 258 touchmove 362 117 0.98039215803146 0.98039215803146 0 speechless 0
i_am_almost_speechless 1580373527442 423 258 touchmove 365 117 0.98039215803146 0.98039215803146 0 speechless 0
i_am_almost_speechless 1580373527460 423 258 touchmove 366 119 0.98039215803146 0.98039215803146 0 speechless 0
i_am_almost_speechless 1580373527475 423 258 touchmove 368 119 0.98039215803146 0.98039215803146 0 speechless 0
i_am_almost_speechless 1580373527492 423 258 touchmove 369 119 0.98039215803146 0.98039215803146 0 speechless 0
i_am_almost_speechless 1580373527510 423 258 touchmove 369 120 0.98039215803146 0.98039215803146 0 speechless 0
i_am_almost_speechless 1580373527525 423 258 touchmove 370 120 0.98039215803146 0.98039215803146 0 speechless 0
i_am_almost_speechless 1580373527542 423 258 touchmove 370 121 0.98039215803146 0.98039215803146 0 speechless 0
i_am_almost_speechless 1580373527559 423 258 touchmove 370 121 0.98039215803146 0.98039215803146 0 speechless 0
i_am_almost_speechless 1580373527575 423 258 touchmove 370 121 0.98039215803146 0.98039215803146 0 speechless 0
i_am_almost_speechless 1580373527592 423 258 touchmove 370 122 2.549019575119 2.549019575119 0 speechless 0
i_am_almost_speechless 1580373527608 423 258 touchmove 370 122 2.3529412746429 2.3529412746429 0 speechless 0
i_am_almost_speechless 1580373527626 423 258 touchmove 370 122 2.3529412746429 2.3529412746429 0 speechless 0
i_am_almost_speechless 1580373527642 423 258 touchmove 369 123 2.1568627357483 2.1568627357483 0 speechless 0
i_am_almost_speechless 1580373527658 423 258 touchmove 368 123 2.1568627357483 2.1568627357483 0 speechless 0
i_am_almost_speechless 1580373527675 423 258 touchmove 367 124 2.1568627357483 2.1568627357483 0 speechless 0
i_am_almost_speechless 1580373527694 423 258 touchmove 367 124 2.1568627357483 2.1568627357483 0 speechless 0
i_am_almost_speechless 1580373527708 423 258 touchmove 366 124 2.1568627357483 2.1568627357483 0 speechless 0
i_am_almost_speechless 1580373527725 423 258 touchmove 365 124 2.1568627357483 2.1568627357483 0 speechless 0
i_am_almost_speechless 1580373527742 423 258 touchmove 364 124 0.98039215803146 0.98039215803146 0 speechless 0
i_am_almost_speechless 1580373527759 423 258 touchmove 360 125 2.549019575119 2.549019575119 0 speechless 0
i_am_almost_speechless 1580373527775 423 258 touchmove 354 126 2.3529412746429 2.3529412746429 0 speechless 0
i_am_almost_speechless 1580373527791 423 258 touchmove 346 126 2.1568627357483 2.1568627357483 0 speechless 0
i_am_almost_speechless 1580373527808 423 258 touchmove 335 126 2.1568627357483 2.1568627357483 0 speechless 0
i_am_almost_speechless 1580373527824 423 258 touchmove 322 126 2.1568627357483 2.1568627357483 0 speechless 0
i_am_almost_speechless 1580373527841 423 258 touchmove 307 124 2.549019575119 2.549019575119 0 speechless 0
i_am_almost_speechless 1580373527859 423 258 touchmove 290 121 2.549019575119 2.549019575119 0 speechless 0
i_am_almost_speechless 1580373527875 423 258 touchmove 269 117 2.3529412746429 2.3529412746429 0 speechless 0
i_am_almost_speechless 1580373527892 423 258 touchmove 246 114 2.3529412746429 2.3529412746429 0 speechless 0
i_am_almost_speechless 1580373527908 423 258 touchmove 224 112 2.3529412746429 2.3529412746429 0 speechless 0
i_am_almost_speechless 1580373527924 423 258 touchmove 204 110 2.1568627357483 2.1568627357483 0 speechless 0
i_am_almost_speechless 1580373527942 423 258 touchmove 196 109 2.3529412746429 2.3529412746429 0 speechless 0
i_am_almost_speechless 1580373527958 423 258 touchmove 175 103 2.1568627357483 2.1568627357483 0 speechless 0
i_am_almost_speechless 1580373527975 423 258 touchmove 167 100 2.3529412746429 2.3529412746429 0 speechless 0
i_am_almost_speechless 1580373527991 423 258 touchmove 151 90 2.1568627357483 2.1568627357483 0 speechless 0
i_am_almost_speechless 1580373528008 423 258 touchmove 144 84 2.3529412746429 2.3529412746429 0 speechless 0
i_am_almost_speechless 1580373528024 423 258 touchmove 140 79 2.1568627357483 2.1568627357483 0 speechless 0
i_am_almost_speechless 1580373528041 423 258 touchmove 137 76 2.3529412746429 2.3529412746429 0 speechless 0
i_am_almost_speechless 1580373528057 423 258 touchmove 136 75 2.3529412746429 2.3529412746429 0 speechless 0
i_am_almost_speechless 1580373528074 423 258 touchmove 134 70 2.3529412746429 2.3529412746429 0 speechless 0
i_am_almost_speechless 1580373528091 423 258 touchmove 131 66 2.3529412746429 2.3529412746429 0 speechless 0
i_am_almost_speechless 1580373528108 423 258 touchmove 131 64 2.3529412746429 2.3529412746429 0 speechless 0
i_am_almost_speechless 1580373528126 423 258 touchmove 128 59 2.3529412746429 2.3529412746429 0 speechless 0
i_am_almost_speechless 1580373528141 423 258 touchmove 125 53 2.3529412746429 2.3529412746429 0 speechless 0
i_am_almost_speechless 1580373528158 423 258 touchmove 123 50 2.3529412746429 2.3529412746429 0 speechless 0
i_am_almost_speechless 1580373528174 423 258 touchmove 123 48 2.3529412746429 2.3529412746429 0 speechless 0
i_am_almost_speechless 1580373528191 423 258 touchmove 122 47 2.3529412746429 2.3529412746429 0 speechless 0
i_am_almost_speechless 1580373528207 423 258 touchmove 120 45 2.3529412746429 2.3529412746429 0 speechless 0
i_am_almost_speechless 1580373528223 423 258 touchmove 120 45 2.3529412746429 2.3529412746429 0 speechless 0
i_am_almost_speechless 1580373528240 423 258 touchmove 120 44 2.3529412746429 2.3529412746429 0 speechless 0
i_am_almost_speechless 1580373528257 423 258 touchmove 119 44 2.3529412746429 2.3529412746429 0 speechless 0
i_am_almost_speechless 1580373528274 423 258 touchmove 119 43 2.3529412746429 2.3529412746429 0 speechless 0
i_am_almost_speechless 1580373528290 423 258 touchmove 119 43 2.3529412746429 2.3529412746429 0 speechless 0
i_am_almost_speechless 1580373528307 423 258 touchmove 118 42 2.3529412746429 2.3529412746429 0 speechless 0
i_am_almost_speechless 1580373528324 423 258 touchmove 118 42 2.3529412746429 2.3529412746429 0 speechless 0
i_am_almost_speechless 1580373528340 423 258 touchmove 118 42 2.3529412746429 2.3529412746429 0 speechless 0
i_am_almost_speechless 1580373528357 423 258 touchmove 118 42 2.3529412746429 2.3529412746429 0 speechless 0
i_am_almost_speechless 1580373528423 423 258 touchmove 118 44 2.3529412746429 2.3529412746429 0 speechless 0
i_am_almost_speechless 1580373528431 423 258 touchmove 118 46 2.3529412746429 2.3529412746429 0 speechless 0
i_am_almost_speechless 1580373528448 423 258 touchmove 120 50 2.3529412746429 2.3529412746429 0 speechless 0
i_am_almost_speechless 1580373528472 423 258 touchmove 121 54 2.3529412746429 2.3529412746429 0 speechless 0
i_am_almost_speechless 1580373528505 423 258 touchmove 122 59 2.3529412746429 2.3529412746429 0 speechless 0
i_am_almost_speechless 1580373528513 423 258 touchmove 121 60 2.3529412746429 2.3529412746429 0 speechless 0
i_am_almost_speechless 1580373528522 423 258 touchmove 121 62 2.3529412746429 2.3529412746429 0 speechless 0
i_am_almost_speechless 1580373528539 423 258 touchmove 119 67 2.3529412746429 2.3529412746429 0 speechless 0
i_am_almost_speechless 1580373528556 423 258 touchmove 116 74 2.3529412746429 2.3529412746429 0 speechless 0
i_am_almost_speechless 1580373528572 423 258 touchmove 111 81 2.3529412746429 2.3529412746429 0 speechless 0
i_am_almost_speechless 1580373528589 423 258 touchmove 107 88 2.3529412746429 2.3529412746429 0 speechless 0
i_am_almost_speechless 1580373528605 423 258 touchmove 103 93 2.3529412746429 2.3529412746429 0 speechless 0
i_am_almost_speechless 1580373528622 423 258 touchmove 98 98 2.3529412746429 2.3529412746429 0 speechless 0
i_am_almost_speechless 1580373528639 423 258 touchmove 93 102 2.3529412746429 2.3529412746429 0 speechless 0
i_am_almost_speechless 1580373528655 423 258 touchmove 91 104 2.3529412746429 2.3529412746429 0 speechless 0
i_am_almost_speechless 1580373528672 423 258 touchmove 90 105 2.3529412746429 2.3529412746429 0 speechless 0
i_am_almost_speechless 1580373528689 423 258 touchmove 89 105 2.3529412746429 2.3529412746429 0 speechless 0
i_am_almost_speechless 1580373528705 423 258 touchmove 89 106 2.3529412746429 2.3529412746429 0 speechless 0
i_am_almost_speechless 1580373528722 423 258 touchmove 89 106 2.3529412746429 2.3529412746429 0 speechless 0
i_am_almost_speechless 1580373528755 423 258 touchmove 89 106 2.3529412746429 2.3529412746429 0 speechless 0
i_am_almost_speechless 1580373528839 423 258 touchmove 89 107 2.3529412746429 2.3529412746429 0 speechless 0
i_am_almost_speechless 1580373528854 423 258 touchmove 89 108 2.3529412746429 2.3529412746429 0 speechless 0
i_am_almost_speechless 1580373528872 423 258 touchmove 89 108 0.98039215803146 0.98039215803146 0 speechless 0
i_am_almost_speechless 1580373528881 423 258 touchend 89 108 0.98039215803146 0.98039215803146 0 speechless 0
