sentence timestamp keyb_width keyb_height event x_pos y_pos x_radius y_radius angle word is_err
cache_smith_posted_thumb 1583470489714 411 222 touchstart 165 162 1.4270234107971 1.712427854538 0 cache 1
cache_smith_posted_thumb 1583470489728 411 222 touchmove 167 161 1.1416186094284 1.9978326559067 0 cache 1
cache_smith_posted_thumb 1583470489747 411 222 touchmove 167 161 1.1416186094284 1.712427854538 0 cache 1
cache_smith_posted_thumb 1583470489759 411 222 touchmove 168 161 1.1416186094284 1.9978326559067 0 cache 1
cache_smith_posted_thumb 1583470489811 411 222 touchmove 168 160 1.4270234107971 1.9978326559067 0 cache 1
cache_smith_posted_thumb 1583470489830 411 222 touchmove 168 160 1.4270234107971 1.9978326559067 0 cache 1
cache_smith_posted_thumb 1583470489848 411 222 touchmove 169 159 1.4270234107971 1.9978326559067 0 cache 1
cache_smith_posted_thumb 1583470489860 411 222 touchmove 169 158 1.4270234107971 1.9978326559067 0 cache 1
cache_smith_posted_thumb 1583470489876 411 222 touchmove 184 146 1.4270234107971 1.712427854538 0 cache 1
cache_smith_posted_thumb 1583470489893 411 222 touchmove 199 136 1.4270234107971 1.9978326559067 0 cache 1
cache_smith_posted_thumb 1583470489909 411 222 touchmove 223 122 1.712427854538 1.712427854538 0 cache 1
cache_smith_posted_thumb 1583470489926 411 222 touchmove 244 111 1.712427854538 1.712427854538 0 cache 1
cache_smith_posted_thumb 1583470489942 411 222 touchmove 261 104 1.712427854538 1.9978326559067 0 cache 1
cache_smith_posted_thumb 1583470489959 411 222 touchmove 266 103 1.712427854538 1.9978326559067 0 cache 1
cache_smith_posted_thumb 1583470489976 411 222 touchmove 272 102 1.712427854538 1.712427854538 0 cache 1
cache_smith_posted_thumb 1583470489992 411 222 touchmove 273 102 1.712427854538 1.712427854538 0 cache 1
cache_smith_posted_thumb 1583470490010 411 222 touchmove 275 102 1.712427854538 1.712427854538 0 cache 1
cache_smith_posted_thumb 1583470490027 411 222 touchmove 276 102 1.712427854538 1.712427854538 0 cache 1
cache_smith_posted_thumb 1583470490052 411 222 touchmove 277 102 1.712427854538 1.712427854538 0 cache 1
cache_smith_posted_thumb 1583470490126 411 222 touchmove 277 102 1.712427854538 1.712427854538 0 cache 1
cache_smith_posted_thumb 1583470490610 411 222 touchmove 277 102 1.712427854538 1.9978326559067 0 cache 1
cache_smith_posted_thumb 1583470490627 411 222 touchmove 276 103 1.712427854538 1.712427854538 0 cache 1
cache_smith_posted_thumb 1583470490644 411 222 touchmove 245 101 1.9978326559067 1.9978326559067 0 cache 1
cache_smith_posted_thumb 1583470490660 411 222 touchmove 203 89 1.712427854538 1.712427854538 0 cache 1
cache_smith_posted_thumb 1583470490677 411 222 touchmove 161 79 1.712427854538 1.712427854538 0 cache 1
cache_smith_posted_thumb 1583470490694 411 222 touchmove 122 74 1.712427854538 1.712427854538 0 cache 1
cache_smith_posted_thumb 1583470490711 411 222 touchmove 108 73 1.712427854538 1.712427854538 0 cache 1
cache_smith_posted_thumb 1583470490728 411 222 touchmove 98 74 1.712427854538 1.712427854538 0 cache 1
cache_smith_posted_thumb 1583470490744 411 222 touchmove 95 75 1.712427854538 1.712427854538 0 cache 1
cache_smith_posted_thumb 1583470490761 411 222 touchmove 95 75 1.712427854538 1.712427854538 0 cache 1
cache_smith_posted_thumb 1583470490778 411 222 touchmove 96 74 1.712427854538 1.9978326559067 0 cache 1
cache_smith_posted_thumb 1583470490794 411 222 touchmove 97 72 1.712427854538 1.9978326559067 0 cache 1
cache_smith_posted_thumb 1583470490810 411 222 touchmove 122 60 1.712427854538 1.712427854538 0 cache 1
cache_smith_posted_thumb 1583470490827 411 222 touchmove 179 46 1.712427854538 1.712427854538 0 cache 1
cache_smith_posted_thumb 1583470490844 411 222 touchmove 228 43 1.712427854538 1.712427854538 0 cache 1
cache_smith_posted_thumb 1583470490861 411 222 touchmove 268 50 1.712427854538 1.9978326559067 0 cache 1
cache_smith_posted_thumb 1583470490879 411 222 touchmove 278 55 1.4270234107971 1.712427854538 0 cache 1
cache_smith_posted_thumb 1583470490894 411 222 touchmove 290 66 1.4270234107971 1.4270234107971 0 cache 1
cache_smith_posted_thumb 1583470490913 411 222 touchmove 296 74 1.4270234107971 1.4270234107971 0 cache 1
cache_smith_posted_thumb 1583470490921 411 222 touchend 296 74 1.4270234107971 1.4270234107971 0 cache 1
cache_smith_posted_thumb 1583470491907 411 222 touchmove 172 79 1.712427854538 1.712427854538 0 cache 0
cache_smith_posted_thumb 1583470491932 411 222 touchmove 130 79 1.712427854538 1.712427854538 0 cache 0
cache_smith_posted_thumb 1583470491948 411 222 touchmove 115 79 1.712427854538 1.9978326559067 0 cache 0
cache_smith_posted_thumb 1583470491966 411 222 touchmove 111 78 1.712427854538 1.9978326559067 0 cache 0
cache_smith_posted_thumb 1583470491984 411 222 touchmove 111 78 1.712427854538 1.9978326559067 0 cache 0
cache_smith_posted_thumb 1583470491998 411 222 touchmove 108 78 1.712427854538 1.712427854538 0 cache 0
cache_smith_posted_thumb 1583470492014 411 222 touchmove 106 78 1.712427854538 1.712427854538 0 cache 0
cache_smith_posted_thumb 1583470492033 411 222 touchmove 102 78 1.712427854538 1.712427854538 0 cache 0
cache_smith_posted_thumb 1583470492051 411 222 touchmove 90 80 1.712427854538 1.712427854538 0 cache 0
cache_smith_posted_thumb 1583470492069 411 222 touchmove 86 81 1.4270234107971 1.712427854538 0 cache 0
cache_smith_posted_thumb 1583470492104 411 222 touchmove 83 81 1.4270234107971 1.712427854538 0 cache 0
cache_smith_posted_thumb 1583470492125 411 222 touchmove 82 81 1.4270234107971 1.712427854538 0 cache 0
cache_smith_posted_thumb 1583470492149 411 222 touchend 82 81 1.4270234107971 1.712427854538 0 cache 0
cache_smith_posted_thumb 1583470492979 411 222 touchstart 176 136 1.712427854538 1.9978326559067 0 smith 0
cache_smith_posted_thumb 1583470492998 411 222 touchmove 180 132 1.712427854538 1.712427854538 0 smith 0
cache_smith_posted_thumb 1583470493017 411 222 touchmove 200 122 1.712427854538 1.9978326559067 0 smith 0
cache_smith_posted_thumb 1583470493033 411 222 touchmove 212 114 1.712427854538 1.712427854538 0 smith 0
cache_smith_posted_thumb 1583470493060 411 222 touchmove 249 91 1.712427854538 1.712427854538 0 smith 0
cache_smith_posted_thumb 1583470493181 411 222 touchmove 241 77 1.712427854538 1.9978326559067 0 smith 0
cache_smith_posted_thumb 1583470493199 411 222 touchmove 223 76 1.712427854538 1.9978326559067 0 smith 0
cache_smith_posted_thumb 1583470493216 411 222 touchmove 175 69 1.712427854538 1.9978326559067 0 smith 0
cache_smith_posted_thumb 1583470493231 411 222 touchmove 136 66 1.712427854538 1.9978326559067 0 smith 0
cache_smith_posted_thumb 1583470493248 411 222 touchmove 122 67 1.712427854538 1.9978326559067 0 smith 0
cache_smith_posted_thumb 1583470493265 411 222 touchmove 124 70 1.712427854538 1.9978326559067 0 smith 0
cache_smith_posted_thumb 1583470493284 411 222 touchmove 126 70 1.9978326559067 1.9978326559067 0 smith 0
cache_smith_posted_thumb 1583470493298 411 222 touchmove 127 70 1.9978326559067 1.9978326559067 0 smith 0
cache_smith_posted_thumb 1583470493332 411 222 touchmove 132 68 1.9978326559067 1.9978326559067 0 smith 0
cache_smith_posted_thumb 1583470493352 411 222 touchmove 204 71 1.9978326559067 1.9978326559067 0 smith 0
cache_smith_posted_thumb 1583470493368 411 222 touchmove 228 71 1.712427854538 1.712427854538 0 smith 0
cache_smith_posted_thumb 1583470493382 411 222 touchmove 277 71 1.4270234107971 1.712427854538 0 smith 0
cache_smith_posted_thumb 1583470493399 411 222 touchmove 314 73 1.712427854538 1.712427854538 0 smith 0
cache_smith_posted_thumb 1583470493415 411 222 touchmove 330 77 1.4270234107971 1.712427854538 0 smith 0
cache_smith_posted_thumb 1583470493432 411 222 touchmove 337 82 1.4270234107971 1.4270234107971 0 smith 0
cache_smith_posted_thumb 1583470493449 411 222 touchmove 342 85 1.1416186094284 1.4270234107971 0 smith 0
cache_smith_posted_thumb 1583470493467 411 222 touchmove 348 89 1.1416186094284 1.4270234107971 0 smith 0
cache_smith_posted_thumb 1583470493475 411 222 touchend 348 89 1.1416186094284 1.4270234107971 0 smith 0
cache_smith_posted_thumb 1583470494234 411 222 touchmove 157 128 1.712427854538 1.712427854538 0 posted 1
cache_smith_posted_thumb 1583470494250 411 222 touchmove 151 131 1.4270234107971 1.712427854538 0 posted 1
cache_smith_posted_thumb 1583470494268 411 222 touchend 151 131 1.4270234107971 1.712427854538 0 posted 1
cache_smith_posted_thumb 1583470494670 411 222 touchstart 181 115 1.712427854538 1.712427854538 0 posted 1
cache_smith_posted_thumb 1583470494685 411 222 touchmove 191 108 1.9978326559067 1.9978326559067 0 posted 1
cache_smith_posted_thumb 1583470494702 411 222 touchmove 236 80 1.712427854538 1.712427854538 0 posted 1
cache_smith_posted_thumb 1583470494718 411 222 touchmove 276 63 1.712427854538 1.712427854538 0 posted 1
cache_smith_posted_thumb 1583470494734 411 222 touchmove 303 55 1.712427854538 1.712427854538 0 posted 1
cache_smith_posted_thumb 1583470494751 411 222 touchmove 308 56 1.712427854538 1.712427854538 0 posted 1
cache_smith_posted_thumb 1583470494768 411 222 touchmove 307 57 1.712427854538 1.712427854538 0 posted 1
cache_smith_posted_thumb 1583470494785 411 222 touchmove 305 59 1.712427854538 1.9978326559067 0 posted 1
cache_smith_posted_thumb 1583470494802 411 222 touchmove 300 60 1.9978326559067 1.9978326559067 0 posted 1
cache_smith_posted_thumb 1583470494818 411 222 touchmove 281 71 1.712427854538 1.712427854538 0 posted 1
cache_smith_posted_thumb 1583470494835 411 222 touchmove 254 82 1.712427854538 1.712427854538 0 posted 1
cache_smith_posted_thumb 1583470494852 411 222 touchmove 234 87 1.712427854538 1.712427854538 0 posted 1
cache_smith_posted_thumb 1583470494870 411 222 touchmove 187 92 1.712427854538 1.9978326559067 0 posted 1
cache_smith_posted_thumb 1583470494885 411 222 touchmove 144 94 1.712427854538 1.9978326559067 0 posted 1
cache_smith_posted_thumb 1583470494901 411 222 touchmove 119 96 1.9978326559067 1.9978326559067 0 posted 1
cache_smith_posted_thumb 1583470494918 411 222 touchmove 117 98 1.9978326559067 1.9978326559067 0 posted 1
cache_smith_posted_thumb 1583470494936 411 222 touchmove 118 102 1.712427854538 1.9978326559067 0 posted 1
cache_smith_posted_thumb 1583470494951 411 222 touchmove 120 107 1.712427854538 1.9978326559067 0 posted 1
cache_smith_posted_thumb 1583470494968 411 222 touchmove 129 137 1.4270234107971 1.712427854538 0 posted 1
cache_smith_posted_thumb 1583470494985 411 222 touchmove 150 165 1.1416186094284 1.9978326559067 0 posted 1
cache_smith_posted_thumb 1583470495003 411 222 touchmove 179 189 1.1416186094284 1.712427854538 0 posted 1
cache_smith_posted_thumb 1583470495019 411 222 touchmove 199 196 0.85621392726898 1.9978326559067 0 posted 1
cache_smith_posted_thumb 1583470495036 411 222 touchmove 236 205 0.85621392726898 1.712427854538 0 posted 1
cache_smith_posted_thumb 1583470495052 411 222 touchmove 268 204 0.85621392726898 1.712427854538 0 posted 1
cache_smith_posted_thumb 1583470495068 411 222 touchmove 289 198 0.85621392726898 1.712427854538 0 posted 1
cache_smith_posted_thumb 1583470495085 411 222 touchmove 310 181 1.1416186094284 1.712427854538 0 posted 1
cache_smith_posted_thumb 1583470495102 411 222 touchmove 326 168 1.1416186094284 1.4270234107971 0 posted 1
cache_smith_posted_thumb 1583470495113 411 222 touchend 326 168 1.1416186094284 1.4270234107971 0 posted 1
cache_smith_posted_thumb 1583470494670 411 222 touchstart 181 115 1.712427854538 1.712427854538 0 posted 1 1
cache_smith_posted_thumb 1583470494685 411 222 touchmove 191 108 1.9978326559067 1.9978326559067 0 posted 1 1
cache_smith_posted_thumb 1583470494702 411 222 touchmove 236 80 1.712427854538 1.712427854538 0 posted 1 1
cache_smith_posted_thumb 1583470494718 411 222 touchmove 276 63 1.712427854538 1.712427854538 0 posted 1 1
cache_smith_posted_thumb 1583470494734 411 222 touchmove 303 55 1.712427854538 1.712427854538 0 posted 1 1
cache_smith_posted_thumb 1583470494751 411 222 touchmove 308 56 1.712427854538 1.712427854538 0 posted 1 1
cache_smith_posted_thumb 1583470494768 411 222 touchmove 307 57 1.712427854538 1.712427854538 0 posted 1 1
cache_smith_posted_thumb 1583470494785 411 222 touchmove 305 59 1.712427854538 1.9978326559067 0 posted 1 1
cache_smith_posted_thumb 1583470494802 411 222 touchmove 300 60 1.9978326559067 1.9978326559067 0 posted 1 1
cache_smith_posted_thumb 1583470494818 411 222 touchmove 281 71 1.712427854538 1.712427854538 0 posted 1 1
cache_smith_posted_thumb 1583470494835 411 222 touchmove 254 82 1.712427854538 1.712427854538 0 posted 1 1
cache_smith_posted_thumb 1583470494852 411 222 touchmove 234 87 1.712427854538 1.712427854538 0 posted 1 1
cache_smith_posted_thumb 1583470494870 411 222 touchmove 187 92 1.712427854538 1.9978326559067 0 posted 1 1
cache_smith_posted_thumb 1583470494885 411 222 touchmove 144 94 1.712427854538 1.9978326559067 0 posted 1 1
cache_smith_posted_thumb 1583470494901 411 222 touchmove 119 96 1.9978326559067 1.9978326559067 0 posted 1 1
cache_smith_posted_thumb 1583470494918 411 222 touchmove 117 98 1.9978326559067 1.9978326559067 0 posted 1 1
cache_smith_posted_thumb 1583470494936 411 222 touchmove 118 102 1.712427854538 1.9978326559067 0 posted 1 1
cache_smith_posted_thumb 1583470494951 411 222 touchmove 120 107 1.712427854538 1.9978326559067 0 posted 1 1
cache_smith_posted_thumb 1583470494968 411 222 touchmove 129 137 1.4270234107971 1.712427854538 0 posted 1 1
cache_smith_posted_thumb 1583470494985 411 222 touchmove 150 165 1.1416186094284 1.9978326559067 0 posted 1 1
cache_smith_posted_thumb 1583470495003 411 222 touchmove 179 189 1.1416186094284 1.712427854538 0 posted 1 1
cache_smith_posted_thumb 1583470495019 411 222 touchmove 199 196 0.85621392726898 1.9978326559067 0 posted 1 1
cache_smith_posted_thumb 1583470495036 411 222 touchmove 236 205 0.85621392726898 1.712427854538 0 posted 1 1
cache_smith_posted_thumb 1583470495052 411 222 touchmove 268 204 0.85621392726898 1.712427854538 0 posted 1 1
cache_smith_posted_thumb 1583470495068 411 222 touchmove 289 198 0.85621392726898 1.712427854538 0 posted 1 1
cache_smith_posted_thumb 1583470495085 411 222 touchmove 310 181 1.1416186094284 1.712427854538 0 posted 1 1
cache_smith_posted_thumb 1583470495102 411 222 touchmove 326 168 1.1416186094284 1.4270234107971 0 posted 1 1
cache_smith_posted_thumb 1583470495113 411 222 touchend 326 168 1.1416186094284 1.4270234107971 0 posted 1 1
cache_smith_posted_thumb 1583470495365 411 222 touchstart 221 108 1.712427854538 1.712427854538 0 posted 1
cache_smith_posted_thumb 1583470495385 411 222 touchmove 201 103 1.712427854538 1.9978326559067 0 posted 1
cache_smith_posted_thumb 1583470495402 411 222 touchmove 164 83 1.712427854538 1.712427854538 0 posted 1
cache_smith_posted_thumb 1583470495419 411 222 touchmove 146 70 1.712427854538 1.712427854538 0 posted 1
cache_smith_posted_thumb 1583470495435 411 222 touchmove 120 50 1.712427854538 1.9978326559067 0 posted 1
cache_smith_posted_thumb 1583470495452 411 222 touchmove 107 36 1.712427854538 1.9978326559067 0 posted 1
cache_smith_posted_thumb 1583470495469 411 222 touchmove 109 32 1.712427854538 1.9978326559067 0 posted 1
cache_smith_posted_thumb 1583470495486 411 222 touchmove 114 30 1.712427854538 1.9978326559067 0 posted 1
cache_smith_posted_thumb 1583470495503 411 222 touchmove 119 27 1.712427854538 1.712427854538 0 posted 1
cache_smith_posted_thumb 1583470495520 411 222 touchmove 161 10 1.712427854538 1.9978326559067 0 posted 1
cache_smith_posted_thumb 1583470495536 411 222 touchmove 212 -2 1.712427854538 1.712427854538 0 posted 1
cache_smith_posted_thumb 1583470495553 411 222 touchmove 257 0 1.4270234107971 1.712427854538 0 posted 1
cache_smith_posted_thumb 1583470495569 411 222 touchmove 293 16 1.712427854538 1.712427854538 0 posted 1
cache_smith_posted_thumb 1583470495586 411 222 touchmove 305 26 1.4270234107971 1.712427854538 0 posted 1
cache_smith_posted_thumb 1583470495604 411 222 touchmove 319 37 1.4270234107971 1.712427854538 0 posted 1
cache_smith_posted_thumb 1583470495619 411 222 touchmove 322 39 1.4270234107971 1.4270234107971 0 posted 1
cache_smith_posted_thumb 1583470495636 411 222 touchmove 322 41 1.712427854538 1.712427854538 0 posted 1
cache_smith_posted_thumb 1583470495653 411 222 touchmove 321 42 1.712427854538 1.712427854538 0 posted 1
cache_smith_posted_thumb 1583470495669 411 222 touchmove 320 43 1.712427854538 1.712427854538 0 posted 1
cache_smith_posted_thumb 1583470495679 411 222 touchend 320 43 1.712427854538 1.712427854538 0 posted 1
cache_smith_posted_thumb 1583470495830 411 222 touchstart 153 133 1.712427854538 1.9978326559067 0 posted 1
cache_smith_posted_thumb 1583470495853 411 222 touchmove 157 132 1.712427854538 1.712427854538 0 posted 1
cache_smith_posted_thumb 1583470495869 411 222 touchmove 186 121 1.712427854538 1.9978326559067 0 posted 1
cache_smith_posted_thumb 1583470495886 411 222 touchmove 223 107 1.9978326559067 1.9978326559067 0 posted 1
cache_smith_posted_thumb 1583470495903 411 222 touchmove 256 94 1.9978326559067 1.9978326559067 0 posted 1
cache_smith_posted_thumb 1583470495920 411 222 touchmove 273 87 1.712427854538 1.712427854538 0 posted 1
cache_smith_posted_thumb 1583470495937 411 222 touchmove 304 76 1.712427854538 1.712427854538 0 posted 1
cache_smith_posted_thumb 1583470495953 411 222 touchmove 321 71 1.712427854538 1.712427854538 0 posted 1
cache_smith_posted_thumb 1583470495969 411 222 touchmove 329 71 1.4270234107971 1.4270234107971 0 posted 1
cache_smith_posted_thumb 1583470495986 411 222 touchmove 338 70 1.1416186094284 1.4270234107971 0 posted 1
cache_smith_posted_thumb 1583470496003 411 222 touchend 338 70 1.1416186094284 1.4270234107971 0 posted 1
cache_smith_posted_thumb 1583470495830 411 222 touchstart 153 133 1.712427854538 1.9978326559067 0 posted 1 1
cache_smith_posted_thumb 1583470495853 411 222 touchmove 157 132 1.712427854538 1.712427854538 0 posted 1 1
cache_smith_posted_thumb 1583470495869 411 222 touchmove 186 121 1.712427854538 1.9978326559067 0 posted 1 1
cache_smith_posted_thumb 1583470495886 411 222 touchmove 223 107 1.9978326559067 1.9978326559067 0 posted 1 1
cache_smith_posted_thumb 1583470495903 411 222 touchmove 256 94 1.9978326559067 1.9978326559067 0 posted 1 1
cache_smith_posted_thumb 1583470495920 411 222 touchmove 273 87 1.712427854538 1.712427854538 0 posted 1 1
cache_smith_posted_thumb 1583470495937 411 222 touchmove 304 76 1.712427854538 1.712427854538 0 posted 1 1
cache_smith_posted_thumb 1583470495953 411 222 touchmove 321 71 1.712427854538 1.712427854538 0 posted 1 1
cache_smith_posted_thumb 1583470495969 411 222 touchmove 329 71 1.4270234107971 1.4270234107971 0 posted 1 1
cache_smith_posted_thumb 1583470495986 411 222 touchmove 338 70 1.1416186094284 1.4270234107971 0 posted 1 1
cache_smith_posted_thumb 1583470496003 411 222 touchend 338 70 1.1416186094284 1.4270234107971 0 posted 1 1
cache_smith_posted_thumb 1583470496210 411 222 touchstart 262 79 1.712427854538 1.712427854538 0 posted 1
cache_smith_posted_thumb 1583470496220 411 222 touchmove 247 75 1.9978326559067 1.9978326559067 0 posted 1
cache_smith_posted_thumb 1583470496237 411 222 touchmove 212 56 1.712427854538 1.9978326559067 0 posted 1
cache_smith_posted_thumb 1583470496255 411 222 touchmove 193 46 1.712427854538 1.9978326559067 0 posted 1
cache_smith_posted_thumb 1583470496270 411 222 touchmove 159 28 1.712427854538 1.712427854538 0 posted 1
cache_smith_posted_thumb 1583470496287 411 222 touchmove 135 19 1.712427854538 1.712427854538 0 posted 1
cache_smith_posted_thumb 1583470496304 411 222 touchmove 130 22 1.712427854538 1.9978326559067 0 posted 1
cache_smith_posted_thumb 1583470496320 411 222 touchmove 131 31 1.712427854538 1.712427854538 0 posted 1
cache_smith_posted_thumb 1583470496338 411 222 touchmove 130 46 1.712427854538 1.9978326559067 0 posted 1
cache_smith_posted_thumb 1583470496354 411 222 touchmove 124 87 1.712427854538 1.9978326559067 0 posted 1
cache_smith_posted_thumb 1583470496370 411 222 touchmove 122 114 1.712427854538 1.9978326559067 0 posted 1
cache_smith_posted_thumb 1583470496387 411 222 touchmove 126 132 1.4270234107971 1.712427854538 0 posted 1
cache_smith_posted_thumb 1583470496404 411 222 touchmove 134 145 1.4270234107971 1.9978326559067 0 posted 1
cache_smith_posted_thumb 1583470496421 411 222 touchmove 140 151 1.4270234107971 1.9978326559067 0 posted 1
cache_smith_posted_thumb 1583470496438 411 222 touchmove 159 160 1.4270234107971 1.9978326559067 0 posted 1
cache_smith_posted_thumb 1583470496454 411 222 touchmove 189 164 1.4270234107971 1.9978326559067 0 posted 1
cache_smith_posted_thumb 1583470496471 411 222 touchmove 221 159 1.4270234107971 1.712427854538 0 posted 1
cache_smith_posted_thumb 1583470496489 411 222 touchmove 256 149 1.4270234107971 1.712427854538 0 posted 1
cache_smith_posted_thumb 1583470496505 411 222 touchmove 272 143 1.4270234107971 1.712427854538 0 posted 1
cache_smith_posted_thumb 1583470496521 411 222 touchmove 302 132 1.712427854538 1.712427854538 0 posted 1
cache_smith_posted_thumb 1583470496538 411 222 touchmove 324 122 1.712427854538 1.712427854538 0 posted 1
cache_smith_posted_thumb 1583470496554 411 222 touchmove 332 116 1.4270234107971 1.712427854538 0 posted 1
cache_smith_posted_thumb 1583470496571 411 222 touchmove 335 114 1.4270234107971 1.712427854538 0 posted 1
cache_smith_posted_thumb 1583470496579 411 222 touchend 335 114 1.4270234107971 1.712427854538 0 posted 1
cache_smith_posted_thumb 1583470496955 411 222 touchmove 170 52 1.712427854538 1.712427854538 0 posted 1
cache_smith_posted_thumb 1583470496971 411 222 touchmove 161 43 1.712427854538 1.712427854538 0 posted 1
cache_smith_posted_thumb 1583470496988 411 222 touchmove 162 42 1.9978326559067 1.9978326559067 0 posted 1
cache_smith_posted_thumb 1583470497005 411 222 touchmove 167 40 1.9978326559067 1.9978326559067 0 posted 1
cache_smith_posted_thumb 1583470497022 411 222 touchmove 173 39 1.712427854538 1.9978326559067 0 posted 1
cache_smith_posted_thumb 1583470497038 411 222 touchmove 213 31 1.712427854538 1.712427854538 0 posted 1
cache_smith_posted_thumb 1583470497055 411 222 touchmove 255 30 1.712427854538 1.712427854538 0 posted 1
cache_smith_posted_thumb 1583470497072 411 222 touchmove 276 34 1.4270234107971 1.712427854538 0 posted 1
cache_smith_posted_thumb 1583470497089 411 222 touchmove 312 40 1.4270234107971 1.712427854538 0 posted 1
cache_smith_posted_thumb 1583470497105 411 222 touchmove 337 50 1.4270234107971 1.712427854538 0 posted 1
cache_smith_posted_thumb 1583470497122 411 222 touchmove 345 55 1.1416186094284 1.4270234107971 0 posted 1
cache_smith_posted_thumb 1583470497138 411 222 touchmove 345 56 1.4270234107971 1.4270234107971 0 posted 1
cache_smith_posted_thumb 1583470497155 411 222 touchmove 344 57 1.4270234107971 1.4270234107971 0 posted 1
cache_smith_posted_thumb 1583470497173 411 222 touchmove 344 58 1.4270234107971 1.4270234107971 0 posted 1
cache_smith_posted_thumb 1583470497189 411 222 touchmove 338 63 1.712427854538 1.712427854538 0 posted 1
cache_smith_posted_thumb 1583470497205 411 222 touchmove 313 86 1.712427854538 1.712427854538 0 posted 1
cache_smith_posted_thumb 1583470497223 411 222 touchmove 292 106 1.712427854538 1.712427854538 0 posted 1
cache_smith_posted_thumb 1583470497239 411 222 touchmove 274 119 1.712427854538 1.712427854538 0 posted 1
cache_smith_posted_thumb 1583470497258 411 222 touchmove 267 124 1.4270234107971 1.712427854538 0 posted 1
cache_smith_posted_thumb 1583470497282 411 222 touchmove 259 131 1.4270234107971 1.4270234107971 0 posted 1
cache_smith_posted_thumb 1583470497285 411 222 touchend 259 131 1.4270234107971 1.4270234107971 0 posted 1
