sentence timestamp keyb_width keyb_height event x_pos y_pos x_radius y_radius angle word is_err
latino_pioneer_li_homepage 1581690552243 360 212 touchstart 333 65 1.2487200498581 1.2487200498581 0 latino 1
latino_pioneer_li_homepage 1581690552284 360 212 touchmove 286 60 2.2476961612701 2.2476961612701 0 latino 1
latino_pioneer_li_homepage 1581690552301 360 212 touchmove 250 63 1.7482080459595 1.7482080459595 0 latino 1
latino_pioneer_li_homepage 1581690552317 360 212 touchmove 229 66 2.2476961612701 2.2476961612701 0 latino 1
latino_pioneer_li_homepage 1581690552332 360 212 touchmove 187 74 2.2476961612701 2.2476961612701 0 latino 1
latino_pioneer_li_homepage 1581690552349 360 212 touchmove 136 80 2.2476961612701 2.2476961612701 0 latino 1
latino_pioneer_li_homepage 1581690552365 360 212 touchmove 104 84 2.2476961612701 2.2476961612701 0 latino 1
latino_pioneer_li_homepage 1581690552381 360 212 touchmove 77 88 2.7471840381622 2.7471840381622 0 latino 1
latino_pioneer_li_homepage 1581690552397 360 212 touchmove 57 92 3.2466721534729 3.2466721534729 0 latino 1
latino_pioneer_li_homepage 1581690552414 360 212 touchmove 55 92 3.2466721534729 3.2466721534729 0 latino 1
latino_pioneer_li_homepage 1581690552430 360 212 touchmove 43 96 1.9979521036148 1.9979521036148 0 latino 1
latino_pioneer_li_homepage 1581690552447 360 212 touchmove 33 101 1.9979521036148 1.9979521036148 0 latino 1
latino_pioneer_li_homepage 1581690552464 360 212 touchmove 30 103 1.9979521036148 1.9979521036148 0 latino 1
latino_pioneer_li_homepage 1581690552480 360 212 touchmove 26 105 1.9979521036148 1.9979521036148 0 latino 1
latino_pioneer_li_homepage 1581690552496 360 212 touchmove 25 106 1.9979521036148 1.9979521036148 0 latino 1
latino_pioneer_li_homepage 1581690552514 360 212 touchmove 24 107 1.9979521036148 1.9979521036148 0 latino 1
latino_pioneer_li_homepage 1581690552532 360 212 touchmove 25 107 2.7471840381622 2.7471840381622 0 latino 1
latino_pioneer_li_homepage 1581690552546 360 212 touchmove 27 106 2.7471840381622 2.7471840381622 0 latino 1
latino_pioneer_li_homepage 1581690552565 360 212 touchmove 55 95 2.7471840381622 2.7471840381622 0 latino 1
latino_pioneer_li_homepage 1581690552582 360 212 touchmove 74 88 2.4974400997162 2.4974400997162 0 latino 1
latino_pioneer_li_homepage 1581690552599 360 212 touchmove 80 85 2.4974400997162 2.4974400997162 0 latino 1
latino_pioneer_li_homepage 1581690552614 360 212 touchmove 104 75 2.7471840381622 2.7471840381622 0 latino 1
latino_pioneer_li_homepage 1581690552630 360 212 touchmove 110 73 2.9969282150269 2.9969282150269 0 latino 1
latino_pioneer_li_homepage 1581690552648 360 212 touchmove 118 70 2.9969282150269 2.9969282150269 0 latino 1
latino_pioneer_li_homepage 1581690552663 360 212 touchmove 125 68 2.7471840381622 2.7471840381622 0 latino 1
latino_pioneer_li_homepage 1581690552680 360 212 touchmove 135 65 2.4974400997162 2.4974400997162 0 latino 1
latino_pioneer_li_homepage 1581690552697 360 212 touchmove 142 63 2.7471840381622 2.7471840381622 0 latino 1
latino_pioneer_li_homepage 1581690552714 360 212 touchmove 146 62 2.4974400997162 2.4974400997162 0 latino 1
latino_pioneer_li_homepage 1581690552729 360 212 touchmove 154 60 2.2476961612701 2.2476961612701 0 latino 1
latino_pioneer_li_homepage 1581690552747 360 212 touchmove 169 57 2.4974400997162 2.4974400997162 0 latino 1
latino_pioneer_li_homepage 1581690552765 360 212 touchmove 191 51 2.4974400997162 2.4974400997162 0 latino 1
latino_pioneer_li_homepage 1581690552782 360 212 touchmove 205 47 2.4974400997162 2.4974400997162 0 latino 1
latino_pioneer_li_homepage 1581690552797 360 212 touchmove 215 44 2.7471840381622 2.7471840381622 0 latino 1
latino_pioneer_li_homepage 1581690552814 360 212 touchmove 224 42 2.4974400997162 2.4974400997162 0 latino 1
latino_pioneer_li_homepage 1581690552830 360 212 touchmove 233 40 2.2476961612701 2.2476961612701 0 latino 1
latino_pioneer_li_homepage 1581690552848 360 212 touchmove 240 39 2.2476961612701 2.2476961612701 0 latino 1
latino_pioneer_li_homepage 1581690552863 360 212 touchmove 245 37 2.4974400997162 2.4974400997162 0 latino 1
latino_pioneer_li_homepage 1581690552880 360 212 touchmove 247 37 2.4974400997162 2.4974400997162 0 latino 1
latino_pioneer_li_homepage 1581690552897 360 212 touchmove 254 35 2.4974400997162 2.4974400997162 0 latino 1
latino_pioneer_li_homepage 1581690552913 360 212 touchmove 256 34 2.2476961612701 2.2476961612701 0 latino 1
latino_pioneer_li_homepage 1581690552931 360 212 touchmove 260 33 2.2476961612701 2.2476961612701 0 latino 1
latino_pioneer_li_homepage 1581690552950 360 212 touchmove 264 31 1.9979521036148 1.9979521036148 0 latino 1
latino_pioneer_li_homepage 1581690552965 360 212 touchmove 267 30 1.9979521036148 1.9979521036148 0 latino 1
latino_pioneer_li_homepage 1581690552981 360 212 touchmove 269 29 2.2476961612701 2.2476961612701 0 latino 1
latino_pioneer_li_homepage 1581690552997 360 212 touchmove 272 28 2.4974400997162 2.4974400997162 0 latino 1
latino_pioneer_li_homepage 1581690553014 360 212 touchmove 276 27 1.9979521036148 1.9979521036148 0 latino 1
latino_pioneer_li_homepage 1581690553030 360 212 touchmove 282 27 2.2476961612701 2.2476961612701 0 latino 1
latino_pioneer_li_homepage 1581690553048 360 212 touchmove 291 27 2.2476961612701 2.2476961612701 0 latino 1
latino_pioneer_li_homepage 1581690553063 360 212 touchmove 299 28 2.2476961612701 2.2476961612701 0 latino 1
latino_pioneer_li_homepage 1581690553080 360 212 touchmove 308 31 2.4974400997162 2.4974400997162 0 latino 1
latino_pioneer_li_homepage 1581690553097 360 212 touchmove 310 33 2.4974400997162 2.4974400997162 0 latino 1
latino_pioneer_li_homepage 1581690553115 360 212 touchmove 316 46 2.2476961612701 2.2476961612701 0 latino 1
latino_pioneer_li_homepage 1581690553130 360 212 touchmove 313 67 2.2476961612701 2.2476961612701 0 latino 1
latino_pioneer_li_homepage 1581690553147 360 212 touchmove 311 72 2.4974400997162 2.4974400997162 0 latino 1
latino_pioneer_li_homepage 1581690553164 360 212 touchmove 300 95 2.2476961612701 2.2476961612701 0 latino 1
latino_pioneer_li_homepage 1581690553180 360 212 touchmove 288 115 2.4974400997162 2.4974400997162 0 latino 1
latino_pioneer_li_homepage 1581690553197 360 212 touchmove 275 133 2.7471840381622 2.7471840381622 0 latino 1
latino_pioneer_li_homepage 1581690553214 360 212 touchmove 255 150 2.4974400997162 2.4974400997162 0 latino 1
latino_pioneer_li_homepage 1581690553230 360 212 touchmove 243 157 2.7471840381622 2.7471840381622 0 latino 1
latino_pioneer_li_homepage 1581690553247 360 212 touchmove 238 160 2.9969282150269 2.9969282150269 0 latino 1
latino_pioneer_li_homepage 1581690553263 360 212 touchmove 232 162 2.4974400997162 2.4974400997162 0 latino 1
latino_pioneer_li_homepage 1581690553281 360 212 touchmove 227 164 1.9979521036148 1.9979521036148 0 latino 1
latino_pioneer_li_homepage 1581690553297 360 212 touchmove 223 166 0.9989760518074 0.9989760518074 0 latino 1
latino_pioneer_li_homepage 1581690553314 360 212 touchmove 220 168 1.7482080459595 1.7482080459595 0 latino 1
latino_pioneer_li_homepage 1581690553325 360 212 touchend 220 168 1.7482080459595 1.7482080459595 0 latino 1
latino_pioneer_li_homepage 1581690554174 360 212 touchstart 344 96 1.2487200498581 1.2487200498581 0 latino 1
latino_pioneer_li_homepage 1581690554200 360 212 touchmove 343 95 1.9979521036148 1.9979521036148 0 latino 1
latino_pioneer_li_homepage 1581690554215 360 212 touchmove 342 93 1.7482080459595 1.7482080459595 0 latino 1
latino_pioneer_li_homepage 1581690554231 360 212 touchmove 339 88 1.9979521036148 1.9979521036148 0 latino 1
latino_pioneer_li_homepage 1581690554249 360 212 touchmove 335 86 2.7471840381622 2.7471840381622 0 latino 1
latino_pioneer_li_homepage 1581690554263 360 212 touchmove 330 87 2.4974400997162 2.4974400997162 0 latino 1
latino_pioneer_li_homepage 1581690554280 360 212 touchmove 306 95 2.2476961612701 2.2476961612701 0 latino 1
latino_pioneer_li_homepage 1581690554297 360 212 touchmove 280 103 2.4974400997162 2.4974400997162 0 latino 1
latino_pioneer_li_homepage 1581690554315 360 212 touchmove 247 109 2.4974400997162 2.4974400997162 0 latino 1
latino_pioneer_li_homepage 1581690554330 360 212 touchmove 209 114 2.7471840381622 2.7471840381622 0 latino 1
latino_pioneer_li_homepage 1581690554346 360 212 touchmove 175 117 2.2476961612701 2.2476961612701 0 latino 1
latino_pioneer_li_homepage 1581690554364 360 212 touchmove 126 120 2.7471840381622 2.7471840381622 0 latino 1
latino_pioneer_li_homepage 1581690554380 360 212 touchmove 110 121 1.9979521036148 1.9979521036148 0 latino 1
latino_pioneer_li_homepage 1581690554397 360 212 touchmove 83 124 2.7471840381622 2.7471840381622 0 latino 1
latino_pioneer_li_homepage 1581690554414 360 212 touchmove 60 126 2.7471840381622 2.7471840381622 0 latino 1
latino_pioneer_li_homepage 1581690554429 360 212 touchmove 58 126 2.4974400997162 2.4974400997162 0 latino 1
latino_pioneer_li_homepage 1581690554447 360 212 touchmove 55 126 2.4974400997162 2.4974400997162 0 latino 1
latino_pioneer_li_homepage 1581690554464 360 212 touchmove 46 126 2.7471840381622 2.7471840381622 0 latino 1
latino_pioneer_li_homepage 1581690554480 360 212 touchmove 45 126 2.7471840381622 2.7471840381622 0 latino 1
latino_pioneer_li_homepage 1581690554498 360 212 touchmove 43 126 2.7471840381622 2.7471840381622 0 latino 1
latino_pioneer_li_homepage 1581690554514 360 212 touchmove 43 124 3.2466721534729 3.2466721534729 0 latino 1
latino_pioneer_li_homepage 1581690554532 360 212 touchmove 43 124 3.2466721534729 3.2466721534729 0 latino 1
latino_pioneer_li_homepage 1581690554547 360 212 touchmove 44 123 2.7471840381622 2.7471840381622 0 latino 1
latino_pioneer_li_homepage 1581690554564 360 212 touchmove 46 121 2.9969282150269 2.9969282150269 0 latino 1
latino_pioneer_li_homepage 1581690554580 360 212 touchmove 51 116 2.4974400997162 2.4974400997162 0 latino 1
latino_pioneer_li_homepage 1581690554597 360 212 touchmove 71 98 2.4974400997162 2.4974400997162 0 latino 1
latino_pioneer_li_homepage 1581690554613 360 212 touchmove 89 83 3.2466721534729 3.2466721534729 0 latino 1
latino_pioneer_li_homepage 1581690554630 360 212 touchmove 97 76 2.7471840381622 2.7471840381622 0 latino 1
latino_pioneer_li_homepage 1581690554647 360 212 touchmove 114 61 2.7471840381622 2.7471840381622 0 latino 1
latino_pioneer_li_homepage 1581690554664 360 212 touchmove 128 52 3.2466721534729 3.2466721534729 0 latino 1
latino_pioneer_li_homepage 1581690554682 360 212 touchmove 147 43 2.4974400997162 2.4974400997162 0 latino 1
latino_pioneer_li_homepage 1581690554697 360 212 touchmove 152 41 2.2476961612701 2.2476961612701 0 latino 1
latino_pioneer_li_homepage 1581690554713 360 212 touchmove 165 39 2.4974400997162 2.4974400997162 0 latino 1
latino_pioneer_li_homepage 1581690554730 360 212 touchmove 176 38 2.7471840381622 2.7471840381622 0 latino 1
latino_pioneer_li_homepage 1581690554746 360 212 touchmove 185 39 2.9969282150269 2.9969282150269 0 latino 1
latino_pioneer_li_homepage 1581690554764 360 212 touchmove 197 42 2.2476961612701 2.2476961612701 0 latino 1
latino_pioneer_li_homepage 1581690554780 360 212 touchmove 211 50 2.4974400997162 2.4974400997162 0 latino 1
latino_pioneer_li_homepage 1581690554796 360 212 touchmove 215 52 2.2476961612701 2.2476961612701 0 latino 1
latino_pioneer_li_homepage 1581690554814 360 212 touchmove 226 59 2.7471840381622 2.7471840381622 0 latino 1
latino_pioneer_li_homepage 1581690554830 360 212 touchmove 239 64 2.7471840381622 2.7471840381622 0 latino 1
latino_pioneer_li_homepage 1581690554846 360 212 touchmove 243 65 2.4974400997162 2.4974400997162 0 latino 1
latino_pioneer_li_homepage 1581690554863 360 212 touchmove 271 62 2.2476961612701 2.2476961612701 0 latino 1
latino_pioneer_li_homepage 1581690554880 360 212 touchmove 276 60 1.9979521036148 1.9979521036148 0 latino 1
latino_pioneer_li_homepage 1581690554896 360 212 touchmove 293 52 2.4974400997162 2.4974400997162 0 latino 1
latino_pioneer_li_homepage 1581690554913 360 212 touchmove 310 44 1.9979521036148 1.9979521036148 0 latino 1
latino_pioneer_li_homepage 1581690554930 360 212 touchmove 323 36 1.9979521036148 1.9979521036148 0 latino 1
latino_pioneer_li_homepage 1581690554946 360 212 touchmove 329 32 1.4984641075134 1.4984641075134 0 latino 1
latino_pioneer_li_homepage 1581690554963 360 212 touchmove 332 31 1.4984641075134 1.4984641075134 0 latino 1
latino_pioneer_li_homepage 1581690554980 360 212 touchmove 336 28 1.4984641075134 1.4984641075134 0 latino 1
latino_pioneer_li_homepage 1581690554997 360 212 touchmove 337 27 1.7482080459595 1.7482080459595 0 latino 1
latino_pioneer_li_homepage 1581690555013 360 212 touchmove 338 27 2.2476961612701 2.2476961612701 0 latino 1
latino_pioneer_li_homepage 1581690555029 360 212 touchmove 334 32 2.4974400997162 2.4974400997162 0 latino 1
latino_pioneer_li_homepage 1581690555046 360 212 touchmove 328 37 2.4974400997162 2.4974400997162 0 latino 1
latino_pioneer_li_homepage 1581690555062 360 212 touchmove 307 53 2.4974400997162 2.4974400997162 0 latino 1
latino_pioneer_li_homepage 1581690555079 360 212 touchmove 303 57 2.2476961612701 2.2476961612701 0 latino 1
latino_pioneer_li_homepage 1581690555096 360 212 touchmove 291 67 2.4974400997162 2.4974400997162 0 latino 1
latino_pioneer_li_homepage 1581690555113 360 212 touchmove 281 78 1.9979521036148 1.9979521036148 0 latino 1
latino_pioneer_li_homepage 1581690555129 360 212 touchmove 266 93 2.2476961612701 2.2476961612701 0 latino 1
latino_pioneer_li_homepage 1581690555146 360 212 touchmove 261 98 2.2476961612701 2.2476961612701 0 latino 1
latino_pioneer_li_homepage 1581690555163 360 212 touchmove 244 113 2.2476961612701 2.2476961612701 0 latino 1
latino_pioneer_li_homepage 1581690555179 360 212 touchmove 240 116 2.2476961612701 2.2476961612701 0 latino 1
latino_pioneer_li_homepage 1581690555196 360 212 touchmove 232 123 2.2476961612701 2.2476961612701 0 latino 1
latino_pioneer_li_homepage 1581690555212 360 212 touchmove 222 130 1.7482080459595 1.7482080459595 0 latino 1
latino_pioneer_li_homepage 1581690555229 360 212 touchmove 208 139 2.2476961612701 2.2476961612701 0 latino 1
latino_pioneer_li_homepage 1581690555245 360 212 touchmove 204 142 1.9979521036148 1.9979521036148 0 latino 1
latino_pioneer_li_homepage 1581690555262 360 212 touchmove 197 147 1.9979521036148 1.9979521036148 0 latino 1
latino_pioneer_li_homepage 1581690555279 360 212 touchmove 190 153 2.4974400997162 2.4974400997162 0 latino 1
latino_pioneer_li_homepage 1581690555287 360 212 touchend 190 153 2.4974400997162 2.4974400997162 0 latino 1
latino_pioneer_li_homepage 1581690556236 360 212 touchstart 339 97 0.9989760518074 0.9989760518074 0 latino 0
latino_pioneer_li_homepage 1581690556265 360 212 touchmove 338 96 1.9979521036148 1.9979521036148 0 latino 0
latino_pioneer_li_homepage 1581690556282 360 212 touchmove 338 95 1.9979521036148 1.9979521036148 0 latino 0
latino_pioneer_li_homepage 1581690556305 360 212 touchmove 334 89 2.2476961612701 2.2476961612701 0 latino 0
latino_pioneer_li_homepage 1581690556316 360 212 touchmove 333 88 1.9979521036148 1.9979521036148 0 latino 0
latino_pioneer_li_homepage 1581690556335 360 212 touchmove 325 86 2.2476961612701 2.2476961612701 0 latino 0
latino_pioneer_li_homepage 1581690556346 360 212 touchmove 316 87 2.7471840381622 2.7471840381622 0 latino 0
latino_pioneer_li_homepage 1581690556362 360 212 touchmove 289 89 2.4974400997162 2.4974400997162 0 latino 0
latino_pioneer_li_homepage 1581690556379 360 212 touchmove 261 90 2.7471840381622 2.7471840381622 0 latino 0
latino_pioneer_li_homepage 1581690556396 360 212 touchmove 209 91 2.7471840381622 2.7471840381622 0 latino 0
latino_pioneer_li_homepage 1581690556413 360 212 touchmove 190 91 2.4974400997162 2.4974400997162 0 latino 0
latino_pioneer_li_homepage 1581690556430 360 212 touchmove 137 92 2.4974400997162 2.4974400997162 0 latino 0
latino_pioneer_li_homepage 1581690556447 360 212 touchmove 105 94 2.9969282150269 2.9969282150269 0 latino 0
latino_pioneer_li_homepage 1581690556463 360 212 touchmove 74 99 2.7471840381622 2.7471840381622 0 latino 0
latino_pioneer_li_homepage 1581690556480 360 212 touchmove 55 102 2.4974400997162 2.4974400997162 0 latino 0
latino_pioneer_li_homepage 1581690556497 360 212 touchmove 43 104 1.9979521036148 1.9979521036148 0 latino 0
latino_pioneer_li_homepage 1581690556513 360 212 touchmove 38 105 1.9979521036148 1.9979521036148 0 latino 0
latino_pioneer_li_homepage 1581690556531 360 212 touchmove 34 106 1.9979521036148 1.9979521036148 0 latino 0
latino_pioneer_li_homepage 1581690556546 360 212 touchmove 31 106 1.9979521036148 1.9979521036148 0 latino 0
latino_pioneer_li_homepage 1581690556563 360 212 touchmove 28 106 1.9979521036148 1.9979521036148 0 latino 0
latino_pioneer_li_homepage 1581690556580 360 212 touchmove 26 105 2.4974400997162 2.4974400997162 0 latino 0
latino_pioneer_li_homepage 1581690556596 360 212 touchmove 26 104 2.4974400997162 2.4974400997162 0 latino 0
latino_pioneer_li_homepage 1581690556614 360 212 touchmove 28 101 2.7471840381622 2.7471840381622 0 latino 0
latino_pioneer_li_homepage 1581690556630 360 212 touchmove 33 97 2.9969282150269 2.9969282150269 0 latino 0
latino_pioneer_li_homepage 1581690556647 360 212 touchmove 43 91 2.7471840381622 2.7471840381622 0 latino 0
latino_pioneer_li_homepage 1581690556663 360 212 touchmove 58 83 3.2466721534729 3.2466721534729 0 latino 0
latino_pioneer_li_homepage 1581690556682 360 212 touchmove 62 80 3.4964160919189 3.4964160919189 0 latino 0
latino_pioneer_li_homepage 1581690556696 360 212 touchmove 82 68 2.7471840381622 2.7471840381622 0 latino 0
latino_pioneer_li_homepage 1581690556713 360 212 touchmove 100 57 2.7471840381622 2.7471840381622 0 latino 0
latino_pioneer_li_homepage 1581690556730 360 212 touchmove 119 47 2.9969282150269 2.9969282150269 0 latino 0
latino_pioneer_li_homepage 1581690556746 360 212 touchmove 137 39 2.2476961612701 2.2476961612701 0 latino 0
latino_pioneer_li_homepage 1581690556763 360 212 touchmove 153 33 2.4974400997162 2.4974400997162 0 latino 0
latino_pioneer_li_homepage 1581690556780 360 212 touchmove 167 29 2.9969282150269 2.9969282150269 0 latino 0
latino_pioneer_li_homepage 1581690556797 360 212 touchmove 185 25 3.2466721534729 3.2466721534729 0 latino 0
latino_pioneer_li_homepage 1581690556814 360 212 touchmove 189 25 2.7471840381622 2.7471840381622 0 latino 0
latino_pioneer_li_homepage 1581690556830 360 212 touchmove 200 23 2.7471840381622 2.7471840381622 0 latino 0
latino_pioneer_li_homepage 1581690556847 360 212 touchmove 204 23 2.9969282150269 2.9969282150269 0 latino 0
latino_pioneer_li_homepage 1581690556889 360 212 touchmove 212 23 2.9969282150269 2.9969282150269 0 latino 0
latino_pioneer_li_homepage 1581690556897 360 212 touchmove 221 25 2.2476961612701 2.2476961612701 0 latino 0
latino_pioneer_li_homepage 1581690556913 360 212 touchmove 223 25 2.4974400997162 2.4974400997162 0 latino 0
latino_pioneer_li_homepage 1581690556929 360 212 touchmove 227 26 2.4974400997162 2.4974400997162 0 latino 0
latino_pioneer_li_homepage 1581690556946 360 212 touchmove 232 27 2.2476961612701 2.2476961612701 0 latino 0
latino_pioneer_li_homepage 1581690556962 360 212 touchmove 236 27 2.2476961612701 2.2476961612701 0 latino 0
latino_pioneer_li_homepage 1581690556979 360 212 touchmove 241 27 2.2476961612701 2.2476961612701 0 latino 0
latino_pioneer_li_homepage 1581690556996 360 212 touchmove 245 26 2.4974400997162 2.4974400997162 0 latino 0
latino_pioneer_li_homepage 1581690557013 360 212 touchmove 251 25 2.9969282150269 2.9969282150269 0 latino 0
latino_pioneer_li_homepage 1581690557029 360 212 touchmove 254 24 2.9969282150269 2.9969282150269 0 latino 0
latino_pioneer_li_homepage 1581690557045 360 212 touchmove 256 23 2.9969282150269 2.9969282150269 0 latino 0
latino_pioneer_li_homepage 1581690557063 360 212 touchmove 259 22 2.4974400997162 2.4974400997162 0 latino 0
latino_pioneer_li_homepage 1581690557079 360 212 touchmove 261 21 2.4974400997162 2.4974400997162 0 latino 0
latino_pioneer_li_homepage 1581690557096 360 212 touchmove 263 21 2.2476961612701 2.2476961612701 0 latino 0
latino_pioneer_li_homepage 1581690557112 360 212 touchmove 266 22 1.9979521036148 1.9979521036148 0 latino 0
latino_pioneer_li_homepage 1581690557130 360 212 touchmove 268 24 2.2476961612701 2.2476961612701 0 latino 0
latino_pioneer_li_homepage 1581690557146 360 212 touchmove 270 29 2.2476961612701 2.2476961612701 0 latino 0
latino_pioneer_li_homepage 1581690557162 360 212 touchmove 270 42 2.2476961612701 2.2476961612701 0 latino 0
latino_pioneer_li_homepage 1581690557179 360 212 touchmove 268 60 2.4974400997162 2.4974400997162 0 latino 0
latino_pioneer_li_homepage 1581690557196 360 212 touchmove 259 94 1.9979521036148 1.9979521036148 0 latino 0
latino_pioneer_li_homepage 1581690557213 360 212 touchmove 256 105 1.9979521036148 1.9979521036148 0 latino 0
latino_pioneer_li_homepage 1581690557229 360 212 touchmove 251 131 1.9979521036148 1.9979521036148 0 latino 0
latino_pioneer_li_homepage 1581690557247 360 212 touchmove 250 139 2.2476961612701 2.2476961612701 0 latino 0
latino_pioneer_li_homepage 1581690557263 360 212 touchmove 250 146 1.7482080459595 1.7482080459595 0 latino 0
latino_pioneer_li_homepage 1581690557279 360 212 touchmove 250 153 2.2476961612701 2.2476961612701 0 latino 0
latino_pioneer_li_homepage 1581690557297 360 212 touchmove 251 160 2.4974400997162 2.4974400997162 0 latino 0
latino_pioneer_li_homepage 1581690557313 360 212 touchmove 252 162 2.2476961612701 2.2476961612701 0 latino 0
latino_pioneer_li_homepage 1581690557330 360 212 touchmove 253 162 2.2476961612701 2.2476961612701 0 latino 0
latino_pioneer_li_homepage 1581690557347 360 212 touchmove 268 143 2.2476961612701 2.2476961612701 0 latino 0
latino_pioneer_li_homepage 1581690557363 360 212 touchmove 273 133 2.7471840381622 2.7471840381622 0 latino 0
latino_pioneer_li_homepage 1581690557380 360 212 touchmove 290 100 2.4974400997162 2.4974400997162 0 latino 0
latino_pioneer_li_homepage 1581690557397 360 212 touchmove 295 89 2.7471840381622 2.7471840381622 0 latino 0
latino_pioneer_li_homepage 1581690557414 360 212 touchmove 309 57 2.7471840381622 2.7471840381622 0 latino 0
latino_pioneer_li_homepage 1581690557429 360 212 touchmove 312 50 2.4974400997162 2.4974400997162 0 latino 0
latino_pioneer_li_homepage 1581690557447 360 212 touchmove 317 38 2.7471840381622 2.7471840381622 0 latino 0
latino_pioneer_li_homepage 1581690557462 360 212 touchmove 321 29 2.2476961612701 2.2476961612701 0 latino 0
latino_pioneer_li_homepage 1581690557479 360 212 touchmove 323 22 2.2476961612701 2.2476961612701 0 latino 0
latino_pioneer_li_homepage 1581690557496 360 212 touchmove 324 18 2.2476961612701 2.2476961612701 0 latino 0
latino_pioneer_li_homepage 1581690557513 360 212 touchmove 326 13 0.9989760518074 0.9989760518074 0 latino 0
latino_pioneer_li_homepage 1581690557529 360 212 touchmove 327 12 2.2476961612701 2.2476961612701 0 latino 0
latino_pioneer_li_homepage 1581690557533 360 212 touchend 327 12 2.2476961612701 2.2476961612701 0 latino 0
latino_pioneer_li_homepage 1581690558213 360 212 touchstart 349 63 1.2487200498581 1.2487200498581 0 pioneer 0
latino_pioneer_li_homepage 1581690558248 360 212 touchmove 349 62 1.2487200498581 1.2487200498581 0 pioneer 0
latino_pioneer_li_homepage 1581690558265 360 212 touchmove 347 58 1.2487200498581 1.2487200498581 0 pioneer 0
latino_pioneer_li_homepage 1581690558291 360 212 touchmove 346 54 1.2487200498581 1.2487200498581 0 pioneer 0
latino_pioneer_li_homepage 1581690558313 360 212 touchmove 346 52 1.2487200498581 1.2487200498581 0 pioneer 0
latino_pioneer_li_homepage 1581690558330 360 212 touchmove 346 51 1.2487200498581 1.2487200498581 0 pioneer 0
latino_pioneer_li_homepage 1581690558346 360 212 touchmove 345 50 1.2487200498581 1.2487200498581 0 pioneer 0
latino_pioneer_li_homepage 1581690558364 360 212 touchmove 343 49 1.4984641075134 1.4984641075134 0 pioneer 0
latino_pioneer_li_homepage 1581690558380 360 212 touchmove 342 48 1.9979521036148 1.9979521036148 0 pioneer 0
latino_pioneer_li_homepage 1581690558397 360 212 touchmove 340 47 1.9979521036148 1.9979521036148 0 pioneer 0
latino_pioneer_li_homepage 1581690558413 360 212 touchmove 337 47 1.7482080459595 1.7482080459595 0 pioneer 0
latino_pioneer_li_homepage 1581690558430 360 212 touchmove 328 47 2.2476961612701 2.2476961612701 0 pioneer 0
latino_pioneer_li_homepage 1581690558447 360 212 touchmove 325 47 1.9979521036148 1.9979521036148 0 pioneer 0
latino_pioneer_li_homepage 1581690558463 360 212 touchmove 317 47 2.7471840381622 2.7471840381622 0 pioneer 0
latino_pioneer_li_homepage 1581690558480 360 212 touchmove 307 47 2.2476961612701 2.2476961612701 0 pioneer 0
latino_pioneer_li_homepage 1581690558497 360 212 touchmove 294 46 2.4974400997162 2.4974400997162 0 pioneer 0
latino_pioneer_li_homepage 1581690558513 360 212 touchmove 291 46 2.4974400997162 2.4974400997162 0 pioneer 0
latino_pioneer_li_homepage 1581690558530 360 212 touchmove 285 46 2.7471840381622 2.7471840381622 0 pioneer 0
latino_pioneer_li_homepage 1581690558546 360 212 touchmove 277 45 2.4974400997162 2.4974400997162 0 pioneer 0
latino_pioneer_li_homepage 1581690558563 360 212 touchmove 275 45 2.4974400997162 2.4974400997162 0 pioneer 0
latino_pioneer_li_homepage 1581690558580 360 212 touchmove 272 45 2.7471840381622 2.7471840381622 0 pioneer 0
latino_pioneer_li_homepage 1581690558597 360 212 touchmove 268 45 2.9969282150269 2.9969282150269 0 pioneer 0
latino_pioneer_li_homepage 1581690558615 360 212 touchmove 267 45 2.9969282150269 2.9969282150269 0 pioneer 0
latino_pioneer_li_homepage 1581690558630 360 212 touchmove 265 46 2.9969282150269 2.9969282150269 0 pioneer 0
latino_pioneer_li_homepage 1581690558646 360 212 touchmove 264 46 2.9969282150269 2.9969282150269 0 pioneer 0
latino_pioneer_li_homepage 1581690558663 360 212 touchmove 262 47 2.9969282150269 2.9969282150269 0 pioneer 0
latino_pioneer_li_homepage 1581690558680 360 212 touchmove 262 47 3.2466721534729 3.2466721534729 0 pioneer 0
latino_pioneer_li_homepage 1581690558705 360 212 touchmove 262 47 2.2476961612701 2.2476961612701 0 pioneer 0
latino_pioneer_li_homepage 1581690558713 360 212 touchmove 263 47 2.2476961612701 2.2476961612701 0 pioneer 0
latino_pioneer_li_homepage 1581690558730 360 212 touchmove 265 47 2.2476961612701 2.2476961612701 0 pioneer 0
latino_pioneer_li_homepage 1581690558746 360 212 touchmove 266 47 2.4974400997162 2.4974400997162 0 pioneer 0
latino_pioneer_li_homepage 1581690558763 360 212 touchmove 269 47 1.9979521036148 1.9979521036148 0 pioneer 0
latino_pioneer_li_homepage 1581690558779 360 212 touchmove 276 46 2.2476961612701 2.2476961612701 0 pioneer 0
latino_pioneer_li_homepage 1581690558796 360 212 touchmove 287 45 2.2476961612701 2.2476961612701 0 pioneer 0
latino_pioneer_li_homepage 1581690558813 360 212 touchmove 297 43 1.7482080459595 1.7482080459595 0 pioneer 0
latino_pioneer_li_homepage 1581690558830 360 212 touchmove 303 42 2.2476961612701 2.2476961612701 0 pioneer 0
latino_pioneer_li_homepage 1581690558846 360 212 touchmove 310 41 2.2476961612701 2.2476961612701 0 pioneer 0
latino_pioneer_li_homepage 1581690558864 360 212 touchmove 317 41 2.2476961612701 2.2476961612701 0 pioneer 0
latino_pioneer_li_homepage 1581690558879 360 212 touchmove 319 41 2.2476961612701 2.2476961612701 0 pioneer 0
latino_pioneer_li_homepage 1581690558896 360 212 touchmove 323 41 2.4974400997162 2.4974400997162 0 pioneer 0
latino_pioneer_li_homepage 1581690558913 360 212 touchmove 325 42 2.4974400997162 2.4974400997162 0 pioneer 0
latino_pioneer_li_homepage 1581690558930 360 212 touchmove 326 42 2.4974400997162 2.4974400997162 0 pioneer 0
latino_pioneer_li_homepage 1581690558946 360 212 touchmove 327 42 2.4974400997162 2.4974400997162 0 pioneer 0
latino_pioneer_li_homepage 1581690558963 360 212 touchmove 327 43 2.4974400997162 2.4974400997162 0 pioneer 0
latino_pioneer_li_homepage 1581690559196 360 212 touchmove 327 43 2.4974400997162 2.4974400997162 0 pioneer 0
latino_pioneer_li_homepage 1581690559213 360 212 touchmove 326 46 2.4974400997162 2.4974400997162 0 pioneer 0
latino_pioneer_li_homepage 1581690559232 360 212 touchmove 319 56 2.2476961612701 2.2476961612701 0 pioneer 0
latino_pioneer_li_homepage 1581690559247 360 212 touchmove 297 86 2.4974400997162 2.4974400997162 0 pioneer 0
latino_pioneer_li_homepage 1581690559264 360 212 touchmove 289 96 2.4974400997162 2.4974400997162 0 pioneer 0
latino_pioneer_li_homepage 1581690559313 360 212 touchmove 252 151 2.7471840381622 2.7471840381622 0 pioneer 0
latino_pioneer_li_homepage 1581690559329 360 212 touchmove 242 165 2.4974400997162 2.4974400997162 0 pioneer 0
latino_pioneer_li_homepage 1581690559352 360 212 touchmove 240 167 2.4974400997162 2.4974400997162 0 pioneer 0
latino_pioneer_li_homepage 1581690559363 360 212 touchmove 237 171 2.2476961612701 2.2476961612701 0 pioneer 0
latino_pioneer_li_homepage 1581690559379 360 212 touchmove 234 173 2.4974400997162 2.4974400997162 0 pioneer 0
latino_pioneer_li_homepage 1581690559396 360 212 touchmove 229 175 2.7471840381622 2.7471840381622 0 pioneer 0
latino_pioneer_li_homepage 1581690559413 360 212 touchmove 228 175 2.7471840381622 2.7471840381622 0 pioneer 0
latino_pioneer_li_homepage 1581690559431 360 212 touchmove 226 173 2.7471840381622 2.7471840381622 0 pioneer 0
latino_pioneer_li_homepage 1581690559447 360 212 touchmove 226 172 2.4974400997162 2.4974400997162 0 pioneer 0
latino_pioneer_li_homepage 1581690559464 360 212 touchmove 226 166 2.4974400997162 2.4974400997162 0 pioneer 0
latino_pioneer_li_homepage 1581690559480 360 212 touchmove 226 164 2.7471840381622 2.7471840381622 0 pioneer 0
latino_pioneer_li_homepage 1581690559496 360 212 touchmove 225 156 2.9969282150269 2.9969282150269 0 pioneer 0
latino_pioneer_li_homepage 1581690559513 360 212 touchmove 220 143 2.7471840381622 2.7471840381622 0 pioneer 0
latino_pioneer_li_homepage 1581690559530 360 212 touchmove 209 128 3.2466721534729 3.2466721534729 0 pioneer 0
latino_pioneer_li_homepage 1581690559546 360 212 touchmove 204 123 2.9969282150269 2.9969282150269 0 pioneer 0
latino_pioneer_li_homepage 1581690559563 360 212 touchmove 183 106 2.4974400997162 2.4974400997162 0 pioneer 0
latino_pioneer_li_homepage 1581690559579 360 212 touchmove 178 103 2.9969282150269 2.9969282150269 0 pioneer 0
latino_pioneer_li_homepage 1581690559596 360 212 touchmove 165 93 2.2476961612701 2.2476961612701 0 pioneer 0
latino_pioneer_li_homepage 1581690559614 360 212 touchmove 148 77 2.9969282150269 2.9969282150269 0 pioneer 0
latino_pioneer_li_homepage 1581690559629 360 212 touchmove 138 67 2.2476961612701 2.2476961612701 0 pioneer 0
latino_pioneer_li_homepage 1581690559647 360 212 touchmove 130 59 2.9969282150269 2.9969282150269 0 pioneer 0
latino_pioneer_li_homepage 1581690559663 360 212 touchmove 128 56 2.7471840381622 2.7471840381622 0 pioneer 0
latino_pioneer_li_homepage 1581690559680 360 212 touchmove 118 48 2.2476961612701 2.2476961612701 0 pioneer 0
latino_pioneer_li_homepage 1581690559696 360 212 touchmove 109 42 2.2476961612701 2.2476961612701 0 pioneer 0
latino_pioneer_li_homepage 1581690559714 360 212 touchmove 91 38 1.9979521036148 1.9979521036148 0 pioneer 0
latino_pioneer_li_homepage 1581690559730 360 212 touchmove 81 37 2.2476961612701 2.2476961612701 0 pioneer 0
latino_pioneer_li_homepage 1581690559747 360 212 touchmove 69 37 2.2476961612701 2.2476961612701 0 pioneer 0
latino_pioneer_li_homepage 1581690559763 360 212 touchmove 64 37 2.2476961612701 2.2476961612701 0 pioneer 0
latino_pioneer_li_homepage 1581690559780 360 212 touchmove 59 37 2.7471840381622 2.7471840381622 0 pioneer 0
latino_pioneer_li_homepage 1581690559796 360 212 touchmove 58 36 2.4974400997162 2.4974400997162 0 pioneer 0
latino_pioneer_li_homepage 1581690559813 360 212 touchmove 56 35 2.4974400997162 2.4974400997162 0 pioneer 0
latino_pioneer_li_homepage 1581690559830 360 212 touchmove 63 32 2.2476961612701 2.2476961612701 0 pioneer 0
latino_pioneer_li_homepage 1581690559847 360 212 touchmove 73 31 1.9979521036148 1.9979521036148 0 pioneer 0
latino_pioneer_li_homepage 1581690559863 360 212 touchmove 79 30 2.2476961612701 2.2476961612701 0 pioneer 0
latino_pioneer_li_homepage 1581690559879 360 212 touchmove 89 29 2.2476961612701 2.2476961612701 0 pioneer 0
latino_pioneer_li_homepage 1581690559897 360 212 touchmove 109 30 2.2476961612701 2.2476961612701 0 pioneer 0
latino_pioneer_li_homepage 1581690559913 360 212 touchmove 113 30 2.2476961612701 2.2476961612701 0 pioneer 0
latino_pioneer_li_homepage 1581690559930 360 212 touchmove 126 30 2.4974400997162 2.4974400997162 0 pioneer 0
latino_pioneer_li_homepage 1581690559946 360 212 touchmove 131 30 2.2476961612701 2.2476961612701 0 pioneer 0
latino_pioneer_li_homepage 1581690559963 360 212 touchmove 139 30 1.9979521036148 1.9979521036148 0 pioneer 0
latino_pioneer_li_homepage 1581690559980 360 212 touchmove 147 29 1.9979521036148 1.9979521036148 0 pioneer 0
latino_pioneer_li_homepage 1581690559996 360 212 touchmove 154 28 0.24974401295185 0.24974401295185 0 pioneer 0
latino_pioneer_li_homepage 1581690560004 360 212 touchmove 158 28 0.74923205375671 0.74923205375671 0 pioneer 0
latino_pioneer_li_homepage 1581690560005 360 212 touchend 158 28 0.74923205375671 0.74923205375671 0 pioneer 0
latino_pioneer_li_homepage 1581690561007 360 212 touchstart 333 93 0.9989760518074 0.9989760518074 0 li 0
latino_pioneer_li_homepage 1581690561046 360 212 touchmove 334 92 1.4984641075134 1.4984641075134 0 li 0
latino_pioneer_li_homepage 1581690561063 360 212 touchmove 336 89 1.7482080459595 1.7482080459595 0 li 0
latino_pioneer_li_homepage 1581690561083 360 212 touchmove 336 86 2.2476961612701 2.2476961612701 0 li 0
latino_pioneer_li_homepage 1581690561097 360 212 touchmove 335 84 2.4974400997162 2.4974400997162 0 li 0
latino_pioneer_li_homepage 1581690561113 360 212 touchmove 326 79 2.4974400997162 2.4974400997162 0 li 0
latino_pioneer_li_homepage 1581690561129 360 212 touchmove 311 71 2.9969282150269 2.9969282150269 0 li 0
latino_pioneer_li_homepage 1581690561147 360 212 touchmove 297 64 2.7471840381622 2.7471840381622 0 li 0
latino_pioneer_li_homepage 1581690561164 360 212 touchmove 285 59 2.4974400997162 2.4974400997162 0 li 0
latino_pioneer_li_homepage 1581690561180 360 212 touchmove 273 53 3.2466721534729 3.2466721534729 0 li 0
latino_pioneer_li_homepage 1581690561196 360 212 touchmove 269 52 2.7471840381622 2.7471840381622 0 li 0
latino_pioneer_li_homepage 1581690561213 360 212 touchmove 264 49 1.4984641075134 1.4984641075134 0 li 0
latino_pioneer_li_homepage 1581690561230 360 212 touchmove 260 48 0.9989760518074 0.9989760518074 0 li 0
latino_pioneer_li_homepage 1581690561246 360 212 touchmove 259 47 1.9979521036148 1.9979521036148 0 li 0
latino_pioneer_li_homepage 1581690561248 360 212 touchend 259 47 1.9979521036148 1.9979521036148 0 li 0
latino_pioneer_li_homepage 1581690562027 360 212 touchstart 221 117 1.9979521036148 1.9979521036148 0 homepage 0
latino_pioneer_li_homepage 1581690562065 360 212 touchmove 221 115 1.7482080459595 1.7482080459595 0 homepage 0
latino_pioneer_li_homepage 1581690562083 360 212 touchmove 230 91 1.9979521036148 1.9979521036148 0 homepage 0
latino_pioneer_li_homepage 1581690562101 360 212 touchmove 236 82 2.2476961612701 2.2476961612701 0 homepage 0
latino_pioneer_li_homepage 1581690562114 360 212 touchmove 257 57 2.2476961612701 2.2476961612701 0 homepage 0
latino_pioneer_li_homepage 1581690562130 360 212 touchmove 264 49 1.7482080459595 1.7482080459595 0 homepage 0
latino_pioneer_li_homepage 1581690562146 360 212 touchmove 279 33 2.2476961612701 2.2476961612701 0 homepage 0
latino_pioneer_li_homepage 1581690562164 360 212 touchmove 291 22 1.9979521036148 1.9979521036148 0 homepage 0
latino_pioneer_li_homepage 1581690562180 360 212 touchmove 301 14 1.9979521036148 1.9979521036148 0 homepage 0
latino_pioneer_li_homepage 1581690562197 360 212 touchmove 306 11 1.9979521036148 1.9979521036148 0 homepage 0
latino_pioneer_li_homepage 1581690562213 360 212 touchmove 313 12 1.4984641075134 1.4984641075134 0 homepage 0
latino_pioneer_li_homepage 1581690562229 360 212 touchmove 322 44 1.2487200498581 1.2487200498581 0 homepage 0
latino_pioneer_li_homepage 1581690562246 360 212 touchmove 315 77 1.4984641075134 1.4984641075134 0 homepage 0
latino_pioneer_li_homepage 1581690562262 360 212 touchmove 311 100 1.2487200498581 1.2487200498581 0 homepage 0
latino_pioneer_li_homepage 1581690562279 360 212 touchmove 305 124 0.9989760518074 0.9989760518074 0 homepage 0
latino_pioneer_li_homepage 1581690562296 360 212 touchmove 301 137 1.7482080459595 1.7482080459595 0 homepage 0
latino_pioneer_li_homepage 1581690562313 360 212 touchmove 295 155 1.9979521036148 1.9979521036148 0 homepage 0
latino_pioneer_li_homepage 1581690562329 360 212 touchmove 293 169 1.4984641075134 1.4984641075134 0 homepage 0
latino_pioneer_li_homepage 1581690562346 360 212 touchmove 291 175 1.7482080459595 1.7482080459595 0 homepage 0
latino_pioneer_li_homepage 1581690562363 360 212 touchmove 290 178 1.4984641075134 1.4984641075134 0 homepage 0
latino_pioneer_li_homepage 1581690562379 360 212 touchmove 287 176 1.7482080459595 1.7482080459595 0 homepage 0
latino_pioneer_li_homepage 1581690562396 360 212 touchmove 277 159 1.9979521036148 1.9979521036148 0 homepage 0
latino_pioneer_li_homepage 1581690562413 360 212 touchmove 266 139 2.2476961612701 2.2476961612701 0 homepage 0
latino_pioneer_li_homepage 1581690562430 360 212 touchmove 244 116 1.9979521036148 1.9979521036148 0 homepage 0
latino_pioneer_li_homepage 1581690562448 360 212 touchmove 224 103 1.9979521036148 1.9979521036148 0 homepage 0
latino_pioneer_li_homepage 1581690562463 360 212 touchmove 214 97 2.4974400997162 2.4974400997162 0 homepage 0
latino_pioneer_li_homepage 1581690562480 360 212 touchmove 189 85 2.2476961612701 2.2476961612701 0 homepage 0
latino_pioneer_li_homepage 1581690562497 360 212 touchmove 160 68 2.2476961612701 2.2476961612701 0 homepage 0
latino_pioneer_li_homepage 1581690562513 360 212 touchmove 154 64 2.7471840381622 2.7471840381622 0 homepage 0
latino_pioneer_li_homepage 1581690562530 360 212 touchmove 153 63 2.7471840381622 2.7471840381622 0 homepage 0
latino_pioneer_li_homepage 1581690562546 360 212 touchmove 148 59 2.7471840381622 2.7471840381622 0 homepage 0
latino_pioneer_li_homepage 1581690562563 360 212 touchmove 145 56 2.4974400997162 2.4974400997162 0 homepage 0
latino_pioneer_li_homepage 1581690562580 360 212 touchmove 142 54 2.4974400997162 2.4974400997162 0 homepage 0
latino_pioneer_li_homepage 1581690562596 360 212 touchmove 139 53 2.7471840381622 2.7471840381622 0 homepage 0
latino_pioneer_li_homepage 1581690562612 360 212 touchmove 139 53 2.4974400997162 2.4974400997162 0 homepage 0
latino_pioneer_li_homepage 1581690562630 360 212 touchmove 136 54 2.2476961612701 2.2476961612701 0 homepage 0
latino_pioneer_li_homepage 1581690562646 360 212 touchmove 135 54 2.4974400997162 2.4974400997162 0 homepage 0
latino_pioneer_li_homepage 1581690562663 360 212 touchmove 131 56 2.2476961612701 2.2476961612701 0 homepage 0
latino_pioneer_li_homepage 1581690562680 360 212 touchmove 131 56 2.7471840381622 2.7471840381622 0 homepage 0
latino_pioneer_li_homepage 1581690562697 360 212 touchmove 139 56 2.7471840381622 2.7471840381622 0 homepage 0
latino_pioneer_li_homepage 1581690562713 360 212 touchmove 157 51 2.7471840381622 2.7471840381622 0 homepage 0
latino_pioneer_li_homepage 1581690562730 360 212 touchmove 195 39 2.2476961612701 2.2476961612701 0 homepage 0
latino_pioneer_li_homepage 1581690562747 360 212 touchmove 249 23 1.7482080459595 1.7482080459595 0 homepage 0
latino_pioneer_li_homepage 1581690562764 360 212 touchmove 284 15 1.9979521036148 1.9979521036148 0 homepage 0
latino_pioneer_li_homepage 1581690562779 360 212 touchmove 300 12 1.9979521036148 1.9979521036148 0 homepage 0
latino_pioneer_li_homepage 1581690562797 360 212 touchmove 321 10 1.4984641075134 1.4984641075134 0 homepage 0
latino_pioneer_li_homepage 1581690562813 360 212 touchmove 333 11 0.4994880259037 0.4994880259037 0 homepage 0
latino_pioneer_li_homepage 1581690562830 360 212 touchmove 342 13 0.4994880259037 0.4994880259037 0 homepage 0
latino_pioneer_li_homepage 1581690562847 360 212 touchmove 347 15 0.4994880259037 0.4994880259037 0 homepage 0
latino_pioneer_li_homepage 1581690562863 360 212 touchmove 351 19 0.9989760518074 0.9989760518074 0 homepage 0
latino_pioneer_li_homepage 1581690562880 360 212 touchmove 352 20 1.2487200498581 1.2487200498581 0 homepage 0
latino_pioneer_li_homepage 1581690562896 360 212 touchmove 351 24 1.7482080459595 1.7482080459595 0 homepage 0
latino_pioneer_li_homepage 1581690562914 360 212 touchmove 331 35 2.2476961612701 2.2476961612701 0 homepage 0
latino_pioneer_li_homepage 1581690562930 360 212 touchmove 298 47 2.2476961612701 2.2476961612701 0 homepage 0
latino_pioneer_li_homepage 1581690562946 360 212 touchmove 260 56 2.7471840381622 2.7471840381622 0 homepage 0
latino_pioneer_li_homepage 1581690562963 360 212 touchmove 219 64 2.7471840381622 2.7471840381622 0 homepage 0
latino_pioneer_li_homepage 1581690562979 360 212 touchmove 183 72 2.7471840381622 2.7471840381622 0 homepage 0
latino_pioneer_li_homepage 1581690562997 360 212 touchmove 152 77 2.2476961612701 2.2476961612701 0 homepage 0
latino_pioneer_li_homepage 1581690563014 360 212 touchmove 114 83 2.9969282150269 2.9969282150269 0 homepage 0
latino_pioneer_li_homepage 1581690563029 360 212 touchmove 100 86 3.2466721534729 3.2466721534729 0 homepage 0
latino_pioneer_li_homepage 1581690563047 360 212 touchmove 92 89 2.4974400997162 2.4974400997162 0 homepage 0
latino_pioneer_li_homepage 1581690563062 360 212 touchmove 80 93 2.7471840381622 2.7471840381622 0 homepage 0
latino_pioneer_li_homepage 1581690563080 360 212 touchmove 67 102 2.7471840381622 2.7471840381622 0 homepage 0
latino_pioneer_li_homepage 1581690563097 360 212 touchmove 63 109 2.4974400997162 2.4974400997162 0 homepage 0
latino_pioneer_li_homepage 1581690563113 360 212 touchmove 61 112 2.4974400997162 2.4974400997162 0 homepage 0
latino_pioneer_li_homepage 1581690563130 360 212 touchmove 60 121 2.2476961612701 2.2476961612701 0 homepage 0
latino_pioneer_li_homepage 1581690563147 360 212 touchmove 67 138 2.7471840381622 2.7471840381622 0 homepage 0
latino_pioneer_li_homepage 1581690563163 360 212 touchmove 73 141 2.2476961612701 2.2476961612701 0 homepage 0
latino_pioneer_li_homepage 1581690563180 360 212 touchmove 93 144 2.7471840381622 2.7471840381622 0 homepage 0
latino_pioneer_li_homepage 1581690563197 360 212 touchmove 140 133 2.4974400997162 2.4974400997162 0 homepage 0
latino_pioneer_li_homepage 1581690563213 360 212 touchmove 154 129 2.2476961612701 2.2476961612701 0 homepage 0
latino_pioneer_li_homepage 1581690563232 360 212 touchmove 182 119 2.2476961612701 2.2476961612701 0 homepage 0
latino_pioneer_li_homepage 1581690563246 360 212 touchmove 206 109 1.9979521036148 1.9979521036148 0 homepage 0
latino_pioneer_li_homepage 1581690563263 360 212 touchmove 219 103 2.2476961612701 2.2476961612701 0 homepage 0
latino_pioneer_li_homepage 1581690563281 360 212 touchmove 223 100 2.2476961612701 2.2476961612701 0 homepage 0
latino_pioneer_li_homepage 1581690563297 360 212 touchmove 226 94 2.7471840381622 2.7471840381622 0 homepage 0
latino_pioneer_li_homepage 1581690563313 360 212 touchmove 219 79 2.9969282150269 2.9969282150269 0 homepage 0
latino_pioneer_li_homepage 1581690563330 360 212 touchmove 197 63 2.7471840381622 2.7471840381622 0 homepage 0
latino_pioneer_li_homepage 1581690563346 360 212 touchmove 172 55 2.4974400997162 2.4974400997162 0 homepage 0
latino_pioneer_li_homepage 1581690563364 360 212 touchmove 134 49 2.4974400997162 2.4974400997162 0 homepage 0
latino_pioneer_li_homepage 1581690563380 360 212 touchmove 118 48 2.4974400997162 2.4974400997162 0 homepage 0
latino_pioneer_li_homepage 1581690563396 360 212 touchmove 101 47 2.4974400997162 2.4974400997162 0 homepage 0
latino_pioneer_li_homepage 1581690563413 360 212 touchmove 85 47 0.9989760518074 0.9989760518074 0 homepage 0
latino_pioneer_li_homepage 1581690563429 360 212 touchmove 80 47 1.9979521036148 1.9979521036148 0 homepage 0
latino_pioneer_li_homepage 1581690563430 360 212 touchend 80 47 1.9979521036148 1.9979521036148 0 homepage 0
anal_glad_trainers_diagnostics 1581690567392 360 212 touchstart 38 90 1.9979521036148 1.9979521036148 0 anal 0
anal_glad_trainers_diagnostics 1581690567427 360 212 touchmove 38 89 2.7471840381622 2.7471840381622 0 anal 0
anal_glad_trainers_diagnostics 1581690567449 360 212 touchmove 37 88 2.7471840381622 2.7471840381622 0 anal 0
anal_glad_trainers_diagnostics 1581690567465 360 212 touchmove 37 87 2.4974400997162 2.4974400997162 0 anal 0
anal_glad_trainers_diagnostics 1581690567485 360 212 touchmove 42 88 2.4974400997162 2.4974400997162 0 anal 0
anal_glad_trainers_diagnostics 1581690567500 360 212 touchmove 59 96 2.4974400997162 2.4974400997162 0 anal 0
anal_glad_trainers_diagnostics 1581690567513 360 212 touchmove 74 101 2.4974400997162 2.4974400997162 0 anal 0
anal_glad_trainers_diagnostics 1581690567530 360 212 touchmove 92 106 2.2476961612701 2.2476961612701 0 anal 0
anal_glad_trainers_diagnostics 1581690567546 360 212 touchmove 99 108 2.7471840381622 2.7471840381622 0 anal 0
anal_glad_trainers_diagnostics 1581690567563 360 212 touchmove 124 115 2.9969282150269 2.9969282150269 0 anal 0
anal_glad_trainers_diagnostics 1581690567580 360 212 touchmove 144 121 2.4974400997162 2.4974400997162 0 anal 0
anal_glad_trainers_diagnostics 1581690567597 360 212 touchmove 160 126 2.4974400997162 2.4974400997162 0 anal 0
anal_glad_trainers_diagnostics 1581690567614 360 212 touchmove 178 130 2.7471840381622 2.7471840381622 0 anal 0
anal_glad_trainers_diagnostics 1581690567630 360 212 touchmove 196 135 2.7471840381622 2.7471840381622 0 anal 0
anal_glad_trainers_diagnostics 1581690567649 360 212 touchmove 210 138 2.2476961612701 2.2476961612701 0 anal 0
anal_glad_trainers_diagnostics 1581690567663 360 212 touchmove 231 144 2.2476961612701 2.2476961612701 0 anal 0
anal_glad_trainers_diagnostics 1581690567680 360 212 touchmove 240 147 2.4974400997162 2.4974400997162 0 anal 0
anal_glad_trainers_diagnostics 1581690567697 360 212 touchmove 250 150 2.2476961612701 2.2476961612701 0 anal 0
anal_glad_trainers_diagnostics 1581690567713 360 212 touchmove 252 151 2.2476961612701 2.2476961612701 0 anal 0
anal_glad_trainers_diagnostics 1581690567730 360 212 touchmove 257 153 1.9979521036148 1.9979521036148 0 anal 0
anal_glad_trainers_diagnostics 1581690567746 360 212 touchmove 261 155 1.9979521036148 1.9979521036148 0 anal 0
anal_glad_trainers_diagnostics 1581690567764 360 212 touchmove 266 156 1.9979521036148 1.9979521036148 0 anal 0
anal_glad_trainers_diagnostics 1581690567780 360 212 touchmove 267 157 1.9979521036148 1.9979521036148 0 anal 0
anal_glad_trainers_diagnostics 1581690567797 360 212 touchmove 267 158 2.4974400997162 2.4974400997162 0 anal 0
anal_glad_trainers_diagnostics 1581690567814 360 212 touchmove 264 157 2.2476961612701 2.2476961612701 0 anal 0
anal_glad_trainers_diagnostics 1581690567831 360 212 touchmove 227 149 1.9979521036148 1.9979521036148 0 anal 0
anal_glad_trainers_diagnostics 1581690567846 360 212 touchmove 215 146 1.9979521036148 1.9979521036148 0 anal 0
anal_glad_trainers_diagnostics 1581690567863 360 212 touchmove 184 141 2.2476961612701 2.2476961612701 0 anal 0
anal_glad_trainers_diagnostics 1581690567880 360 212 touchmove 134 134 2.2476961612701 2.2476961612701 0 anal 0
anal_glad_trainers_diagnostics 1581690567898 360 212 touchmove 119 132 2.4974400997162 2.4974400997162 0 anal 0
anal_glad_trainers_diagnostics 1581690567913 360 212 touchmove 90 127 1.9979521036148 1.9979521036148 0 anal 0
anal_glad_trainers_diagnostics 1581690567930 360 212 touchmove 62 120 2.2476961612701 2.2476961612701 0 anal 0
anal_glad_trainers_diagnostics 1581690567947 360 212 touchmove 47 113 2.4974400997162 2.4974400997162 0 anal 0
anal_glad_trainers_diagnostics 1581690567964 360 212 touchmove 45 110 2.4974400997162 2.4974400997162 0 anal 0
anal_glad_trainers_diagnostics 1581690567979 360 212 touchmove 45 109 2.4974400997162 2.4974400997162 0 anal 0
anal_glad_trainers_diagnostics 1581690567997 360 212 touchmove 42 106 2.4974400997162 2.4974400997162 0 anal 0
anal_glad_trainers_diagnostics 1581690568014 360 212 touchmove 41 104 2.4974400997162 2.4974400997162 0 anal 0
anal_glad_trainers_diagnostics 1581690568029 360 212 touchmove 43 103 2.2476961612701 2.2476961612701 0 anal 0
anal_glad_trainers_diagnostics 1581690568046 360 212 touchmove 57 101 2.7471840381622 2.7471840381622 0 anal 0
anal_glad_trainers_diagnostics 1581690568063 360 212 touchmove 91 102 2.7471840381622 2.7471840381622 0 anal 0
anal_glad_trainers_diagnostics 1581690568081 360 212 touchmove 148 106 2.7471840381622 2.7471840381622 0 anal 0
anal_glad_trainers_diagnostics 1581690568096 360 212 touchmove 168 107 2.4974400997162 2.4974400997162 0 anal 0
anal_glad_trainers_diagnostics 1581690568114 360 212 touchmove 225 112 2.4974400997162 2.4974400997162 0 anal 0
anal_glad_trainers_diagnostics 1581690568130 360 212 touchmove 243 113 2.4974400997162 2.4974400997162 0 anal 0
anal_glad_trainers_diagnostics 1581690568146 360 212 touchmove 278 115 2.4974400997162 2.4974400997162 0 anal 0
anal_glad_trainers_diagnostics 1581690568164 360 212 touchmove 320 115 1.4984641075134 1.4984641075134 0 anal 0
anal_glad_trainers_diagnostics 1581690568182 360 212 touchmove 326 115 1.2487200498581 1.2487200498581 0 anal 0
anal_glad_trainers_diagnostics 1581690568196 360 212 touchmove 338 116 0.74923205375671 0.74923205375671 0 anal 0
anal_glad_trainers_diagnostics 1581690568199 360 212 touchend 338 116 0.74923205375671 0.74923205375671 0 anal 0
anal_glad_trainers_diagnostics 1581690568713 360 212 touchstart 180 91 0.9989760518074 0.9989760518074 0 glad 0
anal_glad_trainers_diagnostics 1581690568749 360 212 touchmove 187 89 2.2476961612701 2.2476961612701 0 glad 0
anal_glad_trainers_diagnostics 1581690568768 360 212 touchmove 202 88 2.4974400997162 2.4974400997162 0 glad 0
anal_glad_trainers_diagnostics 1581690568786 360 212 touchmove 227 89 2.2476961612701 2.2476961612701 0 glad 0
anal_glad_trainers_diagnostics 1581690568800 360 212 touchmove 255 91 2.9969282150269 2.9969282150269 0 glad 0
anal_glad_trainers_diagnostics 1581690568814 360 212 touchmove 287 93 2.2476961612701 2.2476961612701 0 glad 0
anal_glad_trainers_diagnostics 1581690568833 360 212 touchmove 310 95 2.2476961612701 2.2476961612701 0 glad 0
anal_glad_trainers_diagnostics 1581690568847 360 212 touchmove 318 96 1.4984641075134 1.4984641075134 0 glad 0
anal_glad_trainers_diagnostics 1581690568863 360 212 touchmove 333 96 1.2487200498581 1.2487200498581 0 glad 0
anal_glad_trainers_diagnostics 1581690568880 360 212 touchmove 336 96 1.4984641075134 1.4984641075134 0 glad 0
anal_glad_trainers_diagnostics 1581690568897 360 212 touchmove 340 95 1.4984641075134 1.4984641075134 0 glad 0
anal_glad_trainers_diagnostics 1581690568913 360 212 touchmove 341 94 1.7482080459595 1.7482080459595 0 glad 0
anal_glad_trainers_diagnostics 1581690568931 360 212 touchmove 341 93 2.4974400997162 2.4974400997162 0 glad 0
anal_glad_trainers_diagnostics 1581690568947 360 212 touchmove 337 92 3.2466721534729 3.2466721534729 0 glad 0
anal_glad_trainers_diagnostics 1581690568964 360 212 touchmove 286 89 2.7471840381622 2.7471840381622 0 glad 0
anal_glad_trainers_diagnostics 1581690568981 360 212 touchmove 269 89 2.9969282150269 2.9969282150269 0 glad 0
anal_glad_trainers_diagnostics 1581690568998 360 212 touchmove 232 88 2.9969282150269 2.9969282150269 0 glad 0
anal_glad_trainers_diagnostics 1581690569013 360 212 touchmove 195 86 2.4974400997162 2.4974400997162 0 glad 0
anal_glad_trainers_diagnostics 1581690569030 360 212 touchmove 163 83 2.4974400997162 2.4974400997162 0 glad 0
anal_glad_trainers_diagnostics 1581690569046 360 212 touchmove 120 81 2.4974400997162 2.4974400997162 0 glad 0
anal_glad_trainers_diagnostics 1581690569063 360 212 touchmove 111 82 2.2476961612701 2.2476961612701 0 glad 0
anal_glad_trainers_diagnostics 1581690569080 360 212 touchmove 81 83 2.9969282150269 2.9969282150269 0 glad 0
anal_glad_trainers_diagnostics 1581690569098 360 212 touchmove 71 84 2.7471840381622 2.7471840381622 0 glad 0
anal_glad_trainers_diagnostics 1581690569113 360 212 touchmove 59 86 2.9969282150269 2.9969282150269 0 glad 0
anal_glad_trainers_diagnostics 1581690569131 360 212 touchmove 50 89 2.9969282150269 2.9969282150269 0 glad 0
anal_glad_trainers_diagnostics 1581690569146 360 212 touchmove 49 90 2.4974400997162 2.4974400997162 0 glad 0
anal_glad_trainers_diagnostics 1581690569163 360 212 touchmove 43 93 2.4974400997162 2.4974400997162 0 glad 0
anal_glad_trainers_diagnostics 1581690569179 360 212 touchmove 42 95 2.4974400997162 2.4974400997162 0 glad 0
anal_glad_trainers_diagnostics 1581690569197 360 212 touchmove 41 98 2.2476961612701 2.2476961612701 0 glad 0
anal_glad_trainers_diagnostics 1581690569213 360 212 touchmove 41 103 2.4974400997162 2.4974400997162 0 glad 0
anal_glad_trainers_diagnostics 1581690569230 360 212 touchmove 44 110 2.4974400997162 2.4974400997162 0 glad 0
anal_glad_trainers_diagnostics 1581690569249 360 212 touchmove 64 119 2.7471840381622 2.7471840381622 0 glad 0
anal_glad_trainers_diagnostics 1581690569263 360 212 touchmove 75 120 2.4974400997162 2.4974400997162 0 glad 0
anal_glad_trainers_diagnostics 1581690569280 360 212 touchmove 119 114 2.2476961612701 2.2476961612701 0 glad 0
anal_glad_trainers_diagnostics 1581690569297 360 212 touchmove 136 110 2.2476961612701 2.2476961612701 0 glad 0
anal_glad_trainers_diagnostics 1581690569313 360 212 touchmove 166 102 1.2487200498581 1.2487200498581 0 glad 0
anal_glad_trainers_diagnostics 1581690569329 360 212 touchmove 190 98 1.4984641075134 1.4984641075134 0 glad 0
anal_glad_trainers_diagnostics 1581690569331 360 212 touchend 190 98 1.4984641075134 1.4984641075134 0 glad 0
anal_glad_trainers_diagnostics 1581690570178 360 212 touchstart 187 41 1.9979521036148 1.9979521036148 0 trainers 0
anal_glad_trainers_diagnostics 1581690570215 360 212 touchmove 186 40 2.4974400997162 2.4974400997162 0 trainers 0
anal_glad_trainers_diagnostics 1581690570232 360 212 touchmove 180 32 2.2476961612701 2.2476961612701 0 trainers 0
anal_glad_trainers_diagnostics 1581690570247 360 212 touchmove 177 28 2.2476961612701 2.2476961612701 0 trainers 0
anal_glad_trainers_diagnostics 1581690570264 360 212 touchmove 174 25 2.4974400997162 2.4974400997162 0 trainers 0
anal_glad_trainers_diagnostics 1581690570281 360 212 touchmove 170 21 2.7471840381622 2.7471840381622 0 trainers 0
anal_glad_trainers_diagnostics 1581690570301 360 212 touchmove 161 17 2.2476961612701 2.2476961612701 0 trainers 0
anal_glad_trainers_diagnostics 1581690570313 360 212 touchmove 158 16 2.2476961612701 2.2476961612701 0 trainers 0
anal_glad_trainers_diagnostics 1581690570331 360 212 touchmove 152 14 2.7471840381622 2.7471840381622 0 trainers 0
anal_glad_trainers_diagnostics 1581690570346 360 212 touchmove 146 14 2.7471840381622 2.7471840381622 0 trainers 0
anal_glad_trainers_diagnostics 1581690570363 360 212 touchmove 140 14 2.7471840381622 2.7471840381622 0 trainers 0
anal_glad_trainers_diagnostics 1581690570380 360 212 touchmove 130 18 2.4974400997162 2.4974400997162 0 trainers 0
anal_glad_trainers_diagnostics 1581690570397 360 212 touchmove 126 21 2.4974400997162 2.4974400997162 0 trainers 0
anal_glad_trainers_diagnostics 1581690570413 360 212 touchmove 114 32 2.4974400997162 2.4974400997162 0 trainers 0
anal_glad_trainers_diagnostics 1581690570429 360 212 touchmove 112 34 2.9969282150269 2.9969282150269 0 trainers 0
anal_glad_trainers_diagnostics 1581690570447 360 212 touchmove 103 42 2.4974400997162 2.4974400997162 0 trainers 0
anal_glad_trainers_diagnostics 1581690570463 360 212 touchmove 92 52 2.7471840381622 2.7471840381622 0 trainers 0
anal_glad_trainers_diagnostics 1581690570480 360 212 touchmove 80 61 2.7471840381622 2.7471840381622 0 trainers 0
anal_glad_trainers_diagnostics 1581690570497 360 212 touchmove 63 74 2.4974400997162 2.4974400997162 0 trainers 0
anal_glad_trainers_diagnostics 1581690570513 360 212 touchmove 54 81 2.9969282150269 2.9969282150269 0 trainers 0
anal_glad_trainers_diagnostics 1581690570531 360 212 touchmove 45 90 2.4974400997162 2.4974400997162 0 trainers 0
anal_glad_trainers_diagnostics 1581690570547 360 212 touchmove 40 97 1.9979521036148 1.9979521036148 0 trainers 0
anal_glad_trainers_diagnostics 1581690570564 360 212 touchmove 38 99 1.9979521036148 1.9979521036148 0 trainers 0
anal_glad_trainers_diagnostics 1581690570580 360 212 touchmove 35 104 2.4974400997162 2.4974400997162 0 trainers 0
anal_glad_trainers_diagnostics 1581690570598 360 212 touchmove 34 110 2.2476961612701 2.2476961612701 0 trainers 0
anal_glad_trainers_diagnostics 1581690570614 360 212 touchmove 41 122 2.4974400997162 2.4974400997162 0 trainers 0
anal_glad_trainers_diagnostics 1581690570630 360 212 touchmove 55 124 2.7471840381622 2.7471840381622 0 trainers 0
anal_glad_trainers_diagnostics 1581690570646 360 212 touchmove 71 123 2.4974400997162 2.4974400997162 0 trainers 0
anal_glad_trainers_diagnostics 1581690570663 360 212 touchmove 101 117 2.9969282150269 2.9969282150269 0 trainers 0
anal_glad_trainers_diagnostics 1581690570680 360 212 touchmove 142 103 3.2466721534729 3.2466721534729 0 trainers 0
anal_glad_trainers_diagnostics 1581690570697 360 212 touchmove 154 98 2.7471840381622 2.7471840381622 0 trainers 0
anal_glad_trainers_diagnostics 1581690570713 360 212 touchmove 178 89 2.2476961612701 2.2476961612701 0 trainers 0
anal_glad_trainers_diagnostics 1581690570730 360 212 touchmove 199 80 2.4974400997162 2.4974400997162 0 trainers 0
anal_glad_trainers_diagnostics 1581690570748 360 212 touchmove 206 77 3.2466721534729 3.2466721534729 0 trainers 0
anal_glad_trainers_diagnostics 1581690570764 360 212 touchmove 214 72 2.4974400997162 2.4974400997162 0 trainers 0
anal_glad_trainers_diagnostics 1581690570780 360 212 touchmove 220 68 2.4974400997162 2.4974400997162 0 trainers 0
anal_glad_trainers_diagnostics 1581690570797 360 212 touchmove 226 64 2.7471840381622 2.7471840381622 0 trainers 0
anal_glad_trainers_diagnostics 1581690570814 360 212 touchmove 229 61 2.7471840381622 2.7471840381622 0 trainers 0
anal_glad_trainers_diagnostics 1581690570830 360 212 touchmove 230 60 2.4974400997162 2.4974400997162 0 trainers 0
anal_glad_trainers_diagnostics 1581690570848 360 212 touchmove 233 58 2.4974400997162 2.4974400997162 0 trainers 0
anal_glad_trainers_diagnostics 1581690570863 360 212 touchmove 234 58 2.4974400997162 2.4974400997162 0 trainers 0
anal_glad_trainers_diagnostics 1581690570880 360 212 touchmove 235 57 2.9969282150269 2.9969282150269 0 trainers 0
anal_glad_trainers_diagnostics 1581690570897 360 212 touchmove 236 58 2.9969282150269 2.9969282150269 0 trainers 0
anal_glad_trainers_diagnostics 1581690570913 360 212 touchmove 237 61 2.7471840381622 2.7471840381622 0 trainers 0
anal_glad_trainers_diagnostics 1581690570930 360 212 touchmove 238 64 2.4974400997162 2.4974400997162 0 trainers 0
anal_glad_trainers_diagnostics 1581690570947 360 212 touchmove 238 73 2.9969282150269 2.9969282150269 0 trainers 0
anal_glad_trainers_diagnostics 1581690570963 360 212 touchmove 238 86 2.4974400997162 2.4974400997162 0 trainers 0
anal_glad_trainers_diagnostics 1581690570980 360 212 touchmove 238 99 2.7471840381622 2.7471840381622 0 trainers 0
anal_glad_trainers_diagnostics 1581690570997 360 212 touchmove 239 114 2.2476961612701 2.2476961612701 0 trainers 0
anal_glad_trainers_diagnostics 1581690571014 360 212 touchmove 240 129 2.4974400997162 2.4974400997162 0 trainers 0
anal_glad_trainers_diagnostics 1581690571030 360 212 touchmove 242 143 1.9979521036148 1.9979521036148 0 trainers 0
anal_glad_trainers_diagnostics 1581690571046 360 212 touchmove 244 152 1.9979521036148 1.9979521036148 0 trainers 0
anal_glad_trainers_diagnostics 1581690571064 360 212 touchmove 245 163 2.2476961612701 2.2476961612701 0 trainers 0
anal_glad_trainers_diagnostics 1581690571081 360 212 touchmove 244 166 2.2476961612701 2.2476961612701 0 trainers 0
anal_glad_trainers_diagnostics 1581690571097 360 212 touchmove 241 172 1.9979521036148 1.9979521036148 0 trainers 0
anal_glad_trainers_diagnostics 1581690571113 360 212 touchmove 237 173 1.9979521036148 1.9979521036148 0 trainers 0
anal_glad_trainers_diagnostics 1581690571130 360 212 touchmove 209 154 2.2476961612701 2.2476961612701 0 trainers 0
anal_glad_trainers_diagnostics 1581690571146 360 212 touchmove 200 144 2.2476961612701 2.2476961612701 0 trainers 0
anal_glad_trainers_diagnostics 1581690571164 360 212 touchmove 166 109 2.2476961612701 2.2476961612701 0 trainers 0
anal_glad_trainers_diagnostics 1581690571180 360 212 touchmove 154 98 2.7471840381622 2.7471840381622 0 trainers 0
anal_glad_trainers_diagnostics 1581690571197 360 212 touchmove 131 81 2.4974400997162 2.4974400997162 0 trainers 0
anal_glad_trainers_diagnostics 1581690571213 360 212 touchmove 109 68 2.7471840381622 2.7471840381622 0 trainers 0
anal_glad_trainers_diagnostics 1581690571229 360 212 touchmove 94 59 2.4974400997162 2.4974400997162 0 trainers 0
anal_glad_trainers_diagnostics 1581690571247 360 212 touchmove 82 55 2.7471840381622 2.7471840381622 0 trainers 0
anal_glad_trainers_diagnostics 1581690571263 360 212 touchmove 79 54 3.2466721534729 3.2466721534729 0 trainers 0
anal_glad_trainers_diagnostics 1581690571280 360 212 touchmove 73 52 2.9969282150269 2.9969282150269 0 trainers 0
anal_glad_trainers_diagnostics 1581690571297 360 212 touchmove 71 51 2.7471840381622 2.7471840381622 0 trainers 0
anal_glad_trainers_diagnostics 1581690571313 360 212 touchmove 70 50 2.7471840381622 2.7471840381622 0 trainers 0
anal_glad_trainers_diagnostics 1581690571331 360 212 touchmove 72 51 2.2476961612701 2.2476961612701 0 trainers 0
anal_glad_trainers_diagnostics 1581690571347 360 212 touchmove 89 53 2.2476961612701 2.2476961612701 0 trainers 0
anal_glad_trainers_diagnostics 1581690571364 360 212 touchmove 123 54 2.2476961612701 2.2476961612701 0 trainers 0
anal_glad_trainers_diagnostics 1581690571380 360 212 touchmove 136 54 2.2476961612701 2.2476961612701 0 trainers 0
anal_glad_trainers_diagnostics 1581690571397 360 212 touchmove 149 54 2.2476961612701 2.2476961612701 0 trainers 0
anal_glad_trainers_diagnostics 1581690571413 360 212 touchmove 159 53 2.2476961612701 2.2476961612701 0 trainers 0
anal_glad_trainers_diagnostics 1581690571430 360 212 touchmove 168 52 2.4974400997162 2.4974400997162 0 trainers 0
anal_glad_trainers_diagnostics 1581690571447 360 212 touchmove 170 52 2.4974400997162 2.4974400997162 0 trainers 0
anal_glad_trainers_diagnostics 1581690571463 360 212 touchmove 174 51 2.4974400997162 2.4974400997162 0 trainers 0
anal_glad_trainers_diagnostics 1581690571479 360 212 touchmove 174 51 2.2476961612701 2.2476961612701 0 trainers 0
anal_glad_trainers_diagnostics 1581690571496 360 212 touchmove 168 52 2.2476961612701 2.2476961612701 0 trainers 0
anal_glad_trainers_diagnostics 1581690571513 360 212 touchmove 143 59 2.7471840381622 2.7471840381622 0 trainers 0
anal_glad_trainers_diagnostics 1581690571530 360 212 touchmove 136 61 2.7471840381622 2.7471840381622 0 trainers 0
anal_glad_trainers_diagnostics 1581690571547 360 212 touchmove 122 66 2.4974400997162 2.4974400997162 0 trainers 0
anal_glad_trainers_diagnostics 1581690571564 360 212 touchmove 105 76 2.7471840381622 2.7471840381622 0 trainers 0
anal_glad_trainers_diagnostics 1581690571606 360 212 touchmove 96 83 2.7471840381622 2.7471840381622 0 trainers 0
anal_glad_trainers_diagnostics 1581690571614 360 212 touchmove 90 89 2.7471840381622 2.7471840381622 0 trainers 0
anal_glad_trainers_diagnostics 1581690571630 360 212 touchmove 87 94 2.2476961612701 2.2476961612701 0 trainers 0
anal_glad_trainers_diagnostics 1581690571646 360 212 touchmove 85 98 1.2487200498581 1.2487200498581 0 trainers 0
anal_glad_trainers_diagnostics 1581690571662 360 212 touchmove 85 99 2.7471840381622 2.7471840381622 0 trainers 0
anal_glad_trainers_diagnostics 1581690571664 360 212 touchend 85 99 2.7471840381622 2.7471840381622 0 trainers 0
anal_glad_trainers_diagnostics 1581690572597 360 212 touchstart 113 111 1.9979521036148 1.9979521036148 0 diagnostics 0
anal_glad_trainers_diagnostics 1581690572664 360 212 touchmove 113 110 2.2476961612701 2.2476961612701 0 diagnostics 0
anal_glad_trainers_diagnostics 1581690572684 360 212 touchmove 126 102 1.9979521036148 1.9979521036148 0 diagnostics 0
anal_glad_trainers_diagnostics 1581690572703 360 212 touchmove 168 74 1.9979521036148 1.9979521036148 0 diagnostics 0
anal_glad_trainers_diagnostics 1581690572714 360 212 touchmove 195 56 1.9979521036148 1.9979521036148 0 diagnostics 0
anal_glad_trainers_diagnostics 1581690572731 360 212 touchmove 219 39 1.9979521036148 1.9979521036148 0 diagnostics 0
anal_glad_trainers_diagnostics 1581690572747 360 212 touchmove 238 27 1.7482080459595 1.7482080459595 0 diagnostics 0
anal_glad_trainers_diagnostics 1581690572764 360 212 touchmove 253 17 2.2476961612701 2.2476961612701 0 diagnostics 0
anal_glad_trainers_diagnostics 1581690572780 360 212 touchmove 261 12 1.9979521036148 1.9979521036148 0 diagnostics 0
anal_glad_trainers_diagnostics 1581690572796 360 212 touchmove 265 10 1.9979521036148 1.9979521036148 0 diagnostics 0
anal_glad_trainers_diagnostics 1581690572814 360 212 touchmove 270 8 1.9979521036148 1.9979521036148 0 diagnostics 0
anal_glad_trainers_diagnostics 1581690572830 360 212 touchmove 274 7 2.2476961612701 2.2476961612701 0 diagnostics 0
anal_glad_trainers_diagnostics 1581690572848 360 212 touchmove 279 7 2.7471840381622 2.7471840381622 0 diagnostics 0
anal_glad_trainers_diagnostics 1581690572864 360 212 touchmove 275 10 2.4974400997162 2.4974400997162 0 diagnostics 0
anal_glad_trainers_diagnostics 1581690572881 360 212 touchmove 255 19 2.2476961612701 2.2476961612701 0 diagnostics 0
anal_glad_trainers_diagnostics 1581690572898 360 212 touchmove 229 30 2.2476961612701 2.2476961612701 0 diagnostics 0
anal_glad_trainers_diagnostics 1581690572913 360 212 touchmove 203 39 2.4974400997162 2.4974400997162 0 diagnostics 0
anal_glad_trainers_diagnostics 1581690572931 360 212 touchmove 174 48 2.2476961612701 2.2476961612701 0 diagnostics 0
anal_glad_trainers_diagnostics 1581690572947 360 212 touchmove 147 57 1.9979521036148 1.9979521036148 0 diagnostics 0
anal_glad_trainers_diagnostics 1581690572965 360 212 touchmove 123 65 2.4974400997162 2.4974400997162 0 diagnostics 0
anal_glad_trainers_diagnostics 1581690572980 360 212 touchmove 101 72 2.4974400997162 2.4974400997162 0 diagnostics 0
anal_glad_trainers_diagnostics 1581690572997 360 212 touchmove 87 77 2.2476961612701 2.2476961612701 0 diagnostics 0
anal_glad_trainers_diagnostics 1581690573013 360 212 touchmove 79 80 2.2476961612701 2.2476961612701 0 diagnostics 0
anal_glad_trainers_diagnostics 1581690573031 360 212 touchmove 59 88 2.4974400997162 2.4974400997162 0 diagnostics 0
anal_glad_trainers_diagnostics 1581690573047 360 212 touchmove 54 91 2.7471840381622 2.7471840381622 0 diagnostics 0
anal_glad_trainers_diagnostics 1581690573064 360 212 touchmove 51 93 2.4974400997162 2.4974400997162 0 diagnostics 0
anal_glad_trainers_diagnostics 1581690573081 360 212 touchmove 41 104 2.2476961612701 2.2476961612701 0 diagnostics 0
anal_glad_trainers_diagnostics 1581690573098 360 212 touchmove 37 109 1.9979521036148 1.9979521036148 0 diagnostics 0
anal_glad_trainers_diagnostics 1581690573113 360 212 touchmove 35 114 1.9979521036148 1.9979521036148 0 diagnostics 0
anal_glad_trainers_diagnostics 1581690573130 360 212 touchmove 34 118 2.2476961612701 2.2476961612701 0 diagnostics 0
anal_glad_trainers_diagnostics 1581690573147 360 212 touchmove 34 121 2.4974400997162 2.4974400997162 0 diagnostics 0
anal_glad_trainers_diagnostics 1581690573166 360 212 touchmove 40 128 2.7471840381622 2.7471840381622 0 diagnostics 0
anal_glad_trainers_diagnostics 1581690573181 360 212 touchmove 54 129 2.2476961612701 2.2476961612701 0 diagnostics 0
anal_glad_trainers_diagnostics 1581690573196 360 212 touchmove 68 128 2.4974400997162 2.4974400997162 0 diagnostics 0
anal_glad_trainers_diagnostics 1581690573214 360 212 touchmove 105 117 2.2476961612701 2.2476961612701 0 diagnostics 0
anal_glad_trainers_diagnostics 1581690573229 360 212 touchmove 128 108 2.4974400997162 2.4974400997162 0 diagnostics 0
anal_glad_trainers_diagnostics 1581690573247 360 212 touchmove 139 104 2.2476961612701 2.2476961612701 0 diagnostics 0
anal_glad_trainers_diagnostics 1581690573264 360 212 touchmove 167 96 2.4974400997162 2.4974400997162 0 diagnostics 0
anal_glad_trainers_diagnostics 1581690573280 360 212 touchmove 172 94 2.2476961612701 2.2476961612701 0 diagnostics 0
anal_glad_trainers_diagnostics 1581690573297 360 212 touchmove 179 92 2.4974400997162 2.4974400997162 0 diagnostics 0
anal_glad_trainers_diagnostics 1581690573313 360 212 touchmove 186 91 2.4974400997162 2.4974400997162 0 diagnostics 0
anal_glad_trainers_diagnostics 1581690573330 360 212 touchmove 194 90 2.4974400997162 2.4974400997162 0 diagnostics 0
anal_glad_trainers_diagnostics 1581690573379 360 212 touchmove 200 90 2.4974400997162 2.4974400997162 0 diagnostics 0
anal_glad_trainers_diagnostics 1581690573396 360 212 touchmove 201 91 2.4974400997162 2.4974400997162 0 diagnostics 0
anal_glad_trainers_diagnostics 1581690573413 360 212 touchmove 202 91 2.4974400997162 2.4974400997162 0 diagnostics 0
anal_glad_trainers_diagnostics 1581690573430 360 212 touchmove 202 91 2.2476961612701 2.2476961612701 0 diagnostics 0
anal_glad_trainers_diagnostics 1581690573447 360 212 touchmove 203 90 2.4974400997162 2.4974400997162 0 diagnostics 0
anal_glad_trainers_diagnostics 1581690573463 360 212 touchmove 203 90 2.4974400997162 2.4974400997162 0 diagnostics 0
anal_glad_trainers_diagnostics 1581690573479 360 212 touchmove 203 90 2.4974400997162 2.4974400997162 0 diagnostics 0
anal_glad_trainers_diagnostics 1581690573563 360 212 touchmove 204 90 2.4974400997162 2.4974400997162 0 diagnostics 0
anal_glad_trainers_diagnostics 1581690573665 360 212 touchmove 204 91 2.2476961612701 2.2476961612701 0 diagnostics 0
anal_glad_trainers_diagnostics 1581690573681 360 212 touchmove 204 92 2.2476961612701 2.2476961612701 0 diagnostics 0
anal_glad_trainers_diagnostics 1581690573700 360 212 touchmove 204 94 2.4974400997162 2.4974400997162 0 diagnostics 0
anal_glad_trainers_diagnostics 1581690573714 360 212 touchmove 204 96 2.2476961612701 2.2476961612701 0 diagnostics 0
anal_glad_trainers_diagnostics 1581690573732 360 212 touchmove 204 100 1.9979521036148 1.9979521036148 0 diagnostics 0
anal_glad_trainers_diagnostics 1581690573746 360 212 touchmove 205 110 2.2476961612701 2.2476961612701 0 diagnostics 0
anal_glad_trainers_diagnostics 1581690573763 360 212 touchmove 207 121 1.9979521036148 1.9979521036148 0 diagnostics 0
anal_glad_trainers_diagnostics 1581690573780 360 212 touchmove 208 126 2.2476961612701 2.2476961612701 0 diagnostics 0
anal_glad_trainers_diagnostics 1581690573797 360 212 touchmove 211 137 2.2476961612701 2.2476961612701 0 diagnostics 0
anal_glad_trainers_diagnostics 1581690573813 360 212 touchmove 217 154 1.7482080459595 1.7482080459595 0 diagnostics 0
anal_glad_trainers_diagnostics 1581690573829 360 212 touchmove 219 157 1.9979521036148 1.9979521036148 0 diagnostics 0
anal_glad_trainers_diagnostics 1581690573846 360 212 touchmove 223 166 2.2476961612701 2.2476961612701 0 diagnostics 0
anal_glad_trainers_diagnostics 1581690573863 360 212 touchmove 228 173 2.2476961612701 2.2476961612701 0 diagnostics 0
anal_glad_trainers_diagnostics 1581690573879 360 212 touchmove 232 179 1.9979521036148 1.9979521036148 0 diagnostics 0
anal_glad_trainers_diagnostics 1581690573901 360 212 touchmove 236 181 1.9979521036148 1.9979521036148 0 diagnostics 0
anal_glad_trainers_diagnostics 1581690573912 360 212 touchmove 243 182 1.9979521036148 1.9979521036148 0 diagnostics 0
anal_glad_trainers_diagnostics 1581690573931 360 212 touchmove 264 167 2.2476961612701 2.2476961612701 0 diagnostics 0
anal_glad_trainers_diagnostics 1581690573946 360 212 touchmove 269 160 2.2476961612701 2.2476961612701 0 diagnostics 0
anal_glad_trainers_diagnostics 1581690573963 360 212 touchmove 287 134 2.4974400997162 2.4974400997162 0 diagnostics 0
anal_glad_trainers_diagnostics 1581690573980 360 212 touchmove 293 125 2.4974400997162 2.4974400997162 0 diagnostics 0
anal_glad_trainers_diagnostics 1581690573996 360 212 touchmove 305 105 2.2476961612701 2.2476961612701 0 diagnostics 0
anal_glad_trainers_diagnostics 1581690574013 360 212 touchmove 313 89 2.2476961612701 2.2476961612701 0 diagnostics 0
anal_glad_trainers_diagnostics 1581690574030 360 212 touchmove 320 73 2.2476961612701 2.2476961612701 0 diagnostics 0
anal_glad_trainers_diagnostics 1581690574046 360 212 touchmove 320 71 2.4974400997162 2.4974400997162 0 diagnostics 0
anal_glad_trainers_diagnostics 1581690574063 360 212 touchmove 321 64 2.7471840381622 2.7471840381622 0 diagnostics 0
anal_glad_trainers_diagnostics 1581690574080 360 212 touchmove 322 57 2.4974400997162 2.4974400997162 0 diagnostics 0
anal_glad_trainers_diagnostics 1581690574097 360 212 touchmove 322 49 2.7471840381622 2.7471840381622 0 diagnostics 0
anal_glad_trainers_diagnostics 1581690574114 360 212 touchmove 321 47 2.9969282150269 2.9969282150269 0 diagnostics 0
anal_glad_trainers_diagnostics 1581690574130 360 212 touchmove 320 43 2.4974400997162 2.4974400997162 0 diagnostics 0
anal_glad_trainers_diagnostics 1581690574146 360 212 touchmove 317 40 2.2476961612701 2.2476961612701 0 diagnostics 0
anal_glad_trainers_diagnostics 1581690574163 360 212 touchmove 311 37 2.4974400997162 2.4974400997162 0 diagnostics 0
anal_glad_trainers_diagnostics 1581690574179 360 212 touchmove 309 37 2.4974400997162 2.4974400997162 0 diagnostics 0
anal_glad_trainers_diagnostics 1581690574197 360 212 touchmove 300 35 2.2476961612701 2.2476961612701 0 diagnostics 0
anal_glad_trainers_diagnostics 1581690574213 360 212 touchmove 293 35 2.4974400997162 2.4974400997162 0 diagnostics 0
anal_glad_trainers_diagnostics 1581690574230 360 212 touchmove 289 35 2.4974400997162 2.4974400997162 0 diagnostics 0
anal_glad_trainers_diagnostics 1581690574247 360 212 touchmove 282 35 2.2476961612701 2.2476961612701 0 diagnostics 0
anal_glad_trainers_diagnostics 1581690574269 360 212 touchmove 271 35 2.4974400997162 2.4974400997162 0 diagnostics 0
anal_glad_trainers_diagnostics 1581690574279 360 212 touchmove 268 35 2.2476961612701 2.2476961612701 0 diagnostics 0
anal_glad_trainers_diagnostics 1581690574296 360 212 touchmove 256 35 2.4974400997162 2.4974400997162 0 diagnostics 0
anal_glad_trainers_diagnostics 1581690574315 360 212 touchmove 247 34 2.2476961612701 2.2476961612701 0 diagnostics 0
anal_glad_trainers_diagnostics 1581690574329 360 212 touchmove 238 34 2.2476961612701 2.2476961612701 0 diagnostics 0
anal_glad_trainers_diagnostics 1581690574346 360 212 touchmove 233 34 2.4974400997162 2.4974400997162 0 diagnostics 0
anal_glad_trainers_diagnostics 1581690574363 360 212 touchmove 224 34 1.9979521036148 1.9979521036148 0 diagnostics 0
anal_glad_trainers_diagnostics 1581690574379 360 212 touchmove 202 35 2.2476961612701 2.2476961612701 0 diagnostics 0
anal_glad_trainers_diagnostics 1581690574397 360 212 touchmove 195 36 1.7482080459595 1.7482080459595 0 diagnostics 0
anal_glad_trainers_diagnostics 1581690574413 360 212 touchmove 164 43 1.7482080459595 1.7482080459595 0 diagnostics 0
anal_glad_trainers_diagnostics 1581690574429 360 212 touchmove 157 44 1.9979521036148 1.9979521036148 0 diagnostics 0
anal_glad_trainers_diagnostics 1581690574446 360 212 touchmove 133 50 2.2476961612701 2.2476961612701 0 diagnostics 0
anal_glad_trainers_diagnostics 1581690574463 360 212 touchmove 120 53 1.9979521036148 1.9979521036148 0 diagnostics 0
anal_glad_trainers_diagnostics 1581690574479 360 212 touchmove 114 55 2.2476961612701 2.2476961612701 0 diagnostics 0
anal_glad_trainers_diagnostics 1581690574497 360 212 touchmove 108 58 1.9979521036148 1.9979521036148 0 diagnostics 0
anal_glad_trainers_diagnostics 1581690574514 360 212 touchmove 103 60 1.9979521036148 1.9979521036148 0 diagnostics 0
anal_glad_trainers_diagnostics 1581690574531 360 212 touchmove 101 61 1.9979521036148 1.9979521036148 0 diagnostics 0
anal_glad_trainers_diagnostics 1581690574547 360 212 touchmove 98 63 2.2476961612701 2.2476961612701 0 diagnostics 0
anal_glad_trainers_diagnostics 1581690574563 360 212 touchmove 97 65 1.9979521036148 1.9979521036148 0 diagnostics 0
anal_glad_trainers_diagnostics 1581690574580 360 212 touchmove 96 67 2.2476961612701 2.2476961612701 0 diagnostics 0
anal_glad_trainers_diagnostics 1581690574597 360 212 touchmove 97 70 2.4974400997162 2.4974400997162 0 diagnostics 0
anal_glad_trainers_diagnostics 1581690574614 360 212 touchmove 98 70 2.7471840381622 2.7471840381622 0 diagnostics 0
anal_glad_trainers_diagnostics 1581690574630 360 212 touchmove 99 71 2.7471840381622 2.7471840381622 0 diagnostics 0
anal_glad_trainers_diagnostics 1581690574647 360 212 touchmove 101 73 2.4974400997162 2.4974400997162 0 diagnostics 0
anal_glad_trainers_diagnostics 1581690574663 360 212 touchmove 101 73 2.4974400997162 2.4974400997162 0 diagnostics 0
anal_glad_trainers_diagnostics 1581690574680 360 212 touchmove 102 74 2.4974400997162 2.4974400997162 0 diagnostics 0
anal_glad_trainers_diagnostics 1581690574697 360 212 touchmove 103 75 2.2476961612701 2.2476961612701 0 diagnostics 0
anal_glad_trainers_diagnostics 1581690574713 360 212 touchmove 103 76 2.2476961612701 2.2476961612701 0 diagnostics 0
anal_glad_trainers_diagnostics 1581690574731 360 212 touchmove 102 77 2.2476961612701 2.2476961612701 0 diagnostics 0
anal_glad_trainers_diagnostics 1581690574747 360 212 touchmove 101 78 2.2476961612701 2.2476961612701 0 diagnostics 0
anal_glad_trainers_diagnostics 1581690574764 360 212 touchmove 100 82 1.7482080459595 1.7482080459595 0 diagnostics 0
anal_glad_trainers_diagnostics 1581690574780 360 212 touchmove 99 85 2.2476961612701 2.2476961612701 0 diagnostics 0
anal_glad_trainers_diagnostics 1581690574797 360 212 touchmove 99 90 1.9979521036148 1.9979521036148 0 diagnostics 0
anal_glad_trainers_diagnostics 1581690574814 360 212 touchmove 99 96 2.2476961612701 2.2476961612701 0 diagnostics 0
anal_glad_trainers_diagnostics 1581690574829 360 212 touchmove 99 99 1.9979521036148 1.9979521036148 0 diagnostics 0
anal_glad_trainers_diagnostics 1581690574846 360 212 touchmove 104 107 1.4984641075134 1.4984641075134 0 diagnostics 0
anal_glad_trainers_diagnostics 1581690574863 360 212 touchmove 108 110 1.4984641075134 1.4984641075134 0 diagnostics 0
anal_glad_trainers_diagnostics 1581690574880 360 212 touchmove 131 110 1.7482080459595 1.7482080459595 0 diagnostics 0
anal_glad_trainers_diagnostics 1581690574896 360 212 touchmove 176 94 1.7482080459595 1.7482080459595 0 diagnostics 0
anal_glad_trainers_diagnostics 1581690574912 360 212 touchmove 205 78 1.4984641075134 1.4984641075134 0 diagnostics 0
anal_glad_trainers_diagnostics 1581690574930 360 212 touchmove 235 62 1.7482080459595 1.7482080459595 0 diagnostics 0
anal_glad_trainers_diagnostics 1581690574946 360 212 touchmove 249 55 1.4984641075134 1.4984641075134 0 diagnostics 0
anal_glad_trainers_diagnostics 1581690574964 360 212 touchmove 285 39 1.4984641075134 1.4984641075134 0 diagnostics 0
anal_glad_trainers_diagnostics 1581690574979 360 212 touchmove 292 37 1.2487200498581 1.2487200498581 0 diagnostics 0
anal_glad_trainers_diagnostics 1581690574996 360 212 touchmove 310 33 1.2487200498581 1.2487200498581 0 diagnostics 0
anal_glad_trainers_diagnostics 1581690575014 360 212 touchmove 314 33 0.9989760518074 0.9989760518074 0 diagnostics 0
anal_glad_trainers_diagnostics 1581690575029 360 212 touchmove 316 35 1.4984641075134 1.4984641075134 0 diagnostics 0
anal_glad_trainers_diagnostics 1581690575046 360 212 touchmove 308 47 1.4984641075134 1.4984641075134 0 diagnostics 0
anal_glad_trainers_diagnostics 1581690575062 360 212 touchmove 294 57 1.4984641075134 1.4984641075134 0 diagnostics 0
anal_glad_trainers_diagnostics 1581690575079 360 212 touchmove 262 77 1.7482080459595 1.7482080459595 0 diagnostics 0
anal_glad_trainers_diagnostics 1581690575096 360 212 touchmove 228 99 1.4984641075134 1.4984641075134 0 diagnostics 0
anal_glad_trainers_diagnostics 1581690575113 360 212 touchmove 196 125 1.2487200498581 1.2487200498581 0 diagnostics 0
anal_glad_trainers_diagnostics 1581690575130 360 212 touchmove 160 165 2.7471840381622 2.7471840381622 0 diagnostics 0
anal_glad_trainers_diagnostics 1581690575139 360 212 touchend 160 165 2.7471840381622 2.7471840381622 0 diagnostics 0
whats_his_problem 1581690577802 360 212 touchstart 69 19 1.4984641075134 1.4984641075134 0 whats 0
whats_his_problem 1581690577833 360 212 touchmove 68 20 2.2476961612701 2.2476961612701 0 whats 0
whats_his_problem 1581690577851 360 212 touchmove 59 33 1.9979521036148 1.9979521036148 0 whats 0
whats_his_problem 1581690577864 360 212 touchmove 59 41 2.2476961612701 2.2476961612701 0 whats 0
whats_his_problem 1581690577880 360 212 touchmove 61 56 1.7482080459595 1.7482080459595 0 whats 0
whats_his_problem 1581690577896 360 212 touchmove 67 68 2.4974400997162 2.4974400997162 0 whats 0
whats_his_problem 1581690577915 360 212 touchmove 72 73 2.2476961612701 2.2476961612701 0 whats 0
whats_his_problem 1581690577932 360 212 touchmove 87 81 2.2476961612701 2.2476961612701 0 whats 0
whats_his_problem 1581690577949 360 212 touchmove 104 85 2.2476961612701 2.2476961612701 0 whats 0
whats_his_problem 1581690577964 360 212 touchmove 135 87 1.7482080459595 1.7482080459595 0 whats 0
whats_his_problem 1581690577980 360 212 touchmove 147 88 1.4984641075134 1.4984641075134 0 whats 0
whats_his_problem 1581690577997 360 212 touchmove 169 89 1.4984641075134 1.4984641075134 0 whats 0
whats_his_problem 1581690578016 360 212 touchmove 193 91 1.4984641075134 1.4984641075134 0 whats 0
whats_his_problem 1581690578030 360 212 touchmove 200 91 1.4984641075134 1.4984641075134 0 whats 0
whats_his_problem 1581690578048 360 212 touchmove 203 92 1.7482080459595 1.7482080459595 0 whats 0
whats_his_problem 1581690578063 360 212 touchmove 207 93 1.7482080459595 1.7482080459595 0 whats 0
whats_his_problem 1581690578081 360 212 touchmove 207 93 1.7482080459595 1.7482080459595 0 whats 0
whats_his_problem 1581690578098 360 212 touchmove 189 100 2.2476961612701 2.2476961612701 0 whats 0
whats_his_problem 1581690578114 360 212 touchmove 179 102 2.2476961612701 2.2476961612701 0 whats 0
whats_his_problem 1581690578131 360 212 touchmove 138 108 2.4974400997162 2.4974400997162 0 whats 0
whats_his_problem 1581690578148 360 212 touchmove 109 111 2.4974400997162 2.4974400997162 0 whats 0
whats_his_problem 1581690578164 360 212 touchmove 79 115 2.7471840381622 2.7471840381622 0 whats 0
whats_his_problem 1581690578180 360 212 touchmove 55 119 2.2476961612701 2.2476961612701 0 whats 0
whats_his_problem 1581690578198 360 212 touchmove 45 121 2.2476961612701 2.2476961612701 0 whats 0
whats_his_problem 1581690578214 360 212 touchmove 42 121 1.9979521036148 1.9979521036148 0 whats 0
whats_his_problem 1581690578231 360 212 touchmove 40 121 1.9979521036148 1.9979521036148 0 whats 0
whats_his_problem 1581690578248 360 212 touchmove 32 120 1.9979521036148 1.9979521036148 0 whats 0
whats_his_problem 1581690578264 360 212 touchmove 33 109 2.2476961612701 2.2476961612701 0 whats 0
whats_his_problem 1581690578280 360 212 touchmove 60 78 2.4974400997162 2.4974400997162 0 whats 0
whats_his_problem 1581690578298 360 212 touchmove 94 58 2.4974400997162 2.4974400997162 0 whats 0
whats_his_problem 1581690578314 360 212 touchmove 113 50 2.2476961612701 2.2476961612701 0 whats 0
whats_his_problem 1581690578331 360 212 touchmove 156 34 2.2476961612701 2.2476961612701 0 whats 0
whats_his_problem 1581690578347 360 212 touchmove 174 29 2.2476961612701 2.2476961612701 0 whats 0
whats_his_problem 1581690578363 360 212 touchmove 177 28 2.2476961612701 2.2476961612701 0 whats 0
whats_his_problem 1581690578380 360 212 touchmove 185 24 2.4974400997162 2.4974400997162 0 whats 0
whats_his_problem 1581690578398 360 212 touchmove 186 24 2.4974400997162 2.4974400997162 0 whats 0
whats_his_problem 1581690578413 360 212 touchmove 187 25 2.2476961612701 2.2476961612701 0 whats 0
whats_his_problem 1581690578430 360 212 touchmove 168 36 2.4974400997162 2.4974400997162 0 whats 0
whats_his_problem 1581690578446 360 212 touchmove 142 49 2.2476961612701 2.2476961612701 0 whats 0
whats_his_problem 1581690578463 360 212 touchmove 119 63 2.4974400997162 2.4974400997162 0 whats 0
whats_his_problem 1581690578479 360 212 touchmove 109 69 2.4974400997162 2.4974400997162 0 whats 0
whats_his_problem 1581690578497 360 212 touchmove 88 85 2.2476961612701 2.2476961612701 0 whats 0
whats_his_problem 1581690578513 360 212 touchmove 82 91 2.2476961612701 2.2476961612701 0 whats 0
whats_his_problem 1581690578531 360 212 touchmove 80 95 1.9979521036148 1.9979521036148 0 whats 0
whats_his_problem 1581690578547 360 212 touchmove 78 101 1.2487200498581 1.2487200498581 0 whats 0
whats_his_problem 1581690578563 360 212 touchmove 81 110 0.74923205375671 0.74923205375671 0 whats 0
whats_his_problem 1581690578573 360 212 touchend 81 110 0.74923205375671 0.74923205375671 0 whats 0
whats_his_problem 1581690578901 360 212 touchstart 184 110 1.2487200498581 1.2487200498581 0 his 0
whats_his_problem 1581690578934 360 212 touchmove 187 109 1.9979521036148 1.9979521036148 0 his 0
whats_his_problem 1581690578949 360 212 touchmove 208 98 2.2476961612701 2.2476961612701 0 his 0
whats_his_problem 1581690578965 360 212 touchmove 213 96 1.9979521036148 1.9979521036148 0 his 0
whats_his_problem 1581690578983 360 212 touchmove 225 86 2.2476961612701 2.2476961612701 0 his 0
whats_his_problem 1581690578999 360 212 touchmove 242 71 2.2476961612701 2.2476961612701 0 his 0
whats_his_problem 1581690579014 360 212 touchmove 257 57 2.4974400997162 2.4974400997162 0 his 0
whats_his_problem 1581690579030 360 212 touchmove 269 45 2.4974400997162 2.4974400997162 0 his 0
whats_his_problem 1581690579047 360 212 touchmove 278 35 1.9979521036148 1.9979521036148 0 his 0
whats_his_problem 1581690579063 360 212 touchmove 282 28 1.9979521036148 1.9979521036148 0 his 0
whats_his_problem 1581690579082 360 212 touchmove 284 22 1.9979521036148 1.9979521036148 0 his 0
whats_his_problem 1581690579097 360 212 touchmove 284 11 2.4974400997162 2.4974400997162 0 his 0
whats_his_problem 1581690579113 360 212 touchmove 279 2 2.4974400997162 2.4974400997162 0 his 0
whats_his_problem 1581690579131 360 212 touchmove 264 -5 2.4974400997162 2.4974400997162 0 his 0
whats_his_problem 1581690579146 360 212 touchmove 240 -5 2.7471840381622 2.7471840381622 0 his 0
whats_his_problem 1581690579164 360 212 touchmove 199 12 2.7471840381622 2.7471840381622 0 his 0
whats_his_problem 1581690579179 360 212 touchmove 186 20 2.2476961612701 2.2476961612701 0 his 0
whats_his_problem 1581690579196 360 212 touchmove 160 38 2.7471840381622 2.7471840381622 0 his 0
whats_his_problem 1581690579213 360 212 touchmove 136 53 2.2476961612701 2.2476961612701 0 his 0
whats_his_problem 1581690579230 360 212 touchmove 114 69 2.4974400997162 2.4974400997162 0 his 0
whats_his_problem 1581690579246 360 212 touchmove 110 72 2.4974400997162 2.4974400997162 0 his 0
whats_his_problem 1581690579265 360 212 touchmove 104 77 2.4974400997162 2.4974400997162 0 his 0
whats_his_problem 1581690579280 360 212 touchmove 98 83 2.7471840381622 2.7471840381622 0 his 0
whats_his_problem 1581690579296 360 212 touchmove 95 86 2.2476961612701 2.2476961612701 0 his 0
whats_his_problem 1581690579314 360 212 touchmove 92 93 2.4974400997162 2.4974400997162 0 his 0
whats_his_problem 1581690579331 360 212 touchmove 91 94 2.2476961612701 2.2476961612701 0 his 0
whats_his_problem 1581690579348 360 212 touchmove 88 101 1.4984641075134 1.4984641075134 0 his 0
whats_his_problem 1581690579363 360 212 touchmove 87 105 0.9989760518074 0.9989760518074 0 his 0
whats_his_problem 1581690579371 360 212 touchmove 87 108 1.7482080459595 1.7482080459595 0 his 0
whats_his_problem 1581690579373 360 212 touchend 87 108 1.7482080459595 1.7482080459595 0 his 0
whats_his_problem 1581690579930 360 212 touchstart 352 18 0.4994880259037 0.4994880259037 0 problem 0
whats_his_problem 1581690579958 360 212 touchmove 351 17 1.4984641075134 1.4984641075134 0 problem 0
whats_his_problem 1581690579984 360 212 touchmove 346 14 1.7482080459595 1.7482080459595 0 problem 0
whats_his_problem 1581690579999 360 212 touchmove 339 12 2.2476961612701 2.2476961612701 0 problem 0
whats_his_problem 1581690580015 360 212 touchmove 334 11 2.4974400997162 2.4974400997162 0 problem 0
whats_his_problem 1581690580029 360 212 touchmove 319 11 2.4974400997162 2.4974400997162 0 problem 0
whats_his_problem 1581690580046 360 212 touchmove 302 11 2.2476961612701 2.2476961612701 0 problem 0
whats_his_problem 1581690580063 360 212 touchmove 280 12 2.2476961612701 2.2476961612701 0 problem 0
whats_his_problem 1581690580079 360 212 touchmove 259 13 2.7471840381622 2.7471840381622 0 problem 0
whats_his_problem 1581690580097 360 212 touchmove 236 14 2.9969282150269 2.9969282150269 0 problem 0
whats_his_problem 1581690580113 360 212 touchmove 217 16 2.9969282150269 2.9969282150269 0 problem 0
whats_his_problem 1581690580130 360 212 touchmove 197 18 2.7471840381622 2.7471840381622 0 problem 0
whats_his_problem 1581690580146 360 212 touchmove 177 22 2.4974400997162 2.4974400997162 0 problem 0
whats_his_problem 1581690580163 360 212 touchmove 159 27 2.4974400997162 2.4974400997162 0 problem 0
whats_his_problem 1581690580180 360 212 touchmove 144 33 2.4974400997162 2.4974400997162 0 problem 0
whats_his_problem 1581690580196 360 212 touchmove 135 38 2.9969282150269 2.9969282150269 0 problem 0
whats_his_problem 1581690580216 360 212 touchmove 127 45 2.4974400997162 2.4974400997162 0 problem 0
whats_his_problem 1581690580229 360 212 touchmove 124 48 2.4974400997162 2.4974400997162 0 problem 0
whats_his_problem 1581690580246 360 212 touchmove 123 52 2.2476961612701 2.2476961612701 0 problem 0
whats_his_problem 1581690580263 360 212 touchmove 125 59 2.4974400997162 2.4974400997162 0 problem 0
whats_his_problem 1581690580279 360 212 touchmove 143 65 2.4974400997162 2.4974400997162 0 problem 0
whats_his_problem 1581690580296 360 212 touchmove 187 59 1.9979521036148 1.9979521036148 0 problem 0
whats_his_problem 1581690580313 360 212 touchmove 220 51 1.2487200498581 1.2487200498581 0 problem 0
whats_his_problem 1581690580330 360 212 touchmove 236 46 1.4984641075134 1.4984641075134 0 problem 0
whats_his_problem 1581690580347 360 212 touchmove 267 36 1.4984641075134 1.4984641075134 0 problem 0
whats_his_problem 1581690580364 360 212 touchmove 295 26 1.4984641075134 1.4984641075134 0 problem 0
whats_his_problem 1581690580380 360 212 touchmove 315 18 1.4984641075134 1.4984641075134 0 problem 0
whats_his_problem 1581690580396 360 212 touchmove 323 16 1.2487200498581 1.2487200498581 0 problem 0
whats_his_problem 1581690580414 360 212 touchmove 330 16 1.2487200498581 1.2487200498581 0 problem 0
whats_his_problem 1581690580430 360 212 touchmove 334 24 1.4984641075134 1.4984641075134 0 problem 0
whats_his_problem 1581690580447 360 212 touchmove 329 36 1.9979521036148 1.9979521036148 0 problem 0
whats_his_problem 1581690580462 360 212 touchmove 301 66 2.2476961612701 2.2476961612701 0 problem 0
whats_his_problem 1581690580479 360 212 touchmove 271 92 1.4984641075134 1.4984641075134 0 problem 0
whats_his_problem 1581690580497 360 212 touchmove 238 121 1.4984641075134 1.4984641075134 0 problem 0
whats_his_problem 1581690580514 360 212 touchmove 215 145 1.9979521036148 1.9979521036148 0 problem 0
whats_his_problem 1581690580531 360 212 touchmove 203 159 1.9979521036148 1.9979521036148 0 problem 0
whats_his_problem 1581690580547 360 212 touchmove 201 162 1.9979521036148 1.9979521036148 0 problem 0
whats_his_problem 1581690580563 360 212 touchmove 200 165 1.9979521036148 1.9979521036148 0 problem 0
whats_his_problem 1581690580580 360 212 touchmove 201 167 1.7482080459595 1.7482080459595 0 problem 0
whats_his_problem 1581690580597 360 212 touchmove 238 149 1.7482080459595 1.7482080459595 0 problem 0
whats_his_problem 1581690580613 360 212 touchmove 252 140 1.9979521036148 1.9979521036148 0 problem 0
whats_his_problem 1581690580629 360 212 touchmove 274 126 1.4984641075134 1.4984641075134 0 problem 0
whats_his_problem 1581690580646 360 212 touchmove 296 111 1.7482080459595 1.7482080459595 0 problem 0
whats_his_problem 1581690580664 360 212 touchmove 316 97 1.7482080459595 1.7482080459595 0 problem 0
whats_his_problem 1581690580680 360 212 touchmove 320 94 1.4984641075134 1.4984641075134 0 problem 0
whats_his_problem 1581690580697 360 212 touchmove 328 87 1.4984641075134 1.4984641075134 0 problem 0
whats_his_problem 1581690580714 360 212 touchmove 334 80 0.9989760518074 0.9989760518074 0 problem 0
whats_his_problem 1581690580729 360 212 touchmove 334 79 0.9989760518074 0.9989760518074 0 problem 0
whats_his_problem 1581690580746 360 212 touchmove 336 74 1.4984641075134 1.4984641075134 0 problem 0
whats_his_problem 1581690580763 360 212 touchmove 334 70 1.7482080459595 1.7482080459595 0 problem 0
whats_his_problem 1581690580780 360 212 touchmove 320 67 1.9979521036148 1.9979521036148 0 problem 0
whats_his_problem 1581690580796 360 212 touchmove 291 69 1.9979521036148 1.9979521036148 0 problem 0
whats_his_problem 1581690580813 360 212 touchmove 264 70 2.2476961612701 2.2476961612701 0 problem 0
whats_his_problem 1581690580830 360 212 touchmove 212 69 2.4974400997162 2.4974400997162 0 problem 0
whats_his_problem 1581690580847 360 212 touchmove 183 66 2.4974400997162 2.4974400997162 0 problem 0
whats_his_problem 1581690580862 360 212 touchmove 168 65 1.9979521036148 1.9979521036148 0 problem 0
whats_his_problem 1581690580881 360 212 touchmove 142 61 2.2476961612701 2.2476961612701 0 problem 0
whats_his_problem 1581690580897 360 212 touchmove 128 59 2.2476961612701 2.2476961612701 0 problem 0
whats_his_problem 1581690580913 360 212 touchmove 115 57 2.4974400997162 2.4974400997162 0 problem 0
whats_his_problem 1581690580929 360 212 touchmove 110 56 2.4974400997162 2.4974400997162 0 problem 0
whats_his_problem 1581690580945 360 212 touchmove 106 55 2.4974400997162 2.4974400997162 0 problem 0
whats_his_problem 1581690580962 360 212 touchmove 102 55 2.2476961612701 2.2476961612701 0 problem 0
whats_his_problem 1581690580980 360 212 touchmove 102 58 2.2476961612701 2.2476961612701 0 problem 0
whats_his_problem 1581690580997 360 212 touchmove 120 71 2.4974400997162 2.4974400997162 0 problem 0
whats_his_problem 1581690581013 360 212 touchmove 145 83 1.7482080459595 1.7482080459595 0 problem 0
whats_his_problem 1581690581030 360 212 touchmove 176 96 1.7482080459595 1.7482080459595 0 problem 0
whats_his_problem 1581690581046 360 212 touchmove 207 111 1.7482080459595 1.7482080459595 0 problem 0
whats_his_problem 1581690581064 360 212 touchmove 238 128 1.4984641075134 1.4984641075134 0 problem 0
whats_his_problem 1581690581081 360 212 touchmove 265 144 1.7482080459595 1.7482080459595 0 problem 0
whats_his_problem 1581690581098 360 212 touchmove 297 166 1.4984641075134 1.4984641075134 0 problem 0
whats_his_problem 1581690581114 360 212 touchmove 306 173 0.9989760518074 0.9989760518074 0 problem 0
whats_his_problem 1581690581130 360 212 touchmove 316 181 0.24974401295185 0.24974401295185 0 problem 0
whats_his_problem 1581690581139 360 212 touchmove 325 190 1.9979521036148 1.9979521036148 0 problem 0
whats_his_problem 1581690581141 360 212 touchend 325 190 1.9979521036148 1.9979521036148 0 problem 0
