sentence timestamp keyb_width keyb_height event x_pos y_pos x_radius y_radius angle word is_err
preference_journal_violation_nrg 1580956313078 360 205 touchstart 347 33 0 0 0 preference 1
preference_journal_violation_nrg 1580956313122 360 205 touchmove 345 33 0 0 0 preference 1
preference_journal_violation_nrg 1580956313139 360 205 touchmove 338 32 0 0 0 preference 1
preference_journal_violation_nrg 1580956313155 360 205 touchmove 328 32 0 0 0 preference 1
preference_journal_violation_nrg 1580956313174 360 205 touchmove 311 32 0 0 0 preference 1
preference_journal_violation_nrg 1580956313190 360 205 touchmove 301 32 0 0 0 preference 1
preference_journal_violation_nrg 1580956313205 360 205 touchmove 278 30 0 0 0 preference 1
preference_journal_violation_nrg 1580956313223 360 205 touchmove 253 28 0 0 0 preference 1
preference_journal_violation_nrg 1580956313238 360 205 touchmove 241 27 0 0 0 preference 1
preference_journal_violation_nrg 1580956313254 360 205 touchmove 220 24 0 0 0 preference 1
preference_journal_violation_nrg 1580956313271 360 205 touchmove 201 22 0 0 0 preference 1
preference_journal_violation_nrg 1580956313287 360 205 touchmove 193 21 0 0 0 preference 1
preference_journal_violation_nrg 1580956313304 360 205 touchmove 178 18 0 0 0 preference 1
preference_journal_violation_nrg 1580956313321 360 205 touchmove 163 17 0 0 0 preference 1
preference_journal_violation_nrg 1580956313338 360 205 touchmove 157 17 0 0 0 preference 1
preference_journal_violation_nrg 1580956313355 360 205 touchmove 145 18 0 0 0 preference 1
preference_journal_violation_nrg 1580956313371 360 205 touchmove 135 20 0 0 0 preference 1
preference_journal_violation_nrg 1580956313388 360 205 touchmove 132 21 0 0 0 preference 1
preference_journal_violation_nrg 1580956313405 360 205 touchmove 125 24 0 0 0 preference 1
preference_journal_violation_nrg 1580956313421 360 205 touchmove 121 26 0 0 0 preference 1
preference_journal_violation_nrg 1580956313438 360 205 touchmove 119 28 0 0 0 preference 1
preference_journal_violation_nrg 1580956313455 360 205 touchmove 118 29 0 0 0 preference 1
preference_journal_violation_nrg 1580956313471 360 205 touchmove 116 34 0 0 0 preference 1
preference_journal_violation_nrg 1580956313488 360 205 touchmove 116 44 0 0 0 preference 1
preference_journal_violation_nrg 1580956313505 360 205 touchmove 117 53 0 0 0 preference 1
preference_journal_violation_nrg 1580956313521 360 205 touchmove 123 75 0 0 0 preference 1
preference_journal_violation_nrg 1580956313538 360 205 touchmove 129 96 0 0 0 preference 1
preference_journal_violation_nrg 1580956313555 360 205 touchmove 132 106 0 0 0 preference 1
preference_journal_violation_nrg 1580956313601 360 205 touchmove 150 141 0 0 0 preference 1
preference_journal_violation_nrg 1580956313622 360 205 touchmove 155 148 0 0 0 preference 1
preference_journal_violation_nrg 1580956313638 360 205 touchmove 159 153 0 0 0 preference 1
preference_journal_violation_nrg 1580956313655 360 205 touchmove 161 154 0 0 0 preference 1
preference_journal_violation_nrg 1580956313672 360 205 touchmove 161 156 0 0 0 preference 1
preference_journal_violation_nrg 1580956314005 360 205 touchmove 161 156 0 0 0 preference 1
preference_journal_violation_nrg 1580956314023 360 205 touchmove 161 155 0 0 0 preference 1
preference_journal_violation_nrg 1580956314040 360 205 touchmove 160 154 0 0 0 preference 1
preference_journal_violation_nrg 1580956314056 360 205 touchmove 159 153 0 0 0 preference 1
preference_journal_violation_nrg 1580956314073 360 205 touchmove 157 150 0 0 0 preference 1
preference_journal_violation_nrg 1580956314089 360 205 touchmove 156 148 0 0 0 preference 1
preference_journal_violation_nrg 1580956314107 360 205 touchmove 152 143 0 0 0 preference 1
preference_journal_violation_nrg 1580956314122 360 205 touchmove 150 141 0 0 0 preference 1
preference_journal_violation_nrg 1580956314139 360 205 touchmove 146 136 0 0 0 preference 1
preference_journal_violation_nrg 1580956314155 360 205 touchmove 142 131 0 0 0 preference 1
preference_journal_violation_nrg 1580956314172 360 205 touchmove 138 125 0 0 0 preference 1
preference_journal_violation_nrg 1580956314190 360 205 touchmove 135 122 0 0 0 preference 1
preference_journal_violation_nrg 1580956314206 360 205 touchmove 129 114 0 0 0 preference 1
preference_journal_violation_nrg 1580956314222 360 205 touchmove 120 104 0 0 0 preference 1
preference_journal_violation_nrg 1580956314240 360 205 touchmove 116 98 0 0 0 preference 1
preference_journal_violation_nrg 1580956314257 360 205 touchmove 107 87 0 0 0 preference 1
preference_journal_violation_nrg 1580956314272 360 205 touchmove 100 78 0 0 0 preference 1
preference_journal_violation_nrg 1580956314290 360 205 touchmove 97 74 0 0 0 preference 1
preference_journal_violation_nrg 1580956314307 360 205 touchmove 93 67 0 0 0 preference 1
preference_journal_violation_nrg 1580956314324 360 205 touchmove 91 61 0 0 0 preference 1
preference_journal_violation_nrg 1580956314339 360 205 touchmove 90 57 0 0 0 preference 1
preference_journal_violation_nrg 1580956314356 360 205 touchmove 90 57 0 0 0 preference 1
preference_journal_violation_nrg 1580956314373 360 205 touchmove 91 56 0 0 0 preference 1
preference_journal_violation_nrg 1580956314390 360 205 touchmove 104 49 0 0 0 preference 1
preference_journal_violation_nrg 1580956314407 360 205 touchmove 114 44 0 0 0 preference 1
preference_journal_violation_nrg 1580956314423 360 205 touchmove 133 36 0 0 0 preference 1
preference_journal_violation_nrg 1580956314439 360 205 touchmove 150 30 0 0 0 preference 1
preference_journal_violation_nrg 1580956314456 360 205 touchmove 156 28 0 0 0 preference 1
preference_journal_violation_nrg 1580956314473 360 205 touchmove 165 23 0 0 0 preference 1
preference_journal_violation_nrg 1580956314490 360 205 touchmove 172 20 0 0 0 preference 1
preference_journal_violation_nrg 1580956314507 360 205 touchmove 174 18 0 0 0 preference 1
preference_journal_violation_nrg 1580956314524 360 205 touchmove 177 16 0 0 0 preference 1
preference_journal_violation_nrg 1580956314623 360 205 touchmove 176 16 0 0 0 preference 1
preference_journal_violation_nrg 1580956314640 360 205 touchmove 176 16 0 0 0 preference 1
preference_journal_violation_nrg 1580956314657 360 205 touchmove 174 16 0 0 0 preference 1
preference_journal_violation_nrg 1580956314676 360 205 touchmove 174 16 0 0 0 preference 1
preference_journal_violation_nrg 1580956314691 360 205 touchmove 171 17 0 0 0 preference 1
preference_journal_violation_nrg 1580956314708 360 205 touchmove 168 18 0 0 0 preference 1
preference_journal_violation_nrg 1580956314725 360 205 touchmove 157 24 0 0 0 preference 1
preference_journal_violation_nrg 1580956314739 360 205 touchmove 150 31 0 0 0 preference 1
preference_journal_violation_nrg 1580956314758 360 205 touchmove 140 46 0 0 0 preference 1
preference_journal_violation_nrg 1580956314773 360 205 touchmove 138 53 0 0 0 preference 1
preference_journal_violation_nrg 1580956314791 360 205 touchmove 138 67 0 0 0 preference 1
preference_journal_violation_nrg 1580956314806 360 205 touchmove 144 81 0 0 0 preference 1
preference_journal_violation_nrg 1580956314825 360 205 touchmove 148 88 0 0 0 preference 1
preference_journal_violation_nrg 1580956314840 360 205 touchmove 155 97 0 0 0 preference 1
preference_journal_violation_nrg 1580956314857 360 205 touchmove 161 103 0 0 0 preference 1
preference_journal_violation_nrg 1580956314874 360 205 touchmove 165 106 0 0 0 preference 1
preference_journal_violation_nrg 1580956314890 360 205 touchmove 166 107 0 0 0 preference 1
preference_journal_violation_nrg 1580956314907 360 205 touchmove 167 107 0 0 0 preference 1
preference_journal_violation_nrg 1580956315367 360 205 touchend 167 107 0 0 0 preference 1
preference_journal_violation_nrg 1580956316537 360 205 touchstart 333 13 0 0 0 preference 0
preference_journal_violation_nrg 1580956316576 360 205 touchmove 330 13 0 0 0 preference 0
preference_journal_violation_nrg 1580956316592 360 205 touchmove 327 15 0 0 0 preference 0
preference_journal_violation_nrg 1580956316609 360 205 touchmove 324 16 0 0 0 preference 0
preference_journal_violation_nrg 1580956316626 360 205 touchmove 315 22 0 0 0 preference 0
preference_journal_violation_nrg 1580956316642 360 205 touchmove 305 26 0 0 0 preference 0
preference_journal_violation_nrg 1580956316658 360 205 touchmove 299 29 0 0 0 preference 0
preference_journal_violation_nrg 1580956316676 360 205 touchmove 284 33 0 0 0 preference 0
preference_journal_violation_nrg 1580956316694 360 205 touchmove 264 36 0 0 0 preference 0
preference_journal_violation_nrg 1580956316710 360 205 touchmove 241 36 0 0 0 preference 0
preference_journal_violation_nrg 1580956316726 360 205 touchmove 230 36 0 0 0 preference 0
preference_journal_violation_nrg 1580956316745 360 205 touchmove 203 34 0 0 0 preference 0
preference_journal_violation_nrg 1580956316758 360 205 touchmove 179 32 0 0 0 preference 0
preference_journal_violation_nrg 1580956316776 360 205 touchmove 169 31 0 0 0 preference 0
preference_journal_violation_nrg 1580956316792 360 205 touchmove 152 29 0 0 0 preference 0
preference_journal_violation_nrg 1580956316809 360 205 touchmove 139 28 0 0 0 preference 0
preference_journal_violation_nrg 1580956316825 360 205 touchmove 133 27 0 0 0 preference 0
preference_journal_violation_nrg 1580956316842 360 205 touchmove 123 26 0 0 0 preference 0
preference_journal_violation_nrg 1580956316859 360 205 touchmove 118 26 0 0 0 preference 0
preference_journal_violation_nrg 1580956316877 360 205 touchmove 114 25 0 0 0 preference 0
preference_journal_violation_nrg 1580956316894 360 205 touchmove 112 25 0 0 0 preference 0
preference_journal_violation_nrg 1580956316910 360 205 touchmove 108 25 0 0 0 preference 0
preference_journal_violation_nrg 1580956316925 360 205 touchmove 106 25 0 0 0 preference 0
preference_journal_violation_nrg 1580956316942 360 205 touchmove 104 25 0 0 0 preference 0
preference_journal_violation_nrg 1580956316961 360 205 touchmove 102 24 0 0 0 preference 0
preference_journal_violation_nrg 1580956316976 360 205 touchmove 101 24 0 0 0 preference 0
preference_journal_violation_nrg 1580956316992 360 205 touchmove 100 24 0 0 0 preference 0
preference_journal_violation_nrg 1580956317009 360 205 touchmove 100 23 0 0 0 preference 0
preference_journal_violation_nrg 1580956317059 360 205 touchmove 100 23 0 0 0 preference 0
preference_journal_violation_nrg 1580956317076 360 205 touchmove 101 22 0 0 0 preference 0
preference_journal_violation_nrg 1580956317092 360 205 touchmove 102 22 0 0 0 preference 0
preference_journal_violation_nrg 1580956317110 360 205 touchmove 106 21 0 0 0 preference 0
preference_journal_violation_nrg 1580956317126 360 205 touchmove 111 21 0 0 0 preference 0
preference_journal_violation_nrg 1580956317143 360 205 touchmove 114 20 0 0 0 preference 0
preference_journal_violation_nrg 1580956317159 360 205 touchmove 120 20 0 0 0 preference 0
preference_journal_violation_nrg 1580956317176 360 205 touchmove 127 21 0 0 0 preference 0
preference_journal_violation_nrg 1580956317193 360 205 touchmove 130 21 0 0 0 preference 0
preference_journal_violation_nrg 1580956317211 360 205 touchmove 135 22 0 0 0 preference 0
preference_journal_violation_nrg 1580956317226 360 205 touchmove 139 22 0 0 0 preference 0
preference_journal_violation_nrg 1580956317243 360 205 touchmove 143 22 0 0 0 preference 0
preference_journal_violation_nrg 1580956317260 360 205 touchmove 144 22 0 0 0 preference 0
preference_journal_violation_nrg 1580956317276 360 205 touchmove 146 22 0 0 0 preference 0
preference_journal_violation_nrg 1580956317312 360 205 touchmove 146 22 0 0 0 preference 0
preference_journal_violation_nrg 1580956317426 360 205 touchmove 147 22 0 0 0 preference 0
preference_journal_violation_nrg 1580956317492 360 205 touchmove 147 22 0 0 0 preference 0
preference_journal_violation_nrg 1580956317810 360 205 touchmove 147 22 0 0 0 preference 0
preference_journal_violation_nrg 1580956318061 360 205 touchmove 147 23 0 0 0 preference 0
preference_journal_violation_nrg 1580956318337 360 205 touchmove 147 23 0 0 0 preference 0
preference_journal_violation_nrg 1580956318427 360 205 touchmove 147 24 0 0 0 preference 0
preference_journal_violation_nrg 1580956318478 360 205 touchmove 147 24 0 0 0 preference 0
preference_journal_violation_nrg 1580956318496 360 205 touchmove 147 25 0 0 0 preference 0
preference_journal_violation_nrg 1580956318513 360 205 touchmove 147 25 0 0 0 preference 0
preference_journal_violation_nrg 1580956318531 360 205 touchmove 146 25 0 0 0 preference 0
preference_journal_violation_nrg 1580956318545 360 205 touchmove 146 26 0 0 0 preference 0
preference_journal_violation_nrg 1580956318561 360 205 touchmove 146 26 0 0 0 preference 0
preference_journal_violation_nrg 1580956318579 360 205 touchmove 147 30 0 0 0 preference 0
preference_journal_violation_nrg 1580956318595 360 205 touchmove 150 45 0 0 0 preference 0
preference_journal_violation_nrg 1580956318612 360 205 touchmove 154 63 0 0 0 preference 0
preference_journal_violation_nrg 1580956318629 360 205 touchmove 159 83 0 0 0 preference 0
preference_journal_violation_nrg 1580956318649 360 205 touchmove 161 91 0 0 0 preference 0
preference_journal_violation_nrg 1580956318662 360 205 touchmove 164 104 0 0 0 preference 0
preference_journal_violation_nrg 1580956318679 360 205 touchmove 165 108 0 0 0 preference 0
preference_journal_violation_nrg 1580956318695 360 205 touchmove 165 110 0 0 0 preference 0
preference_journal_violation_nrg 1580956318745 360 205 touchmove 163 108 0 0 0 preference 0
preference_journal_violation_nrg 1580956318762 360 205 touchmove 156 102 0 0 0 preference 0
preference_journal_violation_nrg 1580956318778 360 205 touchmove 142 90 0 0 0 preference 0
preference_journal_violation_nrg 1580956318797 360 205 touchmove 135 82 0 0 0 preference 0
preference_journal_violation_nrg 1580956318812 360 205 touchmove 123 69 0 0 0 preference 0
preference_journal_violation_nrg 1580956318829 360 205 touchmove 119 64 0 0 0 preference 0
preference_journal_violation_nrg 1580956318847 360 205 touchmove 111 54 0 0 0 preference 0
preference_journal_violation_nrg 1580956318862 360 205 touchmove 106 46 0 0 0 preference 0
preference_journal_violation_nrg 1580956318878 360 205 touchmove 102 39 0 0 0 preference 0
preference_journal_violation_nrg 1580956318896 360 205 touchmove 102 36 0 0 0 preference 0
preference_journal_violation_nrg 1580956318913 360 205 touchmove 102 32 0 0 0 preference 0
preference_journal_violation_nrg 1580956318930 360 205 touchmove 102 31 0 0 0 preference 0
preference_journal_violation_nrg 1580956318947 360 205 touchmove 105 29 0 0 0 preference 0
preference_journal_violation_nrg 1580956318963 360 205 touchmove 107 28 0 0 0 preference 0
preference_journal_violation_nrg 1580956318979 360 205 touchmove 114 25 0 0 0 preference 0
preference_journal_violation_nrg 1580956318997 360 205 touchmove 122 21 0 0 0 preference 0
preference_journal_violation_nrg 1580956319015 360 205 touchmove 125 19 0 0 0 preference 0
preference_journal_violation_nrg 1580956319030 360 205 touchmove 130 18 0 0 0 preference 0
preference_journal_violation_nrg 1580956319045 360 205 touchmove 131 17 0 0 0 preference 0
preference_journal_violation_nrg 1580956319062 360 205 touchmove 132 17 0 0 0 preference 0
preference_journal_violation_nrg 1580956319130 360 205 touchmove 132 17 0 0 0 preference 0
preference_journal_violation_nrg 1580956319147 360 205 touchmove 132 19 0 0 0 preference 0
preference_journal_violation_nrg 1580956319165 360 205 touchmove 132 20 0 0 0 preference 0
preference_journal_violation_nrg 1580956319179 360 205 touchmove 133 23 0 0 0 preference 0
preference_journal_violation_nrg 1580956319196 360 205 touchmove 134 27 0 0 0 preference 0
preference_journal_violation_nrg 1580956319246 360 205 touchmove 134 28 0 0 0 preference 0
preference_journal_violation_nrg 1580956319263 360 205 touchmove 139 39 0 0 0 preference 0
preference_journal_violation_nrg 1580956319280 360 205 touchmove 148 53 0 0 0 preference 0
preference_journal_violation_nrg 1580956319298 360 205 touchmove 162 71 0 0 0 preference 0
preference_journal_violation_nrg 1580956319314 360 205 touchmove 170 80 0 0 0 preference 0
preference_journal_violation_nrg 1580956319330 360 205 touchmove 188 99 0 0 0 preference 0
preference_journal_violation_nrg 1580956319347 360 205 touchmove 207 115 0 0 0 preference 0
preference_journal_violation_nrg 1580956319363 360 205 touchmove 223 126 0 0 0 preference 0
preference_journal_violation_nrg 1580956319381 360 205 touchmove 230 131 0 0 0 preference 0
preference_journal_violation_nrg 1580956319397 360 205 touchmove 240 136 0 0 0 preference 0
preference_journal_violation_nrg 1580956319415 360 205 touchmove 247 139 0 0 0 preference 0
preference_journal_violation_nrg 1580956319432 360 205 touchmove 250 140 0 0 0 preference 0
preference_journal_violation_nrg 1580956319448 360 205 touchmove 254 142 0 0 0 preference 0
preference_journal_violation_nrg 1580956319497 360 205 touchmove 254 142 0 0 0 preference 0
preference_journal_violation_nrg 1580956319513 360 205 touchmove 250 142 0 0 0 preference 0
preference_journal_violation_nrg 1580956319531 360 205 touchmove 246 143 0 0 0 preference 0
preference_journal_violation_nrg 1580956319548 360 205 touchmove 235 144 0 0 0 preference 0
preference_journal_violation_nrg 1580956319566 360 205 touchmove 220 145 0 0 0 preference 0
preference_journal_violation_nrg 1580956319582 360 205 touchmove 204 146 0 0 0 preference 0
preference_journal_violation_nrg 1580956319598 360 205 touchmove 193 147 0 0 0 preference 0
preference_journal_violation_nrg 1580956319616 360 205 touchmove 173 146 0 0 0 preference 0
preference_journal_violation_nrg 1580956319632 360 205 touchmove 155 143 0 0 0 preference 0
preference_journal_violation_nrg 1580956319648 360 205 touchmove 147 141 0 0 0 preference 0
preference_journal_violation_nrg 1580956319665 360 205 touchmove 133 135 0 0 0 preference 0
preference_journal_violation_nrg 1580956319681 360 205 touchmove 123 126 0 0 0 preference 0
preference_journal_violation_nrg 1580956319698 360 205 touchmove 118 122 0 0 0 preference 0
preference_journal_violation_nrg 1580956319715 360 205 touchmove 110 111 0 0 0 preference 0
preference_journal_violation_nrg 1580956319731 360 205 touchmove 104 100 0 0 0 preference 0
preference_journal_violation_nrg 1580956319747 360 205 touchmove 101 94 0 0 0 preference 0
preference_journal_violation_nrg 1580956319765 360 205 touchmove 96 85 0 0 0 preference 0
preference_journal_violation_nrg 1580956319781 360 205 touchmove 91 73 0 0 0 preference 0
preference_journal_violation_nrg 1580956319801 360 205 touchmove 88 67 0 0 0 preference 0
preference_journal_violation_nrg 1580956319815 360 205 touchmove 85 57 0 0 0 preference 0
preference_journal_violation_nrg 1580956319832 360 205 touchmove 82 49 0 0 0 preference 0
preference_journal_violation_nrg 1580956319847 360 205 touchmove 81 47 0 0 0 preference 0
preference_journal_violation_nrg 1580956319864 360 205 touchmove 81 45 0 0 0 preference 0
preference_journal_violation_nrg 1580956319913 360 205 touchmove 83 45 0 0 0 preference 0
preference_journal_violation_nrg 1580956319930 360 205 touchmove 89 45 0 0 0 preference 0
preference_journal_violation_nrg 1580956319948 360 205 touchmove 101 43 0 0 0 preference 0
preference_journal_violation_nrg 1580956319964 360 205 touchmove 106 43 0 0 0 preference 0
preference_journal_violation_nrg 1580956319980 360 205 touchmove 113 41 0 0 0 preference 0
preference_journal_violation_nrg 1580956319997 360 205 touchmove 116 41 0 0 0 preference 0
preference_journal_violation_nrg 1580956320017 360 205 touchmove 119 41 0 0 0 preference 0
preference_journal_violation_nrg 1580956320019 360 205 touchend 119 41 0 0 0 preference 0
preference_journal_violation_nrg 1580956322438 360 205 touchstart 244 85 0 0 0 journal 0
preference_journal_violation_nrg 1580956322450 360 205 touchmove 247 84 0 0 0 journal 0
preference_journal_violation_nrg 1580956322468 360 205 touchmove 252 81 0 0 0 journal 0
preference_journal_violation_nrg 1580956322486 360 205 touchmove 263 73 0 0 0 journal 0
preference_journal_violation_nrg 1580956322501 360 205 touchmove 273 65 0 0 0 journal 0
preference_journal_violation_nrg 1580956322517 360 205 touchmove 281 57 0 0 0 journal 0
preference_journal_violation_nrg 1580956322534 360 205 touchmove 285 53 0 0 0 journal 0
preference_journal_violation_nrg 1580956322551 360 205 touchmove 291 46 0 0 0 journal 0
preference_journal_violation_nrg 1580956322568 360 205 touchmove 294 39 0 0 0 journal 0
preference_journal_violation_nrg 1580956322584 360 205 touchmove 295 37 0 0 0 journal 0
preference_journal_violation_nrg 1580956322600 360 205 touchmove 297 32 0 0 0 journal 0
preference_journal_violation_nrg 1580956322618 360 205 touchmove 297 29 0 0 0 journal 0
preference_journal_violation_nrg 1580956322634 360 205 touchmove 296 28 0 0 0 journal 0
preference_journal_violation_nrg 1580956322652 360 205 touchmove 294 26 0 0 0 journal 0
preference_journal_violation_nrg 1580956322667 360 205 touchmove 290 23 0 0 0 journal 0
preference_journal_violation_nrg 1580956322685 360 205 touchmove 287 21 0 0 0 journal 0
preference_journal_violation_nrg 1580956322702 360 205 touchmove 279 18 0 0 0 journal 0
preference_journal_violation_nrg 1580956322717 360 205 touchmove 271 16 0 0 0 journal 0
preference_journal_violation_nrg 1580956322733 360 205 touchmove 264 16 0 0 0 journal 0
preference_journal_violation_nrg 1580956322750 360 205 touchmove 262 15 0 0 0 journal 0
preference_journal_violation_nrg 1580956322767 360 205 touchmove 256 14 0 0 0 journal 0
preference_journal_violation_nrg 1580956322784 360 205 touchmove 252 14 0 0 0 journal 0
preference_journal_violation_nrg 1580956322801 360 205 touchmove 251 14 0 0 0 journal 0
preference_journal_violation_nrg 1580956322818 360 205 touchmove 246 14 0 0 0 journal 0
preference_journal_violation_nrg 1580956322834 360 205 touchmove 240 16 0 0 0 journal 0
preference_journal_violation_nrg 1580956322852 360 205 touchmove 237 16 0 0 0 journal 0
preference_journal_violation_nrg 1580956322868 360 205 touchmove 231 18 0 0 0 journal 0
preference_journal_violation_nrg 1580956322884 360 205 touchmove 226 20 0 0 0 journal 0
preference_journal_violation_nrg 1580956322901 360 205 touchmove 221 21 0 0 0 journal 0
preference_journal_violation_nrg 1580956322918 360 205 touchmove 220 22 0 0 0 journal 0
preference_journal_violation_nrg 1580956322935 360 205 touchmove 217 23 0 0 0 journal 0
preference_journal_violation_nrg 1580956322951 360 205 touchmove 213 24 0 0 0 journal 0
preference_journal_violation_nrg 1580956322968 360 205 touchmove 212 24 0 0 0 journal 0
preference_journal_violation_nrg 1580956322985 360 205 touchmove 209 25 0 0 0 journal 0
preference_journal_violation_nrg 1580956323001 360 205 touchmove 206 26 0 0 0 journal 0
preference_journal_violation_nrg 1580956323018 360 205 touchmove 206 26 0 0 0 journal 0
preference_journal_violation_nrg 1580956323035 360 205 touchmove 205 26 0 0 0 journal 0
preference_journal_violation_nrg 1580956323051 360 205 touchmove 204 26 0 0 0 journal 0
preference_journal_violation_nrg 1580956323068 360 205 touchmove 203 26 0 0 0 journal 0
preference_journal_violation_nrg 1580956323085 360 205 touchmove 202 26 0 0 0 journal 0
preference_journal_violation_nrg 1580956323101 360 205 touchmove 202 26 0 0 0 journal 0
preference_journal_violation_nrg 1580956323118 360 205 touchmove 201 26 0 0 0 journal 0
preference_journal_violation_nrg 1580956323135 360 205 touchmove 201 26 0 0 0 journal 0
preference_journal_violation_nrg 1580956323152 360 205 touchmove 200 26 0 0 0 journal 0
preference_journal_violation_nrg 1580956323170 360 205 touchmove 198 27 0 0 0 journal 0
preference_journal_violation_nrg 1580956323187 360 205 touchmove 197 27 0 0 0 journal 0
preference_journal_violation_nrg 1580956323203 360 205 touchmove 194 27 0 0 0 journal 0
preference_journal_violation_nrg 1580956323219 360 205 touchmove 186 30 0 0 0 journal 0
preference_journal_violation_nrg 1580956323235 360 205 touchmove 180 32 0 0 0 journal 0
preference_journal_violation_nrg 1580956323252 360 205 touchmove 172 34 0 0 0 journal 0
preference_journal_violation_nrg 1580956323268 360 205 touchmove 164 37 0 0 0 journal 0
preference_journal_violation_nrg 1580956323287 360 205 touchmove 158 38 0 0 0 journal 0
preference_journal_violation_nrg 1580956323304 360 205 touchmove 154 39 0 0 0 journal 0
preference_journal_violation_nrg 1580956323319 360 205 touchmove 151 39 0 0 0 journal 0
preference_journal_violation_nrg 1580956323336 360 205 touchmove 150 39 0 0 0 journal 0
preference_journal_violation_nrg 1580956323353 360 205 touchmove 146 38 0 0 0 journal 0
preference_journal_violation_nrg 1580956323369 360 205 touchmove 142 37 0 0 0 journal 0
preference_journal_violation_nrg 1580956323387 360 205 touchmove 140 36 0 0 0 journal 0
preference_journal_violation_nrg 1580956323402 360 205 touchmove 137 36 0 0 0 journal 0
preference_journal_violation_nrg 1580956323422 360 205 touchmove 133 36 0 0 0 journal 0
preference_journal_violation_nrg 1580956323436 360 205 touchmove 132 36 0 0 0 journal 0
preference_journal_violation_nrg 1580956323452 360 205 touchmove 130 35 0 0 0 journal 0
preference_journal_violation_nrg 1580956323469 360 205 touchmove 130 35 0 0 0 journal 0
preference_journal_violation_nrg 1580956323496 360 205 touchmove 130 35 0 0 0 journal 0
preference_journal_violation_nrg 1580956323506 360 205 touchmove 130 35 0 0 0 journal 0
preference_journal_violation_nrg 1580956323521 360 205 touchmove 131 35 0 0 0 journal 0
preference_journal_violation_nrg 1580956323537 360 205 touchmove 140 41 0 0 0 journal 0
preference_journal_violation_nrg 1580956323553 360 205 touchmove 146 48 0 0 0 journal 0
preference_journal_violation_nrg 1580956323571 360 205 touchmove 158 63 0 0 0 journal 0
preference_journal_violation_nrg 1580956323586 360 205 touchmove 170 79 0 0 0 journal 0
preference_journal_violation_nrg 1580956323605 360 205 touchmove 175 87 0 0 0 journal 0
preference_journal_violation_nrg 1580956323620 360 205 touchmove 184 98 0 0 0 journal 0
preference_journal_violation_nrg 1580956323636 360 205 touchmove 191 106 0 0 0 journal 0
preference_journal_violation_nrg 1580956323656 360 205 touchmove 198 111 0 0 0 journal 0
preference_journal_violation_nrg 1580956323671 360 205 touchmove 200 113 0 0 0 journal 0
preference_journal_violation_nrg 1580956323686 360 205 touchmove 205 117 0 0 0 journal 0
preference_journal_violation_nrg 1580956323704 360 205 touchmove 212 121 0 0 0 journal 0
preference_journal_violation_nrg 1580956323723 360 205 touchmove 215 123 0 0 0 journal 0
preference_journal_violation_nrg 1580956323740 360 205 touchmove 220 127 0 0 0 journal 0
preference_journal_violation_nrg 1580956323754 360 205 touchmove 223 129 0 0 0 journal 0
preference_journal_violation_nrg 1580956323771 360 205 touchmove 225 130 0 0 0 journal 0
preference_journal_violation_nrg 1580956323787 360 205 touchmove 227 131 0 0 0 journal 0
preference_journal_violation_nrg 1580956323806 360 205 touchmove 228 132 0 0 0 journal 0
preference_journal_violation_nrg 1580956323824 360 205 touchmove 228 132 0 0 0 journal 0
preference_journal_violation_nrg 1580956323842 360 205 touchmove 229 132 0 0 0 journal 0
preference_journal_violation_nrg 1580956323853 360 205 touchmove 229 132 0 0 0 journal 0
preference_journal_violation_nrg 1580956323872 360 205 touchmove 230 132 0 0 0 journal 0
preference_journal_violation_nrg 1580956323887 360 205 touchmove 230 132 0 0 0 journal 0
preference_journal_violation_nrg 1580956323905 360 205 touchmove 231 132 0 0 0 journal 0
preference_journal_violation_nrg 1580956323921 360 205 touchmove 232 132 0 0 0 journal 0
preference_journal_violation_nrg 1580956323938 360 205 touchmove 232 132 0 0 0 journal 0
preference_journal_violation_nrg 1580956323953 360 205 touchmove 233 132 0 0 0 journal 0
preference_journal_violation_nrg 1580956324019 360 205 touchmove 232 132 0 0 0 journal 0
preference_journal_violation_nrg 1580956324037 360 205 touchmove 231 132 0 0 0 journal 0
preference_journal_violation_nrg 1580956324054 360 205 touchmove 226 132 0 0 0 journal 0
preference_journal_violation_nrg 1580956324070 360 205 touchmove 198 128 0 0 0 journal 0
preference_journal_violation_nrg 1580956324088 360 205 touchmove 182 125 0 0 0 journal 0
preference_journal_violation_nrg 1580956324104 360 205 touchmove 155 121 0 0 0 journal 0
preference_journal_violation_nrg 1580956324120 360 205 touchmove 129 119 0 0 0 journal 0
preference_journal_violation_nrg 1580956324138 360 205 touchmove 116 118 0 0 0 journal 0
preference_journal_violation_nrg 1580956324154 360 205 touchmove 95 116 0 0 0 journal 0
preference_journal_violation_nrg 1580956324170 360 205 touchmove 79 114 0 0 0 journal 0
preference_journal_violation_nrg 1580956324186 360 205 touchmove 72 113 0 0 0 journal 0
preference_journal_violation_nrg 1580956324203 360 205 touchmove 63 111 0 0 0 journal 0
preference_journal_violation_nrg 1580956324226 360 205 touchmove 60 108 0 0 0 journal 0
preference_journal_violation_nrg 1580956324235 360 205 touchmove 60 107 0 0 0 journal 0
preference_journal_violation_nrg 1580956324254 360 205 touchmove 61 106 0 0 0 journal 0
preference_journal_violation_nrg 1580956324270 360 205 touchmove 77 99 0 0 0 journal 0
preference_journal_violation_nrg 1580956324288 360 205 touchmove 130 84 0 0 0 journal 0
preference_journal_violation_nrg 1580956324304 360 205 touchmove 162 77 0 0 0 journal 0
preference_journal_violation_nrg 1580956324321 360 205 touchmove 217 78 0 0 0 journal 0
preference_journal_violation_nrg 1580956324337 360 205 touchmove 254 87 0 0 0 journal 0
preference_journal_violation_nrg 1580956324354 360 205 touchmove 268 91 0 0 0 journal 0
preference_journal_violation_nrg 1580956324371 360 205 touchmove 286 98 0 0 0 journal 0
preference_journal_violation_nrg 1580956324387 360 205 touchmove 297 102 0 0 0 journal 0
preference_journal_violation_nrg 1580956324403 360 205 touchmove 300 104 0 0 0 journal 0
preference_journal_violation_nrg 1580956324420 360 205 touchmove 305 105 0 0 0 journal 0
preference_journal_violation_nrg 1580956324437 360 205 touchmove 308 105 0 0 0 journal 0
preference_journal_violation_nrg 1580956324452 360 205 touchmove 309 105 0 0 0 journal 0
preference_journal_violation_nrg 1580956324454 360 205 touchend 309 105 0 0 0 journal 0
preference_journal_violation_nrg 1580956325278 360 205 touchstart 47 47 0 0 0 violation 1
preference_journal_violation_nrg 1580956325321 360 205 touchmove 50 46 0 0 0 violation 1
preference_journal_violation_nrg 1580956325339 360 205 touchmove 54 45 0 0 0 violation 1
preference_journal_violation_nrg 1580956325355 360 205 touchmove 67 41 0 0 0 violation 1
preference_journal_violation_nrg 1580956325371 360 205 touchmove 84 39 0 0 0 violation 1
preference_journal_violation_nrg 1580956325391 360 205 touchmove 95 38 0 0 0 violation 1
preference_journal_violation_nrg 1580956325405 360 205 touchmove 116 37 0 0 0 violation 1
preference_journal_violation_nrg 1580956325421 360 205 touchmove 135 38 0 0 0 violation 1
preference_journal_violation_nrg 1580956325438 360 205 touchmove 144 39 0 0 0 violation 1
preference_journal_violation_nrg 1580956325455 360 205 touchmove 162 41 0 0 0 violation 1
preference_journal_violation_nrg 1580956325471 360 205 touchmove 183 45 0 0 0 violation 1
preference_journal_violation_nrg 1580956325488 360 205 touchmove 200 47 0 0 0 violation 1
preference_journal_violation_nrg 1580956325504 360 205 touchmove 206 48 0 0 0 violation 1
preference_journal_violation_nrg 1580956325522 360 205 touchmove 213 49 0 0 0 violation 1
preference_journal_violation_nrg 1580956325538 360 205 touchmove 226 49 0 0 0 violation 1
preference_journal_violation_nrg 1580956325554 360 205 touchmove 237 50 0 0 0 violation 1
preference_journal_violation_nrg 1580956325571 360 205 touchmove 247 51 0 0 0 violation 1
preference_journal_violation_nrg 1580956325588 360 205 touchmove 254 51 0 0 0 violation 1
preference_journal_violation_nrg 1580956325604 360 205 touchmove 257 51 0 0 0 violation 1
preference_journal_violation_nrg 1580956325621 360 205 touchmove 260 51 0 0 0 violation 1
preference_journal_violation_nrg 1580956325626 360 205 touchend 260 51 0 0 0 violation 1
preference_journal_violation_nrg 1580956326711 360 205 touchstart 172 152 0 0 0 violation 0
preference_journal_violation_nrg 1580956326773 360 205 touchmove 181 142 0 0 0 violation 0
preference_journal_violation_nrg 1580956326790 360 205 touchmove 194 127 0 0 0 violation 0
preference_journal_violation_nrg 1580956326806 360 205 touchmove 208 111 0 0 0 violation 0
preference_journal_violation_nrg 1580956326824 360 205 touchmove 214 102 0 0 0 violation 0
preference_journal_violation_nrg 1580956326840 360 205 touchmove 226 86 0 0 0 violation 0
preference_journal_violation_nrg 1580956326857 360 205 touchmove 236 73 0 0 0 violation 0
preference_journal_violation_nrg 1580956326874 360 205 touchmove 242 67 0 0 0 violation 0
preference_journal_violation_nrg 1580956326890 360 205 touchmove 252 57 0 0 0 violation 0
preference_journal_violation_nrg 1580956326908 360 205 touchmove 260 49 0 0 0 violation 0
preference_journal_violation_nrg 1580956326924 360 205 touchmove 263 46 0 0 0 violation 0
preference_journal_violation_nrg 1580956326940 360 205 touchmove 270 40 0 0 0 violation 0
preference_journal_violation_nrg 1580956326956 360 205 touchmove 274 36 0 0 0 violation 0
preference_journal_violation_nrg 1580956326973 360 205 touchmove 275 35 0 0 0 violation 0
preference_journal_violation_nrg 1580956326990 360 205 touchmove 278 32 0 0 0 violation 0
preference_journal_violation_nrg 1580956327007 360 205 touchmove 278 32 0 0 0 violation 0
preference_journal_violation_nrg 1580956327023 360 205 touchmove 279 32 0 0 0 violation 0
preference_journal_violation_nrg 1580956327040 360 205 touchmove 279 31 0 0 0 violation 0
preference_journal_violation_nrg 1580956327056 360 205 touchmove 280 31 0 0 0 violation 0
preference_journal_violation_nrg 1580956327074 360 205 touchmove 280 30 0 0 0 violation 0
preference_journal_violation_nrg 1580956327090 360 205 touchmove 282 30 0 0 0 violation 0
preference_journal_violation_nrg 1580956327106 360 205 touchmove 283 29 0 0 0 violation 0
preference_journal_violation_nrg 1580956327123 360 205 touchmove 284 29 0 0 0 violation 0
preference_journal_violation_nrg 1580956327140 360 205 touchmove 285 29 0 0 0 violation 0
preference_journal_violation_nrg 1580956327156 360 205 touchmove 286 28 0 0 0 violation 0
preference_journal_violation_nrg 1580956327173 360 205 touchmove 287 28 0 0 0 violation 0
preference_journal_violation_nrg 1580956327190 360 205 touchmove 287 28 0 0 0 violation 0
preference_journal_violation_nrg 1580956327206 360 205 touchmove 289 28 0 0 0 violation 0
preference_journal_violation_nrg 1580956327223 360 205 touchmove 291 28 0 0 0 violation 0
preference_journal_violation_nrg 1580956327240 360 205 touchmove 292 29 0 0 0 violation 0
preference_journal_violation_nrg 1580956327256 360 205 touchmove 297 29 0 0 0 violation 0
preference_journal_violation_nrg 1580956327273 360 205 touchmove 301 32 0 0 0 violation 0
preference_journal_violation_nrg 1580956327290 360 205 touchmove 304 33 0 0 0 violation 0
preference_journal_violation_nrg 1580956327307 360 205 touchmove 309 37 0 0 0 violation 0
preference_journal_violation_nrg 1580956327323 360 205 touchmove 314 42 0 0 0 violation 0
preference_journal_violation_nrg 1580956327340 360 205 touchmove 317 44 0 0 0 violation 0
preference_journal_violation_nrg 1580956327357 360 205 touchmove 321 50 0 0 0 violation 0
preference_journal_violation_nrg 1580956327374 360 205 touchmove 323 53 0 0 0 violation 0
preference_journal_violation_nrg 1580956327390 360 205 touchmove 325 57 0 0 0 violation 0
preference_journal_violation_nrg 1580956327407 360 205 touchmove 326 58 0 0 0 violation 0
preference_journal_violation_nrg 1580956327424 360 205 touchmove 326 60 0 0 0 violation 0
preference_journal_violation_nrg 1580956327440 360 205 touchmove 326 61 0 0 0 violation 0
preference_journal_violation_nrg 1580956327459 360 205 touchmove 326 61 0 0 0 violation 0
preference_journal_violation_nrg 1580956327474 360 205 touchmove 327 62 0 0 0 violation 0
preference_journal_violation_nrg 1580956327490 360 205 touchmove 327 63 0 0 0 violation 0
preference_journal_violation_nrg 1580956327507 360 205 touchmove 328 65 0 0 0 violation 0
preference_journal_violation_nrg 1580956327524 360 205 touchmove 329 67 0 0 0 violation 0
preference_journal_violation_nrg 1580956327540 360 205 touchmove 329 70 0 0 0 violation 0
preference_journal_violation_nrg 1580956327557 360 205 touchmove 328 74 0 0 0 violation 0
preference_journal_violation_nrg 1580956327575 360 205 touchmove 324 81 0 0 0 violation 0
preference_journal_violation_nrg 1580956327591 360 205 touchmove 321 84 0 0 0 violation 0
preference_journal_violation_nrg 1580956327608 360 205 touchmove 311 91 0 0 0 violation 0
preference_journal_violation_nrg 1580956327625 360 205 touchmove 294 96 0 0 0 violation 0
preference_journal_violation_nrg 1580956327641 360 205 touchmove 283 98 0 0 0 violation 0
preference_journal_violation_nrg 1580956327658 360 205 touchmove 256 99 0 0 0 violation 0
preference_journal_violation_nrg 1580956327675 360 205 touchmove 224 99 0 0 0 violation 0
preference_journal_violation_nrg 1580956327692 360 205 touchmove 209 98 0 0 0 violation 0
preference_journal_violation_nrg 1580956327708 360 205 touchmove 180 97 0 0 0 violation 0
preference_journal_violation_nrg 1580956327724 360 205 touchmove 156 95 0 0 0 violation 0
preference_journal_violation_nrg 1580956327741 360 205 touchmove 145 94 0 0 0 violation 0
preference_journal_violation_nrg 1580956327758 360 205 touchmove 126 92 0 0 0 violation 0
preference_journal_violation_nrg 1580956327774 360 205 touchmove 109 91 0 0 0 violation 0
preference_journal_violation_nrg 1580956327792 360 205 touchmove 102 90 0 0 0 violation 0
preference_journal_violation_nrg 1580956327808 360 205 touchmove 91 87 0 0 0 violation 0
preference_journal_violation_nrg 1580956327825 360 205 touchmove 83 84 0 0 0 violation 0
preference_journal_violation_nrg 1580956327843 360 205 touchmove 80 83 0 0 0 violation 0
preference_journal_violation_nrg 1580956327858 360 205 touchmove 76 79 0 0 0 violation 0
preference_journal_violation_nrg 1580956327878 360 205 touchmove 74 75 0 0 0 violation 0
preference_journal_violation_nrg 1580956327893 360 205 touchmove 74 75 0 0 0 violation 0
preference_journal_violation_nrg 1580956327910 360 205 touchmove 75 74 0 0 0 violation 0
preference_journal_violation_nrg 1580956327926 360 205 touchmove 80 71 0 0 0 violation 0
preference_journal_violation_nrg 1580956327943 360 205 touchmove 101 62 0 0 0 violation 0
preference_journal_violation_nrg 1580956327961 360 205 touchmove 117 57 0 0 0 violation 0
preference_journal_violation_nrg 1580956327975 360 205 touchmove 150 47 0 0 0 violation 0
preference_journal_violation_nrg 1580956327993 360 205 touchmove 184 40 0 0 0 violation 0
preference_journal_violation_nrg 1580956328009 360 205 touchmove 201 38 0 0 0 violation 0
preference_journal_violation_nrg 1580956328025 360 205 touchmove 227 36 0 0 0 violation 0
preference_journal_violation_nrg 1580956328041 360 205 touchmove 248 35 0 0 0 violation 0
preference_journal_violation_nrg 1580956328058 360 205 touchmove 256 35 0 0 0 violation 0
preference_journal_violation_nrg 1580956328076 360 205 touchmove 272 35 0 0 0 violation 0
preference_journal_violation_nrg 1580956328092 360 205 touchmove 284 35 0 0 0 violation 0
preference_journal_violation_nrg 1580956328109 360 205 touchmove 292 36 0 0 0 violation 0
preference_journal_violation_nrg 1580956328125 360 205 touchmove 294 38 0 0 0 violation 0
preference_journal_violation_nrg 1580956328142 360 205 touchmove 296 39 0 0 0 violation 0
preference_journal_violation_nrg 1580956328158 360 205 touchmove 297 44 0 0 0 violation 0
preference_journal_violation_nrg 1580956328175 360 205 touchmove 296 50 0 0 0 violation 0
preference_journal_violation_nrg 1580956328192 360 205 touchmove 291 72 0 0 0 violation 0
preference_journal_violation_nrg 1580956328208 360 205 touchmove 280 94 0 0 0 violation 0
preference_journal_violation_nrg 1580956328226 360 205 touchmove 276 103 0 0 0 violation 0
preference_journal_violation_nrg 1580956328242 360 205 touchmove 266 118 0 0 0 violation 0
preference_journal_violation_nrg 1580956328259 360 205 touchmove 258 127 0 0 0 violation 0
preference_journal_violation_nrg 1580956328276 360 205 touchmove 251 134 0 0 0 violation 0
preference_journal_violation_nrg 1580956328295 360 205 touchmove 248 137 0 0 0 violation 0
preference_journal_violation_nrg 1580956328309 360 205 touchmove 244 140 0 0 0 violation 0
preference_journal_violation_nrg 1580956328325 360 205 touchmove 243 141 0 0 0 violation 0
preference_journal_violation_nrg 1580956328398 360 205 touchend 243 141 0 0 0 violation 0
preference_journal_violation_nrg 1580956331149 360 205 touchstart 249 152 0 0 0 nrg 0
preference_journal_violation_nrg 1580956331180 360 205 touchmove 246 152 0 0 0 nrg 0
preference_journal_violation_nrg 1580956331198 360 205 touchmove 236 150 0 0 0 nrg 0
preference_journal_violation_nrg 1580956331216 360 205 touchmove 218 142 0 0 0 nrg 0
preference_journal_violation_nrg 1580956331229 360 205 touchmove 208 135 0 0 0 nrg 0
preference_journal_violation_nrg 1580956331246 360 205 touchmove 188 116 0 0 0 nrg 0
preference_journal_violation_nrg 1580956331262 360 205 touchmove 171 97 0 0 0 nrg 0
preference_journal_violation_nrg 1580956331279 360 205 touchmove 162 87 0 0 0 nrg 0
preference_journal_violation_nrg 1580956331296 360 205 touchmove 147 68 0 0 0 nrg 0
preference_journal_violation_nrg 1580956331312 360 205 touchmove 133 51 0 0 0 nrg 0
preference_journal_violation_nrg 1580956331331 360 205 touchmove 128 44 0 0 0 nrg 0
preference_journal_violation_nrg 1580956331346 360 205 touchmove 118 34 0 0 0 nrg 0
preference_journal_violation_nrg 1580956331362 360 205 touchmove 114 29 0 0 0 nrg 0
preference_journal_violation_nrg 1580956331389 360 205 touchmove 114 29 0 0 0 nrg 0
preference_journal_violation_nrg 1580956331399 360 205 touchmove 116 29 0 0 0 nrg 0
preference_journal_violation_nrg 1580956331413 360 205 touchmove 125 33 0 0 0 nrg 0
preference_journal_violation_nrg 1580956331429 360 205 touchmove 149 52 0 0 0 nrg 0
preference_journal_violation_nrg 1580956331446 360 205 touchmove 159 61 0 0 0 nrg 0
preference_journal_violation_nrg 1580956331463 360 205 touchmove 175 79 0 0 0 nrg 0
preference_journal_violation_nrg 1580956331480 360 205 touchmove 183 90 0 0 0 nrg 0
preference_journal_violation_nrg 1580956331500 360 205 touchmove 189 94 0 0 0 nrg 0
preference_journal_violation_nrg 1580956331515 360 205 touchmove 192 96 0 0 0 nrg 0
preference_journal_violation_nrg 1580956331520 360 205 touchend 192 96 0 0 0 nrg 0
thanks_for_the_quick_turnaround 1580956334795 360 205 touchstart 152 24 0 0 0 thanks 0
thanks_for_the_quick_turnaround 1580956334836 360 205 touchmove 165 28 0 0 0 thanks 0
thanks_for_the_quick_turnaround 1580956334855 360 205 touchmove 192 44 0 0 0 thanks 0
thanks_for_the_quick_turnaround 1580956334869 360 205 touchmove 204 53 0 0 0 thanks 0
thanks_for_the_quick_turnaround 1580956334886 360 205 touchmove 223 73 0 0 0 thanks 0
thanks_for_the_quick_turnaround 1580956334903 360 205 touchmove 231 87 0 0 0 thanks 0
thanks_for_the_quick_turnaround 1580956334920 360 205 touchmove 231 91 0 0 0 thanks 0
thanks_for_the_quick_turnaround 1580956334937 360 205 touchmove 230 94 0 0 0 thanks 0
thanks_for_the_quick_turnaround 1580956334953 360 205 touchmove 221 97 0 0 0 thanks 0
thanks_for_the_quick_turnaround 1580956334968 360 205 touchmove 207 98 0 0 0 thanks 0
thanks_for_the_quick_turnaround 1580956334985 360 205 touchmove 171 100 0 0 0 thanks 0
thanks_for_the_quick_turnaround 1580956335002 360 205 touchmove 128 104 0 0 0 thanks 0
thanks_for_the_quick_turnaround 1580956335019 360 205 touchmove 110 105 0 0 0 thanks 0
thanks_for_the_quick_turnaround 1580956335035 360 205 touchmove 83 108 0 0 0 thanks 0
thanks_for_the_quick_turnaround 1580956335052 360 205 touchmove 70 109 0 0 0 thanks 0
thanks_for_the_quick_turnaround 1580956335068 360 205 touchmove 68 108 0 0 0 thanks 0
thanks_for_the_quick_turnaround 1580956335085 360 205 touchmove 68 108 0 0 0 thanks 0
thanks_for_the_quick_turnaround 1580956335102 360 205 touchmove 79 105 0 0 0 thanks 0
thanks_for_the_quick_turnaround 1580956335120 360 205 touchmove 131 99 0 0 0 thanks 0
thanks_for_the_quick_turnaround 1580956335136 360 205 touchmove 158 100 0 0 0 thanks 0
thanks_for_the_quick_turnaround 1580956335154 360 205 touchmove 200 107 0 0 0 thanks 0
thanks_for_the_quick_turnaround 1580956335170 360 205 touchmove 227 121 0 0 0 thanks 0
thanks_for_the_quick_turnaround 1580956335187 360 205 touchmove 236 128 0 0 0 thanks 0
thanks_for_the_quick_turnaround 1580956335203 360 205 touchmove 246 135 0 0 0 thanks 0
thanks_for_the_quick_turnaround 1580956335219 360 205 touchmove 250 137 0 0 0 thanks 0
thanks_for_the_quick_turnaround 1580956335241 360 205 touchmove 251 137 0 0 0 thanks 0
thanks_for_the_quick_turnaround 1580956335254 360 205 touchmove 252 136 0 0 0 thanks 0
thanks_for_the_quick_turnaround 1580956335269 360 205 touchmove 255 135 0 0 0 thanks 0
thanks_for_the_quick_turnaround 1580956335287 360 205 touchmove 263 128 0 0 0 thanks 0
thanks_for_the_quick_turnaround 1580956335303 360 205 touchmove 275 118 0 0 0 thanks 0
thanks_for_the_quick_turnaround 1580956335320 360 205 touchmove 289 104 0 0 0 thanks 0
thanks_for_the_quick_turnaround 1580956335338 360 205 touchmove 296 98 0 0 0 thanks 0
thanks_for_the_quick_turnaround 1580956335353 360 205 touchmove 304 87 0 0 0 thanks 0
thanks_for_the_quick_turnaround 1580956335369 360 205 touchmove 306 76 0 0 0 thanks 0
thanks_for_the_quick_turnaround 1580956335387 360 205 touchmove 304 68 0 0 0 thanks 0
thanks_for_the_quick_turnaround 1580956335402 360 205 touchmove 302 65 0 0 0 thanks 0
thanks_for_the_quick_turnaround 1580956335422 360 205 touchmove 295 60 0 0 0 thanks 0
thanks_for_the_quick_turnaround 1580956335438 360 205 touchmove 288 59 0 0 0 thanks 0
thanks_for_the_quick_turnaround 1580956335453 360 205 touchmove 284 59 0 0 0 thanks 0
thanks_for_the_quick_turnaround 1580956335470 360 205 touchmove 274 60 0 0 0 thanks 0
thanks_for_the_quick_turnaround 1580956335488 360 205 touchmove 248 63 0 0 0 thanks 0
thanks_for_the_quick_turnaround 1580956335505 360 205 touchmove 231 64 0 0 0 thanks 0
thanks_for_the_quick_turnaround 1580956335520 360 205 touchmove 192 66 0 0 0 thanks 0
thanks_for_the_quick_turnaround 1580956335537 360 205 touchmove 172 67 0 0 0 thanks 0
thanks_for_the_quick_turnaround 1580956335570 360 205 touchmove 116 71 0 0 0 thanks 0
thanks_for_the_quick_turnaround 1580956335586 360 205 touchmove 99 71 0 0 0 thanks 0
thanks_for_the_quick_turnaround 1580956335604 360 205 touchmove 89 70 0 0 0 thanks 0
thanks_for_the_quick_turnaround 1580956335619 360 205 touchmove 85 70 0 0 0 thanks 0
thanks_for_the_quick_turnaround 1580956335636 360 205 touchmove 82 68 0 0 0 thanks 0
thanks_for_the_quick_turnaround 1580956335643 360 205 touchend 82 68 0 0 0 thanks 0
thanks_for_the_quick_turnaround 1580956336383 360 205 touchstart 151 87 0 0 0 for 0
thanks_for_the_quick_turnaround 1580956336420 360 205 touchmove 164 87 0 0 0 for 0
thanks_for_the_quick_turnaround 1580956336438 360 205 touchmove 179 87 0 0 0 for 0
thanks_for_the_quick_turnaround 1580956336454 360 205 touchmove 211 81 0 0 0 for 0
thanks_for_the_quick_turnaround 1580956336473 360 205 touchmove 239 68 0 0 0 for 0
thanks_for_the_quick_turnaround 1580956336488 360 205 touchmove 249 63 0 0 0 for 0
thanks_for_the_quick_turnaround 1580956336503 360 205 touchmove 262 54 0 0 0 for 0
thanks_for_the_quick_turnaround 1580956336520 360 205 touchmove 268 47 0 0 0 for 0
thanks_for_the_quick_turnaround 1580956336537 360 205 touchmove 269 44 0 0 0 for 0
thanks_for_the_quick_turnaround 1580956336554 360 205 touchmove 269 41 0 0 0 for 0
thanks_for_the_quick_turnaround 1580956336570 360 205 touchmove 267 39 0 0 0 for 0
thanks_for_the_quick_turnaround 1580956336587 360 205 touchmove 255 34 0 0 0 for 0
thanks_for_the_quick_turnaround 1580956336604 360 205 touchmove 243 30 0 0 0 for 0
thanks_for_the_quick_turnaround 1580956336621 360 205 touchmove 203 19 0 0 0 for 0
thanks_for_the_quick_turnaround 1580956336637 360 205 touchmove 172 17 0 0 0 for 0
thanks_for_the_quick_turnaround 1580956336654 360 205 touchmove 164 17 0 0 0 for 0
thanks_for_the_quick_turnaround 1580956336671 360 205 touchmove 161 14 0 0 0 for 0
thanks_for_the_quick_turnaround 1580956336685 360 205 touchmove 161 14 0 0 0 for 0
thanks_for_the_quick_turnaround 1580956336690 360 205 touchend 161 14 0 0 0 for 0
thanks_for_the_quick_turnaround 1580956336923 360 205 touchmove 226 87 0 0 0 the 0
thanks_for_the_quick_turnaround 1580956336938 360 205 touchmove 225 87 0 0 0 the 0
thanks_for_the_quick_turnaround 1580956336955 360 205 touchmove 218 88 0 0 0 the 0
thanks_for_the_quick_turnaround 1580956336971 360 205 touchmove 209 87 0 0 0 the 0
thanks_for_the_quick_turnaround 1580956336988 360 205 touchmove 184 85 0 0 0 the 0
thanks_for_the_quick_turnaround 1580956337007 360 205 touchmove 160 80 0 0 0 the 0
thanks_for_the_quick_turnaround 1580956337022 360 205 touchmove 141 73 0 0 0 the 0
thanks_for_the_quick_turnaround 1580956337038 360 205 touchmove 134 68 0 0 0 the 0
thanks_for_the_quick_turnaround 1580956337057 360 205 touchmove 121 60 0 0 0 the 0
thanks_for_the_quick_turnaround 1580956337072 360 205 touchmove 115 53 0 0 0 the 0
thanks_for_the_quick_turnaround 1580956337088 360 205 touchmove 112 48 0 0 0 the 0
thanks_for_the_quick_turnaround 1580956337105 360 205 touchmove 106 38 0 0 0 the 0
thanks_for_the_quick_turnaround 1580956337110 360 205 touchend 106 38 0 0 0 the 0
thanks_for_the_quick_turnaround 1580956337690 360 205 touchstart 38 54 0 0 0 quick 0
thanks_for_the_quick_turnaround 1580956337756 360 205 touchmove 46 56 0 0 0 quick 0
thanks_for_the_quick_turnaround 1580956337773 360 205 touchmove 72 60 0 0 0 quick 0
thanks_for_the_quick_turnaround 1580956337792 360 205 touchmove 89 60 0 0 0 quick 0
thanks_for_the_quick_turnaround 1580956337807 360 205 touchmove 131 61 0 0 0 quick 0
thanks_for_the_quick_turnaround 1580956337823 360 205 touchmove 180 62 0 0 0 quick 0
thanks_for_the_quick_turnaround 1580956337839 360 205 touchmove 201 62 0 0 0 quick 0
thanks_for_the_quick_turnaround 1580956337857 360 205 touchmove 232 61 0 0 0 quick 0
thanks_for_the_quick_turnaround 1580956337872 360 205 touchmove 247 59 0 0 0 quick 0
thanks_for_the_quick_turnaround 1580956337890 360 205 touchmove 254 56 0 0 0 quick 0
thanks_for_the_quick_turnaround 1580956337905 360 205 touchmove 255 55 0 0 0 quick 0
thanks_for_the_quick_turnaround 1580956337928 360 205 touchmove 255 54 0 0 0 quick 0
thanks_for_the_quick_turnaround 1580956337940 360 205 touchmove 254 53 0 0 0 quick 0
thanks_for_the_quick_turnaround 1580956337955 360 205 touchmove 251 52 0 0 0 quick 0
thanks_for_the_quick_turnaround 1580956337972 360 205 touchmove 242 48 0 0 0 quick 0
thanks_for_the_quick_turnaround 1580956337988 360 205 touchmove 222 42 0 0 0 quick 0
thanks_for_the_quick_turnaround 1580956338006 360 205 touchmove 209 39 0 0 0 quick 0
thanks_for_the_quick_turnaround 1580956338024 360 205 touchmove 183 35 0 0 0 quick 0
thanks_for_the_quick_turnaround 1580956338039 360 205 touchmove 167 34 0 0 0 quick 0
thanks_for_the_quick_turnaround 1580956338056 360 205 touchmove 161 36 0 0 0 quick 0
thanks_for_the_quick_turnaround 1580956338072 360 205 touchmove 157 40 0 0 0 quick 0
thanks_for_the_quick_turnaround 1580956338089 360 205 touchmove 153 57 0 0 0 quick 0
thanks_for_the_quick_turnaround 1580956338105 360 205 touchmove 151 71 0 0 0 quick 0
thanks_for_the_quick_turnaround 1580956338122 360 205 touchmove 148 100 0 0 0 quick 0
thanks_for_the_quick_turnaround 1580956338139 360 205 touchmove 147 121 0 0 0 quick 0
thanks_for_the_quick_turnaround 1580956338156 360 205 touchmove 147 129 0 0 0 quick 0
thanks_for_the_quick_turnaround 1580956338172 360 205 touchmove 147 138 0 0 0 quick 0
thanks_for_the_quick_turnaround 1580956338189 360 205 touchmove 150 145 0 0 0 quick 0
thanks_for_the_quick_turnaround 1580956338206 360 205 touchmove 156 152 0 0 0 quick 0
thanks_for_the_quick_turnaround 1580956338222 360 205 touchmove 161 152 0 0 0 quick 0
thanks_for_the_quick_turnaround 1580956338240 360 205 touchmove 179 148 0 0 0 quick 0
thanks_for_the_quick_turnaround 1580956338256 360 205 touchmove 210 130 0 0 0 quick 0
thanks_for_the_quick_turnaround 1580956338273 360 205 touchmove 221 123 0 0 0 quick 0
thanks_for_the_quick_turnaround 1580956338289 360 205 touchmove 239 112 0 0 0 quick 0
thanks_for_the_quick_turnaround 1580956338307 360 205 touchmove 250 104 0 0 0 quick 0
thanks_for_the_quick_turnaround 1580956338324 360 205 touchmove 255 102 0 0 0 quick 0
thanks_for_the_quick_turnaround 1580956338340 360 205 touchmove 262 96 0 0 0 quick 0
thanks_for_the_quick_turnaround 1580956338352 360 205 touchmove 264 95 0 0 0 quick 0
thanks_for_the_quick_turnaround 1580956338355 360 205 touchend 264 95 0 0 0 quick 0
thanks_for_the_quick_turnaround 1580956340499 360 205 touchstart 151 37 0 0 0 turnaround 0
thanks_for_the_quick_turnaround 1580956340531 360 205 touchmove 157 37 0 0 0 turnaround 0
thanks_for_the_quick_turnaround 1580956340544 360 205 touchmove 166 36 0 0 0 turnaround 0
thanks_for_the_quick_turnaround 1580956340576 360 205 touchmove 196 36 0 0 0 turnaround 0
thanks_for_the_quick_turnaround 1580956340594 360 205 touchmove 210 36 0 0 0 turnaround 0
thanks_for_the_quick_turnaround 1580956340611 360 205 touchmove 219 36 0 0 0 turnaround 0
thanks_for_the_quick_turnaround 1580956340627 360 205 touchmove 222 36 0 0 0 turnaround 0
thanks_for_the_quick_turnaround 1580956340643 360 205 touchmove 224 36 0 0 0 turnaround 0
thanks_for_the_quick_turnaround 1580956340693 360 205 touchmove 222 37 0 0 0 turnaround 0
thanks_for_the_quick_turnaround 1580956340710 360 205 touchmove 208 33 0 0 0 turnaround 0
thanks_for_the_quick_turnaround 1580956340727 360 205 touchmove 196 29 0 0 0 turnaround 0
thanks_for_the_quick_turnaround 1580956340743 360 205 touchmove 175 23 0 0 0 turnaround 0
thanks_for_the_quick_turnaround 1580956340760 360 205 touchmove 158 22 0 0 0 turnaround 0
thanks_for_the_quick_turnaround 1580956340777 360 205 touchmove 152 21 0 0 0 turnaround 0
thanks_for_the_quick_turnaround 1580956340794 360 205 touchmove 144 21 0 0 0 turnaround 0
thanks_for_the_quick_turnaround 1580956340837 360 205 touchmove 147 23 0 0 0 turnaround 0
thanks_for_the_quick_turnaround 1580956340859 360 205 touchmove 163 39 0 0 0 turnaround 0
thanks_for_the_quick_turnaround 1580956340876 360 205 touchmove 175 50 0 0 0 turnaround 0
thanks_for_the_quick_turnaround 1580956340895 360 205 touchmove 199 72 0 0 0 turnaround 0
thanks_for_the_quick_turnaround 1580956340909 360 205 touchmove 219 91 0 0 0 turnaround 0
thanks_for_the_quick_turnaround 1580956340927 360 205 touchmove 233 106 0 0 0 turnaround 0
thanks_for_the_quick_turnaround 1580956340945 360 205 touchmove 238 112 0 0 0 turnaround 0
thanks_for_the_quick_turnaround 1580956340960 360 205 touchmove 245 120 0 0 0 turnaround 0
thanks_for_the_quick_turnaround 1580956340977 360 205 touchmove 246 125 0 0 0 turnaround 0
thanks_for_the_quick_turnaround 1580956340994 360 205 touchmove 246 126 0 0 0 turnaround 0
thanks_for_the_quick_turnaround 1580956341011 360 205 touchmove 246 127 0 0 0 turnaround 0
thanks_for_the_quick_turnaround 1580956341027 360 205 touchmove 241 127 0 0 0 turnaround 0
thanks_for_the_quick_turnaround 1580956341044 360 205 touchmove 234 127 0 0 0 turnaround 0
thanks_for_the_quick_turnaround 1580956341060 360 205 touchmove 209 122 0 0 0 turnaround 0
thanks_for_the_quick_turnaround 1580956341077 360 205 touchmove 181 115 0 0 0 turnaround 0
thanks_for_the_quick_turnaround 1580956341094 360 205 touchmove 153 107 0 0 0 turnaround 0
thanks_for_the_quick_turnaround 1580956341111 360 205 touchmove 139 104 0 0 0 turnaround 0
thanks_for_the_quick_turnaround 1580956341127 360 205 touchmove 114 98 0 0 0 turnaround 0
thanks_for_the_quick_turnaround 1580956341143 360 205 touchmove 93 94 0 0 0 turnaround 0
thanks_for_the_quick_turnaround 1580956341160 360 205 touchmove 84 91 0 0 0 turnaround 0
thanks_for_the_quick_turnaround 1580956341178 360 205 touchmove 73 87 0 0 0 turnaround 0
thanks_for_the_quick_turnaround 1580956341193 360 205 touchmove 65 85 0 0 0 turnaround 0
thanks_for_the_quick_turnaround 1580956341211 360 205 touchmove 63 84 0 0 0 turnaround 0
thanks_for_the_quick_turnaround 1580956341227 360 205 touchmove 62 84 0 0 0 turnaround 0
thanks_for_the_quick_turnaround 1580956341281 360 205 touchmove 62 84 0 0 0 turnaround 0
thanks_for_the_quick_turnaround 1580956341294 360 205 touchmove 63 83 0 0 0 turnaround 0
thanks_for_the_quick_turnaround 1580956341310 360 205 touchmove 64 82 0 0 0 turnaround 0
thanks_for_the_quick_turnaround 1580956341327 360 205 touchmove 77 81 0 0 0 turnaround 0
thanks_for_the_quick_turnaround 1580956341345 360 205 touchmove 105 80 0 0 0 turnaround 0
thanks_for_the_quick_turnaround 1580956341363 360 205 touchmove 149 78 0 0 0 turnaround 0
thanks_for_the_quick_turnaround 1580956341379 360 205 touchmove 172 77 0 0 0 turnaround 0
thanks_for_the_quick_turnaround 1580956341396 360 205 touchmove 215 75 0 0 0 turnaround 0
thanks_for_the_quick_turnaround 1580956341412 360 205 touchmove 244 72 0 0 0 turnaround 0
thanks_for_the_quick_turnaround 1580956341429 360 205 touchmove 253 70 0 0 0 turnaround 0
thanks_for_the_quick_turnaround 1580956341445 360 205 touchmove 268 63 0 0 0 turnaround 0
thanks_for_the_quick_turnaround 1580956341462 360 205 touchmove 278 57 0 0 0 turnaround 0
thanks_for_the_quick_turnaround 1580956341479 360 205 touchmove 281 53 0 0 0 turnaround 0
thanks_for_the_quick_turnaround 1580956341496 360 205 touchmove 283 50 0 0 0 turnaround 0
thanks_for_the_quick_turnaround 1580956341513 360 205 touchmove 286 45 0 0 0 turnaround 0
thanks_for_the_quick_turnaround 1580956341529 360 205 touchmove 287 42 0 0 0 turnaround 0
thanks_for_the_quick_turnaround 1580956341546 360 205 touchmove 287 38 0 0 0 turnaround 0
thanks_for_the_quick_turnaround 1580956341561 360 205 touchmove 285 36 0 0 0 turnaround 0
thanks_for_the_quick_turnaround 1580956341579 360 205 touchmove 283 34 0 0 0 turnaround 0
thanks_for_the_quick_turnaround 1580956341596 360 205 touchmove 272 30 0 0 0 turnaround 0
thanks_for_the_quick_turnaround 1580956341612 360 205 touchmove 254 22 0 0 0 turnaround 0
thanks_for_the_quick_turnaround 1580956341629 360 205 touchmove 243 19 0 0 0 turnaround 0
thanks_for_the_quick_turnaround 1580956341648 360 205 touchmove 225 14 0 0 0 turnaround 0
thanks_for_the_quick_turnaround 1580956341664 360 205 touchmove 209 12 0 0 0 turnaround 0
thanks_for_the_quick_turnaround 1580956341679 360 205 touchmove 204 12 0 0 0 turnaround 0
thanks_for_the_quick_turnaround 1580956341695 360 205 touchmove 197 12 0 0 0 turnaround 0
thanks_for_the_quick_turnaround 1580956341714 360 205 touchmove 196 12 0 0 0 turnaround 0
thanks_for_the_quick_turnaround 1580956341727 360 205 touchmove 196 12 0 0 0 turnaround 0
thanks_for_the_quick_turnaround 1580956341746 360 205 touchmove 198 16 0 0 0 turnaround 0
thanks_for_the_quick_turnaround 1580956341763 360 205 touchmove 212 38 0 0 0 turnaround 0
thanks_for_the_quick_turnaround 1580956341779 360 205 touchmove 230 67 0 0 0 turnaround 0
thanks_for_the_quick_turnaround 1580956341796 360 205 touchmove 238 79 0 0 0 turnaround 0
thanks_for_the_quick_turnaround 1580956341813 360 205 touchmove 249 98 0 0 0 turnaround 0
thanks_for_the_quick_turnaround 1580956341829 360 205 touchmove 256 110 0 0 0 turnaround 0
thanks_for_the_quick_turnaround 1580956341846 360 205 touchmove 258 119 0 0 0 turnaround 0
thanks_for_the_quick_turnaround 1580956341863 360 205 touchmove 258 122 0 0 0 turnaround 0
thanks_for_the_quick_turnaround 1580956341879 360 205 touchmove 257 124 0 0 0 turnaround 0
thanks_for_the_quick_turnaround 1580956341895 360 205 touchmove 252 128 0 0 0 turnaround 0
thanks_for_the_quick_turnaround 1580956341912 360 205 touchmove 249 130 0 0 0 turnaround 0
thanks_for_the_quick_turnaround 1580956341928 360 205 touchmove 240 132 0 0 0 turnaround 0
thanks_for_the_quick_turnaround 1580956341945 360 205 touchmove 229 132 0 0 0 turnaround 0
thanks_for_the_quick_turnaround 1580956341962 360 205 touchmove 221 132 0 0 0 turnaround 0
thanks_for_the_quick_turnaround 1580956341980 360 205 touchmove 202 127 0 0 0 turnaround 0
thanks_for_the_quick_turnaround 1580956341995 360 205 touchmove 172 117 0 0 0 turnaround 0
thanks_for_the_quick_turnaround 1580956342013 360 205 touchmove 157 111 0 0 0 turnaround 0
thanks_for_the_quick_turnaround 1580956342029 360 205 touchmove 132 103 0 0 0 turnaround 0
thanks_for_the_quick_turnaround 1580956342046 360 205 touchmove 117 97 0 0 0 turnaround 0
thanks_for_the_quick_turnaround 1580956342065 360 205 touchmove 111 93 0 0 0 turnaround 0
thanks_for_the_quick_turnaround 1580956342081 360 205 touchmove 109 91 0 0 0 turnaround 0
thanks_for_the_quick_turnaround 1580956342096 360 205 touchmove 109 90 0 0 0 turnaround 0
thanks_for_the_quick_turnaround 1580956342110 360 205 touchend 109 90 0 0 0 turnaround 0
mating_data_bodies_hungarian 1580956346580 360 205 touchstart 286 151 0 0 0 mating 0
mating_data_bodies_hungarian 1580956346611 360 205 touchmove 283 150 0 0 0 mating 0
mating_data_bodies_hungarian 1580956346620 360 205 touchmove 280 149 0 0 0 mating 0
mating_data_bodies_hungarian 1580956346637 360 205 touchmove 276 148 0 0 0 mating 0
mating_data_bodies_hungarian 1580956346653 360 205 touchmove 263 145 0 0 0 mating 0
mating_data_bodies_hungarian 1580956346670 360 205 touchmove 244 141 0 0 0 mating 0
mating_data_bodies_hungarian 1580956346686 360 205 touchmove 230 138 0 0 0 mating 0
mating_data_bodies_hungarian 1580956346703 360 205 touchmove 203 132 0 0 0 mating 0
mating_data_bodies_hungarian 1580956346721 360 205 touchmove 176 126 0 0 0 mating 0
mating_data_bodies_hungarian 1580956346736 360 205 touchmove 164 123 0 0 0 mating 0
mating_data_bodies_hungarian 1580956346754 360 205 touchmove 145 118 0 0 0 mating 0
mating_data_bodies_hungarian 1580956346769 360 205 touchmove 126 114 0 0 0 mating 0
mating_data_bodies_hungarian 1580956346786 360 205 touchmove 118 111 0 0 0 mating 0
mating_data_bodies_hungarian 1580956346805 360 205 touchmove 102 106 0 0 0 mating 0
mating_data_bodies_hungarian 1580956346821 360 205 touchmove 90 101 0 0 0 mating 0
mating_data_bodies_hungarian 1580956346838 360 205 touchmove 79 95 0 0 0 mating 0
mating_data_bodies_hungarian 1580956346853 360 205 touchmove 76 93 0 0 0 mating 0
mating_data_bodies_hungarian 1580956346869 360 205 touchmove 71 87 0 0 0 mating 0
mating_data_bodies_hungarian 1580956346888 360 205 touchmove 70 82 0 0 0 mating 0
mating_data_bodies_hungarian 1580956346904 360 205 touchmove 70 81 0 0 0 mating 0
mating_data_bodies_hungarian 1580956346920 360 205 touchmove 72 78 0 0 0 mating 0
mating_data_bodies_hungarian 1580956346937 360 205 touchmove 91 70 0 0 0 mating 0
mating_data_bodies_hungarian 1580956346953 360 205 touchmove 108 65 0 0 0 mating 0
mating_data_bodies_hungarian 1580956346971 360 205 touchmove 141 55 0 0 0 mating 0
mating_data_bodies_hungarian 1580956346989 360 205 touchmove 173 46 0 0 0 mating 0
mating_data_bodies_hungarian 1580956347006 360 205 touchmove 188 43 0 0 0 mating 0
mating_data_bodies_hungarian 1580956347023 360 205 touchmove 218 40 0 0 0 mating 0
mating_data_bodies_hungarian 1580956347036 360 205 touchmove 242 40 0 0 0 mating 0
mating_data_bodies_hungarian 1580956347053 360 205 touchmove 251 43 0 0 0 mating 0
mating_data_bodies_hungarian 1580956347072 360 205 touchmove 266 47 0 0 0 mating 0
mating_data_bodies_hungarian 1580956347087 360 205 touchmove 273 52 0 0 0 mating 0
mating_data_bodies_hungarian 1580956347104 360 205 touchmove 274 53 0 0 0 mating 0
mating_data_bodies_hungarian 1580956347121 360 205 touchmove 276 59 0 0 0 mating 0
mating_data_bodies_hungarian 1580956347137 360 205 touchmove 275 74 0 0 0 mating 0
mating_data_bodies_hungarian 1580956347154 360 205 touchmove 272 83 0 0 0 mating 0
mating_data_bodies_hungarian 1580956347171 360 205 touchmove 266 99 0 0 0 mating 0
mating_data_bodies_hungarian 1580956347188 360 205 touchmove 256 111 0 0 0 mating 0
mating_data_bodies_hungarian 1580956347204 360 205 touchmove 242 119 0 0 0 mating 0
mating_data_bodies_hungarian 1580956347220 360 205 touchmove 234 122 0 0 0 mating 0
mating_data_bodies_hungarian 1580956347236 360 205 touchmove 217 124 0 0 0 mating 0
mating_data_bodies_hungarian 1580956347254 360 205 touchmove 201 123 0 0 0 mating 0
mating_data_bodies_hungarian 1580956347273 360 205 touchmove 194 120 0 0 0 mating 0
mating_data_bodies_hungarian 1580956347288 360 205 touchmove 180 113 0 0 0 mating 0
mating_data_bodies_hungarian 1580956347305 360 205 touchmove 165 99 0 0 0 mating 0
mating_data_bodies_hungarian 1580956347322 360 205 touchmove 159 90 0 0 0 mating 0
mating_data_bodies_hungarian 1580956347339 360 205 touchmove 151 74 0 0 0 mating 0
mating_data_bodies_hungarian 1580956347356 360 205 touchmove 150 60 0 0 0 mating 0
mating_data_bodies_hungarian 1580956347364 360 205 touchend 150 60 0 0 0 mating 0
mating_data_bodies_hungarian 1580956347682 360 205 touchmove 116 80 0 0 0 data 0
mating_data_bodies_hungarian 1580956347703 360 205 touchmove 112 80 0 0 0 data 0
mating_data_bodies_hungarian 1580956347725 360 205 touchmove 109 80 0 0 0 data 0
mating_data_bodies_hungarian 1580956347736 360 205 touchmove 99 81 0 0 0 data 0
mating_data_bodies_hungarian 1580956347754 360 205 touchmove 85 81 0 0 0 data 0
mating_data_bodies_hungarian 1580956347770 360 205 touchmove 69 83 0 0 0 data 0
mating_data_bodies_hungarian 1580956347786 360 205 touchmove 61 83 0 0 0 data 0
mating_data_bodies_hungarian 1580956347803 360 205 touchmove 49 84 0 0 0 data 0
mating_data_bodies_hungarian 1580956347820 360 205 touchmove 39 85 0 0 0 data 0
mating_data_bodies_hungarian 1580956347836 360 205 touchmove 36 85 0 0 0 data 0
mating_data_bodies_hungarian 1580956347853 360 205 touchmove 32 84 0 0 0 data 0
mating_data_bodies_hungarian 1580956347869 360 205 touchmove 32 84 0 0 0 data 0
mating_data_bodies_hungarian 1580956347886 360 205 touchmove 32 84 0 0 0 data 0
mating_data_bodies_hungarian 1580956347903 360 205 touchmove 33 82 0 0 0 data 0
mating_data_bodies_hungarian 1580956347919 360 205 touchmove 46 78 0 0 0 data 0
mating_data_bodies_hungarian 1580956347937 360 205 touchmove 56 76 0 0 0 data 0
mating_data_bodies_hungarian 1580956347954 360 205 touchmove 74 73 0 0 0 data 0
mating_data_bodies_hungarian 1580956347970 360 205 touchmove 91 73 0 0 0 data 0
mating_data_bodies_hungarian 1580956347987 360 205 touchmove 97 74 0 0 0 data 0
mating_data_bodies_hungarian 1580956348004 360 205 touchmove 106 73 0 0 0 data 0
mating_data_bodies_hungarian 1580956348016 360 205 touchmove 109 72 0 0 0 data 0
mating_data_bodies_hungarian 1580956348020 360 205 touchend 109 72 0 0 0 data 0
mating_data_bodies_hungarian 1580956348512 360 205 touchstart 200 152 0 0 0 bodies 0
mating_data_bodies_hungarian 1580956348571 360 205 touchmove 213 148 0 0 0 bodies 0
mating_data_bodies_hungarian 1580956348588 360 205 touchmove 228 139 0 0 0 bodies 0
mating_data_bodies_hungarian 1580956348605 360 205 touchmove 236 132 0 0 0 bodies 0
mating_data_bodies_hungarian 1580956348621 360 205 touchmove 249 119 0 0 0 bodies 0
mating_data_bodies_hungarian 1580956348638 360 205 touchmove 258 107 0 0 0 bodies 0
mating_data_bodies_hungarian 1580956348656 360 205 touchmove 261 101 0 0 0 bodies 0
mating_data_bodies_hungarian 1580956348672 360 205 touchmove 266 90 0 0 0 bodies 0
mating_data_bodies_hungarian 1580956348688 360 205 touchmove 267 79 0 0 0 bodies 0
mating_data_bodies_hungarian 1580956348706 360 205 touchmove 267 75 0 0 0 bodies 0
mating_data_bodies_hungarian 1580956348723 360 205 touchmove 267 69 0 0 0 bodies 0
mating_data_bodies_hungarian 1580956348739 360 205 touchmove 264 64 0 0 0 bodies 0
mating_data_bodies_hungarian 1580956348755 360 205 touchmove 260 57 0 0 0 bodies 0
mating_data_bodies_hungarian 1580956348772 360 205 touchmove 257 53 0 0 0 bodies 0
mating_data_bodies_hungarian 1580956348789 360 205 touchmove 249 43 0 0 0 bodies 0
mating_data_bodies_hungarian 1580956348805 360 205 touchmove 239 35 0 0 0 bodies 0
mating_data_bodies_hungarian 1580956348822 360 205 touchmove 234 31 0 0 0 bodies 0
mating_data_bodies_hungarian 1580956348838 360 205 touchmove 224 26 0 0 0 bodies 0
mating_data_bodies_hungarian 1580956348855 360 205 touchmove 215 26 0 0 0 bodies 0
mating_data_bodies_hungarian 1580956348872 360 205 touchmove 213 26 0 0 0 bodies 0
mating_data_bodies_hungarian 1580956348902 360 205 touchmove 187 41 0 0 0 bodies 0
mating_data_bodies_hungarian 1580956348926 360 205 touchmove 158 67 0 0 0 bodies 0
mating_data_bodies_hungarian 1580956348950 360 205 touchmove 150 74 0 0 0 bodies 0
mating_data_bodies_hungarian 1580956348973 360 205 touchmove 129 89 0 0 0 bodies 0
mating_data_bodies_hungarian 1580956348992 360 205 touchmove 114 93 0 0 0 bodies 0
mating_data_bodies_hungarian 1580956349024 360 205 touchmove 107 89 0 0 0 bodies 0
mating_data_bodies_hungarian 1580956349038 360 205 touchmove 107 86 0 0 0 bodies 0
mating_data_bodies_hungarian 1580956349054 360 205 touchmove 108 84 0 0 0 bodies 0
mating_data_bodies_hungarian 1580956349071 360 205 touchmove 113 81 0 0 0 bodies 0
mating_data_bodies_hungarian 1580956349088 360 205 touchmove 124 75 0 0 0 bodies 0
mating_data_bodies_hungarian 1580956349105 360 205 touchmove 154 66 0 0 0 bodies 0
mating_data_bodies_hungarian 1580956349122 360 205 touchmove 181 61 0 0 0 bodies 0
mating_data_bodies_hungarian 1580956349139 360 205 touchmove 193 60 0 0 0 bodies 0
mating_data_bodies_hungarian 1580956349155 360 205 touchmove 211 57 0 0 0 bodies 0
mating_data_bodies_hungarian 1580956349171 360 205 touchmove 223 53 0 0 0 bodies 0
mating_data_bodies_hungarian 1580956349188 360 205 touchmove 228 50 0 0 0 bodies 0
mating_data_bodies_hungarian 1580956349205 360 205 touchmove 234 46 0 0 0 bodies 0
mating_data_bodies_hungarian 1580956349222 360 205 touchmove 238 41 0 0 0 bodies 0
mating_data_bodies_hungarian 1580956349238 360 205 touchmove 237 38 0 0 0 bodies 0
mating_data_bodies_hungarian 1580956349254 360 205 touchmove 236 37 0 0 0 bodies 0
mating_data_bodies_hungarian 1580956349272 360 205 touchmove 228 30 0 0 0 bodies 0
mating_data_bodies_hungarian 1580956349289 360 205 touchmove 219 23 0 0 0 bodies 0
mating_data_bodies_hungarian 1580956349306 360 205 touchmove 200 12 0 0 0 bodies 0
mating_data_bodies_hungarian 1580956349323 360 205 touchmove 181 9 0 0 0 bodies 0
mating_data_bodies_hungarian 1580956349338 360 205 touchmove 166 10 0 0 0 bodies 0
mating_data_bodies_hungarian 1580956349355 360 205 touchmove 159 12 0 0 0 bodies 0
mating_data_bodies_hungarian 1580956349372 360 205 touchmove 140 20 0 0 0 bodies 0
mating_data_bodies_hungarian 1580956349388 360 205 touchmove 120 36 0 0 0 bodies 0
mating_data_bodies_hungarian 1580956349406 360 205 touchmove 112 44 0 0 0 bodies 0
mating_data_bodies_hungarian 1580956349422 360 205 touchmove 102 56 0 0 0 bodies 0
mating_data_bodies_hungarian 1580956349439 360 205 touchmove 98 63 0 0 0 bodies 0
mating_data_bodies_hungarian 1580956349455 360 205 touchmove 96 67 0 0 0 bodies 0
mating_data_bodies_hungarian 1580956349472 360 205 touchmove 96 70 0 0 0 bodies 0
mating_data_bodies_hungarian 1580956349489 360 205 touchmove 95 77 0 0 0 bodies 0
mating_data_bodies_hungarian 1580956349507 360 205 touchmove 94 90 0 0 0 bodies 0
mating_data_bodies_hungarian 1580956349515 360 205 touchend 94 90 0 0 0 bodies 0
mating_data_bodies_hungarian 1580956350176 360 205 touchstart 208 87 0 0 0 hungarian 1
mating_data_bodies_hungarian 1580956350257 360 205 touchmove 214 74 0 0 0 hungarian 1
mating_data_bodies_hungarian 1580956350275 360 205 touchmove 221 58 0 0 0 hungarian 1
mating_data_bodies_hungarian 1580956350291 360 205 touchmove 227 43 0 0 0 hungarian 1
mating_data_bodies_hungarian 1580956350307 360 205 touchmove 230 36 0 0 0 hungarian 1
mating_data_bodies_hungarian 1580956350323 360 205 touchmove 234 25 0 0 0 hungarian 1
mating_data_bodies_hungarian 1580956350340 360 205 touchmove 237 16 0 0 0 hungarian 1
mating_data_bodies_hungarian 1580956350358 360 205 touchmove 238 13 0 0 0 hungarian 1
mating_data_bodies_hungarian 1580956350374 360 205 touchmove 240 8 0 0 0 hungarian 1
mating_data_bodies_hungarian 1580956350440 360 205 touchmove 240 9 0 0 0 hungarian 1
mating_data_bodies_hungarian 1580956350458 360 205 touchmove 242 16 0 0 0 hungarian 1
mating_data_bodies_hungarian 1580956350474 360 205 touchmove 243 29 0 0 0 hungarian 1
mating_data_bodies_hungarian 1580956350491 360 205 touchmove 244 65 0 0 0 hungarian 1
mating_data_bodies_hungarian 1580956350508 360 205 touchmove 244 81 0 0 0 hungarian 1
mating_data_bodies_hungarian 1580956350525 360 205 touchmove 244 108 0 0 0 hungarian 1
mating_data_bodies_hungarian 1580956350542 360 205 touchmove 246 127 0 0 0 hungarian 1
mating_data_bodies_hungarian 1580956350558 360 205 touchmove 246 138 0 0 0 hungarian 1
mating_data_bodies_hungarian 1580956350574 360 205 touchmove 246 140 0 0 0 hungarian 1
mating_data_bodies_hungarian 1580956350640 360 205 touchmove 233 141 0 0 0 hungarian 1
mating_data_bodies_hungarian 1580956350658 360 205 touchmove 221 133 0 0 0 hungarian 1
mating_data_bodies_hungarian 1580956350677 360 205 touchmove 209 122 0 0 0 hungarian 1
mating_data_bodies_hungarian 1580956350691 360 205 touchmove 204 117 0 0 0 hungarian 1
mating_data_bodies_hungarian 1580956350707 360 205 touchmove 195 106 0 0 0 hungarian 1
mating_data_bodies_hungarian 1580956350724 360 205 touchmove 190 101 0 0 0 hungarian 1
mating_data_bodies_hungarian 1580956350743 360 205 touchmove 182 91 0 0 0 hungarian 1
mating_data_bodies_hungarian 1580956350757 360 205 touchmove 175 82 0 0 0 hungarian 1
mating_data_bodies_hungarian 1580956350774 360 205 touchmove 172 75 0 0 0 hungarian 1
mating_data_bodies_hungarian 1580956350791 360 205 touchmove 171 74 0 0 0 hungarian 1
mating_data_bodies_hungarian 1580956350807 360 205 touchmove 170 72 0 0 0 hungarian 1
mating_data_bodies_hungarian 1580956350842 360 205 touchmove 180 79 0 0 0 hungarian 1
mating_data_bodies_hungarian 1580956350858 360 205 touchmove 189 86 0 0 0 hungarian 1
mating_data_bodies_hungarian 1580956350875 360 205 touchmove 203 98 0 0 0 hungarian 1
mating_data_bodies_hungarian 1580956350892 360 205 touchmove 209 102 0 0 0 hungarian 1
mating_data_bodies_hungarian 1580956350910 360 205 touchmove 218 106 0 0 0 hungarian 1
mating_data_bodies_hungarian 1580956350925 360 205 touchmove 225 105 0 0 0 hungarian 1
mating_data_bodies_hungarian 1580956350941 360 205 touchmove 236 100 0 0 0 hungarian 1
mating_data_bodies_hungarian 1580956350958 360 205 touchmove 243 94 0 0 0 hungarian 1
mating_data_bodies_hungarian 1580956350976 360 205 touchmove 258 81 0 0 0 hungarian 1
mating_data_bodies_hungarian 1580956350991 360 205 touchmove 267 67 0 0 0 hungarian 1
mating_data_bodies_hungarian 1580956351010 360 205 touchmove 271 57 0 0 0 hungarian 1
mating_data_bodies_hungarian 1580956351025 360 205 touchmove 272 51 0 0 0 hungarian 1
mating_data_bodies_hungarian 1580956351080 360 205 touchmove 273 43 0 0 0 hungarian 1
mating_data_bodies_hungarian 1580956351091 360 205 touchmove 272 34 0 0 0 hungarian 1
mating_data_bodies_hungarian 1580956351109 360 205 touchmove 271 33 0 0 0 hungarian 1
mating_data_bodies_hungarian 1580956351124 360 205 touchmove 270 30 0 0 0 hungarian 1
mating_data_bodies_hungarian 1580956351142 360 205 touchmove 268 28 0 0 0 hungarian 1
mating_data_bodies_hungarian 1580956351160 360 205 touchmove 266 27 0 0 0 hungarian 1
mating_data_bodies_hungarian 1580956351175 360 205 touchmove 264 27 0 0 0 hungarian 1
mating_data_bodies_hungarian 1580956351193 360 205 touchmove 261 28 0 0 0 hungarian 1
mating_data_bodies_hungarian 1580956351208 360 205 touchmove 259 29 0 0 0 hungarian 1
mating_data_bodies_hungarian 1580956351226 360 205 touchmove 255 32 0 0 0 hungarian 1
mating_data_bodies_hungarian 1580956351242 360 205 touchmove 253 41 0 0 0 hungarian 1
mating_data_bodies_hungarian 1580956351259 360 205 touchmove 251 60 0 0 0 hungarian 1
mating_data_bodies_hungarian 1580956351276 360 205 touchmove 251 70 0 0 0 hungarian 1
mating_data_bodies_hungarian 1580956351292 360 205 touchmove 249 88 0 0 0 hungarian 1
mating_data_bodies_hungarian 1580956351309 360 205 touchmove 246 101 0 0 0 hungarian 1
mating_data_bodies_hungarian 1580956351325 360 205 touchmove 245 105 0 0 0 hungarian 1
mating_data_bodies_hungarian 1580956351343 360 205 touchmove 239 113 0 0 0 hungarian 1
mating_data_bodies_hungarian 1580956351360 360 205 touchmove 231 118 0 0 0 hungarian 1
mating_data_bodies_hungarian 1580956351376 360 205 touchmove 226 120 0 0 0 hungarian 1
mating_data_bodies_hungarian 1580956351391 360 205 touchmove 214 121 0 0 0 hungarian 1
mating_data_bodies_hungarian 1580956351408 360 205 touchmove 198 120 0 0 0 hungarian 1
mating_data_bodies_hungarian 1580956351425 360 205 touchmove 188 118 0 0 0 hungarian 1
mating_data_bodies_hungarian 1580956351443 360 205 touchmove 166 115 0 0 0 hungarian 1
mating_data_bodies_hungarian 1580956351460 360 205 touchmove 147 111 0 0 0 hungarian 1
mating_data_bodies_hungarian 1580956351475 360 205 touchmove 130 104 0 0 0 hungarian 1
mating_data_bodies_hungarian 1580956351493 360 205 touchmove 123 101 0 0 0 hungarian 1
mating_data_bodies_hungarian 1580956351510 360 205 touchmove 113 94 0 0 0 hungarian 1
mating_data_bodies_hungarian 1580956351527 360 205 touchmove 108 88 0 0 0 hungarian 1
mating_data_bodies_hungarian 1580956351543 360 205 touchmove 107 85 0 0 0 hungarian 1
mating_data_bodies_hungarian 1580956351560 360 205 touchmove 106 81 0 0 0 hungarian 1
mating_data_bodies_hungarian 1580956351575 360 205 touchmove 106 79 0 0 0 hungarian 1
mating_data_bodies_hungarian 1580956351603 360 205 touchmove 107 79 0 0 0 hungarian 1
mating_data_bodies_hungarian 1580956351614 360 205 touchend 107 79 0 0 0 hungarian 1
mating_data_bodies_hungarian 1580956353241 360 205 touchstart 212 91 0 0 0 hungarian 0
mating_data_bodies_hungarian 1580956353327 360 205 touchmove 213 83 0 0 0 hungarian 0
mating_data_bodies_hungarian 1580956353343 360 205 touchmove 214 74 0 0 0 hungarian 0
mating_data_bodies_hungarian 1580956353361 360 205 touchmove 216 65 0 0 0 hungarian 0
mating_data_bodies_hungarian 1580956353377 360 205 touchmove 217 60 0 0 0 hungarian 0
mating_data_bodies_hungarian 1580956353394 360 205 touchmove 219 47 0 0 0 hungarian 0
mating_data_bodies_hungarian 1580956353411 360 205 touchmove 222 36 0 0 0 hungarian 0
mating_data_bodies_hungarian 1580956353428 360 205 touchmove 223 31 0 0 0 hungarian 0
mating_data_bodies_hungarian 1580956353448 360 205 touchmove 225 22 0 0 0 hungarian 0
mating_data_bodies_hungarian 1580956353463 360 205 touchmove 227 14 0 0 0 hungarian 0
mating_data_bodies_hungarian 1580956353477 360 205 touchmove 229 12 0 0 0 hungarian 0
mating_data_bodies_hungarian 1580956353494 360 205 touchmove 230 7 0 0 0 hungarian 0
mating_data_bodies_hungarian 1580956353511 360 205 touchmove 232 3 0 0 0 hungarian 0
mating_data_bodies_hungarian 1580956353528 360 205 touchmove 232 2 0 0 0 hungarian 0
mating_data_bodies_hungarian 1580956353544 360 205 touchmove 233 2 0 0 0 hungarian 0
mating_data_bodies_hungarian 1580956353581 360 205 touchmove 235 9 0 0 0 hungarian 0
mating_data_bodies_hungarian 1580956353594 360 205 touchmove 236 21 0 0 0 hungarian 0
mating_data_bodies_hungarian 1580956353611 360 205 touchmove 238 55 0 0 0 hungarian 0
mating_data_bodies_hungarian 1580956353630 360 205 touchmove 238 73 0 0 0 hungarian 0
mating_data_bodies_hungarian 1580956353644 360 205 touchmove 239 102 0 0 0 hungarian 0
mating_data_bodies_hungarian 1580956353660 360 205 touchmove 241 122 0 0 0 hungarian 0
mating_data_bodies_hungarian 1580956353678 360 205 touchmove 241 133 0 0 0 hungarian 0
mating_data_bodies_hungarian 1580956353694 360 205 touchmove 241 135 0 0 0 hungarian 0
mating_data_bodies_hungarian 1580956353712 360 205 touchmove 241 135 0 0 0 hungarian 0
mating_data_bodies_hungarian 1580956353730 360 205 touchmove 241 136 0 0 0 hungarian 0
mating_data_bodies_hungarian 1580956353746 360 205 touchmove 240 136 0 0 0 hungarian 0
mating_data_bodies_hungarian 1580956353762 360 205 touchmove 239 135 0 0 0 hungarian 0
mating_data_bodies_hungarian 1580956353779 360 205 touchmove 237 135 0 0 0 hungarian 0
mating_data_bodies_hungarian 1580956353795 360 205 touchmove 235 133 0 0 0 hungarian 0
mating_data_bodies_hungarian 1580956353812 360 205 touchmove 229 128 0 0 0 hungarian 0
mating_data_bodies_hungarian 1580956353828 360 205 touchmove 220 120 0 0 0 hungarian 0
mating_data_bodies_hungarian 1580956353846 360 205 touchmove 201 106 0 0 0 hungarian 0
mating_data_bodies_hungarian 1580956353862 360 205 touchmove 192 98 0 0 0 hungarian 0
mating_data_bodies_hungarian 1580956353878 360 205 touchmove 172 85 0 0 0 hungarian 0
mating_data_bodies_hungarian 1580956353895 360 205 touchmove 161 80 0 0 0 hungarian 0
mating_data_bodies_hungarian 1580956353912 360 205 touchmove 143 72 0 0 0 hungarian 0
mating_data_bodies_hungarian 1580956353929 360 205 touchmove 126 68 0 0 0 hungarian 0
mating_data_bodies_hungarian 1580956353944 360 205 touchmove 118 67 0 0 0 hungarian 0
mating_data_bodies_hungarian 1580956353961 360 205 touchmove 103 68 0 0 0 hungarian 0
mating_data_bodies_hungarian 1580956353979 360 205 touchmove 94 70 0 0 0 hungarian 0
mating_data_bodies_hungarian 1580956353995 360 205 touchmove 85 74 0 0 0 hungarian 0
mating_data_bodies_hungarian 1580956354014 360 205 touchmove 81 76 0 0 0 hungarian 0
mating_data_bodies_hungarian 1580956354029 360 205 touchmove 71 81 0 0 0 hungarian 0
mating_data_bodies_hungarian 1580956354044 360 205 touchmove 68 83 0 0 0 hungarian 0
mating_data_bodies_hungarian 1580956354062 360 205 touchmove 61 87 0 0 0 hungarian 0
mating_data_bodies_hungarian 1580956354078 360 205 touchmove 57 89 0 0 0 hungarian 0
mating_data_bodies_hungarian 1580956354096 360 205 touchmove 56 89 0 0 0 hungarian 0
mating_data_bodies_hungarian 1580956354117 360 205 touchmove 57 89 0 0 0 hungarian 0
mating_data_bodies_hungarian 1580956354129 360 205 touchmove 59 87 0 0 0 hungarian 0
mating_data_bodies_hungarian 1580956354147 360 205 touchmove 73 85 0 0 0 hungarian 0
mating_data_bodies_hungarian 1580956354162 360 205 touchmove 88 84 0 0 0 hungarian 0
mating_data_bodies_hungarian 1580956354178 360 205 touchmove 128 78 0 0 0 hungarian 0
mating_data_bodies_hungarian 1580956354195 360 205 touchmove 153 74 0 0 0 hungarian 0
mating_data_bodies_hungarian 1580956354213 360 205 touchmove 201 67 0 0 0 hungarian 0
mating_data_bodies_hungarian 1580956354229 360 205 touchmove 231 64 0 0 0 hungarian 0
mating_data_bodies_hungarian 1580956354246 360 205 touchmove 246 60 0 0 0 hungarian 0
mating_data_bodies_hungarian 1580956354262 360 205 touchmove 251 58 0 0 0 hungarian 0
mating_data_bodies_hungarian 1580956354278 360 205 touchmove 254 55 0 0 0 hungarian 0
mating_data_bodies_hungarian 1580956354295 360 205 touchmove 256 50 0 0 0 hungarian 0
mating_data_bodies_hungarian 1580956354312 360 205 touchmove 257 47 0 0 0 hungarian 0
mating_data_bodies_hungarian 1580956354330 360 205 touchmove 258 39 0 0 0 hungarian 0
mating_data_bodies_hungarian 1580956354345 360 205 touchmove 256 30 0 0 0 hungarian 0
mating_data_bodies_hungarian 1580956354363 360 205 touchmove 254 25 0 0 0 hungarian 0
mating_data_bodies_hungarian 1580956354381 360 205 touchmove 250 15 0 0 0 hungarian 0
mating_data_bodies_hungarian 1580956354395 360 205 touchmove 245 8 0 0 0 hungarian 0
mating_data_bodies_hungarian 1580956354412 360 205 touchmove 242 5 0 0 0 hungarian 0
mating_data_bodies_hungarian 1580956354429 360 205 touchmove 240 3 0 0 0 hungarian 0
mating_data_bodies_hungarian 1580956354478 360 205 touchmove 245 7 0 0 0 hungarian 0
mating_data_bodies_hungarian 1580956354496 360 205 touchmove 258 26 0 0 0 hungarian 0
mating_data_bodies_hungarian 1580956354513 360 205 touchmove 267 47 0 0 0 hungarian 0
mating_data_bodies_hungarian 1580956354531 360 205 touchmove 272 57 0 0 0 hungarian 0
mating_data_bodies_hungarian 1580956354546 360 205 touchmove 276 72 0 0 0 hungarian 0
mating_data_bodies_hungarian 1580956354565 360 205 touchmove 276 81 0 0 0 hungarian 0
mating_data_bodies_hungarian 1580956354580 360 205 touchmove 275 83 0 0 0 hungarian 0
mating_data_bodies_hungarian 1580956354596 360 205 touchmove 273 84 0 0 0 hungarian 0
mating_data_bodies_hungarian 1580956354612 360 205 touchmove 264 84 0 0 0 hungarian 0
mating_data_bodies_hungarian 1580956354630 360 205 touchmove 248 82 0 0 0 hungarian 0
mating_data_bodies_hungarian 1580956354646 360 205 touchmove 210 74 0 0 0 hungarian 0
mating_data_bodies_hungarian 1580956354664 360 205 touchmove 180 67 0 0 0 hungarian 0
mating_data_bodies_hungarian 1580956354681 360 205 touchmove 169 63 0 0 0 hungarian 0
mating_data_bodies_hungarian 1580956354698 360 205 touchmove 152 57 0 0 0 hungarian 0
mating_data_bodies_hungarian 1580956354714 360 205 touchmove 141 52 0 0 0 hungarian 0
mating_data_bodies_hungarian 1580956354729 360 205 touchmove 136 50 0 0 0 hungarian 0
mating_data_bodies_hungarian 1580956354750 360 205 touchmove 131 47 0 0 0 hungarian 0
mating_data_bodies_hungarian 1580956354796 360 205 touchmove 136 46 0 0 0 hungarian 0
mating_data_bodies_hungarian 1580956354813 360 205 touchmove 163 56 0 0 0 hungarian 0
mating_data_bodies_hungarian 1580956354829 360 205 touchmove 191 75 0 0 0 hungarian 0
mating_data_bodies_hungarian 1580956354847 360 205 touchmove 203 85 0 0 0 hungarian 0
mating_data_bodies_hungarian 1580956354864 360 205 touchmove 221 107 0 0 0 hungarian 0
mating_data_bodies_hungarian 1580956354879 360 205 touchmove 233 122 0 0 0 hungarian 0
mating_data_bodies_hungarian 1580956354898 360 205 touchmove 238 129 0 0 0 hungarian 0
mating_data_bodies_hungarian 1580956354914 360 205 touchmove 246 140 0 0 0 hungarian 0
mating_data_bodies_hungarian 1580956354931 360 205 touchmove 252 147 0 0 0 hungarian 0
mating_data_bodies_hungarian 1580956354947 360 205 touchmove 254 149 0 0 0 hungarian 0
mating_data_bodies_hungarian 1580956354963 360 205 touchmove 255 151 0 0 0 hungarian 0
mating_data_bodies_hungarian 1580956354985 360 205 touchend 255 151 0 0 0 hungarian 0
i_will_be_back_friday 1580956359365 360 205 touchstart 269 25 0 0 0 i 0
i_will_be_back_friday 1580956359464 360 205 touchend 269 25 0 0 0 i 0
i_will_be_back_friday 1580956360297 360 205 touchstart 64 85 0 0 0 will 0
i_will_be_back_friday 1580956360321 360 205 touchmove 57 81 0 0 0 will 0
i_will_be_back_friday 1580956360338 360 205 touchmove 51 76 0 0 0 will 0
i_will_be_back_friday 1580956360355 360 205 touchmove 49 74 0 0 0 will 0
i_will_be_back_friday 1580956360371 360 205 touchmove 47 68 0 0 0 will 0
i_will_be_back_friday 1580956360388 360 205 touchmove 48 62 0 0 0 will 0
i_will_be_back_friday 1580956360405 360 205 touchmove 51 59 0 0 0 will 0
i_will_be_back_friday 1580956360422 360 205 touchmove 65 50 0 0 0 will 0
i_will_be_back_friday 1580956360438 360 205 touchmove 95 35 0 0 0 will 0
i_will_be_back_friday 1580956360456 360 205 touchmove 112 28 0 0 0 will 0
i_will_be_back_friday 1580956360472 360 205 touchmove 147 21 0 0 0 will 0
i_will_be_back_friday 1580956360489 360 205 touchmove 182 23 0 0 0 will 0
i_will_be_back_friday 1580956360506 360 205 touchmove 203 29 0 0 0 will 0
i_will_be_back_friday 1580956360522 360 205 touchmove 233 41 0 0 0 will 0
i_will_be_back_friday 1580956360539 360 205 touchmove 255 54 0 0 0 will 0
i_will_be_back_friday 1580956360555 360 205 touchmove 268 63 0 0 0 will 0
i_will_be_back_friday 1580956360573 360 205 touchmove 274 67 0 0 0 will 0
i_will_be_back_friday 1580956360589 360 205 touchmove 283 74 0 0 0 will 0
i_will_be_back_friday 1580956360606 360 205 touchmove 288 78 0 0 0 will 0
i_will_be_back_friday 1580956360622 360 205 touchmove 294 83 0 0 0 will 0
i_will_be_back_friday 1580956360639 360 205 touchmove 299 86 0 0 0 will 0
i_will_be_back_friday 1580956360654 360 205 touchmove 301 87 0 0 0 will 0
i_will_be_back_friday 1580956360672 360 205 touchmove 302 88 0 0 0 will 0
i_will_be_back_friday 1580956360688 360 205 touchmove 304 89 0 0 0 will 0
i_will_be_back_friday 1580956360701 360 205 touchmove 305 90 0 0 0 will 0
i_will_be_back_friday 1580956360704 360 205 touchend 305 90 0 0 0 will 0
i_will_be_back_friday 1580956361304 360 205 touchstart 211 148 0 0 0 be 0
i_will_be_back_friday 1580956361356 360 205 touchmove 206 146 0 0 0 be 0
i_will_be_back_friday 1580956361372 360 205 touchmove 197 140 0 0 0 be 0
i_will_be_back_friday 1580956361390 360 205 touchmove 191 135 0 0 0 be 0
i_will_be_back_friday 1580956361406 360 205 touchmove 179 124 0 0 0 be 0
i_will_be_back_friday 1580956361423 360 205 touchmove 166 109 0 0 0 be 0
i_will_be_back_friday 1580956361440 360 205 touchmove 158 100 0 0 0 be 0
i_will_be_back_friday 1580956361456 360 205 touchmove 143 81 0 0 0 be 0
i_will_be_back_friday 1580956361472 360 205 touchmove 130 63 0 0 0 be 0
i_will_be_back_friday 1580956361490 360 205 touchmove 123 56 0 0 0 be 0
i_will_be_back_friday 1580956361507 360 205 touchmove 113 43 0 0 0 be 0
i_will_be_back_friday 1580956361522 360 205 touchmove 106 36 0 0 0 be 0
i_will_be_back_friday 1580956361539 360 205 touchmove 103 33 0 0 0 be 0
i_will_be_back_friday 1580956361557 360 205 touchmove 101 31 0 0 0 be 0
i_will_be_back_friday 1580956361579 360 205 touchend 101 31 0 0 0 be 0
i_will_be_back_friday 1580956362257 360 205 touchstart 210 148 0 0 0 back 0
i_will_be_back_friday 1580956362302 360 205 touchmove 214 145 0 0 0 back 0
i_will_be_back_friday 1580956362325 360 205 touchmove 229 134 0 0 0 back 0
i_will_be_back_friday 1580956362342 360 205 touchmove 242 123 0 0 0 back 0
i_will_be_back_friday 1580956362358 360 205 touchmove 247 120 0 0 0 back 0
i_will_be_back_friday 1580956362374 360 205 touchmove 251 116 0 0 0 back 0
i_will_be_back_friday 1580956362392 360 205 touchmove 250 116 0 0 0 back 0
i_will_be_back_friday 1580956362409 360 205 touchmove 249 116 0 0 0 back 0
i_will_be_back_friday 1580956362424 360 205 touchmove 239 115 0 0 0 back 0
i_will_be_back_friday 1580956362442 360 205 touchmove 223 111 0 0 0 back 0
i_will_be_back_friday 1580956362458 360 205 touchmove 183 108 0 0 0 back 0
i_will_be_back_friday 1580956362475 360 205 touchmove 143 108 0 0 0 back 0
i_will_be_back_friday 1580956362492 360 205 touchmove 111 109 0 0 0 back 0
i_will_be_back_friday 1580956362509 360 205 touchmove 99 109 0 0 0 back 0
i_will_be_back_friday 1580956362525 360 205 touchmove 82 106 0 0 0 back 0
i_will_be_back_friday 1580956362544 360 205 touchmove 73 101 0 0 0 back 0
i_will_be_back_friday 1580956362559 360 205 touchmove 71 100 0 0 0 back 0
i_will_be_back_friday 1580956362576 360 205 touchmove 71 96 0 0 0 back 0
i_will_be_back_friday 1580956362591 360 205 touchmove 73 96 0 0 0 back 0
i_will_be_back_friday 1580956362607 360 205 touchmove 81 96 0 0 0 back 0
i_will_be_back_friday 1580956362624 360 205 touchmove 117 107 0 0 0 back 0
i_will_be_back_friday 1580956362642 360 205 touchmove 151 123 0 0 0 back 0
i_will_be_back_friday 1580956362659 360 205 touchmove 176 135 0 0 0 back 0
i_will_be_back_friday 1580956362675 360 205 touchmove 186 138 0 0 0 back 0
i_will_be_back_friday 1580956362697 360 205 touchmove 200 138 0 0 0 back 0
i_will_be_back_friday 1580956362709 360 205 touchmove 210 135 0 0 0 back 0
i_will_be_back_friday 1580956362727 360 205 touchmove 238 120 0 0 0 back 0
i_will_be_back_friday 1580956362741 360 205 touchmove 256 105 0 0 0 back 0
i_will_be_back_friday 1580956362757 360 205 touchmove 263 98 0 0 0 back 0
i_will_be_back_friday 1580956362775 360 205 touchmove 275 87 0 0 0 back 0
i_will_be_back_friday 1580956362782 360 205 touchend 275 87 0 0 0 back 0
i_will_be_back_friday 1580956363565 360 205 touchstart 149 92 0 0 0 friday 0
i_will_be_back_friday 1580956363626 360 205 touchmove 144 81 0 0 0 friday 0
i_will_be_back_friday 1580956363643 360 205 touchmove 140 67 0 0 0 friday 0
i_will_be_back_friday 1580956363660 360 205 touchmove 139 57 0 0 0 friday 0
i_will_be_back_friday 1580956363676 360 205 touchmove 137 38 0 0 0 friday 0
i_will_be_back_friday 1580956363692 360 205 touchmove 137 22 0 0 0 friday 0
i_will_be_back_friday 1580956363710 360 205 touchmove 136 15 0 0 0 friday 0
i_will_be_back_friday 1580956363727 360 205 touchmove 137 5 0 0 0 friday 0
i_will_be_back_friday 1580956363744 360 205 touchmove 137 0 0 0 0 friday 0
i_will_be_back_friday 1580956363760 360 205 touchmove 137 -2 0 0 0 friday 0
i_will_be_back_friday 1580956363791 360 205 touchmove 140 0 0 0 0 friday 0
i_will_be_back_friday 1580956363810 360 205 touchmove 148 4 0 0 0 friday 0
i_will_be_back_friday 1580956363828 360 205 touchmove 173 15 0 0 0 friday 0
i_will_be_back_friday 1580956363843 360 205 touchmove 207 29 0 0 0 friday 0
i_will_be_back_friday 1580956363859 360 205 touchmove 238 40 0 0 0 friday 0
i_will_be_back_friday 1580956363879 360 205 touchmove 250 46 0 0 0 friday 0
i_will_be_back_friday 1580956363893 360 205 touchmove 267 50 0 0 0 friday 0
i_will_be_back_friday 1580956363909 360 205 touchmove 276 51 0 0 0 friday 0
i_will_be_back_friday 1580956363926 360 205 touchmove 278 50 0 0 0 friday 0
i_will_be_back_friday 1580956363959 360 205 touchmove 278 50 0 0 0 friday 0
i_will_be_back_friday 1580956363976 360 205 touchmove 276 50 0 0 0 friday 0
i_will_be_back_friday 1580956363993 360 205 touchmove 270 50 0 0 0 friday 0
i_will_be_back_friday 1580956364010 360 205 touchmove 255 49 0 0 0 friday 0
i_will_be_back_friday 1580956364028 360 205 touchmove 220 52 0 0 0 friday 0
i_will_be_back_friday 1580956364044 360 205 touchmove 197 56 0 0 0 friday 0
i_will_be_back_friday 1580956364060 360 205 touchmove 164 67 0 0 0 friday 0
i_will_be_back_friday 1580956364077 360 205 touchmove 138 80 0 0 0 friday 0
i_will_be_back_friday 1580956364093 360 205 touchmove 126 87 0 0 0 friday 0
i_will_be_back_friday 1580956364111 360 205 touchmove 104 100 0 0 0 friday 0
i_will_be_back_friday 1580956364127 360 205 touchmove 87 106 0 0 0 friday 0
i_will_be_back_friday 1580956364144 360 205 touchmove 79 107 0 0 0 friday 0
i_will_be_back_friday 1580956364160 360 205 touchmove 71 106 0 0 0 friday 0
i_will_be_back_friday 1580956364176 360 205 touchmove 64 101 0 0 0 friday 0
i_will_be_back_friday 1580956364194 360 205 touchmove 58 94 0 0 0 friday 0
i_will_be_back_friday 1580956364210 360 205 touchmove 56 92 0 0 0 friday 0
i_will_be_back_friday 1580956364227 360 205 touchmove 54 87 0 0 0 friday 0
i_will_be_back_friday 1580956364244 360 205 touchmove 54 85 0 0 0 friday 0
i_will_be_back_friday 1580956364261 360 205 touchmove 56 84 0 0 0 friday 0
i_will_be_back_friday 1580956364277 360 205 touchmove 77 80 0 0 0 friday 0
i_will_be_back_friday 1580956364294 360 205 touchmove 97 76 0 0 0 friday 0
i_will_be_back_friday 1580956364311 360 205 touchmove 133 70 0 0 0 friday 0
i_will_be_back_friday 1580956364328 360 205 touchmove 163 64 0 0 0 friday 0
i_will_be_back_friday 1580956364344 360 205 touchmove 183 59 0 0 0 friday 0
i_will_be_back_friday 1580956364362 360 205 touchmove 192 58 0 0 0 friday 0
i_will_be_back_friday 1580956364377 360 205 touchmove 203 54 0 0 0 friday 0
i_will_be_back_friday 1580956364384 360 205 touchend 203 54 0 0 0 friday 0
