sentence timestamp keyb_width keyb_height event x_pos y_pos x_radius y_radius angle word is_err
fioricet_cambridge_article_retention 1583143365402 360 232 touchstart 232 31 1 1 0 fioricet 1
fioricet_cambridge_article_retention 1583143365494 360 232 touchmove 232 31 1.25 1.25 0 fioricet 1
fioricet_cambridge_article_retention 1583143365512 360 232 touchmove 228 30 1.75 1.75 0 fioricet 1
fioricet_cambridge_article_retention 1583143365527 360 232 touchmove 222 29 1.25 1.25 0 fioricet 1
fioricet_cambridge_article_retention 1583143365543 360 232 touchmove 210 28 1.5 1.5 0 fioricet 1
fioricet_cambridge_article_retention 1583143365560 360 232 touchmove 196 27 1.5 1.5 0 fioricet 1
fioricet_cambridge_article_retention 1583143365574 360 232 touchmove 182 27 1.5 1.5 0 fioricet 1
fioricet_cambridge_article_retention 1583143365591 360 232 touchmove 163 30 1.5 1.5 0 fioricet 1
fioricet_cambridge_article_retention 1583143365608 360 232 touchmove 139 37 1.5 1.5 0 fioricet 1
fioricet_cambridge_article_retention 1583143365625 360 232 touchmove 118 47 1.5 1.5 0 fioricet 1
fioricet_cambridge_article_retention 1583143365641 360 232 touchmove 104 59 1.5 1.5 0 fioricet 1
fioricet_cambridge_article_retention 1583143365658 360 232 touchmove 96 68 1.5 1.5 0 fioricet 1
fioricet_cambridge_article_retention 1583143365675 360 232 touchmove 90 77 1.5 1.5 0 fioricet 1
fioricet_cambridge_article_retention 1583143365690 360 232 touchmove 86 85 1.5 1.5 0 fioricet 1
fioricet_cambridge_article_retention 1583143365710 360 232 touchmove 82 93 1.5 1.5 0 fioricet 1
fioricet_cambridge_article_retention 1583143365729 360 232 touchmove 75 107 1.75 1.75 0 fioricet 1
fioricet_cambridge_article_retention 1583143365743 360 232 touchmove 74 112 1.5 1.5 0 fioricet 1
fioricet_cambridge_article_retention 1583143365757 360 232 touchmove 72 120 1.5 1.5 0 fioricet 1
fioricet_cambridge_article_retention 1583143365774 360 232 touchmove 71 128 1.5 1.5 0 fioricet 1
fioricet_cambridge_article_retention 1583143365792 360 232 touchmove 71 136 1.5 1.5 0 fioricet 1
fioricet_cambridge_article_retention 1583143365808 360 232 touchmove 71 142 1.5 1.5 0 fioricet 1
fioricet_cambridge_article_retention 1583143365824 360 232 touchmove 71 147 1.5 1.5 0 fioricet 1
fioricet_cambridge_article_retention 1583143365841 360 232 touchmove 72 151 1.5 1.5 0 fioricet 1
fioricet_cambridge_article_retention 1583143365858 360 232 touchmove 72 154 1.5 1.5 0 fioricet 1
fioricet_cambridge_article_retention 1583143365874 360 232 touchmove 72 158 1.5 1.5 0 fioricet 1
fioricet_cambridge_article_retention 1583143365891 360 232 touchmove 71 162 1.5 1.5 0 fioricet 1
fioricet_cambridge_article_retention 1583143365908 360 232 touchmove 72 166 1.5 1.5 0 fioricet 1
fioricet_cambridge_article_retention 1583143365925 360 232 touchmove 72 170 1.5 1.5 0 fioricet 1
fioricet_cambridge_article_retention 1583143365943 360 232 touchmove 72 173 1.5 1.5 0 fioricet 1
fioricet_cambridge_article_retention 1583143365958 360 232 touchmove 72 176 1.5 1.5 0 fioricet 1
fioricet_cambridge_article_retention 1583143365974 360 232 touchmove 72 177 1.5 1.5 0 fioricet 1
fioricet_cambridge_article_retention 1583143365991 360 232 touchmove 72 177 1.5 1.5 0 fioricet 1
fioricet_cambridge_article_retention 1583143366008 360 232 touchmove 72 178 1.5 1.5 0 fioricet 1
fioricet_cambridge_article_retention 1583143366058 360 232 touchmove 73 178 1.5 1.5 0 fioricet 1
fioricet_cambridge_article_retention 1583143366075 360 232 touchmove 73 178 1.5 1.5 0 fioricet 1
fioricet_cambridge_article_retention 1583143366091 360 232 touchmove 73 178 1.5 1.5 0 fioricet 1
fioricet_cambridge_article_retention 1583143366142 360 232 touchmove 72 178 1.5 1.5 0 fioricet 1
fioricet_cambridge_article_retention 1583143366159 360 232 touchmove 70 178 1.5 1.5 0 fioricet 1
fioricet_cambridge_article_retention 1583143366174 360 232 touchmove 65 177 1.5 1.5 0 fioricet 1
fioricet_cambridge_article_retention 1583143366191 360 232 touchmove 59 174 1.5 1.5 0 fioricet 1
fioricet_cambridge_article_retention 1583143366209 360 232 touchmove 53 171 1.5 1.5 0 fioricet 1
fioricet_cambridge_article_retention 1583143366227 360 232 touchmove 49 168 1.5 1.5 0 fioricet 1
fioricet_cambridge_article_retention 1583143366242 360 232 touchmove 46 165 1.5 1.5 0 fioricet 1
fioricet_cambridge_article_retention 1583143366259 360 232 touchmove 42 161 1.5 1.5 0 fioricet 1
fioricet_cambridge_article_retention 1583143366276 360 232 touchmove 38 154 1.5 1.5 0 fioricet 1
fioricet_cambridge_article_retention 1583143366291 360 232 touchmove 33 142 1.5 1.5 0 fioricet 1
fioricet_cambridge_article_retention 1583143366308 360 232 touchmove 30 126 1.5 1.5 0 fioricet 1
fioricet_cambridge_article_retention 1583143366325 360 232 touchmove 32 117 1.5 1.5 0 fioricet 1
fioricet_cambridge_article_retention 1583143366341 360 232 touchmove 32 115 1.5 1.5 0 fioricet 1
fioricet_cambridge_article_retention 1583143366358 360 232 touchmove 33 115 1.5 1.5 0 fioricet 1
fioricet_cambridge_article_retention 1583143366374 360 232 touchmove 35 113 1.5 1.5 0 fioricet 1
fioricet_cambridge_article_retention 1583143366392 360 232 touchmove 40 110 1.5 1.5 0 fioricet 1
fioricet_cambridge_article_retention 1583143366408 360 232 touchmove 49 107 1.5 1.5 0 fioricet 1
fioricet_cambridge_article_retention 1583143366427 360 232 touchmove 63 102 1.5 1.5 0 fioricet 1
fioricet_cambridge_article_retention 1583143366442 360 232 touchmove 80 98 1.5 1.5 0 fioricet 1
fioricet_cambridge_article_retention 1583143366458 360 232 touchmove 96 93 1.5 1.5 0 fioricet 1
fioricet_cambridge_article_retention 1583143366475 360 232 touchmove 112 88 1.5 1.5 0 fioricet 1
fioricet_cambridge_article_retention 1583143366491 360 232 touchmove 123 83 1.5 1.5 0 fioricet 1
fioricet_cambridge_article_retention 1583143366508 360 232 touchmove 131 80 1.5 1.5 0 fioricet 1
fioricet_cambridge_article_retention 1583143366524 360 232 touchmove 135 79 1.5 1.5 0 fioricet 1
fioricet_cambridge_article_retention 1583143366541 360 232 touchmove 136 78 1.5 1.5 0 fioricet 1
fioricet_cambridge_article_retention 1583143366558 360 232 touchmove 136 78 1.5 1.5 0 fioricet 1
fioricet_cambridge_article_retention 1583143366574 360 232 touchmove 137 78 1.5 1.5 0 fioricet 1
fioricet_cambridge_article_retention 1583143366591 360 232 touchmove 137 78 1.5 1.5 0 fioricet 1
fioricet_cambridge_article_retention 1583143366692 360 232 touchmove 137 78 1.5 1.5 0 fioricet 1
fioricet_cambridge_article_retention 1583143366708 360 232 touchmove 136 78 1.5 1.5 0 fioricet 1
fioricet_cambridge_article_retention 1583143366724 360 232 touchmove 136 79 1.5 1.5 0 fioricet 1
fioricet_cambridge_article_retention 1583143366742 360 232 touchmove 135 79 1.5 1.5 0 fioricet 1
fioricet_cambridge_article_retention 1583143366757 360 232 touchmove 135 79 1.5 1.5 0 fioricet 1
fioricet_cambridge_article_retention 1583143366774 360 232 touchmove 135 80 1.5 1.5 0 fioricet 1
fioricet_cambridge_article_retention 1583143366790 360 232 touchmove 134 80 1.5 1.5 0 fioricet 1
fioricet_cambridge_article_retention 1583143366811 360 232 touchmove 134 80 1.75 1.75 0 fioricet 1
fioricet_cambridge_article_retention 1583143366824 360 232 touchmove 134 80 1.5 1.5 0 fioricet 1
fioricet_cambridge_article_retention 1583143366841 360 232 touchmove 133 81 1.5 1.5 0 fioricet 1
fioricet_cambridge_article_retention 1583143366857 360 232 touchmove 132 82 1.5 1.5 0 fioricet 1
fioricet_cambridge_article_retention 1583143366875 360 232 touchmove 129 84 1.5 1.5 0 fioricet 1
fioricet_cambridge_article_retention 1583143366890 360 232 touchmove 125 91 1.5 1.5 0 fioricet 1
fioricet_cambridge_article_retention 1583143366906 360 232 touchmove 118 105 1.5 1.5 0 fioricet 1
fioricet_cambridge_article_retention 1583143366923 360 232 touchmove 113 123 1.5 1.5 0 fioricet 1
fioricet_cambridge_article_retention 1583143366939 360 232 touchmove 112 141 1.5 1.5 0 fioricet 1
fioricet_cambridge_article_retention 1583143366956 360 232 touchmove 113 154 1.5 1.5 0 fioricet 1
fioricet_cambridge_article_retention 1583143366973 360 232 touchmove 116 162 1.5 1.5 0 fioricet 1
fioricet_cambridge_article_retention 1583143366989 360 232 touchmove 120 166 1.5 1.5 0 fioricet 1
fioricet_cambridge_article_retention 1583143367006 360 232 touchmove 122 169 1.5 1.5 0 fioricet 1
fioricet_cambridge_article_retention 1583143367022 360 232 touchmove 124 171 1.5 1.5 0 fioricet 1
fioricet_cambridge_article_retention 1583143367040 360 232 touchmove 125 171 1.5 1.5 0 fioricet 1
fioricet_cambridge_article_retention 1583143367056 360 232 touchmove 129 172 1.5 1.5 0 fioricet 1
fioricet_cambridge_article_retention 1583143367073 360 232 touchmove 139 170 1.5 1.5 0 fioricet 1
fioricet_cambridge_article_retention 1583143367090 360 232 touchmove 156 154 1.5 1.5 0 fioricet 1
fioricet_cambridge_article_retention 1583143367106 360 232 touchmove 170 129 1.5 1.5 0 fioricet 1
fioricet_cambridge_article_retention 1583143367124 360 232 touchmove 176 103 1.5 1.5 0 fioricet 1
fioricet_cambridge_article_retention 1583143367139 360 232 touchmove 174 80 1.5 1.5 0 fioricet 1
fioricet_cambridge_article_retention 1583143367156 360 232 touchmove 167 64 1.5 1.5 0 fioricet 1
fioricet_cambridge_article_retention 1583143367173 360 232 touchmove 157 54 1.5 1.5 0 fioricet 1
fioricet_cambridge_article_retention 1583143367189 360 232 touchmove 148 48 1.5 1.5 0 fioricet 1
fioricet_cambridge_article_retention 1583143367206 360 232 touchmove 145 45 1.5 1.5 0 fioricet 1
fioricet_cambridge_article_retention 1583143367224 360 232 touchmove 144 44 1.5 1.5 0 fioricet 1
fioricet_cambridge_article_retention 1583143367242 360 232 touchmove 144 44 1.5 1.5 0 fioricet 1
fioricet_cambridge_article_retention 1583143367256 360 232 touchmove 144 44 1.5 1.5 0 fioricet 1
fioricet_cambridge_article_retention 1583143367273 360 232 touchmove 142 44 1.5 1.5 0 fioricet 1
fioricet_cambridge_article_retention 1583143367289 360 232 touchmove 138 49 1.5 1.5 0 fioricet 1
fioricet_cambridge_article_retention 1583143367306 360 232 touchmove 134 61 1.5 1.5 0 fioricet 1
fioricet_cambridge_article_retention 1583143367322 360 232 touchmove 133 78 1.5 1.5 0 fioricet 1
fioricet_cambridge_article_retention 1583143367339 360 232 touchmove 134 97 1.5 1.5 0 fioricet 1
fioricet_cambridge_article_retention 1583143367355 360 232 touchmove 138 111 1.5 1.5 0 fioricet 1
fioricet_cambridge_article_retention 1583143367372 360 232 touchmove 142 120 1.5 1.5 0 fioricet 1
fioricet_cambridge_article_retention 1583143367389 360 232 touchmove 143 122 1.5 1.5 0 fioricet 1
fioricet_cambridge_article_retention 1583143367406 360 232 touchmove 143 123 1.5 1.5 0 fioricet 1
fioricet_cambridge_article_retention 1583143367422 360 232 touchmove 144 123 1.5 1.5 0 fioricet 1
fioricet_cambridge_article_retention 1583143367439 360 232 touchmove 147 120 1.5 1.5 0 fioricet 1
fioricet_cambridge_article_retention 1583143367456 360 232 touchmove 151 111 1.5 1.5 0 fioricet 1
fioricet_cambridge_article_retention 1583143367472 360 232 touchmove 155 94 1.5 1.5 0 fioricet 1
fioricet_cambridge_article_retention 1583143367489 360 232 touchmove 154 74 1.5 1.5 0 fioricet 1
fioricet_cambridge_article_retention 1583143367506 360 232 touchmove 148 52 1.5 1.5 0 fioricet 1
fioricet_cambridge_article_retention 1583143367523 360 232 touchmove 144 38 1.5 1.5 0 fioricet 1
fioricet_cambridge_article_retention 1583143367539 360 232 touchmove 141 30 1.5 1.5 0 fioricet 1
fioricet_cambridge_article_retention 1583143367555 360 232 touchmove 139 25 1.5 1.5 0 fioricet 1
fioricet_cambridge_article_retention 1583143367573 360 232 touchmove 138 23 1.5 1.5 0 fioricet 1
fioricet_cambridge_article_retention 1583143367589 360 232 touchmove 138 22 1.5 1.5 0 fioricet 1
fioricet_cambridge_article_retention 1583143367609 360 232 touchmove 138 22 2 2 0 fioricet 1
fioricet_cambridge_article_retention 1583143367622 360 232 touchmove 138 22 1.5 1.5 0 fioricet 1
fioricet_cambridge_article_retention 1583143367643 360 232 touchmove 137 23 2 2 0 fioricet 1
fioricet_cambridge_article_retention 1583143367655 360 232 touchmove 136 25 1.5 1.5 0 fioricet 1
fioricet_cambridge_article_retention 1583143367672 360 232 touchmove 133 35 1.5 1.5 0 fioricet 1
fioricet_cambridge_article_retention 1583143367689 360 232 touchmove 129 53 1.5 1.5 0 fioricet 1
fioricet_cambridge_article_retention 1583143367706 360 232 touchmove 126 77 1.5 1.5 0 fioricet 1
fioricet_cambridge_article_retention 1583143367722 360 232 touchmove 127 104 1.5 1.5 0 fioricet 1
fioricet_cambridge_article_retention 1583143367739 360 232 touchmove 132 129 1.5 1.5 0 fioricet 1
fioricet_cambridge_article_retention 1583143367757 360 232 touchmove 138 147 1.5 1.5 0 fioricet 1
fioricet_cambridge_article_retention 1583143367772 360 232 touchmove 143 157 1.5 1.5 0 fioricet 1
fioricet_cambridge_article_retention 1583143367789 360 232 touchmove 147 162 1.5 1.5 0 fioricet 1
fioricet_cambridge_article_retention 1583143367806 360 232 touchmove 149 165 1.5 1.5 0 fioricet 1
fioricet_cambridge_article_retention 1583143367822 360 232 touchmove 151 166 1.5 1.5 0 fioricet 1
fioricet_cambridge_article_retention 1583143367839 360 232 touchmove 154 166 1.5 1.5 0 fioricet 1
fioricet_cambridge_article_retention 1583143367855 360 232 touchmove 162 162 1.5 1.5 0 fioricet 1
fioricet_cambridge_article_retention 1583143367872 360 232 touchmove 181 147 1.5 1.5 0 fioricet 1
fioricet_cambridge_article_retention 1583143367888 360 232 touchmove 199 126 1.5 1.5 0 fioricet 1
fioricet_cambridge_article_retention 1583143367906 360 232 touchmove 212 104 1.5 1.5 0 fioricet 1
fioricet_cambridge_article_retention 1583143367921 360 232 touchmove 214 84 1.5 1.5 0 fioricet 1
fioricet_cambridge_article_retention 1583143367938 360 232 touchmove 209 70 1.5 1.5 0 fioricet 1
fioricet_cambridge_article_retention 1583143367955 360 232 touchmove 203 62 1.5 1.5 0 fioricet 1
fioricet_cambridge_article_retention 1583143367971 360 232 touchmove 201 60 1.5 1.5 0 fioricet 1
fioricet_cambridge_article_retention 1583143367988 360 232 touchmove 198 58 1.5 1.5 0 fioricet 1
fioricet_cambridge_article_retention 1583143368005 360 232 touchmove 196 58 1.5 1.5 0 fioricet 1
fioricet_cambridge_article_retention 1583143368022 360 232 touchmove 193 57 1.5 1.5 0 fioricet 1
fioricet_cambridge_article_retention 1583143368038 360 232 touchmove 184 59 1.5 1.5 0 fioricet 1
fioricet_cambridge_article_retention 1583143368055 360 232 touchmove 163 68 1.5 1.5 0 fioricet 1
fioricet_cambridge_article_retention 1583143368072 360 232 touchmove 138 84 1.5 1.5 0 fioricet 1
fioricet_cambridge_article_retention 1583143368088 360 232 touchmove 121 98 1.5 1.5 0 fioricet 1
fioricet_cambridge_article_retention 1583143368105 360 232 touchmove 112 108 1.5 1.5 0 fioricet 1
fioricet_cambridge_article_retention 1583143368121 360 232 touchmove 110 111 1.5 1.5 0 fioricet 1
fioricet_cambridge_article_retention 1583143368138 360 232 touchmove 109 113 1.5 1.5 0 fioricet 1
fioricet_cambridge_article_retention 1583143368155 360 232 touchmove 108 114 1.5 1.5 0 fioricet 1
fioricet_cambridge_article_retention 1583143368171 360 232 touchmove 108 114 1.5 1.5 0 fioricet 1
fioricet_cambridge_article_retention 1583143368338 360 232 touchmove 109 114 1.5 1.5 0 fioricet 1
fioricet_cambridge_article_retention 1583143368354 360 232 touchmove 111 111 1.5 1.5 0 fioricet 1
fioricet_cambridge_article_retention 1583143368371 360 232 touchmove 116 105 1.5 1.5 0 fioricet 1
fioricet_cambridge_article_retention 1583143368388 360 232 touchmove 122 97 1.5 1.5 0 fioricet 1
fioricet_cambridge_article_retention 1583143368405 360 232 touchmove 127 91 1.5 1.5 0 fioricet 1
fioricet_cambridge_article_retention 1583143368422 360 232 touchmove 131 87 1.5 1.5 0 fioricet 1
fioricet_cambridge_article_retention 1583143368438 360 232 touchmove 132 85 1.5 1.5 0 fioricet 1
fioricet_cambridge_article_retention 1583143368454 360 232 touchmove 134 83 1.5 1.5 0 fioricet 1
fioricet_cambridge_article_retention 1583143368471 360 232 touchmove 136 80 1.5 1.5 0 fioricet 1
fioricet_cambridge_article_retention 1583143368488 360 232 touchmove 138 76 1.5 1.5 0 fioricet 1
fioricet_cambridge_article_retention 1583143368504 360 232 touchmove 141 73 1.5 1.5 0 fioricet 1
fioricet_cambridge_article_retention 1583143368521 360 232 touchmove 144 69 1.5 1.5 0 fioricet 1
fioricet_cambridge_article_retention 1583143368537 360 232 touchmove 147 67 1.5 1.5 0 fioricet 1
fioricet_cambridge_article_retention 1583143368555 360 232 touchmove 148 65 1.5 1.5 0 fioricet 1
fioricet_cambridge_article_retention 1583143368572 360 232 touchmove 150 63 1.5 1.5 0 fioricet 1
fioricet_cambridge_article_retention 1583143368588 360 232 touchmove 151 62 1.5 1.5 0 fioricet 1
fioricet_cambridge_article_retention 1583143368604 360 232 touchmove 151 61 1.5 1.5 0 fioricet 1
fioricet_cambridge_article_retention 1583143368621 360 232 touchmove 151 61 1.5 1.5 0 fioricet 1
fioricet_cambridge_article_retention 1583143368674 360 232 touchmove 150 63 1.5 1.5 0 fioricet 1
fioricet_cambridge_article_retention 1583143368688 360 232 touchmove 144 69 1.5 1.5 0 fioricet 1
fioricet_cambridge_article_retention 1583143368735 360 232 touchmove 135 81 1.5 1.5 0 fioricet 1
fioricet_cambridge_article_retention 1583143368755 360 232 touchmove 109 131 1.5 1.5 0 fioricet 1
fioricet_cambridge_article_retention 1583143368771 360 232 touchmove 108 146 1.5 1.5 0 fioricet 1
fioricet_cambridge_article_retention 1583143368788 360 232 touchmove 111 157 1.5 1.5 0 fioricet 1
fioricet_cambridge_article_retention 1583143368804 360 232 touchmove 115 164 1.5 1.5 0 fioricet 1
fioricet_cambridge_article_retention 1583143368821 360 232 touchmove 118 167 1.5 1.5 0 fioricet 1
fioricet_cambridge_article_retention 1583143368837 360 232 touchmove 121 169 1.5 1.5 0 fioricet 1
fioricet_cambridge_article_retention 1583143368854 360 232 touchmove 122 170 1.5 1.5 0 fioricet 1
fioricet_cambridge_article_retention 1583143368871 360 232 touchmove 125 170 1.5 1.5 0 fioricet 1
fioricet_cambridge_article_retention 1583143368888 360 232 touchmove 131 167 1.5 1.5 0 fioricet 1
fioricet_cambridge_article_retention 1583143368904 360 232 touchmove 140 160 1.5 1.5 0 fioricet 1
fioricet_cambridge_article_retention 1583143368921 360 232 touchmove 151 146 1.5 1.5 0 fioricet 1
fioricet_cambridge_article_retention 1583143368937 360 232 touchmove 160 130 1.5 1.5 0 fioricet 1
fioricet_cambridge_article_retention 1583143368954 360 232 touchmove 163 118 1.5 1.5 0 fioricet 1
fioricet_cambridge_article_retention 1583143368971 360 232 touchmove 162 106 1.5 1.5 0 fioricet 1
fioricet_cambridge_article_retention 1583143368987 360 232 touchmove 158 97 1.5 1.5 0 fioricet 1
fioricet_cambridge_article_retention 1583143369004 360 232 touchmove 153 92 1.5 1.5 0 fioricet 1
fioricet_cambridge_article_retention 1583143369021 360 232 touchmove 148 88 1.5 1.5 0 fioricet 1
fioricet_cambridge_article_retention 1583143369037 360 232 touchmove 143 87 1.5 1.5 0 fioricet 1
fioricet_cambridge_article_retention 1583143369054 360 232 touchmove 136 88 1.5 1.5 0 fioricet 1
fioricet_cambridge_article_retention 1583143369071 360 232 touchmove 130 90 1.5 1.5 0 fioricet 1
fioricet_cambridge_article_retention 1583143369089 360 232 touchmove 126 92 1.5 1.5 0 fioricet 1
fioricet_cambridge_article_retention 1583143369104 360 232 touchmove 124 93 1.5 1.5 0 fioricet 1
fioricet_cambridge_article_retention 1583143369121 360 232 touchmove 124 93 1.5 1.5 0 fioricet 1
fioricet_cambridge_article_retention 1583143369171 360 232 touchmove 124 93 1.5 1.5 0 fioricet 1
fioricet_cambridge_article_retention 1583143369187 360 232 touchmove 128 90 1.5 1.5 0 fioricet 1
fioricet_cambridge_article_retention 1583143369204 360 232 touchmove 139 81 1.5 1.5 0 fioricet 1
fioricet_cambridge_article_retention 1583143369220 360 232 touchmove 153 71 1.5 1.5 0 fioricet 1
fioricet_cambridge_article_retention 1583143369237 360 232 touchmove 165 63 1.5 1.5 0 fioricet 1
fioricet_cambridge_article_retention 1583143369253 360 232 touchmove 173 58 1.5 1.5 0 fioricet 1
fioricet_cambridge_article_retention 1583143369270 360 232 touchmove 175 57 1.5 1.5 0 fioricet 1
fioricet_cambridge_article_retention 1583143369287 360 232 touchmove 176 57 1.5 1.5 0 fioricet 1
fioricet_cambridge_article_retention 1583143369303 360 232 touchmove 177 57 1.5 1.5 0 fioricet 1
fioricet_cambridge_article_retention 1583143369320 360 232 touchmove 179 58 1.5 1.5 0 fioricet 1
fioricet_cambridge_article_retention 1583143369336 360 232 touchmove 183 62 1.5 1.5 0 fioricet 1
fioricet_cambridge_article_retention 1583143369353 360 232 touchmove 186 69 1.5 1.5 0 fioricet 1
fioricet_cambridge_article_retention 1583143369370 360 232 touchmove 187 84 1.5 1.5 0 fioricet 1
fioricet_cambridge_article_retention 1583143369386 360 232 touchmove 184 105 1.5 1.5 0 fioricet 1
fioricet_cambridge_article_retention 1583143369404 360 232 touchmove 178 126 1.5 1.5 0 fioricet 1
fioricet_cambridge_article_retention 1583143369420 360 232 touchmove 171 142 1.5 1.5 0 fioricet 1
fioricet_cambridge_article_retention 1583143369437 360 232 touchmove 167 151 1.5 1.5 0 fioricet 1
fioricet_cambridge_article_retention 1583143369453 360 232 touchmove 165 153 1.5 1.5 0 fioricet 1
fioricet_cambridge_article_retention 1583143369471 360 232 touchmove 165 154 1.5 1.5 0 fioricet 1
fioricet_cambridge_article_retention 1583143369487 360 232 touchmove 164 155 1.5 1.5 0 fioricet 1
fioricet_cambridge_article_retention 1583143369503 360 232 touchmove 164 155 1.5 1.5 0 fioricet 1
fioricet_cambridge_article_retention 1583143369520 360 232 touchmove 165 156 1.5 1.5 0 fioricet 1
fioricet_cambridge_article_retention 1583143369537 360 232 touchmove 178 151 1.5 1.5 0 fioricet 1
fioricet_cambridge_article_retention 1583143369553 360 232 touchmove 195 141 1.5 1.5 0 fioricet 1
fioricet_cambridge_article_retention 1583143369570 360 232 touchmove 210 127 1.5 1.5 0 fioricet 1
fioricet_cambridge_article_retention 1583143369586 360 232 touchmove 220 110 1.5 1.5 0 fioricet 1
fioricet_cambridge_article_retention 1583143369603 360 232 touchmove 223 91 1.5 1.5 0 fioricet 1
fioricet_cambridge_article_retention 1583143369620 360 232 touchmove 220 79 1.5 1.5 0 fioricet 1
fioricet_cambridge_article_retention 1583143369636 360 232 touchmove 216 73 1.5 1.5 0 fioricet 1
fioricet_cambridge_article_retention 1583143369653 360 232 touchmove 214 70 1.5 1.5 0 fioricet 1
fioricet_cambridge_article_retention 1583143369670 360 232 touchmove 212 69 1.5 1.5 0 fioricet 1
fioricet_cambridge_article_retention 1583143369687 360 232 touchmove 211 67 1.5 1.5 0 fioricet 1
fioricet_cambridge_article_retention 1583143369703 360 232 touchmove 210 66 1.5 1.5 0 fioricet 1
fioricet_cambridge_article_retention 1583143369721 360 232 touchmove 209 65 1.5 1.5 0 fioricet 1
fioricet_cambridge_article_retention 1583143369736 360 232 touchmove 209 64 1.5 1.5 0 fioricet 1
fioricet_cambridge_article_retention 1583143369803 360 232 touchmove 208 66 1.5 1.5 0 fioricet 1
fioricet_cambridge_article_retention 1583143369819 360 232 touchmove 205 72 1.5 1.5 0 fioricet 1
fioricet_cambridge_article_retention 1583143369837 360 232 touchmove 202 83 1.5 1.5 0 fioricet 1
fioricet_cambridge_article_retention 1583143369853 360 232 touchmove 199 97 1.5 1.5 0 fioricet 1
fioricet_cambridge_article_retention 1583143369870 360 232 touchmove 198 110 1.5 1.5 0 fioricet 1
fioricet_cambridge_article_retention 1583143369886 360 232 touchmove 198 117 1.5 1.5 0 fioricet 1
fioricet_cambridge_article_retention 1583143369904 360 232 touchmove 198 119 1.5 1.5 0 fioricet 1
fioricet_cambridge_article_retention 1583143369920 360 232 touchmove 198 120 1.5 1.5 0 fioricet 1
fioricet_cambridge_article_retention 1583143369936 360 232 touchmove 198 120 1.5 1.5 0 fioricet 1
fioricet_cambridge_article_retention 1583143369960 360 232 touchmove 197 116 1.5 1.5 0 fioricet 1
fioricet_cambridge_article_retention 1583143369986 360 232 touchmove 196 105 1.5 1.5 0 fioricet 1
fioricet_cambridge_article_retention 1583143370003 360 232 touchmove 202 59 1.5 1.5 0 fioricet 1
fioricet_cambridge_article_retention 1583143370019 360 232 touchmove 207 30 1.5 1.5 0 fioricet 1
fioricet_cambridge_article_retention 1583143370048 360 232 touchmove 210 9 1.5 1.5 0 fioricet 1
fioricet_cambridge_article_retention 1583143370069 360 232 touchmove 209 2 1.5 1.5 0 fioricet 1
fioricet_cambridge_article_retention 1583143370086 360 232 touchmove 209 2 1.5 1.5 0 fioricet 1
fioricet_cambridge_article_retention 1583143370102 360 232 touchmove 209 1 1.5 1.5 0 fioricet 1
fioricet_cambridge_article_retention 1583143370119 360 232 touchmove 207 1 1.5 1.5 0 fioricet 1
fioricet_cambridge_article_retention 1583143370135 360 232 touchmove 200 7 1.5 1.5 0 fioricet 1
fioricet_cambridge_article_retention 1583143370152 360 232 touchmove 185 23 1.5 1.5 0 fioricet 1
fioricet_cambridge_article_retention 1583143370169 360 232 touchmove 167 45 1.5 1.5 0 fioricet 1
fioricet_cambridge_article_retention 1583143370186 360 232 touchmove 148 66 1.5 1.5 0 fioricet 1
fioricet_cambridge_article_retention 1583143370203 360 232 touchmove 129 86 1.5 1.5 0 fioricet 1
fioricet_cambridge_article_retention 1583143370220 360 232 touchmove 109 106 1.5 1.5 0 fioricet 1
fioricet_cambridge_article_retention 1583143370236 360 232 touchmove 91 124 1.5 1.5 0 fioricet 1
fioricet_cambridge_article_retention 1583143370253 360 232 touchmove 80 139 1.5 1.5 0 fioricet 1
fioricet_cambridge_article_retention 1583143370269 360 232 touchmove 73 151 1.5 1.5 0 fioricet 1
fioricet_cambridge_article_retention 1583143370285 360 232 touchmove 71 158 1.5 1.5 0 fioricet 1
fioricet_cambridge_article_retention 1583143370302 360 232 touchmove 71 163 1.5 1.5 0 fioricet 1
fioricet_cambridge_article_retention 1583143370319 360 232 touchmove 71 167 1.5 1.5 0 fioricet 1
fioricet_cambridge_article_retention 1583143370336 360 232 touchmove 73 169 1.5 1.5 0 fioricet 1
fioricet_cambridge_article_retention 1583143370352 360 232 touchmove 76 171 1.75 1.75 0 fioricet 1
fioricet_cambridge_article_retention 1583143370369 360 232 touchmove 84 172 1.75 1.75 0 fioricet 1
fioricet_cambridge_article_retention 1583143370386 360 232 touchmove 99 169 1.75 1.75 0 fioricet 1
fioricet_cambridge_article_retention 1583143370403 360 232 touchmove 118 161 1.75 1.75 0 fioricet 1
fioricet_cambridge_article_retention 1583143370419 360 232 touchmove 137 150 1.75 1.75 0 fioricet 1
fioricet_cambridge_article_retention 1583143370436 360 232 touchmove 155 138 1.75 1.75 0 fioricet 1
fioricet_cambridge_article_retention 1583143370452 360 232 touchmove 171 126 1.75 1.75 0 fioricet 1
fioricet_cambridge_article_retention 1583143370471 360 232 touchmove 184 112 1.75 1.75 0 fioricet 1
fioricet_cambridge_article_retention 1583143370485 360 232 touchmove 193 99 1.75 1.75 0 fioricet 1
fioricet_cambridge_article_retention 1583143370502 360 232 touchmove 198 88 1.5 1.5 0 fioricet 1
fioricet_cambridge_article_retention 1583143370519 360 232 touchmove 201 76 1.5 1.5 0 fioricet 1
fioricet_cambridge_article_retention 1583143370536 360 232 touchmove 202 66 1.5 1.5 0 fioricet 1
fioricet_cambridge_article_retention 1583143370552 360 232 touchmove 202 62 1.5 1.5 0 fioricet 1
fioricet_cambridge_article_retention 1583143370569 360 232 touchmove 201 61 1.5 1.5 0 fioricet 1
fioricet_cambridge_article_retention 1583143370586 360 232 touchmove 201 60 1.5 1.5 0 fioricet 1
fioricet_cambridge_article_retention 1583143370602 360 232 touchmove 201 60 1.5 1.5 0 fioricet 1
fioricet_cambridge_article_retention 1583143370622 360 232 touchmove 200 60 1.5 1.5 0 fioricet 1
fioricet_cambridge_article_retention 1583143370636 360 232 touchmove 199 60 1.5 1.5 0 fioricet 1
fioricet_cambridge_article_retention 1583143370652 360 232 touchmove 197 61 1.5 1.5 0 fioricet 1
fioricet_cambridge_article_retention 1583143370669 360 232 touchmove 193 64 1.5 1.5 0 fioricet 1
fioricet_cambridge_article_retention 1583143370686 360 232 touchmove 191 67 1.5 1.5 0 fioricet 1
fioricet_cambridge_article_retention 1583143370702 360 232 touchmove 190 69 1.5 1.5 0 fioricet 1
fioricet_cambridge_article_retention 1583143370721 360 232 touchmove 190 71 1.5 1.5 0 fioricet 1
fioricet_cambridge_article_retention 1583143370736 360 232 touchmove 190 71 1.5 1.5 0 fioricet 1
fioricet_cambridge_article_retention 1583143370752 360 232 touchmove 190 71 1.5 1.5 0 fioricet 1
fioricet_cambridge_article_retention 1583143370769 360 232 touchmove 191 72 1.5 1.5 0 fioricet 1
fioricet_cambridge_article_retention 1583143370785 360 232 touchmove 193 72 1.5 1.5 0 fioricet 1
fioricet_cambridge_article_retention 1583143370802 360 232 touchmove 194 73 1.5 1.5 0 fioricet 1
fioricet_cambridge_article_retention 1583143370819 360 232 touchmove 194 73 1.5 1.5 0 fioricet 1
fioricet_cambridge_article_retention 1583143370835 360 232 touchmove 195 73 1.5 1.5 0 fioricet 1
fioricet_cambridge_article_retention 1583143370852 360 232 touchmove 195 73 1.5 1.5 0 fioricet 1
fioricet_cambridge_article_retention 1583143370869 360 232 touchmove 196 74 1.5 1.5 0 fioricet 1
fioricet_cambridge_article_retention 1583143370885 360 232 touchmove 196 79 1.5 1.5 0 fioricet 1
fioricet_cambridge_article_retention 1583143370902 360 232 touchmove 193 90 1.5 1.5 0 fioricet 1
fioricet_cambridge_article_retention 1583143370919 360 232 touchmove 185 109 1.5 1.5 0 fioricet 1
fioricet_cambridge_article_retention 1583143370935 360 232 touchmove 173 129 1.5 1.5 0 fioricet 1
fioricet_cambridge_article_retention 1583143370952 360 232 touchmove 163 145 1.5 1.5 0 fioricet 1
fioricet_cambridge_article_retention 1583143370971 360 232 touchmove 159 155 1.5 1.5 0 fioricet 1
fioricet_cambridge_article_retention 1583143370985 360 232 touchmove 158 158 1.5 1.5 0 fioricet 1
fioricet_cambridge_article_retention 1583143371002 360 232 touchmove 158 159 1.5 1.5 0 fioricet 1
fioricet_cambridge_article_retention 1583143371019 360 232 touchmove 159 160 1.5 1.5 0 fioricet 1
fioricet_cambridge_article_retention 1583143371035 360 232 touchmove 162 161 1.5 1.5 0 fioricet 1
fioricet_cambridge_article_retention 1583143371052 360 232 touchmove 173 157 1.5 1.5 0 fioricet 1
fioricet_cambridge_article_retention 1583143371068 360 232 touchmove 195 142 1.5 1.5 0 fioricet 1
fioricet_cambridge_article_retention 1583143371085 360 232 touchmove 218 120 1.5 1.5 0 fioricet 1
fioricet_cambridge_article_retention 1583143371102 360 232 touchmove 234 102 1.5 1.5 0 fioricet 1
fioricet_cambridge_article_retention 1583143371119 360 232 touchmove 243 84 1.5 1.5 0 fioricet 1
fioricet_cambridge_article_retention 1583143371135 360 232 touchmove 245 67 1.5 1.5 0 fioricet 1
fioricet_cambridge_article_retention 1583143371152 360 232 touchmove 243 51 1.5 1.5 0 fioricet 1
fioricet_cambridge_article_retention 1583143371169 360 232 touchmove 239 36 1.5 1.5 0 fioricet 1
fioricet_cambridge_article_retention 1583143371185 360 232 touchmove 235 20 1.5 1.5 0 fioricet 1
fioricet_cambridge_article_retention 1583143371201 360 232 touchmove 230 8 1.5 1.5 0 fioricet 1
fioricet_cambridge_article_retention 1583143371219 360 232 touchmove 226 0 1.5 1.5 0 fioricet 1
fioricet_cambridge_article_retention 1583143371236 360 232 touchmove 224 -6 1.5 1.5 0 fioricet 1
fioricet_cambridge_article_retention 1583143371252 360 232 touchmove 223 -8 1.5 1.5 0 fioricet 1
fioricet_cambridge_article_retention 1583143371269 360 232 touchmove 222 -8 1.5 1.5 0 fioricet 1
fioricet_cambridge_article_retention 1583143371285 360 232 touchmove 222 -9 1.5 1.5 0 fioricet 1
fioricet_cambridge_article_retention 1583143371306 360 232 touchmove 220 -8 1.75 1.75 0 fioricet 1
fioricet_cambridge_article_retention 1583143371320 360 232 touchmove 217 -7 1.5 1.5 0 fioricet 1
fioricet_cambridge_article_retention 1583143371335 360 232 touchmove 203 5 1.5 1.5 0 fioricet 1
fioricet_cambridge_article_retention 1583143371352 360 232 touchmove 188 26 1.5 1.5 0 fioricet 1
fioricet_cambridge_article_retention 1583143371368 360 232 touchmove 178 49 1.5 1.5 0 fioricet 1
fioricet_cambridge_article_retention 1583143371385 360 232 touchmove 174 64 1.5 1.5 0 fioricet 1
fioricet_cambridge_article_retention 1583143371402 360 232 touchmove 172 75 1.5 1.5 0 fioricet 1
fioricet_cambridge_article_retention 1583143371418 360 232 touchmove 171 83 1.5 1.5 0 fioricet 1
fioricet_cambridge_article_retention 1583143371435 360 232 touchmove 170 88 1.5 1.5 0 fioricet 1
fioricet_cambridge_article_retention 1583143371455 360 232 touchmove 169 90 1.5 1.5 0 fioricet 1
fioricet_cambridge_article_retention 1583143371471 360 232 touchmove 168 93 1.5 1.5 0 fioricet 1
fioricet_cambridge_article_retention 1583143371485 360 232 touchmove 166 96 1.5 1.5 0 fioricet 1
fioricet_cambridge_article_retention 1583143371501 360 232 touchmove 158 101 1.5 1.5 0 fioricet 1
fioricet_cambridge_article_retention 1583143371519 360 232 touchmove 145 108 1.5 1.5 0 fioricet 1
fioricet_cambridge_article_retention 1583143371535 360 232 touchmove 130 114 1.5 1.5 0 fioricet 1
fioricet_cambridge_article_retention 1583143371551 360 232 touchmove 122 116 1.5 1.5 0 fioricet 1
fioricet_cambridge_article_retention 1583143371569 360 232 touchmove 121 116 1.5 1.5 0 fioricet 1
fioricet_cambridge_article_retention 1583143371585 360 232 touchmove 121 116 1.5 1.5 0 fioricet 1
fioricet_cambridge_article_retention 1583143371601 360 232 touchmove 120 116 1.5 1.5 0 fioricet 1
fioricet_cambridge_article_retention 1583143371618 360 232 touchmove 120 116 1.5 1.5 0 fioricet 1
fioricet_cambridge_article_retention 1583143371639 360 232 touchmove 119 116 2 2 0 fioricet 1
fioricet_cambridge_article_retention 1583143371652 360 232 touchmove 119 117 1.5 1.5 0 fioricet 1
fioricet_cambridge_article_retention 1583143371668 360 232 touchmove 119 117 1.5 1.5 0 fioricet 1
fioricet_cambridge_article_retention 1583143371685 360 232 touchmove 120 116 1.5 1.5 0 fioricet 1
fioricet_cambridge_article_retention 1583143371701 360 232 touchmove 122 113 1.5 1.5 0 fioricet 1
fioricet_cambridge_article_retention 1583143371718 360 232 touchmove 144 89 1.5 1.5 0 fioricet 1
fioricet_cambridge_article_retention 1583143371735 360 232 touchmove 178 57 1.5 1.5 0 fioricet 1
fioricet_cambridge_article_retention 1583143371751 360 232 touchmove 219 30 1.5 1.5 0 fioricet 1
fioricet_cambridge_article_retention 1583143371768 360 232 touchmove 255 11 1.5 1.5 0 fioricet 1
fioricet_cambridge_article_retention 1583143371784 360 232 touchmove 280 2 1.5 1.5 0 fioricet 1
fioricet_cambridge_article_retention 1583143371801 360 232 touchmove 295 -1 1.5 1.5 0 fioricet 1
fioricet_cambridge_article_retention 1583143371818 360 232 touchmove 302 -1 1.5 1.5 0 fioricet 1
fioricet_cambridge_article_retention 1583143371835 360 232 touchmove 305 1 1.5 1.5 0 fioricet 1
fioricet_cambridge_article_retention 1583143371852 360 232 touchmove 307 2 1.5 1.5 0 fioricet 1
fioricet_cambridge_article_retention 1583143371868 360 232 touchmove 307 4 1.5 1.5 0 fioricet 1
fioricet_cambridge_article_retention 1583143371884 360 232 touchmove 307 6 1.5 1.5 0 fioricet 1
fioricet_cambridge_article_retention 1583143371901 360 232 touchmove 306 7 1.5 1.5 0 fioricet 1
fioricet_cambridge_article_retention 1583143371918 360 232 touchmove 306 7 1.5 1.5 0 fioricet 1
fioricet_cambridge_article_retention 1583143371934 360 232 touchmove 305 7 1.5 1.5 0 fioricet 1
fioricet_cambridge_article_retention 1583143371954 360 232 touchmove 305 7 1.5 1.5 0 fioricet 1
fioricet_cambridge_article_retention 1583143371968 360 232 touchmove 305 8 1.5 1.5 0 fioricet 1
fioricet_cambridge_article_retention 1583143372051 360 232 touchmove 304 8 1.5 1.5 0 fioricet 1
fioricet_cambridge_article_retention 1583143372271 360 232 touchend 304 8 1.5 1.5 0 fioricet 1
fioricet_cambridge_article_retention 1583143376501 360 232 touchmove 102 59 1.25 1.25 0 fioricet 1
fioricet_cambridge_article_retention 1583143376514 360 232 touchmove 94 65 1.25 1.25 0 fioricet 1
fioricet_cambridge_article_retention 1583143376530 360 232 touchmove 90 69 1.25 1.25 0 fioricet 1
fioricet_cambridge_article_retention 1583143376691 360 232 touchmove 95 154 1.5 1.5 0 fioricet 1
fioricet_cambridge_article_retention 1583143376796 360 232 touchmove 94 178 1.25 1.25 0 fioricet 1
fioricet_cambridge_article_retention 1583143376813 360 232 touchmove 94 178 1.25 1.25 0 fioricet 1
fioricet_cambridge_article_retention 1583143376829 360 232 touchmove 93 179 1.25 1.25 0 fioricet 1
fioricet_cambridge_article_retention 1583143376846 360 232 touchmove 93 179 1.25 1.25 0 fioricet 1
fioricet_cambridge_article_retention 1583143376863 360 232 touchmove 92 180 1.25 1.25 0 fioricet 1
fioricet_cambridge_article_retention 1583143376879 360 232 touchmove 85 184 1.25 1.25 0 fioricet 1
fioricet_cambridge_article_retention 1583143376896 360 232 touchmove 73 186 1.25 1.25 0 fioricet 1
fioricet_cambridge_article_retention 1583143376912 360 232 touchmove 57 184 1.25 1.25 0 fioricet 1
fioricet_cambridge_article_retention 1583143376929 360 232 touchmove 43 180 1.25 1.25 0 fioricet 1
fioricet_cambridge_article_retention 1583143376946 360 232 touchmove 35 175 1.25 1.25 0 fioricet 1
fioricet_cambridge_article_retention 1583143376962 360 232 touchmove 29 168 1.25 1.25 0 fioricet 1
fioricet_cambridge_article_retention 1583143376979 360 232 touchmove 26 164 1.25 1.25 0 fioricet 1
fioricet_cambridge_article_retention 1583143376996 360 232 touchmove 27 161 1.25 1.25 0 fioricet 1
fioricet_cambridge_article_retention 1583143377012 360 232 touchmove 27 159 1.25 1.25 0 fioricet 1
fioricet_cambridge_article_retention 1583143377029 360 232 touchmove 28 158 1.25 1.25 0 fioricet 1
fioricet_cambridge_article_retention 1583143377046 360 232 touchmove 29 157 1.25 1.25 0 fioricet 1
fioricet_cambridge_article_retention 1583143377062 360 232 touchmove 32 153 1.25 1.25 0 fioricet 1
fioricet_cambridge_article_retention 1583143377079 360 232 touchmove 38 145 1.25 1.25 0 fioricet 1
fioricet_cambridge_article_retention 1583143377096 360 232 touchmove 50 135 1.25 1.25 0 fioricet 1
fioricet_cambridge_article_retention 1583143377112 360 232 touchmove 65 125 1.25 1.25 0 fioricet 1
fioricet_cambridge_article_retention 1583143377129 360 232 touchmove 83 116 1.25 1.25 0 fioricet 1
fioricet_cambridge_article_retention 1583143377146 360 232 touchmove 100 109 1.25 1.25 0 fioricet 1
fioricet_cambridge_article_retention 1583143377162 360 232 touchmove 116 103 1.25 1.25 0 fioricet 1
fioricet_cambridge_article_retention 1583143377179 360 232 touchmove 130 98 1.25 1.25 0 fioricet 1
fioricet_cambridge_article_retention 1583143377196 360 232 touchmove 141 93 1.25 1.25 0 fioricet 1
fioricet_cambridge_article_retention 1583143377212 360 232 touchmove 151 89 1.25 1.25 0 fioricet 1
fioricet_cambridge_article_retention 1583143377229 360 232 touchmove 157 87 1.25 1.25 0 fioricet 1
fioricet_cambridge_article_retention 1583143377245 360 232 touchmove 158 86 1.25 1.25 0 fioricet 1
fioricet_cambridge_article_retention 1583143377265 360 232 touchmove 159 86 1.25 1.25 0 fioricet 1
fioricet_cambridge_article_retention 1583143377279 360 232 touchmove 160 85 1.25 1.25 0 fioricet 1
fioricet_cambridge_article_retention 1583143377296 360 232 touchmove 160 85 1.25 1.25 0 fioricet 1
fioricet_cambridge_article_retention 1583143378128 360 232 touchmove 160 85 1.25 1.25 0 fioricet 1
fioricet_cambridge_article_retention 1583143378145 360 232 touchmove 159 86 1.25 1.25 0 fioricet 1
fioricet_cambridge_article_retention 1583143378162 360 232 touchmove 158 87 1.25 1.25 0 fioricet 1
fioricet_cambridge_article_retention 1583143378179 360 232 touchmove 155 92 1.25 1.25 0 fioricet 1
fioricet_cambridge_article_retention 1583143378195 360 232 touchmove 152 102 1.25 1.25 0 fioricet 1
fioricet_cambridge_article_retention 1583143378211 360 232 touchmove 150 116 1.25 1.25 0 fioricet 1
fioricet_cambridge_article_retention 1583143378228 360 232 touchmove 149 132 1.25 1.25 0 fioricet 1
fioricet_cambridge_article_retention 1583143378245 360 232 touchmove 150 145 1.25 1.25 0 fioricet 1
fioricet_cambridge_article_retention 1583143378261 360 232 touchmove 151 154 1.25 1.25 0 fioricet 1
fioricet_cambridge_article_retention 1583143378279 360 232 touchmove 151 160 1.25 1.25 0 fioricet 1
fioricet_cambridge_article_retention 1583143378295 360 232 touchmove 151 163 1.25 1.25 0 fioricet 1
fioricet_cambridge_article_retention 1583143378311 360 232 touchmove 151 166 1.25 1.25 0 fioricet 1
fioricet_cambridge_article_retention 1583143378328 360 232 touchmove 151 168 1.25 1.25 0 fioricet 1
fioricet_cambridge_article_retention 1583143378344 360 232 touchmove 150 169 1.25 1.25 0 fioricet 1
fioricet_cambridge_article_retention 1583143378361 360 232 touchmove 150 169 1.25 1.25 0 fioricet 1
fioricet_cambridge_article_retention 1583143378411 360 232 touchmove 148 165 1.25 1.25 0 fioricet 1
fioricet_cambridge_article_retention 1583143378428 360 232 touchmove 145 152 1.25 1.25 0 fioricet 1
fioricet_cambridge_article_retention 1583143378445 360 232 touchmove 145 128 1.25 1.25 0 fioricet 1
fioricet_cambridge_article_retention 1583143378461 360 232 touchmove 150 98 1.25 1.25 0 fioricet 1
fioricet_cambridge_article_retention 1583143378478 360 232 touchmove 156 70 1.25 1.25 0 fioricet 1
fioricet_cambridge_article_retention 1583143378494 360 232 touchmove 160 48 1.25 1.25 0 fioricet 1
fioricet_cambridge_article_retention 1583143378511 360 232 touchmove 161 37 1.25 1.25 0 fioricet 1
fioricet_cambridge_article_retention 1583143378528 360 232 touchmove 161 34 1.25 1.25 0 fioricet 1
fioricet_cambridge_article_retention 1583143378544 360 232 touchmove 161 32 1.5 1.5 0 fioricet 1
fioricet_cambridge_article_retention 1583143378561 360 232 touchmove 161 32 1.5 1.5 0 fioricet 1
fioricet_cambridge_article_retention 1583143378627 360 232 touchmove 161 32 1.5 1.5 0 fioricet 1
fioricet_cambridge_article_retention 1583143378644 360 232 touchmove 160 31 1.5 1.5 0 fioricet 1
fioricet_cambridge_article_retention 1583143378662 360 232 touchmove 160 31 1.5 1.5 0 fioricet 1
fioricet_cambridge_article_retention 1583143378680 360 232 touchmove 159 31 1.5 1.5 0 fioricet 1
fioricet_cambridge_article_retention 1583143378698 360 232 touchmove 159 31 1.75 1.75 0 fioricet 1
fioricet_cambridge_article_retention 1583143378710 360 232 touchmove 159 31 1.5 1.5 0 fioricet 1
fioricet_cambridge_article_retention 1583143378745 360 232 touchmove 158 31 1.5 1.5 0 fioricet 1
fioricet_cambridge_article_retention 1583143379310 360 232 touchmove 160 31 1.5 1.5 0 fioricet 1
fioricet_cambridge_article_retention 1583143379327 360 232 touchmove 164 32 1.5 1.5 0 fioricet 1
fioricet_cambridge_article_retention 1583143379343 360 232 touchmove 172 33 1.5 1.5 0 fioricet 1
fioricet_cambridge_article_retention 1583143379360 360 232 touchmove 183 35 1.5 1.5 0 fioricet 1
fioricet_cambridge_article_retention 1583143379377 360 232 touchmove 197 39 1.5 1.5 0 fioricet 1
fioricet_cambridge_article_retention 1583143379394 360 232 touchmove 213 44 1.5 1.5 0 fioricet 1
fioricet_cambridge_article_retention 1583143379410 360 232 touchmove 225 52 1.5 1.5 0 fioricet 1
fioricet_cambridge_article_retention 1583143379427 360 232 touchmove 235 63 1.5 1.5 0 fioricet 1
fioricet_cambridge_article_retention 1583143379443 360 232 touchmove 242 77 1.5 1.5 0 fioricet 1
fioricet_cambridge_article_retention 1583143379460 360 232 touchmove 243 93 1.5 1.5 0 fioricet 1
fioricet_cambridge_article_retention 1583143379477 360 232 touchmove 240 106 1.5 1.5 0 fioricet 1
fioricet_cambridge_article_retention 1583143379494 360 232 touchmove 234 116 1.5 1.5 0 fioricet 1
fioricet_cambridge_article_retention 1583143379510 360 232 touchmove 230 121 1.5 1.5 0 fioricet 1
fioricet_cambridge_article_retention 1583143379527 360 232 touchmove 227 124 1.5 1.5 0 fioricet 1
fioricet_cambridge_article_retention 1583143379543 360 232 touchmove 225 126 1.5 1.5 0 fioricet 1
fioricet_cambridge_article_retention 1583143379560 360 232 touchmove 223 129 1.5 1.5 0 fioricet 1
fioricet_cambridge_article_retention 1583143379577 360 232 touchmove 219 132 1.5 1.5 0 fioricet 1
fioricet_cambridge_article_retention 1583143379593 360 232 touchmove 216 134 1.5 1.5 0 fioricet 1
fioricet_cambridge_article_retention 1583143379610 360 232 touchmove 213 136 1.5 1.5 0 fioricet 1
fioricet_cambridge_article_retention 1583143379627 360 232 touchmove 211 137 1.5 1.5 0 fioricet 1
fioricet_cambridge_article_retention 1583143379643 360 232 touchmove 209 138 1.5 1.5 0 fioricet 1
fioricet_cambridge_article_retention 1583143379660 360 232 touchmove 207 138 1.5 1.5 0 fioricet 1
fioricet_cambridge_article_retention 1583143379677 360 232 touchmove 203 137 1.5 1.5 0 fioricet 1
fioricet_cambridge_article_retention 1583143379693 360 232 touchmove 199 135 1.5 1.5 0 fioricet 1
fioricet_cambridge_article_retention 1583143379710 360 232 touchmove 195 132 1.5 1.5 0 fioricet 1
fioricet_cambridge_article_retention 1583143379727 360 232 touchmove 192 130 1.5 1.5 0 fioricet 1
fioricet_cambridge_article_retention 1583143379743 360 232 touchmove 190 127 1.5 1.5 0 fioricet 1
fioricet_cambridge_article_retention 1583143379760 360 232 touchmove 186 124 1.5 1.5 0 fioricet 1
fioricet_cambridge_article_retention 1583143379776 360 232 touchmove 182 119 1.5 1.5 0 fioricet 1
fioricet_cambridge_article_retention 1583143379793 360 232 touchmove 177 113 1.5 1.5 0 fioricet 1
fioricet_cambridge_article_retention 1583143379810 360 232 touchmove 173 108 1.5 1.5 0 fioricet 1
fioricet_cambridge_article_retention 1583143379826 360 232 touchmove 169 104 1.5 1.5 0 fioricet 1
fioricet_cambridge_article_retention 1583143379843 360 232 touchmove 166 98 1.5 1.5 0 fioricet 1
fioricet_cambridge_article_retention 1583143379860 360 232 touchmove 163 91 1.5 1.5 0 fioricet 1
fioricet_cambridge_article_retention 1583143379876 360 232 touchmove 160 81 1.5 1.5 0 fioricet 1
fioricet_cambridge_article_retention 1583143379893 360 232 touchmove 159 72 1.5 1.5 0 fioricet 1
fioricet_cambridge_article_retention 1583143379910 360 232 touchmove 159 65 1.5 1.5 0 fioricet 1
fioricet_cambridge_article_retention 1583143379926 360 232 touchmove 161 61 1.5 1.5 0 fioricet 1
fioricet_cambridge_article_retention 1583143379943 360 232 touchmove 163 58 1.5 1.5 0 fioricet 1
fioricet_cambridge_article_retention 1583143379960 360 232 touchmove 166 53 1.5 1.5 0 fioricet 1
fioricet_cambridge_article_retention 1583143379976 360 232 touchmove 169 50 1.5 1.5 0 fioricet 1
fioricet_cambridge_article_retention 1583143379993 360 232 touchmove 171 47 1.5 1.5 0 fioricet 1
fioricet_cambridge_article_retention 1583143380010 360 232 touchmove 173 46 1.5 1.5 0 fioricet 1
fioricet_cambridge_article_retention 1583143380026 360 232 touchmove 175 44 1.5 1.5 0 fioricet 1
fioricet_cambridge_article_retention 1583143380043 360 232 touchmove 178 42 1.5 1.5 0 fioricet 1
fioricet_cambridge_article_retention 1583143380060 360 232 touchmove 181 41 1.5 1.5 0 fioricet 1
fioricet_cambridge_article_retention 1583143380077 360 232 touchmove 184 40 1.5 1.5 0 fioricet 1
fioricet_cambridge_article_retention 1583143380093 360 232 touchmove 187 39 1.5 1.5 0 fioricet 1
fioricet_cambridge_article_retention 1583143380110 360 232 touchmove 189 38 1.5 1.5 0 fioricet 1
fioricet_cambridge_article_retention 1583143380126 360 232 touchmove 191 37 1.5 1.5 0 fioricet 1
fioricet_cambridge_article_retention 1583143380143 360 232 touchmove 192 37 1.5 1.5 0 fioricet 1
fioricet_cambridge_article_retention 1583143380159 360 232 touchmove 192 37 1.5 1.5 0 fioricet 1
fioricet_cambridge_article_retention 1583143380276 360 232 touchmove 192 37 1.5 1.5 0 fioricet 1
fioricet_cambridge_article_retention 1583143380293 360 232 touchmove 192 37 1.5 1.5 0 fioricet 1
fioricet_cambridge_article_retention 1583143380359 360 232 touchmove 193 37 1.5 1.5 0 fioricet 1
fioricet_cambridge_article_retention 1583143380376 360 232 touchmove 193 37 1.5 1.5 0 fioricet 1
fioricet_cambridge_article_retention 1583143380395 360 232 touchmove 193 36 2 2 0 fioricet 1
fioricet_cambridge_article_retention 1583143380409 360 232 touchmove 193 36 1.5 1.5 0 fioricet 1
fioricet_cambridge_article_retention 1583143380426 360 232 touchmove 193 36 1.5 1.5 0 fioricet 1
fioricet_cambridge_article_retention 1583143380443 360 232 touchmove 193 36 1.5 1.5 0 fioricet 1
fioricet_cambridge_article_retention 1583143380471 360 232 touchmove 194 36 1.5 1.5 0 fioricet 1
fioricet_cambridge_article_retention 1583143380493 360 232 touchmove 194 36 1.5 1.5 0 fioricet 1
fioricet_cambridge_article_retention 1583143380509 360 232 touchmove 194 36 1.5 1.5 0 fioricet 1
fioricet_cambridge_article_retention 1583143380526 360 232 touchmove 195 36 1.5 1.5 0 fioricet 1
fioricet_cambridge_article_retention 1583143380543 360 232 touchmove 198 35 1.5 1.5 0 fioricet 1
fioricet_cambridge_article_retention 1583143380559 360 232 touchmove 202 35 1.5 1.5 0 fioricet 1
fioricet_cambridge_article_retention 1583143380576 360 232 touchmove 209 35 1.5 1.5 0 fioricet 1
fioricet_cambridge_article_retention 1583143380593 360 232 touchmove 217 36 1.5 1.5 0 fioricet 1
fioricet_cambridge_article_retention 1583143380609 360 232 touchmove 229 40 1.5 1.5 0 fioricet 1
fioricet_cambridge_article_retention 1583143380626 360 232 touchmove 241 46 1.5 1.5 0 fioricet 1
fioricet_cambridge_article_retention 1583143380643 360 232 touchmove 250 54 1.5 1.5 0 fioricet 1
fioricet_cambridge_article_retention 1583143380659 360 232 touchmove 256 64 1.5 1.5 0 fioricet 1
fioricet_cambridge_article_retention 1583143380677 360 232 touchmove 260 71 1.5 1.5 0 fioricet 1
fioricet_cambridge_article_retention 1583143380693 360 232 touchmove 262 81 1.5 1.5 0 fioricet 1
fioricet_cambridge_article_retention 1583143380710 360 232 touchmove 261 93 1.5 1.5 0 fioricet 1
fioricet_cambridge_article_retention 1583143380726 360 232 touchmove 255 108 1.5 1.5 0 fioricet 1
fioricet_cambridge_article_retention 1583143380743 360 232 touchmove 247 120 1.5 1.5 0 fioricet 1
fioricet_cambridge_article_retention 1583143380759 360 232 touchmove 240 128 1.5 1.5 0 fioricet 1
fioricet_cambridge_article_retention 1583143380776 360 232 touchmove 231 134 1.5 1.5 0 fioricet 1
fioricet_cambridge_article_retention 1583143380793 360 232 touchmove 222 138 1.5 1.5 0 fioricet 1
fioricet_cambridge_article_retention 1583143380810 360 232 touchmove 216 140 1.5 1.5 0 fioricet 1
fioricet_cambridge_article_retention 1583143380826 360 232 touchmove 209 140 1.5 1.5 0 fioricet 1
fioricet_cambridge_article_retention 1583143380843 360 232 touchmove 203 139 1.5 1.5 0 fioricet 1
fioricet_cambridge_article_retention 1583143380860 360 232 touchmove 198 137 1.5 1.5 0 fioricet 1
fioricet_cambridge_article_retention 1583143380876 360 232 touchmove 194 133 1.5 1.5 0 fioricet 1
fioricet_cambridge_article_retention 1583143380893 360 232 touchmove 192 128 1.5 1.5 0 fioricet 1
fioricet_cambridge_article_retention 1583143380910 360 232 touchmove 192 119 1.5 1.5 0 fioricet 1
fioricet_cambridge_article_retention 1583143380926 360 232 touchmove 196 104 1.5 1.5 0 fioricet 1
fioricet_cambridge_article_retention 1583143380943 360 232 touchmove 204 86 1.5 1.5 0 fioricet 1
fioricet_cambridge_article_retention 1583143380960 360 232 touchmove 213 72 1.5 1.5 0 fioricet 1
fioricet_cambridge_article_retention 1583143380975 360 232 touchmove 218 64 1.5 1.5 0 fioricet 1
fioricet_cambridge_article_retention 1583143380993 360 232 touchmove 220 61 1.5 1.5 0 fioricet 1
fioricet_cambridge_article_retention 1583143381010 360 232 touchmove 223 58 1.5 1.5 0 fioricet 1
fioricet_cambridge_article_retention 1583143381025 360 232 touchmove 227 55 1.5 1.5 0 fioricet 1
fioricet_cambridge_article_retention 1583143381043 360 232 touchmove 235 54 1.5 1.5 0 fioricet 1
fioricet_cambridge_article_retention 1583143381059 360 232 touchmove 246 56 1.5 1.5 0 fioricet 1
fioricet_cambridge_article_retention 1583143381077 360 232 touchmove 258 61 1.5 1.5 0 fioricet 1
fioricet_cambridge_article_retention 1583143381092 360 232 touchmove 268 68 1.5 1.5 0 fioricet 1
fioricet_cambridge_article_retention 1583143381110 360 232 touchmove 271 70 1 1 0 fioricet 1
fioricet_cambridge_article_retention 1583143381125 360 232 touchmove 280 78 1.5 1.5 0 fioricet 1
fioricet_cambridge_article_retention 1583143381142 360 232 touchmove 284 82 1.5 1.5 0 fioricet 1
fioricet_cambridge_article_retention 1583143381159 360 232 touchmove 286 83 1.5 1.5 0 fioricet 1
fioricet_cambridge_article_retention 1583143381176 360 232 touchmove 288 84 1.5 1.5 0 fioricet 1
fioricet_cambridge_article_retention 1583143381193 360 232 touchmove 289 84 1.5 1.5 0 fioricet 1
fioricet_cambridge_article_retention 1583143381210 360 232 touchmove 292 82 1.5 1.5 0 fioricet 1
fioricet_cambridge_article_retention 1583143381226 360 232 touchmove 296 74 1.5 1.5 0 fioricet 1
fioricet_cambridge_article_retention 1583143381242 360 232 touchmove 297 64 1.5 1.5 0 fioricet 1
fioricet_cambridge_article_retention 1583143381259 360 232 touchmove 295 54 1.5 1.5 0 fioricet 1
fioricet_cambridge_article_retention 1583143381276 360 232 touchmove 291 46 1.5 1.5 0 fioricet 1
fioricet_cambridge_article_retention 1583143381293 360 232 touchmove 288 42 1.5 1.5 0 fioricet 1
fioricet_cambridge_article_retention 1583143381309 360 232 touchmove 284 39 1.5 1.5 0 fioricet 1
fioricet_cambridge_article_retention 1583143381326 360 232 touchmove 280 36 1.5 1.5 0 fioricet 1
fioricet_cambridge_article_retention 1583143381343 360 232 touchmove 277 35 1.5 1.5 0 fioricet 1
fioricet_cambridge_article_retention 1583143381359 360 232 touchmove 274 34 1.5 1.5 0 fioricet 1
fioricet_cambridge_article_retention 1583143381375 360 232 touchmove 273 33 1.5 1.5 0 fioricet 1
fioricet_cambridge_article_retention 1583143381392 360 232 touchmove 268 34 1.5 1.5 0 fioricet 1
fioricet_cambridge_article_retention 1583143381409 360 232 touchmove 262 40 1.5 1.5 0 fioricet 1
fioricet_cambridge_article_retention 1583143381425 360 232 touchmove 256 55 1.5 1.5 0 fioricet 1
fioricet_cambridge_article_retention 1583143381442 360 232 touchmove 256 76 1.5 1.5 0 fioricet 1
fioricet_cambridge_article_retention 1583143381460 360 232 touchmove 263 95 1.5 1.5 0 fioricet 1
fioricet_cambridge_article_retention 1583143381475 360 232 touchmove 277 112 1.5 1.5 0 fioricet 1
fioricet_cambridge_article_retention 1583143381493 360 232 touchmove 289 119 1.5 1.5 0 fioricet 1
fioricet_cambridge_article_retention 1583143381509 360 232 touchmove 298 119 1.5 1.5 0 fioricet 1
fioricet_cambridge_article_retention 1583143381525 360 232 touchmove 301 118 1.5 1.5 0 fioricet 1
fioricet_cambridge_article_retention 1583143381548 360 232 touchmove 302 117 1.5 1.5 0 fioricet 1
fioricet_cambridge_article_retention 1583143381560 360 232 touchmove 303 113 1.5 1.5 0 fioricet 1
fioricet_cambridge_article_retention 1583143381576 360 232 touchmove 300 100 1.5 1.5 0 fioricet 1
fioricet_cambridge_article_retention 1583143381593 360 232 touchmove 289 81 1.5 1.5 0 fioricet 1
fioricet_cambridge_article_retention 1583143381609 360 232 touchmove 274 65 1.5 1.5 0 fioricet 1
fioricet_cambridge_article_retention 1583143381625 360 232 touchmove 263 54 1.5 1.5 0 fioricet 1
fioricet_cambridge_article_retention 1583143381642 360 232 touchmove 254 41 1.5 1.5 0 fioricet 1
fioricet_cambridge_article_retention 1583143381659 360 232 touchmove 246 24 1.5 1.5 0 fioricet 1
fioricet_cambridge_article_retention 1583143381675 360 232 touchmove 239 4 1.5 1.5 0 fioricet 1
fioricet_cambridge_article_retention 1583143381692 360 232 touchmove 236 -9 1.5 1.5 0 fioricet 1
fioricet_cambridge_article_retention 1583143381709 360 232 touchmove 235 -12 1.5 1.5 0 fioricet 1
fioricet_cambridge_article_retention 1583143381725 360 232 touchmove 234 -14 1.5 1.5 0 fioricet 1
fioricet_cambridge_article_retention 1583143381742 360 232 touchmove 234 -15 1.5 1.5 0 fioricet 1
fioricet_cambridge_article_retention 1583143381758 360 232 touchmove 234 -15 1.5 1.5 0 fioricet 1
fioricet_cambridge_article_retention 1583143381775 360 232 touchmove 234 -15 1.5 1.5 0 fioricet 1
fioricet_cambridge_article_retention 1583143381827 360 232 touchmove 233 -15 1.5 1.5 0 fioricet 1
fioricet_cambridge_article_retention 1583143381843 360 232 touchmove 233 -16 1.5 1.5 0 fioricet 1
fioricet_cambridge_article_retention 1583143381859 360 232 touchmove 233 -16 1.5 1.5 0 fioricet 1
fioricet_cambridge_article_retention 1583143381880 360 232 touchmove 232 -16 1.75 1.75 0 fioricet 1
fioricet_cambridge_article_retention 1583143381893 360 232 touchmove 232 -16 1.5 1.5 0 fioricet 1
fioricet_cambridge_article_retention 1583143381916 360 232 touchmove 232 -16 1.75 1.75 0 fioricet 1
fioricet_cambridge_article_retention 1583143381927 360 232 touchmove 232 -16 1.5 1.5 0 fioricet 1
fioricet_cambridge_article_retention 1583143381943 360 232 touchmove 231 -16 1.5 1.5 0 fioricet 1
fioricet_cambridge_article_retention 1583143381958 360 232 touchmove 227 -15 1.5 1.5 0 fioricet 1
fioricet_cambridge_article_retention 1583143381975 360 232 touchmove 216 -11 1.5 1.5 0 fioricet 1
fioricet_cambridge_article_retention 1583143381991 360 232 touchmove 194 -2 1.5 1.5 0 fioricet 1
fioricet_cambridge_article_retention 1583143382008 360 232 touchmove 165 11 1.5 1.5 0 fioricet 1
fioricet_cambridge_article_retention 1583143382026 360 232 touchmove 138 25 1.5 1.5 0 fioricet 1
fioricet_cambridge_article_retention 1583143382042 360 232 touchmove 114 40 1.5 1.5 0 fioricet 1
fioricet_cambridge_article_retention 1583143382058 360 232 touchmove 98 52 1.5 1.5 0 fioricet 1
fioricet_cambridge_article_retention 1583143382075 360 232 touchmove 83 65 1.5 1.5 0 fioricet 1
fioricet_cambridge_article_retention 1583143382091 360 232 touchmove 70 81 1.5 1.5 0 fioricet 1
fioricet_cambridge_article_retention 1583143382108 360 232 touchmove 59 96 1.5 1.5 0 fioricet 1
fioricet_cambridge_article_retention 1583143382125 360 232 touchmove 50 110 1.5 1.5 0 fioricet 1
fioricet_cambridge_article_retention 1583143382141 360 232 touchmove 44 123 1.5 1.5 0 fioricet 1
fioricet_cambridge_article_retention 1583143382158 360 232 touchmove 43 133 1.5 1.5 0 fioricet 1
fioricet_cambridge_article_retention 1583143382174 360 232 touchmove 43 140 1.5 1.5 0 fioricet 1
fioricet_cambridge_article_retention 1583143382191 360 232 touchmove 46 147 1.5 1.5 0 fioricet 1
fioricet_cambridge_article_retention 1583143382208 360 232 touchmove 51 154 1.5 1.5 0 fioricet 1
fioricet_cambridge_article_retention 1583143382225 360 232 touchmove 58 160 1.5 1.5 0 fioricet 1
fioricet_cambridge_article_retention 1583143382242 360 232 touchmove 66 164 1.5 1.5 0 fioricet 1
fioricet_cambridge_article_retention 1583143382258 360 232 touchmove 75 167 1.5 1.5 0 fioricet 1
fioricet_cambridge_article_retention 1583143382274 360 232 touchmove 88 170 1.5 1.5 0 fioricet 1
fioricet_cambridge_article_retention 1583143382291 360 232 touchmove 100 170 1.5 1.5 0 fioricet 1
fioricet_cambridge_article_retention 1583143382308 360 232 touchmove 114 168 1.5 1.5 0 fioricet 1
fioricet_cambridge_article_retention 1583143382325 360 232 touchmove 131 164 1.5 1.5 0 fioricet 1
fioricet_cambridge_article_retention 1583143382341 360 232 touchmove 144 161 1.5 1.5 0 fioricet 1
fioricet_cambridge_article_retention 1583143382358 360 232 touchmove 153 157 1.5 1.5 0 fioricet 1
fioricet_cambridge_article_retention 1583143382374 360 232 touchmove 157 156 1.5 1.5 0 fioricet 1
fioricet_cambridge_article_retention 1583143382391 360 232 touchmove 159 155 1.5 1.5 0 fioricet 1
fioricet_cambridge_article_retention 1583143382408 360 232 touchmove 163 152 1.5 1.5 0 fioricet 1
fioricet_cambridge_article_retention 1583143382425 360 232 touchmove 167 146 1.5 1.5 0 fioricet 1
fioricet_cambridge_article_retention 1583143382441 360 232 touchmove 173 137 1.5 1.5 0 fioricet 1
fioricet_cambridge_article_retention 1583143382458 360 232 touchmove 178 125 1.5 1.5 0 fioricet 1
fioricet_cambridge_article_retention 1583143382474 360 232 touchmove 182 113 1.5 1.5 0 fioricet 1
fioricet_cambridge_article_retention 1583143382491 360 232 touchmove 184 104 1.5 1.5 0 fioricet 1
fioricet_cambridge_article_retention 1583143382508 360 232 touchmove 185 101 1.5 1.5 0 fioricet 1
fioricet_cambridge_article_retention 1583143382525 360 232 touchmove 186 96 1.5 1.5 0 fioricet 1
fioricet_cambridge_article_retention 1583143382541 360 232 touchmove 187 91 1.5 1.5 0 fioricet 1
fioricet_cambridge_article_retention 1583143382557 360 232 touchmove 189 85 1.5 1.5 0 fioricet 1
fioricet_cambridge_article_retention 1583143382574 360 232 touchmove 190 79 1.5 1.5 0 fioricet 1
fioricet_cambridge_article_retention 1583143382591 360 232 touchmove 191 73 1.5 1.5 0 fioricet 1
fioricet_cambridge_article_retention 1583143382608 360 232 touchmove 191 67 1.5 1.5 0 fioricet 1
fioricet_cambridge_article_retention 1583143382624 360 232 touchmove 190 62 1.5 1.5 0 fioricet 1
fioricet_cambridge_article_retention 1583143382641 360 232 touchmove 189 59 1.5 1.5 0 fioricet 1
fioricet_cambridge_article_retention 1583143382658 360 232 touchmove 188 57 1.5 1.5 0 fioricet 1
fioricet_cambridge_article_retention 1583143382674 360 232 touchmove 188 57 1.5 1.5 0 fioricet 1
fioricet_cambridge_article_retention 1583143382694 360 232 touchmove 187 56 1.75 1.75 0 fioricet 1
fioricet_cambridge_article_retention 1583143382708 360 232 touchmove 187 56 1.5 1.5 0 fioricet 1
fioricet_cambridge_article_retention 1583143382724 360 232 touchmove 186 56 1.5 1.5 0 fioricet 1
fioricet_cambridge_article_retention 1583143382740 360 232 touchmove 185 56 1.5 1.5 0 fioricet 1
fioricet_cambridge_article_retention 1583143382757 360 232 touchmove 183 56 1.5 1.5 0 fioricet 1
fioricet_cambridge_article_retention 1583143382774 360 232 touchmove 181 56 1.5 1.5 0 fioricet 1
fioricet_cambridge_article_retention 1583143382791 360 232 touchmove 179 57 1.5 1.5 0 fioricet 1
fioricet_cambridge_article_retention 1583143382807 360 232 touchmove 178 58 1.5 1.5 0 fioricet 1
fioricet_cambridge_article_retention 1583143382824 360 232 touchmove 176 59 1.5 1.5 0 fioricet 1
fioricet_cambridge_article_retention 1583143382841 360 232 touchmove 175 59 1.5 1.5 0 fioricet 1
fioricet_cambridge_article_retention 1583143382860 360 232 touchmove 175 59 1.5 1.5 0 fioricet 1
fioricet_cambridge_article_retention 1583143382957 360 232 touchmove 176 61 1.5 1.5 0 fioricet 1
fioricet_cambridge_article_retention 1583143382975 360 232 touchmove 177 63 1.5 1.5 0 fioricet 1
fioricet_cambridge_article_retention 1583143382992 360 232 touchmove 180 65 1.5 1.5 0 fioricet 1
fioricet_cambridge_article_retention 1583143383008 360 232 touchmove 183 66 1.5 1.5 0 fioricet 1
fioricet_cambridge_article_retention 1583143383025 360 232 touchmove 187 67 1.5 1.5 0 fioricet 1
fioricet_cambridge_article_retention 1583143383041 360 232 touchmove 190 66 1.5 1.5 0 fioricet 1
fioricet_cambridge_article_retention 1583143383058 360 232 touchmove 195 61 1.5 1.5 0 fioricet 1
fioricet_cambridge_article_retention 1583143383074 360 232 touchmove 201 56 1.5 1.5 0 fioricet 1
fioricet_cambridge_article_retention 1583143383090 360 232 touchmove 205 49 1.5 1.5 0 fioricet 1
fioricet_cambridge_article_retention 1583143383108 360 232 touchmove 207 43 1.5 1.5 0 fioricet 1
fioricet_cambridge_article_retention 1583143383125 360 232 touchmove 207 41 1.5 1.5 0 fioricet 1
fioricet_cambridge_article_retention 1583143383140 360 232 touchmove 206 40 1.5 1.5 0 fioricet 1
fioricet_cambridge_article_retention 1583143383157 360 232 touchmove 203 38 1.5 1.5 0 fioricet 1
fioricet_cambridge_article_retention 1583143383173 360 232 touchmove 192 40 1.5 1.5 0 fioricet 1
fioricet_cambridge_article_retention 1583143383191 360 232 touchmove 173 51 1.5 1.5 0 fioricet 1
fioricet_cambridge_article_retention 1583143383207 360 232 touchmove 155 69 1.5 1.5 0 fioricet 1
fioricet_cambridge_article_retention 1583143383223 360 232 touchmove 142 87 1.5 1.5 0 fioricet 1
fioricet_cambridge_article_retention 1583143383241 360 232 touchmove 135 102 1.5 1.5 0 fioricet 1
fioricet_cambridge_article_retention 1583143383257 360 232 touchmove 133 111 1.5 1.5 0 fioricet 1
fioricet_cambridge_article_retention 1583143383274 360 232 touchmove 132 120 1.5 1.5 0 fioricet 1
fioricet_cambridge_article_retention 1583143383290 360 232 touchmove 133 127 1.5 1.5 0 fioricet 1
fioricet_cambridge_article_retention 1583143383307 360 232 touchmove 135 132 1.5 1.5 0 fioricet 1
fioricet_cambridge_article_retention 1583143383323 360 232 touchmove 137 135 1.5 1.5 0 fioricet 1
fioricet_cambridge_article_retention 1583143383341 360 232 touchmove 139 137 1.5 1.5 0 fioricet 1
fioricet_cambridge_article_retention 1583143383357 360 232 touchmove 142 139 1.5 1.5 0 fioricet 1
fioricet_cambridge_article_retention 1583143383373 360 232 touchmove 149 139 1.5 1.5 0 fioricet 1
fioricet_cambridge_article_retention 1583143383390 360 232 touchmove 158 137 1.5 1.5 0 fioricet 1
fioricet_cambridge_article_retention 1583143383406 360 232 touchmove 172 132 1.5 1.5 0 fioricet 1
fioricet_cambridge_article_retention 1583143383423 360 232 touchmove 186 124 1.5 1.5 0 fioricet 1
fioricet_cambridge_article_retention 1583143383440 360 232 touchmove 198 117 1.5 1.5 0 fioricet 1
fioricet_cambridge_article_retention 1583143383457 360 232 touchmove 207 110 1.5 1.5 0 fioricet 1
fioricet_cambridge_article_retention 1583143383474 360 232 touchmove 215 103 1.5 1.5 0 fioricet 1
fioricet_cambridge_article_retention 1583143383492 360 232 touchmove 220 97 1.5 1.5 0 fioricet 1
fioricet_cambridge_article_retention 1583143383507 360 232 touchmove 222 90 1.5 1.5 0 fioricet 1
fioricet_cambridge_article_retention 1583143383523 360 232 touchmove 224 86 1.5 1.5 0 fioricet 1
fioricet_cambridge_article_retention 1583143383541 360 232 touchmove 225 82 1.5 1.5 0 fioricet 1
fioricet_cambridge_article_retention 1583143383556 360 232 touchmove 226 78 1.5 1.5 0 fioricet 1
fioricet_cambridge_article_retention 1583143383574 360 232 touchmove 226 70 1.5 1.5 0 fioricet 1
fioricet_cambridge_article_retention 1583143383590 360 232 touchmove 226 57 1.5 1.5 0 fioricet 1
fioricet_cambridge_article_retention 1583143383606 360 232 touchmove 223 42 1.5 1.5 0 fioricet 1
fioricet_cambridge_article_retention 1583143383623 360 232 touchmove 219 28 1.5 1.5 0 fioricet 1
fioricet_cambridge_article_retention 1583143383640 360 232 touchmove 214 16 1.5 1.5 0 fioricet 1
fioricet_cambridge_article_retention 1583143383657 360 232 touchmove 210 9 1.5 1.5 0 fioricet 1
fioricet_cambridge_article_retention 1583143383673 360 232 touchmove 207 3 1.5 1.5 0 fioricet 1
fioricet_cambridge_article_retention 1583143383690 360 232 touchmove 205 0 1.5 1.5 0 fioricet 1
fioricet_cambridge_article_retention 1583143383707 360 232 touchmove 204 -1 1.5 1.5 0 fioricet 1
fioricet_cambridge_article_retention 1583143383724 360 232 touchmove 204 -2 1.5 1.5 0 fioricet 1
fioricet_cambridge_article_retention 1583143383740 360 232 touchmove 204 -2 1.5 1.5 0 fioricet 1
fioricet_cambridge_article_retention 1583143383757 360 232 touchmove 203 -2 1.5 1.5 0 fioricet 1
fioricet_cambridge_article_retention 1583143383773 360 232 touchmove 201 -2 1.5 1.5 0 fioricet 1
fioricet_cambridge_article_retention 1583143383790 360 232 touchmove 194 6 1.5 1.5 0 fioricet 1
fioricet_cambridge_article_retention 1583143383806 360 232 touchmove 185 25 1.5 1.5 0 fioricet 1
fioricet_cambridge_article_retention 1583143383823 360 232 touchmove 178 51 1.5 1.5 0 fioricet 1
fioricet_cambridge_article_retention 1583143383840 360 232 touchmove 177 75 1.5 1.5 0 fioricet 1
fioricet_cambridge_article_retention 1583143383857 360 232 touchmove 182 96 1.5 1.5 0 fioricet 1
fioricet_cambridge_article_retention 1583143383873 360 232 touchmove 190 113 1.5 1.5 0 fioricet 1
fioricet_cambridge_article_retention 1583143383890 360 232 touchmove 197 124 1.5 1.5 0 fioricet 1
fioricet_cambridge_article_retention 1583143383907 360 232 touchmove 203 133 1.5 1.5 0 fioricet 1
fioricet_cambridge_article_retention 1583143383923 360 232 touchmove 207 140 1.5 1.5 0 fioricet 1
fioricet_cambridge_article_retention 1583143383940 360 232 touchmove 209 143 1.5 1.5 0 fioricet 1
fioricet_cambridge_article_retention 1583143383956 360 232 touchmove 211 145 1.5 1.5 0 fioricet 1
fioricet_cambridge_article_retention 1583143383973 360 232 touchmove 212 147 1.5 1.5 0 fioricet 1
fioricet_cambridge_article_retention 1583143383989 360 232 touchmove 213 148 1.5 1.5 0 fioricet 1
fioricet_cambridge_article_retention 1583143384006 360 232 touchmove 213 149 1.5 1.5 0 fioricet 1
fioricet_cambridge_article_retention 1583143384023 360 232 touchmove 213 149 1.5 1.5 0 fioricet 1
fioricet_cambridge_article_retention 1583143384039 360 232 touchmove 214 149 1.5 1.5 0 fioricet 1
fioricet_cambridge_article_retention 1583143384055 360 232 touchmove 214 149 1.5 1.5 0 fioricet 1
fioricet_cambridge_article_retention 1583143384106 360 232 touchmove 212 149 1.5 1.5 0 fioricet 1
fioricet_cambridge_article_retention 1583143384122 360 232 touchmove 206 147 1.5 1.5 0 fioricet 1
fioricet_cambridge_article_retention 1583143384141 360 232 touchmove 192 142 1.5 1.5 0 fioricet 1
fioricet_cambridge_article_retention 1583143384156 360 232 touchmove 174 134 1.5 1.5 0 fioricet 1
fioricet_cambridge_article_retention 1583143384173 360 232 touchmove 158 126 1.5 1.5 0 fioricet 1
fioricet_cambridge_article_retention 1583143384189 360 232 touchmove 143 119 1.5 1.5 0 fioricet 1
fioricet_cambridge_article_retention 1583143384205 360 232 touchmove 130 113 1.5 1.5 0 fioricet 1
fioricet_cambridge_article_retention 1583143384222 360 232 touchmove 120 109 1.5 1.5 0 fioricet 1
fioricet_cambridge_article_retention 1583143384239 360 232 touchmove 116 109 1.5 1.5 0 fioricet 1
fioricet_cambridge_article_retention 1583143384256 360 232 touchmove 114 109 1.5 1.5 0 fioricet 1
fioricet_cambridge_article_retention 1583143384272 360 232 touchmove 113 109 1.5 1.5 0 fioricet 1
fioricet_cambridge_article_retention 1583143384289 360 232 touchmove 112 110 1.5 1.5 0 fioricet 1
fioricet_cambridge_article_retention 1583143384305 360 232 touchmove 112 110 1.5 1.5 0 fioricet 1
fioricet_cambridge_article_retention 1583143384326 360 232 touchmove 114 108 1.5 1.5 0 fioricet 1
fioricet_cambridge_article_retention 1583143384340 360 232 touchmove 116 107 1.5 1.5 0 fioricet 1
fioricet_cambridge_article_retention 1583143384356 360 232 touchmove 131 96 1.5 1.5 0 fioricet 1
fioricet_cambridge_article_retention 1583143384372 360 232 touchmove 158 79 1.5 1.5 0 fioricet 1
fioricet_cambridge_article_retention 1583143384389 360 232 touchmove 192 60 1.5 1.5 0 fioricet 1
fioricet_cambridge_article_retention 1583143384405 360 232 touchmove 227 44 1.5 1.5 0 fioricet 1
fioricet_cambridge_article_retention 1583143384422 360 232 touchmove 255 33 1.5 1.5 0 fioricet 1
fioricet_cambridge_article_retention 1583143384438 360 232 touchmove 275 28 1.5 1.5 0 fioricet 1
fioricet_cambridge_article_retention 1583143384455 360 232 touchmove 289 26 1.5 1.5 0 fioricet 1
fioricet_cambridge_article_retention 1583143384472 360 232 touchmove 295 27 1.5 1.5 0 fioricet 1
fioricet_cambridge_article_retention 1583143384489 360 232 touchmove 297 28 1.5 1.5 0 fioricet 1
fioricet_cambridge_article_retention 1583143384506 360 232 touchmove 299 29 1.5 1.5 0 fioricet 1
fioricet_cambridge_article_retention 1583143384522 360 232 touchmove 299 29 1.5 1.5 0 fioricet 1
fioricet_cambridge_article_retention 1583143384539 360 232 touchmove 299 29 1.5 1.5 0 fioricet 1
fioricet_cambridge_article_retention 1583143384556 360 232 touchmove 299 30 1.5 1.5 0 fioricet 1
fioricet_cambridge_article_retention 1583143384573 360 232 touchmove 299 30 1.5 1.5 0 fioricet 1
fioricet_cambridge_article_retention 1583143384600 360 232 touchmove 300 30 1.5 1.5 0 fioricet 1
fioricet_cambridge_article_retention 1583143384623 360 232 touchmove 300 30 1.5 1.5 0 fioricet 1
fioricet_cambridge_article_retention 1583143384923 360 232 touchmove 300 30 1 1 0 fioricet 1
fioricet_cambridge_article_retention 1583143384930 360 232 touchend 300 30 1 1 0 fioricet 1
fioricet_cambridge_article_retention 1583143390621 360 232 touchstart 144 107 1.25 1.25 0 fioricet 0
fioricet_cambridge_article_retention 1583143390700 360 232 touchmove 144 107 0.75 0.75 0 fioricet 0
fioricet_cambridge_article_retention 1583143390704 360 232 touchend 144 107 0.75 0.75 0 fioricet 0
fioricet_cambridge_article_retention 1583143392525 360 232 touchstart 148 169 1.5 1.5 0 cambridge 1
fioricet_cambridge_article_retention 1583143392603 360 232 touchend 148 169 1.5 1.5 0 cambridge 1
fioricet_cambridge_article_retention 1583143394516 360 232 touchstart 27 102 0.75 0.75 0 cambridge 1
fioricet_cambridge_article_retention 1583143394616 360 232 touchend 27 102 0.75 0.75 0 cambridge 1
fioricet_cambridge_article_retention 1583143395450 360 232 touchstart 289 147 0.75 0.75 0 cambridge 1
fioricet_cambridge_article_retention 1583143395548 360 232 touchend 289 147 0.75 0.75 0 cambridge 1
fioricet_cambridge_article_retention 1583143396467 360 232 touchstart 220 172 1.5 1.5 0 cambridge 1
fioricet_cambridge_article_retention 1583143396560 360 232 touchmove 220 172 1.25 1.25 0 cambridge 1
fioricet_cambridge_article_retention 1583143396563 360 232 touchend 220 172 1.25 1.25 0 cambridge 1
fioricet_cambridge_article_retention 1583143398039 360 232 touchstart 113 39 1.5 1.5 0 cambridge 1
fioricet_cambridge_article_retention 1583143398177 360 232 touchmove 113 39 1 1 0 cambridge 1
fioricet_cambridge_article_retention 1583143398187 360 232 touchend 113 39 1 1 0 cambridge 1
fioricet_cambridge_article_retention 1583143398665 360 232 touchend 248 36 1.25 1.25 0 cambridge 1
fioricet_cambridge_article_retention 1583143399549 360 232 touchstart 279 26 0.5 0.5 0 cambridge 1
fioricet_cambridge_article_retention 1583143399581 360 232 touchmove 279 26 0.75 0.75 0 cambridge 1
fioricet_cambridge_article_retention 1583143399647 360 232 touchend 279 26 0.75 0.75 0 cambridge 1
fioricet_cambridge_article_retention 1583143400464 360 232 touchstart 91 20 1 1 0 cambridge 1
fioricet_cambridge_article_retention 1583143400559 360 232 touchend 91 20 1 1 0 cambridge 1
fioricet_cambridge_article_retention 1583143400464 360 232 touchstart 91 20 1 1 0 cambridge 1 1
fioricet_cambridge_article_retention 1583143400559 360 232 touchend 91 20 1 1 0 cambridge 1 1
fioricet_cambridge_article_retention 1583143400864 360 232 touchstart 123 98 1 1 0 cambridge 1
fioricet_cambridge_article_retention 1583143400959 360 232 touchend 123 98 1 1 0 cambridge 1
fioricet_cambridge_article_retention 1583143402380 360 232 touchstart 68 46 0.75 0.75 0 cambridge 1
fioricet_cambridge_article_retention 1583143402405 360 232 touchmove 68 46 1.25 1.25 0 cambridge 1
fioricet_cambridge_article_retention 1583143402454 360 232 touchmove 60 57 1.25 1.25 0 cambridge 1
fioricet_cambridge_article_retention 1583143402471 360 232 touchmove 50 71 1.25 1.25 0 cambridge 1
fioricet_cambridge_article_retention 1583143402487 360 232 touchmove 42 87 1.25 1.25 0 cambridge 1
fioricet_cambridge_article_retention 1583143402504 360 232 touchmove 35 103 1.25 1.25 0 cambridge 1
fioricet_cambridge_article_retention 1583143402521 360 232 touchmove 32 120 1.25 1.25 0 cambridge 1
fioricet_cambridge_article_retention 1583143402537 360 232 touchmove 29 136 1.25 1.25 0 cambridge 1
fioricet_cambridge_article_retention 1583143402555 360 232 touchmove 29 150 1.25 1.25 0 cambridge 1
fioricet_cambridge_article_retention 1583143402571 360 232 touchmove 34 165 1.25 1.25 0 cambridge 1
fioricet_cambridge_article_retention 1583143402588 360 232 touchmove 41 180 1.25 1.25 0 cambridge 1
fioricet_cambridge_article_retention 1583143402605 360 232 touchmove 51 190 1.25 1.25 0 cambridge 1
fioricet_cambridge_article_retention 1583143402621 360 232 touchmove 61 195 1.25 1.25 0 cambridge 1
fioricet_cambridge_article_retention 1583143402637 360 232 touchmove 75 195 1.25 1.25 0 cambridge 1
fioricet_cambridge_article_retention 1583143402654 360 232 touchmove 92 185 1.25 1.25 0 cambridge 1
fioricet_cambridge_article_retention 1583143402672 360 232 touchmove 111 168 1.25 1.25 0 cambridge 1
fioricet_cambridge_article_retention 1583143402688 360 232 touchmove 127 147 1.25 1.25 0 cambridge 1
fioricet_cambridge_article_retention 1583143402704 360 232 touchmove 141 130 1.25 1.25 0 cambridge 1
fioricet_cambridge_article_retention 1583143402721 360 232 touchmove 151 118 1.25 1.25 0 cambridge 1
fioricet_cambridge_article_retention 1583143402738 360 232 touchmove 160 109 1.25 1.25 0 cambridge 1
fioricet_cambridge_article_retention 1583143402755 360 232 touchmove 169 99 1.25 1.25 0 cambridge 1
fioricet_cambridge_article_retention 1583143402771 360 232 touchmove 177 85 1.25 1.25 0 cambridge 1
fioricet_cambridge_article_retention 1583143402788 360 232 touchmove 180 72 1.25 1.25 0 cambridge 1
fioricet_cambridge_article_retention 1583143402804 360 232 touchmove 180 60 1.5 1.5 0 cambridge 1
fioricet_cambridge_article_retention 1583143402821 360 232 touchmove 177 51 1.5 1.5 0 cambridge 1
fioricet_cambridge_article_retention 1583143402837 360 232 touchmove 172 47 1.5 1.5 0 cambridge 1
fioricet_cambridge_article_retention 1583143402854 360 232 touchmove 167 46 1.5 1.5 0 cambridge 1
fioricet_cambridge_article_retention 1583143402870 360 232 touchmove 161 49 1.5 1.5 0 cambridge 1
fioricet_cambridge_article_retention 1583143402889 360 232 touchmove 148 60 1.5 1.5 0 cambridge 1
fioricet_cambridge_article_retention 1583143402905 360 232 touchmove 132 80 1.5 1.5 0 cambridge 1
fioricet_cambridge_article_retention 1583143402921 360 232 touchmove 119 103 1.5 1.5 0 cambridge 1
fioricet_cambridge_article_retention 1583143402937 360 232 touchmove 114 120 1.5 1.5 0 cambridge 1
fioricet_cambridge_article_retention 1583143402954 360 232 touchmove 113 131 1.5 1.5 0 cambridge 1
fioricet_cambridge_article_retention 1583143402971 360 232 touchmove 114 135 1.5 1.5 0 cambridge 1
fioricet_cambridge_article_retention 1583143402988 360 232 touchmove 116 136 1.5 1.5 0 cambridge 1
fioricet_cambridge_article_retention 1583143403004 360 232 touchmove 118 137 1.5 1.5 0 cambridge 1
fioricet_cambridge_article_retention 1583143403021 360 232 touchmove 126 132 1.5 1.5 0 cambridge 1
fioricet_cambridge_article_retention 1583143403037 360 232 touchmove 141 119 1.5 1.5 0 cambridge 1
fioricet_cambridge_article_retention 1583143403054 360 232 touchmove 157 102 1.5 1.5 0 cambridge 1
fioricet_cambridge_article_retention 1583143403071 360 232 touchmove 170 88 1.5 1.5 0 cambridge 1
fioricet_cambridge_article_retention 1583143403087 360 232 touchmove 177 77 1.5 1.5 0 cambridge 1
fioricet_cambridge_article_retention 1583143403104 360 232 touchmove 182 68 1.5 1.5 0 cambridge 1
fioricet_cambridge_article_retention 1583143403120 360 232 touchmove 185 62 1.5 1.5 0 cambridge 1
fioricet_cambridge_article_retention 1583143403137 360 232 touchmove 186 59 1.5 1.5 0 cambridge 1
fioricet_cambridge_article_retention 1583143403154 360 232 touchmove 188 57 1.5 1.5 0 cambridge 1
fioricet_cambridge_article_retention 1583143403171 360 232 touchmove 190 55 1.5 1.5 0 cambridge 1
fioricet_cambridge_article_retention 1583143403188 360 232 touchmove 195 54 1.5 1.5 0 cambridge 1
fioricet_cambridge_article_retention 1583143403204 360 232 touchmove 200 55 1.5 1.5 0 cambridge 1
fioricet_cambridge_article_retention 1583143403220 360 232 touchmove 205 57 1.5 1.5 0 cambridge 1
fioricet_cambridge_article_retention 1583143403237 360 232 touchmove 209 61 1.5 1.5 0 cambridge 1
fioricet_cambridge_article_retention 1583143403254 360 232 touchmove 212 67 1.5 1.5 0 cambridge 1
fioricet_cambridge_article_retention 1583143403271 360 232 touchmove 213 74 1.5 1.5 0 cambridge 1
fioricet_cambridge_article_retention 1583143403287 360 232 touchmove 212 78 1.5 1.5 0 cambridge 1
fioricet_cambridge_article_retention 1583143403304 360 232 touchmove 212 79 1.5 1.5 0 cambridge 1
fioricet_cambridge_article_retention 1583143403320 360 232 touchmove 212 80 1.5 1.5 0 cambridge 1
fioricet_cambridge_article_retention 1583143403337 360 232 touchmove 212 80 1.5 1.5 0 cambridge 1
fioricet_cambridge_article_retention 1583143403357 360 232 touchmove 212 79 1.5 1.5 0 cambridge 1
fioricet_cambridge_article_retention 1583143403375 360 232 touchmove 212 78 1.5 1.5 0 cambridge 1
fioricet_cambridge_article_retention 1583143403388 360 232 touchmove 213 77 1.5 1.5 0 cambridge 1
fioricet_cambridge_article_retention 1583143403404 360 232 touchmove 216 72 1.5 1.5 0 cambridge 1
fioricet_cambridge_article_retention 1583143403420 360 232 touchmove 220 66 1.5 1.5 0 cambridge 1
fioricet_cambridge_article_retention 1583143403437 360 232 touchmove 225 60 1.5 1.5 0 cambridge 1
fioricet_cambridge_article_retention 1583143403453 360 232 touchmove 227 58 1.5 1.5 0 cambridge 1
fioricet_cambridge_article_retention 1583143403470 360 232 touchmove 229 57 1.5 1.5 0 cambridge 1
fioricet_cambridge_article_retention 1583143403487 360 232 touchmove 231 56 1.5 1.5 0 cambridge 1
fioricet_cambridge_article_retention 1583143403504 360 232 touchmove 233 56 1.5 1.5 0 cambridge 1
fioricet_cambridge_article_retention 1583143403524 360 232 touchmove 236 56 1.5 1.5 0 cambridge 1
fioricet_cambridge_article_retention 1583143403537 360 232 touchmove 239 57 1.5 1.5 0 cambridge 1
fioricet_cambridge_article_retention 1583143403553 360 232 touchmove 241 59 1.5 1.5 0 cambridge 1
fioricet_cambridge_article_retention 1583143403570 360 232 touchmove 244 61 1.5 1.5 0 cambridge 1
fioricet_cambridge_article_retention 1583143403587 360 232 touchmove 247 62 1.5 1.5 0 cambridge 1
fioricet_cambridge_article_retention 1583143403604 360 232 touchmove 252 63 1.5 1.5 0 cambridge 1
fioricet_cambridge_article_retention 1583143403620 360 232 touchmove 257 63 1.5 1.5 0 cambridge 1
fioricet_cambridge_article_retention 1583143403637 360 232 touchmove 264 63 1.5 1.5 0 cambridge 1
fioricet_cambridge_article_retention 1583143403653 360 232 touchmove 270 61 1.5 1.5 0 cambridge 1
fioricet_cambridge_article_retention 1583143403670 360 232 touchmove 275 58 1.5 1.5 0 cambridge 1
fioricet_cambridge_article_retention 1583143403686 360 232 touchmove 280 54 1.5 1.5 0 cambridge 1
fioricet_cambridge_article_retention 1583143403703 360 232 touchmove 284 50 1.5 1.5 0 cambridge 1
fioricet_cambridge_article_retention 1583143403721 360 232 touchmove 287 46 1.5 1.5 0 cambridge 1
fioricet_cambridge_article_retention 1583143403737 360 232 touchmove 288 43 1.5 1.5 0 cambridge 1
fioricet_cambridge_article_retention 1583143403753 360 232 touchmove 286 38 1.5 1.5 0 cambridge 1
fioricet_cambridge_article_retention 1583143403770 360 232 touchmove 273 35 1.5 1.5 0 cambridge 1
fioricet_cambridge_article_retention 1583143403787 360 232 touchmove 239 44 1.5 1.5 0 cambridge 1
fioricet_cambridge_article_retention 1583143403803 360 232 touchmove 197 69 1.5 1.5 0 cambridge 1
fioricet_cambridge_article_retention 1583143403820 360 232 touchmove 164 98 1.5 1.5 0 cambridge 1
fioricet_cambridge_article_retention 1583143403837 360 232 touchmove 143 126 1.5 1.5 0 cambridge 1
fioricet_cambridge_article_retention 1583143403853 360 232 touchmove 130 147 1.5 1.5 0 cambridge 1
fioricet_cambridge_article_retention 1583143403870 360 232 touchmove 119 164 1.5 1.5 0 cambridge 1
fioricet_cambridge_article_retention 1583143403886 360 232 touchmove 106 181 1.5 1.5 0 cambridge 1
fioricet_cambridge_article_retention 1583143403903 360 232 touchmove 93 196 1.5 1.5 0 cambridge 1
fioricet_cambridge_article_retention 1583143403919 360 232 touchmove 85 208 1.5 1.5 0 cambridge 1
fioricet_cambridge_article_retention 1583143403937 360 232 touchmove 81 214 1.5 1.5 0 cambridge 1
fioricet_cambridge_article_retention 1583143403953 360 232 touchmove 79 217 1.5 1.5 0 cambridge 1
fioricet_cambridge_article_retention 1583143403971 360 232 touchmove 78 218 1.5 1.5 0 cambridge 1
fioricet_cambridge_article_retention 1583143403986 360 232 touchmove 77 219 1.5 1.5 0 cambridge 1
fioricet_cambridge_article_retention 1583143404003 360 232 touchmove 77 219 1.5 1.5 0 cambridge 1
fioricet_cambridge_article_retention 1583143404023 360 232 touchmove 77 218 2 2 0 cambridge 1
fioricet_cambridge_article_retention 1583143404036 360 232 touchmove 78 216 1.5 1.5 0 cambridge 1
fioricet_cambridge_article_retention 1583143404053 360 232 touchmove 84 201 1.5 1.5 0 cambridge 1
fioricet_cambridge_article_retention 1583143404070 360 232 touchmove 99 180 1.5 1.5 0 cambridge 1
fioricet_cambridge_article_retention 1583143404086 360 232 touchmove 124 146 1.5 1.5 0 cambridge 1
fioricet_cambridge_article_retention 1583143404103 360 232 touchmove 157 104 1.5 1.5 0 cambridge 1
fioricet_cambridge_article_retention 1583143404119 360 232 touchmove 193 71 1.5 1.5 0 cambridge 1
fioricet_cambridge_article_retention 1583143404136 360 232 touchmove 232 48 1.5 1.5 0 cambridge 1
fioricet_cambridge_article_retention 1583143404153 360 232 touchmove 273 32 1.5 1.5 0 cambridge 1
fioricet_cambridge_article_retention 1583143404169 360 232 touchmove 301 27 1.5 1.5 0 cambridge 1
fioricet_cambridge_article_retention 1583143404186 360 232 touchmove 314 28 1.5 1.5 0 cambridge 1
fioricet_cambridge_article_retention 1583143404203 360 232 touchmove 318 28 1.25 1.25 0 cambridge 1
fioricet_cambridge_article_retention 1583143404221 360 232 touchmove 322 27 1.25 1.25 0 cambridge 1
fioricet_cambridge_article_retention 1583143404236 360 232 touchmove 324 27 1.25 1.25 0 cambridge 1
fioricet_cambridge_article_retention 1583143404253 360 232 touchmove 326 25 1.25 1.25 0 cambridge 1
fioricet_cambridge_article_retention 1583143404270 360 232 touchmove 326 25 1.25 1.25 0 cambridge 1
fioricet_cambridge_article_retention 1583143404286 360 232 touchmove 326 24 1.25 1.25 0 cambridge 1
fioricet_cambridge_article_retention 1583143404303 360 232 touchmove 327 24 1.25 1.25 0 cambridge 1
fioricet_cambridge_article_retention 1583143404320 360 232 touchmove 327 24 1.25 1.25 0 cambridge 1
fioricet_cambridge_article_retention 1583143404436 360 232 touchmove 327 23 1.25 1.25 0 cambridge 1
fioricet_cambridge_article_retention 1583143404453 360 232 touchmove 327 23 1 1 0 cambridge 1
fioricet_cambridge_article_retention 1583143404457 360 232 touchend 327 23 1 1 0 cambridge 1
