sentence timestamp keyb_width keyb_height event x_pos y_pos x_radius y_radius angle word is_err
nbc_itself_photographs_arlington 1583327888811 360 224 touchstart 207 88 0.604248046875 0.604248046875 0 nbc 1
nbc_itself_photographs_arlington 1583327888832 360 224 touchmove 208 88 0.604248046875 0.604248046875 0 nbc 1
nbc_itself_photographs_arlington 1583327888899 360 224 touchmove 208 89 0.67138671875 0.67138671875 0 nbc 1
nbc_itself_photographs_arlington 1583327888908 360 224 touchend 208 89 0.67138671875 0.67138671875 0 nbc 1
nbc_itself_photographs_arlington 1583327888811 360 224 touchstart 207 88 0.604248046875 0.604248046875 0 nbc 1 1
nbc_itself_photographs_arlington 1583327888832 360 224 touchmove 208 88 0.604248046875 0.604248046875 0 nbc 1 1
nbc_itself_photographs_arlington 1583327888899 360 224 touchmove 208 89 0.67138671875 0.67138671875 0 nbc 1 1
nbc_itself_photographs_arlington 1583327888908 360 224 touchend 208 89 0.67138671875 0.67138671875 0 nbc 1 1
nbc_itself_photographs_arlington 1583327888972 360 224 touchstart 198 84 0.604248046875 0.604248046875 0 nbc 1
nbc_itself_photographs_arlington 1583327888980 360 224 touchmove 198 84 0.604248046875 0.604248046875 0 nbc 1
nbc_itself_photographs_arlington 1583327888998 360 224 touchmove 199 84 0.67138671875 0.67138671875 0 nbc 1
nbc_itself_photographs_arlington 1583327889015 360 224 touchmove 199 84 0.67138671875 0.67138671875 0 nbc 1
nbc_itself_photographs_arlington 1583327889030 360 224 touchmove 199 84 0.67138671875 0.67138671875 0 nbc 1
nbc_itself_photographs_arlington 1583327889047 360 224 touchmove 199 84 0.67138671875 0.67138671875 0 nbc 1
nbc_itself_photographs_arlington 1583327889064 360 224 touchmove 197 84 0.67138671875 0.67138671875 0 nbc 1
nbc_itself_photographs_arlington 1583327889079 360 224 touchmove 196 85 0.738525390625 0.738525390625 0 nbc 1
nbc_itself_photographs_arlington 1583327889081 360 224 touchend 196 85 0.738525390625 0.738525390625 0 nbc 1
nbc_itself_photographs_arlington 1583327888811 360 224 touchstart 207 88 0.604248046875 0.604248046875 0 nbc 1 1 1
nbc_itself_photographs_arlington 1583327888832 360 224 touchmove 208 88 0.604248046875 0.604248046875 0 nbc 1 1 1
nbc_itself_photographs_arlington 1583327888899 360 224 touchmove 208 89 0.67138671875 0.67138671875 0 nbc 1 1 1
nbc_itself_photographs_arlington 1583327888908 360 224 touchend 208 89 0.67138671875 0.67138671875 0 nbc 1 1 1
nbc_itself_photographs_arlington 1583327888972 360 224 touchstart 198 84 0.604248046875 0.604248046875 0 nbc 1 1
nbc_itself_photographs_arlington 1583327888980 360 224 touchmove 198 84 0.604248046875 0.604248046875 0 nbc 1 1
nbc_itself_photographs_arlington 1583327888998 360 224 touchmove 199 84 0.67138671875 0.67138671875 0 nbc 1 1
nbc_itself_photographs_arlington 1583327889015 360 224 touchmove 199 84 0.67138671875 0.67138671875 0 nbc 1 1
nbc_itself_photographs_arlington 1583327889030 360 224 touchmove 199 84 0.67138671875 0.67138671875 0 nbc 1 1
nbc_itself_photographs_arlington 1583327889047 360 224 touchmove 199 84 0.67138671875 0.67138671875 0 nbc 1 1
nbc_itself_photographs_arlington 1583327889064 360 224 touchmove 197 84 0.67138671875 0.67138671875 0 nbc 1 1
nbc_itself_photographs_arlington 1583327889079 360 224 touchmove 196 85 0.738525390625 0.738525390625 0 nbc 1 1
nbc_itself_photographs_arlington 1583327889081 360 224 touchend 196 85 0.738525390625 0.738525390625 0 nbc 1 1
nbc_itself_photographs_arlington 1583327889174 360 224 touchstart 190 68 0.604248046875 0.604248046875 0 nbc 1
nbc_itself_photographs_arlington 1583327889197 360 224 touchmove 190 68 0.604248046875 0.604248046875 0 nbc 1
nbc_itself_photographs_arlington 1583327889222 360 224 touchmove 190 68 0.604248046875 0.604248046875 0 nbc 1
nbc_itself_photographs_arlington 1583327889232 360 224 touchmove 189 67 0.604248046875 0.604248046875 0 nbc 1
nbc_itself_photographs_arlington 1583327889241 360 224 touchmove 187 66 0.604248046875 0.604248046875 0 nbc 1
nbc_itself_photographs_arlington 1583327889247 360 224 touchmove 184 65 0.67138671875 0.67138671875 0 nbc 1
nbc_itself_photographs_arlington 1583327889256 360 224 touchend 184 65 0.67138671875 0.67138671875 0 nbc 1
