sentence timestamp keyb_width keyb_height event x_pos y_pos x_radius y_radius angle word is_err
broadway_min_portion_hexagon 1583697253372 360 221 touchstart 209 154 25.333333969116 25.333333969116 62.999996185303 broadway 0
broadway_min_portion_hexagon 1583697253391 360 221 touchmove 209 154 25.333333969116 28 66.999992370605 broadway 0
broadway_min_portion_hexagon 1583697253412 360 221 touchmove 209 154 25.333333969116 30.5 75 broadway 0
broadway_min_portion_hexagon 1583697253491 360 221 touchmove 209 154 25.333333969116 28 72 broadway 0
broadway_min_portion_hexagon 1583697253507 360 221 touchmove 210 155 25.333333969116 28 75 broadway 0
broadway_min_portion_hexagon 1583697253525 360 221 touchmove 210 155 25.333333969116 28 72.999992370605 broadway 0
broadway_min_portion_hexagon 1583697253543 360 221 touchmove 210 155 25.333333969116 28 72.999992370605 broadway 0
broadway_min_portion_hexagon 1583697253560 360 221 touchmove 211 155 25.333333969116 28 72.999992370605 broadway 0
broadway_min_portion_hexagon 1583697253587 360 221 touchmove 211 155 25.333333969116 30.5 77 broadway 0
broadway_min_portion_hexagon 1583697253666 360 221 touchmove 211 155 25.333333969116 28 68.999992370605 broadway 0
broadway_min_portion_hexagon 1583697253675 360 221 touchmove 208 152 25.333333969116 28 59 broadway 0
broadway_min_portion_hexagon 1583697253692 360 221 touchmove 201 142 25.333333969116 28 76 broadway 0
broadway_min_portion_hexagon 1583697253709 360 221 touchmove 191 130 25.333333969116 28 86.999992370605 broadway 0
broadway_min_portion_hexagon 1583697253724 360 221 touchmove 180 113 28 28 30 broadway 0
broadway_min_portion_hexagon 1583697253742 360 221 touchmove 162 91 30.5 28 45 broadway 0
broadway_min_portion_hexagon 1583697253759 360 221 touchmove 147 70 25.333333969116 30.5 87.999992370605 broadway 0
broadway_min_portion_hexagon 1583697253774 360 221 touchmove 137 52 33 25.333333969116 2.0000076293945 broadway 0
broadway_min_portion_hexagon 1583697253792 360 221 touchmove 131 37 33 25.333333969116 5.0000076293945 broadway 0
broadway_min_portion_hexagon 1583697253809 360 221 touchmove 127 27 30.5 25.333333969116 12 broadway 0
broadway_min_portion_hexagon 1583697253825 360 221 touchmove 124 21 33 28 28.000003814697 broadway 0
broadway_min_portion_hexagon 1583697253842 360 221 touchmove 123 17 33 28 31 broadway 0
broadway_min_portion_hexagon 1583697253858 360 221 touchmove 123 17 33 28 28.000003814697 broadway 0
broadway_min_portion_hexagon 1583697253876 360 221 touchmove 123 17 33 28 29 broadway 0
broadway_min_portion_hexagon 1583697253892 360 221 touchmove 123 16 33 28 30 broadway 0
broadway_min_portion_hexagon 1583697253940 360 221 touchmove 123 16 30.5 28 17.000007629395 broadway 0
broadway_min_portion_hexagon 1583697253962 360 221 touchmove 123 16 33 25.333333969116 16.000007629395 broadway 0
broadway_min_portion_hexagon 1583697253975 360 221 touchmove 123 17 33 28 16.000007629395 broadway 0
broadway_min_portion_hexagon 1583697253991 360 221 touchmove 123 19 33 25.333333969116 12 broadway 0
broadway_min_portion_hexagon 1583697254008 360 221 touchmove 130 21 30.5 25.333333969116 17.000007629395 broadway 0
broadway_min_portion_hexagon 1583697254025 360 221 touchmove 151 19 30.5 25.333333969116 22 broadway 0
broadway_min_portion_hexagon 1583697254041 360 221 touchmove 178 13 28 22.833333969116 8 broadway 0
broadway_min_portion_hexagon 1583697254058 360 221 touchmove 214 10 28 22.833333969116 5.0000076293945 broadway 0
broadway_min_portion_hexagon 1583697254075 360 221 touchmove 249 10 28 22.833333969116 0 broadway 0
broadway_min_portion_hexagon 1583697254091 360 221 touchmove 272 11 28 22.833333969116 4 broadway 0
broadway_min_portion_hexagon 1583697254109 360 221 touchmove 289 12 28 22.833333969116 0 broadway 0
broadway_min_portion_hexagon 1583697254124 360 221 touchmove 297 13 28 25.333333969116 3.0000076293945 broadway 0
broadway_min_portion_hexagon 1583697254141 360 221 touchmove 301 14 25.333333969116 30.5 83 broadway 0
broadway_min_portion_hexagon 1583697254162 360 221 touchmove 304 15 25.333333969116 30.5 86 broadway 0
broadway_min_portion_hexagon 1583697254177 360 221 touchmove 304 15 25.333333969116 30.5 83 broadway 0
broadway_min_portion_hexagon 1583697254193 360 221 touchmove 304 15 25.333333969116 28 78 broadway 0
broadway_min_portion_hexagon 1583697254211 360 221 touchmove 305 15 25.333333969116 28 72 broadway 0
broadway_min_portion_hexagon 1583697254227 360 221 touchmove 305 16 25.333333969116 28 72 broadway 0
broadway_min_portion_hexagon 1583697254245 360 221 touchmove 298 19 25.333333969116 30.5 70 broadway 0
broadway_min_portion_hexagon 1583697254262 360 221 touchmove 283 19 25.333333969116 28 66 broadway 0
broadway_min_portion_hexagon 1583697254278 360 221 touchmove 258 18 25.333333969116 30.5 68 broadway 0
broadway_min_portion_hexagon 1583697254295 360 221 touchmove 223 18 25.333333969116 30.5 56.999996185303 broadway 0
broadway_min_portion_hexagon 1583697254312 360 221 touchmove 180 22 25.333333969116 33 65 broadway 0
broadway_min_portion_hexagon 1583697254328 360 221 touchmove 141 30 25.333333969116 33 66.999992370605 broadway 0
broadway_min_portion_hexagon 1583697254345 360 221 touchmove 106 44 28 33 84.999992370605 broadway 0
broadway_min_portion_hexagon 1583697254363 360 221 touchmove 85 56 33 28 13 broadway 0
broadway_min_portion_hexagon 1583697254379 360 221 touchmove 77 61 35.5 28 13 broadway 0
broadway_min_portion_hexagon 1583697254396 360 221 touchmove 73 64 35.5 25.333333969116 14 broadway 0
broadway_min_portion_hexagon 1583697254412 360 221 touchmove 71 65 35.5 25.333333969116 15 broadway 0
broadway_min_portion_hexagon 1583697254429 360 221 touchmove 69 66 35.5 25.333333969116 13 broadway 0
broadway_min_portion_hexagon 1583697254446 360 221 touchmove 67 67 38.166667938232 25.333333969116 10 broadway 0
broadway_min_portion_hexagon 1583697254462 360 221 touchmove 65 69 38.166667938232 28 12 broadway 0
broadway_min_portion_hexagon 1583697254478 360 221 touchmove 64 71 38.166667938232 28 8 broadway 0
broadway_min_portion_hexagon 1583697254495 360 221 touchmove 63 73 38.166667938232 28 11.000007629395 broadway 0
broadway_min_portion_hexagon 1583697254511 360 221 touchmove 62 76 38.166667938232 28 11.000007629395 broadway 0
broadway_min_portion_hexagon 1583697254529 360 221 touchmove 63 78 35.5 28 10 broadway 0
broadway_min_portion_hexagon 1583697254546 360 221 touchmove 63 81 35.5 28 11.000007629395 broadway 0
broadway_min_portion_hexagon 1583697254563 360 221 touchmove 66 84 35.5 28 8 broadway 0
broadway_min_portion_hexagon 1583697254580 360 221 touchmove 71 88 30.5 28 3.0000076293945 broadway 0
broadway_min_portion_hexagon 1583697254596 360 221 touchmove 80 91 33 28 0 broadway 0
broadway_min_portion_hexagon 1583697254614 360 221 touchmove 90 93 25.333333969116 30.5 78 broadway 0
broadway_min_portion_hexagon 1583697254630 360 221 touchmove 102 94 25.333333969116 33 82 broadway 0
broadway_min_portion_hexagon 1583697254645 360 221 touchmove 112 95 25.333333969116 30.5 70 broadway 0
broadway_min_portion_hexagon 1583697254663 360 221 touchmove 118 95 25.333333969116 28 56.999996185303 broadway 0
broadway_min_portion_hexagon 1583697254679 360 221 touchmove 123 96 25.333333969116 30.5 86 broadway 0
broadway_min_portion_hexagon 1583697254698 360 221 touchmove 125 96 28 30.5 80.999992370605 broadway 0
broadway_min_portion_hexagon 1583697254715 360 221 touchmove 126 96 28 30.5 86 broadway 0
broadway_min_portion_hexagon 1583697254730 360 221 touchmove 126 97 28 30.5 89 broadway 0
broadway_min_portion_hexagon 1583697254753 360 221 touchmove 126 97 28 28 6.9999995231628 broadway 0
broadway_min_portion_hexagon 1583697254775 360 221 touchmove 126 97 30.5 28 61 broadway 0
broadway_min_portion_hexagon 1583697254795 360 221 touchmove 124 96 28 28 89 broadway 0
broadway_min_portion_hexagon 1583697254809 360 221 touchmove 121 96 30.5 28 0 broadway 0
broadway_min_portion_hexagon 1583697254823 360 221 touchmove 112 92 28 28 7 broadway 0
broadway_min_portion_hexagon 1583697254840 360 221 touchmove 103 84 30.5 30.5 12 broadway 0
broadway_min_portion_hexagon 1583697254857 360 221 touchmove 94 72 33 28 7 broadway 0
broadway_min_portion_hexagon 1583697254875 360 221 touchmove 87 55 35.5 25.333333969116 11.000007629395 broadway 0
broadway_min_portion_hexagon 1583697254890 360 221 touchmove 83 36 35.5 25.333333969116 16.000007629395 broadway 0
broadway_min_portion_hexagon 1583697254907 360 221 touchmove 82 20 35.5 28 25 broadway 0
broadway_min_portion_hexagon 1583697254924 360 221 touchmove 83 6 35.5 28 33.000003814697 broadway 0
broadway_min_portion_hexagon 1583697254941 360 221 touchmove 84 0 35.5 30.5 27.000003814697 broadway 0
broadway_min_portion_hexagon 1583697254958 360 221 touchmove 84 -2 35.5 30.5 26 broadway 0
broadway_min_portion_hexagon 1583697254974 360 221 touchmove 84 -2 38.166667938232 30.5 22 broadway 0
broadway_min_portion_hexagon 1583697254992 360 221 touchmove 82 -2 35.5 28 18 broadway 0
broadway_min_portion_hexagon 1583697255008 360 221 touchmove 75 7 38.166667938232 30.5 26 broadway 0
broadway_min_portion_hexagon 1583697255024 360 221 touchmove 66 24 38.166667938232 30.5 27.000003814697 broadway 0
broadway_min_portion_hexagon 1583697255041 360 221 touchmove 55 47 38.166667938232 30.5 26 broadway 0
broadway_min_portion_hexagon 1583697255058 360 221 touchmove 46 68 38.166667938232 30.5 23.000007629395 broadway 0
broadway_min_portion_hexagon 1583697255074 360 221 touchmove 41 85 35.5 28 17.000007629395 broadway 0
broadway_min_portion_hexagon 1583697255091 360 221 touchmove 38 97 33 28 15 broadway 0
broadway_min_portion_hexagon 1583697255108 360 221 touchmove 37 103 33 28 18 broadway 0
broadway_min_portion_hexagon 1583697255124 360 221 touchmove 37 105 33 28 17.000007629395 broadway 0
broadway_min_portion_hexagon 1583697255141 360 221 touchmove 37 106 33 28 19 broadway 0
broadway_min_portion_hexagon 1583697255169 360 221 touchmove 37 106 35.5 28 19 broadway 0
broadway_min_portion_hexagon 1583697255193 360 221 touchmove 40 105 35.5 30.5 20 broadway 0
broadway_min_portion_hexagon 1583697255206 360 221 touchmove 49 100 33 30.5 18 broadway 0
broadway_min_portion_hexagon 1583697255224 360 221 touchmove 63 91 33 28 8 broadway 0
broadway_min_portion_hexagon 1583697255240 360 221 touchmove 85 80 30.5 33 78 broadway 0
broadway_min_portion_hexagon 1583697255256 360 221 touchmove 115 69 25.333333969116 28 84.999992370605 broadway 0
broadway_min_portion_hexagon 1583697255274 360 221 touchmove 149 62 25.333333969116 28 84 broadway 0
broadway_min_portion_hexagon 1583697255290 360 221 touchmove 179 56 25.333333969116 22.833333969116 8 broadway 0
broadway_min_portion_hexagon 1583697255307 360 221 touchmove 208 51 28 25.333333969116 15 broadway 0
broadway_min_portion_hexagon 1583697255324 360 221 touchmove 224 50 25.333333969116 28 86.999992370605 broadway 0
broadway_min_portion_hexagon 1583697255341 360 221 touchmove 230 50 25.333333969116 28 71 broadway 0
broadway_min_portion_hexagon 1583697255356 360 221 touchmove 232 49 25.333333969116 28 71 broadway 0
broadway_min_portion_hexagon 1583697255375 360 221 touchmove 232 49 25.333333969116 28 66.999992370605 broadway 0
broadway_min_portion_hexagon 1583697255389 360 221 touchmove 232 49 25.333333969116 30.5 83 broadway 0
broadway_min_portion_hexagon 1583697255408 360 221 touchmove 232 49 25.333333969116 28 66 broadway 0
broadway_min_portion_hexagon 1583697255424 360 221 touchmove 232 49 25.333333969116 28 66.999992370605 broadway 0
broadway_min_portion_hexagon 1583697255441 360 221 touchmove 230 49 25.333333969116 28 72.999992370605 broadway 0
broadway_min_portion_hexagon 1583697255457 360 221 touchmove 226 46 25.333333969116 28 77 broadway 0
broadway_min_portion_hexagon 1583697255474 360 221 touchmove 222 37 25.333333969116 28 83 broadway 0
broadway_min_portion_hexagon 1583697255491 360 221 touchmove 220 24 25.333333969116 28 77 broadway 0
broadway_min_portion_hexagon 1583697255507 360 221 touchmove 219 8 25.333333969116 28 84.999992370605 broadway 0
broadway_min_portion_hexagon 1583697255524 360 221 touchmove 221 -11 28 28 66.999992370605 broadway 0
broadway_min_portion_hexagon 1583697255540 360 221 touchmove 226 -28 25.333333969116 30.5 77 broadway 0
broadway_min_portion_hexagon 1583697255557 360 221 touchmove 233 -39 28 28 72.999992370605 broadway 0
broadway_min_portion_hexagon 1583697255573 360 221 touchmove 241 -50 25.333333969116 28 33 broadway 0
broadway_min_portion_hexagon 1583697255578 360 221 touchend 241 -50 25.333333969116 28 33 broadway 0
broadway_min_portion_hexagon 1583697256955 360 221 touchmove 289 1 25.333333969116 30.5 87.999992370605 min 0
broadway_min_portion_hexagon 1583697256973 360 221 touchmove 289 1 30.5 25.333333969116 0 min 0
broadway_min_portion_hexagon 1583697256990 360 221 touchmove 289 1 25.333333969116 28 80 min 0
broadway_min_portion_hexagon 1583697257006 360 221 touchmove 285 8 28 28 72.999992370605 min 0
broadway_min_portion_hexagon 1583697257023 360 221 touchmove 280 20 28 28 62.999996185303 min 0
broadway_min_portion_hexagon 1583697257040 360 221 touchmove 273 36 28 30.5 72 min 0
broadway_min_portion_hexagon 1583697257057 360 221 touchmove 266 54 25.333333969116 28 71 min 0
broadway_min_portion_hexagon 1583697257073 360 221 touchmove 262 75 25.333333969116 28 84.999992370605 min 0
broadway_min_portion_hexagon 1583697257089 360 221 touchmove 259 95 25.333333969116 28 82 min 0
broadway_min_portion_hexagon 1583697257107 360 221 touchmove 256 115 25.333333969116 28 75 min 0
broadway_min_portion_hexagon 1583697257124 360 221 touchmove 252 135 28 30.5 47 min 0
broadway_min_portion_hexagon 1583697257140 360 221 touchmove 247 150 25.333333969116 28 51.999996185303 min 0
broadway_min_portion_hexagon 1583697257156 360 221 touchmove 243 161 28 28 50.999996185303 min 0
broadway_min_portion_hexagon 1583697257173 360 221 touchmove 240 165 25.333333969116 28 70 min 0
broadway_min_portion_hexagon 1583697257189 360 221 touchmove 239 167 25.333333969116 28 77 min 0
broadway_min_portion_hexagon 1583697257208 360 221 touchmove 239 168 25.333333969116 28 86.999992370605 min 0
broadway_min_portion_hexagon 1583697257223 360 221 touchmove 239 168 25.333333969116 28 72.999992370605 min 0
broadway_min_portion_hexagon 1583697257318 360 221 touchmove 239 168 28 30.5 55 min 0
broadway_min_portion_hexagon 1583697257322 360 221 touchend 239 168 28 30.5 55 min 0
broadway_min_portion_hexagon 1583697258275 360 221 touchstart 350 29 15.166666984558 25.333333969116 1 portion 0
broadway_min_portion_hexagon 1583697258355 360 221 touchmove 350 29 15.166666984558 22.833333969116 1 portion 0
broadway_min_portion_hexagon 1583697258372 360 221 touchmove 350 29 15.166666984558 25.333333969116 1 portion 0
broadway_min_portion_hexagon 1583697258388 360 221 touchmove 350 29 15.166666984558 22.833333969116 1 portion 0
broadway_min_portion_hexagon 1583697258405 360 221 touchmove 350 29 15.166666984558 25.333333969116 2 portion 0
broadway_min_portion_hexagon 1583697258471 360 221 touchmove 350 29 20.333333969116 25.333333969116 9 portion 0
broadway_min_portion_hexagon 1583697258490 360 221 touchmove 344 28 22.833333969116 25.333333969116 16 portion 0
broadway_min_portion_hexagon 1583697258508 360 221 touchmove 336 26 25.333333969116 28 61 portion 0
broadway_min_portion_hexagon 1583697258524 360 221 touchmove 327 24 25.333333969116 28 66.999992370605 portion 0
broadway_min_portion_hexagon 1583697258538 360 221 touchmove 317 25 25.333333969116 30.5 71 portion 0
broadway_min_portion_hexagon 1583697258556 360 221 touchmove 310 25 25.333333969116 28 68.999992370605 portion 0
broadway_min_portion_hexagon 1583697258572 360 221 touchmove 306 27 25.333333969116 28 78 portion 0
broadway_min_portion_hexagon 1583697258588 360 221 touchmove 303 28 25.333333969116 28 83 portion 0
broadway_min_portion_hexagon 1583697258605 360 221 touchmove 301 29 28 28 60 portion 0
broadway_min_portion_hexagon 1583697258621 360 221 touchmove 300 30 25.333333969116 28 77 portion 0
broadway_min_portion_hexagon 1583697258641 360 221 touchmove 299 31 25.333333969116 28 73.999992370605 portion 0
broadway_min_portion_hexagon 1583697258658 360 221 touchmove 299 31 25.333333969116 28 75 portion 0
broadway_min_portion_hexagon 1583697258674 360 221 touchmove 298 31 28 28 62.999996185303 portion 0
broadway_min_portion_hexagon 1583697258721 360 221 touchmove 298 31 28 28 51.999996185303 portion 0
broadway_min_portion_hexagon 1583697258739 360 221 touchmove 298 31 25.333333969116 28 77 portion 0
broadway_min_portion_hexagon 1583697258785 360 221 touchmove 298 32 28 28 71 portion 0
broadway_min_portion_hexagon 1583697258805 360 221 touchmove 285 33 25.333333969116 30.5 60 portion 0
broadway_min_portion_hexagon 1583697258821 360 221 touchmove 260 33 22.833333969116 33 71 portion 0
broadway_min_portion_hexagon 1583697258838 360 221 touchmove 227 33 25.333333969116 33 45 portion 0
broadway_min_portion_hexagon 1583697258855 360 221 touchmove 192 32 22.833333969116 30.5 55.999996185303 portion 0
broadway_min_portion_hexagon 1583697258871 360 221 touchmove 164 30 25.333333969116 30.5 61 portion 0
broadway_min_portion_hexagon 1583697258888 360 221 touchmove 143 30 28 33 76 portion 0
broadway_min_portion_hexagon 1583697258905 360 221 touchmove 130 30 28 30.5 84.999992370605 portion 0
broadway_min_portion_hexagon 1583697258920 360 221 touchmove 124 30 33 28 0 portion 0
broadway_min_portion_hexagon 1583697258939 360 221 touchmove 121 30 33 28 2.0000076293945 portion 0
broadway_min_portion_hexagon 1583697258954 360 221 touchmove 120 30 33 28 3.0000076293945 portion 0
broadway_min_portion_hexagon 1583697258971 360 221 touchmove 119 30 33 28 2.0000076293945 portion 0
broadway_min_portion_hexagon 1583697258989 360 221 touchmove 119 30 33 28 8 portion 0
broadway_min_portion_hexagon 1583697259004 360 221 touchmove 119 30 33 28 7 portion 0
broadway_min_portion_hexagon 1583697259021 360 221 touchmove 118 30 33 28 3.0000076293945 portion 0
broadway_min_portion_hexagon 1583697259038 360 221 touchmove 118 30 33 28 1 portion 0
broadway_min_portion_hexagon 1583697259104 360 221 touchmove 118 30 33 28 12 portion 0
broadway_min_portion_hexagon 1583697259121 360 221 touchmove 118 31 30.5 30.5 20 portion 0
broadway_min_portion_hexagon 1583697259137 360 221 touchmove 118 31 33 28 24 portion 0
broadway_min_portion_hexagon 1583697259154 360 221 touchmove 119 32 33 28 14 portion 0
broadway_min_portion_hexagon 1583697259171 360 221 touchmove 123 34 33 28 14 portion 0
broadway_min_portion_hexagon 1583697259188 360 221 touchmove 130 33 30.5 25.333333969116 14 portion 0
broadway_min_portion_hexagon 1583697259205 360 221 touchmove 143 32 33 25.333333969116 10 portion 0
broadway_min_portion_hexagon 1583697259221 360 221 touchmove 157 31 33 25.333333969116 9.0000076293945 portion 0
broadway_min_portion_hexagon 1583697259238 360 221 touchmove 169 31 30.5 25.333333969116 3.0000076293945 portion 0
broadway_min_portion_hexagon 1583697259255 360 221 touchmove 178 31 30.5 25.333333969116 0 portion 0
broadway_min_portion_hexagon 1583697259270 360 221 touchmove 182 32 28 30.5 80.999992370605 portion 0
broadway_min_portion_hexagon 1583697259288 360 221 touchmove 184 32 28 30.5 76 portion 0
broadway_min_portion_hexagon 1583697259305 360 221 touchmove 184 32 28 33 73.999992370605 portion 0
broadway_min_portion_hexagon 1583697259320 360 221 touchmove 184 33 28 28 72 portion 0
broadway_min_portion_hexagon 1583697259337 360 221 touchmove 184 33 28 28 68 portion 0
broadway_min_portion_hexagon 1583697259354 360 221 touchmove 184 34 28 28 84.999992370605 portion 0
broadway_min_portion_hexagon 1583697259372 360 221 touchmove 183 35 28 28 80.999992370605 portion 0
broadway_min_portion_hexagon 1583697259388 360 221 touchmove 183 35 28 28 82 portion 0
broadway_min_portion_hexagon 1583697259406 360 221 touchmove 182 36 28 28 72 portion 0
broadway_min_portion_hexagon 1583697259422 360 221 touchmove 182 36 28 28 80 portion 0
broadway_min_portion_hexagon 1583697259442 360 221 touchmove 182 36 30.5 28 5.0000076293945 portion 0
broadway_min_portion_hexagon 1583697259456 360 221 touchmove 185 36 30.5 28 11.000007629395 portion 0
broadway_min_portion_hexagon 1583697259472 360 221 touchmove 203 34 33 28 20 portion 0
broadway_min_portion_hexagon 1583697259488 360 221 touchmove 227 32 30.5 25.333333969116 17.000007629395 portion 0
broadway_min_portion_hexagon 1583697259507 360 221 touchmove 246 31 28 25.333333969116 16.000007629395 portion 0
broadway_min_portion_hexagon 1583697259521 360 221 touchmove 259 31 30.5 25.333333969116 5.0000076293945 portion 0
broadway_min_portion_hexagon 1583697259538 360 221 touchmove 268 32 28 22.833333969116 0 portion 0
broadway_min_portion_hexagon 1583697259555 360 221 touchmove 272 32 22.833333969116 28 86.999992370605 portion 0
broadway_min_portion_hexagon 1583697259572 360 221 touchmove 274 33 25.333333969116 28 75 portion 0
broadway_min_portion_hexagon 1583697259588 360 221 touchmove 275 33 25.333333969116 28 70 portion 0
broadway_min_portion_hexagon 1583697259605 360 221 touchmove 276 34 25.333333969116 28 77 portion 0
broadway_min_portion_hexagon 1583697259622 360 221 touchmove 277 34 25.333333969116 28 78.999992370605 portion 0
broadway_min_portion_hexagon 1583697259638 360 221 touchmove 278 34 25.333333969116 28 68 portion 0
broadway_min_portion_hexagon 1583697259667 360 221 touchmove 278 35 22.833333969116 28 84.999992370605 portion 0
broadway_min_portion_hexagon 1583697259688 360 221 touchmove 278 35 25.333333969116 28 84 portion 0
broadway_min_portion_hexagon 1583697259705 360 221 touchmove 279 34 25.333333969116 28 86.999992370605 portion 0
broadway_min_portion_hexagon 1583697259722 360 221 touchmove 283 32 30.5 25.333333969116 2.0000076293945 portion 0
broadway_min_portion_hexagon 1583697259738 360 221 touchmove 287 30 25.333333969116 28 86 portion 0
broadway_min_portion_hexagon 1583697259755 360 221 touchmove 291 28 28 25.333333969116 0 portion 0
broadway_min_portion_hexagon 1583697259771 360 221 touchmove 294 27 25.333333969116 28 82 portion 0
broadway_min_portion_hexagon 1583697259788 360 221 touchmove 296 27 25.333333969116 28 80.999992370605 portion 0
broadway_min_portion_hexagon 1583697259805 360 221 touchmove 298 27 25.333333969116 28 75 portion 0
broadway_min_portion_hexagon 1583697259821 360 221 touchmove 300 29 25.333333969116 28 80.999992370605 portion 0
broadway_min_portion_hexagon 1583697259837 360 221 touchmove 300 38 28 28 66.999992370605 portion 0
broadway_min_portion_hexagon 1583697259855 360 221 touchmove 291 57 25.333333969116 28 65 portion 0
broadway_min_portion_hexagon 1583697259871 360 221 touchmove 280 80 22.833333969116 28 89 portion 0
broadway_min_portion_hexagon 1583697259889 360 221 touchmove 266 104 28 22.833333969116 8 portion 0
broadway_min_portion_hexagon 1583697259905 360 221 touchmove 251 131 25.333333969116 28 51.999996185303 portion 0
broadway_min_portion_hexagon 1583697259921 360 221 touchmove 239 157 28 30.5 25 portion 0
broadway_min_portion_hexagon 1583697259939 360 221 touchmove 230 175 28 30.5 10 portion 0
broadway_min_portion_hexagon 1583697259956 360 221 touchmove 227 185 28 28 4 portion 0
broadway_min_portion_hexagon 1583697259972 360 221 touchmove 225 190 25.333333969116 28 78.999992370605 portion 0
broadway_min_portion_hexagon 1583697259987 360 221 touchmove 225 192 28 28 87.999992370605 portion 0
broadway_min_portion_hexagon 1583697260005 360 221 touchmove 225 192 28 28 3.0000076293945 portion 0
broadway_min_portion_hexagon 1583697260071 360 221 touchmove 225 193 25.333333969116 28 80.999992370605 portion 0
broadway_min_portion_hexagon 1583697260093 360 221 touchmove 224 193 25.333333969116 28 80 portion 0
broadway_min_portion_hexagon 1583697260118 360 221 touchmove 224 193 25.333333969116 28 82 portion 0
broadway_min_portion_hexagon 1583697260138 360 221 touchmove 224 193 28 28 0 portion 0
broadway_min_portion_hexagon 1583697260143 360 221 touchend 224 193 28 28 0 portion 0
broadway_min_portion_hexagon 1583697261184 360 221 touchstart 210 100 25.333333969116 30.5 83 hexagon 0
broadway_min_portion_hexagon 1583697261237 360 221 touchmove 210 100 25.333333969116 28 70 hexagon 0
broadway_min_portion_hexagon 1583697261253 360 221 touchmove 209 99 25.333333969116 28 66.999992370605 hexagon 0
broadway_min_portion_hexagon 1583697261270 360 221 touchmove 207 97 25.333333969116 28 70 hexagon 0
broadway_min_portion_hexagon 1583697261287 360 221 touchmove 204 95 25.333333969116 28 77 hexagon 0
broadway_min_portion_hexagon 1583697261304 360 221 touchmove 194 89 28 25.333333969116 12 hexagon 0
broadway_min_portion_hexagon 1583697261320 360 221 touchmove 179 79 25.333333969116 30.5 89 hexagon 0
broadway_min_portion_hexagon 1583697261337 360 221 touchmove 158 67 25.333333969116 30.5 78.999992370605 hexagon 0
broadway_min_portion_hexagon 1583697261354 360 221 touchmove 134 53 25.333333969116 28 68.999992370605 hexagon 0
broadway_min_portion_hexagon 1583697261370 360 221 touchmove 118 44 25.333333969116 33 89 hexagon 0
broadway_min_portion_hexagon 1583697261387 360 221 touchmove 104 39 33 28 10 hexagon 0
broadway_min_portion_hexagon 1583697261405 360 221 touchmove 96 35 35.5 28 21.000007629395 hexagon 0
broadway_min_portion_hexagon 1583697261421 360 221 touchmove 92 33 35.5 28 22 hexagon 0
broadway_min_portion_hexagon 1583697261437 360 221 touchmove 90 32 35.5 28 19 hexagon 0
broadway_min_portion_hexagon 1583697261455 360 221 touchmove 88 32 35.5 28 17.000007629395 hexagon 0
broadway_min_portion_hexagon 1583697261470 360 221 touchmove 88 31 35.5 28 17.000007629395 hexagon 0
broadway_min_portion_hexagon 1583697261488 360 221 touchmove 87 31 35.5 28 16.000007629395 hexagon 0
broadway_min_portion_hexagon 1583697261537 360 221 touchmove 88 32 35.5 28 18 hexagon 0
broadway_min_portion_hexagon 1583697261553 360 221 touchmove 93 40 30.5 28 17.000007629395 hexagon 0
broadway_min_portion_hexagon 1583697261570 360 221 touchmove 102 54 33 28 5.0000076293945 hexagon 0
broadway_min_portion_hexagon 1583697261587 360 221 touchmove 114 72 25.333333969116 28 80 hexagon 0
broadway_min_portion_hexagon 1583697261604 360 221 touchmove 122 87 22.833333969116 28 75 hexagon 0
broadway_min_portion_hexagon 1583697261621 360 221 touchmove 132 104 25.333333969116 28 78 hexagon 0
broadway_min_portion_hexagon 1583697261637 360 221 touchmove 139 118 25.333333969116 28 77 hexagon 0
broadway_min_portion_hexagon 1583697261656 360 221 touchmove 143 129 25.333333969116 25.333333969116 51.999996185303 hexagon 0
broadway_min_portion_hexagon 1583697261671 360 221 touchmove 146 139 25.333333969116 28 38 hexagon 0
broadway_min_portion_hexagon 1583697261687 360 221 touchmove 146 143 25.333333969116 28 56.999996185303 hexagon 0
broadway_min_portion_hexagon 1583697261704 360 221 touchmove 146 146 25.333333969116 28 57.999996185303 hexagon 0
broadway_min_portion_hexagon 1583697261720 360 221 touchmove 146 147 25.333333969116 28 59 hexagon 0
broadway_min_portion_hexagon 1583697261738 360 221 touchmove 146 148 25.333333969116 28 61.999996185303 hexagon 0
broadway_min_portion_hexagon 1583697261754 360 221 touchmove 146 148 25.333333969116 28 61 hexagon 0
broadway_min_portion_hexagon 1583697261771 360 221 touchmove 146 148 25.333333969116 28 62.999996185303 hexagon 0
broadway_min_portion_hexagon 1583697261788 360 221 touchmove 146 149 25.333333969116 28 68.999992370605 hexagon 0
broadway_min_portion_hexagon 1583697261804 360 221 touchmove 143 149 25.333333969116 28 65 hexagon 0
broadway_min_portion_hexagon 1583697261820 360 221 touchmove 135 148 25.333333969116 28 50.999996185303 hexagon 0
broadway_min_portion_hexagon 1583697261837 360 221 touchmove 122 145 28 30.5 66 hexagon 0
broadway_min_portion_hexagon 1583697261854 360 221 touchmove 104 140 25.333333969116 30.5 71 hexagon 0
broadway_min_portion_hexagon 1583697261870 360 221 touchmove 83 134 28 33 89 hexagon 0
broadway_min_portion_hexagon 1583697261887 360 221 touchmove 65 126 35.5 28 18 hexagon 0
broadway_min_portion_hexagon 1583697261904 360 221 touchmove 56 120 35.5 28 12 hexagon 0
broadway_min_portion_hexagon 1583697261919 360 221 touchmove 52 115 38.166667938232 28 14 hexagon 0
broadway_min_portion_hexagon 1583697261936 360 221 touchmove 49 111 38.166667938232 28 19 hexagon 0
broadway_min_portion_hexagon 1583697261953 360 221 touchmove 47 109 38.166667938232 28 18 hexagon 0
broadway_min_portion_hexagon 1583697261970 360 221 touchmove 46 108 38.166667938232 28 17.000007629395 hexagon 0
broadway_min_portion_hexagon 1583697261987 360 221 touchmove 46 108 38.166667938232 28 16.000007629395 hexagon 0
broadway_min_portion_hexagon 1583697262004 360 221 touchmove 46 108 38.166667938232 28 17.000007629395 hexagon 0
broadway_min_portion_hexagon 1583697262025 360 221 touchmove 46 108 35.5 28 12 hexagon 0
broadway_min_portion_hexagon 1583697262041 360 221 touchmove 47 107 35.5 28 9.0000076293945 hexagon 0
broadway_min_portion_hexagon 1583697262053 360 221 touchmove 51 107 30.5 28 11.000007629395 hexagon 0
broadway_min_portion_hexagon 1583697262071 360 221 touchmove 65 105 28 33 82 hexagon 0
broadway_min_portion_hexagon 1583697262088 360 221 touchmove 89 99 28 30.5 50.999996185303 hexagon 0
broadway_min_portion_hexagon 1583697262104 360 221 touchmove 114 93 25.333333969116 30.5 55.999996185303 hexagon 0
broadway_min_portion_hexagon 1583697262120 360 221 touchmove 133 90 25.333333969116 28 59 hexagon 0
broadway_min_portion_hexagon 1583697262137 360 221 touchmove 146 87 25.333333969116 28 76 hexagon 0
broadway_min_portion_hexagon 1583697262154 360 221 touchmove 150 87 25.333333969116 28 82 hexagon 0
broadway_min_portion_hexagon 1583697262170 360 221 touchmove 151 87 25.333333969116 28 86 hexagon 0
broadway_min_portion_hexagon 1583697262188 360 221 touchmove 151 87 25.333333969116 30.5 86.999992370605 hexagon 0
broadway_min_portion_hexagon 1583697262253 360 221 touchmove 151 87 30.5 25.333333969116 0 hexagon 0
broadway_min_portion_hexagon 1583697262270 360 221 touchmove 151 88 25.333333969116 30.5 86.999992370605 hexagon 0
broadway_min_portion_hexagon 1583697262287 360 221 touchmove 151 88 25.333333969116 30.5 82 hexagon 0
broadway_min_portion_hexagon 1583697262316 360 221 touchmove 151 88 25.333333969116 30.5 77 hexagon 0
broadway_min_portion_hexagon 1583697262337 360 221 touchmove 156 89 25.333333969116 28 62.999996185303 hexagon 0
broadway_min_portion_hexagon 1583697262354 360 221 touchmove 173 87 25.333333969116 30.5 56.999996185303 hexagon 0
broadway_min_portion_hexagon 1583697262372 360 221 touchmove 201 82 25.333333969116 33 68.999992370605 hexagon 0
broadway_min_portion_hexagon 1583697262387 360 221 touchmove 236 75 22.833333969116 28 57.999996185303 hexagon 0
broadway_min_portion_hexagon 1583697262404 360 221 touchmove 260 71 25.333333969116 28 56.999996185303 hexagon 0
broadway_min_portion_hexagon 1583697262421 360 221 touchmove 278 67 25.333333969116 28 76 hexagon 0
broadway_min_portion_hexagon 1583697262437 360 221 touchmove 291 61 22.833333969116 28 84 hexagon 0
broadway_min_portion_hexagon 1583697262453 360 221 touchmove 297 56 25.333333969116 28 83 hexagon 0
broadway_min_portion_hexagon 1583697262474 360 221 touchmove 300 52 25.333333969116 28 83 hexagon 0
broadway_min_portion_hexagon 1583697262487 360 221 touchmove 302 48 25.333333969116 28 89 hexagon 0
broadway_min_portion_hexagon 1583697262503 360 221 touchmove 304 42 22.833333969116 30.5 89 hexagon 0
broadway_min_portion_hexagon 1583697262520 360 221 touchmove 307 35 25.333333969116 30.5 87.999992370605 hexagon 0
broadway_min_portion_hexagon 1583697262536 360 221 touchmove 310 30 28 25.333333969116 0 hexagon 0
broadway_min_portion_hexagon 1583697262553 360 221 touchmove 312 26 25.333333969116 28 86 hexagon 0
broadway_min_portion_hexagon 1583697262570 360 221 touchmove 314 24 25.333333969116 28 86 hexagon 0
broadway_min_portion_hexagon 1583697262587 360 221 touchmove 315 23 25.333333969116 28 84 hexagon 0
broadway_min_portion_hexagon 1583697262603 360 221 touchmove 315 23 25.333333969116 28 86 hexagon 0
broadway_min_portion_hexagon 1583697262620 360 221 touchmove 314 23 25.333333969116 30.5 75 hexagon 0
broadway_min_portion_hexagon 1583697262636 360 221 touchmove 299 42 28 30.5 68.999992370605 hexagon 0
broadway_min_portion_hexagon 1583697262653 360 221 touchmove 279 66 25.333333969116 28 86.999992370605 hexagon 0
broadway_min_portion_hexagon 1583697262669 360 221 touchmove 261 92 28 20.333333969116 5.0000076293945 hexagon 0
broadway_min_portion_hexagon 1583697262688 360 221 touchmove 244 125 25.333333969116 28 66 hexagon 0
broadway_min_portion_hexagon 1583697262703 360 221 touchmove 231 159 28 30.5 35 hexagon 0
broadway_min_portion_hexagon 1583697262720 360 221 touchmove 224 186 25.333333969116 28 77 hexagon 0
broadway_min_portion_hexagon 1583697262739 360 221 touchmove 221 206 25.333333969116 28 84 hexagon 0
broadway_min_portion_hexagon 1583697262753 360 221 touchmove 220 219 22.833333969116 28 83 hexagon 0
broadway_min_portion_hexagon 1583697262769 360 221 touchmove 219 226 22.833333969116 30.5 86 hexagon 0
broadway_min_portion_hexagon 1583697262780 360 221 touchend 219 226 22.833333969116 30.5 86 hexagon 0
