sentence timestamp keyb_width keyb_height event x_pos y_pos x_radius y_radius angle word is_err
ava_please_put_me_on_the_list 1581276750790 360 208 touchstart 22 83 0 0 0 ava 0
ava_please_put_me_on_the_list 1581276750840 360 208 touchmove 24 83 0 0 0 ava 0
ava_please_put_me_on_the_list 1581276750862 360 208 touchmove 35 85 0 0 0 ava 0
ava_please_put_me_on_the_list 1581276750879 360 208 touchmove 42 86 0 0 0 ava 0
ava_please_put_me_on_the_list 1581276750894 360 208 touchmove 62 90 0 0 0 ava 0
ava_please_put_me_on_the_list 1581276750911 360 208 touchmove 74 93 0 0 0 ava 0
ava_please_put_me_on_the_list 1581276750928 360 208 touchmove 97 102 0 0 0 ava 0
ava_please_put_me_on_the_list 1581276750945 360 208 touchmove 108 108 0 0 0 ava 0
ava_please_put_me_on_the_list 1581276750963 360 208 touchmove 118 114 0 0 0 ava 0
ava_please_put_me_on_the_list 1581276750978 360 208 touchmove 136 126 0 0 0 ava 0
ava_please_put_me_on_the_list 1581276750994 360 208 touchmove 144 131 0 0 0 ava 0
ava_please_put_me_on_the_list 1581276751016 360 208 touchmove 156 139 0 0 0 ava 0
ava_please_put_me_on_the_list 1581276751029 360 208 touchmove 161 142 0 0 0 ava 0
ava_please_put_me_on_the_list 1581276751044 360 208 touchmove 171 146 0 0 0 ava 0
ava_please_put_me_on_the_list 1581276751061 360 208 touchmove 174 147 0 0 0 ava 0
ava_please_put_me_on_the_list 1581276751078 360 208 touchmove 177 148 0 0 0 ava 0
ava_please_put_me_on_the_list 1581276751094 360 208 touchmove 180 149 0 0 0 ava 0
ava_please_put_me_on_the_list 1581276751111 360 208 touchmove 182 149 0 0 0 ava 0
ava_please_put_me_on_the_list 1581276751128 360 208 touchmove 184 148 0 0 0 ava 0
ava_please_put_me_on_the_list 1581276751145 360 208 touchmove 184 148 0 0 0 ava 0
ava_please_put_me_on_the_list 1581276751165 360 208 touchmove 185 146 0 0 0 ava 0
ava_please_put_me_on_the_list 1581276751180 360 208 touchmove 186 145 0 0 0 ava 0
ava_please_put_me_on_the_list 1581276751195 360 208 touchmove 187 143 0 0 0 ava 0
ava_please_put_me_on_the_list 1581276751211 360 208 touchmove 188 140 0 0 0 ava 0
ava_please_put_me_on_the_list 1581276751228 360 208 touchmove 189 139 0 0 0 ava 0
ava_please_put_me_on_the_list 1581276751245 360 208 touchmove 189 136 0 0 0 ava 0
ava_please_put_me_on_the_list 1581276751261 360 208 touchmove 189 135 0 0 0 ava 0
ava_please_put_me_on_the_list 1581276751278 360 208 touchmove 187 132 0 0 0 ava 0
ava_please_put_me_on_the_list 1581276751295 360 208 touchmove 185 130 0 0 0 ava 0
ava_please_put_me_on_the_list 1581276751312 360 208 touchmove 181 128 0 0 0 ava 0
ava_please_put_me_on_the_list 1581276751328 360 208 touchmove 165 120 0 0 0 ava 0
ava_please_put_me_on_the_list 1581276751346 360 208 touchmove 154 116 0 0 0 ava 0
ava_please_put_me_on_the_list 1581276751361 360 208 touchmove 129 107 0 0 0 ava 0
ava_please_put_me_on_the_list 1581276751378 360 208 touchmove 116 104 0 0 0 ava 0
ava_please_put_me_on_the_list 1581276751396 360 208 touchmove 103 101 0 0 0 ava 0
ava_please_put_me_on_the_list 1581276751411 360 208 touchmove 79 95 0 0 0 ava 0
ava_please_put_me_on_the_list 1581276751428 360 208 touchmove 67 92 0 0 0 ava 0
ava_please_put_me_on_the_list 1581276751444 360 208 touchmove 47 87 0 0 0 ava 0
ava_please_put_me_on_the_list 1581276751462 360 208 touchmove 40 85 0 0 0 ava 0
ava_please_put_me_on_the_list 1581276751478 360 208 touchmove 29 81 0 0 0 ava 0
ava_please_put_me_on_the_list 1581276751495 360 208 touchmove 26 78 0 0 0 ava 0
ava_please_put_me_on_the_list 1581276751502 360 208 touchend 26 78 0 0 0 ava 0
ava_please_put_me_on_the_list 1581276752691 360 208 touchstart 342 15 0 0 0 please 0
ava_please_put_me_on_the_list 1581276752777 360 208 touchmove 342 16 0 0 0 please 0
ava_please_put_me_on_the_list 1581276752791 360 208 touchmove 339 17 0 0 0 please 0
ava_please_put_me_on_the_list 1581276752811 360 208 touchmove 328 28 0 0 0 please 0
ava_please_put_me_on_the_list 1581276752827 360 208 touchmove 311 52 0 0 0 please 0
ava_please_put_me_on_the_list 1581276752845 360 208 touchmove 301 66 0 0 0 please 0
ava_please_put_me_on_the_list 1581276752861 360 208 touchmove 292 80 0 0 0 please 0
ava_please_put_me_on_the_list 1581276752879 360 208 touchmove 274 101 0 0 0 please 0
ava_please_put_me_on_the_list 1581276752895 360 208 touchmove 265 106 0 0 0 please 0
ava_please_put_me_on_the_list 1581276752915 360 208 touchmove 247 109 0 0 0 please 0
ava_please_put_me_on_the_list 1581276752930 360 208 touchmove 236 108 0 0 0 please 0
ava_please_put_me_on_the_list 1581276752947 360 208 touchmove 212 99 0 0 0 please 0
ava_please_put_me_on_the_list 1581276752964 360 208 touchmove 199 92 0 0 0 please 0
ava_please_put_me_on_the_list 1581276752980 360 208 touchmove 171 73 0 0 0 please 0
ava_please_put_me_on_the_list 1581276752996 360 208 touchmove 157 63 0 0 0 please 0
ava_please_put_me_on_the_list 1581276753012 360 208 touchmove 144 54 0 0 0 please 0
ava_please_put_me_on_the_list 1581276753028 360 208 touchmove 123 39 0 0 0 please 0
ava_please_put_me_on_the_list 1581276753043 360 208 touchmove 114 34 0 0 0 please 0
ava_please_put_me_on_the_list 1581276753060 360 208 touchmove 102 27 0 0 0 please 0
ava_please_put_me_on_the_list 1581276753078 360 208 touchmove 98 25 0 0 0 please 0
ava_please_put_me_on_the_list 1581276753095 360 208 touchmove 94 25 0 0 0 please 0
ava_please_put_me_on_the_list 1581276753111 360 208 touchmove 93 26 0 0 0 please 0
ava_please_put_me_on_the_list 1581276753128 360 208 touchmove 91 34 0 0 0 please 0
ava_please_put_me_on_the_list 1581276753143 360 208 touchmove 90 41 0 0 0 please 0
ava_please_put_me_on_the_list 1581276753161 360 208 touchmove 86 55 0 0 0 please 0
ava_please_put_me_on_the_list 1581276753181 360 208 touchmove 84 61 0 0 0 please 0
ava_please_put_me_on_the_list 1581276753195 360 208 touchmove 82 66 0 0 0 please 0
ava_please_put_me_on_the_list 1581276753211 360 208 touchmove 78 72 0 0 0 please 0
ava_please_put_me_on_the_list 1581276753228 360 208 touchmove 75 74 0 0 0 please 0
ava_please_put_me_on_the_list 1581276753245 360 208 touchmove 71 76 0 0 0 please 0
ava_please_put_me_on_the_list 1581276753261 360 208 touchmove 59 79 0 0 0 please 0
ava_please_put_me_on_the_list 1581276753280 360 208 touchmove 54 79 0 0 0 please 0
ava_please_put_me_on_the_list 1581276753295 360 208 touchmove 46 80 0 0 0 please 0
ava_please_put_me_on_the_list 1581276753311 360 208 touchmove 44 80 0 0 0 please 0
ava_please_put_me_on_the_list 1581276753327 360 208 touchmove 42 79 0 0 0 please 0
ava_please_put_me_on_the_list 1581276753344 360 208 touchmove 41 79 0 0 0 please 0
ava_please_put_me_on_the_list 1581276753361 360 208 touchmove 41 79 0 0 0 please 0
ava_please_put_me_on_the_list 1581276753377 360 208 touchmove 41 79 0 0 0 please 0
ava_please_put_me_on_the_list 1581276753394 360 208 touchmove 41 77 0 0 0 please 0
ava_please_put_me_on_the_list 1581276753411 360 208 touchmove 46 71 0 0 0 please 0
ava_please_put_me_on_the_list 1581276753428 360 208 touchmove 52 65 0 0 0 please 0
ava_please_put_me_on_the_list 1581276753444 360 208 touchmove 65 54 0 0 0 please 0
ava_please_put_me_on_the_list 1581276753460 360 208 touchmove 71 49 0 0 0 please 0
ava_please_put_me_on_the_list 1581276753477 360 208 touchmove 79 43 0 0 0 please 0
ava_please_put_me_on_the_list 1581276753494 360 208 touchmove 82 41 0 0 0 please 0
ava_please_put_me_on_the_list 1581276753510 360 208 touchmove 85 38 0 0 0 please 0
ava_please_put_me_on_the_list 1581276753528 360 208 touchmove 87 37 0 0 0 please 0
ava_please_put_me_on_the_list 1581276753543 360 208 touchmove 88 36 0 0 0 please 0
ava_please_put_me_on_the_list 1581276753561 360 208 touchmove 89 34 0 0 0 please 0
ava_please_put_me_on_the_list 1581276753580 360 208 touchmove 91 30 0 0 0 please 0
ava_please_put_me_on_the_list 1581276753590 360 208 touchend 91 30 0 0 0 please 0
ava_please_put_me_on_the_list 1581276754820 360 208 touchstart 343 36 0 0 0 put 0
ava_please_put_me_on_the_list 1581276754953 360 208 touchmove 341 36 0 0 0 put 0
ava_please_put_me_on_the_list 1581276754967 360 208 touchmove 338 35 0 0 0 put 0
ava_please_put_me_on_the_list 1581276754979 360 208 touchmove 327 33 0 0 0 put 0
ava_please_put_me_on_the_list 1581276754994 360 208 touchmove 320 31 0 0 0 put 0
ava_please_put_me_on_the_list 1581276755012 360 208 touchmove 303 26 0 0 0 put 0
ava_please_put_me_on_the_list 1581276755028 360 208 touchmove 295 25 0 0 0 put 0
ava_please_put_me_on_the_list 1581276755046 360 208 touchmove 286 24 0 0 0 put 0
ava_please_put_me_on_the_list 1581276755062 360 208 touchmove 272 26 0 0 0 put 0
ava_please_put_me_on_the_list 1581276755078 360 208 touchmove 266 26 0 0 0 put 0
ava_please_put_me_on_the_list 1581276755095 360 208 touchmove 263 27 0 0 0 put 0
ava_please_put_me_on_the_list 1581276755112 360 208 touchmove 258 27 0 0 0 put 0
ava_please_put_me_on_the_list 1581276755130 360 208 touchmove 256 27 0 0 0 put 0
ava_please_put_me_on_the_list 1581276755146 360 208 touchmove 252 27 0 0 0 put 0
ava_please_put_me_on_the_list 1581276755162 360 208 touchmove 250 27 0 0 0 put 0
ava_please_put_me_on_the_list 1581276755178 360 208 touchmove 243 28 0 0 0 put 0
ava_please_put_me_on_the_list 1581276755195 360 208 touchmove 239 28 0 0 0 put 0
ava_please_put_me_on_the_list 1581276755213 360 208 touchmove 231 28 0 0 0 put 0
ava_please_put_me_on_the_list 1581276755229 360 208 touchmove 227 28 0 0 0 put 0
ava_please_put_me_on_the_list 1581276755245 360 208 touchmove 223 28 0 0 0 put 0
ava_please_put_me_on_the_list 1581276755262 360 208 touchmove 212 27 0 0 0 put 0
ava_please_put_me_on_the_list 1581276755279 360 208 touchmove 206 26 0 0 0 put 0
ava_please_put_me_on_the_list 1581276755295 360 208 touchmove 194 25 0 0 0 put 0
ava_please_put_me_on_the_list 1581276755311 360 208 touchmove 188 25 0 0 0 put 0
ava_please_put_me_on_the_list 1581276755329 360 208 touchmove 177 25 0 0 0 put 0
ava_please_put_me_on_the_list 1581276755345 360 208 touchmove 173 25 0 0 0 put 0
ava_please_put_me_on_the_list 1581276755364 360 208 touchmove 167 25 0 0 0 put 0
ava_please_put_me_on_the_list 1581276755379 360 208 touchmove 164 25 0 0 0 put 0
ava_please_put_me_on_the_list 1581276755396 360 208 touchmove 163 26 0 0 0 put 0
ava_please_put_me_on_the_list 1581276755411 360 208 touchmove 160 27 0 0 0 put 0
ava_please_put_me_on_the_list 1581276755420 360 208 touchend 160 27 0 0 0 put 0
ava_please_put_me_on_the_list 1581276756990 360 208 touchstart 273 33 0 0 0 me 1
ava_please_put_me_on_the_list 1581276757077 360 208 touchmove 272 33 0 0 0 me 1
ava_please_put_me_on_the_list 1581276757094 360 208 touchmove 265 45 0 0 0 me 1
ava_please_put_me_on_the_list 1581276757110 360 208 touchmove 260 56 0 0 0 me 1
ava_please_put_me_on_the_list 1581276757129 360 208 touchmove 253 70 0 0 0 me 1
ava_please_put_me_on_the_list 1581276757146 360 208 touchmove 242 99 0 0 0 me 1
ava_please_put_me_on_the_list 1581276757161 360 208 touchmove 238 111 0 0 0 me 1
ava_please_put_me_on_the_list 1581276757177 360 208 touchmove 234 130 0 0 0 me 1
ava_please_put_me_on_the_list 1581276757194 360 208 touchmove 233 138 0 0 0 me 1
ava_please_put_me_on_the_list 1581276757210 360 208 touchmove 232 146 0 0 0 me 1
ava_please_put_me_on_the_list 1581276757227 360 208 touchmove 232 148 0 0 0 me 1
ava_please_put_me_on_the_list 1581276757244 360 208 touchmove 232 150 0 0 0 me 1
ava_please_put_me_on_the_list 1581276757254 360 208 touchend 232 150 0 0 0 me 1
ava_please_put_me_on_the_list 1581276757561 360 208 touchmove 217 88 0 0 0 me 1
ava_please_put_me_on_the_list 1581276757577 360 208 touchmove 216 89 0 0 0 me 1
ava_please_put_me_on_the_list 1581276757593 360 208 touchmove 213 89 0 0 0 me 1
ava_please_put_me_on_the_list 1581276757610 360 208 touchmove 198 85 0 0 0 me 1
ava_please_put_me_on_the_list 1581276757628 360 208 touchmove 186 81 0 0 0 me 1
ava_please_put_me_on_the_list 1581276757643 360 208 touchmove 156 69 0 0 0 me 1
ava_please_put_me_on_the_list 1581276757660 360 208 touchmove 141 62 0 0 0 me 1
ava_please_put_me_on_the_list 1581276757677 360 208 touchmove 115 50 0 0 0 me 1
ava_please_put_me_on_the_list 1581276757694 360 208 touchmove 105 45 0 0 0 me 1
ava_please_put_me_on_the_list 1581276757710 360 208 touchmove 98 41 0 0 0 me 1
ava_please_put_me_on_the_list 1581276757728 360 208 touchmove 89 36 0 0 0 me 1
ava_please_put_me_on_the_list 1581276757744 360 208 touchmove 87 35 0 0 0 me 1
ava_please_put_me_on_the_list 1581276757760 360 208 touchmove 85 34 0 0 0 me 1
ava_please_put_me_on_the_list 1581276757780 360 208 touchmove 85 34 0 0 0 me 1
ava_please_put_me_on_the_list 1581276757793 360 208 touchmove 86 34 0 0 0 me 1
ava_please_put_me_on_the_list 1581276757796 360 208 touchend 86 34 0 0 0 me 1
ava_please_put_me_on_the_list 1581276758441 360 208 touchstart 323 98 0 0 0 me 1
ava_please_put_me_on_the_list 1581276758506 360 208 touchmove 322 97 0 0 0 me 1
ava_please_put_me_on_the_list 1581276758517 360 208 touchmove 319 95 0 0 0 me 1
ava_please_put_me_on_the_list 1581276758583 360 208 touchmove 315 91 0 0 0 me 1
ava_please_put_me_on_the_list 1581276758593 360 208 touchmove 284 51 0 0 0 me 1
ava_please_put_me_on_the_list 1581276758610 360 208 touchmove 281 44 0 0 0 me 1
ava_please_put_me_on_the_list 1581276758629 360 208 touchmove 276 32 0 0 0 me 1
ava_please_put_me_on_the_list 1581276758645 360 208 touchmove 275 26 0 0 0 me 1
ava_please_put_me_on_the_list 1581276758660 360 208 touchmove 272 17 0 0 0 me 1
ava_please_put_me_on_the_list 1581276758676 360 208 touchmove 271 14 0 0 0 me 1
ava_please_put_me_on_the_list 1581276758694 360 208 touchmove 269 11 0 0 0 me 1
ava_please_put_me_on_the_list 1581276758710 360 208 touchmove 269 10 0 0 0 me 1
ava_please_put_me_on_the_list 1581276758727 360 208 touchmove 269 9 0 0 0 me 1
ava_please_put_me_on_the_list 1581276758777 360 208 touchmove 267 9 0 0 0 me 1
ava_please_put_me_on_the_list 1581276758794 360 208 touchmove 265 10 0 0 0 me 1
ava_please_put_me_on_the_list 1581276758810 360 208 touchmove 259 13 0 0 0 me 1
ava_please_put_me_on_the_list 1581276758827 360 208 touchmove 256 16 0 0 0 me 1
ava_please_put_me_on_the_list 1581276758844 360 208 touchmove 253 19 0 0 0 me 1
ava_please_put_me_on_the_list 1581276758860 360 208 touchmove 246 26 0 0 0 me 1
ava_please_put_me_on_the_list 1581276758877 360 208 touchmove 242 31 0 0 0 me 1
ava_please_put_me_on_the_list 1581276758893 360 208 touchmove 233 43 0 0 0 me 1
ava_please_put_me_on_the_list 1581276758910 360 208 touchmove 227 49 0 0 0 me 1
ava_please_put_me_on_the_list 1581276758927 360 208 touchmove 214 59 0 0 0 me 1
ava_please_put_me_on_the_list 1581276758944 360 208 touchmove 207 64 0 0 0 me 1
ava_please_put_me_on_the_list 1581276758961 360 208 touchmove 198 68 0 0 0 me 1
ava_please_put_me_on_the_list 1581276758977 360 208 touchmove 177 74 0 0 0 me 1
ava_please_put_me_on_the_list 1581276758995 360 208 touchmove 163 77 0 0 0 me 1
ava_please_put_me_on_the_list 1581276759011 360 208 touchmove 135 83 0 0 0 me 1
ava_please_put_me_on_the_list 1581276759029 360 208 touchmove 121 85 0 0 0 me 1
ava_please_put_me_on_the_list 1581276759045 360 208 touchmove 98 91 0 0 0 me 1
ava_please_put_me_on_the_list 1581276759061 360 208 touchmove 90 93 0 0 0 me 1
ava_please_put_me_on_the_list 1581276759077 360 208 touchmove 83 95 0 0 0 me 1
ava_please_put_me_on_the_list 1581276759094 360 208 touchmove 75 99 0 0 0 me 1
ava_please_put_me_on_the_list 1581276759110 360 208 touchmove 73 100 0 0 0 me 1
ava_please_put_me_on_the_list 1581276759127 360 208 touchmove 72 100 0 0 0 me 1
ava_please_put_me_on_the_list 1581276759145 360 208 touchmove 72 100 0 0 0 me 1
ava_please_put_me_on_the_list 1581276759163 360 208 touchmove 77 97 0 0 0 me 1
ava_please_put_me_on_the_list 1581276759176 360 208 touchmove 85 92 0 0 0 me 1
ava_please_put_me_on_the_list 1581276759195 360 208 touchmove 95 86 0 0 0 me 1
ava_please_put_me_on_the_list 1581276759211 360 208 touchmove 120 67 0 0 0 me 1
ava_please_put_me_on_the_list 1581276759228 360 208 touchmove 135 57 0 0 0 me 1
ava_please_put_me_on_the_list 1581276759243 360 208 touchmove 160 40 0 0 0 me 1
ava_please_put_me_on_the_list 1581276759261 360 208 touchmove 168 33 0 0 0 me 1
ava_please_put_me_on_the_list 1581276759283 360 208 touchmove 178 27 0 0 0 me 1
ava_please_put_me_on_the_list 1581276759295 360 208 touchmove 180 26 0 0 0 me 1
ava_please_put_me_on_the_list 1581276759311 360 208 touchmove 182 24 0 0 0 me 1
ava_please_put_me_on_the_list 1581276759327 360 208 touchmove 185 18 0 0 0 me 1
ava_please_put_me_on_the_list 1581276759334 360 208 touchend 185 18 0 0 0 me 1
ava_please_put_me_on_the_list 1581276765300 360 208 touchend 330 184 0 0 0 me 1
ava_please_put_me_on_the_list 1581276765997 360 208 touchend 52 186 0 0 0 me 1
ava_please_put_me_on_the_list 1581276766377 360 208 touchend 216 186 0 0 0 me 1
ava_please_put_me_on_the_list 1581276767745 360 208 touchstart 301 20 0 0 0 me 1
ava_please_put_me_on_the_list 1581276767872 360 208 touchmove 301 21 0 0 0 me 1
ava_please_put_me_on_the_list 1581276767881 360 208 touchmove 292 33 0 0 0 me 1
ava_please_put_me_on_the_list 1581276767896 360 208 touchmove 284 46 0 0 0 me 1
ava_please_put_me_on_the_list 1581276767910 360 208 touchmove 275 62 0 0 0 me 1
ava_please_put_me_on_the_list 1581276767931 360 208 touchmove 256 94 0 0 0 me 1
ava_please_put_me_on_the_list 1581276767946 360 208 touchmove 249 108 0 0 0 me 1
ava_please_put_me_on_the_list 1581276767962 360 208 touchmove 243 120 0 0 0 me 1
ava_please_put_me_on_the_list 1581276767978 360 208 touchmove 237 137 0 0 0 me 1
ava_please_put_me_on_the_list 1581276767994 360 208 touchmove 235 143 0 0 0 me 1
ava_please_put_me_on_the_list 1581276768010 360 208 touchmove 234 152 0 0 0 me 1
ava_please_put_me_on_the_list 1581276768027 360 208 touchmove 234 154 0 0 0 me 1
ava_please_put_me_on_the_list 1581276768044 360 208 touchmove 234 156 0 0 0 me 1
ava_please_put_me_on_the_list 1581276768060 360 208 touchmove 234 157 0 0 0 me 1
ava_please_put_me_on_the_list 1581276768079 360 208 touchmove 234 158 0 0 0 me 1
ava_please_put_me_on_the_list 1581276768084 360 208 touchend 234 158 0 0 0 me 1
ava_please_put_me_on_the_list 1581276773763 360 208 touchstart 294 37 0 0 0 me 1
ava_please_put_me_on_the_list 1581276773873 360 208 touchmove 294 38 0 0 0 me 1
ava_please_put_me_on_the_list 1581276773875 360 208 touchend 294 38 0 0 0 me 1
ava_please_put_me_on_the_list 1581276773763 360 208 touchstart 294 37 0 0 0 me 1 1
ava_please_put_me_on_the_list 1581276773873 360 208 touchmove 294 38 0 0 0 me 1 1
ava_please_put_me_on_the_list 1581276773875 360 208 touchend 294 38 0 0 0 me 1 1
ava_please_put_me_on_the_list 1581276774012 360 208 touchstart 130 29 0 0 0 me 1
ava_please_put_me_on_the_list 1581276774127 360 208 touchmove 130 30 0 0 0 me 1
ava_please_put_me_on_the_list 1581276774134 360 208 touchend 130 30 0 0 0 me 1
ava_please_put_me_on_the_list 1581276774254 360 208 touchend 252 29 0 0 0 me 1
ava_please_put_me_on_the_list 1581276774254 360 208 touchend 252 29 0 0 0 me 1 1
ava_please_put_me_on_the_list 1581276774349 360 208 touchstart 90 103 0 0 0 me 1
ava_please_put_me_on_the_list 1581276774440 360 208 touchend 90 103 0 0 0 me 1
ava_please_put_me_on_the_list 1581276774894 360 208 touchstart 308 37 0 0 0 me 1
ava_please_put_me_on_the_list 1581276774938 360 208 touchmove 307 37 0 0 0 me 1
ava_please_put_me_on_the_list 1581276774949 360 208 touchmove 303 37 0 0 0 me 1
ava_please_put_me_on_the_list 1581276774960 360 208 touchmove 295 36 0 0 0 me 1
ava_please_put_me_on_the_list 1581276774984 360 208 touchmove 265 33 0 0 0 me 1
ava_please_put_me_on_the_list 1581276774996 360 208 touchmove 244 29 0 0 0 me 1
ava_please_put_me_on_the_list 1581276775010 360 208 touchmove 196 23 0 0 0 me 1
ava_please_put_me_on_the_list 1581276775027 360 208 touchmove 170 22 0 0 0 me 1
ava_please_put_me_on_the_list 1581276775043 360 208 touchmove 146 20 0 0 0 me 1
ava_please_put_me_on_the_list 1581276775060 360 208 touchmove 110 21 0 0 0 me 1
ava_please_put_me_on_the_list 1581276775077 360 208 touchmove 98 23 0 0 0 me 1
ava_please_put_me_on_the_list 1581276775093 360 208 touchmove 87 30 0 0 0 me 1
ava_please_put_me_on_the_list 1581276775111 360 208 touchmove 86 35 0 0 0 me 1
ava_please_put_me_on_the_list 1581276775128 360 208 touchmove 87 48 0 0 0 me 1
ava_please_put_me_on_the_list 1581276775145 360 208 touchmove 91 56 0 0 0 me 1
ava_please_put_me_on_the_list 1581276775161 360 208 touchmove 105 73 0 0 0 me 1
ava_please_put_me_on_the_list 1581276775177 360 208 touchmove 113 79 0 0 0 me 1
ava_please_put_me_on_the_list 1581276775193 360 208 touchmove 122 83 0 0 0 me 1
ava_please_put_me_on_the_list 1581276775210 360 208 touchmove 143 85 0 0 0 me 1
ava_please_put_me_on_the_list 1581276775228 360 208 touchmove 155 82 0 0 0 me 1
ava_please_put_me_on_the_list 1581276775246 360 208 touchmove 183 68 0 0 0 me 1
ava_please_put_me_on_the_list 1581276775261 360 208 touchmove 197 59 0 0 0 me 1
ava_please_put_me_on_the_list 1581276775277 360 208 touchmove 224 41 0 0 0 me 1
ava_please_put_me_on_the_list 1581276775293 360 208 touchmove 236 34 0 0 0 me 1
ava_please_put_me_on_the_list 1581276775310 360 208 touchmove 253 27 0 0 0 me 1
ava_please_put_me_on_the_list 1581276775327 360 208 touchmove 260 26 0 0 0 me 1
ava_please_put_me_on_the_list 1581276775344 360 208 touchmove 265 26 0 0 0 me 1
ava_please_put_me_on_the_list 1581276775360 360 208 touchmove 269 36 0 0 0 me 1
ava_please_put_me_on_the_list 1581276775377 360 208 touchmove 269 45 0 0 0 me 1
ava_please_put_me_on_the_list 1581276775395 360 208 touchmove 261 70 0 0 0 me 1
ava_please_put_me_on_the_list 1581276775412 360 208 touchmove 252 82 0 0 0 me 1
ava_please_put_me_on_the_list 1581276775428 360 208 touchmove 228 100 0 0 0 me 1
ava_please_put_me_on_the_list 1581276775444 360 208 touchmove 214 105 0 0 0 me 1
ava_please_put_me_on_the_list 1581276775460 360 208 touchmove 180 109 0 0 0 me 1
ava_please_put_me_on_the_list 1581276775477 360 208 touchmove 162 109 0 0 0 me 1
ava_please_put_me_on_the_list 1581276775493 360 208 touchmove 145 108 0 0 0 me 1
ava_please_put_me_on_the_list 1581276775510 360 208 touchmove 117 106 0 0 0 me 1
ava_please_put_me_on_the_list 1581276775527 360 208 touchmove 108 103 0 0 0 me 1
ava_please_put_me_on_the_list 1581276775544 360 208 touchmove 101 97 0 0 0 me 1
ava_please_put_me_on_the_list 1581276775560 360 208 touchmove 102 93 0 0 0 me 1
ava_please_put_me_on_the_list 1581276775577 360 208 touchmove 118 78 0 0 0 me 1
ava_please_put_me_on_the_list 1581276775595 360 208 touchmove 132 69 0 0 0 me 1
ava_please_put_me_on_the_list 1581276775610 360 208 touchmove 150 61 0 0 0 me 1
ava_please_put_me_on_the_list 1581276775626 360 208 touchmove 191 50 0 0 0 me 1
ava_please_put_me_on_the_list 1581276775644 360 208 touchmove 210 47 0 0 0 me 1
ava_please_put_me_on_the_list 1581276775661 360 208 touchmove 242 46 0 0 0 me 1
ava_please_put_me_on_the_list 1581276775677 360 208 touchmove 255 47 0 0 0 me 1
ava_please_put_me_on_the_list 1581276775695 360 208 touchmove 273 50 0 0 0 me 1
ava_please_put_me_on_the_list 1581276775710 360 208 touchmove 279 52 0 0 0 me 1
ava_please_put_me_on_the_list 1581276775716 360 208 touchend 279 52 0 0 0 me 1
ava_please_put_me_on_the_list 1581276774894 360 208 touchstart 308 37 0 0 0 me 1 1
ava_please_put_me_on_the_list 1581276774938 360 208 touchmove 307 37 0 0 0 me 1 1
ava_please_put_me_on_the_list 1581276774949 360 208 touchmove 303 37 0 0 0 me 1 1
ava_please_put_me_on_the_list 1581276774960 360 208 touchmove 295 36 0 0 0 me 1 1
ava_please_put_me_on_the_list 1581276774984 360 208 touchmove 265 33 0 0 0 me 1 1
ava_please_put_me_on_the_list 1581276774996 360 208 touchmove 244 29 0 0 0 me 1 1
ava_please_put_me_on_the_list 1581276775010 360 208 touchmove 196 23 0 0 0 me 1 1
ava_please_put_me_on_the_list 1581276775027 360 208 touchmove 170 22 0 0 0 me 1 1
ava_please_put_me_on_the_list 1581276775043 360 208 touchmove 146 20 0 0 0 me 1 1
ava_please_put_me_on_the_list 1581276775060 360 208 touchmove 110 21 0 0 0 me 1 1
ava_please_put_me_on_the_list 1581276775077 360 208 touchmove 98 23 0 0 0 me 1 1
ava_please_put_me_on_the_list 1581276775093 360 208 touchmove 87 30 0 0 0 me 1 1
ava_please_put_me_on_the_list 1581276775111 360 208 touchmove 86 35 0 0 0 me 1 1
ava_please_put_me_on_the_list 1581276775128 360 208 touchmove 87 48 0 0 0 me 1 1
ava_please_put_me_on_the_list 1581276775145 360 208 touchmove 91 56 0 0 0 me 1 1
ava_please_put_me_on_the_list 1581276775161 360 208 touchmove 105 73 0 0 0 me 1 1
ava_please_put_me_on_the_list 1581276775177 360 208 touchmove 113 79 0 0 0 me 1 1
ava_please_put_me_on_the_list 1581276775193 360 208 touchmove 122 83 0 0 0 me 1 1
ava_please_put_me_on_the_list 1581276775210 360 208 touchmove 143 85 0 0 0 me 1 1
ava_please_put_me_on_the_list 1581276775228 360 208 touchmove 155 82 0 0 0 me 1 1
ava_please_put_me_on_the_list 1581276775246 360 208 touchmove 183 68 0 0 0 me 1 1
ava_please_put_me_on_the_list 1581276775261 360 208 touchmove 197 59 0 0 0 me 1 1
ava_please_put_me_on_the_list 1581276775277 360 208 touchmove 224 41 0 0 0 me 1 1
ava_please_put_me_on_the_list 1581276775293 360 208 touchmove 236 34 0 0 0 me 1 1
ava_please_put_me_on_the_list 1581276775310 360 208 touchmove 253 27 0 0 0 me 1 1
ava_please_put_me_on_the_list 1581276775327 360 208 touchmove 260 26 0 0 0 me 1 1
ava_please_put_me_on_the_list 1581276775344 360 208 touchmove 265 26 0 0 0 me 1 1
ava_please_put_me_on_the_list 1581276775360 360 208 touchmove 269 36 0 0 0 me 1 1
ava_please_put_me_on_the_list 1581276775377 360 208 touchmove 269 45 0 0 0 me 1 1
ava_please_put_me_on_the_list 1581276775395 360 208 touchmove 261 70 0 0 0 me 1 1
ava_please_put_me_on_the_list 1581276775412 360 208 touchmove 252 82 0 0 0 me 1 1
ava_please_put_me_on_the_list 1581276775428 360 208 touchmove 228 100 0 0 0 me 1 1
ava_please_put_me_on_the_list 1581276775444 360 208 touchmove 214 105 0 0 0 me 1 1
ava_please_put_me_on_the_list 1581276775460 360 208 touchmove 180 109 0 0 0 me 1 1
ava_please_put_me_on_the_list 1581276775477 360 208 touchmove 162 109 0 0 0 me 1 1
ava_please_put_me_on_the_list 1581276775493 360 208 touchmove 145 108 0 0 0 me 1 1
ava_please_put_me_on_the_list 1581276775510 360 208 touchmove 117 106 0 0 0 me 1 1
ava_please_put_me_on_the_list 1581276775527 360 208 touchmove 108 103 0 0 0 me 1 1
ava_please_put_me_on_the_list 1581276775544 360 208 touchmove 101 97 0 0 0 me 1 1
ava_please_put_me_on_the_list 1581276775560 360 208 touchmove 102 93 0 0 0 me 1 1
ava_please_put_me_on_the_list 1581276775577 360 208 touchmove 118 78 0 0 0 me 1 1
ava_please_put_me_on_the_list 1581276775595 360 208 touchmove 132 69 0 0 0 me 1 1
ava_please_put_me_on_the_list 1581276775610 360 208 touchmove 150 61 0 0 0 me 1 1
ava_please_put_me_on_the_list 1581276775626 360 208 touchmove 191 50 0 0 0 me 1 1
ava_please_put_me_on_the_list 1581276775644 360 208 touchmove 210 47 0 0 0 me 1 1
ava_please_put_me_on_the_list 1581276775661 360 208 touchmove 242 46 0 0 0 me 1 1
ava_please_put_me_on_the_list 1581276775677 360 208 touchmove 255 47 0 0 0 me 1 1
ava_please_put_me_on_the_list 1581276775695 360 208 touchmove 273 50 0 0 0 me 1 1
ava_please_put_me_on_the_list 1581276775710 360 208 touchmove 279 52 0 0 0 me 1 1
ava_please_put_me_on_the_list 1581276775716 360 208 touchend 279 52 0 0 0 me 1 1
ava_please_put_me_on_the_list 1581276775856 360 208 touchstart 172 116 0 0 0 me 1
ava_please_put_me_on_the_list 1581276775892 360 208 touchmove 171 115 0 0 0 me 1
ava_please_put_me_on_the_list 1581276775901 360 208 touchmove 168 115 0 0 0 me 1
ava_please_put_me_on_the_list 1581276775926 360 208 touchmove 137 106 0 0 0 me 1
ava_please_put_me_on_the_list 1581276775943 360 208 touchmove 125 102 0 0 0 me 1
ava_please_put_me_on_the_list 1581276775961 360 208 touchmove 106 92 0 0 0 me 1
ava_please_put_me_on_the_list 1581276775978 360 208 touchmove 100 87 0 0 0 me 1
ava_please_put_me_on_the_list 1581276775993 360 208 touchmove 97 81 0 0 0 me 1
ava_please_put_me_on_the_list 1581276776010 360 208 touchmove 97 69 0 0 0 me 1
ava_please_put_me_on_the_list 1581276776027 360 208 touchmove 101 63 0 0 0 me 1
ava_please_put_me_on_the_list 1581276776043 360 208 touchmove 123 50 0 0 0 me 1
ava_please_put_me_on_the_list 1581276776060 360 208 touchmove 141 46 0 0 0 me 1
ava_please_put_me_on_the_list 1581276776076 360 208 touchmove 159 44 0 0 0 me 1
ava_please_put_me_on_the_list 1581276776093 360 208 touchmove 193 44 0 0 0 me 1
ava_please_put_me_on_the_list 1581276776112 360 208 touchmove 206 45 0 0 0 me 1
ava_please_put_me_on_the_list 1581276776129 360 208 touchmove 226 45 0 0 0 me 1
ava_please_put_me_on_the_list 1581276776145 360 208 touchmove 234 44 0 0 0 me 1
ava_please_put_me_on_the_list 1581276776150 360 208 touchend 234 44 0 0 0 me 1
mac_pub_eddie_calendar 1581276783858 360 208 touchstart 285 146 0 0 0 mac 0
mac_pub_eddie_calendar 1581276783894 360 208 touchmove 284 145 0 0 0 mac 0
mac_pub_eddie_calendar 1581276783911 360 208 touchmove 273 142 0 0 0 mac 0
mac_pub_eddie_calendar 1581276783928 360 208 touchmove 262 139 0 0 0 mac 0
mac_pub_eddie_calendar 1581276783944 360 208 touchmove 230 128 0 0 0 mac 0
mac_pub_eddie_calendar 1581276783961 360 208 touchmove 210 120 0 0 0 mac 0
mac_pub_eddie_calendar 1581276783978 360 208 touchmove 189 113 0 0 0 mac 0
mac_pub_eddie_calendar 1581276783995 360 208 touchmove 143 99 0 0 0 mac 0
mac_pub_eddie_calendar 1581276784012 360 208 touchmove 122 93 0 0 0 mac 0
mac_pub_eddie_calendar 1581276784028 360 208 touchmove 86 86 0 0 0 mac 0
mac_pub_eddie_calendar 1581276784045 360 208 touchmove 72 84 0 0 0 mac 0
mac_pub_eddie_calendar 1581276784061 360 208 touchmove 60 82 0 0 0 mac 0
mac_pub_eddie_calendar 1581276784078 360 208 touchmove 44 81 0 0 0 mac 0
mac_pub_eddie_calendar 1581276784095 360 208 touchmove 40 81 0 0 0 mac 0
mac_pub_eddie_calendar 1581276784115 360 208 touchmove 37 82 0 0 0 mac 0
mac_pub_eddie_calendar 1581276784129 360 208 touchmove 36 85 0 0 0 mac 0
mac_pub_eddie_calendar 1581276784145 360 208 touchmove 41 94 0 0 0 mac 0
mac_pub_eddie_calendar 1581276784162 360 208 touchmove 49 100 0 0 0 mac 0
mac_pub_eddie_calendar 1581276784178 360 208 touchmove 74 115 0 0 0 mac 0
mac_pub_eddie_calendar 1581276784195 360 208 touchmove 89 123 0 0 0 mac 0
mac_pub_eddie_calendar 1581276784212 360 208 touchmove 120 139 0 0 0 mac 0
mac_pub_eddie_calendar 1581276784231 360 208 touchmove 133 145 0 0 0 mac 0
mac_pub_eddie_calendar 1581276784247 360 208 touchmove 144 149 0 0 0 mac 0
mac_pub_eddie_calendar 1581276784253 360 208 touchend 144 149 0 0 0 mac 0
mac_pub_eddie_calendar 1581276785677 360 208 touchstart 355 35 0 0 0 pub 0
mac_pub_eddie_calendar 1581276785711 360 208 touchmove 347 32 0 0 0 pub 0
mac_pub_eddie_calendar 1581276785727 360 208 touchmove 339 29 0 0 0 pub 0
mac_pub_eddie_calendar 1581276785745 360 208 touchmove 322 26 0 0 0 pub 0
mac_pub_eddie_calendar 1581276785762 360 208 touchmove 313 24 0 0 0 pub 0
mac_pub_eddie_calendar 1581276785780 360 208 touchmove 294 20 0 0 0 pub 0
mac_pub_eddie_calendar 1581276785797 360 208 touchmove 284 19 0 0 0 pub 0
mac_pub_eddie_calendar 1581276785811 360 208 touchmove 274 18 0 0 0 pub 0
mac_pub_eddie_calendar 1581276785829 360 208 touchmove 256 17 0 0 0 pub 0
mac_pub_eddie_calendar 1581276785848 360 208 touchmove 249 17 0 0 0 pub 0
mac_pub_eddie_calendar 1581276785862 360 208 touchmove 239 17 0 0 0 pub 0
mac_pub_eddie_calendar 1581276785879 360 208 touchmove 236 17 0 0 0 pub 0
mac_pub_eddie_calendar 1581276785893 360 208 touchmove 233 17 0 0 0 pub 0
mac_pub_eddie_calendar 1581276785911 360 208 touchmove 229 18 0 0 0 pub 0
mac_pub_eddie_calendar 1581276785928 360 208 touchmove 227 18 0 0 0 pub 0
mac_pub_eddie_calendar 1581276785945 360 208 touchmove 225 18 0 0 0 pub 0
mac_pub_eddie_calendar 1581276785966 360 208 touchmove 224 18 0 0 0 pub 0
mac_pub_eddie_calendar 1581276785979 360 208 touchmove 222 19 0 0 0 pub 0
mac_pub_eddie_calendar 1581276785995 360 208 touchmove 220 19 0 0 0 pub 0
mac_pub_eddie_calendar 1581276786012 360 208 touchmove 213 21 0 0 0 pub 0
mac_pub_eddie_calendar 1581276786029 360 208 touchmove 206 22 0 0 0 pub 0
mac_pub_eddie_calendar 1581276786049 360 208 touchmove 188 28 0 0 0 pub 0
mac_pub_eddie_calendar 1581276786062 360 208 touchmove 177 33 0 0 0 pub 0
mac_pub_eddie_calendar 1581276786078 360 208 touchmove 167 39 0 0 0 pub 0
mac_pub_eddie_calendar 1581276786100 360 208 touchmove 150 52 0 0 0 pub 0
mac_pub_eddie_calendar 1581276786112 360 208 touchmove 143 58 0 0 0 pub 0
mac_pub_eddie_calendar 1581276786129 360 208 touchmove 137 63 0 0 0 pub 0
mac_pub_eddie_calendar 1581276786144 360 208 touchmove 128 72 0 0 0 pub 0
mac_pub_eddie_calendar 1581276786161 360 208 touchmove 125 76 0 0 0 pub 0
mac_pub_eddie_calendar 1581276786178 360 208 touchmove 122 81 0 0 0 pub 0
mac_pub_eddie_calendar 1581276786195 360 208 touchmove 121 83 0 0 0 pub 0
mac_pub_eddie_calendar 1581276786212 360 208 touchmove 120 86 0 0 0 pub 0
mac_pub_eddie_calendar 1581276786227 360 208 touchmove 121 88 0 0 0 pub 0
mac_pub_eddie_calendar 1581276786245 360 208 touchmove 123 90 0 0 0 pub 0
mac_pub_eddie_calendar 1581276786262 360 208 touchmove 133 95 0 0 0 pub 0
mac_pub_eddie_calendar 1581276786278 360 208 touchmove 140 99 0 0 0 pub 0
mac_pub_eddie_calendar 1581276786298 360 208 touchmove 159 109 0 0 0 pub 0
mac_pub_eddie_calendar 1581276786313 360 208 touchmove 168 113 0 0 0 pub 0
mac_pub_eddie_calendar 1581276786330 360 208 touchmove 184 123 0 0 0 pub 0
mac_pub_eddie_calendar 1581276786345 360 208 touchmove 191 128 0 0 0 pub 0
mac_pub_eddie_calendar 1581276786362 360 208 touchmove 201 135 0 0 0 pub 0
mac_pub_eddie_calendar 1581276786377 360 208 touchmove 204 137 0 0 0 pub 0
mac_pub_eddie_calendar 1581276786395 360 208 touchmove 206 139 0 0 0 pub 0
mac_pub_eddie_calendar 1581276786411 360 208 touchmove 209 141 0 0 0 pub 0
mac_pub_eddie_calendar 1581276786428 360 208 touchmove 210 142 0 0 0 pub 0
mac_pub_eddie_calendar 1581276786445 360 208 touchmove 211 144 0 0 0 pub 0
mac_pub_eddie_calendar 1581276786454 360 208 touchend 211 144 0 0 0 pub 0
mac_pub_eddie_calendar 1581276787658 360 208 touchstart 102 18 0 0 0 eddie 0
mac_pub_eddie_calendar 1581276787693 360 208 touchmove 101 18 0 0 0 eddie 0
mac_pub_eddie_calendar 1581276787712 360 208 touchmove 99 18 0 0 0 eddie 0
mac_pub_eddie_calendar 1581276787727 360 208 touchmove 94 18 0 0 0 eddie 0
mac_pub_eddie_calendar 1581276787747 360 208 touchmove 92 22 0 0 0 eddie 0
mac_pub_eddie_calendar 1581276787761 360 208 touchmove 93 26 0 0 0 eddie 0
mac_pub_eddie_calendar 1581276787776 360 208 touchmove 94 32 0 0 0 eddie 0
mac_pub_eddie_calendar 1581276787795 360 208 touchmove 98 46 0 0 0 eddie 0
mac_pub_eddie_calendar 1581276787810 360 208 touchmove 100 53 0 0 0 eddie 0
mac_pub_eddie_calendar 1581276787828 360 208 touchmove 103 59 0 0 0 eddie 0
mac_pub_eddie_calendar 1581276787844 360 208 touchmove 106 68 0 0 0 eddie 0
mac_pub_eddie_calendar 1581276787862 360 208 touchmove 107 71 0 0 0 eddie 0
mac_pub_eddie_calendar 1581276787877 360 208 touchmove 109 75 0 0 0 eddie 0
mac_pub_eddie_calendar 1581276787897 360 208 touchmove 109 76 0 0 0 eddie 0
mac_pub_eddie_calendar 1581276787914 360 208 touchmove 108 78 0 0 0 eddie 0
mac_pub_eddie_calendar 1581276787931 360 208 touchmove 106 80 0 0 0 eddie 0
mac_pub_eddie_calendar 1581276787956 360 208 touchmove 103 83 0 0 0 eddie 0
mac_pub_eddie_calendar 1581276787978 360 208 touchmove 101 86 0 0 0 eddie 0
mac_pub_eddie_calendar 1581276787996 360 208 touchmove 101 89 0 0 0 eddie 0
mac_pub_eddie_calendar 1581276788014 360 208 touchmove 102 90 0 0 0 eddie 0
mac_pub_eddie_calendar 1581276788031 360 208 touchmove 109 90 0 0 0 eddie 0
mac_pub_eddie_calendar 1581276788044 360 208 touchmove 115 90 0 0 0 eddie 0
mac_pub_eddie_calendar 1581276788063 360 208 touchmove 123 89 0 0 0 eddie 0
mac_pub_eddie_calendar 1581276788086 360 208 touchmove 142 83 0 0 0 eddie 0
mac_pub_eddie_calendar 1581276788096 360 208 touchmove 153 78 0 0 0 eddie 0
mac_pub_eddie_calendar 1581276788111 360 208 touchmove 177 67 0 0 0 eddie 0
mac_pub_eddie_calendar 1581276788128 360 208 touchmove 190 61 0 0 0 eddie 0
mac_pub_eddie_calendar 1581276788144 360 208 touchmove 202 55 0 0 0 eddie 0
mac_pub_eddie_calendar 1581276788161 360 208 touchmove 225 47 0 0 0 eddie 0
mac_pub_eddie_calendar 1581276788179 360 208 touchmove 235 44 0 0 0 eddie 0
mac_pub_eddie_calendar 1581276788195 360 208 touchmove 251 39 0 0 0 eddie 0
mac_pub_eddie_calendar 1581276788211 360 208 touchmove 258 37 0 0 0 eddie 0
mac_pub_eddie_calendar 1581276788229 360 208 touchmove 263 35 0 0 0 eddie 0
mac_pub_eddie_calendar 1581276788246 360 208 touchmove 270 31 0 0 0 eddie 0
mac_pub_eddie_calendar 1581276788262 360 208 touchmove 273 30 0 0 0 eddie 0
mac_pub_eddie_calendar 1581276788277 360 208 touchmove 275 29 0 0 0 eddie 0
mac_pub_eddie_calendar 1581276788294 360 208 touchmove 276 28 0 0 0 eddie 0
mac_pub_eddie_calendar 1581276788310 360 208 touchmove 275 27 0 0 0 eddie 0
mac_pub_eddie_calendar 1581276788327 360 208 touchmove 274 26 0 0 0 eddie 0
mac_pub_eddie_calendar 1581276788346 360 208 touchmove 270 25 0 0 0 eddie 0
mac_pub_eddie_calendar 1581276788362 360 208 touchmove 253 21 0 0 0 eddie 0
mac_pub_eddie_calendar 1581276788379 360 208 touchmove 239 19 0 0 0 eddie 0
mac_pub_eddie_calendar 1581276788393 360 208 touchmove 201 17 0 0 0 eddie 0
mac_pub_eddie_calendar 1581276788410 360 208 touchmove 180 17 0 0 0 eddie 0
mac_pub_eddie_calendar 1581276788429 360 208 touchmove 144 20 0 0 0 eddie 0
mac_pub_eddie_calendar 1581276788444 360 208 touchmove 130 22 0 0 0 eddie 0
mac_pub_eddie_calendar 1581276788461 360 208 touchmove 119 24 0 0 0 eddie 0
mac_pub_eddie_calendar 1581276788478 360 208 touchmove 104 29 0 0 0 eddie 0
mac_pub_eddie_calendar 1581276788496 360 208 touchmove 100 30 0 0 0 eddie 0
mac_pub_eddie_calendar 1581276788512 360 208 touchmove 95 32 0 0 0 eddie 0
mac_pub_eddie_calendar 1581276788529 360 208 touchmove 94 33 0 0 0 eddie 0
mac_pub_eddie_calendar 1581276788544 360 208 touchmove 93 34 0 0 0 eddie 0
mac_pub_eddie_calendar 1581276788588 360 208 touchend 93 34 0 0 0 eddie 0
mac_pub_eddie_calendar 1581276789663 360 208 touchstart 152 143 0 0 0 calendar 0
mac_pub_eddie_calendar 1581276789704 360 208 touchmove 151 143 0 0 0 calendar 0
mac_pub_eddie_calendar 1581276789717 360 208 touchmove 147 141 0 0 0 calendar 0
mac_pub_eddie_calendar 1581276789734 360 208 touchmove 139 137 0 0 0 calendar 0
mac_pub_eddie_calendar 1581276789748 360 208 touchmove 128 131 0 0 0 calendar 0
mac_pub_eddie_calendar 1581276789771 360 208 touchmove 99 117 0 0 0 calendar 0
mac_pub_eddie_calendar 1581276789782 360 208 touchmove 83 112 0 0 0 calendar 0
mac_pub_eddie_calendar 1581276789797 360 208 touchmove 53 104 0 0 0 calendar 0
mac_pub_eddie_calendar 1581276789822 360 208 touchmove 35 100 0 0 0 calendar 0
mac_pub_eddie_calendar 1581276789844 360 208 touchmove 29 98 0 0 0 calendar 0
mac_pub_eddie_calendar 1581276789865 360 208 touchmove 28 97 0 0 0 calendar 0
mac_pub_eddie_calendar 1581276789878 360 208 touchmove 30 96 0 0 0 calendar 0
mac_pub_eddie_calendar 1581276789893 360 208 touchmove 45 93 0 0 0 calendar 0
mac_pub_eddie_calendar 1581276789911 360 208 touchmove 60 91 0 0 0 calendar 0
mac_pub_eddie_calendar 1581276789928 360 208 touchmove 103 89 0 0 0 calendar 0
mac_pub_eddie_calendar 1581276789943 360 208 touchmove 129 88 0 0 0 calendar 0
mac_pub_eddie_calendar 1581276789961 360 208 touchmove 184 87 0 0 0 calendar 0
mac_pub_eddie_calendar 1581276789980 360 208 touchmove 209 87 0 0 0 calendar 0
mac_pub_eddie_calendar 1581276789996 360 208 touchmove 252 87 0 0 0 calendar 0
mac_pub_eddie_calendar 1581276790011 360 208 touchmove 270 86 0 0 0 calendar 0
mac_pub_eddie_calendar 1581276790028 360 208 touchmove 286 86 0 0 0 calendar 0
mac_pub_eddie_calendar 1581276790044 360 208 touchmove 310 84 0 0 0 calendar 0
mac_pub_eddie_calendar 1581276790066 360 208 touchmove 318 83 0 0 0 calendar 0
mac_pub_eddie_calendar 1581276790080 360 208 touchmove 326 81 0 0 0 calendar 0
mac_pub_eddie_calendar 1581276790100 360 208 touchmove 326 81 0 0 0 calendar 0
mac_pub_eddie_calendar 1581276790113 360 208 touchmove 320 79 0 0 0 calendar 0
mac_pub_eddie_calendar 1581276790128 360 208 touchmove 310 75 0 0 0 calendar 0
mac_pub_eddie_calendar 1581276790144 360 208 touchmove 296 69 0 0 0 calendar 0
mac_pub_eddie_calendar 1581276790163 360 208 touchmove 255 54 0 0 0 calendar 0
mac_pub_eddie_calendar 1581276790180 360 208 touchmove 232 47 0 0 0 calendar 0
mac_pub_eddie_calendar 1581276790195 360 208 touchmove 190 37 0 0 0 calendar 0
mac_pub_eddie_calendar 1581276790222 360 208 touchmove 162 30 0 0 0 calendar 0
mac_pub_eddie_calendar 1581276790244 360 208 touchmove 153 28 0 0 0 calendar 0
mac_pub_eddie_calendar 1581276790261 360 208 touchmove 151 28 0 0 0 calendar 0
mac_pub_eddie_calendar 1581276790277 360 208 touchmove 157 35 0 0 0 calendar 0
mac_pub_eddie_calendar 1581276790293 360 208 touchmove 164 44 0 0 0 calendar 0
mac_pub_eddie_calendar 1581276790315 360 208 touchmove 186 64 0 0 0 calendar 0
mac_pub_eddie_calendar 1581276790333 360 208 touchmove 197 76 0 0 0 calendar 0
mac_pub_eddie_calendar 1581276790345 360 208 touchmove 207 88 0 0 0 calendar 0
mac_pub_eddie_calendar 1581276790361 360 208 touchmove 221 108 0 0 0 calendar 0
mac_pub_eddie_calendar 1581276790416 360 208 touchmove 225 116 0 0 0 calendar 0
mac_pub_eddie_calendar 1581276790428 360 208 touchmove 210 125 0 0 0 calendar 0
mac_pub_eddie_calendar 1581276790444 360 208 touchmove 195 120 0 0 0 calendar 0
mac_pub_eddie_calendar 1581276790463 360 208 touchmove 176 114 0 0 0 calendar 0
mac_pub_eddie_calendar 1581276790480 360 208 touchmove 137 101 0 0 0 calendar 0
mac_pub_eddie_calendar 1581276790500 360 208 touchmove 108 92 0 0 0 calendar 0
mac_pub_eddie_calendar 1581276790517 360 208 touchmove 99 88 0 0 0 calendar 0
mac_pub_eddie_calendar 1581276790532 360 208 touchmove 89 83 0 0 0 calendar 0
mac_pub_eddie_calendar 1581276790552 360 208 touchmove 85 82 0 0 0 calendar 0
mac_pub_eddie_calendar 1581276790578 360 208 touchmove 71 80 0 0 0 calendar 0
mac_pub_eddie_calendar 1581276790593 360 208 touchmove 49 82 0 0 0 calendar 0
mac_pub_eddie_calendar 1581276790614 360 208 touchmove 31 86 0 0 0 calendar 0
mac_pub_eddie_calendar 1581276790629 360 208 touchmove 26 87 0 0 0 calendar 0
mac_pub_eddie_calendar 1581276790649 360 208 touchmove 23 88 0 0 0 calendar 0
mac_pub_eddie_calendar 1581276790672 360 208 touchmove 25 86 0 0 0 calendar 0
mac_pub_eddie_calendar 1581276790693 360 208 touchmove 29 81 0 0 0 calendar 0
mac_pub_eddie_calendar 1581276790715 360 208 touchmove 50 64 0 0 0 calendar 0
mac_pub_eddie_calendar 1581276790731 360 208 touchmove 67 54 0 0 0 calendar 0
mac_pub_eddie_calendar 1581276790754 360 208 touchmove 105 31 0 0 0 calendar 0
mac_pub_eddie_calendar 1581276790772 360 208 touchmove 133 13 0 0 0 calendar 0
mac_pub_eddie_calendar 1581276790776 360 208 touchend 133 13 0 0 0 calendar 0
i_told_you_silly 1581276795156 360 208 touchstart 271 25 0 0 0 i 0
i_told_you_silly 1581276795232 360 208 touchend 271 25 0 0 0 i 0
i_told_you_silly 1581276796184 360 208 touchstart 148 25 0 0 0 told 0
i_told_you_silly 1581276796214 360 208 touchmove 148 25 0 0 0 told 0
i_told_you_silly 1581276796225 360 208 touchmove 151 25 0 0 0 told 0
i_told_you_silly 1581276796237 360 208 touchmove 158 25 0 0 0 told 0
i_told_you_silly 1581276796262 360 208 touchmove 182 25 0 0 0 told 0
i_told_you_silly 1581276796279 360 208 touchmove 198 24 0 0 0 told 0
i_told_you_silly 1581276796296 360 208 touchmove 234 22 0 0 0 told 0
i_told_you_silly 1581276796313 360 208 touchmove 252 22 0 0 0 told 0
i_told_you_silly 1581276796330 360 208 touchmove 280 21 0 0 0 told 0
i_told_you_silly 1581276796346 360 208 touchmove 291 22 0 0 0 told 0
i_told_you_silly 1581276796363 360 208 touchmove 299 23 0 0 0 told 0
i_told_you_silly 1581276796379 360 208 touchmove 311 26 0 0 0 told 0
i_told_you_silly 1581276796396 360 208 touchmove 314 29 0 0 0 told 0
i_told_you_silly 1581276796412 360 208 touchmove 318 37 0 0 0 told 0
i_told_you_silly 1581276796430 360 208 touchmove 318 42 0 0 0 told 0
i_told_you_silly 1581276796447 360 208 touchmove 316 56 0 0 0 told 0
i_told_you_silly 1581276796462 360 208 touchmove 312 63 0 0 0 told 0
i_told_you_silly 1581276796480 360 208 touchmove 308 69 0 0 0 told 0
i_told_you_silly 1581276796497 360 208 touchmove 298 77 0 0 0 told 0
i_told_you_silly 1581276796514 360 208 touchmove 293 80 0 0 0 told 0
i_told_you_silly 1581276796530 360 208 touchmove 281 82 0 0 0 told 0
i_told_you_silly 1581276796547 360 208 touchmove 271 81 0 0 0 told 0
i_told_you_silly 1581276796566 360 208 touchmove 246 78 0 0 0 told 0
i_told_you_silly 1581276796579 360 208 touchmove 231 76 0 0 0 told 0
i_told_you_silly 1581276796595 360 208 touchmove 216 75 0 0 0 told 0
i_told_you_silly 1581276796612 360 208 touchmove 187 72 0 0 0 told 0
i_told_you_silly 1581276796630 360 208 touchmove 172 72 0 0 0 told 0
i_told_you_silly 1581276796646 360 208 touchmove 147 71 0 0 0 told 0
i_told_you_silly 1581276796662 360 208 touchmove 137 71 0 0 0 told 0
i_told_you_silly 1581276796679 360 208 touchmove 120 73 0 0 0 told 0
i_told_you_silly 1581276796696 360 208 touchmove 114 74 0 0 0 told 0
i_told_you_silly 1581276796713 360 208 touchmove 105 76 0 0 0 told 0
i_told_you_silly 1581276796729 360 208 touchmove 102 78 0 0 0 told 0
i_told_you_silly 1581276796748 360 208 touchmove 98 81 0 0 0 told 0
i_told_you_silly 1581276796762 360 208 touchmove 96 84 0 0 0 told 0
i_told_you_silly 1581276796778 360 208 touchmove 95 86 0 0 0 told 0
i_told_you_silly 1581276796785 360 208 touchend 95 86 0 0 0 told 0
i_told_you_silly 1581276797713 360 208 touchstart 192 27 0 0 0 you 0
i_told_you_silly 1581276797766 360 208 touchmove 192 28 0 0 0 you 0
i_told_you_silly 1581276797794 360 208 touchmove 201 33 0 0 0 you 0
i_told_you_silly 1581276797812 360 208 touchmove 219 39 0 0 0 you 0
i_told_you_silly 1581276797828 360 208 touchmove 230 41 0 0 0 you 0
i_told_you_silly 1581276797844 360 208 touchmove 241 43 0 0 0 you 0
i_told_you_silly 1581276797862 360 208 touchmove 267 46 0 0 0 you 0
i_told_you_silly 1581276797878 360 208 touchmove 280 46 0 0 0 you 0
i_told_you_silly 1581276797896 360 208 touchmove 301 45 0 0 0 you 0
i_told_you_silly 1581276797911 360 208 touchmove 310 44 0 0 0 you 0
i_told_you_silly 1581276797928 360 208 touchmove 316 43 0 0 0 you 0
i_told_you_silly 1581276797945 360 208 touchmove 324 42 0 0 0 you 0
i_told_you_silly 1581276797962 360 208 touchmove 325 41 0 0 0 you 0
i_told_you_silly 1581276797978 360 208 touchmove 325 38 0 0 0 you 0
i_told_you_silly 1581276797995 360 208 touchmove 323 35 0 0 0 you 0
i_told_you_silly 1581276798011 360 208 touchmove 309 25 0 0 0 you 0
i_told_you_silly 1581276798027 360 208 touchmove 299 20 0 0 0 you 0
i_told_you_silly 1581276798044 360 208 touchmove 287 17 0 0 0 you 0
i_told_you_silly 1581276798061 360 208 touchmove 265 14 0 0 0 you 0
i_told_you_silly 1581276798079 360 208 touchmove 256 15 0 0 0 you 0
i_told_you_silly 1581276798095 360 208 touchmove 247 18 0 0 0 you 0
i_told_you_silly 1581276798113 360 208 touchmove 244 19 0 0 0 you 0
i_told_you_silly 1581276798129 360 208 touchmove 241 20 0 0 0 you 0
i_told_you_silly 1581276798145 360 208 touchmove 239 21 0 0 0 you 0
i_told_you_silly 1581276798162 360 208 touchmove 236 22 0 0 0 you 0
i_told_you_silly 1581276798167 360 208 touchend 236 22 0 0 0 you 0
i_told_you_silly 1581276798644 360 208 touchmove 301 67 0 0 0 silly 0
i_told_you_silly 1581276798662 360 208 touchmove 306 74 0 0 0 silly 0
i_told_you_silly 1581276798677 360 208 touchmove 314 83 0 0 0 silly 0
i_told_you_silly 1581276798694 360 208 touchmove 317 86 0 0 0 silly 0
i_told_you_silly 1581276798712 360 208 touchmove 321 89 0 0 0 silly 0
i_told_you_silly 1581276798727 360 208 touchmove 321 89 0 0 0 silly 0
i_told_you_silly 1581276798745 360 208 touchmove 322 89 0 0 0 silly 0
i_told_you_silly 1581276798762 360 208 touchmove 319 86 0 0 0 silly 0
i_told_you_silly 1581276798781 360 208 touchmove 315 82 0 0 0 silly 0
i_told_you_silly 1581276798796 360 208 touchmove 310 76 0 0 0 silly 0
i_told_you_silly 1581276798813 360 208 touchmove 308 75 0 0 0 silly 0
i_told_you_silly 1581276798827 360 208 touchmove 308 74 0 0 0 silly 0
i_told_you_silly 1581276798844 360 208 touchmove 308 75 0 0 0 silly 0
i_told_you_silly 1581276798862 360 208 touchmove 310 77 0 0 0 silly 0
i_told_you_silly 1581276798877 360 208 touchmove 317 82 0 0 0 silly 0
i_told_you_silly 1581276798894 360 208 touchmove 321 85 0 0 0 silly 0
i_told_you_silly 1581276798912 360 208 touchmove 326 90 0 0 0 silly 0
i_told_you_silly 1581276798927 360 208 touchmove 327 91 0 0 0 silly 0
i_told_you_silly 1581276798945 360 208 touchmove 327 91 0 0 0 silly 0
i_told_you_silly 1581276798961 360 208 touchmove 325 90 0 0 0 silly 0
i_told_you_silly 1581276798977 360 208 touchmove 321 87 0 0 0 silly 0
i_told_you_silly 1581276798994 360 208 touchmove 305 74 0 0 0 silly 0
i_told_you_silly 1581276799011 360 208 touchmove 297 65 0 0 0 silly 0
i_told_you_silly 1581276799027 360 208 touchmove 283 51 0 0 0 silly 0
i_told_you_silly 1581276799043 360 208 touchmove 279 45 0 0 0 silly 0
i_told_you_silly 1581276799060 360 208 touchmove 275 40 0 0 0 silly 0
i_told_you_silly 1581276799077 360 208 touchmove 271 32 0 0 0 silly 0
i_told_you_silly 1581276799095 360 208 touchmove 270 27 0 0 0 silly 0
i_told_you_silly 1581276799111 360 208 touchmove 271 16 0 0 0 silly 0
i_told_you_silly 1581276799120 360 208 touchend 271 16 0 0 0 silly 0
proceedings_bradley_interface_distinct 1581276804138 360 208 touchstart 358 33 0 0 0 proceedings 0
proceedings_bradley_interface_distinct 1581276804212 360 208 touchmove 358 33 0 0 0 proceedings 0
proceedings_bradley_interface_distinct 1581276804228 360 208 touchmove 355 33 0 0 0 proceedings 0
proceedings_bradley_interface_distinct 1581276804245 360 208 touchmove 352 33 0 0 0 proceedings 0
proceedings_bradley_interface_distinct 1581276804262 360 208 touchmove 340 34 0 0 0 proceedings 0
proceedings_bradley_interface_distinct 1581276804278 360 208 touchmove 334 35 0 0 0 proceedings 0
proceedings_bradley_interface_distinct 1581276804295 360 208 touchmove 327 36 0 0 0 proceedings 0
proceedings_bradley_interface_distinct 1581276804316 360 208 touchmove 309 37 0 0 0 proceedings 0
proceedings_bradley_interface_distinct 1581276804330 360 208 touchmove 298 36 0 0 0 proceedings 0
proceedings_bradley_interface_distinct 1581276804346 360 208 touchmove 270 33 0 0 0 proceedings 0
proceedings_bradley_interface_distinct 1581276804365 360 208 touchmove 235 30 0 0 0 proceedings 0
proceedings_bradley_interface_distinct 1581276804378 360 208 touchmove 217 29 0 0 0 proceedings 0
proceedings_bradley_interface_distinct 1581276804394 360 208 touchmove 199 28 0 0 0 proceedings 0
proceedings_bradley_interface_distinct 1581276804411 360 208 touchmove 165 28 0 0 0 proceedings 0
proceedings_bradley_interface_distinct 1581276804427 360 208 touchmove 150 28 0 0 0 proceedings 0
proceedings_bradley_interface_distinct 1581276804444 360 208 touchmove 127 29 0 0 0 proceedings 0
proceedings_bradley_interface_distinct 1581276804462 360 208 touchmove 117 30 0 0 0 proceedings 0
proceedings_bradley_interface_distinct 1581276804478 360 208 touchmove 111 31 0 0 0 proceedings 0
proceedings_bradley_interface_distinct 1581276804494 360 208 touchmove 105 31 0 0 0 proceedings 0
proceedings_bradley_interface_distinct 1581276804512 360 208 touchmove 104 31 0 0 0 proceedings 0
proceedings_bradley_interface_distinct 1581276804527 360 208 touchmove 105 30 0 0 0 proceedings 0
proceedings_bradley_interface_distinct 1581276804545 360 208 touchmove 109 29 0 0 0 proceedings 0
proceedings_bradley_interface_distinct 1581276804561 360 208 touchmove 119 27 0 0 0 proceedings 0
proceedings_bradley_interface_distinct 1581276804577 360 208 touchmove 153 21 0 0 0 proceedings 0
proceedings_bradley_interface_distinct 1581276804594 360 208 touchmove 174 17 0 0 0 proceedings 0
proceedings_bradley_interface_distinct 1581276804612 360 208 touchmove 216 13 0 0 0 proceedings 0
proceedings_bradley_interface_distinct 1581276804628 360 208 touchmove 233 11 0 0 0 proceedings 0
proceedings_bradley_interface_distinct 1581276804645 360 208 touchmove 260 10 0 0 0 proceedings 0
proceedings_bradley_interface_distinct 1581276804662 360 208 touchmove 269 11 0 0 0 proceedings 0
proceedings_bradley_interface_distinct 1581276804677 360 208 touchmove 279 12 0 0 0 proceedings 0
proceedings_bradley_interface_distinct 1581276804694 360 208 touchmove 281 14 0 0 0 proceedings 0
proceedings_bradley_interface_distinct 1581276804711 360 208 touchmove 277 25 0 0 0 proceedings 0
proceedings_bradley_interface_distinct 1581276804728 360 208 touchmove 269 36 0 0 0 proceedings 0
proceedings_bradley_interface_distinct 1581276804744 360 208 touchmove 255 50 0 0 0 proceedings 0
proceedings_bradley_interface_distinct 1581276804765 360 208 touchmove 223 78 0 0 0 proceedings 0
proceedings_bradley_interface_distinct 1581276804779 360 208 touchmove 208 90 0 0 0 proceedings 0
proceedings_bradley_interface_distinct 1581276804794 360 208 touchmove 180 111 0 0 0 proceedings 0
proceedings_bradley_interface_distinct 1581276804812 360 208 touchmove 168 119 0 0 0 proceedings 0
proceedings_bradley_interface_distinct 1581276804829 360 208 touchmove 149 130 0 0 0 proceedings 0
proceedings_bradley_interface_distinct 1581276804844 360 208 touchmove 142 133 0 0 0 proceedings 0
proceedings_bradley_interface_distinct 1581276804862 360 208 touchmove 135 133 0 0 0 proceedings 0
proceedings_bradley_interface_distinct 1581276804878 360 208 touchmove 122 127 0 0 0 proceedings 0
proceedings_bradley_interface_distinct 1581276804895 360 208 touchmove 115 118 0 0 0 proceedings 0
proceedings_bradley_interface_distinct 1581276804911 360 208 touchmove 103 93 0 0 0 proceedings 0
proceedings_bradley_interface_distinct 1581276804929 360 208 touchmove 100 78 0 0 0 proceedings 0
proceedings_bradley_interface_distinct 1581276804945 360 208 touchmove 98 52 0 0 0 proceedings 0
proceedings_bradley_interface_distinct 1581276804961 360 208 touchmove 98 42 0 0 0 proceedings 0
proceedings_bradley_interface_distinct 1581276804978 360 208 touchmove 99 29 0 0 0 proceedings 0
proceedings_bradley_interface_distinct 1581276804994 360 208 touchmove 99 26 0 0 0 proceedings 0
proceedings_bradley_interface_distinct 1581276805011 360 208 touchmove 99 25 0 0 0 proceedings 0
proceedings_bradley_interface_distinct 1581276805027 360 208 touchmove 100 26 0 0 0 proceedings 0
proceedings_bradley_interface_distinct 1581276805045 360 208 touchmove 102 30 0 0 0 proceedings 0
proceedings_bradley_interface_distinct 1581276805061 360 208 touchmove 106 47 0 0 0 proceedings 0
proceedings_bradley_interface_distinct 1581276805078 360 208 touchmove 110 58 0 0 0 proceedings 0
proceedings_bradley_interface_distinct 1581276805095 360 208 touchmove 120 78 0 0 0 proceedings 0
proceedings_bradley_interface_distinct 1581276805111 360 208 touchmove 127 84 0 0 0 proceedings 0
proceedings_bradley_interface_distinct 1581276805128 360 208 touchmove 134 89 0 0 0 proceedings 0
proceedings_bradley_interface_distinct 1581276805144 360 208 touchmove 151 91 0 0 0 proceedings 0
proceedings_bradley_interface_distinct 1581276805162 360 208 touchmove 162 90 0 0 0 proceedings 0
proceedings_bradley_interface_distinct 1581276805179 360 208 touchmove 188 81 0 0 0 proceedings 0
proceedings_bradley_interface_distinct 1581276805196 360 208 touchmove 202 73 0 0 0 proceedings 0
proceedings_bradley_interface_distinct 1581276805211 360 208 touchmove 229 55 0 0 0 proceedings 0
proceedings_bradley_interface_distinct 1581276805227 360 208 touchmove 242 47 0 0 0 proceedings 0
proceedings_bradley_interface_distinct 1581276805245 360 208 touchmove 253 39 0 0 0 proceedings 0
proceedings_bradley_interface_distinct 1581276805261 360 208 touchmove 270 28 0 0 0 proceedings 0
proceedings_bradley_interface_distinct 1581276805278 360 208 touchmove 275 24 0 0 0 proceedings 0
proceedings_bradley_interface_distinct 1581276805295 360 208 touchmove 280 21 0 0 0 proceedings 0
proceedings_bradley_interface_distinct 1581276805311 360 208 touchmove 281 20 0 0 0 proceedings 0
proceedings_bradley_interface_distinct 1581276805328 360 208 touchmove 282 22 0 0 0 proceedings 0
proceedings_bradley_interface_distinct 1581276805344 360 208 touchmove 281 38 0 0 0 proceedings 0
proceedings_bradley_interface_distinct 1581276805362 360 208 touchmove 280 52 0 0 0 proceedings 0
proceedings_bradley_interface_distinct 1581276805379 360 208 touchmove 273 84 0 0 0 proceedings 0
proceedings_bradley_interface_distinct 1581276805394 360 208 touchmove 269 98 0 0 0 proceedings 0
proceedings_bradley_interface_distinct 1581276805412 360 208 touchmove 262 117 0 0 0 proceedings 0
proceedings_bradley_interface_distinct 1581276805428 360 208 touchmove 259 123 0 0 0 proceedings 0
proceedings_bradley_interface_distinct 1581276805446 360 208 touchmove 256 127 0 0 0 proceedings 0
proceedings_bradley_interface_distinct 1581276805464 360 208 touchmove 248 132 0 0 0 proceedings 0
proceedings_bradley_interface_distinct 1581276805480 360 208 touchmove 237 132 0 0 0 proceedings 0
proceedings_bradley_interface_distinct 1581276805495 360 208 touchmove 231 131 0 0 0 proceedings 0
proceedings_bradley_interface_distinct 1581276805513 360 208 touchmove 225 127 0 0 0 proceedings 0
proceedings_bradley_interface_distinct 1581276805527 360 208 touchmove 212 114 0 0 0 proceedings 0
proceedings_bradley_interface_distinct 1581276805543 360 208 touchmove 206 106 0 0 0 proceedings 0
proceedings_bradley_interface_distinct 1581276805563 360 208 touchmove 197 93 0 0 0 proceedings 0
proceedings_bradley_interface_distinct 1581276805577 360 208 touchmove 193 88 0 0 0 proceedings 0
proceedings_bradley_interface_distinct 1581276805595 360 208 touchmove 188 84 0 0 0 proceedings 0
proceedings_bradley_interface_distinct 1581276805613 360 208 touchmove 176 79 0 0 0 proceedings 0
proceedings_bradley_interface_distinct 1581276805629 360 208 touchmove 166 78 0 0 0 proceedings 0
proceedings_bradley_interface_distinct 1581276805644 360 208 touchmove 143 78 0 0 0 proceedings 0
proceedings_bradley_interface_distinct 1581276805661 360 208 touchmove 131 80 0 0 0 proceedings 0
proceedings_bradley_interface_distinct 1581276805677 360 208 touchmove 119 82 0 0 0 proceedings 0
proceedings_bradley_interface_distinct 1581276805694 360 208 touchmove 99 87 0 0 0 proceedings 0
proceedings_bradley_interface_distinct 1581276805711 360 208 touchmove 89 89 0 0 0 proceedings 0
proceedings_bradley_interface_distinct 1581276805728 360 208 touchmove 74 92 0 0 0 proceedings 0
proceedings_bradley_interface_distinct 1581276805744 360 208 touchmove 68 93 0 0 0 proceedings 0
proceedings_bradley_interface_distinct 1581276805761 360 208 touchmove 62 95 0 0 0 proceedings 0
proceedings_bradley_interface_distinct 1581276805778 360 208 touchmove 61 95 0 0 0 proceedings 0
proceedings_bradley_interface_distinct 1581276805794 360 208 touchmove 60 95 0 0 0 proceedings 0
proceedings_bradley_interface_distinct 1581276805814 360 208 touchmove 64 84 0 0 0 proceedings 0
proceedings_bradley_interface_distinct 1581276805821 360 208 touchend 64 84 0 0 0 proceedings 0
proceedings_bradley_interface_distinct 1581276812474 360 208 touchstart 224 151 0 0 0 bradley 0
proceedings_bradley_interface_distinct 1581276812543 360 208 touchmove 223 150 0 0 0 bradley 0
proceedings_bradley_interface_distinct 1581276812560 360 208 touchmove 221 148 0 0 0 bradley 0
proceedings_bradley_interface_distinct 1581276812578 360 208 touchmove 212 141 0 0 0 bradley 0
proceedings_bradley_interface_distinct 1581276812593 360 208 touchmove 206 134 0 0 0 bradley 0
proceedings_bradley_interface_distinct 1581276812610 360 208 touchmove 193 114 0 0 0 bradley 0
proceedings_bradley_interface_distinct 1581276812628 360 208 touchmove 186 102 0 0 0 bradley 0
proceedings_bradley_interface_distinct 1581276812643 360 208 touchmove 179 90 0 0 0 bradley 0
proceedings_bradley_interface_distinct 1581276812660 360 208 touchmove 165 63 0 0 0 bradley 0
proceedings_bradley_interface_distinct 1581276812677 360 208 touchmove 159 51 0 0 0 bradley 0
proceedings_bradley_interface_distinct 1581276812694 360 208 touchmove 148 30 0 0 0 bradley 0
proceedings_bradley_interface_distinct 1581276812711 360 208 touchmove 143 22 0 0 0 bradley 0
proceedings_bradley_interface_distinct 1581276812727 360 208 touchmove 133 12 0 0 0 bradley 0
proceedings_bradley_interface_distinct 1581276812743 360 208 touchmove 127 9 0 0 0 bradley 0
proceedings_bradley_interface_distinct 1581276812761 360 208 touchmove 112 9 0 0 0 bradley 0
proceedings_bradley_interface_distinct 1581276812777 360 208 touchmove 103 11 0 0 0 bradley 0
proceedings_bradley_interface_distinct 1581276812794 360 208 touchmove 94 16 0 0 0 bradley 0
proceedings_bradley_interface_distinct 1581276812810 360 208 touchmove 78 28 0 0 0 bradley 0
proceedings_bradley_interface_distinct 1581276812828 360 208 touchmove 71 35 0 0 0 bradley 0
proceedings_bradley_interface_distinct 1581276812844 360 208 touchmove 59 49 0 0 0 bradley 0
proceedings_bradley_interface_distinct 1581276812860 360 208 touchmove 55 54 0 0 0 bradley 0
proceedings_bradley_interface_distinct 1581276812878 360 208 touchmove 51 64 0 0 0 bradley 0
proceedings_bradley_interface_distinct 1581276812894 360 208 touchmove 50 68 0 0 0 bradley 0
proceedings_bradley_interface_distinct 1581276812911 360 208 touchmove 50 71 0 0 0 bradley 0
proceedings_bradley_interface_distinct 1581276812927 360 208 touchmove 54 78 0 0 0 bradley 0
proceedings_bradley_interface_distinct 1581276812943 360 208 touchmove 59 80 0 0 0 bradley 0
proceedings_bradley_interface_distinct 1581276812961 360 208 touchmove 72 84 0 0 0 bradley 0
proceedings_bradley_interface_distinct 1581276812977 360 208 touchmove 81 84 0 0 0 bradley 0
proceedings_bradley_interface_distinct 1581276812995 360 208 touchmove 90 84 0 0 0 bradley 0
proceedings_bradley_interface_distinct 1581276813012 360 208 touchmove 112 83 0 0 0 bradley 0
proceedings_bradley_interface_distinct 1581276813027 360 208 touchmove 123 82 0 0 0 bradley 0
proceedings_bradley_interface_distinct 1581276813044 360 208 touchmove 146 83 0 0 0 bradley 0
proceedings_bradley_interface_distinct 1581276813062 360 208 touchmove 158 85 0 0 0 bradley 0
proceedings_bradley_interface_distinct 1581276813078 360 208 touchmove 185 88 0 0 0 bradley 0
proceedings_bradley_interface_distinct 1581276813094 360 208 touchmove 200 89 0 0 0 bradley 0
proceedings_bradley_interface_distinct 1581276813111 360 208 touchmove 231 90 0 0 0 bradley 0
proceedings_bradley_interface_distinct 1581276813128 360 208 touchmove 246 90 0 0 0 bradley 0
proceedings_bradley_interface_distinct 1581276813145 360 208 touchmove 260 90 0 0 0 bradley 0
proceedings_bradley_interface_distinct 1581276813160 360 208 touchmove 286 90 0 0 0 bradley 0
proceedings_bradley_interface_distinct 1581276813177 360 208 touchmove 296 89 0 0 0 bradley 0
proceedings_bradley_interface_distinct 1581276813194 360 208 touchmove 313 87 0 0 0 bradley 0
proceedings_bradley_interface_distinct 1581276813211 360 208 touchmove 319 87 0 0 0 bradley 0
proceedings_bradley_interface_distinct 1581276813230 360 208 touchmove 327 86 0 0 0 bradley 0
proceedings_bradley_interface_distinct 1581276813244 360 208 touchmove 329 86 0 0 0 bradley 0
proceedings_bradley_interface_distinct 1581276813261 360 208 touchmove 329 86 0 0 0 bradley 0
proceedings_bradley_interface_distinct 1581276813278 360 208 touchmove 328 86 0 0 0 bradley 0
proceedings_bradley_interface_distinct 1581276813294 360 208 touchmove 323 85 0 0 0 bradley 0
proceedings_bradley_interface_distinct 1581276813312 360 208 touchmove 299 82 0 0 0 bradley 0
proceedings_bradley_interface_distinct 1581276813327 360 208 touchmove 280 80 0 0 0 bradley 0
proceedings_bradley_interface_distinct 1581276813345 360 208 touchmove 234 79 0 0 0 bradley 0
proceedings_bradley_interface_distinct 1581276813361 360 208 touchmove 213 79 0 0 0 bradley 0
proceedings_bradley_interface_distinct 1581276813380 360 208 touchmove 178 78 0 0 0 bradley 0
proceedings_bradley_interface_distinct 1581276813394 360 208 touchmove 165 78 0 0 0 bradley 0
proceedings_bradley_interface_distinct 1581276813412 360 208 touchmove 146 74 0 0 0 bradley 0
proceedings_bradley_interface_distinct 1581276813427 360 208 touchmove 139 71 0 0 0 bradley 0
proceedings_bradley_interface_distinct 1581276813444 360 208 touchmove 133 68 0 0 0 bradley 0
proceedings_bradley_interface_distinct 1581276813461 360 208 touchmove 121 59 0 0 0 bradley 0
proceedings_bradley_interface_distinct 1581276813477 360 208 touchmove 115 55 0 0 0 bradley 0
proceedings_bradley_interface_distinct 1581276813494 360 208 touchmove 104 48 0 0 0 bradley 0
proceedings_bradley_interface_distinct 1581276813510 360 208 touchmove 99 44 0 0 0 bradley 0
proceedings_bradley_interface_distinct 1581276813527 360 208 touchmove 95 40 0 0 0 bradley 0
proceedings_bradley_interface_distinct 1581276813544 360 208 touchmove 90 34 0 0 0 bradley 0
proceedings_bradley_interface_distinct 1581276813560 360 208 touchmove 88 32 0 0 0 bradley 0
proceedings_bradley_interface_distinct 1581276813577 360 208 touchmove 88 30 0 0 0 bradley 0
proceedings_bradley_interface_distinct 1581276813594 360 208 touchmove 90 29 0 0 0 bradley 0
proceedings_bradley_interface_distinct 1581276813610 360 208 touchmove 106 27 0 0 0 bradley 0
proceedings_bradley_interface_distinct 1581276813627 360 208 touchmove 118 26 0 0 0 bradley 0
proceedings_bradley_interface_distinct 1581276813644 360 208 touchmove 133 25 0 0 0 bradley 0
proceedings_bradley_interface_distinct 1581276813660 360 208 touchmove 162 24 0 0 0 bradley 0
proceedings_bradley_interface_distinct 1581276813678 360 208 touchmove 175 24 0 0 0 bradley 0
proceedings_bradley_interface_distinct 1581276813694 360 208 touchmove 194 24 0 0 0 bradley 0
proceedings_bradley_interface_distinct 1581276813711 360 208 touchmove 201 24 0 0 0 bradley 0
proceedings_bradley_interface_distinct 1581276813728 360 208 touchmove 209 24 0 0 0 bradley 0
proceedings_bradley_interface_distinct 1581276813787 360 208 touchend 209 24 0 0 0 bradley 0
proceedings_bradley_interface_distinct 1581276815047 360 208 touchstart 265 -1 0 0 0 interface 0
proceedings_bradley_interface_distinct 1581276815128 360 208 touchmove 265 0 0 0 0 interface 0
proceedings_bradley_interface_distinct 1581276815143 360 208 touchmove 265 4 0 0 0 interface 0
proceedings_bradley_interface_distinct 1581276815161 360 208 touchmove 265 12 0 0 0 interface 0
proceedings_bradley_interface_distinct 1581276815176 360 208 touchmove 261 39 0 0 0 interface 0
proceedings_bradley_interface_distinct 1581276815194 360 208 touchmove 257 57 0 0 0 interface 0
proceedings_bradley_interface_distinct 1581276815210 360 208 touchmove 246 95 0 0 0 interface 0
proceedings_bradley_interface_distinct 1581276815227 360 208 touchmove 241 111 0 0 0 interface 0
proceedings_bradley_interface_distinct 1581276815244 360 208 touchmove 235 135 0 0 0 interface 0
proceedings_bradley_interface_distinct 1581276815260 360 208 touchmove 232 143 0 0 0 interface 0
proceedings_bradley_interface_distinct 1581276815277 360 208 touchmove 230 149 0 0 0 interface 0
proceedings_bradley_interface_distinct 1581276815294 360 208 touchmove 222 154 0 0 0 interface 0
proceedings_bradley_interface_distinct 1581276815310 360 208 touchmove 216 154 0 0 0 interface 0
proceedings_bradley_interface_distinct 1581276815327 360 208 touchmove 200 144 0 0 0 interface 0
proceedings_bradley_interface_distinct 1581276815344 360 208 touchmove 190 134 0 0 0 interface 0
proceedings_bradley_interface_distinct 1581276815361 360 208 touchmove 173 107 0 0 0 interface 0
proceedings_bradley_interface_distinct 1581276815377 360 208 touchmove 166 92 0 0 0 interface 0
proceedings_bradley_interface_distinct 1581276815393 360 208 touchmove 161 76 0 0 0 interface 0
proceedings_bradley_interface_distinct 1581276815410 360 208 touchmove 154 48 0 0 0 interface 0
proceedings_bradley_interface_distinct 1581276815427 360 208 touchmove 152 36 0 0 0 interface 0
proceedings_bradley_interface_distinct 1581276815444 360 208 touchmove 147 18 0 0 0 interface 0
proceedings_bradley_interface_distinct 1581276815460 360 208 touchmove 143 11 0 0 0 interface 0
proceedings_bradley_interface_distinct 1581276815476 360 208 touchmove 138 7 0 0 0 interface 0
proceedings_bradley_interface_distinct 1581276815494 360 208 touchmove 127 2 0 0 0 interface 0
proceedings_bradley_interface_distinct 1581276815511 360 208 touchmove 120 2 0 0 0 interface 0
proceedings_bradley_interface_distinct 1581276815527 360 208 touchmove 108 3 0 0 0 interface 0
proceedings_bradley_interface_distinct 1581276815544 360 208 touchmove 104 4 0 0 0 interface 0
proceedings_bradley_interface_distinct 1581276815560 360 208 touchmove 102 7 0 0 0 interface 0
proceedings_bradley_interface_distinct 1581276815577 360 208 touchmove 102 9 0 0 0 interface 0
proceedings_bradley_interface_distinct 1581276815593 360 208 touchmove 105 12 0 0 0 interface 0
proceedings_bradley_interface_distinct 1581276815610 360 208 touchmove 116 18 0 0 0 interface 0
proceedings_bradley_interface_distinct 1581276815628 360 208 touchmove 125 21 0 0 0 interface 0
proceedings_bradley_interface_distinct 1581276815643 360 208 touchmove 141 31 0 0 0 interface 0
proceedings_bradley_interface_distinct 1581276815661 360 208 touchmove 147 37 0 0 0 interface 0
proceedings_bradley_interface_distinct 1581276815677 360 208 touchmove 153 51 0 0 0 interface 0
proceedings_bradley_interface_distinct 1581276815693 360 208 touchmove 153 59 0 0 0 interface 0
proceedings_bradley_interface_distinct 1581276815710 360 208 touchmove 150 69 0 0 0 interface 0
proceedings_bradley_interface_distinct 1581276815727 360 208 touchmove 145 72 0 0 0 interface 0
proceedings_bradley_interface_distinct 1581276815743 360 208 touchmove 138 74 0 0 0 interface 0
proceedings_bradley_interface_distinct 1581276815760 360 208 touchmove 115 74 0 0 0 interface 0
proceedings_bradley_interface_distinct 1581276815777 360 208 touchmove 102 73 0 0 0 interface 0
proceedings_bradley_interface_distinct 1581276815794 360 208 touchmove 73 71 0 0 0 interface 0
proceedings_bradley_interface_distinct 1581276815810 360 208 touchmove 61 71 0 0 0 interface 0
proceedings_bradley_interface_distinct 1581276815827 360 208 touchmove 52 71 0 0 0 interface 0
proceedings_bradley_interface_distinct 1581276815843 360 208 touchmove 43 73 0 0 0 interface 0
proceedings_bradley_interface_distinct 1581276815860 360 208 touchmove 42 74 0 0 0 interface 0
proceedings_bradley_interface_distinct 1581276815877 360 208 touchmove 42 79 0 0 0 interface 0
proceedings_bradley_interface_distinct 1581276815894 360 208 touchmove 46 83 0 0 0 interface 0
proceedings_bradley_interface_distinct 1581276815910 360 208 touchmove 64 94 0 0 0 interface 0
proceedings_bradley_interface_distinct 1581276815927 360 208 touchmove 79 100 0 0 0 interface 0
proceedings_bradley_interface_distinct 1581276815943 360 208 touchmove 111 111 0 0 0 interface 0
proceedings_bradley_interface_distinct 1581276815960 360 208 touchmove 125 116 0 0 0 interface 0
proceedings_bradley_interface_distinct 1581276815977 360 208 touchmove 135 121 0 0 0 interface 0
proceedings_bradley_interface_distinct 1581276815994 360 208 touchmove 147 130 0 0 0 interface 0
proceedings_bradley_interface_distinct 1581276816010 360 208 touchmove 151 133 0 0 0 interface 0
proceedings_bradley_interface_distinct 1581276816027 360 208 touchmove 154 137 0 0 0 interface 0
proceedings_bradley_interface_distinct 1581276816044 360 208 touchmove 155 138 0 0 0 interface 0
proceedings_bradley_interface_distinct 1581276816060 360 208 touchmove 150 136 0 0 0 interface 0
proceedings_bradley_interface_distinct 1581276816077 360 208 touchmove 144 132 0 0 0 interface 0
proceedings_bradley_interface_distinct 1581276816094 360 208 touchmove 129 114 0 0 0 interface 0
proceedings_bradley_interface_distinct 1581276816110 360 208 touchmove 121 103 0 0 0 interface 0
proceedings_bradley_interface_distinct 1581276816128 360 208 touchmove 106 80 0 0 0 interface 0
proceedings_bradley_interface_distinct 1581276816143 360 208 touchmove 101 69 0 0 0 interface 0
proceedings_bradley_interface_distinct 1581276816160 360 208 touchmove 96 60 0 0 0 interface 0
proceedings_bradley_interface_distinct 1581276816176 360 208 touchmove 90 47 0 0 0 interface 0
proceedings_bradley_interface_distinct 1581276816194 360 208 touchmove 88 42 0 0 0 interface 0
proceedings_bradley_interface_distinct 1581276816210 360 208 touchmove 86 38 0 0 0 interface 0
proceedings_bradley_interface_distinct 1581276816227 360 208 touchmove 85 31 0 0 0 interface 0
proceedings_bradley_interface_distinct 1581276816244 360 208 touchmove 85 29 0 0 0 interface 0
proceedings_bradley_interface_distinct 1581276816251 360 208 touchend 85 29 0 0 0 interface 0
proceedings_bradley_interface_distinct 1581276817653 360 208 touchstart 93 90 0 0 0 distinct 1
proceedings_bradley_interface_distinct 1581276817723 360 208 touchmove 94 90 0 0 0 distinct 1
proceedings_bradley_interface_distinct 1581276817733 360 208 touchmove 102 89 0 0 0 distinct 1
proceedings_bradley_interface_distinct 1581276817748 360 208 touchmove 111 88 0 0 0 distinct 1
proceedings_bradley_interface_distinct 1581276817760 360 208 touchmove 123 87 0 0 0 distinct 1
proceedings_bradley_interface_distinct 1581276817777 360 208 touchmove 137 84 0 0 0 distinct 1
proceedings_bradley_interface_distinct 1581276817794 360 208 touchmove 174 73 0 0 0 distinct 1
proceedings_bradley_interface_distinct 1581276817810 360 208 touchmove 194 65 0 0 0 distinct 1
proceedings_bradley_interface_distinct 1581276817828 360 208 touchmove 232 51 0 0 0 distinct 1
proceedings_bradley_interface_distinct 1581276817843 360 208 touchmove 247 45 0 0 0 distinct 1
proceedings_bradley_interface_distinct 1581276817860 360 208 touchmove 259 41 0 0 0 distinct 1
proceedings_bradley_interface_distinct 1581276817876 360 208 touchmove 273 34 0 0 0 distinct 1
proceedings_bradley_interface_distinct 1581276817894 360 208 touchmove 277 32 0 0 0 distinct 1
proceedings_bradley_interface_distinct 1581276817910 360 208 touchmove 282 28 0 0 0 distinct 1
proceedings_bradley_interface_distinct 1581276817928 360 208 touchmove 283 27 0 0 0 distinct 1
proceedings_bradley_interface_distinct 1581276817945 360 208 touchmove 282 22 0 0 0 distinct 1
proceedings_bradley_interface_distinct 1581276817960 360 208 touchmove 277 19 0 0 0 distinct 1
proceedings_bradley_interface_distinct 1581276817977 360 208 touchmove 268 15 0 0 0 distinct 1
proceedings_bradley_interface_distinct 1581276817994 360 208 touchmove 231 9 0 0 0 distinct 1
proceedings_bradley_interface_distinct 1581276818010 360 208 touchmove 206 9 0 0 0 distinct 1
proceedings_bradley_interface_distinct 1581276818027 360 208 touchmove 180 12 0 0 0 distinct 1
proceedings_bradley_interface_distinct 1581276818043 360 208 touchmove 133 27 0 0 0 distinct 1
proceedings_bradley_interface_distinct 1581276818060 360 208 touchmove 116 37 0 0 0 distinct 1
proceedings_bradley_interface_distinct 1581276818077 360 208 touchmove 95 56 0 0 0 distinct 1
proceedings_bradley_interface_distinct 1581276818094 360 208 touchmove 90 65 0 0 0 distinct 1
proceedings_bradley_interface_distinct 1581276818110 360 208 touchmove 87 85 0 0 0 distinct 1
proceedings_bradley_interface_distinct 1581276818127 360 208 touchmove 88 96 0 0 0 distinct 1
proceedings_bradley_interface_distinct 1581276818144 360 208 touchmove 98 113 0 0 0 distinct 1
proceedings_bradley_interface_distinct 1581276818160 360 208 touchmove 104 119 0 0 0 distinct 1
proceedings_bradley_interface_distinct 1581276818178 360 208 touchmove 111 123 0 0 0 distinct 1
proceedings_bradley_interface_distinct 1581276818193 360 208 touchmove 124 126 0 0 0 distinct 1
proceedings_bradley_interface_distinct 1581276818210 360 208 touchmove 130 125 0 0 0 distinct 1
proceedings_bradley_interface_distinct 1581276818228 360 208 touchmove 142 115 0 0 0 distinct 1
proceedings_bradley_interface_distinct 1581276818243 360 208 touchmove 147 107 0 0 0 distinct 1
proceedings_bradley_interface_distinct 1581276818263 360 208 touchmove 153 87 0 0 0 distinct 1
proceedings_bradley_interface_distinct 1581276818278 360 208 touchmove 154 75 0 0 0 distinct 1
proceedings_bradley_interface_distinct 1581276818293 360 208 touchmove 156 64 0 0 0 distinct 1
proceedings_bradley_interface_distinct 1581276818311 360 208 touchmove 158 48 0 0 0 distinct 1
proceedings_bradley_interface_distinct 1581276818328 360 208 touchmove 159 44 0 0 0 distinct 1
proceedings_bradley_interface_distinct 1581276818344 360 208 touchmove 162 39 0 0 0 distinct 1
proceedings_bradley_interface_distinct 1581276818360 360 208 touchmove 164 37 0 0 0 distinct 1
proceedings_bradley_interface_distinct 1581276818377 360 208 touchmove 170 33 0 0 0 distinct 1
proceedings_bradley_interface_distinct 1581276818393 360 208 touchmove 175 31 0 0 0 distinct 1
proceedings_bradley_interface_distinct 1581276818410 360 208 touchmove 182 28 0 0 0 distinct 1
proceedings_bradley_interface_distinct 1581276818426 360 208 touchmove 200 22 0 0 0 distinct 1
proceedings_bradley_interface_distinct 1581276818443 360 208 touchmove 210 19 0 0 0 distinct 1
proceedings_bradley_interface_distinct 1581276818460 360 208 touchmove 233 14 0 0 0 distinct 1
proceedings_bradley_interface_distinct 1581276818477 360 208 touchmove 244 13 0 0 0 distinct 1
proceedings_bradley_interface_distinct 1581276818493 360 208 touchmove 262 12 0 0 0 distinct 1
proceedings_bradley_interface_distinct 1581276818510 360 208 touchmove 270 12 0 0 0 distinct 1
proceedings_bradley_interface_distinct 1581276818528 360 208 touchmove 276 14 0 0 0 distinct 1
proceedings_bradley_interface_distinct 1581276818543 360 208 touchmove 283 20 0 0 0 distinct 1
proceedings_bradley_interface_distinct 1581276818560 360 208 touchmove 284 27 0 0 0 distinct 1
proceedings_bradley_interface_distinct 1581276818577 360 208 touchmove 282 48 0 0 0 distinct 1
proceedings_bradley_interface_distinct 1581276818593 360 208 touchmove 278 63 0 0 0 distinct 1
proceedings_bradley_interface_distinct 1581276818610 360 208 touchmove 264 97 0 0 0 distinct 1
proceedings_bradley_interface_distinct 1581276818627 360 208 touchmove 257 112 0 0 0 distinct 1
proceedings_bradley_interface_distinct 1581276818644 360 208 touchmove 247 134 0 0 0 distinct 1
proceedings_bradley_interface_distinct 1581276818660 360 208 touchmove 243 140 0 0 0 distinct 1
proceedings_bradley_interface_distinct 1581276818687 360 208 touchmove 237 146 0 0 0 distinct 1
proceedings_bradley_interface_distinct 1581276818695 360 208 touchmove 234 147 0 0 0 distinct 1
proceedings_bradley_interface_distinct 1581276818712 360 208 touchmove 230 147 0 0 0 distinct 1
proceedings_bradley_interface_distinct 1581276818728 360 208 touchmove 222 141 0 0 0 distinct 1
proceedings_bradley_interface_distinct 1581276818744 360 208 touchmove 218 136 0 0 0 distinct 1
proceedings_bradley_interface_distinct 1581276818762 360 208 touchmove 212 123 0 0 0 distinct 1
proceedings_bradley_interface_distinct 1581276818778 360 208 touchmove 209 117 0 0 0 distinct 1
proceedings_bradley_interface_distinct 1581276818794 360 208 touchmove 206 113 0 0 0 distinct 1
proceedings_bradley_interface_distinct 1581276818810 360 208 touchmove 201 108 0 0 0 distinct 1
proceedings_bradley_interface_distinct 1581276818827 360 208 touchmove 198 108 0 0 0 distinct 1
proceedings_bradley_interface_distinct 1581276818843 360 208 touchmove 188 108 0 0 0 distinct 1
proceedings_bradley_interface_distinct 1581276818863 360 208 touchmove 180 110 0 0 0 distinct 1
proceedings_bradley_interface_distinct 1581276818877 360 208 touchmove 164 116 0 0 0 distinct 1
proceedings_bradley_interface_distinct 1581276818893 360 208 touchmove 158 119 0 0 0 distinct 1
proceedings_bradley_interface_distinct 1581276818910 360 208 touchmove 153 122 0 0 0 distinct 1
proceedings_bradley_interface_distinct 1581276818927 360 208 touchmove 148 127 0 0 0 distinct 1
proceedings_bradley_interface_distinct 1581276818943 360 208 touchmove 147 128 0 0 0 distinct 1
proceedings_bradley_interface_distinct 1581276818961 360 208 touchmove 145 131 0 0 0 distinct 1
proceedings_bradley_interface_distinct 1581276818979 360 208 touchmove 145 131 0 0 0 distinct 1
proceedings_bradley_interface_distinct 1581276818993 360 208 touchmove 144 131 0 0 0 distinct 1
proceedings_bradley_interface_distinct 1581276819025 360 208 touchend 144 131 0 0 0 distinct 1
proceedings_bradley_interface_distinct 1581276821075 360 208 touchstart 93 82 0 0 0 distinct 1
proceedings_bradley_interface_distinct 1581276821128 360 208 touchmove 94 82 0 0 0 distinct 1
proceedings_bradley_interface_distinct 1581276821143 360 208 touchmove 100 83 0 0 0 distinct 1
proceedings_bradley_interface_distinct 1581276821159 360 208 touchmove 106 83 0 0 0 distinct 1
proceedings_bradley_interface_distinct 1581276821177 360 208 touchmove 119 83 0 0 0 distinct 1
proceedings_bradley_interface_distinct 1581276821193 360 208 touchmove 128 82 0 0 0 distinct 1
proceedings_bradley_interface_distinct 1581276821210 360 208 touchmove 139 81 0 0 0 distinct 1
proceedings_bradley_interface_distinct 1581276821227 360 208 touchmove 165 76 0 0 0 distinct 1
proceedings_bradley_interface_distinct 1581276821243 360 208 touchmove 179 71 0 0 0 distinct 1
proceedings_bradley_interface_distinct 1581276821260 360 208 touchmove 210 60 0 0 0 distinct 1
proceedings_bradley_interface_distinct 1581276821276 360 208 touchmove 224 54 0 0 0 distinct 1
proceedings_bradley_interface_distinct 1581276821346 360 208 touchmove 276 30 0 0 0 distinct 1
proceedings_bradley_interface_distinct 1581276821359 360 208 touchmove 280 27 0 0 0 distinct 1
proceedings_bradley_interface_distinct 1581276821388 360 208 touchmove 285 25 0 0 0 distinct 1
proceedings_bradley_interface_distinct 1581276821394 360 208 touchmove 287 24 0 0 0 distinct 1
proceedings_bradley_interface_distinct 1581276821411 360 208 touchmove 289 23 0 0 0 distinct 1
proceedings_bradley_interface_distinct 1581276821443 360 208 touchmove 290 22 0 0 0 distinct 1
proceedings_bradley_interface_distinct 1581276821459 360 208 touchmove 290 22 0 0 0 distinct 1
proceedings_bradley_interface_distinct 1581276821476 360 208 touchmove 290 21 0 0 0 distinct 1
proceedings_bradley_interface_distinct 1581276821494 360 208 touchmove 288 21 0 0 0 distinct 1
proceedings_bradley_interface_distinct 1581276821511 360 208 touchmove 287 20 0 0 0 distinct 1
proceedings_bradley_interface_distinct 1581276821528 360 208 touchmove 285 20 0 0 0 distinct 1
proceedings_bradley_interface_distinct 1581276821543 360 208 touchmove 277 19 0 0 0 distinct 1
proceedings_bradley_interface_distinct 1581276821560 360 208 touchmove 269 19 0 0 0 distinct 1
proceedings_bradley_interface_distinct 1581276821576 360 208 touchmove 247 19 0 0 0 distinct 1
proceedings_bradley_interface_distinct 1581276821593 360 208 touchmove 232 21 0 0 0 distinct 1
proceedings_bradley_interface_distinct 1581276821610 360 208 touchmove 217 23 0 0 0 distinct 1
proceedings_bradley_interface_distinct 1581276821626 360 208 touchmove 186 33 0 0 0 distinct 1
proceedings_bradley_interface_distinct 1581276821644 360 208 touchmove 171 39 0 0 0 distinct 1
proceedings_bradley_interface_distinct 1581276821660 360 208 touchmove 145 51 0 0 0 distinct 1
proceedings_bradley_interface_distinct 1581276821678 360 208 touchmove 134 57 0 0 0 distinct 1
proceedings_bradley_interface_distinct 1581276821693 360 208 touchmove 113 66 0 0 0 distinct 1
proceedings_bradley_interface_distinct 1581276821710 360 208 touchmove 104 71 0 0 0 distinct 1
proceedings_bradley_interface_distinct 1581276821727 360 208 touchmove 90 77 0 0 0 distinct 1
proceedings_bradley_interface_distinct 1581276821743 360 208 touchmove 84 80 0 0 0 distinct 1
proceedings_bradley_interface_distinct 1581276821761 360 208 touchmove 80 82 0 0 0 distinct 1
proceedings_bradley_interface_distinct 1581276821776 360 208 touchmove 74 85 0 0 0 distinct 1
proceedings_bradley_interface_distinct 1581276821793 360 208 touchmove 72 87 0 0 0 distinct 1
proceedings_bradley_interface_distinct 1581276821810 360 208 touchmove 70 88 0 0 0 distinct 1
proceedings_bradley_interface_distinct 1581276821827 360 208 touchmove 70 89 0 0 0 distinct 1
proceedings_bradley_interface_distinct 1581276821843 360 208 touchmove 71 89 0 0 0 distinct 1
proceedings_bradley_interface_distinct 1581276821860 360 208 touchmove 79 84 0 0 0 distinct 1
proceedings_bradley_interface_distinct 1581276821876 360 208 touchmove 88 79 0 0 0 distinct 1
proceedings_bradley_interface_distinct 1581276821893 360 208 touchmove 113 64 0 0 0 distinct 1
proceedings_bradley_interface_distinct 1581276821911 360 208 touchmove 127 56 0 0 0 distinct 1
proceedings_bradley_interface_distinct 1581276821926 360 208 touchmove 156 38 0 0 0 distinct 1
proceedings_bradley_interface_distinct 1581276821943 360 208 touchmove 168 31 0 0 0 distinct 1
proceedings_bradley_interface_distinct 1581276821960 360 208 touchmove 184 21 0 0 0 distinct 1
proceedings_bradley_interface_distinct 1581276821977 360 208 touchmove 189 19 0 0 0 distinct 1
proceedings_bradley_interface_distinct 1581276821994 360 208 touchmove 193 17 0 0 0 distinct 1
proceedings_bradley_interface_distinct 1581276822010 360 208 touchmove 202 15 0 0 0 distinct 1
proceedings_bradley_interface_distinct 1581276822026 360 208 touchmove 208 16 0 0 0 distinct 1
proceedings_bradley_interface_distinct 1581276822043 360 208 touchmove 224 19 0 0 0 distinct 1
proceedings_bradley_interface_distinct 1581276822060 360 208 touchmove 232 20 0 0 0 distinct 1
proceedings_bradley_interface_distinct 1581276822076 360 208 touchmove 249 22 0 0 0 distinct 1
proceedings_bradley_interface_distinct 1581276822093 360 208 touchmove 257 23 0 0 0 distinct 1
proceedings_bradley_interface_distinct 1581276822110 360 208 touchmove 271 23 0 0 0 distinct 1
proceedings_bradley_interface_distinct 1581276822126 360 208 touchmove 277 23 0 0 0 distinct 1
proceedings_bradley_interface_distinct 1581276822144 360 208 touchmove 285 24 0 0 0 distinct 1
proceedings_bradley_interface_distinct 1581276822159 360 208 touchmove 287 24 0 0 0 distinct 1
proceedings_bradley_interface_distinct 1581276822179 360 208 touchmove 288 25 0 0 0 distinct 1
proceedings_bradley_interface_distinct 1581276822195 360 208 touchmove 288 31 0 0 0 distinct 1
proceedings_bradley_interface_distinct 1581276822210 360 208 touchmove 286 39 0 0 0 distinct 1
proceedings_bradley_interface_distinct 1581276822227 360 208 touchmove 282 50 0 0 0 distinct 1
proceedings_bradley_interface_distinct 1581276822243 360 208 touchmove 267 80 0 0 0 distinct 1
proceedings_bradley_interface_distinct 1581276822260 360 208 touchmove 258 95 0 0 0 distinct 1
proceedings_bradley_interface_distinct 1581276822277 360 208 touchmove 245 120 0 0 0 distinct 1
proceedings_bradley_interface_distinct 1581276822294 360 208 touchmove 241 128 0 0 0 distinct 1
proceedings_bradley_interface_distinct 1581276822310 360 208 touchmove 235 138 0 0 0 distinct 1
proceedings_bradley_interface_distinct 1581276822326 360 208 touchmove 234 140 0 0 0 distinct 1
proceedings_bradley_interface_distinct 1581276822344 360 208 touchmove 232 142 0 0 0 distinct 1
proceedings_bradley_interface_distinct 1581276822360 360 208 touchmove 229 144 0 0 0 distinct 1
proceedings_bradley_interface_distinct 1581276822376 360 208 touchmove 228 144 0 0 0 distinct 1
proceedings_bradley_interface_distinct 1581276822393 360 208 touchmove 226 144 0 0 0 distinct 1
proceedings_bradley_interface_distinct 1581276822410 360 208 touchmove 226 143 0 0 0 distinct 1
proceedings_bradley_interface_distinct 1581276822427 360 208 touchmove 224 140 0 0 0 distinct 1
proceedings_bradley_interface_distinct 1581276822444 360 208 touchmove 223 138 0 0 0 distinct 1
proceedings_bradley_interface_distinct 1581276822460 360 208 touchmove 221 131 0 0 0 distinct 1
proceedings_bradley_interface_distinct 1581276822477 360 208 touchmove 219 125 0 0 0 distinct 1
proceedings_bradley_interface_distinct 1581276822493 360 208 touchmove 217 118 0 0 0 distinct 1
proceedings_bradley_interface_distinct 1581276822509 360 208 touchmove 212 104 0 0 0 distinct 1
proceedings_bradley_interface_distinct 1581276822526 360 208 touchmove 209 96 0 0 0 distinct 1
proceedings_bradley_interface_distinct 1581276822543 360 208 touchmove 202 81 0 0 0 distinct 1
proceedings_bradley_interface_distinct 1581276822560 360 208 touchmove 198 73 0 0 0 distinct 1
proceedings_bradley_interface_distinct 1581276822577 360 208 touchmove 194 65 0 0 0 distinct 1
proceedings_bradley_interface_distinct 1581276822593 360 208 touchmove 188 52 0 0 0 distinct 1
proceedings_bradley_interface_distinct 1581276822611 360 208 touchmove 185 47 0 0 0 distinct 1
proceedings_bradley_interface_distinct 1581276822626 360 208 touchmove 182 39 0 0 0 distinct 1
proceedings_bradley_interface_distinct 1581276822643 360 208 touchmove 180 36 0 0 0 distinct 1
proceedings_bradley_interface_distinct 1581276822660 360 208 touchmove 178 31 0 0 0 distinct 1
proceedings_bradley_interface_distinct 1581276822676 360 208 touchmove 178 29 0 0 0 distinct 1
proceedings_bradley_interface_distinct 1581276822693 360 208 touchmove 177 28 0 0 0 distinct 1
proceedings_bradley_interface_distinct 1581276822710 360 208 touchmove 176 27 0 0 0 distinct 1
proceedings_bradley_interface_distinct 1581276822727 360 208 touchmove 175 27 0 0 0 distinct 1
proceedings_bradley_interface_distinct 1581276822743 360 208 touchmove 172 35 0 0 0 distinct 1
proceedings_bradley_interface_distinct 1581276822760 360 208 touchmove 169 45 0 0 0 distinct 1
proceedings_bradley_interface_distinct 1581276822776 360 208 touchmove 161 72 0 0 0 distinct 1
proceedings_bradley_interface_distinct 1581276822793 360 208 touchmove 157 86 0 0 0 distinct 1
proceedings_bradley_interface_distinct 1581276822810 360 208 touchmove 154 98 0 0 0 distinct 1
proceedings_bradley_interface_distinct 1581276822826 360 208 touchmove 150 120 0 0 0 distinct 1
proceedings_bradley_interface_distinct 1581276822843 360 208 touchmove 148 129 0 0 0 distinct 1
proceedings_bradley_interface_distinct 1581276822860 360 208 touchmove 146 144 0 0 0 distinct 1
proceedings_bradley_interface_distinct 1581276822877 360 208 touchmove 146 150 0 0 0 distinct 1
proceedings_bradley_interface_distinct 1581276822893 360 208 touchmove 145 154 0 0 0 distinct 1
proceedings_bradley_interface_distinct 1581276822912 360 208 touchmove 143 160 0 0 0 distinct 1
proceedings_bradley_interface_distinct 1581276822928 360 208 touchmove 141 163 0 0 0 distinct 1
proceedings_bradley_interface_distinct 1581276822938 360 208 touchend 141 163 0 0 0 distinct 1
proceedings_bradley_interface_distinct 1581276825413 360 208 touchstart 103 84 0 0 0 distinct 1
proceedings_bradley_interface_distinct 1581276825491 360 208 touchmove 105 84 0 0 0 distinct 1
proceedings_bradley_interface_distinct 1581276825503 360 208 touchmove 109 84 0 0 0 distinct 1
proceedings_bradley_interface_distinct 1581276825527 360 208 touchmove 124 83 0 0 0 distinct 1
proceedings_bradley_interface_distinct 1581276825543 360 208 touchmove 145 79 0 0 0 distinct 1
proceedings_bradley_interface_distinct 1581276825560 360 208 touchmove 158 75 0 0 0 distinct 1
proceedings_bradley_interface_distinct 1581276825576 360 208 touchmove 190 61 0 0 0 distinct 1
proceedings_bradley_interface_distinct 1581276825593 360 208 touchmove 207 54 0 0 0 distinct 1
proceedings_bradley_interface_distinct 1581276825610 360 208 touchmove 238 41 0 0 0 distinct 1
proceedings_bradley_interface_distinct 1581276825626 360 208 touchmove 251 36 0 0 0 distinct 1
proceedings_bradley_interface_distinct 1581276825643 360 208 touchmove 270 29 0 0 0 distinct 1
proceedings_bradley_interface_distinct 1581276825661 360 208 touchmove 276 26 0 0 0 distinct 1
proceedings_bradley_interface_distinct 1581276825677 360 208 touchmove 280 25 0 0 0 distinct 1
proceedings_bradley_interface_distinct 1581276825693 360 208 touchmove 284 23 0 0 0 distinct 1
proceedings_bradley_interface_distinct 1581276825710 360 208 touchmove 284 23 0 0 0 distinct 1
proceedings_bradley_interface_distinct 1581276825727 360 208 touchmove 284 23 0 0 0 distinct 1
proceedings_bradley_interface_distinct 1581276825743 360 208 touchmove 281 22 0 0 0 distinct 1
proceedings_bradley_interface_distinct 1581276825761 360 208 touchmove 263 21 0 0 0 distinct 1
proceedings_bradley_interface_distinct 1581276825777 360 208 touchmove 246 21 0 0 0 distinct 1
proceedings_bradley_interface_distinct 1581276825793 360 208 touchmove 225 22 0 0 0 distinct 1
proceedings_bradley_interface_distinct 1581276825810 360 208 touchmove 177 29 0 0 0 distinct 1
proceedings_bradley_interface_distinct 1581276825826 360 208 touchmove 154 36 0 0 0 distinct 1
proceedings_bradley_interface_distinct 1581276825843 360 208 touchmove 117 50 0 0 0 distinct 1
proceedings_bradley_interface_distinct 1581276825860 360 208 touchmove 103 56 0 0 0 distinct 1
proceedings_bradley_interface_distinct 1581276825877 360 208 touchmove 84 66 0 0 0 distinct 1
proceedings_bradley_interface_distinct 1581276825893 360 208 touchmove 79 69 0 0 0 distinct 1
proceedings_bradley_interface_distinct 1581276825910 360 208 touchmove 77 71 0 0 0 distinct 1
proceedings_bradley_interface_distinct 1581276825926 360 208 touchmove 74 73 0 0 0 distinct 1
proceedings_bradley_interface_distinct 1581276825943 360 208 touchmove 75 74 0 0 0 distinct 1
proceedings_bradley_interface_distinct 1581276825963 360 208 touchmove 82 73 0 0 0 distinct 1
proceedings_bradley_interface_distinct 1581276825976 360 208 touchmove 89 70 0 0 0 distinct 1
proceedings_bradley_interface_distinct 1581276825993 360 208 touchmove 110 59 0 0 0 distinct 1
proceedings_bradley_interface_distinct 1581276826010 360 208 touchmove 124 50 0 0 0 distinct 1
proceedings_bradley_interface_distinct 1581276826027 360 208 touchmove 152 34 0 0 0 distinct 1
proceedings_bradley_interface_distinct 1581276826043 360 208 touchmove 165 28 0 0 0 distinct 1
proceedings_bradley_interface_distinct 1581276826060 360 208 touchmove 176 24 0 0 0 distinct 1
proceedings_bradley_interface_distinct 1581276826076 360 208 touchmove 195 19 0 0 0 distinct 1
proceedings_bradley_interface_distinct 1581276826093 360 208 touchmove 204 19 0 0 0 distinct 1
proceedings_bradley_interface_distinct 1581276826110 360 208 touchmove 224 19 0 0 0 distinct 1
proceedings_bradley_interface_distinct 1581276826126 360 208 touchmove 236 20 0 0 0 distinct 1
proceedings_bradley_interface_distinct 1581276826143 360 208 touchmove 247 21 0 0 0 distinct 1
proceedings_bradley_interface_distinct 1581276826159 360 208 touchmove 268 23 0 0 0 distinct 1
proceedings_bradley_interface_distinct 1581276826177 360 208 touchmove 277 23 0 0 0 distinct 1
proceedings_bradley_interface_distinct 1581276826193 360 208 touchmove 290 24 0 0 0 distinct 1
proceedings_bradley_interface_distinct 1581276826209 360 208 touchmove 294 24 0 0 0 distinct 1
proceedings_bradley_interface_distinct 1581276826226 360 208 touchmove 299 25 0 0 0 distinct 1
proceedings_bradley_interface_distinct 1581276826243 360 208 touchmove 299 25 0 0 0 distinct 1
proceedings_bradley_interface_distinct 1581276826260 360 208 touchmove 299 28 0 0 0 distinct 1
proceedings_bradley_interface_distinct 1581276826276 360 208 touchmove 290 39 0 0 0 distinct 1
proceedings_bradley_interface_distinct 1581276826293 360 208 touchmove 282 49 0 0 0 distinct 1
proceedings_bradley_interface_distinct 1581276826310 360 208 touchmove 262 77 0 0 0 distinct 1
proceedings_bradley_interface_distinct 1581276826328 360 208 touchmove 252 92 0 0 0 distinct 1
proceedings_bradley_interface_distinct 1581276826343 360 208 touchmove 238 117 0 0 0 distinct 1
proceedings_bradley_interface_distinct 1581276826361 360 208 touchmove 235 126 0 0 0 distinct 1
proceedings_bradley_interface_distinct 1581276826377 360 208 touchmove 232 132 0 0 0 distinct 1
proceedings_bradley_interface_distinct 1581276826393 360 208 touchmove 229 141 0 0 0 distinct 1
proceedings_bradley_interface_distinct 1581276826410 360 208 touchmove 228 143 0 0 0 distinct 1
proceedings_bradley_interface_distinct 1581276826427 360 208 touchmove 228 144 0 0 0 distinct 1
proceedings_bradley_interface_distinct 1581276826443 360 208 touchmove 228 145 0 0 0 distinct 1
proceedings_bradley_interface_distinct 1581276826461 360 208 touchmove 227 145 0 0 0 distinct 1
proceedings_bradley_interface_distinct 1581276826476 360 208 touchmove 227 146 0 0 0 distinct 1
proceedings_bradley_interface_distinct 1581276826493 360 208 touchmove 226 146 0 0 0 distinct 1
proceedings_bradley_interface_distinct 1581276826510 360 208 touchmove 220 147 0 0 0 distinct 1
proceedings_bradley_interface_distinct 1581276826527 360 208 touchmove 214 146 0 0 0 distinct 1
proceedings_bradley_interface_distinct 1581276826543 360 208 touchmove 197 143 0 0 0 distinct 1
proceedings_bradley_interface_distinct 1581276826559 360 208 touchmove 188 142 0 0 0 distinct 1
proceedings_bradley_interface_distinct 1581276826577 360 208 touchmove 169 140 0 0 0 distinct 1
proceedings_bradley_interface_distinct 1581276826597 360 208 touchmove 161 140 0 0 0 distinct 1
proceedings_bradley_interface_distinct 1581276826611 360 208 touchmove 154 140 0 0 0 distinct 1
proceedings_bradley_interface_distinct 1581276826627 360 208 touchmove 144 140 0 0 0 distinct 1
proceedings_bradley_interface_distinct 1581276826643 360 208 touchmove 141 140 0 0 0 distinct 1
proceedings_bradley_interface_distinct 1581276826660 360 208 touchmove 136 140 0 0 0 distinct 1
proceedings_bradley_interface_distinct 1581276826677 360 208 touchmove 135 140 0 0 0 distinct 1
proceedings_bradley_interface_distinct 1581276826693 360 208 touchmove 134 139 0 0 0 distinct 1
proceedings_bradley_interface_distinct 1581276826703 360 208 touchend 134 139 0 0 0 distinct 1
proceedings_bradley_interface_distinct 1581276827967 360 208 touchstart 169 46 0 0 0 distinct 1
proceedings_bradley_interface_distinct 1581276828024 360 208 touchmove 170 45 0 0 0 distinct 1
proceedings_bradley_interface_distinct 1581276828036 360 208 touchmove 174 38 0 0 0 distinct 1
proceedings_bradley_interface_distinct 1581276828060 360 208 touchmove 178 29 0 0 0 distinct 1
proceedings_bradley_interface_distinct 1581276828076 360 208 touchmove 180 24 0 0 0 distinct 1
proceedings_bradley_interface_distinct 1581276828094 360 208 touchmove 187 13 0 0 0 distinct 1
proceedings_bradley_interface_distinct 1581276828110 360 208 touchmove 190 8 0 0 0 distinct 1
proceedings_bradley_interface_distinct 1581276828115 360 208 touchend 190 8 0 0 0 distinct 1
