sentence timestamp keyb_width keyb_height event x_pos y_pos x_radius y_radius angle word is_err
jc_rate_heritage_pge 1580195949733 360 183 touchstart 261 74 0.83273100852966 0.83273100852966 0 jc 1
jc_rate_heritage_pge 1580195949894 360 183 touchend 261 74 0.83273100852966 0.83273100852966 0 jc 1
jc_rate_heritage_pge 1580195950399 360 183 touchend 142 137 0.9992772936821 0.9992772936821 0 jc 1
jc_rate_heritage_pge 1580195953697 360 183 touchstart 125 27 0.49963864684105 0.49963864684105 0 jc 1
jc_rate_heritage_pge 1580195953735 360 183 touchmove 125 27 0.66618478298187 0.66618478298187 0 jc 1
jc_rate_heritage_pge 1580195953808 360 183 touchend 125 27 0.66618478298187 0.66618478298187 0 jc 1
jc_rate_heritage_pge 1580195954254 360 183 touchmove 28 75 0.66618478298187 0.66618478298187 0 jc 1
jc_rate_heritage_pge 1580195954346 360 183 touchend 28 75 0.66618478298187 0.66618478298187 0 jc 1
jc_rate_heritage_pge 1580195954802 360 183 touchend 163 31 0.66618478298187 0.66618478298187 0 jc 1
jc_rate_heritage_pge 1580195955232 360 183 touchend 87 24 0.66618478298187 0.66618478298187 0 jc 1
jc_rate_heritage_pge 1580195956826 360 183 touchstart 224 79 0.66618478298187 0.66618478298187 0 jc 1
jc_rate_heritage_pge 1580195956972 360 183 touchend 224 79 0.66618478298187 0.66618478298187 0 jc 1
jc_rate_heritage_pge 1580195958180 360 183 touchstart 91 27 0.49963864684105 0.49963864684105 0 jc 1
jc_rate_heritage_pge 1580195958281 360 183 touchend 91 27 0.49963864684105 0.49963864684105 0 jc 1
jc_rate_heritage_pge 1580195958180 360 183 touchstart 91 27 0.49963864684105 0.49963864684105 0 jc 1 1
jc_rate_heritage_pge 1580195958281 360 183 touchend 91 27 0.49963864684105 0.49963864684105 0 jc 1 1
jc_rate_heritage_pge 1580195958449 360 183 touchstart 128 33 0.66618478298187 0.66618478298187 0 jc 1
jc_rate_heritage_pge 1580195958554 360 183 touchend 128 33 0.66618478298187 0.66618478298187 0 jc 1
jc_rate_heritage_pge 1580195959027 360 183 touchend 267 30 0.83273100852966 0.83273100852966 0 jc 1
jc_rate_heritage_pge 1580195959721 360 183 touchstart 162 33 0.66618478298187 0.66618478298187 0 jc 1
jc_rate_heritage_pge 1580195959813 360 183 touchmove 158 37 0.66618478298187 0.66618478298187 0 jc 1
jc_rate_heritage_pge 1580195959829 360 183 touchend 158 37 0.66618478298187 0.66618478298187 0 jc 1
jc_rate_heritage_pge 1580195959721 360 183 touchstart 162 33 0.66618478298187 0.66618478298187 0 jc 1 1
jc_rate_heritage_pge 1580195959813 360 183 touchmove 158 37 0.66618478298187 0.66618478298187 0 jc 1 1
jc_rate_heritage_pge 1580195959829 360 183 touchend 158 37 0.66618478298187 0.66618478298187 0 jc 1 1
jc_rate_heritage_pge 1580195960102 360 183 touchstart 28 76 0.49963864684105 0.49963864684105 0 jc 1
jc_rate_heritage_pge 1580195960209 360 183 touchend 28 76 0.49963864684105 0.49963864684105 0 jc 1
jc_rate_heritage_pge 1580195960872 360 183 touchstart 182 77 0.66618478298187 0.66618478298187 0 jc 1
jc_rate_heritage_pge 1580195961023 360 183 touchend 182 77 0.66618478298187 0.66618478298187 0 jc 1
jc_rate_heritage_pge 1580195960872 360 183 touchstart 182 77 0.66618478298187 0.66618478298187 0 jc 1 1
jc_rate_heritage_pge 1580195961023 360 183 touchend 182 77 0.66618478298187 0.66618478298187 0 jc 1 1
jc_rate_heritage_pge 1580195961222 360 183 touchstart 88 39 0.83273100852966 0.83273100852966 0 jc 1
jc_rate_heritage_pge 1580195961343 360 183 touchend 88 39 0.83273100852966 0.83273100852966 0 jc 1
jc_rate_heritage_pge 1580195962449 360 183 touchstart 343 25 0.49963864684105 0.49963864684105 0 jc 1
jc_rate_heritage_pge 1580195962463 360 183 touchmove 343 25 0.66618478298187 0.66618478298187 0 jc 1
jc_rate_heritage_pge 1580195962530 360 183 touchmove 340 26 0.66618478298187 0.66618478298187 0 jc 1
jc_rate_heritage_pge 1580195962546 360 183 touchmove 339 27 0.66618478298187 0.66618478298187 0 jc 1
jc_rate_heritage_pge 1580195962570 360 183 touchmove 338 27 0.66618478298187 0.66618478298187 0 jc 1
jc_rate_heritage_pge 1580195962587 360 183 touchmove 338 28 0.66618478298187 0.66618478298187 0 jc 1
jc_rate_heritage_pge 1580195962598 360 183 touchmove 338 28 0.66618478298187 0.66618478298187 0 jc 1
jc_rate_heritage_pge 1580195962614 360 183 touchmove 337 28 0.66618478298187 0.66618478298187 0 jc 1
jc_rate_heritage_pge 1580195962627 360 183 touchend 337 28 0.66618478298187 0.66618478298187 0 jc 1
jc_rate_heritage_pge 1580195964241 360 183 touchstart 190 82 0.9992772936821 0.9992772936821 0 jc 1
jc_rate_heritage_pge 1580195964248 360 183 touchmove 184 82 0.9992772936821 0.9992772936821 0 jc 1
jc_rate_heritage_pge 1580195964254 360 183 touchend 184 82 0.9992772936821 0.9992772936821 0 jc 1
jc_rate_heritage_pge 1580195964241 360 183 touchstart 190 82 0.9992772936821 0.9992772936821 0 jc 1 1
jc_rate_heritage_pge 1580195964248 360 183 touchmove 184 82 0.9992772936821 0.9992772936821 0 jc 1 1
jc_rate_heritage_pge 1580195964254 360 183 touchend 184 82 0.9992772936821 0.9992772936821 0 jc 1 1
jc_rate_heritage_pge 1580195964301 360 183 touchstart 96 27 0.33309239149094 0.33309239149094 0 jc 1
jc_rate_heritage_pge 1580195964306 360 183 touchmove 96 27 0.66618478298187 0.66618478298187 0 jc 1
jc_rate_heritage_pge 1580195964342 360 183 touchend 96 27 0.66618478298187 0.66618478298187 0 jc 1
jc_rate_heritage_pge 1580195965236 360 183 touchend 211 159 0.66618478298187 0.66618478298187 0 jc 1
jc_rate_heritage_pge 1580195970146 360 183 touchstart 266 71 0.9992772936821 0.9992772936821 0 jc 1
jc_rate_heritage_pge 1580195970261 360 183 touchmove 262 69 0.9992772936821 0.9992772936821 0 jc 1
jc_rate_heritage_pge 1580195970265 360 183 touchend 262 69 0.9992772936821 0.9992772936821 0 jc 1
jc_rate_heritage_pge 1580195971255 360 183 touchstart 149 124 0.9992772936821 0.9992772936821 0 jc 1
jc_rate_heritage_pge 1580195971388 360 183 touchend 149 124 0.9992772936821 0.9992772936821 0 jc 1
