sentence timestamp keyb_width keyb_height event x_pos y_pos x_radius y_radius angle word is_err
brands_rental_rush_bra 1582919312117 360 223 touchstart 229 156 0 0 0 brands 0
brands_rental_rush_bra 1582919312178 360 223 touchmove 229 156 0 0 0 brands 0
brands_rental_rush_bra 1582919312195 360 223 touchmove 229 156 0 0 0 brands 0
brands_rental_rush_bra 1582919312213 360 223 touchmove 229 156 0 0 0 brands 0
brands_rental_rush_bra 1582919312228 360 223 touchmove 229 156 0 0 0 brands 0
brands_rental_rush_bra 1582919312245 360 223 touchmove 229 156 0 0 0 brands 0
brands_rental_rush_bra 1582919312262 360 223 touchmove 229 156 0 0 0 brands 0
brands_rental_rush_bra 1582919312277 360 223 touchmove 229 156 0 0 0 brands 0
brands_rental_rush_bra 1582919312296 360 223 touchmove 229 156 0 0 0 brands 0
brands_rental_rush_bra 1582919312312 360 223 touchmove 229 156 0 0 0 brands 0
brands_rental_rush_bra 1582919312328 360 223 touchmove 229 156 0 0 0 brands 0
brands_rental_rush_bra 1582919312345 360 223 touchmove 229 156 0 0 0 brands 0
brands_rental_rush_bra 1582919312361 360 223 touchmove 229 156 0 0 0 brands 0
brands_rental_rush_bra 1582919312377 360 223 touchmove 229 156 0 0 0 brands 0
brands_rental_rush_bra 1582919312394 360 223 touchmove 229 156 0 0 0 brands 0
brands_rental_rush_bra 1582919312414 360 223 touchmove 229 156 0 0 0 brands 0
brands_rental_rush_bra 1582919312427 360 223 touchmove 229 156 0 0 0 brands 0
brands_rental_rush_bra 1582919312444 360 223 touchmove 229 156 0 0 0 brands 0
brands_rental_rush_bra 1582919312464 360 223 touchmove 229 156 0 0 0 brands 0
brands_rental_rush_bra 1582919312477 360 223 touchmove 229 156 0 0 0 brands 0
brands_rental_rush_bra 1582919312561 360 223 touchmove 229 156 0 0 0 brands 0
brands_rental_rush_bra 1582919312584 360 223 touchmove 229 156 0 0 0 brands 0
brands_rental_rush_bra 1582919312594 360 223 touchmove 229 156 0 0 0 brands 0
brands_rental_rush_bra 1582919312744 360 223 touchmove 226 155 0 0 0 brands 0
brands_rental_rush_bra 1582919312761 360 223 touchmove 225 155 0 0 0 brands 0
brands_rental_rush_bra 1582919312778 360 223 touchmove 222 153 0 0 0 brands 0
brands_rental_rush_bra 1582919312796 360 223 touchmove 221 152 0 0 0 brands 0
brands_rental_rush_bra 1582919312811 360 223 touchmove 218 150 0 0 0 brands 0
brands_rental_rush_bra 1582919312827 360 223 touchmove 217 149 0 0 0 brands 0
brands_rental_rush_bra 1582919312844 360 223 touchmove 214 146 0 0 0 brands 0
brands_rental_rush_bra 1582919312863 360 223 touchmove 209 141 0 0 0 brands 0
brands_rental_rush_bra 1582919312886 360 223 touchmove 205 138 0 0 0 brands 0
brands_rental_rush_bra 1582919312905 360 223 touchmove 199 132 0 0 0 brands 0
brands_rental_rush_bra 1582919312929 360 223 touchmove 195 127 0 0 0 brands 0
brands_rental_rush_bra 1582919312949 360 223 touchmove 193 124 0 0 0 brands 0
brands_rental_rush_bra 1582919312977 360 223 touchmove 188 118 0 0 0 brands 0
brands_rental_rush_bra 1582919312995 360 223 touchmove 185 114 0 0 0 brands 0
brands_rental_rush_bra 1582919313014 360 223 touchmove 182 110 0 0 0 brands 0
brands_rental_rush_bra 1582919313032 360 223 touchmove 180 107 0 0 0 brands 0
brands_rental_rush_bra 1582919313046 360 223 touchmove 178 104 0 0 0 brands 0
brands_rental_rush_bra 1582919313062 360 223 touchmove 177 103 0 0 0 brands 0
brands_rental_rush_bra 1582919313077 360 223 touchmove 175 100 0 0 0 brands 0
brands_rental_rush_bra 1582919313130 360 223 touchmove 172 98 0 0 0 brands 0
brands_rental_rush_bra 1582919313144 360 223 touchmove 163 87 0 0 0 brands 0
brands_rental_rush_bra 1582919313160 360 223 touchmove 161 84 0 0 0 brands 0
brands_rental_rush_bra 1582919313175 360 223 touchmove 159 82 0 0 0 brands 0
brands_rental_rush_bra 1582919313191 360 223 touchmove 157 79 0 0 0 brands 0
brands_rental_rush_bra 1582919313208 360 223 touchmove 155 77 0 0 0 brands 0
brands_rental_rush_bra 1582919313224 360 223 touchmove 152 74 0 0 0 brands 0
brands_rental_rush_bra 1582919313241 360 223 touchmove 151 72 0 0 0 brands 0
brands_rental_rush_bra 1582919313258 360 223 touchmove 149 70 0 0 0 brands 0
brands_rental_rush_bra 1582919313275 360 223 touchmove 148 68 0 0 0 brands 0
brands_rental_rush_bra 1582919313291 360 223 touchmove 147 66 0 0 0 brands 0
brands_rental_rush_bra 1582919313308 360 223 touchmove 145 64 0 0 0 brands 0
brands_rental_rush_bra 1582919313325 360 223 touchmove 143 61 0 0 0 brands 0
brands_rental_rush_bra 1582919313341 360 223 touchmove 142 58 0 0 0 brands 0
brands_rental_rush_bra 1582919313358 360 223 touchmove 140 56 0 0 0 brands 0
brands_rental_rush_bra 1582919313374 360 223 touchmove 139 53 0 0 0 brands 0
brands_rental_rush_bra 1582919313391 360 223 touchmove 138 51 0 0 0 brands 0
brands_rental_rush_bra 1582919313408 360 223 touchmove 137 49 0 0 0 brands 0
brands_rental_rush_bra 1582919313424 360 223 touchmove 137 48 0 0 0 brands 0
brands_rental_rush_bra 1582919313441 360 223 touchmove 136 46 0 0 0 brands 0
brands_rental_rush_bra 1582919313457 360 223 touchmove 135 44 0 0 0 brands 0
brands_rental_rush_bra 1582919313474 360 223 touchmove 135 43 0 0 0 brands 0
brands_rental_rush_bra 1582919313491 360 223 touchmove 134 42 0 0 0 brands 0
brands_rental_rush_bra 1582919313507 360 223 touchmove 133 41 0 0 0 brands 0
brands_rental_rush_bra 1582919313524 360 223 touchmove 132 39 0 0 0 brands 0
brands_rental_rush_bra 1582919313543 360 223 touchmove 131 38 0 0 0 brands 0
brands_rental_rush_bra 1582919313559 360 223 touchmove 131 38 0 0 0 brands 0
brands_rental_rush_bra 1582919313574 360 223 touchmove 131 37 0 0 0 brands 0
brands_rental_rush_bra 1582919313591 360 223 touchmove 130 37 0 0 0 brands 0
brands_rental_rush_bra 1582919313607 360 223 touchmove 130 37 0 0 0 brands 0
brands_rental_rush_bra 1582919313625 360 223 touchmove 130 37 0 0 0 brands 0
brands_rental_rush_bra 1582919313651 360 223 touchmove 130 36 0 0 0 brands 0
brands_rental_rush_bra 1582919313743 360 223 touchmove 129 36 0 0 0 brands 0
brands_rental_rush_bra 1582919313778 360 223 touchmove 129 36 0 0 0 brands 0
brands_rental_rush_bra 1582919313796 360 223 touchmove 128 36 0 0 0 brands 0
brands_rental_rush_bra 1582919313824 360 223 touchmove 125 36 0 0 0 brands 0
brands_rental_rush_bra 1582919313848 360 223 touchmove 121 36 0 0 0 brands 0
brands_rental_rush_bra 1582919313877 360 223 touchmove 117 37 0 0 0 brands 0
brands_rental_rush_bra 1582919313898 360 223 touchmove 113 39 0 0 0 brands 0
brands_rental_rush_bra 1582919313928 360 223 touchmove 110 40 0 0 0 brands 0
brands_rental_rush_bra 1582919313946 360 223 touchmove 108 41 0 0 0 brands 0
brands_rental_rush_bra 1582919313969 360 223 touchmove 105 43 0 0 0 brands 0
brands_rental_rush_bra 1582919313994 360 223 touchmove 102 46 0 0 0 brands 0
brands_rental_rush_bra 1582919314051 360 223 touchmove 89 56 0 0 0 brands 0
brands_rental_rush_bra 1582919314058 360 223 touchmove 87 57 0 0 0 brands 0
brands_rental_rush_bra 1582919314073 360 223 touchmove 83 60 0 0 0 brands 0
brands_rental_rush_bra 1582919314089 360 223 touchmove 80 64 0 0 0 brands 0
brands_rental_rush_bra 1582919314106 360 223 touchmove 77 67 0 0 0 brands 0
brands_rental_rush_bra 1582919314122 360 223 touchmove 74 70 0 0 0 brands 0
brands_rental_rush_bra 1582919314139 360 223 touchmove 71 73 0 0 0 brands 0
brands_rental_rush_bra 1582919314156 360 223 touchmove 69 76 0 0 0 brands 0
brands_rental_rush_bra 1582919314172 360 223 touchmove 66 79 0 0 0 brands 0
brands_rental_rush_bra 1582919314188 360 223 touchmove 63 82 0 0 0 brands 0
brands_rental_rush_bra 1582919314206 360 223 touchmove 61 84 0 0 0 brands 0
brands_rental_rush_bra 1582919314223 360 223 touchmove 60 85 0 0 0 brands 0
brands_rental_rush_bra 1582919314241 360 223 touchmove 59 86 0 0 0 brands 0
brands_rental_rush_bra 1582919314256 360 223 touchmove 58 86 0 0 0 brands 0
brands_rental_rush_bra 1582919314272 360 223 touchmove 57 87 0 0 0 brands 0
brands_rental_rush_bra 1582919314289 360 223 touchmove 57 88 0 0 0 brands 0
brands_rental_rush_bra 1582919314305 360 223 touchmove 57 88 0 0 0 brands 0
brands_rental_rush_bra 1582919314322 360 223 touchmove 57 88 0 0 0 brands 0
brands_rental_rush_bra 1582919314338 360 223 touchmove 56 89 0 0 0 brands 0
brands_rental_rush_bra 1582919314374 360 223 touchmove 56 89 0 0 0 brands 0
brands_rental_rush_bra 1582919314389 360 223 touchmove 56 89 0 0 0 brands 0
brands_rental_rush_bra 1582919314407 360 223 touchmove 56 90 0 0 0 brands 0
brands_rental_rush_bra 1582919314455 360 223 touchmove 55 90 0 0 0 brands 0
brands_rental_rush_bra 1582919314473 360 223 touchmove 55 90 0 0 0 brands 0
brands_rental_rush_bra 1582919314489 360 223 touchmove 55 91 0 0 0 brands 0
brands_rental_rush_bra 1582919314508 360 223 touchmove 55 91 0 0 0 brands 0
brands_rental_rush_bra 1582919314557 360 223 touchmove 55 92 0 0 0 brands 0
brands_rental_rush_bra 1582919314571 360 223 touchmove 55 92 0 0 0 brands 0
brands_rental_rush_bra 1582919314588 360 223 touchmove 55 92 0 0 0 brands 0
brands_rental_rush_bra 1582919314617 360 223 touchmove 55 92 0 0 0 brands 0
brands_rental_rush_bra 1582919314638 360 223 touchmove 55 92 0 0 0 brands 0
brands_rental_rush_bra 1582919314659 360 223 touchmove 55 93 0 0 0 brands 0
brands_rental_rush_bra 1582919314675 360 223 touchmove 55 93 0 0 0 brands 0
brands_rental_rush_bra 1582919314720 360 223 touchmove 55 93 0 0 0 brands 0
brands_rental_rush_bra 1582919314803 360 223 touchmove 55 93 0 0 0 brands 0
brands_rental_rush_bra 1582919314820 360 223 touchmove 55 93 0 0 0 brands 0
brands_rental_rush_bra 1582919314923 360 223 touchmove 55 93 0 0 0 brands 0
brands_rental_rush_bra 1582919314940 360 223 touchmove 55 93 0 0 0 brands 0
brands_rental_rush_bra 1582919315054 360 223 touchmove 55 93 0 0 0 brands 0
brands_rental_rush_bra 1582919317747 360 223 touchmove 55 93 0 0 0 brands 0
brands_rental_rush_bra 1582919317764 360 223 touchmove 55 93 0 0 0 brands 0
brands_rental_rush_bra 1582919317963 360 223 touchmove 55 93 0 0 0 brands 0
brands_rental_rush_bra 1582919317982 360 223 touchmove 55 93 0 0 0 brands 0
brands_rental_rush_bra 1582919317986 360 223 touchend 55 93 0 0 0 brands 0
brands_rental_rush_bra 1582919321630 360 223 touchstart 142 37 0 0 0 rental 0
brands_rental_rush_bra 1582919321730 360 223 touchmove 142 37 0 0 0 rental 0
brands_rental_rush_bra 1582919321738 360 223 touchmove 142 37 0 0 0 rental 0
brands_rental_rush_bra 1582919321749 360 223 touchmove 142 37 0 0 0 rental 0
brands_rental_rush_bra 1582919321770 360 223 touchmove 142 37 0 0 0 rental 0
brands_rental_rush_bra 1582919321787 360 223 touchmove 142 37 0 0 0 rental 0
brands_rental_rush_bra 1582919321804 360 223 touchmove 142 37 0 0 0 rental 0
brands_rental_rush_bra 1582919321821 360 223 touchmove 142 37 0 0 0 rental 0
brands_rental_rush_bra 1582919321838 360 223 touchmove 141 37 0 0 0 rental 0
brands_rental_rush_bra 1582919321855 360 223 touchmove 139 38 0 0 0 rental 0
brands_rental_rush_bra 1582919321871 360 223 touchmove 138 38 0 0 0 rental 0
brands_rental_rush_bra 1582919321888 360 223 touchmove 137 38 0 0 0 rental 0
brands_rental_rush_bra 1582919321905 360 223 touchmove 136 38 0 0 0 rental 0
brands_rental_rush_bra 1582919321921 360 223 touchmove 135 38 0 0 0 rental 0
brands_rental_rush_bra 1582919321938 360 223 touchmove 133 38 0 0 0 rental 0
brands_rental_rush_bra 1582919321956 360 223 touchmove 132 38 0 0 0 rental 0
brands_rental_rush_bra 1582919321972 360 223 touchmove 130 37 0 0 0 rental 0
brands_rental_rush_bra 1582919321988 360 223 touchmove 128 37 0 0 0 rental 0
brands_rental_rush_bra 1582919322003 360 223 touchmove 128 37 0 0 0 rental 0
brands_rental_rush_bra 1582919322020 360 223 touchmove 126 37 0 0 0 rental 0
brands_rental_rush_bra 1582919322038 360 223 touchmove 124 36 0 0 0 rental 0
brands_rental_rush_bra 1582919322053 360 223 touchmove 122 36 0 0 0 rental 0
brands_rental_rush_bra 1582919322070 360 223 touchmove 120 35 0 0 0 rental 0
brands_rental_rush_bra 1582919322086 360 223 touchmove 118 34 0 0 0 rental 0
brands_rental_rush_bra 1582919322103 360 223 touchmove 117 33 0 0 0 rental 0
brands_rental_rush_bra 1582919322119 360 223 touchmove 115 33 0 0 0 rental 0
brands_rental_rush_bra 1582919322136 360 223 touchmove 113 32 0 0 0 rental 0
brands_rental_rush_bra 1582919322153 360 223 touchmove 111 32 0 0 0 rental 0
brands_rental_rush_bra 1582919322170 360 223 touchmove 109 32 0 0 0 rental 0
brands_rental_rush_bra 1582919322186 360 223 touchmove 107 31 0 0 0 rental 0
brands_rental_rush_bra 1582919322202 360 223 touchmove 105 31 0 0 0 rental 0
brands_rental_rush_bra 1582919322218 360 223 touchmove 104 31 0 0 0 rental 0
brands_rental_rush_bra 1582919322235 360 223 touchmove 102 31 0 0 0 rental 0
brands_rental_rush_bra 1582919322252 360 223 touchmove 101 31 0 0 0 rental 0
brands_rental_rush_bra 1582919322269 360 223 touchmove 100 31 0 0 0 rental 0
brands_rental_rush_bra 1582919322285 360 223 touchmove 98 32 0 0 0 rental 0
brands_rental_rush_bra 1582919322302 360 223 touchmove 97 32 0 0 0 rental 0
brands_rental_rush_bra 1582919322318 360 223 touchmove 96 32 0 0 0 rental 0
brands_rental_rush_bra 1582919322336 360 223 touchmove 95 32 0 0 0 rental 0
brands_rental_rush_bra 1582919322352 360 223 touchmove 95 32 0 0 0 rental 0
brands_rental_rush_bra 1582919322368 360 223 touchmove 94 34 0 0 0 rental 0
brands_rental_rush_bra 1582919322385 360 223 touchmove 93 34 0 0 0 rental 0
brands_rental_rush_bra 1582919322402 360 223 touchmove 92 35 0 0 0 rental 0
brands_rental_rush_bra 1582919322449 360 223 touchmove 91 36 0 0 0 rental 0
brands_rental_rush_bra 1582919322467 360 223 touchmove 89 37 0 0 0 rental 0
brands_rental_rush_bra 1582919322484 360 223 touchmove 89 38 0 0 0 rental 0
brands_rental_rush_bra 1582919322501 360 223 touchmove 89 39 0 0 0 rental 0
brands_rental_rush_bra 1582919322518 360 223 touchmove 88 40 0 0 0 rental 0
brands_rental_rush_bra 1582919322534 360 223 touchmove 88 41 0 0 0 rental 0
brands_rental_rush_bra 1582919322550 360 223 touchmove 88 42 0 0 0 rental 0
brands_rental_rush_bra 1582919322568 360 223 touchmove 88 43 0 0 0 rental 0
brands_rental_rush_bra 1582919322584 360 223 touchmove 88 43 0 0 0 rental 0
brands_rental_rush_bra 1582919322601 360 223 touchmove 88 44 0 0 0 rental 0
brands_rental_rush_bra 1582919322618 360 223 touchmove 87 44 0 0 0 rental 0
brands_rental_rush_bra 1582919322633 360 223 touchmove 87 44 0 0 0 rental 0
brands_rental_rush_bra 1582919322651 360 223 touchmove 87 45 0 0 0 rental 0
brands_rental_rush_bra 1582919322666 360 223 touchmove 87 46 0 0 0 rental 0
brands_rental_rush_bra 1582919322685 360 223 touchmove 87 46 0 0 0 rental 0
brands_rental_rush_bra 1582919322701 360 223 touchmove 87 46 0 0 0 rental 0
brands_rental_rush_bra 1582919322716 360 223 touchmove 87 46 0 0 0 rental 0
brands_rental_rush_bra 1582919322733 360 223 touchmove 87 47 0 0 0 rental 0
brands_rental_rush_bra 1582919322785 360 223 touchmove 87 47 0 0 0 rental 0
brands_rental_rush_bra 1582919322818 360 223 touchmove 87 48 0 0 0 rental 0
brands_rental_rush_bra 1582919322834 360 223 touchmove 87 48 0 0 0 rental 0
brands_rental_rush_bra 1582919322853 360 223 touchmove 87 48 0 0 0 rental 0
brands_rental_rush_bra 1582919322887 360 223 touchmove 87 49 0 0 0 rental 0
brands_rental_rush_bra 1582919322903 360 223 touchmove 89 52 0 0 0 rental 0
brands_rental_rush_bra 1582919322934 360 223 touchmove 93 56 0 0 0 rental 0
brands_rental_rush_bra 1582919322964 360 223 touchmove 98 59 0 0 0 rental 0
brands_rental_rush_bra 1582919322987 360 223 touchmove 103 63 0 0 0 rental 0
brands_rental_rush_bra 1582919323001 360 223 touchmove 106 66 0 0 0 rental 0
brands_rental_rush_bra 1582919323018 360 223 touchmove 110 69 0 0 0 rental 0
brands_rental_rush_bra 1582919323037 360 223 touchmove 114 73 0 0 0 rental 0
brands_rental_rush_bra 1582919323052 360 223 touchmove 119 77 0 0 0 rental 0
brands_rental_rush_bra 1582919323066 360 223 touchmove 125 82 0 0 0 rental 0
brands_rental_rush_bra 1582919323103 360 223 touchmove 139 91 0 0 0 rental 0
brands_rental_rush_bra 1582919323117 360 223 touchmove 147 96 0 0 0 rental 0
brands_rental_rush_bra 1582919323132 360 223 touchmove 155 100 0 0 0 rental 0
brands_rental_rush_bra 1582919323148 360 223 touchmove 167 108 0 0 0 rental 0
brands_rental_rush_bra 1582919323165 360 223 touchmove 175 112 0 0 0 rental 0
brands_rental_rush_bra 1582919323182 360 223 touchmove 183 117 0 0 0 rental 0
brands_rental_rush_bra 1582919323198 360 223 touchmove 192 121 0 0 0 rental 0
brands_rental_rush_bra 1582919323215 360 223 touchmove 200 125 0 0 0 rental 0
brands_rental_rush_bra 1582919323232 360 223 touchmove 207 128 0 0 0 rental 0
brands_rental_rush_bra 1582919323249 360 223 touchmove 213 131 0 0 0 rental 0
brands_rental_rush_bra 1582919323265 360 223 touchmove 218 134 0 0 0 rental 0
brands_rental_rush_bra 1582919323282 360 223 touchmove 221 135 0 0 0 rental 0
brands_rental_rush_bra 1582919323299 360 223 touchmove 226 139 0 0 0 rental 0
brands_rental_rush_bra 1582919323316 360 223 touchmove 229 140 0 0 0 rental 0
brands_rental_rush_bra 1582919323333 360 223 touchmove 231 142 0 0 0 rental 0
brands_rental_rush_bra 1582919323349 360 223 touchmove 232 143 0 0 0 rental 0
brands_rental_rush_bra 1582919323365 360 223 touchmove 234 144 0 0 0 rental 0
brands_rental_rush_bra 1582919323382 360 223 touchmove 236 145 0 0 0 rental 0
brands_rental_rush_bra 1582919323399 360 223 touchmove 237 146 0 0 0 rental 0
brands_rental_rush_bra 1582919323416 360 223 touchmove 239 146 0 0 0 rental 0
brands_rental_rush_bra 1582919323431 360 223 touchmove 240 147 0 0 0 rental 0
brands_rental_rush_bra 1582919323450 360 223 touchmove 240 147 0 0 0 rental 0
brands_rental_rush_bra 1582919323498 360 223 touchmove 241 148 0 0 0 rental 0
brands_rental_rush_bra 1582919323518 360 223 touchmove 241 148 0 0 0 rental 0
brands_rental_rush_bra 1582919323532 360 223 touchmove 241 148 0 0 0 rental 0
brands_rental_rush_bra 1582919323548 360 223 touchmove 242 149 0 0 0 rental 0
brands_rental_rush_bra 1582919323565 360 223 touchmove 243 150 0 0 0 rental 0
brands_rental_rush_bra 1582919323581 360 223 touchmove 244 150 0 0 0 rental 0
brands_rental_rush_bra 1582919323598 360 223 touchmove 245 151 0 0 0 rental 0
brands_rental_rush_bra 1582919323614 360 223 touchmove 246 151 0 0 0 rental 0
brands_rental_rush_bra 1582919323631 360 223 touchmove 246 152 0 0 0 rental 0
brands_rental_rush_bra 1582919323648 360 223 touchmove 247 152 0 0 0 rental 0
brands_rental_rush_bra 1582919323668 360 223 touchmove 248 152 0 0 0 rental 0
brands_rental_rush_bra 1582919323681 360 223 touchmove 248 153 0 0 0 rental 0
brands_rental_rush_bra 1582919323697 360 223 touchmove 248 153 0 0 0 rental 0
brands_rental_rush_bra 1582919323781 360 223 touchmove 249 153 0 0 0 rental 0
brands_rental_rush_bra 1582919323914 360 223 touchmove 249 152 0 0 0 rental 0
brands_rental_rush_bra 1582919323931 360 223 touchmove 249 150 0 0 0 rental 0
brands_rental_rush_bra 1582919323950 360 223 touchmove 249 147 0 0 0 rental 0
brands_rental_rush_bra 1582919323968 360 223 touchmove 248 144 0 0 0 rental 0
brands_rental_rush_bra 1582919323982 360 223 touchmove 247 140 0 0 0 rental 0
brands_rental_rush_bra 1582919323998 360 223 touchmove 245 135 0 0 0 rental 0
brands_rental_rush_bra 1582919324014 360 223 touchmove 242 129 0 0 0 rental 0
brands_rental_rush_bra 1582919324032 360 223 touchmove 238 123 0 0 0 rental 0
brands_rental_rush_bra 1582919324048 360 223 touchmove 234 116 0 0 0 rental 0
brands_rental_rush_bra 1582919324064 360 223 touchmove 228 107 0 0 0 rental 0
brands_rental_rush_bra 1582919324081 360 223 touchmove 225 102 0 0 0 rental 0
brands_rental_rush_bra 1582919324098 360 223 touchmove 214 86 0 0 0 rental 0
brands_rental_rush_bra 1582919324115 360 223 touchmove 208 77 0 0 0 rental 0
brands_rental_rush_bra 1582919324132 360 223 touchmove 205 73 0 0 0 rental 0
brands_rental_rush_bra 1582919324149 360 223 touchmove 198 64 0 0 0 rental 0
brands_rental_rush_bra 1582919324164 360 223 touchmove 191 55 0 0 0 rental 0
brands_rental_rush_bra 1582919324180 360 223 touchmove 186 48 0 0 0 rental 0
brands_rental_rush_bra 1582919324197 360 223 touchmove 182 43 0 0 0 rental 0
brands_rental_rush_bra 1582919324213 360 223 touchmove 180 39 0 0 0 rental 0
brands_rental_rush_bra 1582919324230 360 223 touchmove 179 38 0 0 0 rental 0
brands_rental_rush_bra 1582919324248 360 223 touchmove 178 37 0 0 0 rental 0
brands_rental_rush_bra 1582919324296 360 223 touchmove 178 36 0 0 0 rental 0
brands_rental_rush_bra 1582919324313 360 223 touchmove 178 36 0 0 0 rental 0
brands_rental_rush_bra 1582919324329 360 223 touchmove 177 35 0 0 0 rental 0
brands_rental_rush_bra 1582919324346 360 223 touchmove 177 35 0 0 0 rental 0
brands_rental_rush_bra 1582919324363 360 223 touchmove 176 35 0 0 0 rental 0
brands_rental_rush_bra 1582919324379 360 223 touchmove 174 34 0 0 0 rental 0
brands_rental_rush_bra 1582919324396 360 223 touchmove 171 34 0 0 0 rental 0
brands_rental_rush_bra 1582919324412 360 223 touchmove 165 35 0 0 0 rental 0
brands_rental_rush_bra 1582919324429 360 223 touchmove 158 37 0 0 0 rental 0
brands_rental_rush_bra 1582919324446 360 223 touchmove 150 42 0 0 0 rental 0
brands_rental_rush_bra 1582919324462 360 223 touchmove 139 49 0 0 0 rental 0
brands_rental_rush_bra 1582919324479 360 223 touchmove 128 56 0 0 0 rental 0
brands_rental_rush_bra 1582919324495 360 223 touchmove 117 63 0 0 0 rental 0
brands_rental_rush_bra 1582919324512 360 223 touchmove 107 69 0 0 0 rental 0
brands_rental_rush_bra 1582919324528 360 223 touchmove 99 75 0 0 0 rental 0
brands_rental_rush_bra 1582919324545 360 223 touchmove 91 80 0 0 0 rental 0
brands_rental_rush_bra 1582919324562 360 223 touchmove 84 84 0 0 0 rental 0
brands_rental_rush_bra 1582919324578 360 223 touchmove 75 89 0 0 0 rental 0
brands_rental_rush_bra 1582919324595 360 223 touchmove 71 91 0 0 0 rental 0
brands_rental_rush_bra 1582919324612 360 223 touchmove 67 93 0 0 0 rental 0
brands_rental_rush_bra 1582919324628 360 223 touchmove 65 94 0 0 0 rental 0
brands_rental_rush_bra 1582919324645 360 223 touchmove 64 95 0 0 0 rental 0
brands_rental_rush_bra 1582919324661 360 223 touchmove 62 96 0 0 0 rental 0
brands_rental_rush_bra 1582919324678 360 223 touchmove 61 97 0 0 0 rental 0
brands_rental_rush_bra 1582919324695 360 223 touchmove 60 98 0 0 0 rental 0
brands_rental_rush_bra 1582919324711 360 223 touchmove 59 98 0 0 0 rental 0
brands_rental_rush_bra 1582919324728 360 223 touchmove 57 99 0 0 0 rental 0
brands_rental_rush_bra 1582919324745 360 223 touchmove 56 99 0 0 0 rental 0
brands_rental_rush_bra 1582919324761 360 223 touchmove 56 100 0 0 0 rental 0
brands_rental_rush_bra 1582919324778 360 223 touchmove 55 100 0 0 0 rental 0
brands_rental_rush_bra 1582919324811 360 223 touchmove 55 100 0 0 0 rental 0
brands_rental_rush_bra 1582919324897 360 223 touchmove 55 100 0 0 0 rental 0
brands_rental_rush_bra 1582919324912 360 223 touchmove 58 100 0 0 0 rental 0
brands_rental_rush_bra 1582919324928 360 223 touchmove 61 99 0 0 0 rental 0
brands_rental_rush_bra 1582919324948 360 223 touchmove 64 99 0 0 0 rental 0
brands_rental_rush_bra 1582919324963 360 223 touchmove 69 99 0 0 0 rental 0
brands_rental_rush_bra 1582919324978 360 223 touchmove 74 99 0 0 0 rental 0
brands_rental_rush_bra 1582919324994 360 223 touchmove 78 99 0 0 0 rental 0
brands_rental_rush_bra 1582919325011 360 223 touchmove 83 99 0 0 0 rental 0
brands_rental_rush_bra 1582919325028 360 223 touchmove 90 100 0 0 0 rental 0
brands_rental_rush_bra 1582919325044 360 223 touchmove 98 100 0 0 0 rental 0
brands_rental_rush_bra 1582919325061 360 223 touchmove 109 100 0 0 0 rental 0
brands_rental_rush_bra 1582919325077 360 223 touchmove 121 100 0 0 0 rental 0
brands_rental_rush_bra 1582919325094 360 223 touchmove 132 100 0 0 0 rental 0
brands_rental_rush_bra 1582919325110 360 223 touchmove 142 100 0 0 0 rental 0
brands_rental_rush_bra 1582919325127 360 223 touchmove 150 99 0 0 0 rental 0
brands_rental_rush_bra 1582919325144 360 223 touchmove 157 99 0 0 0 rental 0
brands_rental_rush_bra 1582919325160 360 223 touchmove 163 98 0 0 0 rental 0
brands_rental_rush_bra 1582919325177 360 223 touchmove 167 98 0 0 0 rental 0
brands_rental_rush_bra 1582919325194 360 223 touchmove 169 98 0 0 0 rental 0
brands_rental_rush_bra 1582919325210 360 223 touchmove 170 98 0 0 0 rental 0
brands_rental_rush_bra 1582919325227 360 223 touchmove 171 97 0 0 0 rental 0
brands_rental_rush_bra 1582919325243 360 223 touchmove 172 97 0 0 0 rental 0
brands_rental_rush_bra 1582919325260 360 223 touchmove 173 97 0 0 0 rental 0
brands_rental_rush_bra 1582919325277 360 223 touchmove 175 97 0 0 0 rental 0
brands_rental_rush_bra 1582919325293 360 223 touchmove 177 97 0 0 0 rental 0
brands_rental_rush_bra 1582919325310 360 223 touchmove 178 97 0 0 0 rental 0
brands_rental_rush_bra 1582919325326 360 223 touchmove 180 97 0 0 0 rental 0
brands_rental_rush_bra 1582919325343 360 223 touchmove 182 96 0 0 0 rental 0
brands_rental_rush_bra 1582919325359 360 223 touchmove 183 96 0 0 0 rental 0
brands_rental_rush_bra 1582919325377 360 223 touchmove 185 96 0 0 0 rental 0
brands_rental_rush_bra 1582919325393 360 223 touchmove 188 96 0 0 0 rental 0
brands_rental_rush_bra 1582919325410 360 223 touchmove 191 96 0 0 0 rental 0
brands_rental_rush_bra 1582919325426 360 223 touchmove 195 96 0 0 0 rental 0
brands_rental_rush_bra 1582919325443 360 223 touchmove 199 96 0 0 0 rental 0
brands_rental_rush_bra 1582919325459 360 223 touchmove 207 96 0 0 0 rental 0
brands_rental_rush_bra 1582919325476 360 223 touchmove 215 96 0 0 0 rental 0
brands_rental_rush_bra 1582919325493 360 223 touchmove 221 96 0 0 0 rental 0
brands_rental_rush_bra 1582919325509 360 223 touchmove 232 94 0 0 0 rental 0
brands_rental_rush_bra 1582919325526 360 223 touchmove 250 91 0 0 0 rental 0
brands_rental_rush_bra 1582919325543 360 223 touchmove 256 90 0 0 0 rental 0
brands_rental_rush_bra 1582919325559 360 223 touchmove 268 89 0 0 0 rental 0
brands_rental_rush_bra 1582919325576 360 223 touchmove 283 87 0 0 0 rental 0
brands_rental_rush_bra 1582919325594 360 223 touchmove 287 87 0 0 0 rental 0
brands_rental_rush_bra 1582919325610 360 223 touchmove 293 87 0 0 0 rental 0
brands_rental_rush_bra 1582919325626 360 223 touchmove 297 87 0 0 0 rental 0
brands_rental_rush_bra 1582919325644 360 223 touchmove 299 87 0 0 0 rental 0
brands_rental_rush_bra 1582919325659 360 223 touchmove 300 87 0 0 0 rental 0
brands_rental_rush_bra 1582919325677 360 223 touchmove 300 86 0 0 0 rental 0
brands_rental_rush_bra 1582919325693 360 223 touchmove 301 86 0 0 0 rental 0
brands_rental_rush_bra 1582919325759 360 223 touchmove 301 86 0 0 0 rental 0
brands_rental_rush_bra 1582919325776 360 223 touchmove 302 86 0 0 0 rental 0
brands_rental_rush_bra 1582919325809 360 223 touchmove 302 86 0 0 0 rental 0
brands_rental_rush_bra 1582919325826 360 223 touchmove 303 86 0 0 0 rental 0
brands_rental_rush_bra 1582919325842 360 223 touchmove 303 86 0 0 0 rental 0
brands_rental_rush_bra 1582919325859 360 223 touchmove 304 86 0 0 0 rental 0
brands_rental_rush_bra 1582919325875 360 223 touchmove 305 86 0 0 0 rental 0
brands_rental_rush_bra 1582919325892 360 223 touchmove 307 87 0 0 0 rental 0
brands_rental_rush_bra 1582919325904 360 223 touchmove 308 88 0 0 0 rental 0
brands_rental_rush_bra 1582919325906 360 223 touchend 308 88 0 0 0 rental 0
brands_rental_rush_bra 1582919328492 360 223 touchstart 132 38 0 0 0 rush 0
brands_rental_rush_bra 1582919328538 360 223 touchmove 132 38 0 0 0 rush 0
brands_rental_rush_bra 1582919328547 360 223 touchmove 132 38 0 0 0 rush 0
brands_rental_rush_bra 1582919328568 360 223 touchmove 132 38 0 0 0 rush 0
brands_rental_rush_bra 1582919328585 360 223 touchmove 132 38 0 0 0 rush 0
brands_rental_rush_bra 1582919328602 360 223 touchmove 132 38 0 0 0 rush 0
brands_rental_rush_bra 1582919328618 360 223 touchmove 132 38 0 0 0 rush 0
brands_rental_rush_bra 1582919328635 360 223 touchmove 132 38 0 0 0 rush 0
brands_rental_rush_bra 1582919328651 360 223 touchmove 132 38 0 0 0 rush 0
brands_rental_rush_bra 1582919328668 360 223 touchmove 132 39 0 0 0 rush 0
brands_rental_rush_bra 1582919328685 360 223 touchmove 135 40 0 0 0 rush 0
brands_rental_rush_bra 1582919328702 360 223 touchmove 137 41 0 0 0 rush 0
brands_rental_rush_bra 1582919328718 360 223 touchmove 139 43 0 0 0 rush 0
brands_rental_rush_bra 1582919328735 360 223 touchmove 140 44 0 0 0 rush 0
brands_rental_rush_bra 1582919328751 360 223 touchmove 141 44 0 0 0 rush 0
brands_rental_rush_bra 1582919328768 360 223 touchmove 142 45 0 0 0 rush 0
brands_rental_rush_bra 1582919328784 360 223 touchmove 143 45 0 0 0 rush 0
brands_rental_rush_bra 1582919328802 360 223 touchmove 145 45 0 0 0 rush 0
brands_rental_rush_bra 1582919328818 360 223 touchmove 148 45 0 0 0 rush 0
brands_rental_rush_bra 1582919328834 360 223 touchmove 152 45 0 0 0 rush 0
brands_rental_rush_bra 1582919328851 360 223 touchmove 156 44 0 0 0 rush 0
brands_rental_rush_bra 1582919328869 360 223 touchmove 160 43 0 0 0 rush 0
brands_rental_rush_bra 1582919328884 360 223 touchmove 165 43 0 0 0 rush 0
brands_rental_rush_bra 1582919328900 360 223 touchmove 170 42 0 0 0 rush 0
brands_rental_rush_bra 1582919328918 360 223 touchmove 173 42 0 0 0 rush 0
brands_rental_rush_bra 1582919328935 360 223 touchmove 178 41 0 0 0 rush 0
brands_rental_rush_bra 1582919328951 360 223 touchmove 184 41 0 0 0 rush 0
brands_rental_rush_bra 1582919328968 360 223 touchmove 192 40 0 0 0 rush 0
brands_rental_rush_bra 1582919328984 360 223 touchmove 199 38 0 0 0 rush 0
brands_rental_rush_bra 1582919329001 360 223 touchmove 207 37 0 0 0 rush 0
brands_rental_rush_bra 1582919329019 360 223 touchmove 215 35 0 0 0 rush 0
brands_rental_rush_bra 1582919329034 360 223 touchmove 221 35 0 0 0 rush 0
brands_rental_rush_bra 1582919329051 360 223 touchmove 224 35 0 0 0 rush 0
brands_rental_rush_bra 1582919329067 360 223 touchmove 226 34 0 0 0 rush 0
brands_rental_rush_bra 1582919329084 360 223 touchmove 228 34 0 0 0 rush 0
brands_rental_rush_bra 1582919329102 360 223 touchmove 229 34 0 0 0 rush 0
brands_rental_rush_bra 1582919329117 360 223 touchmove 230 34 0 0 0 rush 0
brands_rental_rush_bra 1582919329133 360 223 touchmove 231 34 0 0 0 rush 0
brands_rental_rush_bra 1582919329150 360 223 touchmove 231 34 0 0 0 rush 0
brands_rental_rush_bra 1582919329166 360 223 touchmove 231 34 0 0 0 rush 0
brands_rental_rush_bra 1582919329186 360 223 touchmove 231 34 0 0 0 rush 0
brands_rental_rush_bra 1582919329203 360 223 touchmove 232 34 0 0 0 rush 0
brands_rental_rush_bra 1582919329220 360 223 touchmove 232 34 0 0 0 rush 0
brands_rental_rush_bra 1582919329233 360 223 touchmove 232 34 0 0 0 rush 0
brands_rental_rush_bra 1582919329250 360 223 touchmove 232 34 0 0 0 rush 0
brands_rental_rush_bra 1582919329266 360 223 touchmove 232 34 0 0 0 rush 0
brands_rental_rush_bra 1582919329283 360 223 touchmove 232 34 0 0 0 rush 0
brands_rental_rush_bra 1582919329300 360 223 touchmove 233 34 0 0 0 rush 0
brands_rental_rush_bra 1582919329350 360 223 touchmove 233 34 0 0 0 rush 0
brands_rental_rush_bra 1582919329432 360 223 touchmove 233 34 0 0 0 rush 0
brands_rental_rush_bra 1582919329532 360 223 touchmove 233 34 0 0 0 rush 0
brands_rental_rush_bra 1582919329732 360 223 touchmove 233 34 0 0 0 rush 0
brands_rental_rush_bra 1582919329865 360 223 touchmove 233 34 0 0 0 rush 0
brands_rental_rush_bra 1582919329998 360 223 touchmove 233 35 0 0 0 rush 0
brands_rental_rush_bra 1582919330297 360 223 touchmove 233 35 0 0 0 rush 0
brands_rental_rush_bra 1582919330463 360 223 touchmove 233 35 0 0 0 rush 0
brands_rental_rush_bra 1582919330680 360 223 touchmove 233 35 0 0 0 rush 0
brands_rental_rush_bra 1582919330730 360 223 touchmove 233 36 0 0 0 rush 0
brands_rental_rush_bra 1582919330746 360 223 touchmove 232 36 0 0 0 rush 0
brands_rental_rush_bra 1582919330763 360 223 touchmove 230 37 0 0 0 rush 0
brands_rental_rush_bra 1582919330779 360 223 touchmove 228 38 0 0 0 rush 0
brands_rental_rush_bra 1582919330796 360 223 touchmove 225 39 0 0 0 rush 0
brands_rental_rush_bra 1582919330812 360 223 touchmove 221 41 0 0 0 rush 0
brands_rental_rush_bra 1582919330829 360 223 touchmove 213 43 0 0 0 rush 0
brands_rental_rush_bra 1582919330846 360 223 touchmove 200 48 0 0 0 rush 0
brands_rental_rush_bra 1582919330862 360 223 touchmove 187 54 0 0 0 rush 0
brands_rental_rush_bra 1582919330880 360 223 touchmove 180 58 0 0 0 rush 0
brands_rental_rush_bra 1582919330896 360 223 touchmove 168 63 0 0 0 rush 0
brands_rental_rush_bra 1582919330913 360 223 touchmove 156 68 0 0 0 rush 0
brands_rental_rush_bra 1582919330929 360 223 touchmove 145 73 0 0 0 rush 0
brands_rental_rush_bra 1582919330945 360 223 touchmove 136 77 0 0 0 rush 0
brands_rental_rush_bra 1582919330962 360 223 touchmove 128 81 0 0 0 rush 0
brands_rental_rush_bra 1582919330979 360 223 touchmove 121 84 0 0 0 rush 0
brands_rental_rush_bra 1582919330995 360 223 touchmove 115 86 0 0 0 rush 0
brands_rental_rush_bra 1582919331012 360 223 touchmove 111 87 0 0 0 rush 0
brands_rental_rush_bra 1582919331029 360 223 touchmove 107 88 0 0 0 rush 0
brands_rental_rush_bra 1582919331045 360 223 touchmove 105 89 0 0 0 rush 0
brands_rental_rush_bra 1582919331062 360 223 touchmove 103 90 0 0 0 rush 0
brands_rental_rush_bra 1582919331078 360 223 touchmove 102 91 0 0 0 rush 0
brands_rental_rush_bra 1582919331095 360 223 touchmove 101 92 0 0 0 rush 0
brands_rental_rush_bra 1582919331111 360 223 touchmove 100 93 0 0 0 rush 0
brands_rental_rush_bra 1582919331129 360 223 touchmove 99 94 0 0 0 rush 0
brands_rental_rush_bra 1582919331146 360 223 touchmove 96 95 0 0 0 rush 0
brands_rental_rush_bra 1582919331162 360 223 touchmove 95 95 0 0 0 rush 0
brands_rental_rush_bra 1582919331179 360 223 touchmove 95 95 0 0 0 rush 0
brands_rental_rush_bra 1582919331196 360 223 touchmove 94 96 0 0 0 rush 0
brands_rental_rush_bra 1582919331212 360 223 touchmove 92 97 0 0 0 rush 0
brands_rental_rush_bra 1582919331228 360 223 touchmove 92 97 0 0 0 rush 0
brands_rental_rush_bra 1582919331245 360 223 touchmove 91 98 0 0 0 rush 0
brands_rental_rush_bra 1582919331262 360 223 touchmove 90 98 0 0 0 rush 0
brands_rental_rush_bra 1582919331278 360 223 touchmove 89 99 0 0 0 rush 0
brands_rental_rush_bra 1582919331295 360 223 touchmove 88 99 0 0 0 rush 0
brands_rental_rush_bra 1582919331311 360 223 touchmove 87 99 0 0 0 rush 0
brands_rental_rush_bra 1582919331328 360 223 touchmove 86 99 0 0 0 rush 0
brands_rental_rush_bra 1582919331345 360 223 touchmove 85 99 0 0 0 rush 0
brands_rental_rush_bra 1582919331361 360 223 touchmove 84 100 0 0 0 rush 0
brands_rental_rush_bra 1582919331388 360 223 touchmove 84 100 0 0 0 rush 0
brands_rental_rush_bra 1582919331477 360 223 touchmove 84 100 0 0 0 rush 0
brands_rental_rush_bra 1582919331527 360 223 touchmove 84 100 0 0 0 rush 0
brands_rental_rush_bra 1582919331644 360 223 touchmove 84 100 0 0 0 rush 0
brands_rental_rush_bra 1582919331675 360 223 touchmove 84 100 0 0 0 rush 0
brands_rental_rush_bra 1582919331694 360 223 touchmove 84 100 0 0 0 rush 0
brands_rental_rush_bra 1582919331710 360 223 touchmove 84 100 0 0 0 rush 0
brands_rental_rush_bra 1582919331727 360 223 touchmove 84 100 0 0 0 rush 0
brands_rental_rush_bra 1582919331744 360 223 touchmove 84 100 0 0 0 rush 0
brands_rental_rush_bra 1582919331810 360 223 touchmove 84 101 0 0 0 rush 0
brands_rental_rush_bra 1582919331893 360 223 touchmove 84 101 0 0 0 rush 0
brands_rental_rush_bra 1582919331919 360 223 touchmove 85 101 0 0 0 rush 0
brands_rental_rush_bra 1582919331928 360 223 touchmove 85 102 0 0 0 rush 0
brands_rental_rush_bra 1582919331945 360 223 touchmove 86 102 0 0 0 rush 0
brands_rental_rush_bra 1582919331962 360 223 touchmove 87 102 0 0 0 rush 0
brands_rental_rush_bra 1582919331978 360 223 touchmove 89 102 0 0 0 rush 0
brands_rental_rush_bra 1582919331995 360 223 touchmove 91 102 0 0 0 rush 0
brands_rental_rush_bra 1582919332012 360 223 touchmove 93 102 0 0 0 rush 0
brands_rental_rush_bra 1582919332029 360 223 touchmove 99 102 0 0 0 rush 0
brands_rental_rush_bra 1582919332045 360 223 touchmove 102 103 0 0 0 rush 0
brands_rental_rush_bra 1582919332060 360 223 touchmove 109 103 0 0 0 rush 0
brands_rental_rush_bra 1582919332078 360 223 touchmove 118 104 0 0 0 rush 0
brands_rental_rush_bra 1582919332093 360 223 touchmove 128 104 0 0 0 rush 0
brands_rental_rush_bra 1582919332111 360 223 touchmove 139 104 0 0 0 rush 0
brands_rental_rush_bra 1582919332128 360 223 touchmove 150 104 0 0 0 rush 0
brands_rental_rush_bra 1582919332145 360 223 touchmove 160 104 0 0 0 rush 0
brands_rental_rush_bra 1582919332160 360 223 touchmove 169 103 0 0 0 rush 0
brands_rental_rush_bra 1582919332176 360 223 touchmove 178 102 0 0 0 rush 0
brands_rental_rush_bra 1582919332193 360 223 touchmove 185 101 0 0 0 rush 0
brands_rental_rush_bra 1582919332210 360 223 touchmove 191 100 0 0 0 rush 0
brands_rental_rush_bra 1582919332232 360 223 touchmove 199 100 0 0 0 rush 0
brands_rental_rush_bra 1582919332242 360 223 touchmove 201 99 0 0 0 rush 0
brands_rental_rush_bra 1582919332259 360 223 touchmove 204 98 0 0 0 rush 0
brands_rental_rush_bra 1582919332276 360 223 touchmove 205 98 0 0 0 rush 0
brands_rental_rush_bra 1582919332292 360 223 touchmove 207 98 0 0 0 rush 0
brands_rental_rush_bra 1582919332309 360 223 touchmove 208 98 0 0 0 rush 0
brands_rental_rush_bra 1582919332326 360 223 touchmove 208 98 0 0 0 rush 0
brands_rental_rush_bra 1582919332342 360 223 touchmove 209 98 0 0 0 rush 0
brands_rental_rush_bra 1582919332358 360 223 touchmove 209 98 0 0 0 rush 0
brands_rental_rush_bra 1582919332408 360 223 touchmove 210 98 0 0 0 rush 0
brands_rental_rush_bra 1582919332425 360 223 touchmove 211 97 0 0 0 rush 0
brands_rental_rush_bra 1582919332442 360 223 touchmove 211 97 0 0 0 rush 0
brands_rental_rush_bra 1582919332458 360 223 touchmove 212 97 0 0 0 rush 0
brands_rental_rush_bra 1582919332481 360 223 touchmove 213 97 0 0 0 rush 0
brands_rental_rush_bra 1582919332498 360 223 touchmove 213 97 0 0 0 rush 0
brands_rental_rush_bra 1582919332509 360 223 touchmove 214 97 0 0 0 rush 0
brands_rental_rush_bra 1582919332524 360 223 touchmove 215 97 0 0 0 rush 0
brands_rental_rush_bra 1582919332539 360 223 touchmove 215 98 0 0 0 rush 0
brands_rental_rush_bra 1582919332541 360 223 touchend 215 98 0 0 0 rush 0
brands_rental_rush_bra 1582919336935 360 223 touchstart 223 159 0 0 0 bra 0
brands_rental_rush_bra 1582919337012 360 223 touchmove 223 159 0 0 0 bra 0
brands_rental_rush_bra 1582919337032 360 223 touchmove 223 159 0 0 0 bra 0
brands_rental_rush_bra 1582919337047 360 223 touchmove 223 159 0 0 0 bra 0
brands_rental_rush_bra 1582919337063 360 223 touchmove 223 159 0 0 0 bra 0
brands_rental_rush_bra 1582919337079 360 223 touchmove 223 159 0 0 0 bra 0
brands_rental_rush_bra 1582919337096 360 223 touchmove 223 159 0 0 0 bra 0
brands_rental_rush_bra 1582919337113 360 223 touchmove 223 159 0 0 0 bra 0
brands_rental_rush_bra 1582919337135 360 223 touchmove 223 159 0 0 0 bra 0
brands_rental_rush_bra 1582919337158 360 223 touchmove 223 159 0 0 0 bra 0
brands_rental_rush_bra 1582919337196 360 223 touchmove 223 159 0 0 0 bra 0
brands_rental_rush_bra 1582919337213 360 223 touchmove 223 159 0 0 0 bra 0
brands_rental_rush_bra 1582919337229 360 223 touchmove 223 159 0 0 0 bra 0
brands_rental_rush_bra 1582919337246 360 223 touchmove 223 159 0 0 0 bra 0
brands_rental_rush_bra 1582919337262 360 223 touchmove 223 159 0 0 0 bra 0
brands_rental_rush_bra 1582919337279 360 223 touchmove 223 159 0 0 0 bra 0
brands_rental_rush_bra 1582919337312 360 223 touchmove 223 159 0 0 0 bra 0
brands_rental_rush_bra 1582919337330 360 223 touchmove 223 159 0 0 0 bra 0
brands_rental_rush_bra 1582919337345 360 223 touchmove 223 159 0 0 0 bra 0
brands_rental_rush_bra 1582919337362 360 223 touchmove 223 159 0 0 0 bra 0
brands_rental_rush_bra 1582919337378 360 223 touchmove 220 156 0 0 0 bra 0
brands_rental_rush_bra 1582919337395 360 223 touchmove 217 152 0 0 0 bra 0
brands_rental_rush_bra 1582919337413 360 223 touchmove 214 148 0 0 0 bra 0
brands_rental_rush_bra 1582919337429 360 223 touchmove 212 146 0 0 0 bra 0
brands_rental_rush_bra 1582919337444 360 223 touchmove 207 139 0 0 0 bra 0
brands_rental_rush_bra 1582919337462 360 223 touchmove 203 134 0 0 0 bra 0
brands_rental_rush_bra 1582919337478 360 223 touchmove 200 132 0 0 0 bra 0
brands_rental_rush_bra 1582919337495 360 223 touchmove 192 123 0 0 0 bra 0
brands_rental_rush_bra 1582919337512 360 223 touchmove 189 120 0 0 0 bra 0
brands_rental_rush_bra 1582919337529 360 223 touchmove 184 115 0 0 0 bra 0
brands_rental_rush_bra 1582919337545 360 223 touchmove 178 109 0 0 0 bra 0
brands_rental_rush_bra 1582919337561 360 223 touchmove 175 104 0 0 0 bra 0
brands_rental_rush_bra 1582919337578 360 223 touchmove 170 99 0 0 0 bra 0
brands_rental_rush_bra 1582919337595 360 223 touchmove 165 93 0 0 0 bra 0
brands_rental_rush_bra 1582919337612 360 223 touchmove 159 86 0 0 0 bra 0
brands_rental_rush_bra 1582919337628 360 223 touchmove 155 80 0 0 0 bra 0
brands_rental_rush_bra 1582919337644 360 223 touchmove 152 74 0 0 0 bra 0
brands_rental_rush_bra 1582919337661 360 223 touchmove 149 69 0 0 0 bra 0
brands_rental_rush_bra 1582919337677 360 223 touchmove 147 64 0 0 0 bra 0
brands_rental_rush_bra 1582919337694 360 223 touchmove 145 59 0 0 0 bra 0
brands_rental_rush_bra 1582919337711 360 223 touchmove 144 55 0 0 0 bra 0
brands_rental_rush_bra 1582919337727 360 223 touchmove 143 52 0 0 0 bra 0
brands_rental_rush_bra 1582919337744 360 223 touchmove 142 49 0 0 0 bra 0
brands_rental_rush_bra 1582919337760 360 223 touchmove 141 46 0 0 0 bra 0
brands_rental_rush_bra 1582919337777 360 223 touchmove 140 45 0 0 0 bra 0
brands_rental_rush_bra 1582919337794 360 223 touchmove 139 43 0 0 0 bra 0
brands_rental_rush_bra 1582919337810 360 223 touchmove 138 41 0 0 0 bra 0
brands_rental_rush_bra 1582919337827 360 223 touchmove 137 40 0 0 0 bra 0
brands_rental_rush_bra 1582919337843 360 223 touchmove 136 39 0 0 0 bra 0
brands_rental_rush_bra 1582919337861 360 223 touchmove 136 39 0 0 0 bra 0
brands_rental_rush_bra 1582919337877 360 223 touchmove 136 38 0 0 0 bra 0
brands_rental_rush_bra 1582919337893 360 223 touchmove 135 38 0 0 0 bra 0
brands_rental_rush_bra 1582919337910 360 223 touchmove 135 38 0 0 0 bra 0
brands_rental_rush_bra 1582919337926 360 223 touchmove 135 38 0 0 0 bra 0
brands_rental_rush_bra 1582919337949 360 223 touchmove 135 38 0 0 0 bra 0
brands_rental_rush_bra 1582919337974 360 223 touchmove 135 37 0 0 0 bra 0
brands_rental_rush_bra 1582919337993 360 223 touchmove 134 37 0 0 0 bra 0
brands_rental_rush_bra 1582919338010 360 223 touchmove 134 37 0 0 0 bra 0
brands_rental_rush_bra 1582919338026 360 223 touchmove 134 37 0 0 0 bra 0
brands_rental_rush_bra 1582919338059 360 223 touchmove 133 36 0 0 0 bra 0
brands_rental_rush_bra 1582919338076 360 223 touchmove 133 36 0 0 0 bra 0
brands_rental_rush_bra 1582919338143 360 223 touchmove 133 36 0 0 0 bra 0
brands_rental_rush_bra 1582919338167 360 223 touchmove 132 36 0 0 0 bra 0
brands_rental_rush_bra 1582919338186 360 223 touchmove 132 36 0 0 0 bra 0
brands_rental_rush_bra 1582919338196 360 223 touchmove 132 36 0 0 0 bra 0
brands_rental_rush_bra 1582919338327 360 223 touchmove 131 36 0 0 0 bra 0
brands_rental_rush_bra 1582919338343 360 223 touchmove 131 36 0 0 0 bra 0
brands_rental_rush_bra 1582919338363 360 223 touchmove 129 36 0 0 0 bra 0
brands_rental_rush_bra 1582919338378 360 223 touchmove 127 36 0 0 0 bra 0
brands_rental_rush_bra 1582919338395 360 223 touchmove 124 37 0 0 0 bra 0
brands_rental_rush_bra 1582919338412 360 223 touchmove 120 39 0 0 0 bra 0
brands_rental_rush_bra 1582919338428 360 223 touchmove 115 42 0 0 0 bra 0
brands_rental_rush_bra 1582919338443 360 223 touchmove 111 45 0 0 0 bra 0
brands_rental_rush_bra 1582919338460 360 223 touchmove 105 50 0 0 0 bra 0
brands_rental_rush_bra 1582919338477 360 223 touchmove 98 55 0 0 0 bra 0
brands_rental_rush_bra 1582919338492 360 223 touchmove 91 61 0 0 0 bra 0
brands_rental_rush_bra 1582919338510 360 223 touchmove 83 66 0 0 0 bra 0
brands_rental_rush_bra 1582919338526 360 223 touchmove 77 71 0 0 0 bra 0
brands_rental_rush_bra 1582919338543 360 223 touchmove 72 76 0 0 0 bra 0
brands_rental_rush_bra 1582919338559 360 223 touchmove 67 81 0 0 0 bra 0
brands_rental_rush_bra 1582919338576 360 223 touchmove 61 86 0 0 0 bra 0
brands_rental_rush_bra 1582919338593 360 223 touchmove 57 89 0 0 0 bra 0
brands_rental_rush_bra 1582919338609 360 223 touchmove 54 93 0 0 0 bra 0
brands_rental_rush_bra 1582919338626 360 223 touchmove 51 95 0 0 0 bra 0
brands_rental_rush_bra 1582919338642 360 223 touchmove 50 97 0 0 0 bra 0
brands_rental_rush_bra 1582919338659 360 223 touchmove 49 99 0 0 0 bra 0
brands_rental_rush_bra 1582919338675 360 223 touchmove 48 100 0 0 0 bra 0
brands_rental_rush_bra 1582919338692 360 223 touchmove 48 101 0 0 0 bra 0
brands_rental_rush_bra 1582919338709 360 223 touchmove 48 102 0 0 0 bra 0
brands_rental_rush_bra 1582919338725 360 223 touchmove 47 103 0 0 0 bra 0
brands_rental_rush_bra 1582919338742 360 223 touchmove 47 103 0 0 0 bra 0
brands_rental_rush_bra 1582919338759 360 223 touchmove 47 104 0 0 0 bra 0
brands_rental_rush_bra 1582919338775 360 223 touchmove 47 104 0 0 0 bra 0
brands_rental_rush_bra 1582919338792 360 223 touchmove 47 105 0 0 0 bra 0
brands_rental_rush_bra 1582919338841 360 223 touchmove 46 105 0 0 0 bra 0
brands_rental_rush_bra 1582919338924 360 223 touchmove 45 104 0 0 0 bra 0
brands_rental_rush_bra 1582919338941 360 223 touchmove 43 102 0 0 0 bra 0
brands_rental_rush_bra 1582919338951 360 223 touchend 43 102 0 0 0 bra 0
yes_i_am_playing 1582919342683 360 223 touchstart 221 42 0 0 0 yes 0
yes_i_am_playing 1582919342764 360 223 touchmove 221 42 0 0 0 yes 0
yes_i_am_playing 1582919342781 360 223 touchmove 221 42 0 0 0 yes 0
yes_i_am_playing 1582919342799 360 223 touchmove 221 42 0 0 0 yes 0
yes_i_am_playing 1582919342815 360 223 touchmove 221 42 0 0 0 yes 0
yes_i_am_playing 1582919342831 360 223 touchmove 221 42 0 0 0 yes 0
yes_i_am_playing 1582919342848 360 223 touchmove 221 42 0 0 0 yes 0
yes_i_am_playing 1582919342865 360 223 touchmove 221 42 0 0 0 yes 0
yes_i_am_playing 1582919342881 360 223 touchmove 221 42 0 0 0 yes 0
yes_i_am_playing 1582919342898 360 223 touchmove 221 42 0 0 0 yes 0
yes_i_am_playing 1582919342914 360 223 touchmove 220 43 0 0 0 yes 0
yes_i_am_playing 1582919342931 360 223 touchmove 219 44 0 0 0 yes 0
yes_i_am_playing 1582919342947 360 223 touchmove 218 44 0 0 0 yes 0
yes_i_am_playing 1582919342964 360 223 touchmove 218 44 0 0 0 yes 0
yes_i_am_playing 1582919342981 360 223 touchmove 217 44 0 0 0 yes 0
yes_i_am_playing 1582919342999 360 223 touchmove 217 45 0 0 0 yes 0
yes_i_am_playing 1582919343016 360 223 touchmove 216 45 0 0 0 yes 0
yes_i_am_playing 1582919343032 360 223 touchmove 216 45 0 0 0 yes 0
yes_i_am_playing 1582919343048 360 223 touchmove 216 45 0 0 0 yes 0
yes_i_am_playing 1582919343068 360 223 touchmove 215 45 0 0 0 yes 0
yes_i_am_playing 1582919343082 360 223 touchmove 214 45 0 0 0 yes 0
yes_i_am_playing 1582919343097 360 223 touchmove 211 44 0 0 0 yes 0
yes_i_am_playing 1582919343114 360 223 touchmove 209 43 0 0 0 yes 0
yes_i_am_playing 1582919343131 360 223 touchmove 206 42 0 0 0 yes 0
yes_i_am_playing 1582919343147 360 223 touchmove 201 41 0 0 0 yes 0
yes_i_am_playing 1582919343164 360 223 touchmove 196 40 0 0 0 yes 0
yes_i_am_playing 1582919343182 360 223 touchmove 191 40 0 0 0 yes 0
yes_i_am_playing 1582919343197 360 223 touchmove 184 39 0 0 0 yes 0
yes_i_am_playing 1582919343213 360 223 touchmove 177 38 0 0 0 yes 0
yes_i_am_playing 1582919343230 360 223 touchmove 169 37 0 0 0 yes 0
yes_i_am_playing 1582919343247 360 223 touchmove 162 37 0 0 0 yes 0
yes_i_am_playing 1582919343263 360 223 touchmove 155 36 0 0 0 yes 0
yes_i_am_playing 1582919343280 360 223 touchmove 149 35 0 0 0 yes 0
yes_i_am_playing 1582919343296 360 223 touchmove 144 35 0 0 0 yes 0
yes_i_am_playing 1582919343313 360 223 touchmove 139 35 0 0 0 yes 0
yes_i_am_playing 1582919343329 360 223 touchmove 133 35 0 0 0 yes 0
yes_i_am_playing 1582919343346 360 223 touchmove 129 35 0 0 0 yes 0
yes_i_am_playing 1582919343363 360 223 touchmove 125 35 0 0 0 yes 0
yes_i_am_playing 1582919343380 360 223 touchmove 122 35 0 0 0 yes 0
yes_i_am_playing 1582919343396 360 223 touchmove 118 35 0 0 0 yes 0
yes_i_am_playing 1582919343413 360 223 touchmove 114 35 0 0 0 yes 0
yes_i_am_playing 1582919343430 360 223 touchmove 112 35 0 0 0 yes 0
yes_i_am_playing 1582919343446 360 223 touchmove 110 35 0 0 0 yes 0
yes_i_am_playing 1582919343463 360 223 touchmove 109 36 0 0 0 yes 0
yes_i_am_playing 1582919343479 360 223 touchmove 106 36 0 0 0 yes 0
yes_i_am_playing 1582919343496 360 223 touchmove 105 36 0 0 0 yes 0
yes_i_am_playing 1582919343513 360 223 touchmove 104 36 0 0 0 yes 0
yes_i_am_playing 1582919343529 360 223 touchmove 102 37 0 0 0 yes 0
yes_i_am_playing 1582919343546 360 223 touchmove 101 37 0 0 0 yes 0
yes_i_am_playing 1582919343563 360 223 touchmove 101 38 0 0 0 yes 0
yes_i_am_playing 1582919343579 360 223 touchmove 99 38 0 0 0 yes 0
yes_i_am_playing 1582919343595 360 223 touchmove 98 39 0 0 0 yes 0
yes_i_am_playing 1582919343612 360 223 touchmove 98 40 0 0 0 yes 0
yes_i_am_playing 1582919343629 360 223 touchmove 97 41 0 0 0 yes 0
yes_i_am_playing 1582919343645 360 223 touchmove 96 42 0 0 0 yes 0
yes_i_am_playing 1582919343662 360 223 touchmove 95 45 0 0 0 yes 0
yes_i_am_playing 1582919343679 360 223 touchmove 93 49 0 0 0 yes 0
yes_i_am_playing 1582919343696 360 223 touchmove 92 54 0 0 0 yes 0
yes_i_am_playing 1582919343712 360 223 touchmove 91 59 0 0 0 yes 0
yes_i_am_playing 1582919343729 360 223 touchmove 89 65 0 0 0 yes 0
yes_i_am_playing 1582919343745 360 223 touchmove 87 72 0 0 0 yes 0
yes_i_am_playing 1582919343762 360 223 touchmove 86 76 0 0 0 yes 0
yes_i_am_playing 1582919343779 360 223 touchmove 84 86 0 0 0 yes 0
yes_i_am_playing 1582919343795 360 223 touchmove 83 90 0 0 0 yes 0
yes_i_am_playing 1582919343812 360 223 touchmove 82 97 0 0 0 yes 0
yes_i_am_playing 1582919343829 360 223 touchmove 82 103 0 0 0 yes 0
yes_i_am_playing 1582919343845 360 223 touchmove 82 108 0 0 0 yes 0
yes_i_am_playing 1582919343862 360 223 touchmove 82 110 0 0 0 yes 0
yes_i_am_playing 1582919343880 360 223 touchmove 82 112 0 0 0 yes 0
yes_i_am_playing 1582919343895 360 223 touchmove 82 114 0 0 0 yes 0
yes_i_am_playing 1582919343912 360 223 touchmove 82 114 0 0 0 yes 0
yes_i_am_playing 1582919343929 360 223 touchmove 82 115 0 0 0 yes 0
yes_i_am_playing 1582919343945 360 223 touchmove 82 115 0 0 0 yes 0
yes_i_am_playing 1582919343956 360 223 touchend 82 115 0 0 0 yes 0
yes_i_am_playing 1582919346133 360 223 touchstart 273 37 0 0 0 i 0
yes_i_am_playing 1582919346205 360 223 touchmove 273 37 0 0 0 i 0
yes_i_am_playing 1582919346223 360 223 touchmove 273 37 0 0 0 i 0
yes_i_am_playing 1582919346240 360 223 touchmove 274 38 0 0 0 i 0
yes_i_am_playing 1582919346256 360 223 touchmove 275 41 0 0 0 i 0
yes_i_am_playing 1582919346273 360 223 touchmove 275 41 0 0 0 i 0
yes_i_am_playing 1582919346290 360 223 touchmove 275 41 0 0 0 i 0
yes_i_am_playing 1582919346305 360 223 touchmove 275 41 0 0 0 i 0
yes_i_am_playing 1582919346323 360 223 touchmove 275 41 0 0 0 i 0
yes_i_am_playing 1582919346356 360 223 touchmove 275 42 0 0 0 i 0
yes_i_am_playing 1582919346372 360 223 touchmove 275 42 0 0 0 i 0
yes_i_am_playing 1582919346389 360 223 touchmove 275 42 0 0 0 i 0
yes_i_am_playing 1582919346406 360 223 touchmove 275 42 0 0 0 i 0
yes_i_am_playing 1582919346422 360 223 touchmove 275 42 0 0 0 i 0
yes_i_am_playing 1582919346472 360 223 touchmove 275 42 0 0 0 i 0
yes_i_am_playing 1582919346522 360 223 touchmove 275 42 0 0 0 i 0
yes_i_am_playing 1582919346539 360 223 touchmove 275 42 0 0 0 i 0
yes_i_am_playing 1582919346556 360 223 touchmove 275 43 0 0 0 i 0
yes_i_am_playing 1582919346572 360 223 touchmove 276 43 0 0 0 i 0
yes_i_am_playing 1582919346588 360 223 touchmove 276 43 0 0 0 i 0
yes_i_am_playing 1582919346605 360 223 touchmove 276 44 0 0 0 i 0
yes_i_am_playing 1582919346631 360 223 touchmove 276 44 0 0 0 i 0
yes_i_am_playing 1582919346639 360 223 touchmove 276 44 0 0 0 i 0
yes_i_am_playing 1582919346656 360 223 touchmove 276 44 0 0 0 i 0
yes_i_am_playing 1582919346672 360 223 touchmove 276 44 0 0 0 i 0
yes_i_am_playing 1582919346688 360 223 touchmove 276 44 0 0 0 i 0
yes_i_am_playing 1582919346738 360 223 touchmove 276 44 0 0 0 i 0
yes_i_am_playing 1582919346837 360 223 touchmove 276 44 0 0 0 i 0
yes_i_am_playing 1582919346862 360 223 touchmove 276 44 0 0 0 i 0
yes_i_am_playing 1582919346868 360 223 touchend 276 44 0 0 0 i 0
yes_i_am_playing 1582919348548 360 223 touchstart 49 99 0 0 0 am 0
yes_i_am_playing 1582919348586 360 223 touchmove 49 99 0 0 0 am 0
yes_i_am_playing 1582919348595 360 223 touchmove 49 99 0 0 0 am 0
yes_i_am_playing 1582919348622 360 223 touchmove 49 99 0 0 0 am 0
yes_i_am_playing 1582919348638 360 223 touchmove 49 99 0 0 0 am 0
yes_i_am_playing 1582919348655 360 223 touchmove 49 99 0 0 0 am 0
yes_i_am_playing 1582919348731 360 223 touchmove 49 99 0 0 0 am 0
yes_i_am_playing 1582919348748 360 223 touchmove 49 99 0 0 0 am 0
yes_i_am_playing 1582919348765 360 223 touchmove 49 99 0 0 0 am 0
yes_i_am_playing 1582919348781 360 223 touchmove 49 99 0 0 0 am 0
yes_i_am_playing 1582919348798 360 223 touchmove 49 99 0 0 0 am 0
yes_i_am_playing 1582919348815 360 223 touchmove 49 99 0 0 0 am 0
yes_i_am_playing 1582919348849 360 223 touchmove 49 99 0 0 0 am 0
yes_i_am_playing 1582919348865 360 223 touchmove 49 99 0 0 0 am 0
yes_i_am_playing 1582919348882 360 223 touchmove 49 99 0 0 0 am 0
yes_i_am_playing 1582919348899 360 223 touchmove 49 99 0 0 0 am 0
yes_i_am_playing 1582919348915 360 223 touchmove 52 100 0 0 0 am 0
yes_i_am_playing 1582919348933 360 223 touchmove 55 101 0 0 0 am 0
yes_i_am_playing 1582919348948 360 223 touchmove 57 101 0 0 0 am 0
yes_i_am_playing 1582919348968 360 223 touchmove 59 101 0 0 0 am 0
yes_i_am_playing 1582919348981 360 223 touchmove 61 101 0 0 0 am 0
yes_i_am_playing 1582919348998 360 223 touchmove 64 101 0 0 0 am 0
yes_i_am_playing 1582919349016 360 223 touchmove 67 102 0 0 0 am 0
yes_i_am_playing 1582919349031 360 223 touchmove 69 102 0 0 0 am 0
yes_i_am_playing 1582919349048 360 223 touchmove 72 102 0 0 0 am 0
yes_i_am_playing 1582919349065 360 223 touchmove 77 102 0 0 0 am 0
yes_i_am_playing 1582919349081 360 223 touchmove 81 102 0 0 0 am 0
yes_i_am_playing 1582919349098 360 223 touchmove 86 102 0 0 0 am 0
yes_i_am_playing 1582919349114 360 223 touchmove 91 103 0 0 0 am 0
yes_i_am_playing 1582919349131 360 223 touchmove 98 103 0 0 0 am 0
yes_i_am_playing 1582919349148 360 223 touchmove 105 104 0 0 0 am 0
yes_i_am_playing 1582919349164 360 223 touchmove 115 104 0 0 0 am 0
yes_i_am_playing 1582919349182 360 223 touchmove 126 106 0 0 0 am 0
yes_i_am_playing 1582919349197 360 223 touchmove 135 106 0 0 0 am 0
yes_i_am_playing 1582919349214 360 223 touchmove 145 106 0 0 0 am 0
yes_i_am_playing 1582919349231 360 223 touchmove 156 106 0 0 0 am 0
yes_i_am_playing 1582919349248 360 223 touchmove 160 106 0 0 0 am 0
yes_i_am_playing 1582919349266 360 223 touchmove 173 107 0 0 0 am 0
yes_i_am_playing 1582919349282 360 223 touchmove 182 107 0 0 0 am 0
yes_i_am_playing 1582919349298 360 223 touchmove 190 107 0 0 0 am 0
yes_i_am_playing 1582919349314 360 223 touchmove 194 108 0 0 0 am 0
yes_i_am_playing 1582919349331 360 223 touchmove 201 107 0 0 0 am 0
yes_i_am_playing 1582919349349 360 223 touchmove 208 107 0 0 0 am 0
yes_i_am_playing 1582919349364 360 223 touchmove 216 107 0 0 0 am 0
yes_i_am_playing 1582919349381 360 223 touchmove 223 107 0 0 0 am 0
yes_i_am_playing 1582919349399 360 223 touchmove 230 107 0 0 0 am 0
yes_i_am_playing 1582919349414 360 223 touchmove 236 107 0 0 0 am 0
yes_i_am_playing 1582919349431 360 223 touchmove 241 108 0 0 0 am 0
yes_i_am_playing 1582919349447 360 223 touchmove 246 108 0 0 0 am 0
yes_i_am_playing 1582919349464 360 223 touchmove 249 108 0 0 0 am 0
yes_i_am_playing 1582919349480 360 223 touchmove 252 109 0 0 0 am 0
yes_i_am_playing 1582919349497 360 223 touchmove 256 109 0 0 0 am 0
yes_i_am_playing 1582919349514 360 223 touchmove 258 110 0 0 0 am 0
yes_i_am_playing 1582919349530 360 223 touchmove 261 110 0 0 0 am 0
yes_i_am_playing 1582919349547 360 223 touchmove 263 110 0 0 0 am 0
yes_i_am_playing 1582919349563 360 223 touchmove 266 111 0 0 0 am 0
yes_i_am_playing 1582919349581 360 223 touchmove 269 112 0 0 0 am 0
yes_i_am_playing 1582919349597 360 223 touchmove 271 112 0 0 0 am 0
yes_i_am_playing 1582919349614 360 223 touchmove 272 112 0 0 0 am 0
yes_i_am_playing 1582919349630 360 223 touchmove 273 113 0 0 0 am 0
yes_i_am_playing 1582919349646 360 223 touchmove 274 113 0 0 0 am 0
yes_i_am_playing 1582919349663 360 223 touchmove 276 114 0 0 0 am 0
yes_i_am_playing 1582919349680 360 223 touchmove 277 114 0 0 0 am 0
yes_i_am_playing 1582919349696 360 223 touchmove 278 115 0 0 0 am 0
yes_i_am_playing 1582919349713 360 223 touchmove 278 116 0 0 0 am 0
yes_i_am_playing 1582919349729 360 223 touchmove 279 117 0 0 0 am 0
yes_i_am_playing 1582919349785 360 223 touchmove 280 118 0 0 0 am 0
yes_i_am_playing 1582919349796 360 223 touchmove 282 125 0 0 0 am 0
yes_i_am_playing 1582919349813 360 223 touchmove 283 128 0 0 0 am 0
yes_i_am_playing 1582919349830 360 223 touchmove 284 132 0 0 0 am 0
yes_i_am_playing 1582919349846 360 223 touchmove 284 135 0 0 0 am 0
yes_i_am_playing 1582919349862 360 223 touchmove 285 139 0 0 0 am 0
yes_i_am_playing 1582919349880 360 223 touchmove 286 142 0 0 0 am 0
yes_i_am_playing 1582919349896 360 223 touchmove 286 144 0 0 0 am 0
yes_i_am_playing 1582919349913 360 223 touchmove 286 145 0 0 0 am 0
yes_i_am_playing 1582919349928 360 223 touchmove 286 147 0 0 0 am 0
yes_i_am_playing 1582919349946 360 223 touchmove 286 149 0 0 0 am 0
yes_i_am_playing 1582919349962 360 223 touchmove 286 151 0 0 0 am 0
yes_i_am_playing 1582919349978 360 223 touchmove 287 153 0 0 0 am 0
yes_i_am_playing 1582919349996 360 223 touchmove 288 154 0 0 0 am 0
yes_i_am_playing 1582919350012 360 223 touchmove 290 154 0 0 0 am 0
yes_i_am_playing 1582919350020 360 223 touchend 290 154 0 0 0 am 0
yes_i_am_playing 1582919352167 360 223 touchstart 351 42 0 0 0 playing 0
yes_i_am_playing 1582919352173 360 223 touchmove 327 67 0 0 0 playing 0
yes_i_am_playing 1582919352181 360 223 touchmove 325 68 0 0 0 playing 0
yes_i_am_playing 1582919352191 360 223 touchmove 324 68 0 0 0 playing 0
yes_i_am_playing 1582919352207 360 223 touchmove 323 69 0 0 0 playing 0
yes_i_am_playing 1582919352223 360 223 touchmove 322 69 0 0 0 playing 0
yes_i_am_playing 1582919352240 360 223 touchmove 321 69 0 0 0 playing 0
yes_i_am_playing 1582919352257 360 223 touchmove 321 70 0 0 0 playing 0
yes_i_am_playing 1582919352274 360 223 touchmove 320 70 0 0 0 playing 0
yes_i_am_playing 1582919352290 360 223 touchmove 320 71 0 0 0 playing 0
yes_i_am_playing 1582919352307 360 223 touchmove 320 72 0 0 0 playing 0
yes_i_am_playing 1582919352323 360 223 touchmove 320 73 0 0 0 playing 0
yes_i_am_playing 1582919352340 360 223 touchmove 320 74 0 0 0 playing 0
yes_i_am_playing 1582919352356 360 223 touchmove 320 75 0 0 0 playing 0
yes_i_am_playing 1582919352374 360 223 touchmove 320 76 0 0 0 playing 0
yes_i_am_playing 1582919352390 360 223 touchmove 320 77 0 0 0 playing 0
yes_i_am_playing 1582919352407 360 223 touchmove 320 78 0 0 0 playing 0
yes_i_am_playing 1582919352423 360 223 touchmove 320 78 0 0 0 playing 0
yes_i_am_playing 1582919352441 360 223 touchmove 320 79 0 0 0 playing 0
yes_i_am_playing 1582919352458 360 223 touchmove 320 80 0 0 0 playing 0
yes_i_am_playing 1582919352475 360 223 touchmove 320 80 0 0 0 playing 0
yes_i_am_playing 1582919352490 360 223 touchmove 320 81 0 0 0 playing 0
yes_i_am_playing 1582919352507 360 223 touchmove 320 82 0 0 0 playing 0
yes_i_am_playing 1582919352524 360 223 touchmove 320 83 0 0 0 playing 0
yes_i_am_playing 1582919352541 360 223 touchmove 320 84 0 0 0 playing 0
yes_i_am_playing 1582919352556 360 223 touchmove 320 86 0 0 0 playing 0
yes_i_am_playing 1582919352574 360 223 touchmove 320 87 0 0 0 playing 0
yes_i_am_playing 1582919352591 360 223 touchmove 320 88 0 0 0 playing 0
yes_i_am_playing 1582919352606 360 223 touchmove 320 89 0 0 0 playing 0
yes_i_am_playing 1582919352624 360 223 touchmove 320 90 0 0 0 playing 0
yes_i_am_playing 1582919352639 360 223 touchmove 320 91 0 0 0 playing 0
yes_i_am_playing 1582919352656 360 223 touchmove 320 92 0 0 0 playing 0
yes_i_am_playing 1582919352674 360 223 touchmove 320 93 0 0 0 playing 0
yes_i_am_playing 1582919352694 360 223 touchmove 320 93 0 0 0 playing 0
yes_i_am_playing 1582919352717 360 223 touchmove 320 94 0 0 0 playing 0
yes_i_am_playing 1582919352755 360 223 touchmove 320 94 0 0 0 playing 0
yes_i_am_playing 1582919352772 360 223 touchmove 320 95 0 0 0 playing 0
yes_i_am_playing 1582919352789 360 223 touchmove 320 95 0 0 0 playing 0
yes_i_am_playing 1582919352805 360 223 touchmove 320 96 0 0 0 playing 0
yes_i_am_playing 1582919352822 360 223 touchmove 320 96 0 0 0 playing 0
yes_i_am_playing 1582919352838 360 223 touchmove 320 96 0 0 0 playing 0
yes_i_am_playing 1582919352855 360 223 touchmove 320 97 0 0 0 playing 0
yes_i_am_playing 1582919352872 360 223 touchmove 320 97 0 0 0 playing 0
yes_i_am_playing 1582919352888 360 223 touchmove 320 98 0 0 0 playing 0
yes_i_am_playing 1582919352955 360 223 touchmove 320 98 0 0 0 playing 0
yes_i_am_playing 1582919352978 360 223 touchmove 320 98 0 0 0 playing 0
yes_i_am_playing 1582919353038 360 223 touchmove 320 98 0 0 0 playing 0
yes_i_am_playing 1582919353057 360 223 touchmove 320 99 0 0 0 playing 0
yes_i_am_playing 1582919353088 360 223 touchmove 320 99 0 0 0 playing 0
yes_i_am_playing 1582919353204 360 223 touchmove 320 99 0 0 0 playing 0
yes_i_am_playing 1582919353222 360 223 touchmove 320 99 0 0 0 playing 0
yes_i_am_playing 1582919353238 360 223 touchmove 320 100 0 0 0 playing 0
yes_i_am_playing 1582919353304 360 223 touchmove 319 100 0 0 0 playing 0
yes_i_am_playing 1582919353321 360 223 touchmove 319 101 0 0 0 playing 0
yes_i_am_playing 1582919353338 360 223 touchmove 319 101 0 0 0 playing 0
yes_i_am_playing 1582919353355 360 223 touchmove 317 102 0 0 0 playing 0
yes_i_am_playing 1582919353373 360 223 touchmove 313 103 0 0 0 playing 0
yes_i_am_playing 1582919353388 360 223 touchmove 307 104 0 0 0 playing 0
yes_i_am_playing 1582919353404 360 223 touchmove 298 105 0 0 0 playing 0
yes_i_am_playing 1582919353420 360 223 touchmove 286 107 0 0 0 playing 0
yes_i_am_playing 1582919353437 360 223 touchmove 272 109 0 0 0 playing 0
yes_i_am_playing 1582919353455 360 223 touchmove 257 112 0 0 0 playing 0
yes_i_am_playing 1582919353471 360 223 touchmove 240 115 0 0 0 playing 0
yes_i_am_playing 1582919353487 360 223 touchmove 223 117 0 0 0 playing 0
yes_i_am_playing 1582919353503 360 223 touchmove 206 119 0 0 0 playing 0
yes_i_am_playing 1582919353520 360 223 touchmove 189 120 0 0 0 playing 0
yes_i_am_playing 1582919353539 360 223 touchmove 173 120 0 0 0 playing 0
yes_i_am_playing 1582919353553 360 223 touchmove 156 121 0 0 0 playing 0
yes_i_am_playing 1582919353570 360 223 touchmove 143 121 0 0 0 playing 0
yes_i_am_playing 1582919353587 360 223 touchmove 130 121 0 0 0 playing 0
yes_i_am_playing 1582919353603 360 223 touchmove 118 119 0 0 0 playing 0
yes_i_am_playing 1582919353620 360 223 touchmove 109 118 0 0 0 playing 0
yes_i_am_playing 1582919353636 360 223 touchmove 100 118 0 0 0 playing 0
yes_i_am_playing 1582919353653 360 223 touchmove 92 118 0 0 0 playing 0
yes_i_am_playing 1582919353670 360 223 touchmove 86 117 0 0 0 playing 0
yes_i_am_playing 1582919353686 360 223 touchmove 81 116 0 0 0 playing 0
yes_i_am_playing 1582919353710 360 223 touchmove 78 116 0 0 0 playing 0
yes_i_am_playing 1582919353722 360 223 touchmove 75 116 0 0 0 playing 0
yes_i_am_playing 1582919353736 360 223 touchmove 73 115 0 0 0 playing 0
yes_i_am_playing 1582919353752 360 223 touchmove 71 114 0 0 0 playing 0
yes_i_am_playing 1582919353769 360 223 touchmove 69 114 0 0 0 playing 0
yes_i_am_playing 1582919353786 360 223 touchmove 68 113 0 0 0 playing 0
yes_i_am_playing 1582919353803 360 223 touchmove 66 113 0 0 0 playing 0
yes_i_am_playing 1582919353819 360 223 touchmove 64 112 0 0 0 playing 0
yes_i_am_playing 1582919353835 360 223 touchmove 62 112 0 0 0 playing 0
yes_i_am_playing 1582919353852 360 223 touchmove 59 111 0 0 0 playing 0
yes_i_am_playing 1582919353869 360 223 touchmove 57 110 0 0 0 playing 0
yes_i_am_playing 1582919353885 360 223 touchmove 53 109 0 0 0 playing 0
yes_i_am_playing 1582919353902 360 223 touchmove 51 108 0 0 0 playing 0
yes_i_am_playing 1582919353919 360 223 touchmove 50 107 0 0 0 playing 0
yes_i_am_playing 1582919353936 360 223 touchmove 47 105 0 0 0 playing 0
yes_i_am_playing 1582919353952 360 223 touchmove 46 105 0 0 0 playing 0
yes_i_am_playing 1582919353969 360 223 touchmove 46 105 0 0 0 playing 0
yes_i_am_playing 1582919353986 360 223 touchmove 46 104 0 0 0 playing 0
yes_i_am_playing 1582919354002 360 223 touchmove 45 104 0 0 0 playing 0
yes_i_am_playing 1582919354021 360 223 touchmove 45 104 0 0 0 playing 0
yes_i_am_playing 1582919354035 360 223 touchmove 45 104 0 0 0 playing 0
yes_i_am_playing 1582919354052 360 223 touchmove 45 104 0 0 0 playing 0
yes_i_am_playing 1582919354069 360 223 touchmove 45 104 0 0 0 playing 0
yes_i_am_playing 1582919354102 360 223 touchmove 45 104 0 0 0 playing 0
yes_i_am_playing 1582919354152 360 223 touchmove 45 104 0 0 0 playing 0
yes_i_am_playing 1582919354202 360 223 touchmove 45 104 0 0 0 playing 0
yes_i_am_playing 1582919354218 360 223 touchmove 45 104 0 0 0 playing 0
yes_i_am_playing 1582919354318 360 223 touchmove 45 103 0 0 0 playing 0
yes_i_am_playing 1582919354335 360 223 touchmove 46 103 0 0 0 playing 0
yes_i_am_playing 1582919354352 360 223 touchmove 48 102 0 0 0 playing 0
yes_i_am_playing 1582919354370 360 223 touchmove 50 101 0 0 0 playing 0
yes_i_am_playing 1582919354384 360 223 touchmove 53 99 0 0 0 playing 0
yes_i_am_playing 1582919354401 360 223 touchmove 57 98 0 0 0 playing 0
yes_i_am_playing 1582919354418 360 223 touchmove 61 97 0 0 0 playing 0
yes_i_am_playing 1582919354437 360 223 touchmove 67 96 0 0 0 playing 0
yes_i_am_playing 1582919354451 360 223 touchmove 73 94 0 0 0 playing 0
yes_i_am_playing 1582919354467 360 223 touchmove 81 91 0 0 0 playing 0
yes_i_am_playing 1582919354485 360 223 touchmove 94 86 0 0 0 playing 0
yes_i_am_playing 1582919354501 360 223 touchmove 108 81 0 0 0 playing 0
yes_i_am_playing 1582919354517 360 223 touchmove 122 75 0 0 0 playing 0
yes_i_am_playing 1582919354534 360 223 touchmove 136 68 0 0 0 playing 0
yes_i_am_playing 1582919354550 360 223 touchmove 150 61 0 0 0 playing 0
yes_i_am_playing 1582919354567 360 223 touchmove 163 54 0 0 0 playing 0
yes_i_am_playing 1582919354584 360 223 touchmove 176 47 0 0 0 playing 0
yes_i_am_playing 1582919354600 360 223 touchmove 185 42 0 0 0 playing 0
yes_i_am_playing 1582919354617 360 223 touchmove 192 38 0 0 0 playing 0
yes_i_am_playing 1582919354633 360 223 touchmove 195 37 0 0 0 playing 0
yes_i_am_playing 1582919354651 360 223 touchmove 198 35 0 0 0 playing 0
yes_i_am_playing 1582919354667 360 223 touchmove 199 34 0 0 0 playing 0
yes_i_am_playing 1582919354686 360 223 touchmove 199 34 0 0 0 playing 0
yes_i_am_playing 1582919354700 360 223 touchmove 199 34 0 0 0 playing 0
yes_i_am_playing 1582919354717 360 223 touchmove 200 34 0 0 0 playing 0
yes_i_am_playing 1582919354735 360 223 touchmove 200 34 0 0 0 playing 0
yes_i_am_playing 1582919354800 360 223 touchmove 201 34 0 0 0 playing 0
yes_i_am_playing 1582919354817 360 223 touchmove 201 34 0 0 0 playing 0
yes_i_am_playing 1582919354833 360 223 touchmove 202 34 0 0 0 playing 0
yes_i_am_playing 1582919354900 360 223 touchmove 202 34 0 0 0 playing 0
yes_i_am_playing 1582919354918 360 223 touchmove 203 34 0 0 0 playing 0
yes_i_am_playing 1582919354937 360 223 touchmove 203 34 0 0 0 playing 0
yes_i_am_playing 1582919354953 360 223 touchmove 204 34 0 0 0 playing 0
yes_i_am_playing 1582919354970 360 223 touchmove 204 34 0 0 0 playing 0
yes_i_am_playing 1582919354983 360 223 touchmove 205 34 0 0 0 playing 0
yes_i_am_playing 1582919355000 360 223 touchmove 206 35 0 0 0 playing 0
yes_i_am_playing 1582919355016 360 223 touchmove 207 35 0 0 0 playing 0
yes_i_am_playing 1582919355034 360 223 touchmove 209 35 0 0 0 playing 0
yes_i_am_playing 1582919355049 360 223 touchmove 211 36 0 0 0 playing 0
yes_i_am_playing 1582919355066 360 223 touchmove 214 36 0 0 0 playing 0
yes_i_am_playing 1582919355083 360 223 touchmove 218 37 0 0 0 playing 0
yes_i_am_playing 1582919355099 360 223 touchmove 222 38 0 0 0 playing 0
yes_i_am_playing 1582919355116 360 223 touchmove 225 38 0 0 0 playing 0
yes_i_am_playing 1582919355133 360 223 touchmove 229 38 0 0 0 playing 0
yes_i_am_playing 1582919355149 360 223 touchmove 232 38 0 0 0 playing 0
yes_i_am_playing 1582919355166 360 223 touchmove 237 38 0 0 0 playing 0
yes_i_am_playing 1582919355182 360 223 touchmove 243 39 0 0 0 playing 0
yes_i_am_playing 1582919355199 360 223 touchmove 248 39 0 0 0 playing 0
yes_i_am_playing 1582919355216 360 223 touchmove 253 39 0 0 0 playing 0
yes_i_am_playing 1582919355232 360 223 touchmove 257 39 0 0 0 playing 0
yes_i_am_playing 1582919355249 360 223 touchmove 262 38 0 0 0 playing 0
yes_i_am_playing 1582919355266 360 223 touchmove 267 38 0 0 0 playing 0
yes_i_am_playing 1582919355282 360 223 touchmove 271 38 0 0 0 playing 0
yes_i_am_playing 1582919355299 360 223 touchmove 273 38 0 0 0 playing 0
yes_i_am_playing 1582919355315 360 223 touchmove 275 38 0 0 0 playing 0
yes_i_am_playing 1582919355332 360 223 touchmove 277 38 0 0 0 playing 0
yes_i_am_playing 1582919355348 360 223 touchmove 277 38 0 0 0 playing 0
yes_i_am_playing 1582919355365 360 223 touchmove 277 39 0 0 0 playing 0
yes_i_am_playing 1582919355449 360 223 touchmove 278 39 0 0 0 playing 0
yes_i_am_playing 1582919355764 360 223 touchmove 278 39 0 0 0 playing 0
yes_i_am_playing 1582919355787 360 223 touchmove 278 40 0 0 0 playing 0
yes_i_am_playing 1582919355798 360 223 touchmove 278 40 0 0 0 playing 0
yes_i_am_playing 1582919355814 360 223 touchmove 278 42 0 0 0 playing 0
yes_i_am_playing 1582919355831 360 223 touchmove 278 43 0 0 0 playing 0
yes_i_am_playing 1582919355847 360 223 touchmove 278 45 0 0 0 playing 0
yes_i_am_playing 1582919355864 360 223 touchmove 277 47 0 0 0 playing 0
yes_i_am_playing 1582919355881 360 223 touchmove 277 51 0 0 0 playing 0
yes_i_am_playing 1582919355897 360 223 touchmove 277 56 0 0 0 playing 0
yes_i_am_playing 1582919355914 360 223 touchmove 276 60 0 0 0 playing 0
yes_i_am_playing 1582919355930 360 223 touchmove 275 66 0 0 0 playing 0
yes_i_am_playing 1582919355947 360 223 touchmove 274 71 0 0 0 playing 0
yes_i_am_playing 1582919355964 360 223 touchmove 272 77 0 0 0 playing 0
yes_i_am_playing 1582919355980 360 223 touchmove 271 81 0 0 0 playing 0
yes_i_am_playing 1582919355997 360 223 touchmove 270 86 0 0 0 playing 0
yes_i_am_playing 1582919356013 360 223 touchmove 269 89 0 0 0 playing 0
yes_i_am_playing 1582919356030 360 223 touchmove 269 94 0 0 0 playing 0
yes_i_am_playing 1582919356047 360 223 touchmove 269 99 0 0 0 playing 0
yes_i_am_playing 1582919356063 360 223 touchmove 268 104 0 0 0 playing 0
yes_i_am_playing 1582919356081 360 223 touchmove 268 109 0 0 0 playing 0
yes_i_am_playing 1582919356097 360 223 touchmove 267 115 0 0 0 playing 0
yes_i_am_playing 1582919356113 360 223 touchmove 266 120 0 0 0 playing 0
yes_i_am_playing 1582919356130 360 223 touchmove 265 125 0 0 0 playing 0
yes_i_am_playing 1582919356147 360 223 touchmove 264 129 0 0 0 playing 0
yes_i_am_playing 1582919356164 360 223 touchmove 263 132 0 0 0 playing 0
yes_i_am_playing 1582919356180 360 223 touchmove 263 136 0 0 0 playing 0
yes_i_am_playing 1582919356197 360 223 touchmove 262 139 0 0 0 playing 0
yes_i_am_playing 1582919356214 360 223 touchmove 262 142 0 0 0 playing 0
yes_i_am_playing 1582919356230 360 223 touchmove 262 143 0 0 0 playing 0
yes_i_am_playing 1582919356247 360 223 touchmove 262 145 0 0 0 playing 0
yes_i_am_playing 1582919356264 360 223 touchmove 261 149 0 0 0 playing 0
yes_i_am_playing 1582919356280 360 223 touchmove 261 151 0 0 0 playing 0
yes_i_am_playing 1582919356296 360 223 touchmove 261 153 0 0 0 playing 0
yes_i_am_playing 1582919356313 360 223 touchmove 261 154 0 0 0 playing 0
yes_i_am_playing 1582919356330 360 223 touchmove 260 155 0 0 0 playing 0
yes_i_am_playing 1582919356346 360 223 touchmove 260 156 0 0 0 playing 0
yes_i_am_playing 1582919356362 360 223 touchmove 260 157 0 0 0 playing 0
yes_i_am_playing 1582919356413 360 223 touchmove 260 157 0 0 0 playing 0
yes_i_am_playing 1582919356431 360 223 touchmove 259 158 0 0 0 playing 0
yes_i_am_playing 1582919356446 360 223 touchmove 257 158 0 0 0 playing 0
yes_i_am_playing 1582919356463 360 223 touchmove 255 158 0 0 0 playing 0
yes_i_am_playing 1582919356480 360 223 touchmove 250 156 0 0 0 playing 0
yes_i_am_playing 1582919356498 360 223 touchmove 244 154 0 0 0 playing 0
yes_i_am_playing 1582919356513 360 223 touchmove 238 151 0 0 0 playing 0
yes_i_am_playing 1582919356531 360 223 touchmove 230 146 0 0 0 playing 0
yes_i_am_playing 1582919356546 360 223 touchmove 223 142 0 0 0 playing 0
yes_i_am_playing 1582919356562 360 223 touchmove 215 136 0 0 0 playing 0
yes_i_am_playing 1582919356579 360 223 touchmove 208 131 0 0 0 playing 0
yes_i_am_playing 1582919356595 360 223 touchmove 201 126 0 0 0 playing 0
yes_i_am_playing 1582919356612 360 223 touchmove 195 121 0 0 0 playing 0
yes_i_am_playing 1582919356628 360 223 touchmove 190 116 0 0 0 playing 0
yes_i_am_playing 1582919356645 360 223 touchmove 185 111 0 0 0 playing 0
yes_i_am_playing 1582919356662 360 223 touchmove 181 107 0 0 0 playing 0
yes_i_am_playing 1582919356678 360 223 touchmove 178 103 0 0 0 playing 0
yes_i_am_playing 1582919356695 360 223 touchmove 174 99 0 0 0 playing 0
yes_i_am_playing 1582919356712 360 223 touchmove 172 95 0 0 0 playing 0
yes_i_am_playing 1582919356728 360 223 touchmove 171 91 0 0 0 playing 0
yes_i_am_playing 1582919356742 360 223 touchmove 171 89 0 0 0 playing 0
yes_i_am_playing 1582919356744 360 223 touchend 171 89 0 0 0 playing 0
rd_kosan_rf_walt 1582919361341 360 223 touchstart 135 27 0 0 0 rd 0
rd_kosan_rf_walt 1582919361354 360 223 touchmove 118 99 0 0 0 rd 0
rd_kosan_rf_walt 1582919361506 360 223 touchmove 117 99 0 0 0 rd 0
rd_kosan_rf_walt 1582919361510 360 223 touchend 117 99 0 0 0 rd 0
rd_kosan_rf_walt 1582920739553 360 223 touchstart 290 89 0 0 0 kosan 0
rd_kosan_rf_walt 1582920739635 360 223 touchmove 290 89 0 0 0 kosan 0
rd_kosan_rf_walt 1582920739652 360 223 touchmove 290 89 0 0 0 kosan 0
rd_kosan_rf_walt 1582920739662 360 223 touchmove 290 89 0 0 0 kosan 0
rd_kosan_rf_walt 1582920739676 360 223 touchmove 290 89 0 0 0 kosan 0
rd_kosan_rf_walt 1582920739693 360 223 touchmove 290 90 0 0 0 kosan 0
rd_kosan_rf_walt 1582920739710 360 223 touchmove 290 92 0 0 0 kosan 0
rd_kosan_rf_walt 1582920739727 360 223 touchmove 290 92 0 0 0 kosan 0
rd_kosan_rf_walt 1582920739743 360 223 touchmove 290 92 0 0 0 kosan 0
rd_kosan_rf_walt 1582920739759 360 223 touchmove 290 92 0 0 0 kosan 0
rd_kosan_rf_walt 1582920739808 360 223 touchmove 290 92 0 0 0 kosan 0
rd_kosan_rf_walt 1582920739826 360 223 touchmove 290 92 0 0 0 kosan 0
rd_kosan_rf_walt 1582920739841 360 223 touchmove 289 92 0 0 0 kosan 0
rd_kosan_rf_walt 1582920739858 360 223 touchmove 289 90 0 0 0 kosan 0
rd_kosan_rf_walt 1582920739876 360 223 touchmove 290 86 0 0 0 kosan 0
rd_kosan_rf_walt 1582920739891 360 223 touchmove 292 82 0 0 0 kosan 0
rd_kosan_rf_walt 1582920739908 360 223 touchmove 294 78 0 0 0 kosan 0
rd_kosan_rf_walt 1582920739924 360 223 touchmove 296 73 0 0 0 kosan 0
rd_kosan_rf_walt 1582920739941 360 223 touchmove 299 68 0 0 0 kosan 0
rd_kosan_rf_walt 1582920739958 360 223 touchmove 302 63 0 0 0 kosan 0
rd_kosan_rf_walt 1582920739974 360 223 touchmove 305 57 0 0 0 kosan 0
rd_kosan_rf_walt 1582920739991 360 223 touchmove 307 51 0 0 0 kosan 0
rd_kosan_rf_walt 1582920740008 360 223 touchmove 310 46 0 0 0 kosan 0
rd_kosan_rf_walt 1582920740024 360 223 touchmove 312 41 0 0 0 kosan 0
rd_kosan_rf_walt 1582920740041 360 223 touchmove 314 37 0 0 0 kosan 0
rd_kosan_rf_walt 1582920740058 360 223 touchmove 315 35 0 0 0 kosan 0
rd_kosan_rf_walt 1582920740074 360 223 touchmove 315 33 0 0 0 kosan 0
rd_kosan_rf_walt 1582920740091 360 223 touchmove 316 32 0 0 0 kosan 0
rd_kosan_rf_walt 1582920740108 360 223 touchmove 316 31 0 0 0 kosan 0
rd_kosan_rf_walt 1582920740124 360 223 touchmove 316 30 0 0 0 kosan 0
rd_kosan_rf_walt 1582920740154 360 223 touchmove 316 30 0 0 0 kosan 0
rd_kosan_rf_walt 1582920740224 360 223 touchmove 315 30 0 0 0 kosan 0
rd_kosan_rf_walt 1582920740240 360 223 touchmove 313 30 0 0 0 kosan 0
rd_kosan_rf_walt 1582920740257 360 223 touchmove 310 31 0 0 0 kosan 0
rd_kosan_rf_walt 1582920740274 360 223 touchmove 307 32 0 0 0 kosan 0
rd_kosan_rf_walt 1582920740291 360 223 touchmove 302 34 0 0 0 kosan 0
rd_kosan_rf_walt 1582920740307 360 223 touchmove 298 36 0 0 0 kosan 0
rd_kosan_rf_walt 1582920740324 360 223 touchmove 292 39 0 0 0 kosan 0
rd_kosan_rf_walt 1582920740340 360 223 touchmove 286 43 0 0 0 kosan 0
rd_kosan_rf_walt 1582920740358 360 223 touchmove 280 47 0 0 0 kosan 0
rd_kosan_rf_walt 1582920740374 360 223 touchmove 273 50 0 0 0 kosan 0
rd_kosan_rf_walt 1582920740390 360 223 touchmove 268 53 0 0 0 kosan 0
rd_kosan_rf_walt 1582920740407 360 223 touchmove 263 55 0 0 0 kosan 0
rd_kosan_rf_walt 1582920740423 360 223 touchmove 259 58 0 0 0 kosan 0
rd_kosan_rf_walt 1582920740439 360 223 touchmove 254 60 0 0 0 kosan 0
rd_kosan_rf_walt 1582920740456 360 223 touchmove 248 62 0 0 0 kosan 0
rd_kosan_rf_walt 1582920740473 360 223 touchmove 242 64 0 0 0 kosan 0
rd_kosan_rf_walt 1582920740490 360 223 touchmove 234 66 0 0 0 kosan 0
rd_kosan_rf_walt 1582920740506 360 223 touchmove 226 68 0 0 0 kosan 0
rd_kosan_rf_walt 1582920740522 360 223 touchmove 216 70 0 0 0 kosan 0
rd_kosan_rf_walt 1582920740540 360 223 touchmove 207 72 0 0 0 kosan 0
rd_kosan_rf_walt 1582920740558 360 223 touchmove 202 73 0 0 0 kosan 0
rd_kosan_rf_walt 1582920740573 360 223 touchmove 186 77 0 0 0 kosan 0
rd_kosan_rf_walt 1582920740589 360 223 touchmove 174 79 0 0 0 kosan 0
rd_kosan_rf_walt 1582920740607 360 223 touchmove 163 81 0 0 0 kosan 0
rd_kosan_rf_walt 1582920740624 360 223 touchmove 152 83 0 0 0 kosan 0
rd_kosan_rf_walt 1582920740640 360 223 touchmove 147 83 0 0 0 kosan 0
rd_kosan_rf_walt 1582920740657 360 223 touchmove 137 85 0 0 0 kosan 0
rd_kosan_rf_walt 1582920740673 360 223 touchmove 129 87 0 0 0 kosan 0
rd_kosan_rf_walt 1582920740689 360 223 touchmove 121 89 0 0 0 kosan 0
rd_kosan_rf_walt 1582920740706 360 223 touchmove 114 90 0 0 0 kosan 0
rd_kosan_rf_walt 1582920740722 360 223 touchmove 107 91 0 0 0 kosan 0
rd_kosan_rf_walt 1582920740740 360 223 touchmove 103 92 0 0 0 kosan 0
rd_kosan_rf_walt 1582920740755 360 223 touchmove 99 94 0 0 0 kosan 0
rd_kosan_rf_walt 1582920740773 360 223 touchmove 96 95 0 0 0 kosan 0
rd_kosan_rf_walt 1582920740789 360 223 touchmove 93 95 0 0 0 kosan 0
rd_kosan_rf_walt 1582920740805 360 223 touchmove 92 96 0 0 0 kosan 0
rd_kosan_rf_walt 1582920740826 360 223 touchmove 92 96 0 0 0 kosan 0
rd_kosan_rf_walt 1582920740840 360 223 touchmove 90 97 0 0 0 kosan 0
rd_kosan_rf_walt 1582920740856 360 223 touchmove 88 98 0 0 0 kosan 0
rd_kosan_rf_walt 1582920740873 360 223 touchmove 85 99 0 0 0 kosan 0
rd_kosan_rf_walt 1582920740888 360 223 touchmove 83 99 0 0 0 kosan 0
rd_kosan_rf_walt 1582920740905 360 223 touchmove 80 100 0 0 0 kosan 0
rd_kosan_rf_walt 1582920740922 360 223 touchmove 78 100 0 0 0 kosan 0
rd_kosan_rf_walt 1582920740938 360 223 touchmove 75 100 0 0 0 kosan 0
rd_kosan_rf_walt 1582920740955 360 223 touchmove 73 99 0 0 0 kosan 0
rd_kosan_rf_walt 1582920740973 360 223 touchmove 71 99 0 0 0 kosan 0
rd_kosan_rf_walt 1582920740991 360 223 touchmove 69 98 0 0 0 kosan 0
rd_kosan_rf_walt 1582920741006 360 223 touchmove 69 96 0 0 0 kosan 0
rd_kosan_rf_walt 1582920741021 360 223 touchmove 69 90 0 0 0 kosan 0
rd_kosan_rf_walt 1582920741039 360 223 touchmove 71 83 0 0 0 kosan 0
rd_kosan_rf_walt 1582920741055 360 223 touchmove 74 77 0 0 0 kosan 0
rd_kosan_rf_walt 1582920741071 360 223 touchmove 76 71 0 0 0 kosan 0
rd_kosan_rf_walt 1582920741088 360 223 touchmove 78 66 0 0 0 kosan 0
rd_kosan_rf_walt 1582920741104 360 223 touchmove 80 61 0 0 0 kosan 0
rd_kosan_rf_walt 1582920741123 360 223 touchmove 82 56 0 0 0 kosan 0
rd_kosan_rf_walt 1582920741138 360 223 touchmove 85 52 0 0 0 kosan 0
rd_kosan_rf_walt 1582920741154 360 223 touchmove 87 47 0 0 0 kosan 0
rd_kosan_rf_walt 1582920741171 360 223 touchmove 89 42 0 0 0 kosan 0
rd_kosan_rf_walt 1582920741188 360 223 touchmove 90 38 0 0 0 kosan 0
rd_kosan_rf_walt 1582920741204 360 223 touchmove 92 35 0 0 0 kosan 0
rd_kosan_rf_walt 1582920741221 360 223 touchmove 94 33 0 0 0 kosan 0
rd_kosan_rf_walt 1582920741237 360 223 touchmove 95 31 0 0 0 kosan 0
rd_kosan_rf_walt 1582920741254 360 223 touchmove 96 30 0 0 0 kosan 0
rd_kosan_rf_walt 1582920741271 360 223 touchmove 96 30 0 0 0 kosan 0
rd_kosan_rf_walt 1582920741321 360 223 touchmove 97 30 0 0 0 kosan 0
rd_kosan_rf_walt 1582920741344 360 223 touchmove 97 30 0 0 0 kosan 0
rd_kosan_rf_walt 1582920741370 360 223 touchmove 97 31 0 0 0 kosan 0
rd_kosan_rf_walt 1582920741388 360 223 touchmove 99 34 0 0 0 kosan 0
rd_kosan_rf_walt 1582920741404 360 223 touchmove 100 36 0 0 0 kosan 0
rd_kosan_rf_walt 1582920741423 360 223 touchmove 103 45 0 0 0 kosan 0
rd_kosan_rf_walt 1582920741439 360 223 touchmove 105 50 0 0 0 kosan 0
rd_kosan_rf_walt 1582920741454 360 223 touchmove 106 53 0 0 0 kosan 0
rd_kosan_rf_walt 1582920741470 360 223 touchmove 108 59 0 0 0 kosan 0
rd_kosan_rf_walt 1582920741487 360 223 touchmove 113 69 0 0 0 kosan 0
rd_kosan_rf_walt 1582920741505 360 223 touchmove 115 72 0 0 0 kosan 0
rd_kosan_rf_walt 1582920741520 360 223 touchmove 118 77 0 0 0 kosan 0
rd_kosan_rf_walt 1582920741537 360 223 touchmove 122 83 0 0 0 kosan 0
rd_kosan_rf_walt 1582920741555 360 223 touchmove 126 89 0 0 0 kosan 0
rd_kosan_rf_walt 1582920741571 360 223 touchmove 129 94 0 0 0 kosan 0
rd_kosan_rf_walt 1582920741587 360 223 touchmove 132 100 0 0 0 kosan 0
rd_kosan_rf_walt 1582920741603 360 223 touchmove 135 104 0 0 0 kosan 0
rd_kosan_rf_walt 1582920741622 360 223 touchmove 137 107 0 0 0 kosan 0
rd_kosan_rf_walt 1582920741637 360 223 touchmove 139 110 0 0 0 kosan 0
rd_kosan_rf_walt 1582920741654 360 223 touchmove 141 113 0 0 0 kosan 0
rd_kosan_rf_walt 1582920741670 360 223 touchmove 143 115 0 0 0 kosan 0
rd_kosan_rf_walt 1582920741687 360 223 touchmove 145 116 0 0 0 kosan 0
rd_kosan_rf_walt 1582920741704 360 223 touchmove 147 118 0 0 0 kosan 0
rd_kosan_rf_walt 1582920741720 360 223 touchmove 148 119 0 0 0 kosan 0
rd_kosan_rf_walt 1582920741736 360 223 touchmove 150 120 0 0 0 kosan 0
rd_kosan_rf_walt 1582920741753 360 223 touchmove 153 122 0 0 0 kosan 0
rd_kosan_rf_walt 1582920741769 360 223 touchmove 155 123 0 0 0 kosan 0
rd_kosan_rf_walt 1582920741786 360 223 touchmove 158 125 0 0 0 kosan 0
rd_kosan_rf_walt 1582920741803 360 223 touchmove 160 126 0 0 0 kosan 0
rd_kosan_rf_walt 1582920741820 360 223 touchmove 163 127 0 0 0 kosan 0
rd_kosan_rf_walt 1582920741837 360 223 touchmove 168 129 0 0 0 kosan 0
rd_kosan_rf_walt 1582920741854 360 223 touchmove 173 130 0 0 0 kosan 0
rd_kosan_rf_walt 1582920741869 360 223 touchmove 179 131 0 0 0 kosan 0
rd_kosan_rf_walt 1582920741886 360 223 touchmove 185 132 0 0 0 kosan 0
rd_kosan_rf_walt 1582920741902 360 223 touchmove 190 134 0 0 0 kosan 0
rd_kosan_rf_walt 1582920741919 360 223 touchmove 197 136 0 0 0 kosan 0
rd_kosan_rf_walt 1582920741936 360 223 touchmove 202 137 0 0 0 kosan 0
rd_kosan_rf_walt 1582920741952 360 223 touchmove 208 139 0 0 0 kosan 0
rd_kosan_rf_walt 1582920741969 360 223 touchmove 214 141 0 0 0 kosan 0
rd_kosan_rf_walt 1582920741985 360 223 touchmove 220 144 0 0 0 kosan 0
rd_kosan_rf_walt 1582920742002 360 223 touchmove 226 146 0 0 0 kosan 0
rd_kosan_rf_walt 1582920742019 360 223 touchmove 231 148 0 0 0 kosan 0
rd_kosan_rf_walt 1582920742036 360 223 touchmove 235 149 0 0 0 kosan 0
rd_kosan_rf_walt 1582920742052 360 223 touchmove 239 150 0 0 0 kosan 0
rd_kosan_rf_walt 1582920742069 360 223 touchmove 242 152 0 0 0 kosan 0
rd_kosan_rf_walt 1582920742088 360 223 touchmove 245 153 0 0 0 kosan 0
rd_kosan_rf_walt 1582920742104 360 223 touchmove 248 154 0 0 0 kosan 0
rd_kosan_rf_walt 1582920742119 360 223 touchmove 251 155 0 0 0 kosan 0
rd_kosan_rf_walt 1582920742135 360 223 touchmove 252 156 0 0 0 kosan 0
rd_kosan_rf_walt 1582920742152 360 223 touchmove 253 157 0 0 0 kosan 0
rd_kosan_rf_walt 1582920742169 360 223 touchmove 255 157 0 0 0 kosan 0
rd_kosan_rf_walt 1582920742185 360 223 touchmove 256 158 0 0 0 kosan 0
rd_kosan_rf_walt 1582920742202 360 223 touchmove 257 158 0 0 0 kosan 0
rd_kosan_rf_walt 1582920742219 360 223 touchmove 258 159 0 0 0 kosan 0
rd_kosan_rf_walt 1582920742235 360 223 touchmove 258 159 0 0 0 kosan 0
rd_kosan_rf_walt 1582920742252 360 223 touchmove 259 159 0 0 0 kosan 0
rd_kosan_rf_walt 1582920742268 360 223 touchmove 261 159 0 0 0 kosan 0
rd_kosan_rf_walt 1582920742271 360 223 touchend 261 159 0 0 0 kosan 0
rd_kosan_rf_walt 1582920744545 360 223 touchstart 130 31 0 0 0 rf 0
rd_kosan_rf_walt 1582920744662 360 223 touchmove 131 33 0 0 0 rf 0
rd_kosan_rf_walt 1582920744679 360 223 touchmove 132 37 0 0 0 rf 0
rd_kosan_rf_walt 1582920744695 360 223 touchmove 132 40 0 0 0 rf 0
rd_kosan_rf_walt 1582920744712 360 223 touchmove 133 44 0 0 0 rf 0
rd_kosan_rf_walt 1582920744728 360 223 touchmove 135 48 0 0 0 rf 0
rd_kosan_rf_walt 1582920744745 360 223 touchmove 137 54 0 0 0 rf 0
rd_kosan_rf_walt 1582920744761 360 223 touchmove 139 60 0 0 0 rf 0
rd_kosan_rf_walt 1582920744778 360 223 touchmove 142 66 0 0 0 rf 0
rd_kosan_rf_walt 1582920744795 360 223 touchmove 145 73 0 0 0 rf 0
rd_kosan_rf_walt 1582920744812 360 223 touchmove 147 79 0 0 0 rf 0
rd_kosan_rf_walt 1582920744830 360 223 touchmove 150 86 0 0 0 rf 0
rd_kosan_rf_walt 1582920744844 360 223 touchmove 152 93 0 0 0 rf 0
rd_kosan_rf_walt 1582920744862 360 223 touchmove 154 99 0 0 0 rf 0
rd_kosan_rf_walt 1582920744878 360 223 touchmove 155 105 0 0 0 rf 0
rd_kosan_rf_walt 1582920744895 360 223 touchmove 157 110 0 0 0 rf 0
rd_kosan_rf_walt 1582920744911 360 223 touchmove 158 113 0 0 0 rf 0
rd_kosan_rf_walt 1582920744928 360 223 touchmove 161 116 0 0 0 rf 0
rd_kosan_rf_walt 1582920744940 360 223 touchmove 162 118 0 0 0 rf 0
rd_kosan_rf_walt 1582920744943 360 223 touchend 162 118 0 0 0 rf 0
rd_kosan_rf_walt 1582920746627 360 223 touchstart 63 36 0 0 0 walt 0
rd_kosan_rf_walt 1582920746706 360 223 touchmove 63 36 0 0 0 walt 0
rd_kosan_rf_walt 1582920746772 360 223 touchmove 64 40 0 0 0 walt 0
rd_kosan_rf_walt 1582920746789 360 223 touchmove 65 44 0 0 0 walt 0
rd_kosan_rf_walt 1582920746806 360 223 touchmove 66 47 0 0 0 walt 0
rd_kosan_rf_walt 1582920746823 360 223 touchmove 67 48 0 0 0 walt 0
rd_kosan_rf_walt 1582920746839 360 223 touchmove 68 51 0 0 0 walt 0
rd_kosan_rf_walt 1582920746856 360 223 touchmove 70 55 0 0 0 walt 0
rd_kosan_rf_walt 1582920746873 360 223 touchmove 71 57 0 0 0 walt 0
rd_kosan_rf_walt 1582920746890 360 223 touchmove 72 58 0 0 0 walt 0
rd_kosan_rf_walt 1582920746906 360 223 touchmove 72 59 0 0 0 walt 0
rd_kosan_rf_walt 1582920746923 360 223 touchmove 72 61 0 0 0 walt 0
rd_kosan_rf_walt 1582920746940 360 223 touchmove 73 63 0 0 0 walt 0
rd_kosan_rf_walt 1582920746956 360 223 touchmove 73 64 0 0 0 walt 0
rd_kosan_rf_walt 1582920746973 360 223 touchmove 73 65 0 0 0 walt 0
rd_kosan_rf_walt 1582920746990 360 223 touchmove 73 67 0 0 0 walt 0
rd_kosan_rf_walt 1582920747007 360 223 touchmove 71 69 0 0 0 walt 0
rd_kosan_rf_walt 1582920747022 360 223 touchmove 69 72 0 0 0 walt 0
rd_kosan_rf_walt 1582920747042 360 223 touchmove 65 76 0 0 0 walt 0
rd_kosan_rf_walt 1582920747056 360 223 touchmove 62 80 0 0 0 walt 0
rd_kosan_rf_walt 1582920747072 360 223 touchmove 58 84 0 0 0 walt 0
rd_kosan_rf_walt 1582920747089 360 223 touchmove 56 87 0 0 0 walt 0
rd_kosan_rf_walt 1582920747106 360 223 touchmove 55 89 0 0 0 walt 0
rd_kosan_rf_walt 1582920747123 360 223 touchmove 54 90 0 0 0 walt 0
rd_kosan_rf_walt 1582920747138 360 223 touchmove 54 92 0 0 0 walt 0
rd_kosan_rf_walt 1582920747155 360 223 touchmove 54 93 0 0 0 walt 0
rd_kosan_rf_walt 1582920747172 360 223 touchmove 54 94 0 0 0 walt 0
rd_kosan_rf_walt 1582920747189 360 223 touchmove 54 95 0 0 0 walt 0
rd_kosan_rf_walt 1582920747205 360 223 touchmove 54 96 0 0 0 walt 0
rd_kosan_rf_walt 1582920747222 360 223 touchmove 54 96 0 0 0 walt 0
rd_kosan_rf_walt 1582920747239 360 223 touchmove 55 97 0 0 0 walt 0
rd_kosan_rf_walt 1582920747255 360 223 touchmove 56 97 0 0 0 walt 0
rd_kosan_rf_walt 1582920747272 360 223 touchmove 56 98 0 0 0 walt 0
rd_kosan_rf_walt 1582920747289 360 223 touchmove 57 98 0 0 0 walt 0
rd_kosan_rf_walt 1582920747305 360 223 touchmove 59 98 0 0 0 walt 0
rd_kosan_rf_walt 1582920747321 360 223 touchmove 63 98 0 0 0 walt 0
rd_kosan_rf_walt 1582920747338 360 223 touchmove 69 98 0 0 0 walt 0
rd_kosan_rf_walt 1582920747355 360 223 touchmove 75 96 0 0 0 walt 0
rd_kosan_rf_walt 1582920747373 360 223 touchmove 81 95 0 0 0 walt 0
rd_kosan_rf_walt 1582920747389 360 223 touchmove 88 93 0 0 0 walt 0
rd_kosan_rf_walt 1582920747407 360 223 touchmove 95 91 0 0 0 walt 0
rd_kosan_rf_walt 1582920747421 360 223 touchmove 103 90 0 0 0 walt 0
rd_kosan_rf_walt 1582920747438 360 223 touchmove 111 90 0 0 0 walt 0
rd_kosan_rf_walt 1582920747454 360 223 touchmove 119 89 0 0 0 walt 0
rd_kosan_rf_walt 1582920747471 360 223 touchmove 125 88 0 0 0 walt 0
rd_kosan_rf_walt 1582920747489 360 223 touchmove 131 87 0 0 0 walt 0
rd_kosan_rf_walt 1582920747505 360 223 touchmove 137 87 0 0 0 walt 0
rd_kosan_rf_walt 1582920747521 360 223 touchmove 142 86 0 0 0 walt 0
rd_kosan_rf_walt 1582920747537 360 223 touchmove 147 86 0 0 0 walt 0
rd_kosan_rf_walt 1582920747554 360 223 touchmove 152 85 0 0 0 walt 0
rd_kosan_rf_walt 1582920747573 360 223 touchmove 156 84 0 0 0 walt 0
rd_kosan_rf_walt 1582920747587 360 223 touchmove 160 83 0 0 0 walt 0
rd_kosan_rf_walt 1582920747604 360 223 touchmove 164 83 0 0 0 walt 0
rd_kosan_rf_walt 1582920747622 360 223 touchmove 167 83 0 0 0 walt 0
rd_kosan_rf_walt 1582920747637 360 223 touchmove 170 83 0 0 0 walt 0
rd_kosan_rf_walt 1582920747654 360 223 touchmove 173 83 0 0 0 walt 0
rd_kosan_rf_walt 1582920747670 360 223 touchmove 175 83 0 0 0 walt 0
rd_kosan_rf_walt 1582920747688 360 223 touchmove 178 83 0 0 0 walt 0
rd_kosan_rf_walt 1582920747705 360 223 touchmove 180 83 0 0 0 walt 0
rd_kosan_rf_walt 1582920747724 360 223 touchmove 182 83 0 0 0 walt 0
rd_kosan_rf_walt 1582920747738 360 223 touchmove 185 84 0 0 0 walt 0
rd_kosan_rf_walt 1582920747754 360 223 touchmove 187 84 0 0 0 walt 0
rd_kosan_rf_walt 1582920747771 360 223 touchmove 193 85 0 0 0 walt 0
rd_kosan_rf_walt 1582920747787 360 223 touchmove 194 85 0 0 0 walt 0
rd_kosan_rf_walt 1582920747806 360 223 touchmove 197 85 0 0 0 walt 0
rd_kosan_rf_walt 1582920747821 360 223 touchmove 200 86 0 0 0 walt 0
rd_kosan_rf_walt 1582920747837 360 223 touchmove 202 86 0 0 0 walt 0
rd_kosan_rf_walt 1582920747855 360 223 touchmove 204 86 0 0 0 walt 0
rd_kosan_rf_walt 1582920747871 360 223 touchmove 206 86 0 0 0 walt 0
rd_kosan_rf_walt 1582920747889 360 223 touchmove 208 86 0 0 0 walt 0
rd_kosan_rf_walt 1582920747904 360 223 touchmove 209 86 0 0 0 walt 0
rd_kosan_rf_walt 1582920747920 360 223 touchmove 211 87 0 0 0 walt 0
rd_kosan_rf_walt 1582920747937 360 223 touchmove 212 87 0 0 0 walt 0
rd_kosan_rf_walt 1582920747954 360 223 touchmove 214 87 0 0 0 walt 0
rd_kosan_rf_walt 1582920747970 360 223 touchmove 216 87 0 0 0 walt 0
rd_kosan_rf_walt 1582920747988 360 223 touchmove 219 87 0 0 0 walt 0
rd_kosan_rf_walt 1582920748004 360 223 touchmove 223 87 0 0 0 walt 0
rd_kosan_rf_walt 1582920748021 360 223 touchmove 227 87 0 0 0 walt 0
rd_kosan_rf_walt 1582920748036 360 223 touchmove 230 87 0 0 0 walt 0
rd_kosan_rf_walt 1582920748054 360 223 touchmove 234 87 0 0 0 walt 0
rd_kosan_rf_walt 1582920748071 360 223 touchmove 238 87 0 0 0 walt 0
rd_kosan_rf_walt 1582920748087 360 223 touchmove 243 88 0 0 0 walt 0
rd_kosan_rf_walt 1582920748104 360 223 touchmove 248 88 0 0 0 walt 0
rd_kosan_rf_walt 1582920748121 360 223 touchmove 255 89 0 0 0 walt 0
rd_kosan_rf_walt 1582920748136 360 223 touchmove 261 89 0 0 0 walt 0
rd_kosan_rf_walt 1582920748163 360 223 touchmove 267 90 0 0 0 walt 0
rd_kosan_rf_walt 1582920748172 360 223 touchmove 274 91 0 0 0 walt 0
rd_kosan_rf_walt 1582920748188 360 223 touchmove 281 93 0 0 0 walt 0
rd_kosan_rf_walt 1582920748203 360 223 touchmove 290 94 0 0 0 walt 0
rd_kosan_rf_walt 1582920748219 360 223 touchmove 299 94 0 0 0 walt 0
rd_kosan_rf_walt 1582920748237 360 223 touchmove 307 95 0 0 0 walt 0
rd_kosan_rf_walt 1582920748252 360 223 touchmove 314 95 0 0 0 walt 0
rd_kosan_rf_walt 1582920748268 360 223 touchmove 320 95 0 0 0 walt 0
rd_kosan_rf_walt 1582920748285 360 223 touchmove 323 95 0 0 0 walt 0
rd_kosan_rf_walt 1582920748302 360 223 touchmove 325 95 0 0 0 walt 0
rd_kosan_rf_walt 1582920748319 360 223 touchmove 327 94 0 0 0 walt 0
rd_kosan_rf_walt 1582920748335 360 223 touchmove 329 94 0 0 0 walt 0
rd_kosan_rf_walt 1582920748352 360 223 touchmove 330 94 0 0 0 walt 0
rd_kosan_rf_walt 1582920748368 360 223 touchmove 330 94 0 0 0 walt 0
rd_kosan_rf_walt 1582920748385 360 223 touchmove 331 93 0 0 0 walt 0
rd_kosan_rf_walt 1582920748435 360 223 touchmove 331 93 0 0 0 walt 0
rd_kosan_rf_walt 1582920748635 360 223 touchmove 331 93 0 0 0 walt 0
rd_kosan_rf_walt 1582920748653 360 223 touchmove 329 92 0 0 0 walt 0
rd_kosan_rf_walt 1582920748668 360 223 touchmove 326 90 0 0 0 walt 0
rd_kosan_rf_walt 1582920748686 360 223 touchmove 321 87 0 0 0 walt 0
rd_kosan_rf_walt 1582920748702 360 223 touchmove 317 84 0 0 0 walt 0
rd_kosan_rf_walt 1582920748718 360 223 touchmove 312 82 0 0 0 walt 0
rd_kosan_rf_walt 1582920748735 360 223 touchmove 308 79 0 0 0 walt 0
rd_kosan_rf_walt 1582920748752 360 223 touchmove 302 76 0 0 0 walt 0
rd_kosan_rf_walt 1582920748769 360 223 touchmove 295 72 0 0 0 walt 0
rd_kosan_rf_walt 1582920748785 360 223 touchmove 288 68 0 0 0 walt 0
rd_kosan_rf_walt 1582920748801 360 223 touchmove 280 65 0 0 0 walt 0
rd_kosan_rf_walt 1582920748818 360 223 touchmove 271 62 0 0 0 walt 0
rd_kosan_rf_walt 1582920748834 360 223 touchmove 262 59 0 0 0 walt 0
rd_kosan_rf_walt 1582920748850 360 223 touchmove 251 56 0 0 0 walt 0
rd_kosan_rf_walt 1582920748867 360 223 touchmove 237 52 0 0 0 walt 0
rd_kosan_rf_walt 1582920748885 360 223 touchmove 225 49 0 0 0 walt 0
rd_kosan_rf_walt 1582920748901 360 223 touchmove 213 47 0 0 0 walt 0
rd_kosan_rf_walt 1582920748917 360 223 touchmove 203 45 0 0 0 walt 0
rd_kosan_rf_walt 1582920748933 360 223 touchmove 195 43 0 0 0 walt 0
rd_kosan_rf_walt 1582920748950 360 223 touchmove 186 42 0 0 0 walt 0
rd_kosan_rf_walt 1582920748967 360 223 touchmove 177 40 0 0 0 walt 0
rd_kosan_rf_walt 1582920748984 360 223 touchmove 169 39 0 0 0 walt 0
rd_kosan_rf_walt 1582920749000 360 223 touchmove 164 39 0 0 0 walt 0
rd_kosan_rf_walt 1582920749017 360 223 touchmove 161 38 0 0 0 walt 0
rd_kosan_rf_walt 1582920749033 360 223 touchmove 158 38 0 0 0 walt 0
rd_kosan_rf_walt 1582920749050 360 223 touchmove 156 37 0 0 0 walt 0
rd_kosan_rf_walt 1582920749066 360 223 touchmove 154 37 0 0 0 walt 0
rd_kosan_rf_walt 1582920749083 360 223 touchmove 153 36 0 0 0 walt 0
rd_kosan_rf_walt 1582920749090 360 223 touchend 153 36 0 0 0 walt 0
