sentence timestamp keyb_width keyb_height event x_pos y_pos x_radius y_radius angle word is_err
are_you_being_a_baby 1581191380572 411 222 touchstart 41 87 1.1428571939468 1.1428571939468 0 are 0
are_you_being_a_baby 1581191380593 411 222 touchmove 40 87 2 2 0 are 0
are_you_being_a_baby 1581191380613 411 222 touchmove 39 87 2 2 0 are 0
are_you_being_a_baby 1581191380628 411 222 touchmove 38 87 2.2857143878937 2.2857143878937 0 are 0
are_you_being_a_baby 1581191380643 411 222 touchmove 38 87 2.2857143878937 2.2857143878937 0 are 0
are_you_being_a_baby 1581191380660 411 222 touchmove 38 88 2.2857143878937 2.2857143878937 0 are 0
are_you_being_a_baby 1581191380677 411 222 touchmove 37 88 2.2857143878937 2.2857143878937 0 are 0
are_you_being_a_baby 1581191380694 411 222 touchmove 37 88 2.5714290142059 2.5714290142059 0 are 0
are_you_being_a_baby 1581191380711 411 222 touchmove 38 88 2.5714290142059 2.5714290142059 0 are 0
are_you_being_a_baby 1581191380728 411 222 touchmove 42 88 2.8571429252625 2.8571429252625 0 are 0
are_you_being_a_baby 1581191380745 411 222 touchmove 50 85 2.8571429252625 2.8571429252625 0 are 0
are_you_being_a_baby 1581191380761 411 222 touchmove 58 82 2.5714290142059 2.5714290142059 0 are 0
are_you_being_a_baby 1581191380778 411 222 touchmove 66 79 2.5714290142059 2.5714290142059 0 are 0
are_you_being_a_baby 1581191380805 411 222 touchmove 79 73 2.5714290142059 2.5714290142059 0 are 0
are_you_being_a_baby 1581191380823 411 222 touchmove 86 71 2.5714290142059 2.5714290142059 0 are 0
are_you_being_a_baby 1581191380829 411 222 touchmove 90 69 2.8571429252625 2.8571429252625 0 are 0
are_you_being_a_baby 1581191380851 411 222 touchmove 99 65 2.5714290142059 2.5714290142059 0 are 0
are_you_being_a_baby 1581191380864 411 222 touchmove 102 64 2.5714290142059 2.5714290142059 0 are 0
are_you_being_a_baby 1581191380879 411 222 touchmove 106 62 3.1428575515747 3.1428575515747 0 are 0
are_you_being_a_baby 1581191380896 411 222 touchmove 111 60 2.8571429252625 2.8571429252625 0 are 0
are_you_being_a_baby 1581191380913 411 222 touchmove 115 57 2.8571429252625 2.8571429252625 0 are 0
are_you_being_a_baby 1581191380930 411 222 touchmove 121 54 2.5714290142059 2.5714290142059 0 are 0
are_you_being_a_baby 1581191380947 411 222 touchmove 126 51 2.2857143878937 2.2857143878937 0 are 0
are_you_being_a_baby 1581191380965 411 222 touchmove 131 48 2.8571429252625 2.8571429252625 0 are 0
are_you_being_a_baby 1581191380980 411 222 touchmove 137 45 2.8571429252625 2.8571429252625 0 are 0
are_you_being_a_baby 1581191380997 411 222 touchmove 142 43 2.5714290142059 2.5714290142059 0 are 0
are_you_being_a_baby 1581191381019 411 222 touchmove 149 39 2.8571429252625 2.8571429252625 0 are 0
are_you_being_a_baby 1581191381031 411 222 touchmove 150 39 2.8571429252625 2.8571429252625 0 are 0
are_you_being_a_baby 1581191381048 411 222 touchmove 154 37 2.8571429252625 2.8571429252625 0 are 0
are_you_being_a_baby 1581191381064 411 222 touchmove 157 35 2.8571429252625 2.8571429252625 0 are 0
are_you_being_a_baby 1581191381081 411 222 touchmove 158 34 3.1428575515747 3.1428575515747 0 are 0
are_you_being_a_baby 1581191381098 411 222 touchmove 159 33 2.8571429252625 2.8571429252625 0 are 0
are_you_being_a_baby 1581191381115 411 222 touchmove 159 32 2.8571429252625 2.8571429252625 0 are 0
are_you_being_a_baby 1581191381132 411 222 touchmove 160 32 2.8571429252625 2.8571429252625 0 are 0
are_you_being_a_baby 1581191381149 411 222 touchmove 160 31 2.8571429252625 2.8571429252625 0 are 0
are_you_being_a_baby 1581191381166 411 222 touchmove 161 31 2.8571429252625 2.8571429252625 0 are 0
are_you_being_a_baby 1581191381187 411 222 touchmove 161 30 2.8571429252625 2.8571429252625 0 are 0
are_you_being_a_baby 1581191381199 411 222 touchmove 161 30 3.1428575515747 3.1428575515747 0 are 0
are_you_being_a_baby 1581191381216 411 222 touchmove 161 29 2.8571429252625 2.8571429252625 0 are 0
are_you_being_a_baby 1581191381237 411 222 touchmove 161 29 2.8571429252625 2.8571429252625 0 are 0
are_you_being_a_baby 1581191381263 411 222 touchmove 161 28 2.8571429252625 2.8571429252625 0 are 0
are_you_being_a_baby 1581191381283 411 222 touchmove 160 28 2.8571429252625 2.8571429252625 0 are 0
are_you_being_a_baby 1581191381300 411 222 touchmove 159 28 2.5714290142059 2.5714290142059 0 are 0
are_you_being_a_baby 1581191381317 411 222 touchmove 159 27 2.8571429252625 2.8571429252625 0 are 0
are_you_being_a_baby 1581191381334 411 222 touchmove 158 27 2.5714290142059 2.5714290142059 0 are 0
are_you_being_a_baby 1581191381351 411 222 touchmove 155 26 2.5714290142059 2.5714290142059 0 are 0
are_you_being_a_baby 1581191381368 411 222 touchmove 151 26 2.8571429252625 2.8571429252625 0 are 0
are_you_being_a_baby 1581191381385 411 222 touchmove 147 27 3.1428575515747 3.1428575515747 0 are 0
are_you_being_a_baby 1581191381401 411 222 touchmove 141 28 3.1428575515747 3.1428575515747 0 are 0
are_you_being_a_baby 1581191381418 411 222 touchmove 134 29 2.8571429252625 2.8571429252625 0 are 0
are_you_being_a_baby 1581191381435 411 222 touchmove 128 31 2.8571429252625 2.8571429252625 0 are 0
are_you_being_a_baby 1581191381453 411 222 touchmove 123 32 2.8571429252625 2.8571429252625 0 are 0
are_you_being_a_baby 1581191381469 411 222 touchmove 119 33 3.1428575515747 3.1428575515747 0 are 0
are_you_being_a_baby 1581191381486 411 222 touchmove 115 35 3.4285719394684 3.4285719394684 0 are 0
are_you_being_a_baby 1581191381503 411 222 touchmove 111 36 3.1428575515747 3.1428575515747 0 are 0
are_you_being_a_baby 1581191381520 411 222 touchmove 109 36 3.1428575515747 3.1428575515747 0 are 0
are_you_being_a_baby 1581191381537 411 222 touchmove 108 37 3.1428575515747 3.1428575515747 0 are 0
are_you_being_a_baby 1581191381553 411 222 touchmove 107 37 3.1428575515747 3.1428575515747 0 are 0
are_you_being_a_baby 1581191381570 411 222 touchmove 106 37 3.1428575515747 3.1428575515747 0 are 0
are_you_being_a_baby 1581191381587 411 222 touchmove 106 37 3.1428575515747 3.1428575515747 0 are 0
are_you_being_a_baby 1581191381637 411 222 touchmove 105 37 3.1428575515747 3.1428575515747 0 are 0
are_you_being_a_baby 1581191381658 411 222 touchmove 105 37 3.4285719394684 3.4285719394684 0 are 0
are_you_being_a_baby 1581191381756 411 222 touchmove 106 37 3.4285719394684 3.4285719394684 0 are 0
are_you_being_a_baby 1581191381806 411 222 touchmove 106 37 3.4285719394684 3.4285719394684 0 are 0
are_you_being_a_baby 1581191381828 411 222 touchmove 106 37 3.4285719394684 3.4285719394684 0 are 0
are_you_being_a_baby 1581191381840 411 222 touchmove 106 37 3.1428575515747 3.1428575515747 0 are 0
are_you_being_a_baby 1581191381858 411 222 touchmove 106 37 3.1428575515747 3.1428575515747 0 are 0
are_you_being_a_baby 1581191381874 411 222 touchmove 106 37 3.4285719394684 3.4285719394684 0 are 0
are_you_being_a_baby 1581191381890 411 222 touchmove 106 37 3.1428575515747 3.1428575515747 0 are 0
are_you_being_a_baby 1581191381908 411 222 touchmove 107 37 3.4285719394684 3.4285719394684 0 are 0
are_you_being_a_baby 1581191381958 411 222 touchmove 107 37 3.4285719394684 3.4285719394684 0 are 0
are_you_being_a_baby 1581191381975 411 222 touchmove 107 37 3.1428575515747 3.1428575515747 0 are 0
are_you_being_a_baby 1581191381992 411 222 touchmove 108 37 3.1428575515747 3.1428575515747 0 are 0
are_you_being_a_baby 1581191382014 411 222 touchmove 108 38 3.1428575515747 3.1428575515747 0 are 0
are_you_being_a_baby 1581191382026 411 222 touchmove 109 38 3.1428575515747 3.1428575515747 0 are 0
are_you_being_a_baby 1581191382046 411 222 touchmove 109 38 3.1428575515747 3.1428575515747 0 are 0
are_you_being_a_baby 1581191382059 411 222 touchmove 109 39 3.1428575515747 3.1428575515747 0 are 0
are_you_being_a_baby 1581191382076 411 222 touchmove 110 39 3.1428575515747 3.1428575515747 0 are 0
are_you_being_a_baby 1581191382092 411 222 touchmove 110 39 3.1428575515747 3.1428575515747 0 are 0
are_you_being_a_baby 1581191382109 411 222 touchmove 111 39 2.8571429252625 2.8571429252625 0 are 0
are_you_being_a_baby 1581191382126 411 222 touchmove 111 40 2.8571429252625 2.8571429252625 0 are 0
are_you_being_a_baby 1581191382143 411 222 touchmove 112 41 2.8571429252625 2.8571429252625 0 are 0
are_you_being_a_baby 1581191382160 411 222 touchmove 113 41 2.5714290142059 2.5714290142059 0 are 0
are_you_being_a_baby 1581191382177 411 222 touchmove 114 43 2.2857143878937 2.2857143878937 0 are 0
are_you_being_a_baby 1581191382194 411 222 touchmove 116 44 2.5714290142059 2.5714290142059 0 are 0
are_you_being_a_baby 1581191382210 411 222 touchmove 118 46 2.5714290142059 2.5714290142059 0 are 0
are_you_being_a_baby 1581191382227 411 222 touchmove 121 48 2.5714290142059 2.5714290142059 0 are 0
are_you_being_a_baby 1581191382250 411 222 touchmove 122 49 2.5714290142059 2.5714290142059 0 are 0
are_you_being_a_baby 1581191382266 411 222 touchmove 125 51 2.2857143878937 2.2857143878937 0 are 0
are_you_being_a_baby 1581191382278 411 222 touchmove 127 52 2.2857143878937 2.2857143878937 0 are 0
are_you_being_a_baby 1581191382295 411 222 touchmove 129 54 2.8571429252625 2.8571429252625 0 are 0
are_you_being_a_baby 1581191382311 411 222 touchmove 131 55 2.8571429252625 2.8571429252625 0 are 0
are_you_being_a_baby 1581191382328 411 222 touchmove 133 56 2.8571429252625 2.8571429252625 0 are 0
are_you_being_a_baby 1581191382346 411 222 touchmove 134 57 2.8571429252625 2.8571429252625 0 are 0
are_you_being_a_baby 1581191382362 411 222 touchmove 134 58 2.8571429252625 2.8571429252625 0 are 0
are_you_being_a_baby 1581191382379 411 222 touchmove 135 59 2.8571429252625 2.8571429252625 0 are 0
are_you_being_a_baby 1581191382396 411 222 touchmove 136 59 3.1428575515747 3.1428575515747 0 are 0
are_you_being_a_baby 1581191382418 411 222 touchmove 136 59 2.8571429252625 2.8571429252625 0 are 0
are_you_being_a_baby 1581191382431 411 222 touchmove 137 60 2.8571429252625 2.8571429252625 0 are 0
are_you_being_a_baby 1581191382448 411 222 touchmove 137 60 3.1428575515747 3.1428575515747 0 are 0
are_you_being_a_baby 1581191382464 411 222 touchmove 138 60 3.1428575515747 3.1428575515747 0 are 0
are_you_being_a_baby 1581191382480 411 222 touchmove 138 60 3.1428575515747 3.1428575515747 0 are 0
are_you_being_a_baby 1581191382503 411 222 touchmove 138 60 3.1428575515747 3.1428575515747 0 are 0
are_you_being_a_baby 1581191382517 411 222 touchmove 139 60 3.1428575515747 3.1428575515747 0 are 0
are_you_being_a_baby 1581191382531 411 222 touchmove 139 61 3.1428575515747 3.1428575515747 0 are 0
are_you_being_a_baby 1581191382551 411 222 touchmove 139 61 3.1428575515747 3.1428575515747 0 are 0
are_you_being_a_baby 1581191382632 411 222 touchmove 139 61 3.1428575515747 3.1428575515747 0 are 0
are_you_being_a_baby 1581191382649 411 222 touchmove 139 60 3.1428575515747 3.1428575515747 0 are 0
are_you_being_a_baby 1581191382665 411 222 touchmove 138 60 3.1428575515747 3.1428575515747 0 are 0
are_you_being_a_baby 1581191382716 411 222 touchmove 138 60 3.1428575515747 3.1428575515747 0 are 0
are_you_being_a_baby 1581191382852 411 222 touchmove 138 60 1.1428571939468 1.1428571939468 0 are 0
are_you_being_a_baby 1581191382875 411 222 touchend 138 60 1.1428571939468 1.1428571939468 0 are 0
are_you_being_a_baby 1581191384484 411 222 touchstart 221 27 1.4285714626312 1.4285714626312 0 you 0
are_you_being_a_baby 1581191384501 411 222 touchmove 221 27 2.2857143878937 2.2857143878937 0 you 0
are_you_being_a_baby 1581191384518 411 222 touchmove 220 28 2.2857143878937 2.2857143878937 0 you 0
are_you_being_a_baby 1581191384535 411 222 touchmove 220 29 2.2857143878937 2.2857143878937 0 you 0
are_you_being_a_baby 1581191384551 411 222 touchmove 221 29 2.2857143878937 2.2857143878937 0 you 0
are_you_being_a_baby 1581191384568 411 222 touchmove 221 30 2.2857143878937 2.2857143878937 0 you 0
are_you_being_a_baby 1581191384585 411 222 touchmove 225 32 2.5714290142059 2.5714290142059 0 you 0
are_you_being_a_baby 1581191384602 411 222 touchmove 230 34 2 2 0 you 0
are_you_being_a_baby 1581191384619 411 222 touchmove 237 37 2.2857143878937 2.2857143878937 0 you 0
are_you_being_a_baby 1581191384636 411 222 touchmove 243 39 2.2857143878937 2.2857143878937 0 you 0
are_you_being_a_baby 1581191384653 411 222 touchmove 251 41 2 2 0 you 0
are_you_being_a_baby 1581191384670 411 222 touchmove 258 43 2 2 0 you 0
are_you_being_a_baby 1581191384686 411 222 touchmove 265 44 2.2857143878937 2.2857143878937 0 you 0
are_you_being_a_baby 1581191384703 411 222 touchmove 272 44 2 2 0 you 0
are_you_being_a_baby 1581191384720 411 222 touchmove 281 44 2 2 0 you 0
are_you_being_a_baby 1581191384738 411 222 touchmove 289 43 2 2 0 you 0
are_you_being_a_baby 1581191384754 411 222 touchmove 299 42 2 2 0 you 0
are_you_being_a_baby 1581191384771 411 222 touchmove 309 41 2.2857143878937 2.2857143878937 0 you 0
are_you_being_a_baby 1581191384788 411 222 touchmove 318 40 2 2 0 you 0
are_you_being_a_baby 1581191384804 411 222 touchmove 326 39 2 2 0 you 0
are_you_being_a_baby 1581191384821 411 222 touchmove 333 39 1.7142859697342 1.7142859697342 0 you 0
are_you_being_a_baby 1581191384838 411 222 touchmove 338 37 2.2857143878937 2.2857143878937 0 you 0
are_you_being_a_baby 1581191384855 411 222 touchmove 343 37 2.2857143878937 2.2857143878937 0 you 0
are_you_being_a_baby 1581191384873 411 222 touchmove 346 36 2 2 0 you 0
are_you_being_a_baby 1581191384899 411 222 touchmove 349 35 2 2 0 you 0
are_you_being_a_baby 1581191384908 411 222 touchmove 351 34 2 2 0 you 0
are_you_being_a_baby 1581191384923 411 222 touchmove 352 33 2.2857143878937 2.2857143878937 0 you 0
are_you_being_a_baby 1581191384939 411 222 touchmove 353 32 2.2857143878937 2.2857143878937 0 you 0
are_you_being_a_baby 1581191384957 411 222 touchmove 354 31 2.2857143878937 2.2857143878937 0 you 0
are_you_being_a_baby 1581191384974 411 222 touchmove 355 30 2.2857143878937 2.2857143878937 0 you 0
are_you_being_a_baby 1581191384994 411 222 touchmove 355 29 2.2857143878937 2.2857143878937 0 you 0
are_you_being_a_baby 1581191385008 411 222 touchmove 355 27 2.2857143878937 2.2857143878937 0 you 0
are_you_being_a_baby 1581191385026 411 222 touchmove 354 25 2.2857143878937 2.2857143878937 0 you 0
are_you_being_a_baby 1581191385041 411 222 touchmove 351 22 2.2857143878937 2.2857143878937 0 you 0
are_you_being_a_baby 1581191385057 411 222 touchmove 348 20 2.5714290142059 2.5714290142059 0 you 0
are_you_being_a_baby 1581191385074 411 222 touchmove 343 19 2.2857143878937 2.2857143878937 0 you 0
are_you_being_a_baby 1581191385091 411 222 touchmove 339 17 2.2857143878937 2.2857143878937 0 you 0
are_you_being_a_baby 1581191385108 411 222 touchmove 334 17 2.2857143878937 2.2857143878937 0 you 0
are_you_being_a_baby 1581191385125 411 222 touchmove 328 16 2.5714290142059 2.5714290142059 0 you 0
are_you_being_a_baby 1581191385144 411 222 touchmove 322 17 2.5714290142059 2.5714290142059 0 you 0
are_you_being_a_baby 1581191385159 411 222 touchmove 316 17 2.2857143878937 2.2857143878937 0 you 0
are_you_being_a_baby 1581191385175 411 222 touchmove 311 17 2.5714290142059 2.5714290142059 0 you 0
are_you_being_a_baby 1581191385192 411 222 touchmove 305 18 2.5714290142059 2.5714290142059 0 you 0
are_you_being_a_baby 1581191385209 411 222 touchmove 299 19 2.2857143878937 2.2857143878937 0 you 0
are_you_being_a_baby 1581191385226 411 222 touchmove 292 20 2.5714290142059 2.5714290142059 0 you 0
are_you_being_a_baby 1581191385243 411 222 touchmove 286 21 2.5714290142059 2.5714290142059 0 you 0
are_you_being_a_baby 1581191385260 411 222 touchmove 279 23 2.2857143878937 2.2857143878937 0 you 0
are_you_being_a_baby 1581191385277 411 222 touchmove 274 24 2.2857143878937 2.2857143878937 0 you 0
are_you_being_a_baby 1581191385295 411 222 touchmove 270 26 2.2857143878937 2.2857143878937 0 you 0
are_you_being_a_baby 1581191385311 411 222 touchmove 267 27 2.2857143878937 2.2857143878937 0 you 0
are_you_being_a_baby 1581191385331 411 222 touchmove 264 28 2.2857143878937 2.2857143878937 0 you 0
are_you_being_a_baby 1581191385344 411 222 touchmove 262 30 2.5714290142059 2.5714290142059 0 you 0
are_you_being_a_baby 1581191385361 411 222 touchmove 260 31 2.2857143878937 2.2857143878937 0 you 0
are_you_being_a_baby 1581191385378 411 222 touchmove 258 32 2.5714290142059 2.5714290142059 0 you 0
are_you_being_a_baby 1581191385394 411 222 touchmove 258 33 2.5714290142059 2.5714290142059 0 you 0
are_you_being_a_baby 1581191385411 411 222 touchmove 257 33 2.5714290142059 2.5714290142059 0 you 0
are_you_being_a_baby 1581191385428 411 222 touchmove 258 34 2.2857143878937 2.2857143878937 0 you 0
are_you_being_a_baby 1581191385445 411 222 touchmove 258 35 2.2857143878937 2.2857143878937 0 you 0
are_you_being_a_baby 1581191385462 411 222 touchmove 258 35 2.2857143878937 2.2857143878937 0 you 0
are_you_being_a_baby 1581191385479 411 222 touchmove 258 35 2.2857143878937 2.2857143878937 0 you 0
are_you_being_a_baby 1581191385540 411 222 touchmove 259 36 2.2857143878937 2.2857143878937 0 you 0
are_you_being_a_baby 1581191385546 411 222 touchmove 261 36 2 2 0 you 0
are_you_being_a_baby 1581191385564 411 222 touchmove 261 37 2.2857143878937 2.2857143878937 0 you 0
are_you_being_a_baby 1581191385580 411 222 touchmove 262 37 2.2857143878937 2.2857143878937 0 you 0
are_you_being_a_baby 1581191385596 411 222 touchmove 262 37 2.2857143878937 2.2857143878937 0 you 0
are_you_being_a_baby 1581191385612 411 222 touchmove 263 37 2.2857143878937 2.2857143878937 0 you 0
are_you_being_a_baby 1581191385630 411 222 touchmove 263 38 2.2857143878937 2.2857143878937 0 you 0
are_you_being_a_baby 1581191385663 411 222 touchmove 265 39 2.5714290142059 2.5714290142059 0 you 0
are_you_being_a_baby 1581191385680 411 222 touchmove 265 39 2.5714290142059 2.5714290142059 0 you 0
are_you_being_a_baby 1581191385697 411 222 touchmove 267 39 2.5714290142059 2.5714290142059 0 you 0
are_you_being_a_baby 1581191385713 411 222 touchmove 268 40 2.5714290142059 2.5714290142059 0 you 0
are_you_being_a_baby 1581191385730 411 222 touchmove 269 40 2.5714290142059 2.5714290142059 0 you 0
are_you_being_a_baby 1581191385747 411 222 touchmove 270 40 2.5714290142059 2.5714290142059 0 you 0
are_you_being_a_baby 1581191385764 411 222 touchmove 271 40 2.5714290142059 2.5714290142059 0 you 0
are_you_being_a_baby 1581191385781 411 222 touchmove 272 40 2.8571429252625 2.8571429252625 0 you 0
are_you_being_a_baby 1581191385802 411 222 touchmove 273 40 2.8571429252625 2.8571429252625 0 you 0
are_you_being_a_baby 1581191385848 411 222 touchmove 273 40 2.8571429252625 2.8571429252625 0 you 0
are_you_being_a_baby 1581191385865 411 222 touchmove 274 40 2.8571429252625 2.8571429252625 0 you 0
are_you_being_a_baby 1581191385915 411 222 touchmove 273 40 2.8571429252625 2.8571429252625 0 you 0
are_you_being_a_baby 1581191385946 411 222 touchmove 273 40 2.8571429252625 2.8571429252625 0 you 0
are_you_being_a_baby 1581191385970 411 222 touchmove 272 40 2.5714290142059 2.5714290142059 0 you 0
are_you_being_a_baby 1581191385983 411 222 touchmove 272 40 2.2857143878937 2.2857143878937 0 you 0
are_you_being_a_baby 1581191385999 411 222 touchmove 272 40 0.8571429848671 0.8571429848671 0 you 0
are_you_being_a_baby 1581191386006 411 222 touchend 272 40 0.8571429848671 0.8571429848671 0 you 0
are_you_being_a_baby 1581191387178 411 222 touchstart 244 144 0.8571429848671 0.8571429848671 0 being 0
are_you_being_a_baby 1581191387196 411 222 touchmove 244 144 1.4285714626312 1.4285714626312 0 being 0
are_you_being_a_baby 1581191387213 411 222 touchmove 244 143 1.7142859697342 1.7142859697342 0 being 0
are_you_being_a_baby 1581191387229 411 222 touchmove 244 142 1.7142859697342 1.7142859697342 0 being 0
are_you_being_a_baby 1581191387246 411 222 touchmove 244 139 1.7142859697342 1.7142859697342 0 being 0
are_you_being_a_baby 1581191387263 411 222 touchmove 244 136 1.7142859697342 1.7142859697342 0 being 0
are_you_being_a_baby 1581191387280 411 222 touchmove 243 134 1.7142859697342 1.7142859697342 0 being 0
are_you_being_a_baby 1581191387297 411 222 touchmove 242 131 1.7142859697342 1.7142859697342 0 being 0
are_you_being_a_baby 1581191387314 411 222 touchmove 240 128 2 2 0 being 0
are_you_being_a_baby 1581191387331 411 222 touchmove 237 124 1.7142859697342 1.7142859697342 0 being 0
are_you_being_a_baby 1581191387347 411 222 touchmove 233 120 2 2 0 being 0
are_you_being_a_baby 1581191387364 411 222 touchmove 229 115 1.7142859697342 1.7142859697342 0 being 0
are_you_being_a_baby 1581191387381 411 222 touchmove 225 111 2 2 0 being 0
are_you_being_a_baby 1581191387398 411 222 touchmove 221 107 2 2 0 being 0
are_you_being_a_baby 1581191387415 411 222 touchmove 217 104 2 2 0 being 0
are_you_being_a_baby 1581191387432 411 222 touchmove 213 101 2 2 0 being 0
are_you_being_a_baby 1581191387448 411 222 touchmove 208 98 2.2857143878937 2.2857143878937 0 being 0
are_you_being_a_baby 1581191387465 411 222 touchmove 203 94 2.2857143878937 2.2857143878937 0 being 0
are_you_being_a_baby 1581191387482 411 222 touchmove 198 89 2 2 0 being 0
are_you_being_a_baby 1581191387499 411 222 touchmove 191 84 2.5714290142059 2.5714290142059 0 being 0
are_you_being_a_baby 1581191387516 411 222 touchmove 185 79 2.2857143878937 2.2857143878937 0 being 0
are_you_being_a_baby 1581191387533 411 222 touchmove 178 73 2.2857143878937 2.2857143878937 0 being 0
are_you_being_a_baby 1581191387550 411 222 touchmove 173 68 2 2 0 being 0
are_you_being_a_baby 1581191387569 411 222 touchmove 167 63 2.5714290142059 2.5714290142059 0 being 0
are_you_being_a_baby 1581191387583 411 222 touchmove 161 59 2.2857143878937 2.2857143878937 0 being 0
are_you_being_a_baby 1581191387600 411 222 touchmove 154 55 2.2857143878937 2.2857143878937 0 being 0
are_you_being_a_baby 1581191387617 411 222 touchmove 146 51 2.2857143878937 2.2857143878937 0 being 0
are_you_being_a_baby 1581191387635 411 222 touchmove 138 48 2.2857143878937 2.2857143878937 0 being 0
are_you_being_a_baby 1581191387650 411 222 touchmove 131 44 2.2857143878937 2.2857143878937 0 being 0
are_you_being_a_baby 1581191387667 411 222 touchmove 125 40 2.2857143878937 2.2857143878937 0 being 0
are_you_being_a_baby 1581191387685 411 222 touchmove 119 37 2.8571429252625 2.8571429252625 0 being 0
are_you_being_a_baby 1581191387706 411 222 touchmove 114 35 2.2857143878937 2.2857143878937 0 being 0
are_you_being_a_baby 1581191387718 411 222 touchmove 108 33 2.5714290142059 2.5714290142059 0 being 0
are_you_being_a_baby 1581191387735 411 222 touchmove 103 32 2.5714290142059 2.5714290142059 0 being 0
are_you_being_a_baby 1581191387751 411 222 touchmove 99 31 2.8571429252625 2.8571429252625 0 being 0
are_you_being_a_baby 1581191387768 411 222 touchmove 97 32 2.8571429252625 2.8571429252625 0 being 0
are_you_being_a_baby 1581191387785 411 222 touchmove 95 33 2.8571429252625 2.8571429252625 0 being 0
are_you_being_a_baby 1581191387802 411 222 touchmove 95 35 3.4285719394684 3.4285719394684 0 being 0
are_you_being_a_baby 1581191387819 411 222 touchmove 95 37 3.1428575515747 3.1428575515747 0 being 0
are_you_being_a_baby 1581191387836 411 222 touchmove 96 38 3.1428575515747 3.1428575515747 0 being 0
are_you_being_a_baby 1581191387853 411 222 touchmove 96 39 3.1428575515747 3.1428575515747 0 being 0
are_you_being_a_baby 1581191387869 411 222 touchmove 97 40 2.5714290142059 2.5714290142059 0 being 0
are_you_being_a_baby 1581191387886 411 222 touchmove 97 41 2.2857143878937 2.2857143878937 0 being 0
are_you_being_a_baby 1581191387903 411 222 touchmove 98 43 2.2857143878937 2.2857143878937 0 being 0
are_you_being_a_baby 1581191387920 411 222 touchmove 99 44 2.2857143878937 2.2857143878937 0 being 0
are_you_being_a_baby 1581191387937 411 222 touchmove 101 45 2.2857143878937 2.2857143878937 0 being 0
are_you_being_a_baby 1581191387954 411 222 touchmove 102 45 2.2857143878937 2.2857143878937 0 being 0
are_you_being_a_baby 1581191387971 411 222 touchmove 103 47 2.2857143878937 2.2857143878937 0 being 0
are_you_being_a_baby 1581191387987 411 222 touchmove 106 48 2.2857143878937 2.2857143878937 0 being 0
are_you_being_a_baby 1581191388004 411 222 touchmove 109 49 2.2857143878937 2.2857143878937 0 being 0
are_you_being_a_baby 1581191388021 411 222 touchmove 114 49 2.5714290142059 2.5714290142059 0 being 0
are_you_being_a_baby 1581191388038 411 222 touchmove 118 50 2.2857143878937 2.2857143878937 0 being 0
are_you_being_a_baby 1581191388055 411 222 touchmove 123 50 2.2857143878937 2.2857143878937 0 being 0
are_you_being_a_baby 1581191388072 411 222 touchmove 127 49 2.2857143878937 2.2857143878937 0 being 0
are_you_being_a_baby 1581191388088 411 222 touchmove 131 49 2.2857143878937 2.2857143878937 0 being 0
are_you_being_a_baby 1581191388105 411 222 touchmove 134 49 2.2857143878937 2.2857143878937 0 being 0
are_you_being_a_baby 1581191388122 411 222 touchmove 138 48 2.5714290142059 2.5714290142059 0 being 0
are_you_being_a_baby 1581191388139 411 222 touchmove 139 48 2.5714290142059 2.5714290142059 0 being 0
are_you_being_a_baby 1581191388156 411 222 touchmove 142 47 2.2857143878937 2.2857143878937 0 being 0
are_you_being_a_baby 1581191388173 411 222 touchmove 145 47 2.2857143878937 2.2857143878937 0 being 0
are_you_being_a_baby 1581191388190 411 222 touchmove 149 47 2.2857143878937 2.2857143878937 0 being 0
are_you_being_a_baby 1581191388206 411 222 touchmove 154 46 2.2857143878937 2.2857143878937 0 being 0
are_you_being_a_baby 1581191388223 411 222 touchmove 159 46 2.2857143878937 2.2857143878937 0 being 0
are_you_being_a_baby 1581191388240 411 222 touchmove 166 45 2.2857143878937 2.2857143878937 0 being 0
are_you_being_a_baby 1581191388258 411 222 touchmove 174 44 2 2 0 being 0
are_you_being_a_baby 1581191388274 411 222 touchmove 184 43 2.2857143878937 2.2857143878937 0 being 0
are_you_being_a_baby 1581191388291 411 222 touchmove 201 43 2 2 0 being 0
are_you_being_a_baby 1581191388308 411 222 touchmove 215 41 2.2857143878937 2.2857143878937 0 being 0
are_you_being_a_baby 1581191388325 411 222 touchmove 224 40 2.2857143878937 2.2857143878937 0 being 0
are_you_being_a_baby 1581191388342 411 222 touchmove 231 37 2.2857143878937 2.2857143878937 0 being 0
are_you_being_a_baby 1581191388358 411 222 touchmove 240 35 2.2857143878937 2.2857143878937 0 being 0
are_you_being_a_baby 1581191388375 411 222 touchmove 249 31 2.2857143878937 2.2857143878937 0 being 0
are_you_being_a_baby 1581191388392 411 222 touchmove 257 27 2.2857143878937 2.2857143878937 0 being 0
are_you_being_a_baby 1581191388408 411 222 touchmove 265 23 2.2857143878937 2.2857143878937 0 being 0
are_you_being_a_baby 1581191388425 411 222 touchmove 271 20 2.2857143878937 2.2857143878937 0 being 0
are_you_being_a_baby 1581191388442 411 222 touchmove 278 17 2.5714290142059 2.5714290142059 0 being 0
are_you_being_a_baby 1581191388459 411 222 touchmove 285 15 2 2 0 being 0
are_you_being_a_baby 1581191388476 411 222 touchmove 290 12 2.2857143878937 2.2857143878937 0 being 0
are_you_being_a_baby 1581191388493 411 222 touchmove 295 11 2.2857143878937 2.2857143878937 0 being 0
are_you_being_a_baby 1581191388510 411 222 touchmove 297 10 2.2857143878937 2.2857143878937 0 being 0
are_you_being_a_baby 1581191388526 411 222 touchmove 298 9 2.2857143878937 2.2857143878937 0 being 0
are_you_being_a_baby 1581191388543 411 222 touchmove 299 9 2.5714290142059 2.5714290142059 0 being 0
are_you_being_a_baby 1581191388564 411 222 touchmove 299 9 2.5714290142059 2.5714290142059 0 being 0
are_you_being_a_baby 1581191388594 411 222 touchmove 298 9 2.5714290142059 2.5714290142059 0 being 0
are_you_being_a_baby 1581191388610 411 222 touchmove 298 10 2.8571429252625 2.8571429252625 0 being 0
are_you_being_a_baby 1581191388627 411 222 touchmove 298 11 2.8571429252625 2.8571429252625 0 being 0
are_you_being_a_baby 1581191388645 411 222 touchmove 297 13 2.2857143878937 2.2857143878937 0 being 0
are_you_being_a_baby 1581191388661 411 222 touchmove 295 16 2 2 0 being 0
are_you_being_a_baby 1581191388678 411 222 touchmove 293 20 2.2857143878937 2.2857143878937 0 being 0
are_you_being_a_baby 1581191388695 411 222 touchmove 290 27 1.7142859697342 1.7142859697342 0 being 0
are_you_being_a_baby 1581191388712 411 222 touchmove 289 35 1.7142859697342 1.7142859697342 0 being 0
are_you_being_a_baby 1581191388729 411 222 touchmove 288 40 2 2 0 being 0
are_you_being_a_baby 1581191388746 411 222 touchmove 287 46 2.2857143878937 2.2857143878937 0 being 0
are_you_being_a_baby 1581191388762 411 222 touchmove 287 51 1.7142859697342 1.7142859697342 0 being 0
are_you_being_a_baby 1581191388779 411 222 touchmove 287 57 1.7142859697342 1.7142859697342 0 being 0
are_you_being_a_baby 1581191388796 411 222 touchmove 287 63 2 2 0 being 0
are_you_being_a_baby 1581191388816 411 222 touchmove 287 69 2 2 0 being 0
are_you_being_a_baby 1581191388830 411 222 touchmove 287 75 1.7142859697342 1.7142859697342 0 being 0
are_you_being_a_baby 1581191388848 411 222 touchmove 286 81 1.7142859697342 1.7142859697342 0 being 0
are_you_being_a_baby 1581191388864 411 222 touchmove 285 88 1.7142859697342 1.7142859697342 0 being 0
are_you_being_a_baby 1581191388882 411 222 touchmove 283 97 1.7142859697342 1.7142859697342 0 being 0
are_you_being_a_baby 1581191388898 411 222 touchmove 282 105 1.7142859697342 1.7142859697342 0 being 0
are_you_being_a_baby 1581191388915 411 222 touchmove 282 113 1.4285714626312 1.4285714626312 0 being 0
are_you_being_a_baby 1581191388931 411 222 touchmove 283 121 1.4285714626312 1.4285714626312 0 being 0
are_you_being_a_baby 1581191388948 411 222 touchmove 283 128 1.7142859697342 1.7142859697342 0 being 0
are_you_being_a_baby 1581191388964 411 222 touchmove 284 136 1.4285714626312 1.4285714626312 0 being 0
are_you_being_a_baby 1581191388981 411 222 touchmove 285 143 1.7142859697342 1.7142859697342 0 being 0
are_you_being_a_baby 1581191388998 411 222 touchmove 286 150 1.4285714626312 1.4285714626312 0 being 0
are_you_being_a_baby 1581191389015 411 222 touchmove 288 156 1.7142859697342 1.7142859697342 0 being 0
are_you_being_a_baby 1581191389032 411 222 touchmove 290 160 1.7142859697342 1.7142859697342 0 being 0
are_you_being_a_baby 1581191389049 411 222 touchmove 291 163 1.7142859697342 1.7142859697342 0 being 0
are_you_being_a_baby 1581191389066 411 222 touchmove 291 164 1.7142859697342 1.7142859697342 0 being 0
are_you_being_a_baby 1581191389099 411 222 touchmove 292 164 1.7142859697342 1.7142859697342 0 being 0
are_you_being_a_baby 1581191389116 411 222 touchmove 292 163 1.7142859697342 1.7142859697342 0 being 0
are_you_being_a_baby 1581191389133 411 222 touchmove 291 161 1.7142859697342 1.7142859697342 0 being 0
are_you_being_a_baby 1581191389150 411 222 touchmove 290 159 1.7142859697342 1.7142859697342 0 being 0
are_you_being_a_baby 1581191389167 411 222 touchmove 286 152 2 2 0 being 0
are_you_being_a_baby 1581191389184 411 222 touchmove 282 146 1.7142859697342 1.7142859697342 0 being 0
are_you_being_a_baby 1581191389201 411 222 touchmove 277 140 1.7142859697342 1.7142859697342 0 being 0
are_you_being_a_baby 1581191389217 411 222 touchmove 273 135 1.7142859697342 1.7142859697342 0 being 0
are_you_being_a_baby 1581191389234 411 222 touchmove 269 129 2 2 0 being 0
are_you_being_a_baby 1581191389251 411 222 touchmove 263 125 1.7142859697342 1.7142859697342 0 being 0
are_you_being_a_baby 1581191389268 411 222 touchmove 257 120 1.7142859697342 1.7142859697342 0 being 0
are_you_being_a_baby 1581191389285 411 222 touchmove 249 114 2 2 0 being 0
are_you_being_a_baby 1581191389301 411 222 touchmove 241 109 1.7142859697342 1.7142859697342 0 being 0
are_you_being_a_baby 1581191389318 411 222 touchmove 233 106 2.2857143878937 2.2857143878937 0 being 0
are_you_being_a_baby 1581191389335 411 222 touchmove 225 103 2 2 0 being 0
are_you_being_a_baby 1581191389352 411 222 touchmove 220 101 2 2 0 being 0
are_you_being_a_baby 1581191389369 411 222 touchmove 215 100 2 2 0 being 0
are_you_being_a_baby 1581191389391 411 222 touchmove 211 100 2.2857143878937 2.2857143878937 0 being 0
are_you_being_a_baby 1581191389409 411 222 touchmove 209 99 2 2 0 being 0
are_you_being_a_baby 1581191389421 411 222 touchmove 206 99 2.2857143878937 2.2857143878937 0 being 0
are_you_being_a_baby 1581191389442 411 222 touchmove 205 98 2.2857143878937 2.2857143878937 0 being 0
are_you_being_a_baby 1581191389470 411 222 touchmove 203 98 2.2857143878937 2.2857143878937 0 being 0
are_you_being_a_baby 1581191389488 411 222 touchmove 203 98 2.2857143878937 2.2857143878937 0 being 0
are_you_being_a_baby 1581191389504 411 222 touchmove 202 98 2.2857143878937 2.2857143878937 0 being 0
are_you_being_a_baby 1581191389605 411 222 touchmove 203 98 2.2857143878937 2.2857143878937 0 being 0
are_you_being_a_baby 1581191389635 411 222 touchmove 203 98 2.2857143878937 2.2857143878937 0 being 0
are_you_being_a_baby 1581191389655 411 222 touchmove 203 99 2.2857143878937 2.2857143878937 0 being 0
are_you_being_a_baby 1581191389706 411 222 touchmove 204 99 2.2857143878937 2.2857143878937 0 being 0
are_you_being_a_baby 1581191389736 411 222 touchmove 204 99 2.5714290142059 2.5714290142059 0 being 0
are_you_being_a_baby 1581191389758 411 222 touchmove 204 99 2.5714290142059 2.5714290142059 0 being 0
are_you_being_a_baby 1581191389773 411 222 touchmove 205 99 2.2857143878937 2.2857143878937 0 being 0
are_you_being_a_baby 1581191389796 411 222 touchmove 205 99 2.2857143878937 2.2857143878937 0 being 0
are_you_being_a_baby 1581191389840 411 222 touchmove 205 99 2.2857143878937 2.2857143878937 0 being 0
are_you_being_a_baby 1581191389861 411 222 touchmove 205 99 2.5714290142059 2.5714290142059 0 being 0
are_you_being_a_baby 1581191389874 411 222 touchmove 205 99 2.2857143878937 2.2857143878937 0 being 0
are_you_being_a_baby 1581191389891 411 222 touchmove 205 99 2.5714290142059 2.5714290142059 0 being 0
are_you_being_a_baby 1581191389908 411 222 touchmove 205 99 2.5714290142059 2.5714290142059 0 being 0
are_you_being_a_baby 1581191389925 411 222 touchmove 205 99 2.2857143878937 2.2857143878937 0 being 0
are_you_being_a_baby 1581191389946 411 222 touchmove 206 99 2.5714290142059 2.5714290142059 0 being 0
are_you_being_a_baby 1581191389958 411 222 touchmove 206 99 2.2857143878937 2.2857143878937 0 being 0
are_you_being_a_baby 1581191389975 411 222 touchmove 206 99 2.2857143878937 2.2857143878937 0 being 0
are_you_being_a_baby 1581191389997 411 222 touchmove 205 99 2.2857143878937 2.2857143878937 0 being 0
are_you_being_a_baby 1581191390022 411 222 touchmove 205 99 2.5714290142059 2.5714290142059 0 being 0
are_you_being_a_baby 1581191390043 411 222 touchmove 205 99 2.2857143878937 2.2857143878937 0 being 0
are_you_being_a_baby 1581191390059 411 222 touchmove 205 99 2.5714290142059 2.5714290142059 0 being 0
are_you_being_a_baby 1581191390081 411 222 touchmove 205 99 2.2857143878937 2.2857143878937 0 being 0
are_you_being_a_baby 1581191390160 411 222 touchmove 205 99 2.5714290142059 2.5714290142059 0 being 0
are_you_being_a_baby 1581191390177 411 222 touchmove 205 99 2.2857143878937 2.2857143878937 0 being 0
are_you_being_a_baby 1581191390208 411 222 touchmove 205 99 2.5714290142059 2.5714290142059 0 being 0
are_you_being_a_baby 1581191390229 411 222 touchmove 205 99 2 2 0 being 0
are_you_being_a_baby 1581191390247 411 222 touchmove 205 99 2.2857143878937 2.2857143878937 0 being 0
are_you_being_a_baby 1581191390261 411 222 touchmove 205 99 2.5714290142059 2.5714290142059 0 being 0
are_you_being_a_baby 1581191390283 411 222 touchmove 205 99 2.2857143878937 2.2857143878937 0 being 0
are_you_being_a_baby 1581191390295 411 222 touchmove 205 99 2.5714290142059 2.5714290142059 0 being 0
are_you_being_a_baby 1581191390312 411 222 touchmove 205 99 2.2857143878937 2.2857143878937 0 being 0
are_you_being_a_baby 1581191390330 411 222 touchmove 205 99 2.5714290142059 2.5714290142059 0 being 0
are_you_being_a_baby 1581191390346 411 222 touchmove 205 99 2.2857143878937 2.2857143878937 0 being 0
are_you_being_a_baby 1581191390363 411 222 touchmove 205 99 2.2857143878937 2.2857143878937 0 being 0
are_you_being_a_baby 1581191390384 411 222 touchmove 206 99 2.2857143878937 2.2857143878937 0 being 0
are_you_being_a_baby 1581191390447 411 222 touchmove 206 98 2.2857143878937 2.2857143878937 0 being 0
are_you_being_a_baby 1581191390464 411 222 touchmove 206 98 2.5714290142059 2.5714290142059 0 being 0
are_you_being_a_baby 1581191390480 411 222 touchmove 207 97 2.2857143878937 2.2857143878937 0 being 0
are_you_being_a_baby 1581191390498 411 222 touchmove 207 97 2.2857143878937 2.2857143878937 0 being 0
are_you_being_a_baby 1581191390514 411 222 touchmove 207 96 2.2857143878937 2.2857143878937 0 being 0
are_you_being_a_baby 1581191390531 411 222 touchmove 207 96 2.2857143878937 2.2857143878937 0 being 0
are_you_being_a_baby 1581191390548 411 222 touchmove 208 95 2.2857143878937 2.2857143878937 0 being 0
are_you_being_a_baby 1581191390565 411 222 touchmove 210 95 2.2857143878937 2.2857143878937 0 being 0
are_you_being_a_baby 1581191390582 411 222 touchmove 211 95 2 2 0 being 0
are_you_being_a_baby 1581191390599 411 222 touchmove 214 94 2 2 0 being 0
are_you_being_a_baby 1581191390616 411 222 touchmove 216 93 2 2 0 being 0
are_you_being_a_baby 1581191390632 411 222 touchmove 218 93 2.2857143878937 2.2857143878937 0 being 0
are_you_being_a_baby 1581191390649 411 222 touchmove 219 92 2.2857143878937 2.2857143878937 0 being 0
are_you_being_a_baby 1581191390666 411 222 touchmove 221 92 2.2857143878937 2.2857143878937 0 being 0
are_you_being_a_baby 1581191390691 411 222 touchmove 222 91 2.2857143878937 2.2857143878937 0 being 0
are_you_being_a_baby 1581191390700 411 222 touchmove 222 91 2.2857143878937 2.2857143878937 0 being 0
are_you_being_a_baby 1581191390717 411 222 touchmove 223 90 2.2857143878937 2.2857143878937 0 being 0
are_you_being_a_baby 1581191390733 411 222 touchmove 223 89 2.2857143878937 2.2857143878937 0 being 0
are_you_being_a_baby 1581191390764 411 222 touchmove 224 89 2.2857143878937 2.2857143878937 0 being 0
are_you_being_a_baby 1581191390797 411 222 touchmove 224 88 2.2857143878937 2.2857143878937 0 being 0
are_you_being_a_baby 1581191390818 411 222 touchmove 225 88 2.2857143878937 2.2857143878937 0 being 0
are_you_being_a_baby 1581191390834 411 222 touchmove 225 88 2 2 0 being 0
are_you_being_a_baby 1581191390851 411 222 touchmove 225 88 2.2857143878937 2.2857143878937 0 being 0
are_you_being_a_baby 1581191390868 411 222 touchmove 225 88 2.2857143878937 2.2857143878937 0 being 0
are_you_being_a_baby 1581191390885 411 222 touchmove 225 87 2.2857143878937 2.2857143878937 0 being 0
are_you_being_a_baby 1581191390901 411 222 touchmove 225 87 2 2 0 being 0
are_you_being_a_baby 1581191390923 411 222 touchmove 225 87 2 2 0 being 0
are_you_being_a_baby 1581191390949 411 222 touchmove 225 87 2 2 0 being 0
are_you_being_a_baby 1581191390969 411 222 touchmove 224 87 2.2857143878937 2.2857143878937 0 being 0
are_you_being_a_baby 1581191390988 411 222 touchmove 223 87 2 2 0 being 0
are_you_being_a_baby 1581191391003 411 222 touchmove 223 87 1.7142859697342 1.7142859697342 0 being 0
are_you_being_a_baby 1581191391020 411 222 touchmove 222 87 2 2 0 being 0
are_you_being_a_baby 1581191391037 411 222 touchmove 222 87 2.2857143878937 2.2857143878937 0 being 0
are_you_being_a_baby 1581191391054 411 222 touchmove 222 87 2 2 0 being 0
are_you_being_a_baby 1581191391070 411 222 touchmove 221 87 2 2 0 being 0
are_you_being_a_baby 1581191391104 411 222 touchmove 221 87 1.7142859697342 1.7142859697342 0 being 0
are_you_being_a_baby 1581191391121 411 222 touchmove 221 87 0.57142859697342 0.57142859697342 0 being 0
are_you_being_a_baby 1581191391125 411 222 touchend 221 87 0.57142859697342 0.57142859697342 0 being 0
are_you_being_a_baby 1581191393132 411 222 touchstart 45 81 2.8571429252625 2.8571429252625 0 a 0
are_you_being_a_baby 1581191393165 411 222 touchmove 44 81 2.8571429252625 2.8571429252625 0 a 0
are_you_being_a_baby 1581191393176 411 222 touchmove 44 81 3.1428575515747 3.1428575515747 0 a 0
are_you_being_a_baby 1581191393192 411 222 touchmove 43 81 2.8571429252625 2.8571429252625 0 a 0
are_you_being_a_baby 1581191393214 411 222 touchmove 43 81 2.5714290142059 2.5714290142059 0 a 0
are_you_being_a_baby 1581191393226 411 222 touchmove 43 81 2.8571429252625 2.8571429252625 0 a 0
are_you_being_a_baby 1581191393244 411 222 touchmove 43 80 2.8571429252625 2.8571429252625 0 a 0
are_you_being_a_baby 1581191393294 411 222 touchmove 43 80 3.1428575515747 3.1428575515747 0 a 0
are_you_being_a_baby 1581191393311 411 222 touchmove 43 80 3.1428575515747 3.1428575515747 0 a 0
are_you_being_a_baby 1581191393327 411 222 touchmove 43 80 2.8571429252625 2.8571429252625 0 a 0
are_you_being_a_baby 1581191393344 411 222 touchmove 43 80 2.8571429252625 2.8571429252625 0 a 0
are_you_being_a_baby 1581191393361 411 222 touchmove 43 80 3.1428575515747 3.1428575515747 0 a 0
are_you_being_a_baby 1581191393383 411 222 touchmove 43 80 2.8571429252625 2.8571429252625 0 a 0
are_you_being_a_baby 1581191393428 411 222 touchmove 43 80 3.1428575515747 3.1428575515747 0 a 0
are_you_being_a_baby 1581191393445 411 222 touchmove 43 80 2.8571429252625 2.8571429252625 0 a 0
are_you_being_a_baby 1581191393462 411 222 touchmove 43 80 3.1428575515747 3.1428575515747 0 a 0
are_you_being_a_baby 1581191393479 411 222 touchmove 43 80 3.1428575515747 3.1428575515747 0 a 0
are_you_being_a_baby 1581191393496 411 222 touchmove 43 80 3.1428575515747 3.1428575515747 0 a 0
are_you_being_a_baby 1581191393512 411 222 touchmove 43 80 2.8571429252625 2.8571429252625 0 a 0
are_you_being_a_baby 1581191393529 411 222 touchmove 43 80 3.1428575515747 3.1428575515747 0 a 0
are_you_being_a_baby 1581191393546 411 222 touchmove 43 80 2.8571429252625 2.8571429252625 0 a 0
are_you_being_a_baby 1581191393563 411 222 touchmove 43 80 2.8571429252625 2.8571429252625 0 a 0
are_you_being_a_baby 1581191393580 411 222 touchmove 43 80 3.1428575515747 3.1428575515747 0 a 0
are_you_being_a_baby 1581191393596 411 222 touchmove 43 80 3.1428575515747 3.1428575515747 0 a 0
are_you_being_a_baby 1581191393613 411 222 touchmove 43 80 3.1428575515747 3.1428575515747 0 a 0
are_you_being_a_baby 1581191393630 411 222 touchmove 43 80 3.1428575515747 3.1428575515747 0 a 0
are_you_being_a_baby 1581191393647 411 222 touchmove 43 80 2.8571429252625 2.8571429252625 0 a 0
are_you_being_a_baby 1581191393664 411 222 touchmove 42 80 2.8571429252625 2.8571429252625 0 a 0
are_you_being_a_baby 1581191393714 411 222 touchmove 42 80 2.8571429252625 2.8571429252625 0 a 0
are_you_being_a_baby 1581191393731 411 222 touchmove 42 80 2.8571429252625 2.8571429252625 0 a 0
are_you_being_a_baby 1581191393849 411 222 touchmove 42 80 2.5714290142059 2.5714290142059 0 a 0
are_you_being_a_baby 1581191393867 411 222 touchmove 41 80 2.2857143878937 2.2857143878937 0 a 0
are_you_being_a_baby 1581191393883 411 222 touchmove 41 80 2.5714290142059 2.5714290142059 0 a 0
are_you_being_a_baby 1581191393951 411 222 touchmove 41 80 1.4285714626312 1.4285714626312 0 a 0
are_you_being_a_baby 1581191393967 411 222 touchmove 41 80 1.1428571939468 1.1428571939468 0 a 0
are_you_being_a_baby 1581191393979 411 222 touchend 41 80 1.1428571939468 1.1428571939468 0 a 0
are_you_being_a_baby 1581191395911 411 222 touchstart 247 137 1.4285714626312 1.4285714626312 0 baby 1
are_you_being_a_baby 1581191395921 411 222 touchmove 247 137 1.7142859697342 1.7142859697342 0 baby 1
are_you_being_a_baby 1581191395939 411 222 touchmove 246 137 2 2 0 baby 1
are_you_being_a_baby 1581191395955 411 222 touchmove 246 137 2 2 0 baby 1
are_you_being_a_baby 1581191395972 411 222 touchmove 245 138 2.2857143878937 2.2857143878937 0 baby 1
are_you_being_a_baby 1581191395993 411 222 touchmove 245 138 2 2 0 baby 1
are_you_being_a_baby 1581191396007 411 222 touchmove 245 139 1.4285714626312 1.4285714626312 0 baby 1
are_you_being_a_baby 1581191396025 411 222 touchmove 244 139 0.28571429848671 0.28571429848671 0 baby 1
are_you_being_a_baby 1581191396037 411 222 touchend 244 139 0.28571429848671 0.28571429848671 0 baby 1
are_you_being_a_baby 1581191399464 411 222 touchstart 250 150 2.2857143878937 2.2857143878937 0 baby 1
are_you_being_a_baby 1581191399476 411 222 touchmove 250 149 2.2857143878937 2.2857143878937 0 baby 1
are_you_being_a_baby 1581191399492 411 222 touchmove 249 149 2.2857143878937 2.2857143878937 0 baby 1
are_you_being_a_baby 1581191399509 411 222 touchmove 249 147 2.2857143878937 2.2857143878937 0 baby 1
are_you_being_a_baby 1581191399526 411 222 touchmove 248 146 2.2857143878937 2.2857143878937 0 baby 1
are_you_being_a_baby 1581191399543 411 222 touchmove 247 145 2.2857143878937 2.2857143878937 0 baby 1
are_you_being_a_baby 1581191399560 411 222 touchmove 247 145 2 2 0 baby 1
are_you_being_a_baby 1581191399576 411 222 touchmove 247 145 1.4285714626312 1.4285714626312 0 baby 1
are_you_being_a_baby 1581191399594 411 222 touchmove 247 145 0.8571429848671 0.8571429848671 0 baby 1
are_you_being_a_baby 1581191399597 411 222 touchend 247 145 0.8571429848671 0.8571429848671 0 baby 1
are_you_being_a_baby 1581191401344 411 222 touchstart 245 151 1.7142859697342 1.7142859697342 0 baby 1
are_you_being_a_baby 1581191401359 411 222 touchmove 245 151 2 2 0 baby 1
are_you_being_a_baby 1581191401379 411 222 touchmove 245 150 2 2 0 baby 1
are_you_being_a_baby 1581191401400 411 222 touchmove 244 149 2 2 0 baby 1
are_you_being_a_baby 1581191401413 411 222 touchmove 243 149 2 2 0 baby 1
are_you_being_a_baby 1581191401434 411 222 touchmove 243 148 2 2 0 baby 1
are_you_being_a_baby 1581191401480 411 222 touchmove 243 148 2.2857143878937 2.2857143878937 0 baby 1
are_you_being_a_baby 1581191401497 411 222 touchmove 242 148 2 2 0 baby 1
are_you_being_a_baby 1581191401514 411 222 touchmove 242 148 2.2857143878937 2.2857143878937 0 baby 1
are_you_being_a_baby 1581191401530 411 222 touchmove 242 147 2.2857143878937 2.2857143878937 0 baby 1
are_you_being_a_baby 1581191401548 411 222 touchmove 239 145 2.2857143878937 2.2857143878937 0 baby 1
are_you_being_a_baby 1581191401565 411 222 touchmove 234 143 2 2 0 baby 1
are_you_being_a_baby 1581191401581 411 222 touchmove 229 139 2 2 0 baby 1
are_you_being_a_baby 1581191401598 411 222 touchmove 221 134 1.7142859697342 1.7142859697342 0 baby 1
are_you_being_a_baby 1581191401615 411 222 touchmove 207 126 2.2857143878937 2.2857143878937 0 baby 1
are_you_being_a_baby 1581191401632 411 222 touchmove 182 114 2.2857143878937 2.2857143878937 0 baby 1
are_you_being_a_baby 1581191401649 411 222 touchmove 166 108 2 2 0 baby 1
are_you_being_a_baby 1581191401665 411 222 touchmove 151 103 2 2 0 baby 1
are_you_being_a_baby 1581191401682 411 222 touchmove 136 98 2 2 0 baby 1
are_you_being_a_baby 1581191401699 411 222 touchmove 124 94 2.2857143878937 2.2857143878937 0 baby 1
are_you_being_a_baby 1581191401716 411 222 touchmove 115 91 2.2857143878937 2.2857143878937 0 baby 1
are_you_being_a_baby 1581191401733 411 222 touchmove 110 89 2 2 0 baby 1
are_you_being_a_baby 1581191401750 411 222 touchmove 103 87 2.2857143878937 2.2857143878937 0 baby 1
are_you_being_a_baby 1581191401767 411 222 touchmove 97 86 2.5714290142059 2.5714290142059 0 baby 1
are_you_being_a_baby 1581191401783 411 222 touchmove 90 84 2.2857143878937 2.2857143878937 0 baby 1
are_you_being_a_baby 1581191401800 411 222 touchmove 83 84 2.2857143878937 2.2857143878937 0 baby 1
are_you_being_a_baby 1581191401817 411 222 touchmove 76 83 2.5714290142059 2.5714290142059 0 baby 1
are_you_being_a_baby 1581191401834 411 222 touchmove 70 82 2.5714290142059 2.5714290142059 0 baby 1
are_you_being_a_baby 1581191401851 411 222 touchmove 64 82 2.2857143878937 2.2857143878937 0 baby 1
are_you_being_a_baby 1581191401868 411 222 touchmove 57 82 2.2857143878937 2.2857143878937 0 baby 1
are_you_being_a_baby 1581191401885 411 222 touchmove 51 83 2.8571429252625 2.8571429252625 0 baby 1
are_you_being_a_baby 1581191401901 411 222 touchmove 45 84 2.5714290142059 2.5714290142059 0 baby 1
are_you_being_a_baby 1581191401918 411 222 touchmove 39 86 2.5714290142059 2.5714290142059 0 baby 1
are_you_being_a_baby 1581191401935 411 222 touchmove 34 88 2.5714290142059 2.5714290142059 0 baby 1
are_you_being_a_baby 1581191401952 411 222 touchmove 29 90 2.5714290142059 2.5714290142059 0 baby 1
are_you_being_a_baby 1581191401969 411 222 touchmove 25 92 2.2857143878937 2.2857143878937 0 baby 1
are_you_being_a_baby 1581191401986 411 222 touchmove 24 94 2.2857143878937 2.2857143878937 0 baby 1
are_you_being_a_baby 1581191402003 411 222 touchmove 23 96 2.2857143878937 2.2857143878937 0 baby 1
are_you_being_a_baby 1581191402019 411 222 touchmove 23 99 2.2857143878937 2.2857143878937 0 baby 1
are_you_being_a_baby 1581191402036 411 222 touchmove 24 100 2.5714290142059 2.5714290142059 0 baby 1
are_you_being_a_baby 1581191402053 411 222 touchmove 25 101 2.5714290142059 2.5714290142059 0 baby 1
are_you_being_a_baby 1581191402070 411 222 touchmove 27 102 2.5714290142059 2.5714290142059 0 baby 1
are_you_being_a_baby 1581191402087 411 222 touchmove 28 103 2.5714290142059 2.5714290142059 0 baby 1
are_you_being_a_baby 1581191402104 411 222 touchmove 29 103 2.5714290142059 2.5714290142059 0 baby 1
are_you_being_a_baby 1581191402120 411 222 touchmove 30 103 2.2857143878937 2.2857143878937 0 baby 1
are_you_being_a_baby 1581191402137 411 222 touchmove 31 104 2.2857143878937 2.2857143878937 0 baby 1
are_you_being_a_baby 1581191402154 411 222 touchmove 33 105 2.5714290142059 2.5714290142059 0 baby 1
are_you_being_a_baby 1581191402171 411 222 touchmove 37 107 2.5714290142059 2.5714290142059 0 baby 1
are_you_being_a_baby 1581191402188 411 222 touchmove 42 108 2.2857143878937 2.2857143878937 0 baby 1
are_you_being_a_baby 1581191402205 411 222 touchmove 48 111 2.2857143878937 2.2857143878937 0 baby 1
are_you_being_a_baby 1581191402221 411 222 touchmove 53 112 2.5714290142059 2.5714290142059 0 baby 1
are_you_being_a_baby 1581191402238 411 222 touchmove 57 113 2.2857143878937 2.2857143878937 0 baby 1
are_you_being_a_baby 1581191402255 411 222 touchmove 60 115 2.2857143878937 2.2857143878937 0 baby 1
are_you_being_a_baby 1581191402272 411 222 touchmove 62 115 2 2 0 baby 1
are_you_being_a_baby 1581191402289 411 222 touchmove 65 116 2.2857143878937 2.2857143878937 0 baby 1
are_you_being_a_baby 1581191402306 411 222 touchmove 67 117 2 2 0 baby 1
are_you_being_a_baby 1581191402323 411 222 touchmove 69 117 2.2857143878937 2.2857143878937 0 baby 1
are_you_being_a_baby 1581191402340 411 222 touchmove 70 117 2.2857143878937 2.2857143878937 0 baby 1
are_you_being_a_baby 1581191402359 411 222 touchmove 71 117 2.2857143878937 2.2857143878937 0 baby 1
are_you_being_a_baby 1581191402374 411 222 touchmove 74 118 2.5714290142059 2.5714290142059 0 baby 1
are_you_being_a_baby 1581191402390 411 222 touchmove 75 119 2.2857143878937 2.2857143878937 0 baby 1
are_you_being_a_baby 1581191402407 411 222 touchmove 77 119 2.2857143878937 2.2857143878937 0 baby 1
are_you_being_a_baby 1581191402426 411 222 touchmove 78 119 2.2857143878937 2.2857143878937 0 baby 1
are_you_being_a_baby 1581191402441 411 222 touchmove 78 119 2.2857143878937 2.2857143878937 0 baby 1
are_you_being_a_baby 1581191402461 411 222 touchmove 79 120 2.2857143878937 2.2857143878937 0 baby 1
are_you_being_a_baby 1581191402475 411 222 touchmove 79 120 2.2857143878937 2.2857143878937 0 baby 1
are_you_being_a_baby 1581191402491 411 222 touchmove 80 120 2.2857143878937 2.2857143878937 0 baby 1
are_you_being_a_baby 1581191402509 411 222 touchmove 81 120 2.2857143878937 2.2857143878937 0 baby 1
are_you_being_a_baby 1581191402525 411 222 touchmove 81 120 2.2857143878937 2.2857143878937 0 baby 1
are_you_being_a_baby 1581191402542 411 222 touchmove 82 120 2.2857143878937 2.2857143878937 0 baby 1
are_you_being_a_baby 1581191402563 411 222 touchmove 82 121 2.2857143878937 2.2857143878937 0 baby 1
are_you_being_a_baby 1581191402577 411 222 touchmove 83 121 2.2857143878937 2.2857143878937 0 baby 1
are_you_being_a_baby 1581191402593 411 222 touchmove 83 121 2 2 0 baby 1
are_you_being_a_baby 1581191402609 411 222 touchmove 85 123 2 2 0 baby 1
are_you_being_a_baby 1581191402627 411 222 touchmove 86 124 2.2857143878937 2.2857143878937 0 baby 1
are_you_being_a_baby 1581191402644 411 222 touchmove 87 125 2 2 0 baby 1
are_you_being_a_baby 1581191402660 411 222 touchmove 90 127 2 2 0 baby 1
are_you_being_a_baby 1581191402677 411 222 touchmove 91 129 2 2 0 baby 1
are_you_being_a_baby 1581191402694 411 222 touchmove 94 132 2.2857143878937 2.2857143878937 0 baby 1
are_you_being_a_baby 1581191402711 411 222 touchmove 97 135 2.2857143878937 2.2857143878937 0 baby 1
are_you_being_a_baby 1581191402727 411 222 touchmove 101 137 2.2857143878937 2.2857143878937 0 baby 1
are_you_being_a_baby 1581191402744 411 222 touchmove 106 141 2 2 0 baby 1
are_you_being_a_baby 1581191402762 411 222 touchmove 110 143 2 2 0 baby 1
are_you_being_a_baby 1581191402782 411 222 touchmove 113 144 2.2857143878937 2.2857143878937 0 baby 1
are_you_being_a_baby 1581191402796 411 222 touchmove 115 145 2 2 0 baby 1
are_you_being_a_baby 1581191402812 411 222 touchmove 118 147 2 2 0 baby 1
are_you_being_a_baby 1581191402828 411 222 touchmove 122 148 1.7142859697342 1.7142859697342 0 baby 1
are_you_being_a_baby 1581191402846 411 222 touchmove 127 149 1.7142859697342 1.7142859697342 0 baby 1
are_you_being_a_baby 1581191402861 411 222 touchmove 132 151 1.1428571939468 1.1428571939468 0 baby 1
are_you_being_a_baby 1581191408824 411 222 touchstart 34 81 2.8571429252625 2.8571429252625 0 baby 1
are_you_being_a_baby 1581191408858 411 222 touchmove 34 81 2.8571429252625 2.8571429252625 0 baby 1
are_you_being_a_baby 1581191408875 411 222 touchmove 34 81 2.5714290142059 2.5714290142059 0 baby 1
are_you_being_a_baby 1581191408892 411 222 touchmove 35 82 2.2857143878937 2.2857143878937 0 baby 1
are_you_being_a_baby 1581191408908 411 222 touchmove 35 83 2.2857143878937 2.2857143878937 0 baby 1
are_you_being_a_baby 1581191408925 411 222 touchmove 38 85 2.2857143878937 2.2857143878937 0 baby 1
are_you_being_a_baby 1581191408942 411 222 touchmove 43 89 2.2857143878937 2.2857143878937 0 baby 1
are_you_being_a_baby 1581191408959 411 222 touchmove 46 92 2.5714290142059 2.5714290142059 0 baby 1
are_you_being_a_baby 1581191408976 411 222 touchmove 49 94 2.5714290142059 2.5714290142059 0 baby 1
are_you_being_a_baby 1581191408993 411 222 touchmove 50 95 2.8571429252625 2.8571429252625 0 baby 1
are_you_being_a_baby 1581191409010 411 222 touchmove 51 95 2.8571429252625 2.8571429252625 0 baby 1
are_you_being_a_baby 1581191409031 411 222 touchmove 51 95 2.8571429252625 2.8571429252625 0 baby 1
are_you_being_a_baby 1581191409043 411 222 touchmove 51 95 2.8571429252625 2.8571429252625 0 baby 1
are_you_being_a_baby 1581191409060 411 222 touchmove 50 93 1.7142859697342 1.7142859697342 0 baby 1
are_you_being_a_baby 1581191409081 411 222 touchmove 50 93 0.28571429848671 0.28571429848671 0 baby 1
are_you_being_a_baby 1581191409093 411 222 touchend 50 93 0.28571429848671 0.28571429848671 0 baby 1
