sentence timestamp keyb_width keyb_height event x_pos y_pos x_radius y_radius angle word is_err
pig_showed_hynix_forest 1580012725356 320 190 touchstart 308 22 24.444444656372 17.777778625488 82 pig 0
pig_showed_hynix_forest 1580012725446 320 190 touchmove 297 24 26.666666030884 24.444444656372 16.000007629395 pig 0
pig_showed_hynix_forest 1580012725464 320 190 touchmove 289 24 26.666666030884 24.444444656372 24 pig 0
pig_showed_hynix_forest 1580012725478 320 190 touchmove 278 24 28.888889312744 24.444444656372 16.000007629395 pig 0
pig_showed_hynix_forest 1580012725495 320 190 touchmove 270 23 26.666666030884 24.444444656372 24 pig 0
pig_showed_hynix_forest 1580012725513 320 190 touchmove 261 23 28.888889312744 24.444444656372 14 pig 0
pig_showed_hynix_forest 1580012725528 320 190 touchmove 254 23 26.666666030884 24.444444656372 21.000007629395 pig 0
pig_showed_hynix_forest 1580012725546 320 190 touchmove 249 22 26.666666030884 24.444444656372 28.000003814697 pig 0
pig_showed_hynix_forest 1580012725562 320 190 touchmove 245 22 31.111110687256 24.444444656372 14 pig 0
pig_showed_hynix_forest 1580012725579 320 190 touchmove 241 22 26.666666030884 24.444444656372 27.000003814697 pig 0
pig_showed_hynix_forest 1580012725596 320 190 touchmove 239 22 26.666666030884 24.444444656372 19 pig 0
pig_showed_hynix_forest 1580012725613 320 190 touchmove 239 22 26.666666030884 24.444444656372 22 pig 0
pig_showed_hynix_forest 1580012725629 320 190 touchmove 238 22 26.666666030884 24.444444656372 21.000007629395 pig 0
pig_showed_hynix_forest 1580012725645 320 190 touchmove 237 24 28.888889312744 24.444444656372 8 pig 0
pig_showed_hynix_forest 1580012725661 320 190 touchmove 237 29 28.888889312744 22.22222328186 4 pig 0
pig_showed_hynix_forest 1580012725680 320 190 touchmove 237 33 26.666666030884 24.444444656372 23.000007629395 pig 0
pig_showed_hynix_forest 1580012725696 320 190 touchmove 237 37 26.666666030884 24.444444656372 6 pig 0
pig_showed_hynix_forest 1580012725712 320 190 touchmove 235 41 26.666666030884 24.444444656372 7 pig 0
pig_showed_hynix_forest 1580012725729 320 190 touchmove 231 45 26.666666030884 24.444444656372 15 pig 0
pig_showed_hynix_forest 1580012725746 320 190 touchmove 224 50 28.888889312744 22.22222328186 4 pig 0
pig_showed_hynix_forest 1580012725762 320 190 touchmove 218 54 26.666666030884 24.444444656372 20 pig 0
pig_showed_hynix_forest 1580012725779 320 190 touchmove 209 57 28.888889312744 24.444444656372 5.0000076293945 pig 0
pig_showed_hynix_forest 1580012725795 320 190 touchmove 202 59 26.666666030884 24.444444656372 18 pig 0
pig_showed_hynix_forest 1580012725814 320 190 touchmove 194 61 28.888889312744 24.444444656372 15 pig 0
pig_showed_hynix_forest 1580012725830 320 190 touchmove 186 64 26.666666030884 24.444444656372 14 pig 0
pig_showed_hynix_forest 1580012725848 320 190 touchmove 181 67 26.666666030884 24.444444656372 17.000007629395 pig 0
pig_showed_hynix_forest 1580012725862 320 190 touchmove 176 71 28.888889312744 24.444444656372 5.0000076293945 pig 0
pig_showed_hynix_forest 1580012725878 320 190 touchmove 173 73 28.888889312744 24.444444656372 10 pig 0
pig_showed_hynix_forest 1580012725896 320 190 touchmove 172 74 28.888889312744 24.444444656372 5.0000076293945 pig 0
pig_showed_hynix_forest 1580012725912 320 190 touchmove 171 75 28.888889312744 24.444444656372 6 pig 0
pig_showed_hynix_forest 1580012725929 320 190 touchmove 170 75 28.888889312744 24.444444656372 0 pig 0
pig_showed_hynix_forest 1580012725945 320 190 touchmove 170 76 28.888889312744 24.444444656372 3.0000076293945 pig 0
pig_showed_hynix_forest 1580012725961 320 190 touchmove 170 76 28.888889312744 24.444444656372 8 pig 0
pig_showed_hynix_forest 1580012725979 320 190 touchmove 170 76 28.888889312744 24.444444656372 5.0000076293945 pig 0
pig_showed_hynix_forest 1580012725995 320 190 touchmove 169 76 26.666666030884 24.444444656372 23.000007629395 pig 0
pig_showed_hynix_forest 1580012726012 320 190 touchmove 169 76 31.111110687256 24.444444656372 8 pig 0
pig_showed_hynix_forest 1580012726021 320 190 touchmove 169 76 33.333332061768 26.666666030884 16.000007629395 pig 0
pig_showed_hynix_forest 1580012726027 320 190 touchend 169 76 33.333332061768 26.666666030884 16.000007629395 pig 0
pig_showed_hynix_forest 1580012727705 320 190 touchstart 63 80 28.888889312744 24.444444656372 20 showed 0
pig_showed_hynix_forest 1580012727730 320 190 touchmove 63 80 28.888889312744 24.444444656372 21.000007629395 showed 0
pig_showed_hynix_forest 1580012727813 320 190 touchmove 67 81 26.666666030884 24.444444656372 17.000007629395 showed 0
pig_showed_hynix_forest 1580012727830 320 190 touchmove 70 81 28.888889312744 24.444444656372 13 showed 0
pig_showed_hynix_forest 1580012727846 320 190 touchmove 78 80 26.666666030884 24.444444656372 15 showed 0
pig_showed_hynix_forest 1580012727865 320 190 touchmove 92 80 26.666666030884 24.444444656372 19 showed 0
pig_showed_hynix_forest 1580012727880 320 190 touchmove 105 79 26.666666030884 24.444444656372 14 showed 0
pig_showed_hynix_forest 1580012727898 320 190 touchmove 117 78 26.666666030884 24.444444656372 11.000007629395 showed 0
pig_showed_hynix_forest 1580012727913 320 190 touchmove 131 77 28.888889312744 24.444444656372 2.0000076293945 showed 0
pig_showed_hynix_forest 1580012727931 320 190 touchmove 145 75 26.666666030884 24.444444656372 18 showed 0
pig_showed_hynix_forest 1580012727947 320 190 touchmove 154 74 26.666666030884 20 7 showed 0
pig_showed_hynix_forest 1580012727964 320 190 touchmove 166 73 28.888889312744 20 3.0000076293945 showed 0
pig_showed_hynix_forest 1580012727979 320 190 touchmove 174 72 26.666666030884 20 2.0000076293945 showed 0
pig_showed_hynix_forest 1580012727997 320 190 touchmove 184 71 28.888889312744 20 3.0000076293945 showed 0
pig_showed_hynix_forest 1580012728012 320 190 touchmove 191 71 26.666666030884 20 2.0000076293945 showed 0
pig_showed_hynix_forest 1580012728029 320 190 touchmove 199 71 26.666666030884 20 2.0000076293945 showed 0
pig_showed_hynix_forest 1580012728046 320 190 touchmove 204 71 26.666666030884 20 6 showed 0
pig_showed_hynix_forest 1580012728064 320 190 touchmove 209 72 26.666666030884 20 3.0000076293945 showed 0
pig_showed_hynix_forest 1580012728082 320 190 touchmove 212 73 26.666666030884 24.444444656372 17.000007629395 showed 0
pig_showed_hynix_forest 1580012728096 320 190 touchmove 217 75 28.888889312744 24.444444656372 4 showed 0
pig_showed_hynix_forest 1580012728113 320 190 touchmove 221 75 26.666666030884 24.444444656372 9.0000076293945 showed 0
pig_showed_hynix_forest 1580012728130 320 190 touchmove 224 74 26.666666030884 20 3.0000076293945 showed 0
pig_showed_hynix_forest 1580012728149 320 190 touchmove 227 72 26.666666030884 20 5.0000076293945 showed 0
pig_showed_hynix_forest 1580012728164 320 190 touchmove 230 70 26.666666030884 24.444444656372 4 showed 0
pig_showed_hynix_forest 1580012728181 320 190 touchmove 236 67 28.888889312744 24.444444656372 8 showed 0
pig_showed_hynix_forest 1580012728197 320 190 touchmove 241 63 26.666666030884 24.444444656372 25 showed 0
pig_showed_hynix_forest 1580012728212 320 190 touchmove 245 57 26.666666030884 20 4 showed 0
pig_showed_hynix_forest 1580012728230 320 190 touchmove 249 52 26.666666030884 24.444444656372 17.000007629395 showed 0
pig_showed_hynix_forest 1580012728246 320 190 touchmove 252 48 26.666666030884 24.444444656372 9.0000076293945 showed 0
pig_showed_hynix_forest 1580012728263 320 190 touchmove 254 46 28.888889312744 24.444444656372 6 showed 0
pig_showed_hynix_forest 1580012728280 320 190 touchmove 254 44 28.888889312744 24.444444656372 6 showed 0
pig_showed_hynix_forest 1580012728299 320 190 touchmove 255 44 28.888889312744 24.444444656372 6 showed 0
pig_showed_hynix_forest 1580012728315 320 190 touchmove 254 42 26.666666030884 24.444444656372 8 showed 0
pig_showed_hynix_forest 1580012728331 320 190 touchmove 248 40 26.666666030884 24.444444656372 16.000007629395 showed 0
pig_showed_hynix_forest 1580012728347 320 190 touchmove 238 40 26.666666030884 24.444444656372 11.000007629395 showed 0
pig_showed_hynix_forest 1580012728364 320 190 touchmove 225 41 28.888889312744 24.444444656372 10 showed 0
pig_showed_hynix_forest 1580012728380 320 190 touchmove 212 42 26.666666030884 24.444444656372 11.000007629395 showed 0
pig_showed_hynix_forest 1580012728398 320 190 touchmove 196 44 26.666666030884 24.444444656372 13 showed 0
pig_showed_hynix_forest 1580012728414 320 190 touchmove 179 46 26.666666030884 24.444444656372 4 showed 0
pig_showed_hynix_forest 1580012728430 320 190 touchmove 165 48 26.666666030884 24.444444656372 3.0000076293945 showed 0
pig_showed_hynix_forest 1580012728447 320 190 touchmove 150 48 24.444444656372 26.666666030884 84.999992370605 showed 0
pig_showed_hynix_forest 1580012728463 320 190 touchmove 135 48 28.888889312744 24.444444656372 8 showed 0
pig_showed_hynix_forest 1580012728480 320 190 touchmove 123 48 26.666666030884 24.444444656372 19 showed 0
pig_showed_hynix_forest 1580012728496 320 190 touchmove 111 47 26.666666030884 24.444444656372 7 showed 0
pig_showed_hynix_forest 1580012728515 320 190 touchmove 100 46 28.888889312744 24.444444656372 10 showed 0
pig_showed_hynix_forest 1580012728530 320 190 touchmove 91 45 26.666666030884 24.444444656372 16.000007629395 showed 0
pig_showed_hynix_forest 1580012728550 320 190 touchmove 82 44 28.888889312744 24.444444656372 8 showed 0
pig_showed_hynix_forest 1580012728563 320 190 touchmove 76 43 26.666666030884 24.444444656372 7 showed 0
pig_showed_hynix_forest 1580012728584 320 190 touchmove 69 42 28.888889312744 24.444444656372 14 showed 0
pig_showed_hynix_forest 1580012728596 320 190 touchmove 63 42 26.666666030884 24.444444656372 10 showed 0
pig_showed_hynix_forest 1580012728613 320 190 touchmove 59 42 26.666666030884 24.444444656372 17.000007629395 showed 0
pig_showed_hynix_forest 1580012728630 320 190 touchmove 55 41 26.666666030884 24.444444656372 16.000007629395 showed 0
pig_showed_hynix_forest 1580012728646 320 190 touchmove 52 41 28.888889312744 24.444444656372 12 showed 0
pig_showed_hynix_forest 1580012728664 320 190 touchmove 50 41 28.888889312744 24.444444656372 9.0000076293945 showed 0
pig_showed_hynix_forest 1580012728681 320 190 touchmove 49 41 31.111110687256 24.444444656372 11.000007629395 showed 0
pig_showed_hynix_forest 1580012728697 320 190 touchmove 48 41 31.111110687256 24.444444656372 11.000007629395 showed 0
pig_showed_hynix_forest 1580012728715 320 190 touchmove 48 41 31.111110687256 24.444444656372 14 showed 0
pig_showed_hynix_forest 1580012728800 320 190 touchmove 58 37 28.888889312744 24.444444656372 8 showed 0
pig_showed_hynix_forest 1580012728813 320 190 touchmove 61 34 28.888889312744 24.444444656372 9.0000076293945 showed 0
pig_showed_hynix_forest 1580012728831 320 190 touchmove 64 32 31.111110687256 24.444444656372 8 showed 0
pig_showed_hynix_forest 1580012728846 320 190 touchmove 65 31 28.888889312744 24.444444656372 13 showed 0
pig_showed_hynix_forest 1580012728863 320 190 touchmove 66 29 28.888889312744 24.444444656372 13 showed 0
pig_showed_hynix_forest 1580012728882 320 190 touchmove 67 29 28.888889312744 24.444444656372 15 showed 0
pig_showed_hynix_forest 1580012728898 320 190 touchmove 68 28 28.888889312744 24.444444656372 15 showed 0
pig_showed_hynix_forest 1580012728913 320 190 touchmove 69 28 26.666666030884 24.444444656372 13 showed 0
pig_showed_hynix_forest 1580012728931 320 190 touchmove 73 30 31.111110687256 24.444444656372 6 showed 0
pig_showed_hynix_forest 1580012728947 320 190 touchmove 76 34 28.888889312744 24.444444656372 10 showed 0
pig_showed_hynix_forest 1580012728963 320 190 touchmove 79 39 31.111110687256 24.444444656372 9.0000076293945 showed 0
pig_showed_hynix_forest 1580012728980 320 190 touchmove 82 44 28.888889312744 24.444444656372 9.0000076293945 showed 0
pig_showed_hynix_forest 1580012728997 320 190 touchmove 86 52 28.888889312744 24.444444656372 17.000007629395 showed 0
pig_showed_hynix_forest 1580012729013 320 190 touchmove 89 57 26.666666030884 24.444444656372 8 showed 0
pig_showed_hynix_forest 1580012729030 320 190 touchmove 93 62 28.888889312744 24.444444656372 10 showed 0
pig_showed_hynix_forest 1580012729047 320 190 touchmove 96 67 28.888889312744 26.666666030884 10 showed 0
pig_showed_hynix_forest 1580012729065 320 190 touchmove 98 71 28.888889312744 24.444444656372 2.0000076293945 showed 0
pig_showed_hynix_forest 1580012729081 320 190 touchmove 100 74 26.666666030884 24.444444656372 11.000007629395 showed 0
pig_showed_hynix_forest 1580012729097 320 190 touchmove 101 76 26.666666030884 24.444444656372 10 showed 0
pig_showed_hynix_forest 1580012729118 320 190 touchmove 102 76 26.666666030884 24.444444656372 8 showed 0
pig_showed_hynix_forest 1580012729134 320 190 touchmove 102 77 26.666666030884 24.444444656372 9.0000076293945 showed 0
pig_showed_hynix_forest 1580012729147 320 190 touchmove 103 78 26.666666030884 24.444444656372 12 showed 0
pig_showed_hynix_forest 1580012729164 320 190 touchmove 103 78 26.666666030884 24.444444656372 13 showed 0
pig_showed_hynix_forest 1580012729176 320 190 touchmove 103 79 33.333332061768 26.666666030884 0 showed 0
pig_showed_hynix_forest 1580012729179 320 190 touchend 103 79 33.333332061768 26.666666030884 0 showed 0
pig_showed_hynix_forest 1580012730431 320 190 touchstart 202 87 26.666666030884 24.444444656372 4 hynix 0
pig_showed_hynix_forest 1580012730448 320 190 touchmove 202 87 28.888889312744 24.444444656372 8 hynix 0
pig_showed_hynix_forest 1580012730548 320 190 touchmove 199 76 26.666666030884 20 7 hynix 0
pig_showed_hynix_forest 1580012730565 320 190 touchmove 196 69 26.666666030884 24.444444656372 17.000007629395 hynix 0
pig_showed_hynix_forest 1580012730581 320 190 touchmove 191 58 28.888889312744 24.444444656372 12 hynix 0
pig_showed_hynix_forest 1580012730597 320 190 touchmove 186 49 28.888889312744 24.444444656372 12 hynix 0
pig_showed_hynix_forest 1580012730614 320 190 touchmove 183 43 26.666666030884 24.444444656372 13 hynix 0
pig_showed_hynix_forest 1580012730638 320 190 touchmove 181 39 28.888889312744 24.444444656372 28.000003814697 hynix 0
pig_showed_hynix_forest 1580012730646 320 190 touchmove 179 35 26.666666030884 24.444444656372 17.000007629395 hynix 0
pig_showed_hynix_forest 1580012730663 320 190 touchmove 179 34 26.666666030884 24.444444656372 15 hynix 0
pig_showed_hynix_forest 1580012730682 320 190 touchmove 179 34 26.666666030884 24.444444656372 12 hynix 0
pig_showed_hynix_forest 1580012730698 320 190 touchmove 179 34 26.666666030884 22.22222328186 7 hynix 0
pig_showed_hynix_forest 1580012730732 320 190 touchmove 181 36 28.888889312744 24.444444656372 4 hynix 0
pig_showed_hynix_forest 1580012730747 320 190 touchmove 184 42 28.888889312744 24.444444656372 9.0000076293945 hynix 0
pig_showed_hynix_forest 1580012730764 320 190 touchmove 189 50 26.666666030884 24.444444656372 14 hynix 0
pig_showed_hynix_forest 1580012730782 320 190 touchmove 193 57 26.666666030884 24.444444656372 14 hynix 0
pig_showed_hynix_forest 1580012730798 320 190 touchmove 196 64 24.444444656372 26.666666030884 89 hynix 0
pig_showed_hynix_forest 1580012730814 320 190 touchmove 200 73 26.666666030884 24.444444656372 16.000007629395 hynix 0
pig_showed_hynix_forest 1580012730831 320 190 touchmove 205 82 28.888889312744 24.444444656372 2.0000076293945 hynix 0
pig_showed_hynix_forest 1580012730847 320 190 touchmove 209 91 24.444444656372 26.666666030884 83 hynix 0
pig_showed_hynix_forest 1580012730864 320 190 touchmove 212 99 26.666666030884 24.444444656372 7 hynix 0
pig_showed_hynix_forest 1580012730882 320 190 touchmove 215 108 26.666666030884 24.444444656372 10 hynix 0
pig_showed_hynix_forest 1580012730898 320 190 touchmove 219 115 28.888889312744 24.444444656372 0 hynix 0
pig_showed_hynix_forest 1580012730914 320 190 touchmove 223 119 26.666666030884 22.22222328186 5.0000076293945 hynix 0
pig_showed_hynix_forest 1580012730932 320 190 touchmove 225 123 26.666666030884 20 3.0000076293945 hynix 0
pig_showed_hynix_forest 1580012730948 320 190 touchmove 227 125 26.666666030884 20 0 hynix 0
pig_showed_hynix_forest 1580012730964 320 190 touchmove 229 127 26.666666030884 20 0 hynix 0
pig_showed_hynix_forest 1580012730981 320 190 touchmove 231 128 26.666666030884 20 2.0000076293945 hynix 0
pig_showed_hynix_forest 1580012730999 320 190 touchmove 232 129 26.666666030884 20 2.0000076293945 hynix 0
pig_showed_hynix_forest 1580012731015 320 190 touchmove 233 129 26.666666030884 20 1 hynix 0
pig_showed_hynix_forest 1580012731031 320 190 touchmove 234 121 26.666666030884 22.22222328186 16.000007629395 hynix 0
pig_showed_hynix_forest 1580012731048 320 190 touchmove 233 106 26.666666030884 24.444444656372 20 hynix 0
pig_showed_hynix_forest 1580012731064 320 190 touchmove 230 88 26.666666030884 22.22222328186 17.000007629395 hynix 0
pig_showed_hynix_forest 1580012731081 320 190 touchmove 228 69 26.666666030884 22.22222328186 23.000007629395 hynix 0
pig_showed_hynix_forest 1580012731100 320 190 touchmove 227 54 26.666666030884 22.22222328186 26 hynix 0
pig_showed_hynix_forest 1580012731115 320 190 touchmove 226 45 28.888889312744 24.444444656372 16.000007629395 hynix 0
pig_showed_hynix_forest 1580012731133 320 190 touchmove 225 37 28.888889312744 24.444444656372 10 hynix 0
pig_showed_hynix_forest 1580012731148 320 190 touchmove 225 34 28.888889312744 24.444444656372 12 hynix 0
pig_showed_hynix_forest 1580012731165 320 190 touchmove 225 32 28.888889312744 24.444444656372 6 hynix 0
pig_showed_hynix_forest 1580012731181 320 190 touchmove 225 31 26.666666030884 24.444444656372 17.000007629395 hynix 0
pig_showed_hynix_forest 1580012731198 320 190 touchmove 225 30 26.666666030884 24.444444656372 22 hynix 0
pig_showed_hynix_forest 1580012731231 320 190 touchmove 221 37 26.666666030884 24.444444656372 1 hynix 0
pig_showed_hynix_forest 1580012731249 320 190 touchmove 215 48 26.666666030884 24.444444656372 11.000007629395 hynix 0
pig_showed_hynix_forest 1580012731263 320 190 touchmove 206 59 28.888889312744 24.444444656372 5.0000076293945 hynix 0
pig_showed_hynix_forest 1580012731282 320 190 touchmove 198 70 26.666666030884 20 1 hynix 0
pig_showed_hynix_forest 1580012731298 320 190 touchmove 186 80 31.111110687256 24.444444656372 6 hynix 0
pig_showed_hynix_forest 1580012731315 320 190 touchmove 175 90 26.666666030884 20 3.0000076293945 hynix 0
pig_showed_hynix_forest 1580012731333 320 190 touchmove 164 100 26.666666030884 24.444444656372 11.000007629395 hynix 0
pig_showed_hynix_forest 1580012731348 320 190 touchmove 152 110 28.888889312744 20 4 hynix 0
pig_showed_hynix_forest 1580012731365 320 190 touchmove 141 119 26.666666030884 24.444444656372 11.000007629395 hynix 0
pig_showed_hynix_forest 1580012731413 320 190 touchmove 130 127 26.666666030884 20 7 hynix 0
pig_showed_hynix_forest 1580012731419 320 190 touchmove 112 137 26.666666030884 24.444444656372 8 hynix 0
pig_showed_hynix_forest 1580012731435 320 190 touchmove 108 140 26.666666030884 24.444444656372 7 hynix 0
pig_showed_hynix_forest 1580012731453 320 190 touchmove 104 141 28.888889312744 24.444444656372 0 hynix 0
pig_showed_hynix_forest 1580012731469 320 190 touchmove 103 142 28.888889312744 24.444444656372 1 hynix 0
pig_showed_hynix_forest 1580012731482 320 190 touchmove 102 142 28.888889312744 24.444444656372 1 hynix 0
pig_showed_hynix_forest 1580012731502 320 190 touchmove 102 142 28.888889312744 24.444444656372 4 hynix 0
pig_showed_hynix_forest 1580012731535 320 190 touchend 102 142 28.888889312744 24.444444656372 15 hynix 0
pig_showed_hynix_forest 1580012732482 320 190 touchstart 141 80 26.666666030884 24.444444656372 16.000007629395 forest 0
pig_showed_hynix_forest 1580012732549 320 190 touchmove 154 75 26.666666030884 20 8 forest 0
pig_showed_hynix_forest 1580012732566 320 190 touchmove 163 71 26.666666030884 20 9.0000076293945 forest 0
pig_showed_hynix_forest 1580012732583 320 190 touchmove 171 67 26.666666030884 24.444444656372 21.000007629395 forest 0
pig_showed_hynix_forest 1580012732599 320 190 touchmove 184 63 28.888889312744 24.444444656372 17.000007629395 forest 0
pig_showed_hynix_forest 1580012732615 320 190 touchmove 196 58 26.666666030884 24.444444656372 33.000003814697 forest 0
pig_showed_hynix_forest 1580012732632 320 190 touchmove 208 51 26.666666030884 24.444444656372 27.000003814697 forest 0
pig_showed_hynix_forest 1580012732649 320 190 touchmove 222 45 26.666666030884 24.444444656372 32.000003814697 forest 0
pig_showed_hynix_forest 1580012732669 320 190 touchmove 236 38 26.666666030884 24.444444656372 33.000003814697 forest 0
pig_showed_hynix_forest 1580012732684 320 190 touchmove 247 31 26.666666030884 22.22222328186 26 forest 0
pig_showed_hynix_forest 1580012732699 320 190 touchmove 259 26 26.666666030884 22.22222328186 25 forest 0
pig_showed_hynix_forest 1580012732716 320 190 touchmove 269 24 26.666666030884 24.444444656372 12 forest 0
pig_showed_hynix_forest 1580012732733 320 190 touchmove 276 22 26.666666030884 22.22222328186 18 forest 0
pig_showed_hynix_forest 1580012732749 320 190 touchmove 280 21 26.666666030884 24.444444656372 22 forest 0
pig_showed_hynix_forest 1580012732766 320 190 touchmove 281 21 26.666666030884 24.444444656372 14 forest 0
pig_showed_hynix_forest 1580012732782 320 190 touchmove 281 21 26.666666030884 24.444444656372 11.000007629395 forest 0
pig_showed_hynix_forest 1580012732832 320 190 touchmove 261 26 28.888889312744 22.22222328186 6 forest 0
pig_showed_hynix_forest 1580012732851 320 190 touchmove 245 31 26.666666030884 20 4 forest 0
pig_showed_hynix_forest 1580012732866 320 190 touchmove 231 36 24.444444656372 26.666666030884 83 forest 0
pig_showed_hynix_forest 1580012732882 320 190 touchmove 210 41 26.666666030884 24.444444656372 8 forest 0
pig_showed_hynix_forest 1580012732899 320 190 touchmove 195 44 26.666666030884 24.444444656372 16.000007629395 forest 0
pig_showed_hynix_forest 1580012732917 320 190 touchmove 179 46 26.666666030884 24.444444656372 9.0000076293945 forest 0
pig_showed_hynix_forest 1580012732934 320 190 touchmove 165 47 26.666666030884 24.444444656372 13 forest 0
pig_showed_hynix_forest 1580012732950 320 190 touchmove 151 47 26.666666030884 24.444444656372 6 forest 0
pig_showed_hynix_forest 1580012732965 320 190 touchmove 142 46 26.666666030884 24.444444656372 15 forest 0
pig_showed_hynix_forest 1580012732982 320 190 touchmove 133 44 26.666666030884 24.444444656372 13 forest 0
pig_showed_hynix_forest 1580012732999 320 190 touchmove 127 42 26.666666030884 24.444444656372 12 forest 0
pig_showed_hynix_forest 1580012733016 320 190 touchmove 122 38 28.888889312744 20 3.0000076293945 forest 0
pig_showed_hynix_forest 1580012733032 320 190 touchmove 119 35 28.888889312744 22.22222328186 7 forest 0
pig_showed_hynix_forest 1580012733049 320 190 touchmove 117 33 28.888889312744 24.444444656372 6 forest 0
pig_showed_hynix_forest 1580012733066 320 190 touchmove 115 31 26.666666030884 24.444444656372 14 forest 0
pig_showed_hynix_forest 1580012733084 320 190 touchmove 114 30 26.666666030884 24.444444656372 22 forest 0
pig_showed_hynix_forest 1580012733101 320 190 touchmove 114 29 26.666666030884 24.444444656372 17.000007629395 forest 0
pig_showed_hynix_forest 1580012733117 320 190 touchmove 113 29 26.666666030884 24.444444656372 13 forest 0
pig_showed_hynix_forest 1580012733132 320 190 touchmove 112 28 26.666666030884 24.444444656372 12 forest 0
pig_showed_hynix_forest 1580012733151 320 190 touchmove 111 27 26.666666030884 24.444444656372 17.000007629395 forest 0
pig_showed_hynix_forest 1580012733166 320 190 touchmove 108 27 26.666666030884 24.444444656372 20 forest 0
pig_showed_hynix_forest 1580012733182 320 190 touchmove 104 27 28.888889312744 24.444444656372 8 forest 0
pig_showed_hynix_forest 1580012733199 320 190 touchmove 99 26 28.888889312744 24.444444656372 12 forest 0
pig_showed_hynix_forest 1580012733215 320 190 touchmove 94 26 26.666666030884 24.444444656372 14 forest 0
pig_showed_hynix_forest 1580012733232 320 190 touchmove 89 26 26.666666030884 24.444444656372 18 forest 0
pig_showed_hynix_forest 1580012733250 320 190 touchmove 86 27 28.888889312744 24.444444656372 8 forest 0
pig_showed_hynix_forest 1580012733268 320 190 touchmove 82 29 28.888889312744 24.444444656372 9.0000076293945 forest 0
pig_showed_hynix_forest 1580012733282 320 190 touchmove 78 33 26.666666030884 24.444444656372 22 forest 0
pig_showed_hynix_forest 1580012733299 320 190 touchmove 76 38 26.666666030884 24.444444656372 14 forest 0
pig_showed_hynix_forest 1580012733315 320 190 touchmove 74 43 26.666666030884 24.444444656372 13 forest 0
pig_showed_hynix_forest 1580012733332 320 190 touchmove 73 50 26.666666030884 24.444444656372 19 forest 0
pig_showed_hynix_forest 1580012733349 320 190 touchmove 72 55 26.666666030884 24.444444656372 14 forest 0
pig_showed_hynix_forest 1580012733366 320 190 touchmove 72 61 26.666666030884 24.444444656372 14 forest 0
pig_showed_hynix_forest 1580012733383 320 190 touchmove 71 67 26.666666030884 22.22222328186 7 forest 0
pig_showed_hynix_forest 1580012733399 320 190 touchmove 71 71 26.666666030884 24.444444656372 13 forest 0
pig_showed_hynix_forest 1580012733416 320 190 touchmove 71 73 26.666666030884 24.444444656372 11.000007629395 forest 0
pig_showed_hynix_forest 1580012733432 320 190 touchmove 71 75 26.666666030884 24.444444656372 10 forest 0
pig_showed_hynix_forest 1580012733449 320 190 touchmove 71 76 26.666666030884 24.444444656372 14 forest 0
pig_showed_hynix_forest 1580012733466 320 190 touchmove 71 77 26.666666030884 24.444444656372 11.000007629395 forest 0
pig_showed_hynix_forest 1580012733483 320 190 touchmove 71 77 26.666666030884 24.444444656372 12 forest 0
pig_showed_hynix_forest 1580012733499 320 190 touchmove 71 78 26.666666030884 24.444444656372 9.0000076293945 forest 0
pig_showed_hynix_forest 1580012733549 320 190 touchmove 81 72 26.666666030884 24.444444656372 9.0000076293945 forest 0
pig_showed_hynix_forest 1580012733566 320 190 touchmove 89 67 26.666666030884 24.444444656372 6 forest 0
pig_showed_hynix_forest 1580012733582 320 190 touchmove 97 62 31.111110687256 24.444444656372 6 forest 0
pig_showed_hynix_forest 1580012733599 320 190 touchmove 106 55 26.666666030884 24.444444656372 16.000007629395 forest 0
pig_showed_hynix_forest 1580012733616 320 190 touchmove 112 50 28.888889312744 24.444444656372 11.000007629395 forest 0
pig_showed_hynix_forest 1580012733632 320 190 touchmove 118 46 26.666666030884 24.444444656372 11.000007629395 forest 0
pig_showed_hynix_forest 1580012733650 320 190 touchmove 121 43 26.666666030884 24.444444656372 10 forest 0
pig_showed_hynix_forest 1580012733667 320 190 touchmove 124 41 26.666666030884 24.444444656372 23.000007629395 forest 0
pig_showed_hynix_forest 1580012733683 320 190 touchmove 126 40 28.888889312744 24.444444656372 10 forest 0
pig_showed_hynix_forest 1580012733700 320 190 touchmove 127 39 28.888889312744 24.444444656372 12 forest 0
pig_showed_hynix_forest 1580012733717 320 190 touchmove 127 39 28.888889312744 24.444444656372 11.000007629395 forest 0
pig_showed_hynix_forest 1580012733733 320 190 touchmove 128 38 28.888889312744 24.444444656372 10 forest 0
pig_showed_hynix_forest 1580012733751 320 190 touchmove 128 38 28.888889312744 24.444444656372 11.000007629395 forest 0
pig_showed_hynix_forest 1580012733765 320 190 touchmove 128 38 28.888889312744 24.444444656372 10 forest 0
pig_showed_hynix_forest 1580012733782 320 190 touchmove 129 38 28.888889312744 24.444444656372 10 forest 0
pig_showed_hynix_forest 1580012733802 320 190 touchmove 129 38 28.888889312744 24.444444656372 10 forest 0
pig_showed_hynix_forest 1580012733816 320 190 touchmove 129 37 28.888889312744 24.444444656372 8 forest 0
pig_showed_hynix_forest 1580012733832 320 190 touchmove 129 37 28.888889312744 24.444444656372 11.000007629395 forest 0
pig_showed_hynix_forest 1580012733850 320 190 touchmove 130 37 28.888889312744 24.444444656372 7 forest 0
pig_showed_hynix_forest 1580012733865 320 190 touchmove 132 36 28.888889312744 26.666666030884 10 forest 0
pig_showed_hynix_forest 1580012733884 320 190 touchmove 135 34 26.666666030884 24.444444656372 17.000007629395 forest 0
pig_showed_hynix_forest 1580012733900 320 190 touchmove 136 33 26.666666030884 24.444444656372 15 forest 0
pig_showed_hynix_forest 1580012733920 320 190 touchmove 138 32 26.666666030884 24.444444656372 13 forest 0
pig_showed_hynix_forest 1580012733933 320 190 touchmove 140 30 26.666666030884 24.444444656372 14 forest 0
pig_showed_hynix_forest 1580012733950 320 190 touchmove 143 29 31.111110687256 24.444444656372 12 forest 0
pig_showed_hynix_forest 1580012733966 320 190 touchmove 144 29 28.888889312744 24.444444656372 11.000007629395 forest 0
pig_showed_hynix_forest 1580012733982 320 190 touchmove 145 28 28.888889312744 24.444444656372 10 forest 0
pig_showed_hynix_forest 1580012734001 320 190 touchmove 145 28 28.888889312744 24.444444656372 13 forest 0
pig_showed_hynix_forest 1580012734016 320 190 touchmove 145 28 28.888889312744 24.444444656372 13 forest 0
pig_showed_hynix_forest 1580012734033 320 190 touchmove 145 28 28.888889312744 24.444444656372 11.000007629395 forest 0
pig_showed_hynix_forest 1580012734049 320 190 touchmove 146 28 26.666666030884 24.444444656372 7 forest 0
pig_showed_hynix_forest 1580012734057 320 190 touchmove 146 28 33.333332061768 26.666666030884 5.0000076293945 forest 0
pig_showed_hynix_forest 1580012734059 320 190 touchend 146 28 33.333332061768 26.666666030884 5.0000076293945 forest 0
nagoya_movement_pete_lower 1580012748818 320 190 touchstart 233 137 26.666666030884 24.444444656372 5.0000076293945 nagoya 0
nagoya_movement_pete_lower 1580012748926 320 190 touchmove 228 135 28.888889312744 22.22222328186 0 nagoya 0
nagoya_movement_pete_lower 1580012748942 320 190 touchmove 221 132 26.666666030884 20 1 nagoya 0
nagoya_movement_pete_lower 1580012748959 320 190 touchmove 210 128 26.666666030884 20 2.0000076293945 nagoya 0
nagoya_movement_pete_lower 1580012748976 320 190 touchmove 199 123 26.666666030884 24.444444656372 6 nagoya 0
nagoya_movement_pete_lower 1580012748993 320 190 touchmove 184 117 26.666666030884 24.444444656372 8 nagoya 0
nagoya_movement_pete_lower 1580012749009 320 190 touchmove 167 110 26.666666030884 20 3.0000076293945 nagoya 0
nagoya_movement_pete_lower 1580012749026 320 190 touchmove 151 103 28.888889312744 24.444444656372 1 nagoya 0
nagoya_movement_pete_lower 1580012749044 320 190 touchmove 136 98 22.22222328186 24.444444656372 84.999992370605 nagoya 0
nagoya_movement_pete_lower 1580012749060 320 190 touchmove 120 91 26.666666030884 20 1 nagoya 0
nagoya_movement_pete_lower 1580012749078 320 190 touchmove 106 86 24.444444656372 24.444444656372 1 nagoya 0
nagoya_movement_pete_lower 1580012749096 320 190 touchmove 93 82 24.444444656372 26.666666030884 84.999992370605 nagoya 0
nagoya_movement_pete_lower 1580012749112 320 190 touchmove 78 77 26.666666030884 24.444444656372 8 nagoya 0
nagoya_movement_pete_lower 1580012749127 320 190 touchmove 64 72 22.22222328186 28.888889312744 87.999992370605 nagoya 0
nagoya_movement_pete_lower 1580012749143 320 190 touchmove 49 69 26.666666030884 24.444444656372 11.000007629395 nagoya 0
nagoya_movement_pete_lower 1580012749159 320 190 touchmove 40 68 26.666666030884 24.444444656372 3.0000076293945 nagoya 0
nagoya_movement_pete_lower 1580012749176 320 190 touchmove 32 68 26.666666030884 22.22222328186 12 nagoya 0
nagoya_movement_pete_lower 1580012749193 320 190 touchmove 26 68 24.444444656372 22.22222328186 82 nagoya 0
nagoya_movement_pete_lower 1580012749209 320 190 touchmove 23 68 22.22222328186 20 74 nagoya 0
nagoya_movement_pete_lower 1580012749226 320 190 touchmove 21 68 24.444444656372 20 76 nagoya 0
nagoya_movement_pete_lower 1580012749245 320 190 touchmove 21 68 24.444444656372 20 77 nagoya 0
nagoya_movement_pete_lower 1580012749260 320 190 touchmove 20 69 24.444444656372 20 79 nagoya 0
nagoya_movement_pete_lower 1580012749343 320 190 touchmove 22 71 26.666666030884 24.444444656372 20 nagoya 0
nagoya_movement_pete_lower 1580012749360 320 190 touchmove 24 73 26.666666030884 24.444444656372 8 nagoya 0
nagoya_movement_pete_lower 1580012749377 320 190 touchmove 27 74 26.666666030884 24.444444656372 1 nagoya 0
nagoya_movement_pete_lower 1580012749394 320 190 touchmove 31 75 28.888889312744 24.444444656372 10 nagoya 0
nagoya_movement_pete_lower 1580012749410 320 190 touchmove 38 76 31.111110687256 24.444444656372 6 nagoya 0
nagoya_movement_pete_lower 1580012749428 320 190 touchmove 47 76 28.888889312744 24.444444656372 10 nagoya 0
nagoya_movement_pete_lower 1580012749443 320 190 touchmove 59 76 28.888889312744 24.444444656372 4 nagoya 0
nagoya_movement_pete_lower 1580012749460 320 190 touchmove 70 76 28.888889312744 24.444444656372 10 nagoya 0
nagoya_movement_pete_lower 1580012749479 320 190 touchmove 82 76 26.666666030884 24.444444656372 11.000007629395 nagoya 0
nagoya_movement_pete_lower 1580012749497 320 190 touchmove 97 78 31.111110687256 24.444444656372 9.0000076293945 nagoya 0
nagoya_movement_pete_lower 1580012749510 320 190 touchmove 109 78 28.888889312744 24.444444656372 0 nagoya 0
nagoya_movement_pete_lower 1580012749526 320 190 touchmove 121 79 26.666666030884 24.444444656372 13 nagoya 0
nagoya_movement_pete_lower 1580012749545 320 190 touchmove 131 79 28.888889312744 24.444444656372 10 nagoya 0
nagoya_movement_pete_lower 1580012749560 320 190 touchmove 140 79 26.666666030884 24.444444656372 11.000007629395 nagoya 0
nagoya_movement_pete_lower 1580012749579 320 190 touchmove 149 79 28.888889312744 24.444444656372 11.000007629395 nagoya 0
nagoya_movement_pete_lower 1580012749594 320 190 touchmove 155 78 26.666666030884 24.444444656372 9.0000076293945 nagoya 0
nagoya_movement_pete_lower 1580012749610 320 190 touchmove 159 78 26.666666030884 24.444444656372 7 nagoya 0
nagoya_movement_pete_lower 1580012749627 320 190 touchmove 164 77 28.888889312744 24.444444656372 9.0000076293945 nagoya 0
nagoya_movement_pete_lower 1580012749644 320 190 touchmove 167 77 28.888889312744 24.444444656372 10 nagoya 0
nagoya_movement_pete_lower 1580012749660 320 190 touchmove 169 77 26.666666030884 24.444444656372 13 nagoya 0
nagoya_movement_pete_lower 1580012749676 320 190 touchmove 170 77 26.666666030884 24.444444656372 12 nagoya 0
nagoya_movement_pete_lower 1580012749693 320 190 touchmove 171 77 26.666666030884 24.444444656372 12 nagoya 0
nagoya_movement_pete_lower 1580012749711 320 190 touchmove 171 78 26.666666030884 24.444444656372 12 nagoya 0
nagoya_movement_pete_lower 1580012749727 320 190 touchmove 171 78 26.666666030884 24.444444656372 12 nagoya 0
nagoya_movement_pete_lower 1580012749743 320 190 touchmove 172 78 26.666666030884 24.444444656372 8 nagoya 0
nagoya_movement_pete_lower 1580012749759 320 190 touchmove 172 77 26.666666030884 24.444444656372 13 nagoya 0
nagoya_movement_pete_lower 1580012749776 320 190 touchmove 175 77 26.666666030884 24.444444656372 15 nagoya 0
nagoya_movement_pete_lower 1580012749794 320 190 touchmove 182 74 28.888889312744 24.444444656372 9.0000076293945 nagoya 0
nagoya_movement_pete_lower 1580012749809 320 190 touchmove 193 69 26.666666030884 24.444444656372 13 nagoya 0
nagoya_movement_pete_lower 1580012749825 320 190 touchmove 204 65 28.888889312744 24.444444656372 3.0000076293945 nagoya 0
nagoya_movement_pete_lower 1580012749842 320 190 touchmove 217 61 26.666666030884 24.444444656372 23.000007629395 nagoya 0
nagoya_movement_pete_lower 1580012749860 320 190 touchmove 229 58 26.666666030884 24.444444656372 19 nagoya 0
nagoya_movement_pete_lower 1580012749878 320 190 touchmove 241 52 26.666666030884 22.22222328186 12 nagoya 0
nagoya_movement_pete_lower 1580012749893 320 190 touchmove 251 48 26.666666030884 22.22222328186 14 nagoya 0
nagoya_movement_pete_lower 1580012749909 320 190 touchmove 259 45 26.666666030884 22.22222328186 18 nagoya 0
nagoya_movement_pete_lower 1580012749925 320 190 touchmove 266 41 26.666666030884 24.444444656372 13 nagoya 0
nagoya_movement_pete_lower 1580012749944 320 190 touchmove 270 39 28.888889312744 24.444444656372 9.0000076293945 nagoya 0
nagoya_movement_pete_lower 1580012749959 320 190 touchmove 272 38 28.888889312744 24.444444656372 8 nagoya 0
nagoya_movement_pete_lower 1580012749977 320 190 touchmove 274 37 28.888889312744 20 3.0000076293945 nagoya 0
nagoya_movement_pete_lower 1580012749995 320 190 touchmove 275 37 28.888889312744 24.444444656372 3.0000076293945 nagoya 0
nagoya_movement_pete_lower 1580012750012 320 190 touchmove 275 36 28.888889312744 22.22222328186 2.0000076293945 nagoya 0
nagoya_movement_pete_lower 1580012750043 320 190 touchmove 268 32 26.666666030884 22.22222328186 17.000007629395 nagoya 0
nagoya_movement_pete_lower 1580012750060 320 190 touchmove 257 30 28.888889312744 22.22222328186 5.0000076293945 nagoya 0
nagoya_movement_pete_lower 1580012750077 320 190 touchmove 246 29 28.888889312744 24.444444656372 7 nagoya 0
nagoya_movement_pete_lower 1580012750094 320 190 touchmove 234 27 26.666666030884 24.444444656372 13 nagoya 0
nagoya_movement_pete_lower 1580012750111 320 190 touchmove 225 27 31.111110687256 24.444444656372 8 nagoya 0
nagoya_movement_pete_lower 1580012750127 320 190 touchmove 216 26 26.666666030884 24.444444656372 10 nagoya 0
nagoya_movement_pete_lower 1580012750145 320 190 touchmove 210 26 31.111110687256 24.444444656372 10 nagoya 0
nagoya_movement_pete_lower 1580012750160 320 190 touchmove 205 26 31.111110687256 24.444444656372 5.0000076293945 nagoya 0
nagoya_movement_pete_lower 1580012750177 320 190 touchmove 202 26 26.666666030884 24.444444656372 6 nagoya 0
nagoya_movement_pete_lower 1580012750194 320 190 touchmove 200 27 26.666666030884 24.444444656372 9.0000076293945 nagoya 0
nagoya_movement_pete_lower 1580012750214 320 190 touchmove 197 28 26.666666030884 24.444444656372 16.000007629395 nagoya 0
nagoya_movement_pete_lower 1580012750230 320 190 touchmove 193 30 28.888889312744 24.444444656372 5.0000076293945 nagoya 0
nagoya_movement_pete_lower 1580012750244 320 190 touchmove 190 33 28.888889312744 24.444444656372 5.0000076293945 nagoya 0
nagoya_movement_pete_lower 1580012750262 320 190 touchmove 185 35 26.666666030884 24.444444656372 4 nagoya 0
nagoya_movement_pete_lower 1580012750277 320 190 touchmove 181 37 26.666666030884 24.444444656372 11.000007629395 nagoya 0
nagoya_movement_pete_lower 1580012750295 320 190 touchmove 176 39 31.111110687256 24.444444656372 10 nagoya 0
nagoya_movement_pete_lower 1580012750311 320 190 touchmove 171 40 28.888889312744 24.444444656372 2.0000076293945 nagoya 0
nagoya_movement_pete_lower 1580012750329 320 190 touchmove 167 40 26.666666030884 24.444444656372 7 nagoya 0
nagoya_movement_pete_lower 1580012750344 320 190 touchmove 164 41 26.666666030884 24.444444656372 11.000007629395 nagoya 0
nagoya_movement_pete_lower 1580012750361 320 190 touchmove 161 41 26.666666030884 24.444444656372 16.000007629395 nagoya 0
nagoya_movement_pete_lower 1580012750377 320 190 touchmove 159 41 28.888889312744 24.444444656372 10 nagoya 0
nagoya_movement_pete_lower 1580012750395 320 190 touchmove 157 41 28.888889312744 24.444444656372 4 nagoya 0
nagoya_movement_pete_lower 1580012750414 320 190 touchmove 155 41 31.111110687256 24.444444656372 8 nagoya 0
nagoya_movement_pete_lower 1580012750431 320 190 touchmove 154 41 28.888889312744 24.444444656372 4 nagoya 0
nagoya_movement_pete_lower 1580012750444 320 190 touchmove 153 41 28.888889312744 24.444444656372 2.0000076293945 nagoya 0
nagoya_movement_pete_lower 1580012750460 320 190 touchmove 152 41 28.888889312744 24.444444656372 3.0000076293945 nagoya 0
nagoya_movement_pete_lower 1580012750477 320 190 touchmove 151 41 26.666666030884 24.444444656372 14 nagoya 0
nagoya_movement_pete_lower 1580012750493 320 190 touchmove 149 41 26.666666030884 24.444444656372 6 nagoya 0
nagoya_movement_pete_lower 1580012750510 320 190 touchmove 145 43 26.666666030884 24.444444656372 8 nagoya 0
nagoya_movement_pete_lower 1580012750528 320 190 touchmove 136 47 28.888889312744 24.444444656372 6 nagoya 0
nagoya_movement_pete_lower 1580012750545 320 190 touchmove 128 53 26.666666030884 24.444444656372 14 nagoya 0
nagoya_movement_pete_lower 1580012750560 320 190 touchmove 118 57 28.888889312744 24.444444656372 3.0000076293945 nagoya 0
nagoya_movement_pete_lower 1580012750577 320 190 touchmove 110 61 26.666666030884 24.444444656372 12 nagoya 0
nagoya_movement_pete_lower 1580012750595 320 190 touchmove 100 64 28.888889312744 24.444444656372 5.0000076293945 nagoya 0
nagoya_movement_pete_lower 1580012750613 320 190 touchmove 91 67 26.666666030884 24.444444656372 2.0000076293945 nagoya 0
nagoya_movement_pete_lower 1580012750631 320 190 touchmove 82 71 28.888889312744 24.444444656372 5.0000076293945 nagoya 0
nagoya_movement_pete_lower 1580012750643 320 190 touchmove 75 74 26.666666030884 24.444444656372 7 nagoya 0
nagoya_movement_pete_lower 1580012750660 320 190 touchmove 67 76 28.888889312744 24.444444656372 1 nagoya 0
nagoya_movement_pete_lower 1580012750679 320 190 touchmove 60 78 26.666666030884 24.444444656372 2.0000076293945 nagoya 0
nagoya_movement_pete_lower 1580012750694 320 190 touchmove 53 80 26.666666030884 24.444444656372 10 nagoya 0
nagoya_movement_pete_lower 1580012750711 320 190 touchmove 46 82 28.888889312744 24.444444656372 9.0000076293945 nagoya 0
nagoya_movement_pete_lower 1580012750726 320 190 touchmove 42 83 26.666666030884 24.444444656372 9.0000076293945 nagoya 0
nagoya_movement_pete_lower 1580012750744 320 190 touchmove 38 85 26.666666030884 24.444444656372 8 nagoya 0
nagoya_movement_pete_lower 1580012750760 320 190 touchmove 35 86 26.666666030884 24.444444656372 10 nagoya 0
nagoya_movement_pete_lower 1580012750778 320 190 touchmove 33 87 26.666666030884 24.444444656372 15 nagoya 0
nagoya_movement_pete_lower 1580012750794 320 190 touchmove 32 87 26.666666030884 24.444444656372 32.000003814697 nagoya 0
nagoya_movement_pete_lower 1580012750811 320 190 touchmove 30 89 26.666666030884 26.666666030884 45 nagoya 0
nagoya_movement_pete_lower 1580012750827 320 190 touchmove 29 89 26.666666030884 24.444444656372 10 nagoya 0
nagoya_movement_pete_lower 1580012750844 320 190 touchmove 28 90 26.666666030884 24.444444656372 10 nagoya 0
nagoya_movement_pete_lower 1580012750861 320 190 touchmove 28 91 26.666666030884 24.444444656372 7 nagoya 0
nagoya_movement_pete_lower 1580012750876 320 190 touchmove 28 91 28.888889312744 26.666666030884 2.0000076293945 nagoya 0
nagoya_movement_pete_lower 1580012750879 320 190 touchend 28 91 28.888889312744 26.666666030884 2.0000076293945 nagoya 0
nagoya_movement_pete_lower 1580012751951 320 190 touchstart 267 137 26.666666030884 24.444444656372 10 movement 0
nagoya_movement_pete_lower 1580012752012 320 190 touchmove 266 135 26.666666030884 20 2.0000076293945 movement 0
nagoya_movement_pete_lower 1580012752029 320 190 touchmove 266 133 26.666666030884 20 4 movement 0
nagoya_movement_pete_lower 1580012752045 320 190 touchmove 265 130 26.666666030884 22.22222328186 16.000007629395 movement 0
nagoya_movement_pete_lower 1580012752061 320 190 touchmove 264 125 26.666666030884 24.444444656372 12 movement 0
nagoya_movement_pete_lower 1580012752078 320 190 touchmove 264 112 26.666666030884 22.22222328186 11.000007629395 movement 0
nagoya_movement_pete_lower 1580012752094 320 190 touchmove 264 98 26.666666030884 24.444444656372 15 movement 0
nagoya_movement_pete_lower 1580012752111 320 190 touchmove 264 83 26.666666030884 22.22222328186 18 movement 0
nagoya_movement_pete_lower 1580012752128 320 190 touchmove 264 69 26.666666030884 22.22222328186 18 movement 0
nagoya_movement_pete_lower 1580012752144 320 190 touchmove 265 54 26.666666030884 22.22222328186 24 movement 0
nagoya_movement_pete_lower 1580012752162 320 190 touchmove 268 43 26.666666030884 24.444444656372 23.000007629395 movement 0
nagoya_movement_pete_lower 1580012752178 320 190 touchmove 271 33 28.888889312744 22.22222328186 13 movement 0
nagoya_movement_pete_lower 1580012752195 320 190 touchmove 275 26 28.888889312744 24.444444656372 18 movement 0
nagoya_movement_pete_lower 1580012752211 320 190 touchmove 277 21 26.666666030884 24.444444656372 15 movement 0
nagoya_movement_pete_lower 1580012752228 320 190 touchmove 278 20 26.666666030884 20 8 movement 0
nagoya_movement_pete_lower 1580012752245 320 190 touchmove 278 20 28.888889312744 24.444444656372 7 movement 0
nagoya_movement_pete_lower 1580012752262 320 190 touchmove 275 20 26.666666030884 24.444444656372 11.000007629395 movement 0
nagoya_movement_pete_lower 1580012752278 320 190 touchmove 265 29 26.666666030884 24.444444656372 17.000007629395 movement 0
nagoya_movement_pete_lower 1580012752295 320 190 touchmove 255 39 26.666666030884 24.444444656372 7 movement 0
nagoya_movement_pete_lower 1580012752313 320 190 touchmove 242 53 28.888889312744 22.22222328186 3.0000076293945 movement 0
nagoya_movement_pete_lower 1580012752329 320 190 touchmove 231 64 26.666666030884 24.444444656372 7 movement 0
nagoya_movement_pete_lower 1580012752350 320 190 touchmove 220 76 31.111110687256 24.444444656372 0 movement 0
nagoya_movement_pete_lower 1580012752362 320 190 touchmove 207 89 28.888889312744 22.22222328186 1 movement 0
nagoya_movement_pete_lower 1580012752378 320 190 touchmove 196 100 24.444444656372 26.666666030884 89 movement 0
nagoya_movement_pete_lower 1580012752396 320 190 touchmove 185 110 28.888889312744 24.444444656372 3.0000076293945 movement 0
nagoya_movement_pete_lower 1580012752414 320 190 touchmove 177 117 26.666666030884 24.444444656372 3.0000076293945 movement 0
nagoya_movement_pete_lower 1580012752429 320 190 touchmove 169 123 24.444444656372 26.666666030884 86.999992370605 movement 0
nagoya_movement_pete_lower 1580012752446 320 190 touchmove 164 129 26.666666030884 24.444444656372 8 movement 0
nagoya_movement_pete_lower 1580012752462 320 190 touchmove 161 132 26.666666030884 24.444444656372 2.0000076293945 movement 0
nagoya_movement_pete_lower 1580012752481 320 190 touchmove 160 134 26.666666030884 24.444444656372 7 movement 0
nagoya_movement_pete_lower 1580012752496 320 190 touchmove 159 136 26.666666030884 24.444444656372 9.0000076293945 movement 0
nagoya_movement_pete_lower 1580012752513 320 190 touchmove 158 137 26.666666030884 24.444444656372 7 movement 0
nagoya_movement_pete_lower 1580012752529 320 190 touchmove 158 137 26.666666030884 24.444444656372 2.0000076293945 movement 0
nagoya_movement_pete_lower 1580012752546 320 190 touchmove 158 137 26.666666030884 24.444444656372 7 movement 0
nagoya_movement_pete_lower 1580012752578 320 190 touchmove 155 133 28.888889312744 20 0 movement 0
nagoya_movement_pete_lower 1580012752596 320 190 touchmove 151 125 28.888889312744 24.444444656372 7 movement 0
nagoya_movement_pete_lower 1580012752613 320 190 touchmove 146 114 26.666666030884 20 3.0000076293945 movement 0
nagoya_movement_pete_lower 1580012752630 320 190 touchmove 141 104 26.666666030884 24.444444656372 3.0000076293945 movement 0
nagoya_movement_pete_lower 1580012752645 320 190 touchmove 133 91 28.888889312744 22.22222328186 1 movement 0
nagoya_movement_pete_lower 1580012752662 320 190 touchmove 125 81 26.666666030884 24.444444656372 2.0000076293945 movement 0
nagoya_movement_pete_lower 1580012752678 320 190 touchmove 116 69 28.888889312744 24.444444656372 2.0000076293945 movement 0
nagoya_movement_pete_lower 1580012752695 320 190 touchmove 108 60 26.666666030884 24.444444656372 6 movement 0
nagoya_movement_pete_lower 1580012752712 320 190 touchmove 101 51 28.888889312744 24.444444656372 4 movement 0
nagoya_movement_pete_lower 1580012752729 320 190 touchmove 95 44 26.666666030884 24.444444656372 8 movement 0
nagoya_movement_pete_lower 1580012752745 320 190 touchmove 91 37 26.666666030884 24.444444656372 15 movement 0
nagoya_movement_pete_lower 1580012752763 320 190 touchmove 89 34 26.666666030884 24.444444656372 14 movement 0
nagoya_movement_pete_lower 1580012752781 320 190 touchmove 89 33 28.888889312744 24.444444656372 16.000007629395 movement 0
nagoya_movement_pete_lower 1580012752796 320 190 touchmove 89 32 26.666666030884 24.444444656372 17.000007629395 movement 0
nagoya_movement_pete_lower 1580012752846 320 190 touchmove 103 48 28.888889312744 22.22222328186 19 movement 0
nagoya_movement_pete_lower 1580012752863 320 190 touchmove 116 59 31.111110687256 24.444444656372 15 movement 0
nagoya_movement_pete_lower 1580012752879 320 190 touchmove 132 71 28.888889312744 24.444444656372 8 movement 0
nagoya_movement_pete_lower 1580012752896 320 190 touchmove 148 82 31.111110687256 24.444444656372 11.000007629395 movement 0
nagoya_movement_pete_lower 1580012752912 320 190 touchmove 165 93 26.666666030884 20 3.0000076293945 movement 0
nagoya_movement_pete_lower 1580012752929 320 190 touchmove 182 102 26.666666030884 24.444444656372 7 movement 0
nagoya_movement_pete_lower 1580012752946 320 190 touchmove 196 112 26.666666030884 24.444444656372 9.0000076293945 movement 0
nagoya_movement_pete_lower 1580012752963 320 190 touchmove 210 120 26.666666030884 24.444444656372 7 movement 0
nagoya_movement_pete_lower 1580012752980 320 190 touchmove 224 130 26.666666030884 20 1 movement 0
nagoya_movement_pete_lower 1580012753029 320 190 touchmove 236 139 22.22222328186 26.666666030884 77 movement 0
nagoya_movement_pete_lower 1580012753035 320 190 touchmove 253 149 20 24.444444656372 86.999992370605 movement 0
nagoya_movement_pete_lower 1580012753049 320 190 touchmove 259 152 24.444444656372 26.666666030884 73.999992370605 movement 0
nagoya_movement_pete_lower 1580012753066 320 190 touchmove 262 153 26.666666030884 24.444444656372 11.000007629395 movement 0
nagoya_movement_pete_lower 1580012753083 320 190 touchmove 263 153 26.666666030884 24.444444656372 6 movement 0
nagoya_movement_pete_lower 1580012753101 320 190 touchmove 263 153 26.666666030884 24.444444656372 15 movement 0
nagoya_movement_pete_lower 1580012753128 320 190 touchmove 259 150 20 26.666666030884 89 movement 0
nagoya_movement_pete_lower 1580012753145 320 190 touchmove 248 144 26.666666030884 22.22222328186 3.0000076293945 movement 0
nagoya_movement_pete_lower 1580012753161 320 190 touchmove 231 135 26.666666030884 22.22222328186 3.0000076293945 movement 0
nagoya_movement_pete_lower 1580012753178 320 190 touchmove 212 124 26.666666030884 22.22222328186 5.0000076293945 movement 0
nagoya_movement_pete_lower 1580012753197 320 190 touchmove 193 112 26.666666030884 24.444444656372 4 movement 0
nagoya_movement_pete_lower 1580012753212 320 190 touchmove 176 101 26.666666030884 24.444444656372 6 movement 0
nagoya_movement_pete_lower 1580012753228 320 190 touchmove 160 90 26.666666030884 20 1 movement 0
nagoya_movement_pete_lower 1580012753246 320 190 touchmove 146 80 26.666666030884 24.444444656372 3.0000076293945 movement 0
nagoya_movement_pete_lower 1580012753261 320 190 touchmove 132 69 28.888889312744 22.22222328186 0 movement 0
nagoya_movement_pete_lower 1580012753278 320 190 touchmove 121 58 24.444444656372 26.666666030884 80.999992370605 movement 0
nagoya_movement_pete_lower 1580012753295 320 190 touchmove 112 49 26.666666030884 24.444444656372 8 movement 0
nagoya_movement_pete_lower 1580012753312 320 190 touchmove 103 42 28.888889312744 24.444444656372 4 movement 0
nagoya_movement_pete_lower 1580012753329 320 190 touchmove 95 35 26.666666030884 20 3.0000076293945 movement 0
nagoya_movement_pete_lower 1580012753345 320 190 touchmove 91 32 26.666666030884 24.444444656372 5.0000076293945 movement 0
nagoya_movement_pete_lower 1580012753365 320 190 touchmove 88 29 28.888889312744 24.444444656372 5.0000076293945 movement 0
nagoya_movement_pete_lower 1580012753379 320 190 touchmove 87 29 28.888889312744 24.444444656372 2.0000076293945 movement 0
nagoya_movement_pete_lower 1580012753394 320 190 touchmove 87 28 26.666666030884 24.444444656372 13 movement 0
nagoya_movement_pete_lower 1580012753446 320 190 touchmove 91 31 28.888889312744 26.666666030884 19 movement 0
nagoya_movement_pete_lower 1580012753463 320 190 touchmove 98 38 31.111110687256 24.444444656372 16.000007629395 movement 0
nagoya_movement_pete_lower 1580012753482 320 190 touchmove 108 48 26.666666030884 24.444444656372 16.000007629395 movement 0
nagoya_movement_pete_lower 1580012753495 320 190 touchmove 117 57 31.111110687256 24.444444656372 12 movement 0
nagoya_movement_pete_lower 1580012753512 320 190 touchmove 129 66 28.888889312744 24.444444656372 6 movement 0
nagoya_movement_pete_lower 1580012753528 320 190 touchmove 142 75 26.666666030884 24.444444656372 10 movement 0
nagoya_movement_pete_lower 1580012753546 320 190 touchmove 156 84 26.666666030884 24.444444656372 3.0000076293945 movement 0
nagoya_movement_pete_lower 1580012753564 320 190 touchmove 171 96 26.666666030884 24.444444656372 0 movement 0
nagoya_movement_pete_lower 1580012753580 320 190 touchmove 187 107 24.444444656372 28.888889312744 89 movement 0
nagoya_movement_pete_lower 1580012753599 320 190 touchmove 201 117 26.666666030884 24.444444656372 2.0000076293945 movement 0
nagoya_movement_pete_lower 1580012753614 320 190 touchmove 211 123 26.666666030884 22.22222328186 3.0000076293945 movement 0
nagoya_movement_pete_lower 1580012753630 320 190 touchmove 222 131 22.22222328186 26.666666030884 84.999992370605 movement 0
nagoya_movement_pete_lower 1580012753648 320 190 touchmove 228 135 26.666666030884 24.444444656372 2.0000076293945 movement 0
nagoya_movement_pete_lower 1580012753666 320 190 touchmove 233 139 22.22222328186 24.444444656372 78.999992370605 movement 0
nagoya_movement_pete_lower 1580012753679 320 190 touchmove 237 142 22.22222328186 28.888889312744 86.999992370605 movement 0
nagoya_movement_pete_lower 1580012753696 320 190 touchmove 239 143 26.666666030884 22.22222328186 0 movement 0
nagoya_movement_pete_lower 1580012753715 320 190 touchmove 241 144 20 26.666666030884 89 movement 0
nagoya_movement_pete_lower 1580012753731 320 190 touchmove 241 144 26.666666030884 20 0 movement 0
nagoya_movement_pete_lower 1580012753748 320 190 touchmove 241 144 20 26.666666030884 89 movement 0
nagoya_movement_pete_lower 1580012753779 320 190 touchmove 230 139 26.666666030884 22.22222328186 8 movement 0
nagoya_movement_pete_lower 1580012753797 320 190 touchmove 215 127 26.666666030884 20 2.0000076293945 movement 0
nagoya_movement_pete_lower 1580012753813 320 190 touchmove 199 112 26.666666030884 22.22222328186 16.000007629395 movement 0
nagoya_movement_pete_lower 1580012753833 320 190 touchmove 185 97 28.888889312744 24.444444656372 3.0000076293945 movement 0
nagoya_movement_pete_lower 1580012753846 320 190 touchmove 170 80 28.888889312744 24.444444656372 1 movement 0
nagoya_movement_pete_lower 1580012753863 320 190 touchmove 159 66 26.666666030884 24.444444656372 4 movement 0
nagoya_movement_pete_lower 1580012753879 320 190 touchmove 149 51 22.22222328186 26.666666030884 87.999992370605 movement 0
nagoya_movement_pete_lower 1580012753896 320 190 touchmove 143 37 24.444444656372 26.666666030884 86 movement 0
nagoya_movement_pete_lower 1580012753914 320 190 touchmove 138 28 28.888889312744 24.444444656372 1 movement 0
nagoya_movement_pete_lower 1580012753929 320 190 touchmove 136 23 28.888889312744 24.444444656372 5.0000076293945 movement 0
nagoya_movement_pete_lower 1580012753945 320 190 touchmove 135 20 28.888889312744 22.22222328186 5.0000076293945 movement 0
nagoya_movement_pete_lower 1580012753964 320 190 touchmove 134 18 28.888889312744 22.22222328186 4 movement 0
nagoya_movement_pete_lower 1580012753980 320 190 touchmove 134 18 28.888889312744 20 4 movement 0
nagoya_movement_pete_lower 1580012753998 320 190 touchmove 134 18 31.111110687256 26.666666030884 5.0000076293945 movement 0
nagoya_movement_pete_lower 1580012754000 320 190 touchend 134 18 31.111110687256 26.666666030884 5.0000076293945 movement 0
nagoya_movement_pete_lower 1580012755002 320 190 touchstart 308 25 24.444444656372 15.555555343628 88 pete 0
nagoya_movement_pete_lower 1580012755096 320 190 touchmove 296 30 26.666666030884 20 4 pete 0
nagoya_movement_pete_lower 1580012755113 320 190 touchmove 284 34 26.666666030884 20 4 pete 0
nagoya_movement_pete_lower 1580012755129 320 190 touchmove 268 36 26.666666030884 22.22222328186 22 pete 0
nagoya_movement_pete_lower 1580012755146 320 190 touchmove 250 36 26.666666030884 24.444444656372 17.000007629395 pete 0
nagoya_movement_pete_lower 1580012755162 320 190 touchmove 230 36 26.666666030884 24.444444656372 22 pete 0
nagoya_movement_pete_lower 1580012755179 320 190 touchmove 207 37 26.666666030884 24.444444656372 1 pete 0
nagoya_movement_pete_lower 1580012755196 320 190 touchmove 188 38 28.888889312744 24.444444656372 9.0000076293945 pete 0
nagoya_movement_pete_lower 1580012755213 320 190 touchmove 170 38 28.888889312744 24.444444656372 9.0000076293945 pete 0
nagoya_movement_pete_lower 1580012755229 320 190 touchmove 153 39 28.888889312744 24.444444656372 5.0000076293945 pete 0
nagoya_movement_pete_lower 1580012755246 320 190 touchmove 139 41 26.666666030884 24.444444656372 16.000007629395 pete 0
nagoya_movement_pete_lower 1580012755263 320 190 touchmove 129 42 26.666666030884 24.444444656372 18 pete 0
nagoya_movement_pete_lower 1580012755280 320 190 touchmove 117 42 26.666666030884 24.444444656372 18 pete 0
nagoya_movement_pete_lower 1580012755297 320 190 touchmove 108 41 26.666666030884 24.444444656372 17.000007629395 pete 0
nagoya_movement_pete_lower 1580012755313 320 190 touchmove 100 40 28.888889312744 24.444444656372 10 pete 0
nagoya_movement_pete_lower 1580012755330 320 190 touchmove 95 39 26.666666030884 24.444444656372 12 pete 0
nagoya_movement_pete_lower 1580012755346 320 190 touchmove 90 38 26.666666030884 24.444444656372 20 pete 0
nagoya_movement_pete_lower 1580012755367 320 190 touchmove 87 38 28.888889312744 24.444444656372 6 pete 0
nagoya_movement_pete_lower 1580012755380 320 190 touchmove 86 37 28.888889312744 24.444444656372 6 pete 0
nagoya_movement_pete_lower 1580012755396 320 190 touchmove 85 37 28.888889312744 24.444444656372 8 pete 0
nagoya_movement_pete_lower 1580012755413 320 190 touchmove 85 37 26.666666030884 24.444444656372 6 pete 0
nagoya_movement_pete_lower 1580012755447 320 190 touchmove 97 37 28.888889312744 24.444444656372 8 pete 0
nagoya_movement_pete_lower 1580012755463 320 190 touchmove 108 37 26.666666030884 24.444444656372 16.000007629395 pete 0
nagoya_movement_pete_lower 1580012755480 320 190 touchmove 122 37 26.666666030884 24.444444656372 14 pete 0
nagoya_movement_pete_lower 1580012755497 320 190 touchmove 135 37 26.666666030884 24.444444656372 2.0000076293945 pete 0
nagoya_movement_pete_lower 1580012755514 320 190 touchmove 149 35 28.888889312744 20 2.0000076293945 pete 0
nagoya_movement_pete_lower 1580012755530 320 190 touchmove 157 32 26.666666030884 22.22222328186 4 pete 0
nagoya_movement_pete_lower 1580012755548 320 190 touchmove 163 31 28.888889312744 22.22222328186 8 pete 0
nagoya_movement_pete_lower 1580012755564 320 190 touchmove 164 30 28.888889312744 24.444444656372 9.0000076293945 pete 0
nagoya_movement_pete_lower 1580012755580 320 190 touchmove 165 30 28.888889312744 24.444444656372 7 pete 0
nagoya_movement_pete_lower 1580012755602 320 190 touchmove 165 30 28.888889312744 24.444444656372 8 pete 0
nagoya_movement_pete_lower 1580012755647 320 190 touchmove 143 29 26.666666030884 22.22222328186 18 pete 0
nagoya_movement_pete_lower 1580012755664 320 190 touchmove 130 28 26.666666030884 24.444444656372 12 pete 0
nagoya_movement_pete_lower 1580012755680 320 190 touchmove 117 27 28.888889312744 24.444444656372 10 pete 0
nagoya_movement_pete_lower 1580012755702 320 190 touchmove 107 26 26.666666030884 24.444444656372 17.000007629395 pete 0
nagoya_movement_pete_lower 1580012755714 320 190 touchmove 98 25 28.888889312744 24.444444656372 14 pete 0
nagoya_movement_pete_lower 1580012755730 320 190 touchmove 92 24 26.666666030884 24.444444656372 14 pete 0
nagoya_movement_pete_lower 1580012755748 320 190 touchmove 88 23 28.888889312744 24.444444656372 11.000007629395 pete 0
nagoya_movement_pete_lower 1580012755766 320 190 touchmove 85 22 31.111110687256 24.444444656372 9.0000076293945 pete 0
nagoya_movement_pete_lower 1580012755782 320 190 touchmove 84 22 31.111110687256 24.444444656372 2.0000076293945 pete 0
nagoya_movement_pete_lower 1580012755798 320 190 touchmove 83 22 28.888889312744 24.444444656372 8 pete 0
nagoya_movement_pete_lower 1580012755814 320 190 touchmove 83 22 28.888889312744 24.444444656372 6 pete 0
nagoya_movement_pete_lower 1580012755845 320 190 touchmove 83 22 28.888889312744 26.666666030884 7 pete 0
nagoya_movement_pete_lower 1580012755848 320 190 touchend 83 22 28.888889312744 26.666666030884 7 pete 0
nagoya_movement_pete_lower 1580012756711 320 190 touchstart 294 83 24.444444656372 22.22222328186 71 lower 0
nagoya_movement_pete_lower 1580012756747 320 190 touchmove 294 83 26.666666030884 22.22222328186 5.0000076293945 lower 0
nagoya_movement_pete_lower 1580012756797 320 190 touchmove 290 83 26.666666030884 22.22222328186 12 lower 0
nagoya_movement_pete_lower 1580012756814 320 190 touchmove 288 82 26.666666030884 24.444444656372 11.000007629395 lower 0
nagoya_movement_pete_lower 1580012756830 320 190 touchmove 282 78 26.666666030884 22.22222328186 12 lower 0
nagoya_movement_pete_lower 1580012756848 320 190 touchmove 276 70 28.888889312744 22.22222328186 8 lower 0
nagoya_movement_pete_lower 1580012756864 320 190 touchmove 270 60 26.666666030884 24.444444656372 22 lower 0
nagoya_movement_pete_lower 1580012756884 320 190 touchmove 267 50 26.666666030884 24.444444656372 20 lower 0
nagoya_movement_pete_lower 1580012756897 320 190 touchmove 264 42 26.666666030884 24.444444656372 27.000003814697 lower 0
nagoya_movement_pete_lower 1580012756914 320 190 touchmove 262 36 28.888889312744 24.444444656372 10 lower 0
nagoya_movement_pete_lower 1580012756930 320 190 touchmove 261 34 28.888889312744 24.444444656372 9.0000076293945 lower 0
nagoya_movement_pete_lower 1580012756946 320 190 touchmove 261 32 28.888889312744 24.444444656372 10 lower 0
nagoya_movement_pete_lower 1580012756964 320 190 touchmove 260 32 28.888889312744 24.444444656372 7 lower 0
nagoya_movement_pete_lower 1580012756980 320 190 touchmove 260 31 28.888889312744 24.444444656372 10 lower 0
nagoya_movement_pete_lower 1580012756997 320 190 touchmove 260 31 28.888889312744 24.444444656372 10 lower 0
nagoya_movement_pete_lower 1580012757063 320 190 touchmove 260 31 28.888889312744 24.444444656372 8 lower 0
nagoya_movement_pete_lower 1580012757081 320 190 touchmove 260 31 28.888889312744 24.444444656372 9.0000076293945 lower 0
nagoya_movement_pete_lower 1580012757163 320 190 touchmove 259 31 28.888889312744 24.444444656372 9.0000076293945 lower 0
nagoya_movement_pete_lower 1580012757197 320 190 touchmove 257 30 26.666666030884 24.444444656372 7 lower 0
nagoya_movement_pete_lower 1580012757214 320 190 touchmove 252 32 28.888889312744 24.444444656372 23.000007629395 lower 0
nagoya_movement_pete_lower 1580012757230 320 190 touchmove 245 35 28.888889312744 24.444444656372 6 lower 0
nagoya_movement_pete_lower 1580012757247 320 190 touchmove 235 39 26.666666030884 24.444444656372 17.000007629395 lower 0
nagoya_movement_pete_lower 1580012757264 320 190 touchmove 222 41 31.111110687256 24.444444656372 9.0000076293945 lower 0
nagoya_movement_pete_lower 1580012757280 320 190 touchmove 205 44 31.111110687256 24.444444656372 6 lower 0
nagoya_movement_pete_lower 1580012757297 320 190 touchmove 187 46 28.888889312744 24.444444656372 7 lower 0
nagoya_movement_pete_lower 1580012757314 320 190 touchmove 169 47 28.888889312744 24.444444656372 7 lower 0
nagoya_movement_pete_lower 1580012757330 320 190 touchmove 151 48 28.888889312744 24.444444656372 7 lower 0
nagoya_movement_pete_lower 1580012757347 320 190 touchmove 133 47 28.888889312744 24.444444656372 5.0000076293945 lower 0
nagoya_movement_pete_lower 1580012757364 320 190 touchmove 115 46 28.888889312744 24.444444656372 9.0000076293945 lower 0
nagoya_movement_pete_lower 1580012757380 320 190 touchmove 99 44 28.888889312744 24.444444656372 11.000007629395 lower 0
nagoya_movement_pete_lower 1580012757398 320 190 touchmove 84 41 28.888889312744 24.444444656372 12 lower 0
nagoya_movement_pete_lower 1580012757414 320 190 touchmove 72 39 26.666666030884 24.444444656372 9.0000076293945 lower 0
nagoya_movement_pete_lower 1580012757431 320 190 touchmove 62 37 28.888889312744 24.444444656372 12 lower 0
nagoya_movement_pete_lower 1580012757447 320 190 touchmove 52 34 28.888889312744 26.666666030884 5.0000076293945 lower 0
nagoya_movement_pete_lower 1580012757464 320 190 touchmove 45 32 28.888889312744 24.444444656372 6 lower 0
nagoya_movement_pete_lower 1580012757480 320 190 touchmove 40 31 26.666666030884 24.444444656372 10 lower 0
nagoya_movement_pete_lower 1580012757497 320 190 touchmove 38 31 26.666666030884 24.444444656372 18 lower 0
nagoya_movement_pete_lower 1580012757514 320 190 touchmove 37 30 26.666666030884 24.444444656372 16.000007629395 lower 0
nagoya_movement_pete_lower 1580012757531 320 190 touchmove 36 30 26.666666030884 24.444444656372 13 lower 0
nagoya_movement_pete_lower 1580012757548 320 190 touchmove 36 30 28.888889312744 24.444444656372 13 lower 0
nagoya_movement_pete_lower 1580012757597 320 190 touchmove 40 30 28.888889312744 24.444444656372 5.0000076293945 lower 0
nagoya_movement_pete_lower 1580012757614 320 190 touchmove 47 29 26.666666030884 24.444444656372 9.0000076293945 lower 0
nagoya_movement_pete_lower 1580012757630 320 190 touchmove 56 28 31.111110687256 24.444444656372 9.0000076293945 lower 0
nagoya_movement_pete_lower 1580012757647 320 190 touchmove 64 27 28.888889312744 24.444444656372 10 lower 0
nagoya_movement_pete_lower 1580012757664 320 190 touchmove 71 26 31.111110687256 24.444444656372 6 lower 0
nagoya_movement_pete_lower 1580012757681 320 190 touchmove 76 25 28.888889312744 24.444444656372 8 lower 0
nagoya_movement_pete_lower 1580012757698 320 190 touchmove 81 24 28.888889312744 24.444444656372 16.000007629395 lower 0
nagoya_movement_pete_lower 1580012757714 320 190 touchmove 87 24 26.666666030884 24.444444656372 7 lower 0
nagoya_movement_pete_lower 1580012757731 320 190 touchmove 92 23 31.111110687256 24.444444656372 8 lower 0
nagoya_movement_pete_lower 1580012757747 320 190 touchmove 97 23 26.666666030884 24.444444656372 12 lower 0
nagoya_movement_pete_lower 1580012757764 320 190 touchmove 101 24 26.666666030884 24.444444656372 9.0000076293945 lower 0
nagoya_movement_pete_lower 1580012757781 320 190 touchmove 106 25 31.111110687256 24.444444656372 10 lower 0
nagoya_movement_pete_lower 1580012757798 320 190 touchmove 111 26 31.111110687256 24.444444656372 12 lower 0
nagoya_movement_pete_lower 1580012757814 320 190 touchmove 114 27 31.111110687256 24.444444656372 9.0000076293945 lower 0
nagoya_movement_pete_lower 1580012757831 320 190 touchmove 116 28 26.666666030884 24.444444656372 15 lower 0
nagoya_movement_pete_lower 1580012757848 320 190 touchmove 118 28 26.666666030884 24.444444656372 14 lower 0
nagoya_movement_pete_lower 1580012757864 320 190 touchmove 118 28 26.666666030884 24.444444656372 14 lower 0
nagoya_movement_pete_lower 1580012757881 320 190 touchmove 120 32 28.888889312744 24.444444656372 20 lower 0
nagoya_movement_pete_lower 1580012757898 320 190 touchmove 120 37 26.666666030884 24.444444656372 24 lower 0
nagoya_movement_pete_lower 1580012757905 320 190 touchmove 120 38 31.111110687256 26.666666030884 2.0000076293945 lower 0
nagoya_movement_pete_lower 1580012757907 320 190 touchend 120 38 31.111110687256 26.666666030884 2.0000076293945 lower 0
