sentence timestamp keyb_width keyb_height event x_pos y_pos x_radius y_radius angle word is_err
outlet_with_communities_rough 1580482907624 360 221 touchstart 312 35 0.83333337306976 0.83333337306976 0 outlet 0
outlet_with_communities_rough 1580482907729 360 221 touchmove 311 36 0.83333337306976 0.83333337306976 0 outlet 0
outlet_with_communities_rough 1580482907748 360 221 touchmove 309 39 0.83333337306976 0.83333337306976 0 outlet 0
outlet_with_communities_rough 1580482907764 360 221 touchmove 305 44 0.83333337306976 0.83333337306976 0 outlet 0
outlet_with_communities_rough 1580482907778 360 221 touchmove 297 49 0.83333337306976 0.83333337306976 0 outlet 0
outlet_with_communities_rough 1580482907795 360 221 touchmove 291 52 0.83333337306976 0.83333337306976 0 outlet 0
outlet_with_communities_rough 1580482907809 360 221 touchmove 288 54 0.83333337306976 0.83333337306976 0 outlet 0
outlet_with_communities_rough 1580482907828 360 221 touchmove 286 55 0.83333337306976 0.83333337306976 0 outlet 0
outlet_with_communities_rough 1580482907842 360 221 touchmove 285 55 0.83333337306976 0.83333337306976 0 outlet 0
outlet_with_communities_rough 1580482907860 360 221 touchmove 283 56 0.83333337306976 0.83333337306976 0 outlet 0
outlet_with_communities_rough 1580482907878 360 221 touchmove 282 57 0.83333337306976 0.83333337306976 0 outlet 0
outlet_with_communities_rough 1580482907894 360 221 touchmove 280 57 0.83333337306976 0.83333337306976 0 outlet 0
outlet_with_communities_rough 1580482907910 360 221 touchmove 279 58 0.83333337306976 0.83333337306976 0 outlet 0
outlet_with_communities_rough 1580482907928 360 221 touchmove 277 58 0.83333337306976 0.83333337306976 0 outlet 0
outlet_with_communities_rough 1580482907944 360 221 touchmove 276 58 0.83333337306976 0.83333337306976 0 outlet 0
outlet_with_communities_rough 1580482907961 360 221 touchmove 275 58 0.83333337306976 0.83333337306976 0 outlet 0
outlet_with_communities_rough 1580482907977 360 221 touchmove 273 58 0.83333337306976 0.83333337306976 0 outlet 0
outlet_with_communities_rough 1580482907994 360 221 touchmove 271 58 0.83333337306976 0.83333337306976 0 outlet 0
outlet_with_communities_rough 1580482908010 360 221 touchmove 267 57 0.83333337306976 0.83333337306976 0 outlet 0
outlet_with_communities_rough 1580482908027 360 221 touchmove 262 56 0.83333337306976 0.83333337306976 0 outlet 0
outlet_with_communities_rough 1580482908043 360 221 touchmove 258 55 0.83333337306976 0.83333337306976 0 outlet 0
outlet_with_communities_rough 1580482908062 360 221 touchmove 255 54 0.83333337306976 0.83333337306976 0 outlet 0
outlet_with_communities_rough 1580482908077 360 221 touchmove 252 53 0.83333337306976 0.83333337306976 0 outlet 0
outlet_with_communities_rough 1580482908093 360 221 touchmove 247 51 0.83333337306976 0.83333337306976 0 outlet 0
outlet_with_communities_rough 1580482908110 360 221 touchmove 243 50 0.83333337306976 0.83333337306976 0 outlet 0
outlet_with_communities_rough 1580482908127 360 221 touchmove 239 48 0.83333337306976 0.83333337306976 0 outlet 0
outlet_with_communities_rough 1580482908143 360 221 touchmove 237 48 0.83333337306976 0.83333337306976 0 outlet 0
outlet_with_communities_rough 1580482908161 360 221 touchmove 236 47 0.83333337306976 0.83333337306976 0 outlet 0
outlet_with_communities_rough 1580482908178 360 221 touchmove 235 47 0.83333337306976 0.83333337306976 0 outlet 0
outlet_with_communities_rough 1580482908193 360 221 touchmove 234 46 0.83333337306976 0.83333337306976 0 outlet 0
outlet_with_communities_rough 1580482908212 360 221 touchmove 234 46 0.83333337306976 0.83333337306976 0 outlet 0
outlet_with_communities_rough 1580482908227 360 221 touchmove 233 46 0.83333337306976 0.83333337306976 0 outlet 0
outlet_with_communities_rough 1580482908243 360 221 touchmove 233 46 0.83333337306976 0.83333337306976 0 outlet 0
outlet_with_communities_rough 1580482908260 360 221 touchmove 232 45 0.83333337306976 0.83333337306976 0 outlet 0
outlet_with_communities_rough 1580482908277 360 221 touchmove 232 45 0.83333337306976 0.83333337306976 0 outlet 0
outlet_with_communities_rough 1580482908294 360 221 touchmove 231 45 0.83333337306976 0.83333337306976 0 outlet 0
outlet_with_communities_rough 1580482908310 360 221 touchmove 231 45 0.83333337306976 0.83333337306976 0 outlet 0
outlet_with_communities_rough 1580482908327 360 221 touchmove 230 45 0.83333337306976 0.83333337306976 0 outlet 0
outlet_with_communities_rough 1580482908343 360 221 touchmove 230 45 0.83333337306976 0.83333337306976 0 outlet 0
outlet_with_communities_rough 1580482908360 360 221 touchmove 229 45 0.83333337306976 0.83333337306976 0 outlet 0
outlet_with_communities_rough 1580482908378 360 221 touchmove 227 45 0.83333337306976 0.83333337306976 0 outlet 0
outlet_with_communities_rough 1580482908393 360 221 touchmove 226 45 0.83333337306976 0.83333337306976 0 outlet 0
outlet_with_communities_rough 1580482908409 360 221 touchmove 221 44 0.83333337306976 0.83333337306976 0 outlet 0
outlet_with_communities_rough 1580482908427 360 221 touchmove 219 44 0.83333337306976 0.83333337306976 0 outlet 0
outlet_with_communities_rough 1580482908443 360 221 touchmove 215 45 0.83333337306976 0.83333337306976 0 outlet 0
outlet_with_communities_rough 1580482908459 360 221 touchmove 210 47 0.83333337306976 0.83333337306976 0 outlet 0
outlet_with_communities_rough 1580482908476 360 221 touchmove 203 50 0.83333337306976 0.83333337306976 0 outlet 0
outlet_with_communities_rough 1580482908493 360 221 touchmove 198 53 0.83333337306976 0.83333337306976 0 outlet 0
outlet_with_communities_rough 1580482908511 360 221 touchmove 194 55 0.83333337306976 0.83333337306976 0 outlet 0
outlet_with_communities_rough 1580482908528 360 221 touchmove 190 58 0.83333337306976 0.83333337306976 0 outlet 0
outlet_with_communities_rough 1580482908544 360 221 touchmove 187 60 0.83333337306976 0.83333337306976 0 outlet 0
outlet_with_communities_rough 1580482908561 360 221 touchmove 184 61 0.83333337306976 0.83333337306976 0 outlet 0
outlet_with_communities_rough 1580482908578 360 221 touchmove 181 62 0.83333337306976 0.83333337306976 0 outlet 0
outlet_with_communities_rough 1580482908593 360 221 touchmove 179 63 0.83333337306976 0.83333337306976 0 outlet 0
outlet_with_communities_rough 1580482908610 360 221 touchmove 178 63 0.83333337306976 0.83333337306976 0 outlet 0
outlet_with_communities_rough 1580482908628 360 221 touchmove 176 63 0.83333337306976 0.83333337306976 0 outlet 0
outlet_with_communities_rough 1580482908643 360 221 touchmove 173 62 0.83333337306976 0.83333337306976 0 outlet 0
outlet_with_communities_rough 1580482908663 360 221 touchmove 171 61 0.83333337306976 0.83333337306976 0 outlet 0
outlet_with_communities_rough 1580482908677 360 221 touchmove 168 59 1.8333333730698 1.8333333730698 0 outlet 0
outlet_with_communities_rough 1580482908693 360 221 touchmove 166 56 0.83333337306976 0.83333337306976 0 outlet 0
outlet_with_communities_rough 1580482908711 360 221 touchmove 164 53 0.83333337306976 0.83333337306976 0 outlet 0
outlet_with_communities_rough 1580482908725 360 221 touchmove 163 49 0.83333337306976 0.83333337306976 0 outlet 0
outlet_with_communities_rough 1580482908742 360 221 touchmove 162 43 0.83333337306976 0.83333337306976 0 outlet 0
outlet_with_communities_rough 1580482908760 360 221 touchmove 162 39 0.83333337306976 0.83333337306976 0 outlet 0
outlet_with_communities_rough 1580482908776 360 221 touchmove 162 37 0.83333337306976 0.83333337306976 0 outlet 0
outlet_with_communities_rough 1580482908793 360 221 touchmove 162 36 0.83333337306976 0.83333337306976 0 outlet 0
outlet_with_communities_rough 1580482908810 360 221 touchmove 162 35 1.8333333730698 1.8333333730698 0 outlet 0
outlet_with_communities_rough 1580482908826 360 221 touchmove 162 35 0.83333337306976 0.83333337306976 0 outlet 0
outlet_with_communities_rough 1580482908843 360 221 touchmove 162 34 0.83333337306976 0.83333337306976 0 outlet 0
outlet_with_communities_rough 1580482908910 360 221 touchmove 163 36 0.83333337306976 0.83333337306976 0 outlet 0
outlet_with_communities_rough 1580482908928 360 221 touchmove 165 39 0.83333337306976 0.83333337306976 0 outlet 0
outlet_with_communities_rough 1580482908944 360 221 touchmove 178 60 0.83333337306976 0.83333337306976 0 outlet 0
outlet_with_communities_rough 1580482908960 360 221 touchmove 186 73 0.83333337306976 0.83333337306976 0 outlet 0
outlet_with_communities_rough 1580482908979 360 221 touchmove 195 82 0.83333337306976 0.83333337306976 0 outlet 0
outlet_with_communities_rough 1580482908994 360 221 touchmove 199 85 0.83333337306976 0.83333337306976 0 outlet 0
outlet_with_communities_rough 1580482909010 360 221 touchmove 218 92 0.83333337306976 0.83333337306976 0 outlet 0
outlet_with_communities_rough 1580482909026 360 221 touchmove 238 93 0.83333337306976 0.83333337306976 0 outlet 0
outlet_with_communities_rough 1580482909043 360 221 touchmove 260 91 0.83333337306976 0.83333337306976 0 outlet 0
outlet_with_communities_rough 1580482909059 360 221 touchmove 277 87 0.83333337306976 0.83333337306976 0 outlet 0
outlet_with_communities_rough 1580482909076 360 221 touchmove 287 85 0.83333337306976 0.83333337306976 0 outlet 0
outlet_with_communities_rough 1580482909095 360 221 touchmove 293 85 0.83333337306976 0.83333337306976 0 outlet 0
outlet_with_communities_rough 1580482909112 360 221 touchmove 298 84 0.83333337306976 0.83333337306976 0 outlet 0
outlet_with_communities_rough 1580482909129 360 221 touchmove 302 84 0.83333337306976 0.83333337306976 0 outlet 0
outlet_with_communities_rough 1580482909145 360 221 touchmove 306 85 0.83333337306976 0.83333337306976 0 outlet 0
outlet_with_communities_rough 1580482909163 360 221 touchmove 310 85 0.83333337306976 0.83333337306976 0 outlet 0
outlet_with_communities_rough 1580482909178 360 221 touchmove 312 86 0.83333337306976 0.83333337306976 0 outlet 0
outlet_with_communities_rough 1580482909193 360 221 touchmove 314 86 0.83333337306976 0.83333337306976 0 outlet 0
outlet_with_communities_rough 1580482909210 360 221 touchmove 315 86 0.83333337306976 0.83333337306976 0 outlet 0
outlet_with_communities_rough 1580482909226 360 221 touchmove 316 87 0.83333337306976 0.83333337306976 0 outlet 0
outlet_with_communities_rough 1580482909244 360 221 touchmove 317 87 0.83333337306976 0.83333337306976 0 outlet 0
outlet_with_communities_rough 1580482909260 360 221 touchmove 319 88 0.83333337306976 0.83333337306976 0 outlet 0
outlet_with_communities_rough 1580482909277 360 221 touchmove 319 88 0.83333337306976 0.83333337306976 0 outlet 0
outlet_with_communities_rough 1580482909295 360 221 touchmove 320 89 0.83333337306976 0.83333337306976 0 outlet 0
outlet_with_communities_rough 1580482909310 360 221 touchmove 321 90 0.83333337306976 0.83333337306976 0 outlet 0
outlet_with_communities_rough 1580482909327 360 221 touchmove 322 90 0.83333337306976 0.83333337306976 0 outlet 0
outlet_with_communities_rough 1580482909343 360 221 touchmove 322 91 0.83333337306976 0.83333337306976 0 outlet 0
outlet_with_communities_rough 1580482909359 360 221 touchmove 323 91 0.83333337306976 0.83333337306976 0 outlet 0
outlet_with_communities_rough 1580482909382 360 221 touchmove 323 91 0.83333337306976 0.83333337306976 0 outlet 0
outlet_with_communities_rough 1580482909398 360 221 touchmove 323 92 0.83333337306976 0.83333337306976 0 outlet 0
outlet_with_communities_rough 1580482909409 360 221 touchmove 324 92 0.83333337306976 0.83333337306976 0 outlet 0
outlet_with_communities_rough 1580482909426 360 221 touchmove 324 92 0.83333337306976 0.83333337306976 0 outlet 0
outlet_with_communities_rough 1580482909444 360 221 touchmove 324 92 0.83333337306976 0.83333337306976 0 outlet 0
outlet_with_communities_rough 1580482909461 360 221 touchmove 325 92 0.83333337306976 0.83333337306976 0 outlet 0
outlet_with_communities_rough 1580482909478 360 221 touchmove 325 92 0.83333337306976 0.83333337306976 0 outlet 0
outlet_with_communities_rough 1580482909494 360 221 touchmove 325 92 0.83333337306976 0.83333337306976 0 outlet 0
outlet_with_communities_rough 1580482909511 360 221 touchmove 326 92 0.83333337306976 0.83333337306976 0 outlet 0
outlet_with_communities_rough 1580482909528 360 221 touchmove 326 92 0.83333337306976 0.83333337306976 0 outlet 0
outlet_with_communities_rough 1580482909710 360 221 touchmove 323 92 0.83333337306976 0.83333337306976 0 outlet 0
outlet_with_communities_rough 1580482909735 360 221 touchmove 293 89 0.83333337306976 0.83333337306976 0 outlet 0
outlet_with_communities_rough 1580482909762 360 221 touchmove 268 88 0.83333337306976 0.83333337306976 0 outlet 0
outlet_with_communities_rough 1580482909777 360 221 touchmove 250 87 0.83333337306976 0.83333337306976 0 outlet 0
outlet_with_communities_rough 1580482909794 360 221 touchmove 235 86 0.83333337306976 0.83333337306976 0 outlet 0
outlet_with_communities_rough 1580482909810 360 221 touchmove 223 85 0.83333337306976 0.83333337306976 0 outlet 0
outlet_with_communities_rough 1580482909827 360 221 touchmove 207 83 0.83333337306976 0.83333337306976 0 outlet 0
outlet_with_communities_rough 1580482909844 360 221 touchmove 192 80 0.83333337306976 0.83333337306976 0 outlet 0
outlet_with_communities_rough 1580482909859 360 221 touchmove 185 78 0.83333337306976 0.83333337306976 0 outlet 0
outlet_with_communities_rough 1580482909877 360 221 touchmove 169 73 0.83333337306976 0.83333337306976 0 outlet 0
outlet_with_communities_rough 1580482909893 360 221 touchmove 158 69 0.83333337306976 0.83333337306976 0 outlet 0
outlet_with_communities_rough 1580482909910 360 221 touchmove 148 65 0.83333337306976 0.83333337306976 0 outlet 0
outlet_with_communities_rough 1580482909926 360 221 touchmove 138 60 0.83333337306976 0.83333337306976 0 outlet 0
outlet_with_communities_rough 1580482909943 360 221 touchmove 127 54 1.8333333730698 1.8333333730698 0 outlet 0
outlet_with_communities_rough 1580482909960 360 221 touchmove 117 49 0.83333337306976 0.83333337306976 0 outlet 0
outlet_with_communities_rough 1580482909976 360 221 touchmove 110 45 0.83333337306976 0.83333337306976 0 outlet 0
outlet_with_communities_rough 1580482909993 360 221 touchmove 105 42 0.83333337306976 0.83333337306976 0 outlet 0
outlet_with_communities_rough 1580482910010 360 221 touchmove 101 40 2 2 0 outlet 0
outlet_with_communities_rough 1580482910026 360 221 touchmove 100 39 2 2 0 outlet 0
outlet_with_communities_rough 1580482910042 360 221 touchmove 97 37 2 2 0 outlet 0
outlet_with_communities_rough 1580482910059 360 221 touchmove 96 36 2 2 0 outlet 0
outlet_with_communities_rough 1580482910075 360 221 touchmove 96 36 2 2 0 outlet 0
outlet_with_communities_rough 1580482910093 360 221 touchmove 95 36 2 2 0 outlet 0
outlet_with_communities_rough 1580482910109 360 221 touchmove 95 36 2 2 0 outlet 0
outlet_with_communities_rough 1580482910129 360 221 touchmove 94 36 2 2 0 outlet 0
outlet_with_communities_rough 1580482910152 360 221 touchmove 94 36 2 2 0 outlet 0
outlet_with_communities_rough 1580482910168 360 221 touchmove 94 36 1.8333333730698 1.8333333730698 0 outlet 0
outlet_with_communities_rough 1580482910180 360 221 touchmove 94 36 2 2 0 outlet 0
outlet_with_communities_rough 1580482910196 360 221 touchmove 94 36 1.8333333730698 1.8333333730698 0 outlet 0
outlet_with_communities_rough 1580482910211 360 221 touchmove 94 36 0.83333337306976 0.83333337306976 0 outlet 0
outlet_with_communities_rough 1580482910226 360 221 touchmove 96 36 1.8333333730698 1.8333333730698 0 outlet 0
outlet_with_communities_rough 1580482910242 360 221 touchmove 103 37 0.83333337306976 0.83333337306976 0 outlet 0
outlet_with_communities_rough 1580482910259 360 221 touchmove 116 38 0.83333337306976 0.83333337306976 0 outlet 0
outlet_with_communities_rough 1580482910278 360 221 touchmove 130 37 0.83333337306976 0.83333337306976 0 outlet 0
outlet_with_communities_rough 1580482910294 360 221 touchmove 137 36 1.8333333730698 1.8333333730698 0 outlet 0
outlet_with_communities_rough 1580482910309 360 221 touchmove 151 33 1.8333333730698 1.8333333730698 0 outlet 0
outlet_with_communities_rough 1580482910326 360 221 touchmove 156 31 0.83333337306976 0.83333337306976 0 outlet 0
outlet_with_communities_rough 1580482910343 360 221 touchmove 160 30 0.83333337306976 0.83333337306976 0 outlet 0
outlet_with_communities_rough 1580482910360 360 221 touchmove 163 29 0.83333337306976 0.83333337306976 0 outlet 0
outlet_with_communities_rough 1580482910377 360 221 touchmove 165 29 0.83333337306976 0.83333337306976 0 outlet 0
outlet_with_communities_rough 1580482910393 360 221 touchmove 166 29 0.83333337306976 0.83333337306976 0 outlet 0
outlet_with_communities_rough 1580482910410 360 221 touchmove 167 28 0.83333337306976 0.83333337306976 0 outlet 0
outlet_with_communities_rough 1580482910426 360 221 touchmove 168 28 0.83333337306976 0.83333337306976 0 outlet 0
outlet_with_communities_rough 1580482910444 360 221 touchmove 168 28 0.83333337306976 0.83333337306976 0 outlet 0
outlet_with_communities_rough 1580482910505 360 221 touchend 168 28 0.83333337306976 0.83333337306976 0 outlet 0
outlet_with_communities_rough 1580482912182 360 221 touchstart 67 39 0.83333337306976 0.83333337306976 0 with 0
outlet_with_communities_rough 1580482912313 360 221 touchmove 67 39 0.83333337306976 0.83333337306976 0 with 0
outlet_with_communities_rough 1580482912327 360 221 touchmove 69 41 0.83333337306976 0.83333337306976 0 with 0
outlet_with_communities_rough 1580482912344 360 221 touchmove 71 43 0.83333337306976 0.83333337306976 0 with 0
outlet_with_communities_rough 1580482912362 360 221 touchmove 80 52 0.83333337306976 0.83333337306976 0 with 0
outlet_with_communities_rough 1580482912376 360 221 touchmove 88 61 0.83333337306976 0.83333337306976 0 with 0
outlet_with_communities_rough 1580482912392 360 221 touchmove 99 71 0.83333337306976 0.83333337306976 0 with 0
outlet_with_communities_rough 1580482912410 360 221 touchmove 105 75 0.83333337306976 0.83333337306976 0 with 0
outlet_with_communities_rough 1580482912427 360 221 touchmove 120 85 0.83333337306976 0.83333337306976 0 with 0
outlet_with_communities_rough 1580482912444 360 221 touchmove 131 89 0.83333337306976 0.83333337306976 0 with 0
outlet_with_communities_rough 1580482912461 360 221 touchmove 146 91 0.83333337306976 0.83333337306976 0 with 0
outlet_with_communities_rough 1580482912478 360 221 touchmove 166 89 0.83333337306976 0.83333337306976 0 with 0
outlet_with_communities_rough 1580482912494 360 221 touchmove 188 83 0.83333337306976 0.83333337306976 0 with 0
outlet_with_communities_rough 1580482912510 360 221 touchmove 206 77 0.83333337306976 0.83333337306976 0 with 0
outlet_with_communities_rough 1580482912528 360 221 touchmove 217 73 0.83333337306976 0.83333337306976 0 with 0
outlet_with_communities_rough 1580482912544 360 221 touchmove 226 71 0.83333337306976 0.83333337306976 0 with 0
outlet_with_communities_rough 1580482912559 360 221 touchmove 231 69 0.83333337306976 0.83333337306976 0 with 0
outlet_with_communities_rough 1580482912577 360 221 touchmove 243 64 0.83333337306976 0.83333337306976 0 with 0
outlet_with_communities_rough 1580482912594 360 221 touchmove 251 60 0.83333337306976 0.83333337306976 0 with 0
outlet_with_communities_rough 1580482912610 360 221 touchmove 256 57 0.83333337306976 0.83333337306976 0 with 0
outlet_with_communities_rough 1580482912659 360 221 touchmove 260 53 0.83333337306976 0.83333337306976 0 with 0
outlet_with_communities_rough 1580482912675 360 221 touchmove 269 47 0.83333337306976 0.83333337306976 0 with 0
outlet_with_communities_rough 1580482912692 360 221 touchmove 270 45 0.83333337306976 0.83333337306976 0 with 0
outlet_with_communities_rough 1580482912708 360 221 touchmove 272 42 0.83333337306976 0.83333337306976 0 with 0
outlet_with_communities_rough 1580482912727 360 221 touchmove 273 38 0.83333337306976 0.83333337306976 0 with 0
outlet_with_communities_rough 1580482912742 360 221 touchmove 273 35 0.83333337306976 0.83333337306976 0 with 0
outlet_with_communities_rough 1580482912758 360 221 touchmove 273 33 0.83333337306976 0.83333337306976 0 with 0
outlet_with_communities_rough 1580482912774 360 221 touchmove 273 32 0.83333337306976 0.83333337306976 0 with 0
outlet_with_communities_rough 1580482912792 360 221 touchmove 273 31 0.83333337306976 0.83333337306976 0 with 0
outlet_with_communities_rough 1580482912808 360 221 touchmove 273 30 0.83333337306976 0.83333337306976 0 with 0
outlet_with_communities_rough 1580482912824 360 221 touchmove 273 30 0.83333337306976 0.83333337306976 0 with 0
outlet_with_communities_rough 1580482912840 360 221 touchmove 273 29 0.83333337306976 0.83333337306976 0 with 0
outlet_with_communities_rough 1580482912866 360 221 touchmove 273 29 0.83333337306976 0.83333337306976 0 with 0
outlet_with_communities_rough 1580482912885 360 221 touchmove 274 29 0.83333337306976 0.83333337306976 0 with 0
outlet_with_communities_rough 1580482912899 360 221 touchmove 274 29 0.83333337306976 0.83333337306976 0 with 0
outlet_with_communities_rough 1580482912910 360 221 touchmove 274 29 0.83333337306976 0.83333337306976 0 with 0
outlet_with_communities_rough 1580482912925 360 221 touchmove 274 28 0.83333337306976 0.83333337306976 0 with 0
outlet_with_communities_rough 1580482912948 360 221 touchmove 274 28 0.83333337306976 0.83333337306976 0 with 0
outlet_with_communities_rough 1580482912961 360 221 touchmove 274 28 0.83333337306976 0.83333337306976 0 with 0
outlet_with_communities_rough 1580482912976 360 221 touchmove 274 28 0.83333337306976 0.83333337306976 0 with 0
outlet_with_communities_rough 1580482913128 360 221 touchmove 273 28 0.83333337306976 0.83333337306976 0 with 0
outlet_with_communities_rough 1580482913143 360 221 touchmove 263 27 0.83333337306976 0.83333337306976 0 with 0
outlet_with_communities_rough 1580482913160 360 221 touchmove 242 28 0.83333337306976 0.83333337306976 0 with 0
outlet_with_communities_rough 1580482913181 360 221 touchmove 224 28 0.83333337306976 0.83333337306976 0 with 0
outlet_with_communities_rough 1580482913194 360 221 touchmove 213 29 0.83333337306976 0.83333337306976 0 with 0
outlet_with_communities_rough 1580482913209 360 221 touchmove 204 29 0.83333337306976 0.83333337306976 0 with 0
outlet_with_communities_rough 1580482913226 360 221 touchmove 198 28 0.83333337306976 0.83333337306976 0 with 0
outlet_with_communities_rough 1580482913243 360 221 touchmove 195 28 0.83333337306976 0.83333337306976 0 with 0
outlet_with_communities_rough 1580482913260 360 221 touchmove 191 27 0.83333337306976 0.83333337306976 0 with 0
outlet_with_communities_rough 1580482913277 360 221 touchmove 189 27 0.83333337306976 0.83333337306976 0 with 0
outlet_with_communities_rough 1580482913294 360 221 touchmove 182 27 0.83333337306976 0.83333337306976 0 with 0
outlet_with_communities_rough 1580482913309 360 221 touchmove 180 27 0.83333337306976 0.83333337306976 0 with 0
outlet_with_communities_rough 1580482913327 360 221 touchmove 178 27 0.83333337306976 0.83333337306976 0 with 0
outlet_with_communities_rough 1580482913343 360 221 touchmove 175 27 0.83333337306976 0.83333337306976 0 with 0
outlet_with_communities_rough 1580482913360 360 221 touchmove 174 27 0.83333337306976 0.83333337306976 0 with 0
outlet_with_communities_rough 1580482913378 360 221 touchmove 173 27 0.83333337306976 0.83333337306976 0 with 0
outlet_with_communities_rough 1580482913393 360 221 touchmove 172 27 0.83333337306976 0.83333337306976 0 with 0
outlet_with_communities_rough 1580482913411 360 221 touchmove 172 27 0.83333337306976 0.83333337306976 0 with 0
outlet_with_communities_rough 1580482913428 360 221 touchmove 172 27 0.83333337306976 0.83333337306976 0 with 0
outlet_with_communities_rough 1580482913451 360 221 touchmove 171 27 0.83333337306976 0.83333337306976 0 with 0
outlet_with_communities_rough 1580482913477 360 221 touchmove 171 27 0.83333337306976 0.83333337306976 0 with 0
outlet_with_communities_rough 1580482913502 360 221 touchmove 171 27 0.83333337306976 0.83333337306976 0 with 0
outlet_with_communities_rough 1580482913527 360 221 touchmove 171 28 0.83333337306976 0.83333337306976 0 with 0
outlet_with_communities_rough 1580482913545 360 221 touchmove 170 28 0.83333337306976 0.83333337306976 0 with 0
outlet_with_communities_rough 1580482913560 360 221 touchmove 170 28 0.83333337306976 0.83333337306976 0 with 0
outlet_with_communities_rough 1580482913578 360 221 touchmove 170 29 0.83333337306976 0.83333337306976 0 with 0
outlet_with_communities_rough 1580482913591 360 221 touchmove 170 29 0.83333337306976 0.83333337306976 0 with 0
outlet_with_communities_rough 1580482913609 360 221 touchmove 170 29 0.83333337306976 0.83333337306976 0 with 0
outlet_with_communities_rough 1580482913627 360 221 touchmove 170 30 0.83333337306976 0.83333337306976 0 with 0
outlet_with_communities_rough 1580482913642 360 221 touchmove 170 30 0.83333337306976 0.83333337306976 0 with 0
outlet_with_communities_rough 1580482913661 360 221 touchmove 170 31 0.83333337306976 0.83333337306976 0 with 0
outlet_with_communities_rough 1580482913677 360 221 touchmove 169 32 0.83333337306976 0.83333337306976 0 with 0
outlet_with_communities_rough 1580482913695 360 221 touchmove 170 38 0.83333337306976 0.83333337306976 0 with 0
outlet_with_communities_rough 1580482913710 360 221 touchmove 170 42 0.83333337306976 0.83333337306976 0 with 0
outlet_with_communities_rough 1580482913727 360 221 touchmove 174 58 2 2 0 with 0
outlet_with_communities_rough 1580482913745 360 221 touchmove 177 67 0.83333337306976 0.83333337306976 0 with 0
outlet_with_communities_rough 1580482913761 360 221 touchmove 181 76 0.83333337306976 0.83333337306976 0 with 0
outlet_with_communities_rough 1580482913776 360 221 touchmove 186 85 0.83333337306976 0.83333337306976 0 with 0
outlet_with_communities_rough 1580482913792 360 221 touchmove 191 93 0.83333337306976 0.83333337306976 0 with 0
outlet_with_communities_rough 1580482913809 360 221 touchmove 196 99 0.83333337306976 0.83333337306976 0 with 0
outlet_with_communities_rough 1580482913827 360 221 touchmove 199 102 0.83333337306976 0.83333337306976 0 with 0
outlet_with_communities_rough 1580482913845 360 221 touchmove 209 109 0.83333337306976 0.83333337306976 0 with 0
outlet_with_communities_rough 1580482913860 360 221 touchmove 217 113 0.83333337306976 0.83333337306976 0 with 0
outlet_with_communities_rough 1580482913877 360 221 touchmove 221 114 0.83333337306976 0.83333337306976 0 with 0
outlet_with_communities_rough 1580482913893 360 221 touchmove 229 114 0.83333337306976 0.83333337306976 0 with 0
outlet_with_communities_rough 1580482913910 360 221 touchmove 232 114 0.83333337306976 0.83333337306976 0 with 0
outlet_with_communities_rough 1580482913925 360 221 touchmove 233 114 0.83333337306976 0.83333337306976 0 with 0
outlet_with_communities_rough 1580482913943 360 221 touchmove 237 113 0.83333337306976 0.83333337306976 0 with 0
outlet_with_communities_rough 1580482913960 360 221 touchmove 239 113 0.83333337306976 0.83333337306976 0 with 0
outlet_with_communities_rough 1580482913977 360 221 touchmove 241 112 0.83333337306976 0.83333337306976 0 with 0
outlet_with_communities_rough 1580482913998 360 221 touchmove 242 112 0.83333337306976 0.83333337306976 0 with 0
outlet_with_communities_rough 1580482914009 360 221 touchmove 243 111 0.83333337306976 0.83333337306976 0 with 0
outlet_with_communities_rough 1580482914025 360 221 touchmove 244 111 0.83333337306976 0.83333337306976 0 with 0
outlet_with_communities_rough 1580482914043 360 221 touchend 244 111 0.83333337306976 0.83333337306976 0 with 0
outlet_with_communities_rough 1580482916227 360 221 touchstart 137 148 0.83333337306976 0.83333337306976 0 communities 1
outlet_with_communities_rough 1580482916269 360 221 touchmove 138 148 0.83333337306976 0.83333337306976 0 communities 1
outlet_with_communities_rough 1580482916295 360 221 touchmove 140 146 0.83333337306976 0.83333337306976 0 communities 1
outlet_with_communities_rough 1580482916310 360 221 touchmove 154 133 0.83333337306976 0.83333337306976 0 communities 1
outlet_with_communities_rough 1580482916326 360 221 touchmove 161 127 0.83333337306976 0.83333337306976 0 communities 1
outlet_with_communities_rough 1580482916343 360 221 touchmove 179 112 0.83333337306976 0.83333337306976 0 communities 1
outlet_with_communities_rough 1580482916360 360 221 touchmove 191 103 2 2 0 communities 1
outlet_with_communities_rough 1580482916376 360 221 touchmove 207 92 0.83333337306976 0.83333337306976 0 communities 1
outlet_with_communities_rough 1580482916392 360 221 touchmove 216 87 0.83333337306976 0.83333337306976 0 communities 1
outlet_with_communities_rough 1580482916410 360 221 touchmove 236 75 0.83333337306976 0.83333337306976 0 communities 1
outlet_with_communities_rough 1580482916426 360 221 touchmove 246 68 0.83333337306976 0.83333337306976 0 communities 1
outlet_with_communities_rough 1580482916443 360 221 touchmove 251 64 0.83333337306976 0.83333337306976 0 communities 1
outlet_with_communities_rough 1580482916459 360 221 touchmove 263 56 0.83333337306976 0.83333337306976 0 communities 1
outlet_with_communities_rough 1580482916477 360 221 touchmove 276 47 0.83333337306976 0.83333337306976 0 communities 1
outlet_with_communities_rough 1580482916494 360 221 touchmove 281 44 0.83333337306976 0.83333337306976 0 communities 1
outlet_with_communities_rough 1580482916511 360 221 touchmove 285 42 0.83333337306976 0.83333337306976 0 communities 1
outlet_with_communities_rough 1580482916527 360 221 touchmove 286 41 0.83333337306976 0.83333337306976 0 communities 1
outlet_with_communities_rough 1580482916544 360 221 touchmove 289 39 0.83333337306976 0.83333337306976 0 communities 1
outlet_with_communities_rough 1580482916560 360 221 touchmove 291 38 0.83333337306976 0.83333337306976 0 communities 1
outlet_with_communities_rough 1580482916577 360 221 touchmove 292 37 0.83333337306976 0.83333337306976 0 communities 1
outlet_with_communities_rough 1580482916593 360 221 touchmove 293 36 0.83333337306976 0.83333337306976 0 communities 1
outlet_with_communities_rough 1580482916610 360 221 touchmove 293 36 0.83333337306976 0.83333337306976 0 communities 1
outlet_with_communities_rough 1580482916629 360 221 touchmove 293 35 0.83333337306976 0.83333337306976 0 communities 1
outlet_with_communities_rough 1580482916644 360 221 touchmove 294 35 0.83333337306976 0.83333337306976 0 communities 1
outlet_with_communities_rough 1580482916660 360 221 touchmove 294 35 0.83333337306976 0.83333337306976 0 communities 1
outlet_with_communities_rough 1580482916677 360 221 touchmove 295 35 0.83333337306976 0.83333337306976 0 communities 1
outlet_with_communities_rough 1580482916693 360 221 touchmove 297 39 0.83333337306976 0.83333337306976 0 communities 1
outlet_with_communities_rough 1580482916709 360 221 touchmove 299 43 0.83333337306976 0.83333337306976 0 communities 1
outlet_with_communities_rough 1580482916726 360 221 touchmove 300 58 0.83333337306976 0.83333337306976 0 communities 1
outlet_with_communities_rough 1580482916743 360 221 touchmove 300 86 0.83333337306976 0.83333337306976 0 communities 1
outlet_with_communities_rough 1580482916760 360 221 touchmove 299 101 0.83333337306976 0.83333337306976 0 communities 1
outlet_with_communities_rough 1580482916776 360 221 touchmove 299 108 0.83333337306976 0.83333337306976 0 communities 1
outlet_with_communities_rough 1580482916793 360 221 touchmove 299 126 0.83333337306976 0.83333337306976 0 communities 1
outlet_with_communities_rough 1580482916809 360 221 touchmove 299 136 0.83333337306976 0.83333337306976 0 communities 1
outlet_with_communities_rough 1580482916829 360 221 touchmove 298 147 0.83333337306976 0.83333337306976 0 communities 1
outlet_with_communities_rough 1580482916842 360 221 touchmove 297 151 0.83333337306976 0.83333337306976 0 communities 1
outlet_with_communities_rough 1580482916859 360 221 touchmove 296 157 0.83333337306976 0.83333337306976 0 communities 1
outlet_with_communities_rough 1580482916876 360 221 touchmove 296 163 0.83333337306976 0.83333337306976 0 communities 1
outlet_with_communities_rough 1580482916897 360 221 touchmove 295 165 0.83333337306976 0.83333337306976 0 communities 1
outlet_with_communities_rough 1580482916912 360 221 touchmove 295 166 0.83333337306976 0.83333337306976 0 communities 1
outlet_with_communities_rough 1580482916927 360 221 touchmove 295 166 0.83333337306976 0.83333337306976 0 communities 1
outlet_with_communities_rough 1580482916942 360 221 touchmove 295 168 0.83333337306976 0.83333337306976 0 communities 1
outlet_with_communities_rough 1580482916959 360 221 touchmove 295 168 0.83333337306976 0.83333337306976 0 communities 1
outlet_with_communities_rough 1580482916978 360 221 touchmove 295 168 0.83333337306976 0.83333337306976 0 communities 1
outlet_with_communities_rough 1580482916992 360 221 touchmove 295 169 0.83333337306976 0.83333337306976 0 communities 1
outlet_with_communities_rough 1580482917009 360 221 touchmove 295 169 0.83333337306976 0.83333337306976 0 communities 1
outlet_with_communities_rough 1580482917026 360 221 touchmove 295 169 0.83333337306976 0.83333337306976 0 communities 1
outlet_with_communities_rough 1580482917042 360 221 touchmove 295 170 0.83333337306976 0.83333337306976 0 communities 1
outlet_with_communities_rough 1580482917093 360 221 touchmove 295 170 0.83333337306976 0.83333337306976 0 communities 1
outlet_with_communities_rough 1580482917111 360 221 touchmove 294 170 0.83333337306976 0.83333337306976 0 communities 1
outlet_with_communities_rough 1580482917126 360 221 touchmove 294 169 0.83333337306976 0.83333337306976 0 communities 1
outlet_with_communities_rough 1580482917143 360 221 touchmove 294 169 0.83333337306976 0.83333337306976 0 communities 1
outlet_with_communities_rough 1580482917160 360 221 touchmove 293 167 0.83333337306976 0.83333337306976 0 communities 1
outlet_with_communities_rough 1580482917177 360 221 touchmove 292 166 0.83333337306976 0.83333337306976 0 communities 1
outlet_with_communities_rough 1580482917199 360 221 touchmove 291 165 0.83333337306976 0.83333337306976 0 communities 1
outlet_with_communities_rough 1580482917210 360 221 touchmove 291 164 0.83333337306976 0.83333337306976 0 communities 1
outlet_with_communities_rough 1580482917225 360 221 touchmove 291 163 0.83333337306976 0.83333337306976 0 communities 1
outlet_with_communities_rough 1580482917242 360 221 touchmove 291 162 0.83333337306976 0.83333337306976 0 communities 1
outlet_with_communities_rough 1580482917260 360 221 touchmove 291 162 0.83333337306976 0.83333337306976 0 communities 1
outlet_with_communities_rough 1580482917277 360 221 touchmove 291 161 0.83333337306976 0.83333337306976 0 communities 1
outlet_with_communities_rough 1580482917294 360 221 touchmove 291 161 0.83333337306976 0.83333337306976 0 communities 1
outlet_with_communities_rough 1580482917309 360 221 touchmove 291 161 0.83333337306976 0.83333337306976 0 communities 1
outlet_with_communities_rough 1580482917327 360 221 touchmove 291 160 0.83333337306976 0.83333337306976 0 communities 1
outlet_with_communities_rough 1580482917351 360 221 touchmove 291 160 0.83333337306976 0.83333337306976 0 communities 1
outlet_with_communities_rough 1580482917610 360 221 touchmove 291 160 0.83333337306976 0.83333337306976 0 communities 1
outlet_with_communities_rough 1580482917801 360 221 touchend 291 160 0.83333337306976 0.83333337306976 0 communities 1
outlet_with_communities_rough 1580482919414 360 221 touchstart 147 159 0.83333337306976 0.83333337306976 0 communities 0
outlet_with_communities_rough 1580482919478 360 221 touchmove 147 159 0.83333337306976 0.83333337306976 0 communities 0
outlet_with_communities_rough 1580482919498 360 221 touchmove 147 157 0.83333337306976 0.83333337306976 0 communities 0
outlet_with_communities_rough 1580482919512 360 221 touchmove 150 151 0.83333337306976 0.83333337306976 0 communities 0
outlet_with_communities_rough 1580482919527 360 221 touchmove 157 139 0.83333337306976 0.83333337306976 0 communities 0
outlet_with_communities_rough 1580482919543 360 221 touchmove 166 126 0.83333337306976 0.83333337306976 0 communities 0
outlet_with_communities_rough 1580482919560 360 221 touchmove 177 112 0.83333337306976 0.83333337306976 0 communities 0
outlet_with_communities_rough 1580482919577 360 221 touchmove 190 97 0.83333337306976 0.83333337306976 0 communities 0
outlet_with_communities_rough 1580482919594 360 221 touchmove 200 85 0.83333337306976 0.83333337306976 0 communities 0
outlet_with_communities_rough 1580482919612 360 221 touchmove 211 75 0.83333337306976 0.83333337306976 0 communities 0
outlet_with_communities_rough 1580482919627 360 221 touchmove 223 65 0.83333337306976 0.83333337306976 0 communities 0
outlet_with_communities_rough 1580482919644 360 221 touchmove 233 57 0.83333337306976 0.83333337306976 0 communities 0
outlet_with_communities_rough 1580482919660 360 221 touchmove 241 52 0.83333337306976 0.83333337306976 0 communities 0
outlet_with_communities_rough 1580482919678 360 221 touchmove 246 48 0.83333337306976 0.83333337306976 0 communities 0
outlet_with_communities_rough 1580482919694 360 221 touchmove 251 46 0.83333337306976 0.83333337306976 0 communities 0
outlet_with_communities_rough 1580482919710 360 221 touchmove 255 43 0.83333337306976 0.83333337306976 0 communities 0
outlet_with_communities_rough 1580482919727 360 221 touchmove 259 41 0.83333337306976 0.83333337306976 0 communities 0
outlet_with_communities_rough 1580482919743 360 221 touchmove 263 40 0.83333337306976 0.83333337306976 0 communities 0
outlet_with_communities_rough 1580482919760 360 221 touchmove 267 38 0.83333337306976 0.83333337306976 0 communities 0
outlet_with_communities_rough 1580482919777 360 221 touchmove 271 37 0.83333337306976 0.83333337306976 0 communities 0
outlet_with_communities_rough 1580482919794 360 221 touchmove 275 36 0.83333337306976 0.83333337306976 0 communities 0
outlet_with_communities_rough 1580482919812 360 221 touchmove 280 34 0.83333337306976 0.83333337306976 0 communities 0
outlet_with_communities_rough 1580482919829 360 221 touchmove 284 33 0.83333337306976 0.83333337306976 0 communities 0
outlet_with_communities_rough 1580482919845 360 221 touchmove 287 32 0.83333337306976 0.83333337306976 0 communities 0
outlet_with_communities_rough 1580482919860 360 221 touchmove 291 31 0.83333337306976 0.83333337306976 0 communities 0
outlet_with_communities_rough 1580482919877 360 221 touchmove 293 30 0.83333337306976 0.83333337306976 0 communities 0
outlet_with_communities_rough 1580482919894 360 221 touchmove 295 29 0.83333337306976 0.83333337306976 0 communities 0
outlet_with_communities_rough 1580482919910 360 221 touchmove 297 28 0.83333337306976 0.83333337306976 0 communities 0
outlet_with_communities_rough 1580482919926 360 221 touchmove 298 28 0.83333337306976 0.83333337306976 0 communities 0
outlet_with_communities_rough 1580482919945 360 221 touchmove 299 28 0.83333337306976 0.83333337306976 0 communities 0
outlet_with_communities_rough 1580482919962 360 221 touchmove 300 28 0.83333337306976 0.83333337306976 0 communities 0
outlet_with_communities_rough 1580482919979 360 221 touchmove 300 28 0.83333337306976 0.83333337306976 0 communities 0
outlet_with_communities_rough 1580482919998 360 221 touchmove 300 28 0.83333337306976 0.83333337306976 0 communities 0
outlet_with_communities_rough 1580482920043 360 221 touchmove 301 28 0.83333337306976 0.83333337306976 0 communities 0
outlet_with_communities_rough 1580482920059 360 221 touchmove 302 29 0.83333337306976 0.83333337306976 0 communities 0
outlet_with_communities_rough 1580482920077 360 221 touchmove 303 31 0.83333337306976 0.83333337306976 0 communities 0
outlet_with_communities_rough 1580482920093 360 221 touchmove 303 39 0.83333337306976 0.83333337306976 0 communities 0
outlet_with_communities_rough 1580482920108 360 221 touchmove 302 53 0.83333337306976 0.83333337306976 0 communities 0
outlet_with_communities_rough 1580482920126 360 221 touchmove 300 68 0.83333337306976 0.83333337306976 0 communities 0
outlet_with_communities_rough 1580482920143 360 221 touchmove 300 81 0.83333337306976 0.83333337306976 0 communities 0
outlet_with_communities_rough 1580482920163 360 221 touchmove 300 94 0.83333337306976 0.83333337306976 0 communities 0
outlet_with_communities_rough 1580482920177 360 221 touchmove 301 106 0.83333337306976 0.83333337306976 0 communities 0
outlet_with_communities_rough 1580482920194 360 221 touchmove 303 115 0.83333337306976 0.83333337306976 0 communities 0
outlet_with_communities_rough 1580482920209 360 221 touchmove 304 123 0.83333337306976 0.83333337306976 0 communities 0
outlet_with_communities_rough 1580482920227 360 221 touchmove 305 130 0.83333337306976 0.83333337306976 0 communities 0
outlet_with_communities_rough 1580482920244 360 221 touchmove 305 138 0.83333337306976 0.83333337306976 0 communities 0
outlet_with_communities_rough 1580482920260 360 221 touchmove 304 149 0.83333337306976 0.83333337306976 0 communities 0
outlet_with_communities_rough 1580482920277 360 221 touchmove 302 158 0.83333337306976 0.83333337306976 0 communities 0
outlet_with_communities_rough 1580482920295 360 221 touchmove 301 165 0.83333337306976 0.83333337306976 0 communities 0
outlet_with_communities_rough 1580482920310 360 221 touchmove 300 170 0.83333337306976 0.83333337306976 0 communities 0
outlet_with_communities_rough 1580482920326 360 221 touchmove 299 173 0.83333337306976 0.83333337306976 0 communities 0
outlet_with_communities_rough 1580482920343 360 221 touchmove 299 174 0.83333337306976 0.83333337306976 0 communities 0
outlet_with_communities_rough 1580482920361 360 221 touchmove 298 175 0.83333337306976 0.83333337306976 0 communities 0
outlet_with_communities_rough 1580482920378 360 221 touchmove 298 176 0.83333337306976 0.83333337306976 0 communities 0
outlet_with_communities_rough 1580482920393 360 221 touchmove 297 178 0.83333337306976 0.83333337306976 0 communities 0
outlet_with_communities_rough 1580482920410 360 221 touchmove 297 178 0.83333337306976 0.83333337306976 0 communities 0
outlet_with_communities_rough 1580482920427 360 221 touchmove 297 179 0.83333337306976 0.83333337306976 0 communities 0
outlet_with_communities_rough 1580482920443 360 221 touchmove 296 179 0.83333337306976 0.83333337306976 0 communities 0
outlet_with_communities_rough 1580482920460 360 221 touchmove 295 180 0.83333337306976 0.83333337306976 0 communities 0
outlet_with_communities_rough 1580482920476 360 221 touchmove 295 181 0.83333337306976 0.83333337306976 0 communities 0
outlet_with_communities_rough 1580482920493 360 221 touchmove 294 181 0.83333337306976 0.83333337306976 0 communities 0
outlet_with_communities_rough 1580482920510 360 221 touchmove 294 181 0.83333337306976 0.83333337306976 0 communities 0
outlet_with_communities_rough 1580482920528 360 221 touchmove 294 181 0.83333337306976 0.83333337306976 0 communities 0
outlet_with_communities_rough 1580482920561 360 221 touchmove 293 181 0.83333337306976 0.83333337306976 0 communities 0
outlet_with_communities_rough 1580482920577 360 221 touchmove 293 181 0.83333337306976 0.83333337306976 0 communities 0
outlet_with_communities_rough 1580482920594 360 221 touchmove 293 182 0.83333337306976 0.83333337306976 0 communities 0
outlet_with_communities_rough 1580482920611 360 221 touchmove 293 182 0.83333337306976 0.83333337306976 0 communities 0
outlet_with_communities_rough 1580482920627 360 221 touchmove 292 182 0.83333337306976 0.83333337306976 0 communities 0
outlet_with_communities_rough 1580482920643 360 221 touchmove 292 182 0.83333337306976 0.83333337306976 0 communities 0
outlet_with_communities_rough 1580482920661 360 221 touchmove 292 182 0.83333337306976 0.83333337306976 0 communities 0
outlet_with_communities_rough 1580482920676 360 221 touchmove 291 182 0.83333337306976 0.83333337306976 0 communities 0
outlet_with_communities_rough 1580482920693 360 221 touchmove 291 181 0.83333337306976 0.83333337306976 0 communities 0
outlet_with_communities_rough 1580482920710 360 221 touchmove 291 181 0.83333337306976 0.83333337306976 0 communities 0
outlet_with_communities_rough 1580482920731 360 221 touchmove 290 181 0.83333337306976 0.83333337306976 0 communities 0
outlet_with_communities_rough 1580482920751 360 221 touchmove 290 181 0.83333337306976 0.83333337306976 0 communities 0
outlet_with_communities_rough 1580482920763 360 221 touchmove 290 181 0.83333337306976 0.83333337306976 0 communities 0
outlet_with_communities_rough 1580482920794 360 221 touchmove 290 181 0.83333337306976 0.83333337306976 0 communities 0
outlet_with_communities_rough 1580482920811 360 221 touchmove 289 181 0.83333337306976 0.83333337306976 0 communities 0
outlet_with_communities_rough 1580482920826 360 221 touchmove 289 180 0.83333337306976 0.83333337306976 0 communities 0
outlet_with_communities_rough 1580482920845 360 221 touchmove 289 180 0.83333337306976 0.83333337306976 0 communities 0
outlet_with_communities_rough 1580482920863 360 221 touchmove 289 180 0.83333337306976 0.83333337306976 0 communities 0
outlet_with_communities_rough 1580482920877 360 221 touchmove 289 179 0.83333337306976 0.83333337306976 0 communities 0
outlet_with_communities_rough 1580482920895 360 221 touchmove 288 179 0.83333337306976 0.83333337306976 0 communities 0
outlet_with_communities_rough 1580482920910 360 221 touchmove 288 178 0.83333337306976 0.83333337306976 0 communities 0
outlet_with_communities_rough 1580482920928 360 221 touchmove 288 178 0.83333337306976 0.83333337306976 0 communities 0
outlet_with_communities_rough 1580482920944 360 221 touchmove 288 177 0.83333337306976 0.83333337306976 0 communities 0
outlet_with_communities_rough 1580482920960 360 221 touchmove 287 175 0.83333337306976 0.83333337306976 0 communities 0
outlet_with_communities_rough 1580482920976 360 221 touchmove 286 173 0.83333337306976 0.83333337306976 0 communities 0
outlet_with_communities_rough 1580482920993 360 221 touchmove 285 169 0.83333337306976 0.83333337306976 0 communities 0
outlet_with_communities_rough 1580482921010 360 221 touchmove 283 163 0.83333337306976 0.83333337306976 0 communities 0
outlet_with_communities_rough 1580482921027 360 221 touchmove 280 156 0.83333337306976 0.83333337306976 0 communities 0
outlet_with_communities_rough 1580482921044 360 221 touchmove 276 149 0.83333337306976 0.83333337306976 0 communities 0
outlet_with_communities_rough 1580482921060 360 221 touchmove 272 140 0.83333337306976 0.83333337306976 0 communities 0
outlet_with_communities_rough 1580482921077 360 221 touchmove 267 132 0.83333337306976 0.83333337306976 0 communities 0
outlet_with_communities_rough 1580482921094 360 221 touchmove 263 123 0.83333337306976 0.83333337306976 0 communities 0
outlet_with_communities_rough 1580482921110 360 221 touchmove 259 115 0.83333337306976 0.83333337306976 0 communities 0
outlet_with_communities_rough 1580482921127 360 221 touchmove 255 108 0.83333337306976 0.83333337306976 0 communities 0
outlet_with_communities_rough 1580482921144 360 221 touchmove 250 99 0.83333337306976 0.83333337306976 0 communities 0
outlet_with_communities_rough 1580482921160 360 221 touchmove 246 93 0.83333337306976 0.83333337306976 0 communities 0
outlet_with_communities_rough 1580482921177 360 221 touchmove 244 88 0.83333337306976 0.83333337306976 0 communities 0
outlet_with_communities_rough 1580482921201 360 221 touchmove 241 84 0.83333337306976 0.83333337306976 0 communities 0
outlet_with_communities_rough 1580482921213 360 221 touchmove 239 79 0.83333337306976 0.83333337306976 0 communities 0
outlet_with_communities_rough 1580482921226 360 221 touchmove 238 77 0.83333337306976 0.83333337306976 0 communities 0
outlet_with_communities_rough 1580482921243 360 221 touchmove 235 72 0.83333337306976 0.83333337306976 0 communities 0
outlet_with_communities_rough 1580482921259 360 221 touchmove 231 64 0.83333337306976 0.83333337306976 0 communities 0
outlet_with_communities_rough 1580482921275 360 221 touchmove 230 62 0.83333337306976 0.83333337306976 0 communities 0
outlet_with_communities_rough 1580482921292 360 221 touchmove 229 59 0.83333337306976 0.83333337306976 0 communities 0
outlet_with_communities_rough 1580482921309 360 221 touchmove 227 55 0.83333337306976 0.83333337306976 0 communities 0
outlet_with_communities_rough 1580482921326 360 221 touchmove 226 49 0.83333337306976 0.83333337306976 0 communities 0
outlet_with_communities_rough 1580482921342 360 221 touchmove 224 44 0.83333337306976 0.83333337306976 0 communities 0
outlet_with_communities_rough 1580482921359 360 221 touchmove 223 38 0.83333337306976 0.83333337306976 0 communities 0
outlet_with_communities_rough 1580482921377 360 221 touchmove 223 33 0.83333337306976 0.83333337306976 0 communities 0
outlet_with_communities_rough 1580482921393 360 221 touchmove 223 31 0.83333337306976 0.83333337306976 0 communities 0
outlet_with_communities_rough 1580482921411 360 221 touchmove 223 29 0.83333337306976 0.83333337306976 0 communities 0
outlet_with_communities_rough 1580482921426 360 221 touchmove 223 26 0.83333337306976 0.83333337306976 0 communities 0
outlet_with_communities_rough 1580482921443 360 221 touchmove 223 25 0.83333337306976 0.83333337306976 0 communities 0
outlet_with_communities_rough 1580482921460 360 221 touchmove 223 24 0.83333337306976 0.83333337306976 0 communities 0
outlet_with_communities_rough 1580482921478 360 221 touchmove 223 24 0.83333337306976 0.83333337306976 0 communities 0
outlet_with_communities_rough 1580482921493 360 221 touchmove 223 23 0.83333337306976 0.83333337306976 0 communities 0
outlet_with_communities_rough 1580482921510 360 221 touchmove 223 23 0.83333337306976 0.83333337306976 0 communities 0
outlet_with_communities_rough 1580482921526 360 221 touchmove 223 22 1.8333333730698 1.8333333730698 0 communities 0
outlet_with_communities_rough 1580482921544 360 221 touchmove 223 22 0.83333337306976 0.83333337306976 0 communities 0
outlet_with_communities_rough 1580482921560 360 221 touchmove 223 22 0.83333337306976 0.83333337306976 0 communities 0
outlet_with_communities_rough 1580482921593 360 221 touchmove 223 21 0.83333337306976 0.83333337306976 0 communities 0
outlet_with_communities_rough 1580482921610 360 221 touchmove 223 21 0.83333337306976 0.83333337306976 0 communities 0
outlet_with_communities_rough 1580482921625 360 221 touchmove 223 21 0.83333337306976 0.83333337306976 0 communities 0
outlet_with_communities_rough 1580482921651 360 221 touchmove 223 20 0.83333337306976 0.83333337306976 0 communities 0
outlet_with_communities_rough 1580482922093 360 221 touchmove 223 21 0.83333337306976 0.83333337306976 0 communities 0
outlet_with_communities_rough 1580482922112 360 221 touchmove 223 21 0.83333337306976 0.83333337306976 0 communities 0
outlet_with_communities_rough 1580482922126 360 221 touchmove 223 21 0.83333337306976 0.83333337306976 0 communities 0
outlet_with_communities_rough 1580482922144 360 221 touchmove 223 22 0.83333337306976 0.83333337306976 0 communities 0
outlet_with_communities_rough 1580482922162 360 221 touchmove 223 22 0.83333337306976 0.83333337306976 0 communities 0
outlet_with_communities_rough 1580482922176 360 221 touchmove 223 22 1.8333333730698 1.8333333730698 0 communities 0
outlet_with_communities_rough 1580482922193 360 221 touchmove 223 23 1.8333333730698 1.8333333730698 0 communities 0
outlet_with_communities_rough 1580482922208 360 221 touchmove 224 23 2 2 0 communities 0
outlet_with_communities_rough 1580482922227 360 221 touchmove 224 23 2 2 0 communities 0
outlet_with_communities_rough 1580482922244 360 221 touchmove 224 24 2 2 0 communities 0
outlet_with_communities_rough 1580482922262 360 221 touchmove 224 24 2 2 0 communities 0
outlet_with_communities_rough 1580482922277 360 221 touchmove 225 24 2 2 0 communities 0
outlet_with_communities_rough 1580482922294 360 221 touchmove 225 25 2 2 0 communities 0
outlet_with_communities_rough 1580482922312 360 221 touchmove 225 25 2 2 0 communities 0
outlet_with_communities_rough 1580482922329 360 221 touchmove 225 25 2 2 0 communities 0
outlet_with_communities_rough 1580482922346 360 221 touchmove 225 26 2 2 0 communities 0
outlet_with_communities_rough 1580482922361 360 221 touchmove 226 26 2 2 0 communities 0
outlet_with_communities_rough 1580482922378 360 221 touchmove 226 26 2 2 0 communities 0
outlet_with_communities_rough 1580482922395 360 221 touchmove 226 27 2 2 0 communities 0
outlet_with_communities_rough 1580482922411 360 221 touchmove 226 27 2 2 0 communities 0
outlet_with_communities_rough 1580482922427 360 221 touchmove 226 27 2 2 0 communities 0
outlet_with_communities_rough 1580482922443 360 221 touchmove 226 28 2 2 0 communities 0
outlet_with_communities_rough 1580482922461 360 221 touchmove 226 28 2 2 0 communities 0
outlet_with_communities_rough 1580482922477 360 221 touchmove 227 28 2.1666667461395 2.1666667461395 0 communities 0
outlet_with_communities_rough 1580482922494 360 221 touchmove 227 29 2.1666667461395 2.1666667461395 0 communities 0
outlet_with_communities_rough 1580482922510 360 221 touchmove 227 29 2 2 0 communities 0
outlet_with_communities_rough 1580482922527 360 221 touchmove 227 30 0.83333337306976 0.83333337306976 0 communities 0
outlet_with_communities_rough 1580482922544 360 221 touchmove 228 31 0.83333337306976 0.83333337306976 0 communities 0
outlet_with_communities_rough 1580482922560 360 221 touchmove 229 37 2 2 0 communities 0
outlet_with_communities_rough 1580482922575 360 221 touchmove 229 45 1.8333333730698 1.8333333730698 0 communities 0
outlet_with_communities_rough 1580482922593 360 221 touchmove 228 55 2 2 0 communities 0
outlet_with_communities_rough 1580482922610 360 221 touchmove 225 67 1.8333333730698 1.8333333730698 0 communities 0
outlet_with_communities_rough 1580482922626 360 221 touchmove 224 72 0.83333337306976 0.83333337306976 0 communities 0
outlet_with_communities_rough 1580482922644 360 221 touchmove 218 90 0.83333337306976 0.83333337306976 0 communities 0
outlet_with_communities_rough 1580482922660 360 221 touchmove 213 101 0.83333337306976 0.83333337306976 0 communities 0
outlet_with_communities_rough 1580482922677 360 221 touchmove 208 113 0.83333337306976 0.83333337306976 0 communities 0
outlet_with_communities_rough 1580482922695 360 221 touchmove 202 125 0.83333337306976 0.83333337306976 0 communities 0
outlet_with_communities_rough 1580482922710 360 221 touchmove 197 136 0.83333337306976 0.83333337306976 0 communities 0
outlet_with_communities_rough 1580482922726 360 221 touchmove 194 144 0.83333337306976 0.83333337306976 0 communities 0
outlet_with_communities_rough 1580482922743 360 221 touchmove 191 150 0.83333337306976 0.83333337306976 0 communities 0
outlet_with_communities_rough 1580482922762 360 221 touchmove 190 155 0.83333337306976 0.83333337306976 0 communities 0
outlet_with_communities_rough 1580482922778 360 221 touchmove 189 159 0.83333337306976 0.83333337306976 0 communities 0
outlet_with_communities_rough 1580482922793 360 221 touchmove 188 161 0.83333337306976 0.83333337306976 0 communities 0
outlet_with_communities_rough 1580482922811 360 221 touchmove 188 161 0.83333337306976 0.83333337306976 0 communities 0
outlet_with_communities_rough 1580482922826 360 221 touchmove 187 163 0.83333337306976 0.83333337306976 0 communities 0
outlet_with_communities_rough 1580482922843 360 221 touchmove 187 164 0.83333337306976 0.83333337306976 0 communities 0
outlet_with_communities_rough 1580482922859 360 221 touchmove 186 165 0.83333337306976 0.83333337306976 0 communities 0
outlet_with_communities_rough 1580482922877 360 221 touchmove 185 166 0.83333337306976 0.83333337306976 0 communities 0
outlet_with_communities_rough 1580482922892 360 221 touchmove 184 167 0.83333337306976 0.83333337306976 0 communities 0
outlet_with_communities_rough 1580482922911 360 221 touchmove 183 168 0.83333337306976 0.83333337306976 0 communities 0
outlet_with_communities_rough 1580482922927 360 221 touchmove 181 168 0.83333337306976 0.83333337306976 0 communities 0
outlet_with_communities_rough 1580482922943 360 221 touchmove 181 169 0.83333337306976 0.83333337306976 0 communities 0
outlet_with_communities_rough 1580482922960 360 221 touchmove 179 170 0.83333337306976 0.83333337306976 0 communities 0
outlet_with_communities_rough 1580482922978 360 221 touchmove 177 170 0.83333337306976 0.83333337306976 0 communities 0
outlet_with_communities_rough 1580482922994 360 221 touchmove 176 171 0.83333337306976 0.83333337306976 0 communities 0
outlet_with_communities_rough 1580482923010 360 221 touchmove 175 171 0.83333337306976 0.83333337306976 0 communities 0
outlet_with_communities_rough 1580482923026 360 221 touchmove 175 171 0.83333337306976 0.83333337306976 0 communities 0
outlet_with_communities_rough 1580482923044 360 221 touchmove 174 172 0.83333337306976 0.83333337306976 0 communities 0
outlet_with_communities_rough 1580482923068 360 221 touchmove 174 172 0.83333337306976 0.83333337306976 0 communities 0
outlet_with_communities_rough 1580482923127 360 221 touchmove 175 172 0.83333337306976 0.83333337306976 0 communities 0
outlet_with_communities_rough 1580482923144 360 221 touchmove 180 172 0.83333337306976 0.83333337306976 0 communities 0
outlet_with_communities_rough 1580482923160 360 221 touchmove 192 170 0.83333337306976 0.83333337306976 0 communities 0
outlet_with_communities_rough 1580482923178 360 221 touchmove 204 169 0.83333337306976 0.83333337306976 0 communities 0
outlet_with_communities_rough 1580482923192 360 221 touchmove 211 168 0.83333337306976 0.83333337306976 0 communities 0
outlet_with_communities_rough 1580482923209 360 221 touchmove 218 166 0.83333337306976 0.83333337306976 0 communities 0
outlet_with_communities_rough 1580482923225 360 221 touchmove 221 166 0.83333337306976 0.83333337306976 0 communities 0
outlet_with_communities_rough 1580482923243 360 221 touchmove 228 165 0.83333337306976 0.83333337306976 0 communities 0
outlet_with_communities_rough 1580482923259 360 221 touchmove 229 165 0.83333337306976 0.83333337306976 0 communities 0
outlet_with_communities_rough 1580482923278 360 221 touchmove 234 163 0.83333337306976 0.83333337306976 0 communities 0
outlet_with_communities_rough 1580482923293 360 221 touchmove 235 163 0.83333337306976 0.83333337306976 0 communities 0
outlet_with_communities_rough 1580482923309 360 221 touchmove 238 162 0.83333337306976 0.83333337306976 0 communities 0
outlet_with_communities_rough 1580482923326 360 221 touchmove 238 162 0.83333337306976 0.83333337306976 0 communities 0
outlet_with_communities_rough 1580482923342 360 221 touchmove 239 162 0.83333337306976 0.83333337306976 0 communities 0
outlet_with_communities_rough 1580482923359 360 221 touchmove 240 161 0.83333337306976 0.83333337306976 0 communities 0
outlet_with_communities_rough 1580482923377 360 221 touchmove 241 161 0.83333337306976 0.83333337306976 0 communities 0
outlet_with_communities_rough 1580482923393 360 221 touchmove 242 161 0.83333337306976 0.83333337306976 0 communities 0
outlet_with_communities_rough 1580482923411 360 221 touchmove 242 161 0.83333337306976 0.83333337306976 0 communities 0
outlet_with_communities_rough 1580482923427 360 221 touchmove 242 161 0.83333337306976 0.83333337306976 0 communities 0
outlet_with_communities_rough 1580482923447 360 221 touchmove 243 161 0.83333337306976 0.83333337306976 0 communities 0
outlet_with_communities_rough 1580482923462 360 221 touchmove 243 161 0.83333337306976 0.83333337306976 0 communities 0
outlet_with_communities_rough 1580482923478 360 221 touchmove 244 161 0.83333337306976 0.83333337306976 0 communities 0
outlet_with_communities_rough 1580482923493 360 221 touchmove 244 161 0.83333337306976 0.83333337306976 0 communities 0
outlet_with_communities_rough 1580482923512 360 221 touchmove 244 161 0.83333337306976 0.83333337306976 0 communities 0
outlet_with_communities_rough 1580482923528 360 221 touchmove 245 161 0.83333337306976 0.83333337306976 0 communities 0
outlet_with_communities_rough 1580482923544 360 221 touchmove 245 161 0.83333337306976 0.83333337306976 0 communities 0
outlet_with_communities_rough 1580482923561 360 221 touchmove 246 161 0.83333337306976 0.83333337306976 0 communities 0
outlet_with_communities_rough 1580482923579 360 221 touchmove 246 161 0.83333337306976 0.83333337306976 0 communities 0
outlet_with_communities_rough 1580482923593 360 221 touchmove 247 160 0.83333337306976 0.83333337306976 0 communities 0
outlet_with_communities_rough 1580482923609 360 221 touchmove 248 160 0.83333337306976 0.83333337306976 0 communities 0
outlet_with_communities_rough 1580482923626 360 221 touchmove 249 160 0.83333337306976 0.83333337306976 0 communities 0
outlet_with_communities_rough 1580482923643 360 221 touchmove 249 160 0.83333337306976 0.83333337306976 0 communities 0
outlet_with_communities_rough 1580482923660 360 221 touchmove 249 160 0.83333337306976 0.83333337306976 0 communities 0
outlet_with_communities_rough 1580482923675 360 221 touchmove 250 160 0.83333337306976 0.83333337306976 0 communities 0
outlet_with_communities_rough 1580482923693 360 221 touchmove 250 160 0.83333337306976 0.83333337306976 0 communities 0
outlet_with_communities_rough 1580482923710 360 221 touchmove 251 160 0.83333337306976 0.83333337306976 0 communities 0
outlet_with_communities_rough 1580482923727 360 221 touchmove 251 160 0.83333337306976 0.83333337306976 0 communities 0
outlet_with_communities_rough 1580482923744 360 221 touchmove 251 160 0.83333337306976 0.83333337306976 0 communities 0
outlet_with_communities_rough 1580482923761 360 221 touchmove 252 160 0.83333337306976 0.83333337306976 0 communities 0
outlet_with_communities_rough 1580482923844 360 221 touchmove 252 160 0.83333337306976 0.83333337306976 0 communities 0
outlet_with_communities_rough 1580482923868 360 221 touchmove 252 160 0.83333337306976 0.83333337306976 0 communities 0
outlet_with_communities_rough 1580482923893 360 221 touchmove 253 160 0.83333337306976 0.83333337306976 0 communities 0
outlet_with_communities_rough 1580482923909 360 221 touchmove 253 160 0.83333337306976 0.83333337306976 0 communities 0
outlet_with_communities_rough 1580482923930 360 221 touchmove 253 160 0.83333337306976 0.83333337306976 0 communities 0
outlet_with_communities_rough 1580482923944 360 221 touchmove 254 159 0.83333337306976 0.83333337306976 0 communities 0
outlet_with_communities_rough 1580482923959 360 221 touchmove 254 158 0.83333337306976 0.83333337306976 0 communities 0
outlet_with_communities_rough 1580482923975 360 221 touchmove 255 157 0.83333337306976 0.83333337306976 0 communities 0
outlet_with_communities_rough 1580482923992 360 221 touchmove 257 154 0.83333337306976 0.83333337306976 0 communities 0
outlet_with_communities_rough 1580482924008 360 221 touchmove 260 151 0.83333337306976 0.83333337306976 0 communities 0
outlet_with_communities_rough 1580482924025 360 221 touchmove 262 148 0.83333337306976 0.83333337306976 0 communities 0
outlet_with_communities_rough 1580482924041 360 221 touchmove 264 145 0.83333337306976 0.83333337306976 0 communities 0
outlet_with_communities_rough 1580482924059 360 221 touchmove 266 143 0.83333337306976 0.83333337306976 0 communities 0
outlet_with_communities_rough 1580482924076 360 221 touchmove 267 141 0.83333337306976 0.83333337306976 0 communities 0
outlet_with_communities_rough 1580482924093 360 221 touchmove 269 139 0.83333337306976 0.83333337306976 0 communities 0
outlet_with_communities_rough 1580482924110 360 221 touchmove 271 134 0.83333337306976 0.83333337306976 0 communities 0
outlet_with_communities_rough 1580482924131 360 221 touchmove 276 125 0.83333337306976 0.83333337306976 0 communities 0
outlet_with_communities_rough 1580482924145 360 221 touchmove 280 115 0.83333337306976 0.83333337306976 0 communities 0
outlet_with_communities_rough 1580482924159 360 221 touchmove 282 108 0.83333337306976 0.83333337306976 0 communities 0
outlet_with_communities_rough 1580482924176 360 221 touchmove 284 103 0.83333337306976 0.83333337306976 0 communities 0
outlet_with_communities_rough 1580482924194 360 221 touchmove 285 101 0.83333337306976 0.83333337306976 0 communities 0
outlet_with_communities_rough 1580482924211 360 221 touchmove 288 96 0.83333337306976 0.83333337306976 0 communities 0
outlet_with_communities_rough 1580482924226 360 221 touchmove 289 93 0.83333337306976 0.83333337306976 0 communities 0
outlet_with_communities_rough 1580482924245 360 221 touchmove 293 85 0.83333337306976 0.83333337306976 0 communities 0
outlet_with_communities_rough 1580482924260 360 221 touchmove 295 79 0.83333337306976 0.83333337306976 0 communities 0
outlet_with_communities_rough 1580482924275 360 221 touchmove 297 75 0.83333337306976 0.83333337306976 0 communities 0
outlet_with_communities_rough 1580482924309 360 221 touchmove 300 66 0.83333337306976 0.83333337306976 0 communities 0
outlet_with_communities_rough 1580482924327 360 221 touchmove 301 61 0.83333337306976 0.83333337306976 0 communities 0
outlet_with_communities_rough 1580482924342 360 221 touchmove 302 57 0.83333337306976 0.83333337306976 0 communities 0
outlet_with_communities_rough 1580482924359 360 221 touchmove 303 54 0.83333337306976 0.83333337306976 0 communities 0
outlet_with_communities_rough 1580482924376 360 221 touchmove 304 51 0.83333337306976 0.83333337306976 0 communities 0
outlet_with_communities_rough 1580482924392 360 221 touchmove 305 49 0.83333337306976 0.83333337306976 0 communities 0
outlet_with_communities_rough 1580482924410 360 221 touchmove 305 46 0.83333337306976 0.83333337306976 0 communities 0
outlet_with_communities_rough 1580482924427 360 221 touchmove 305 43 0.83333337306976 0.83333337306976 0 communities 0
outlet_with_communities_rough 1580482924444 360 221 touchmove 305 40 0.83333337306976 0.83333337306976 0 communities 0
outlet_with_communities_rough 1580482924460 360 221 touchmove 305 37 0.83333337306976 0.83333337306976 0 communities 0
outlet_with_communities_rough 1580482924476 360 221 touchmove 304 35 0.83333337306976 0.83333337306976 0 communities 0
outlet_with_communities_rough 1580482924493 360 221 touchmove 304 33 0.83333337306976 0.83333337306976 0 communities 0
outlet_with_communities_rough 1580482924509 360 221 touchmove 302 31 0.83333337306976 0.83333337306976 0 communities 0
outlet_with_communities_rough 1580482924527 360 221 touchmove 299 29 0.83333337306976 0.83333337306976 0 communities 0
outlet_with_communities_rough 1580482924543 360 221 touchmove 293 27 0.83333337306976 0.83333337306976 0 communities 0
outlet_with_communities_rough 1580482924561 360 221 touchmove 283 27 0.83333337306976 0.83333337306976 0 communities 0
outlet_with_communities_rough 1580482924577 360 221 touchmove 276 28 0.83333337306976 0.83333337306976 0 communities 0
outlet_with_communities_rough 1580482924593 360 221 touchmove 273 29 0.83333337306976 0.83333337306976 0 communities 0
outlet_with_communities_rough 1580482924610 360 221 touchmove 269 31 0.83333337306976 0.83333337306976 0 communities 0
outlet_with_communities_rough 1580482924627 360 221 touchmove 267 31 0.83333337306976 0.83333337306976 0 communities 0
outlet_with_communities_rough 1580482924643 360 221 touchmove 265 32 0.83333337306976 0.83333337306976 0 communities 0
outlet_with_communities_rough 1580482924660 360 221 touchmove 265 32 0.83333337306976 0.83333337306976 0 communities 0
outlet_with_communities_rough 1580482924677 360 221 touchmove 264 32 0.83333337306976 0.83333337306976 0 communities 0
outlet_with_communities_rough 1580482924695 360 221 touchmove 264 33 0.83333337306976 0.83333337306976 0 communities 0
outlet_with_communities_rough 1580482924719 360 221 touchmove 263 33 0.83333337306976 0.83333337306976 0 communities 0
outlet_with_communities_rough 1580482925010 360 221 touchmove 263 33 0.83333337306976 0.83333337306976 0 communities 0
outlet_with_communities_rough 1580482925029 360 221 touchmove 262 32 0.83333337306976 0.83333337306976 0 communities 0
outlet_with_communities_rough 1580482925047 360 221 touchmove 261 32 0.83333337306976 0.83333337306976 0 communities 0
outlet_with_communities_rough 1580482925060 360 221 touchmove 260 32 0.83333337306976 0.83333337306976 0 communities 0
outlet_with_communities_rough 1580482925077 360 221 touchmove 257 31 0.83333337306976 0.83333337306976 0 communities 0
outlet_with_communities_rough 1580482925093 360 221 touchmove 249 31 0.83333337306976 0.83333337306976 0 communities 0
outlet_with_communities_rough 1580482925110 360 221 touchmove 237 30 1.8333333730698 1.8333333730698 0 communities 0
outlet_with_communities_rough 1580482925126 360 221 touchmove 228 30 0.83333337306976 0.83333337306976 0 communities 0
outlet_with_communities_rough 1580482925142 360 221 touchmove 224 30 0.83333337306976 0.83333337306976 0 communities 0
outlet_with_communities_rough 1580482925160 360 221 touchmove 221 30 0.83333337306976 0.83333337306976 0 communities 0
outlet_with_communities_rough 1580482925176 360 221 touchmove 218 30 0.83333337306976 0.83333337306976 0 communities 0
outlet_with_communities_rough 1580482925192 360 221 touchmove 215 30 2 2 0 communities 0
outlet_with_communities_rough 1580482925209 360 221 touchmove 211 30 0.83333337306976 0.83333337306976 0 communities 0
outlet_with_communities_rough 1580482925225 360 221 touchmove 206 30 0.83333337306976 0.83333337306976 0 communities 0
outlet_with_communities_rough 1580482925243 360 221 touchmove 202 30 0.83333337306976 0.83333337306976 0 communities 0
outlet_with_communities_rough 1580482925261 360 221 touchmove 198 30 0.83333337306976 0.83333337306976 0 communities 0
outlet_with_communities_rough 1580482925279 360 221 touchmove 197 30 0.83333337306976 0.83333337306976 0 communities 0
outlet_with_communities_rough 1580482925296 360 221 touchmove 194 30 0.83333337306976 0.83333337306976 0 communities 0
outlet_with_communities_rough 1580482925310 360 221 touchmove 193 30 0.83333337306976 0.83333337306976 0 communities 0
outlet_with_communities_rough 1580482925327 360 221 touchmove 192 31 0.83333337306976 0.83333337306976 0 communities 0
outlet_with_communities_rough 1580482925343 360 221 touchmove 190 31 0.83333337306976 0.83333337306976 0 communities 0
outlet_with_communities_rough 1580482925362 360 221 touchmove 188 31 1.8333333730698 1.8333333730698 0 communities 0
outlet_with_communities_rough 1580482925378 360 221 touchmove 186 32 2 2 0 communities 0
outlet_with_communities_rough 1580482925394 360 221 touchmove 185 32 0.83333337306976 0.83333337306976 0 communities 0
outlet_with_communities_rough 1580482925411 360 221 touchmove 183 32 0.83333337306976 0.83333337306976 0 communities 0
outlet_with_communities_rough 1580482925428 360 221 touchmove 182 32 0.83333337306976 0.83333337306976 0 communities 0
outlet_with_communities_rough 1580482925444 360 221 touchmove 180 33 0.83333337306976 0.83333337306976 0 communities 0
outlet_with_communities_rough 1580482925460 360 221 touchmove 177 33 0.83333337306976 0.83333337306976 0 communities 0
outlet_with_communities_rough 1580482925482 360 221 touchmove 175 33 0.83333337306976 0.83333337306976 0 communities 0
outlet_with_communities_rough 1580482925494 360 221 touchmove 173 33 0.83333337306976 0.83333337306976 0 communities 0
outlet_with_communities_rough 1580482925510 360 221 touchmove 171 33 0.83333337306976 0.83333337306976 0 communities 0
outlet_with_communities_rough 1580482925526 360 221 touchmove 170 33 0.83333337306976 0.83333337306976 0 communities 0
outlet_with_communities_rough 1580482925544 360 221 touchmove 168 33 0.83333337306976 0.83333337306976 0 communities 0
outlet_with_communities_rough 1580482925560 360 221 touchmove 166 33 0.83333337306976 0.83333337306976 0 communities 0
outlet_with_communities_rough 1580482925578 360 221 touchmove 164 33 0.83333337306976 0.83333337306976 0 communities 0
outlet_with_communities_rough 1580482925594 360 221 touchmove 163 33 0.83333337306976 0.83333337306976 0 communities 0
outlet_with_communities_rough 1580482925613 360 221 touchmove 162 33 0.83333337306976 0.83333337306976 0 communities 0
outlet_with_communities_rough 1580482925627 360 221 touchmove 162 33 0.83333337306976 0.83333337306976 0 communities 0
outlet_with_communities_rough 1580482925642 360 221 touchmove 162 33 0.83333337306976 0.83333337306976 0 communities 0
outlet_with_communities_rough 1580482925659 360 221 touchmove 161 33 0.83333337306976 0.83333337306976 0 communities 0
outlet_with_communities_rough 1580482925710 360 221 touchmove 161 33 0.83333337306976 0.83333337306976 0 communities 0
outlet_with_communities_rough 1580482925727 360 221 touchmove 161 34 0.83333337306976 0.83333337306976 0 communities 0
outlet_with_communities_rough 1580482925743 360 221 touchmove 161 34 0.83333337306976 0.83333337306976 0 communities 0
outlet_with_communities_rough 1580482925760 360 221 touchmove 161 34 0.83333337306976 0.83333337306976 0 communities 0
outlet_with_communities_rough 1580482925776 360 221 touchmove 161 35 0.83333337306976 0.83333337306976 0 communities 0
outlet_with_communities_rough 1580482925793 360 221 touchmove 161 35 0.83333337306976 0.83333337306976 0 communities 0
outlet_with_communities_rough 1580482925810 360 221 touchmove 161 35 0.83333337306976 0.83333337306976 0 communities 0
outlet_with_communities_rough 1580482925828 360 221 touchmove 161 36 0.83333337306976 0.83333337306976 0 communities 0
outlet_with_communities_rough 1580482925844 360 221 touchmove 161 36 0.83333337306976 0.83333337306976 0 communities 0
outlet_with_communities_rough 1580482925869 360 221 touchmove 161 36 0.83333337306976 0.83333337306976 0 communities 0
outlet_with_communities_rough 1580482926012 360 221 touchmove 162 36 0.83333337306976 0.83333337306976 0 communities 0
outlet_with_communities_rough 1580482926030 360 221 touchmove 162 36 0.83333337306976 0.83333337306976 0 communities 0
outlet_with_communities_rough 1580482926044 360 221 touchmove 163 37 0.83333337306976 0.83333337306976 0 communities 0
outlet_with_communities_rough 1580482926063 360 221 touchmove 164 37 0.83333337306976 0.83333337306976 0 communities 0
outlet_with_communities_rough 1580482926078 360 221 touchmove 166 37 0.83333337306976 0.83333337306976 0 communities 0
outlet_with_communities_rough 1580482926093 360 221 touchmove 167 38 0.83333337306976 0.83333337306976 0 communities 0
outlet_with_communities_rough 1580482926109 360 221 touchmove 169 38 0.83333337306976 0.83333337306976 0 communities 0
outlet_with_communities_rough 1580482926128 360 221 touchmove 172 38 0.83333337306976 0.83333337306976 0 communities 0
outlet_with_communities_rough 1580482926143 360 221 touchmove 174 39 0.83333337306976 0.83333337306976 0 communities 0
outlet_with_communities_rough 1580482926160 360 221 touchmove 186 40 0.83333337306976 0.83333337306976 0 communities 0
outlet_with_communities_rough 1580482926176 360 221 touchmove 191 40 0.83333337306976 0.83333337306976 0 communities 0
outlet_with_communities_rough 1580482926193 360 221 touchmove 211 41 0.83333337306976 0.83333337306976 0 communities 0
outlet_with_communities_rough 1580482926210 360 221 touchmove 224 40 0.83333337306976 0.83333337306976 0 communities 0
outlet_with_communities_rough 1580482926225 360 221 touchmove 235 39 0.83333337306976 0.83333337306976 0 communities 0
outlet_with_communities_rough 1580482926243 360 221 touchmove 243 39 0.83333337306976 0.83333337306976 0 communities 0
outlet_with_communities_rough 1580482926261 360 221 touchmove 249 38 0.83333337306976 0.83333337306976 0 communities 0
outlet_with_communities_rough 1580482926277 360 221 touchmove 251 38 0.83333337306976 0.83333337306976 0 communities 0
outlet_with_communities_rough 1580482926294 360 221 touchmove 257 38 0.83333337306976 0.83333337306976 0 communities 0
outlet_with_communities_rough 1580482926309 360 221 touchmove 262 37 0.83333337306976 0.83333337306976 0 communities 0
outlet_with_communities_rough 1580482926325 360 221 touchmove 266 37 0.83333337306976 0.83333337306976 0 communities 0
outlet_with_communities_rough 1580482926342 360 221 touchmove 268 37 0.83333337306976 0.83333337306976 0 communities 0
outlet_with_communities_rough 1580482926360 360 221 touchmove 269 37 0.83333337306976 0.83333337306976 0 communities 0
outlet_with_communities_rough 1580482926377 360 221 touchmove 270 37 0.83333337306976 0.83333337306976 0 communities 0
outlet_with_communities_rough 1580482926395 360 221 touchmove 271 37 0.83333337306976 0.83333337306976 0 communities 0
outlet_with_communities_rough 1580482926410 360 221 touchmove 271 37 0.83333337306976 0.83333337306976 0 communities 0
outlet_with_communities_rough 1580482926426 360 221 touchmove 272 36 0.83333337306976 0.83333337306976 0 communities 0
outlet_with_communities_rough 1580482926444 360 221 touchmove 273 36 0.83333337306976 0.83333337306976 0 communities 0
outlet_with_communities_rough 1580482926459 360 221 touchmove 273 36 0.83333337306976 0.83333337306976 0 communities 0
outlet_with_communities_rough 1580482926477 360 221 touchmove 275 36 0.83333337306976 0.83333337306976 0 communities 0
outlet_with_communities_rough 1580482926493 360 221 touchmove 275 36 0.83333337306976 0.83333337306976 0 communities 0
outlet_with_communities_rough 1580482926509 360 221 touchmove 276 36 0.83333337306976 0.83333337306976 0 communities 0
outlet_with_communities_rough 1580482926525 360 221 touchmove 276 36 0.83333337306976 0.83333337306976 0 communities 0
outlet_with_communities_rough 1580482926542 360 221 touchmove 277 36 0.83333337306976 0.83333337306976 0 communities 0
outlet_with_communities_rough 1580482926558 360 221 touchmove 277 36 0.83333337306976 0.83333337306976 0 communities 0
outlet_with_communities_rough 1580482926577 360 221 touchmove 277 36 0.83333337306976 0.83333337306976 0 communities 0
outlet_with_communities_rough 1580482926601 360 221 touchmove 277 35 0.83333337306976 0.83333337306976 0 communities 0
outlet_with_communities_rough 1580482926616 360 221 touchmove 276 35 0.83333337306976 0.83333337306976 0 communities 0
outlet_with_communities_rough 1580482926627 360 221 touchmove 262 29 0.83333337306976 0.83333337306976 0 communities 0
outlet_with_communities_rough 1580482926643 360 221 touchmove 235 23 0.83333337306976 0.83333337306976 0 communities 0
outlet_with_communities_rough 1580482926661 360 221 touchmove 207 24 0.83333337306976 0.83333337306976 0 communities 0
outlet_with_communities_rough 1580482926677 360 221 touchmove 183 26 0.83333337306976 0.83333337306976 0 communities 0
outlet_with_communities_rough 1580482926693 360 221 touchmove 170 29 1.8333333730698 1.8333333730698 0 communities 0
outlet_with_communities_rough 1580482926710 360 221 touchmove 163 30 0.83333337306976 0.83333337306976 0 communities 0
outlet_with_communities_rough 1580482926726 360 221 touchmove 156 31 0.83333337306976 0.83333337306976 0 communities 0
outlet_with_communities_rough 1580482926744 360 221 touchmove 147 33 0.83333337306976 0.83333337306976 0 communities 0
outlet_with_communities_rough 1580482926761 360 221 touchmove 137 35 0.83333337306976 0.83333337306976 0 communities 0
outlet_with_communities_rough 1580482926777 360 221 touchmove 129 37 0.83333337306976 0.83333337306976 0 communities 0
outlet_with_communities_rough 1580482926793 360 221 touchmove 124 37 0.83333337306976 0.83333337306976 0 communities 0
outlet_with_communities_rough 1580482926809 360 221 touchmove 119 37 0.83333337306976 0.83333337306976 0 communities 0
outlet_with_communities_rough 1580482926827 360 221 touchmove 116 37 0.83333337306976 0.83333337306976 0 communities 0
outlet_with_communities_rough 1580482926844 360 221 touchmove 114 37 0.83333337306976 0.83333337306976 0 communities 0
outlet_with_communities_rough 1580482926859 360 221 touchmove 111 38 0.83333337306976 0.83333337306976 0 communities 0
outlet_with_communities_rough 1580482926876 360 221 touchmove 107 38 0.83333337306976 0.83333337306976 0 communities 0
outlet_with_communities_rough 1580482926893 360 221 touchmove 102 38 0.83333337306976 0.83333337306976 0 communities 0
outlet_with_communities_rough 1580482926910 360 221 touchmove 98 38 0.83333337306976 0.83333337306976 0 communities 0
outlet_with_communities_rough 1580482926926 360 221 touchmove 94 38 0.83333337306976 0.83333337306976 0 communities 0
outlet_with_communities_rough 1580482926942 360 221 touchmove 93 37 0.83333337306976 0.83333337306976 0 communities 0
outlet_with_communities_rough 1580482926959 360 221 touchmove 91 37 0.83333337306976 0.83333337306976 0 communities 0
outlet_with_communities_rough 1580482926977 360 221 touchmove 90 37 0.83333337306976 0.83333337306976 0 communities 0
outlet_with_communities_rough 1580482926994 360 221 touchmove 89 37 0.83333337306976 0.83333337306976 0 communities 0
outlet_with_communities_rough 1580482927011 360 221 touchmove 88 37 0.83333337306976 0.83333337306976 0 communities 0
outlet_with_communities_rough 1580482927027 360 221 touchmove 88 37 0.83333337306976 0.83333337306976 0 communities 0
outlet_with_communities_rough 1580482927043 360 221 touchmove 87 37 0.83333337306976 0.83333337306976 0 communities 0
outlet_with_communities_rough 1580482927059 360 221 touchmove 86 38 0.83333337306976 0.83333337306976 0 communities 0
outlet_with_communities_rough 1580482927075 360 221 touchmove 84 43 0.83333337306976 0.83333337306976 0 communities 0
outlet_with_communities_rough 1580482927094 360 221 touchmove 83 53 0.83333337306976 0.83333337306976 0 communities 0
outlet_with_communities_rough 1580482927110 360 221 touchmove 83 67 0.83333337306976 0.83333337306976 0 communities 0
outlet_with_communities_rough 1580482927126 360 221 touchmove 85 79 0.83333337306976 0.83333337306976 0 communities 0
outlet_with_communities_rough 1580482927146 360 221 touchmove 86 89 0.83333337306976 0.83333337306976 0 communities 0
outlet_with_communities_rough 1580482927160 360 221 touchmove 86 97 0.83333337306976 0.83333337306976 0 communities 0
outlet_with_communities_rough 1580482927178 360 221 touchmove 85 102 0.83333337306976 0.83333337306976 0 communities 0
outlet_with_communities_rough 1580482927194 360 221 touchmove 85 106 0.83333337306976 0.83333337306976 0 communities 0
outlet_with_communities_rough 1580482927211 360 221 touchmove 84 108 0.83333337306976 0.83333337306976 0 communities 0
outlet_with_communities_rough 1580482927226 360 221 touchmove 84 109 0.83333337306976 0.83333337306976 0 communities 0
outlet_with_communities_rough 1580482927242 360 221 touchmove 83 110 0.83333337306976 0.83333337306976 0 communities 0
outlet_with_communities_rough 1580482927261 360 221 touchmove 83 111 0.83333337306976 0.83333337306976 0 communities 0
outlet_with_communities_rough 1580482927276 360 221 touchmove 82 111 0.83333337306976 0.83333337306976 0 communities 0
outlet_with_communities_rough 1580482927278 360 221 touchend 82 111 0.83333337306976 0.83333337306976 0 communities 0
outlet_with_communities_rough 1580482928978 360 221 touchstart 136 41 0.83333337306976 0.83333337306976 0 rough 0
outlet_with_communities_rough 1580482929061 360 221 touchmove 137 42 0.83333337306976 0.83333337306976 0 rough 0
outlet_with_communities_rough 1580482929078 360 221 touchmove 142 46 0.83333337306976 0.83333337306976 0 rough 0
outlet_with_communities_rough 1580482929093 360 221 touchmove 147 49 0.83333337306976 0.83333337306976 0 rough 0
outlet_with_communities_rough 1580482929110 360 221 touchmove 162 57 0.83333337306976 0.83333337306976 0 rough 0
outlet_with_communities_rough 1580482929127 360 221 touchmove 176 60 0.83333337306976 0.83333337306976 0 rough 0
outlet_with_communities_rough 1580482929145 360 221 touchmove 194 62 0.83333337306976 0.83333337306976 0 rough 0
outlet_with_communities_rough 1580482929159 360 221 touchmove 207 64 0.83333337306976 0.83333337306976 0 rough 0
outlet_with_communities_rough 1580482929175 360 221 touchmove 222 65 0.83333337306976 0.83333337306976 0 rough 0
outlet_with_communities_rough 1580482929192 360 221 touchmove 239 66 0.83333337306976 0.83333337306976 0 rough 0
outlet_with_communities_rough 1580482929210 360 221 touchmove 253 65 0.83333337306976 0.83333337306976 0 rough 0
outlet_with_communities_rough 1580482929227 360 221 touchmove 265 63 0.83333337306976 0.83333337306976 0 rough 0
outlet_with_communities_rough 1580482929243 360 221 touchmove 276 60 0.83333337306976 0.83333337306976 0 rough 0
outlet_with_communities_rough 1580482929260 360 221 touchmove 284 58 0.83333337306976 0.83333337306976 0 rough 0
outlet_with_communities_rough 1580482929276 360 221 touchmove 291 56 0.83333337306976 0.83333337306976 0 rough 0
outlet_with_communities_rough 1580482929293 360 221 touchmove 294 55 0.83333337306976 0.83333337306976 0 rough 0
outlet_with_communities_rough 1580482929309 360 221 touchmove 295 54 0.83333337306976 0.83333337306976 0 rough 0
outlet_with_communities_rough 1580482929329 360 221 touchmove 301 52 0.83333337306976 0.83333337306976 0 rough 0
outlet_with_communities_rough 1580482929344 360 221 touchmove 305 50 0.83333337306976 0.83333337306976 0 rough 0
outlet_with_communities_rough 1580482929360 360 221 touchmove 308 48 0.83333337306976 0.83333337306976 0 rough 0
outlet_with_communities_rough 1580482929375 360 221 touchmove 309 47 0.83333337306976 0.83333337306976 0 rough 0
outlet_with_communities_rough 1580482929394 360 221 touchmove 313 45 0.83333337306976 0.83333337306976 0 rough 0
outlet_with_communities_rough 1580482929410 360 221 touchmove 314 44 0.83333337306976 0.83333337306976 0 rough 0
outlet_with_communities_rough 1580482929427 360 221 touchmove 314 43 0.83333337306976 0.83333337306976 0 rough 0
outlet_with_communities_rough 1580482929446 360 221 touchmove 315 43 0.83333337306976 0.83333337306976 0 rough 0
outlet_with_communities_rough 1580482929460 360 221 touchmove 315 42 0.83333337306976 0.83333337306976 0 rough 0
outlet_with_communities_rough 1580482929477 360 221 touchmove 315 37 0.83333337306976 0.83333337306976 0 rough 0
outlet_with_communities_rough 1580482929493 360 221 touchmove 315 35 0.83333337306976 0.83333337306976 0 rough 0
outlet_with_communities_rough 1580482929510 360 221 touchmove 315 32 0.83333337306976 0.83333337306976 0 rough 0
outlet_with_communities_rough 1580482929527 360 221 touchmove 315 31 0.83333337306976 0.83333337306976 0 rough 0
outlet_with_communities_rough 1580482929542 360 221 touchmove 315 29 0.83333337306976 0.83333337306976 0 rough 0
outlet_with_communities_rough 1580482929559 360 221 touchmove 315 29 0.83333337306976 0.83333337306976 0 rough 0
outlet_with_communities_rough 1580482929577 360 221 touchmove 314 28 0.83333337306976 0.83333337306976 0 rough 0
outlet_with_communities_rough 1580482929592 360 221 touchmove 314 28 0.83333337306976 0.83333337306976 0 rough 0
outlet_with_communities_rough 1580482929612 360 221 touchmove 314 27 0.83333337306976 0.83333337306976 0 rough 0
outlet_with_communities_rough 1580482929628 360 221 touchmove 313 27 0.83333337306976 0.83333337306976 0 rough 0
outlet_with_communities_rough 1580482929644 360 221 touchmove 304 27 0.83333337306976 0.83333337306976 0 rough 0
outlet_with_communities_rough 1580482929661 360 221 touchmove 296 28 0.83333337306976 0.83333337306976 0 rough 0
outlet_with_communities_rough 1580482929677 360 221 touchmove 273 34 0.83333337306976 0.83333337306976 0 rough 0
outlet_with_communities_rough 1580482929693 360 221 touchmove 269 36 0.83333337306976 0.83333337306976 0 rough 0
outlet_with_communities_rough 1580482929710 360 221 touchmove 260 38 0.83333337306976 0.83333337306976 0 rough 0
outlet_with_communities_rough 1580482929727 360 221 touchmove 243 39 0.83333337306976 0.83333337306976 0 rough 0
outlet_with_communities_rough 1580482929743 360 221 touchmove 234 39 0.83333337306976 0.83333337306976 0 rough 0
outlet_with_communities_rough 1580482929760 360 221 touchmove 222 39 0.83333337306976 0.83333337306976 0 rough 0
outlet_with_communities_rough 1580482929776 360 221 touchmove 218 39 0.83333337306976 0.83333337306976 0 rough 0
outlet_with_communities_rough 1580482929793 360 221 touchmove 212 38 0.83333337306976 0.83333337306976 0 rough 0
outlet_with_communities_rough 1580482929810 360 221 touchmove 210 38 0.83333337306976 0.83333337306976 0 rough 0
outlet_with_communities_rough 1580482929826 360 221 touchmove 209 38 0.83333337306976 0.83333337306976 0 rough 0
outlet_with_communities_rough 1580482929843 360 221 touchmove 209 38 0.83333337306976 0.83333337306976 0 rough 0
outlet_with_communities_rough 1580482929861 360 221 touchmove 208 38 0.83333337306976 0.83333337306976 0 rough 0
outlet_with_communities_rough 1580482929886 360 221 touchmove 208 38 0.83333337306976 0.83333337306976 0 rough 0
outlet_with_communities_rough 1580482930026 360 221 touchmove 208 38 0.83333337306976 0.83333337306976 0 rough 0
outlet_with_communities_rough 1580482930113 360 221 touchmove 208 39 0.83333337306976 0.83333337306976 0 rough 0
outlet_with_communities_rough 1580482930134 360 221 touchmove 203 44 0.83333337306976 0.83333337306976 0 rough 0
outlet_with_communities_rough 1580482930147 360 221 touchmove 196 52 0.83333337306976 0.83333337306976 0 rough 0
outlet_with_communities_rough 1580482930162 360 221 touchmove 193 55 0.83333337306976 0.83333337306976 0 rough 0
outlet_with_communities_rough 1580482930178 360 221 touchmove 190 61 0.83333337306976 0.83333337306976 0 rough 0
outlet_with_communities_rough 1580482930193 360 221 touchmove 189 66 0.83333337306976 0.83333337306976 0 rough 0
outlet_with_communities_rough 1580482930209 360 221 touchmove 188 71 0.83333337306976 0.83333337306976 0 rough 0
outlet_with_communities_rough 1580482930228 360 221 touchmove 187 74 0.83333337306976 0.83333337306976 0 rough 0
outlet_with_communities_rough 1580482930249 360 221 touchmove 184 91 0.83333337306976 0.83333337306976 0 rough 0
outlet_with_communities_rough 1580482930260 360 221 touchmove 182 101 2 2 0 rough 0
outlet_with_communities_rough 1580482930277 360 221 touchmove 182 105 2 2 0 rough 0
outlet_with_communities_rough 1580482930294 360 221 touchmove 182 113 0.83333337306976 0.83333337306976 0 rough 0
outlet_with_communities_rough 1580482930309 360 221 touchmove 182 116 0.83333337306976 0.83333337306976 0 rough 0
outlet_with_communities_rough 1580482930327 360 221 touchmove 182 117 0.83333337306976 0.83333337306976 0 rough 0
outlet_with_communities_rough 1580482930344 360 221 touchmove 182 118 0.83333337306976 0.83333337306976 0 rough 0
outlet_with_communities_rough 1580482930359 360 221 touchmove 182 119 0.83333337306976 0.83333337306976 0 rough 0
outlet_with_communities_rough 1580482930380 360 221 touchmove 182 119 0.83333337306976 0.83333337306976 0 rough 0
outlet_with_communities_rough 1580482930393 360 221 touchmove 182 119 0.83333337306976 0.83333337306976 0 rough 0
outlet_with_communities_rough 1580482930426 360 221 touchmove 182 120 0.83333337306976 0.83333337306976 0 rough 0
outlet_with_communities_rough 1580482930443 360 221 touchmove 183 120 0.83333337306976 0.83333337306976 0 rough 0
outlet_with_communities_rough 1580482930459 360 221 touchmove 183 120 0.83333337306976 0.83333337306976 0 rough 0
outlet_with_communities_rough 1580482930477 360 221 touchmove 191 118 0.83333337306976 0.83333337306976 0 rough 0
outlet_with_communities_rough 1580482930493 360 221 touchmove 208 111 0.83333337306976 0.83333337306976 0 rough 0
outlet_with_communities_rough 1580482930509 360 221 touchmove 222 107 0.83333337306976 0.83333337306976 0 rough 0
outlet_with_communities_rough 1580482930527 360 221 touchmove 228 106 0.83333337306976 0.83333337306976 0 rough 0
outlet_with_communities_rough 1580482930543 360 221 touchmove 233 105 0.83333337306976 0.83333337306976 0 rough 0
outlet_with_communities_rough 1580482930560 360 221 touchmove 242 103 0.83333337306976 0.83333337306976 0 rough 0
outlet_with_communities_rough 1580482930578 360 221 touchmove 251 102 0.83333337306976 0.83333337306976 0 rough 0
outlet_with_communities_rough 1580482930592 360 221 touchmove 261 100 0.83333337306976 0.83333337306976 0 rough 0
outlet_with_communities_rough 1580482930612 360 221 touchmove 271 98 0.83333337306976 0.83333337306976 0 rough 0
outlet_with_communities_rough 1580482930627 360 221 touchmove 277 96 0.83333337306976 0.83333337306976 0 rough 0
outlet_with_communities_rough 1580482930643 360 221 touchmove 279 95 0.83333337306976 0.83333337306976 0 rough 0
outlet_with_communities_rough 1580482930660 360 221 touchmove 280 95 0.83333337306976 0.83333337306976 0 rough 0
outlet_with_communities_rough 1580482930676 360 221 touchmove 282 95 0.83333337306976 0.83333337306976 0 rough 0
outlet_with_communities_rough 1580482930693 360 221 touchmove 283 95 0.83333337306976 0.83333337306976 0 rough 0
outlet_with_communities_rough 1580482930710 360 221 touchmove 283 95 0.83333337306976 0.83333337306976 0 rough 0
outlet_with_communities_rough 1580482930727 360 221 touchmove 283 95 0.83333337306976 0.83333337306976 0 rough 0
outlet_with_communities_rough 1580482930744 360 221 touchmove 284 95 0.83333337306976 0.83333337306976 0 rough 0
outlet_with_communities_rough 1580482930794 360 221 touchmove 284 95 0.83333337306976 0.83333337306976 0 rough 0
outlet_with_communities_rough 1580482930881 360 221 touchmove 283 95 0.83333337306976 0.83333337306976 0 rough 0
outlet_with_communities_rough 1580482930915 360 221 touchmove 268 97 0.83333337306976 0.83333337306976 0 rough 0
outlet_with_communities_rough 1580482930927 360 221 touchmove 249 101 0.83333337306976 0.83333337306976 0 rough 0
outlet_with_communities_rough 1580482930945 360 221 touchmove 236 104 0.83333337306976 0.83333337306976 0 rough 0
outlet_with_communities_rough 1580482930961 360 221 touchmove 231 105 0.83333337306976 0.83333337306976 0 rough 0
outlet_with_communities_rough 1580482930976 360 221 touchmove 227 105 0.83333337306976 0.83333337306976 0 rough 0
outlet_with_communities_rough 1580482930994 360 221 touchmove 224 106 0.83333337306976 0.83333337306976 0 rough 0
outlet_with_communities_rough 1580482931010 360 221 touchmove 223 106 0.83333337306976 0.83333337306976 0 rough 0
outlet_with_communities_rough 1580482931026 360 221 touchmove 219 107 0.83333337306976 0.83333337306976 0 rough 0
outlet_with_communities_rough 1580482931044 360 221 touchmove 216 108 0.83333337306976 0.83333337306976 0 rough 0
outlet_with_communities_rough 1580482931060 360 221 touchmove 215 108 0.83333337306976 0.83333337306976 0 rough 0
outlet_with_communities_rough 1580482931076 360 221 touchmove 212 108 0.83333337306976 0.83333337306976 0 rough 0
outlet_with_communities_rough 1580482931093 360 221 touchmove 210 108 0.83333337306976 0.83333337306976 0 rough 0
outlet_with_communities_rough 1580482931109 360 221 touchmove 209 108 0.83333337306976 0.83333337306976 0 rough 0
outlet_with_communities_rough 1580482931126 360 221 touchmove 208 108 0.83333337306976 0.83333337306976 0 rough 0
outlet_with_communities_rough 1580482931146 360 221 touchmove 207 108 0.83333337306976 0.83333337306976 0 rough 0
outlet_with_communities_rough 1580482931178 360 221 touchend 207 108 0.83333337306976 0.83333337306976 0 rough 0
