sentence timestamp keyb_width keyb_height event x_pos y_pos x_radius y_radius angle word is_err
what_a_pain 1580986631860 360 222 touchstart 64 24 0.83333337306976 0.83333337306976 0 what 1
what_a_pain 1580986632011 360 222 touchend 64 24 0.83333337306976 0.83333337306976 0 what 1
what_a_pain 1580986633526 360 222 touchstart 211 91 0.83333337306976 0.83333337306976 0 what 1
what_a_pain 1580986633621 360 222 touchend 211 91 0.83333337306976 0.83333337306976 0 what 1
what_a_pain 1580986634257 360 222 touchend 38 88 0.83333337306976 0.83333337306976 0 what 1
what_a_pain 1580986634257 360 222 touchend 38 88 0.83333337306976 0.83333337306976 0 what 1 1
what_a_pain 1580986634519 360 222 touchstart 158 32 0.83333337306976 0.83333337306976 0 what 1
what_a_pain 1580986634602 360 222 touchend 158 32 0.83333337306976 0.83333337306976 0 what 1
what_a_pain 1580986635481 360 222 touchmove 193 219 1.8333333730698 1.8333333730698 0 what 1
what_a_pain 1580986635517 360 222 touchmove 193 219 0.83333337306976 0.83333337306976 0 what 1
what_a_pain 1580986635528 360 222 touchend 193 219 0.83333337306976 0.83333337306976 0 what 1
what_a_pain 1580986635988 360 222 touchstart 49 113 0.83333337306976 0.83333337306976 0 what 1
what_a_pain 1580986636144 360 222 touchmove 49 113 1.8333333730698 1.8333333730698 0 what 1
what_a_pain 1580986636155 360 222 touchend 49 113 1.8333333730698 1.8333333730698 0 what 1
what_a_pain 1580986636608 360 222 touchend 203 208 0.83333337306976 0.83333337306976 0 what 1
what_a_pain 1580986637150 360 222 touchstart 346 31 0.83333337306976 0.83333337306976 0 what 1
what_a_pain 1580986637237 360 222 touchend 346 31 0.83333337306976 0.83333337306976 0 what 1
what_a_pain 1580986637769 360 222 touchend 35 86 0.83333337306976 0.83333337306976 0 what 1
what_a_pain 1580986637769 360 222 touchend 35 86 0.83333337306976 0.83333337306976 0 what 1 1
what_a_pain 1580986637953 360 222 touchstart 276 36 0.83333337306976 0.83333337306976 0 what 1
what_a_pain 1580986638061 360 222 touchmove 276 36 1.8333333730698 1.8333333730698 0 what 1
what_a_pain 1580986638067 360 222 touchend 276 36 1.8333333730698 1.8333333730698 0 what 1
what_a_pain 1580986638380 360 222 touchstart 249 161 0.83333337306976 0.83333337306976 0 what 1
what_a_pain 1580986638477 360 222 touchend 249 161 0.83333337306976 0.83333337306976 0 what 1
what_a_pain 1580986639437 360 222 touchstart 177 76 0.83333337306976 0.83333337306976 0 what 1
what_a_pain 1580986639489 360 222 touchmove 177 76 0.83333337306976 0.83333337306976 0 what 1
what_a_pain 1580986639507 360 222 touchmove 177 76 1.8333333730698 1.8333333730698 0 what 1
what_a_pain 1580986639525 360 222 touchmove 177 76 0.83333337306976 0.83333337306976 0 what 1
what_a_pain 1580986639568 360 222 touchmove 176 73 0.83333337306976 0.83333337306976 0 what 1
what_a_pain 1580986639592 360 222 touchmove 171 64 0.83333337306976 0.83333337306976 0 what 1
what_a_pain 1580986639603 360 222 touchmove 166 56 0.83333337306976 0.83333337306976 0 what 1
what_a_pain 1580986639618 360 222 touchmove 160 44 1.8333333730698 1.8333333730698 0 what 1
what_a_pain 1580986639622 360 222 touchstart 209 148 0.83333337306976 0.83333337306976 0 what 1
what_a_pain 1580986639633 360 222 touchmove 155 34 0.83333337306976 0.83333337306976 0 what 1
what_a_pain 1580986639652 360 222 touchmove 139 12 1.8333333730698 1.8333333730698 0 what 1
what_a_pain 1580986639668 360 222 touchmove 130 0 1.8333333730698 1.8333333730698 0 what 1
what_a_pain 1580986639685 360 222 touchmove 121 -8 1.8333333730698 1.8333333730698 0 what 1
what_a_pain 1580986639702 360 222 touchmove 99 -23 1.8333333730698 1.8333333730698 0 what 1
what_a_pain 1580986639718 360 222 touchmove 91 -27 1.8333333730698 1.8333333730698 0 what 1
what_a_pain 1580986639734 360 222 touchmove 83 -29 1.8333333730698 1.8333333730698 0 what 1
what_a_pain 1580986639753 360 222 touchmove 78 -30 1.8333333730698 1.8333333730698 0 what 1
what_a_pain 1580986639768 360 222 touchmove 74 -30 0.83333337306976 0.83333337306976 0 what 1
what_a_pain 1580986639784 360 222 touchmove 78 -26 0.83333337306976 0.83333337306976 0 what 1
what_a_pain 1580986639807 360 222 touchmove 94 -5 0.83333337306976 0.83333337306976 0 what 1
what_a_pain 1580986639821 360 222 touchmove 125 43 0.83333337306976 0.83333337306976 0 what 1
what_a_pain 1580986639837 360 222 touchmove 134 62 0.83333337306976 0.83333337306976 0 what 1
what_a_pain 1580986639851 360 222 touchmove 138 79 0.83333337306976 0.83333337306976 0 what 1
what_a_pain 1580986639869 360 222 touchmove 138 106 0.83333337306976 0.83333337306976 0 what 1
what_a_pain 1580986639885 360 222 touchmove 137 116 0.83333337306976 0.83333337306976 0 what 1
what_a_pain 1580986639904 360 222 touchmove 136 121 0.83333337306976 0.83333337306976 0 what 1
what_a_pain 1580986639919 360 222 touchmove 137 129 0.83333337306976 0.83333337306976 0 what 1
what_a_pain 1580986639936 360 222 touchmove 137 132 0.83333337306976 0.83333337306976 0 what 1
what_a_pain 1580986639955 360 222 touchmove 137 133 0.83333337306976 0.83333337306976 0 what 1
what_a_pain 1580986639970 360 222 touchmove 137 133 0.83333337306976 0.83333337306976 0 what 1
what_a_pain 1580986639986 360 222 touchmove 137 126 0.83333337306976 0.83333337306976 0 what 1
what_a_pain 1580986640004 360 222 touchmove 136 103 0.83333337306976 0.83333337306976 0 what 1
what_a_pain 1580986640019 360 222 touchmove 134 78 1.8333333730698 1.8333333730698 0 what 1
what_a_pain 1580986640036 360 222 touchmove 126 41 0.83333337306976 0.83333337306976 0 what 1
what_a_pain 1580986640053 360 222 touchmove 119 28 0.83333337306976 0.83333337306976 0 what 1
what_a_pain 1580986640071 360 222 touchmove 111 13 0.83333337306976 0.83333337306976 0 what 1
what_a_pain 1580986640085 360 222 touchmove 107 9 0.83333337306976 0.83333337306976 0 what 1
what_a_pain 1580986640104 360 222 touchmove 104 6 0.83333337306976 0.83333337306976 0 what 1
what_a_pain 1580986640121 360 222 touchmove 102 5 0.83333337306976 0.83333337306976 0 what 1
what_a_pain 1580986640135 360 222 touchmove 99 7 0.83333337306976 0.83333337306976 0 what 1
what_a_pain 1580986640152 360 222 touchmove 102 18 0.83333337306976 0.83333337306976 0 what 1
what_a_pain 1580986640171 360 222 touchmove 110 38 1.8333333730698 1.8333333730698 0 what 1
what_a_pain 1580986640189 360 222 touchmove 127 75 0.83333337306976 0.83333337306976 0 what 1
what_a_pain 1580986640203 360 222 touchmove 132 90 0.83333337306976 0.83333337306976 0 what 1
what_a_pain 1580986640220 360 222 touchmove 135 101 0.83333337306976 0.83333337306976 0 what 1
what_a_pain 1580986640236 360 222 touchmove 136 119 0.83333337306976 0.83333337306976 0 what 1
what_a_pain 1580986640255 360 222 touchmove 137 125 0.83333337306976 0.83333337306976 0 what 1
what_a_pain 1580986640272 360 222 touchmove 137 128 0.83333337306976 0.83333337306976 0 what 1
what_a_pain 1580986640289 360 222 touchmove 137 133 0.83333337306976 0.83333337306976 0 what 1
what_a_pain 1580986640305 360 222 touchmove 137 135 0.83333337306976 0.83333337306976 0 what 1
what_a_pain 1580986640324 360 222 touchmove 137 136 0.83333337306976 0.83333337306976 0 what 1
what_a_pain 1580986640337 360 222 touchmove 139 134 0.83333337306976 0.83333337306976 0 what 1
what_a_pain 1580986640355 360 222 touchmove 143 109 0.83333337306976 0.83333337306976 0 what 1
what_a_pain 1580986640374 360 222 touchmove 141 90 0.83333337306976 0.83333337306976 0 what 1
what_a_pain 1580986640389 360 222 touchmove 134 67 0.83333337306976 0.83333337306976 0 what 1
what_a_pain 1580986640405 360 222 touchmove 127 59 0.83333337306976 0.83333337306976 0 what 1
what_a_pain 1580986640422 360 222 touchmove 119 51 1.8333333730698 1.8333333730698 0 what 1
what_a_pain 1580986640437 360 222 touchmove 108 44 0.83333337306976 0.83333337306976 0 what 1
what_a_pain 1580986640454 360 222 touchmove 90 37 0.83333337306976 0.83333337306976 0 what 1
what_a_pain 1580986640471 360 222 touchmove 81 35 0.83333337306976 0.83333337306976 0 what 1
what_a_pain 1580986640491 360 222 touchmove 75 34 0.83333337306976 0.83333337306976 0 what 1
what_a_pain 1580986640503 360 222 touchmove 67 33 0.83333337306976 0.83333337306976 0 what 1
what_a_pain 1580986640520 360 222 touchmove 64 33 0.83333337306976 0.83333337306976 0 what 1
what_a_pain 1580986640538 360 222 touchmove 61 33 0.83333337306976 0.83333337306976 0 what 1
what_a_pain 1580986640554 360 222 touchmove 57 34 0.83333337306976 0.83333337306976 0 what 1
what_a_pain 1580986640571 360 222 touchmove 57 36 0.83333337306976 0.83333337306976 0 what 1
what_a_pain 1580986640589 360 222 touchmove 57 40 0.83333337306976 0.83333337306976 0 what 1
what_a_pain 1580986640605 360 222 touchmove 75 65 0.83333337306976 0.83333337306976 0 what 1
what_a_pain 1580986640621 360 222 touchmove 89 85 0.83333337306976 0.83333337306976 0 what 1
what_a_pain 1580986640638 360 222 touchmove 102 102 0.83333337306976 0.83333337306976 0 what 1
what_a_pain 1580986640654 360 222 touchmove 115 123 0.83333337306976 0.83333337306976 0 what 1
what_a_pain 1580986640672 360 222 touchmove 120 130 0.83333337306976 0.83333337306976 0 what 1
what_a_pain 1580986640689 360 222 touchmove 124 136 0.83333337306976 0.83333337306976 0 what 1
what_a_pain 1580986640697 360 222 touchend 206 149 0.83333337306976 0.83333337306976 0 what 1
what_a_pain 1580986639437 360 222 touchstart 177 76 0.83333337306976 0.83333337306976 0 what 1 1
what_a_pain 1580986639489 360 222 touchmove 177 76 0.83333337306976 0.83333337306976 0 what 1 1
what_a_pain 1580986639507 360 222 touchmove 177 76 1.8333333730698 1.8333333730698 0 what 1 1
what_a_pain 1580986639525 360 222 touchmove 177 76 0.83333337306976 0.83333337306976 0 what 1 1
what_a_pain 1580986639568 360 222 touchmove 176 73 0.83333337306976 0.83333337306976 0 what 1 1
what_a_pain 1580986639592 360 222 touchmove 171 64 0.83333337306976 0.83333337306976 0 what 1 1
what_a_pain 1580986639603 360 222 touchmove 166 56 0.83333337306976 0.83333337306976 0 what 1 1
what_a_pain 1580986639618 360 222 touchmove 160 44 1.8333333730698 1.8333333730698 0 what 1 1
what_a_pain 1580986639622 360 222 touchstart 209 148 0.83333337306976 0.83333337306976 0 what 1 1
what_a_pain 1580986639633 360 222 touchmove 155 34 0.83333337306976 0.83333337306976 0 what 1 1
what_a_pain 1580986639652 360 222 touchmove 139 12 1.8333333730698 1.8333333730698 0 what 1 1
what_a_pain 1580986639668 360 222 touchmove 130 0 1.8333333730698 1.8333333730698 0 what 1 1
what_a_pain 1580986639685 360 222 touchmove 121 -8 1.8333333730698 1.8333333730698 0 what 1 1
what_a_pain 1580986639702 360 222 touchmove 99 -23 1.8333333730698 1.8333333730698 0 what 1 1
what_a_pain 1580986639718 360 222 touchmove 91 -27 1.8333333730698 1.8333333730698 0 what 1 1
what_a_pain 1580986639734 360 222 touchmove 83 -29 1.8333333730698 1.8333333730698 0 what 1 1
what_a_pain 1580986639753 360 222 touchmove 78 -30 1.8333333730698 1.8333333730698 0 what 1 1
what_a_pain 1580986639768 360 222 touchmove 74 -30 0.83333337306976 0.83333337306976 0 what 1 1
what_a_pain 1580986639784 360 222 touchmove 78 -26 0.83333337306976 0.83333337306976 0 what 1 1
what_a_pain 1580986639807 360 222 touchmove 94 -5 0.83333337306976 0.83333337306976 0 what 1 1
what_a_pain 1580986639821 360 222 touchmove 125 43 0.83333337306976 0.83333337306976 0 what 1 1
what_a_pain 1580986639837 360 222 touchmove 134 62 0.83333337306976 0.83333337306976 0 what 1 1
what_a_pain 1580986639851 360 222 touchmove 138 79 0.83333337306976 0.83333337306976 0 what 1 1
what_a_pain 1580986639869 360 222 touchmove 138 106 0.83333337306976 0.83333337306976 0 what 1 1
what_a_pain 1580986639885 360 222 touchmove 137 116 0.83333337306976 0.83333337306976 0 what 1 1
what_a_pain 1580986639904 360 222 touchmove 136 121 0.83333337306976 0.83333337306976 0 what 1 1
what_a_pain 1580986639919 360 222 touchmove 137 129 0.83333337306976 0.83333337306976 0 what 1 1
what_a_pain 1580986639936 360 222 touchmove 137 132 0.83333337306976 0.83333337306976 0 what 1 1
what_a_pain 1580986639955 360 222 touchmove 137 133 0.83333337306976 0.83333337306976 0 what 1 1
what_a_pain 1580986639970 360 222 touchmove 137 133 0.83333337306976 0.83333337306976 0 what 1 1
what_a_pain 1580986639986 360 222 touchmove 137 126 0.83333337306976 0.83333337306976 0 what 1 1
what_a_pain 1580986640004 360 222 touchmove 136 103 0.83333337306976 0.83333337306976 0 what 1 1
what_a_pain 1580986640019 360 222 touchmove 134 78 1.8333333730698 1.8333333730698 0 what 1 1
what_a_pain 1580986640036 360 222 touchmove 126 41 0.83333337306976 0.83333337306976 0 what 1 1
what_a_pain 1580986640053 360 222 touchmove 119 28 0.83333337306976 0.83333337306976 0 what 1 1
what_a_pain 1580986640071 360 222 touchmove 111 13 0.83333337306976 0.83333337306976 0 what 1 1
what_a_pain 1580986640085 360 222 touchmove 107 9 0.83333337306976 0.83333337306976 0 what 1 1
what_a_pain 1580986640104 360 222 touchmove 104 6 0.83333337306976 0.83333337306976 0 what 1 1
what_a_pain 1580986640121 360 222 touchmove 102 5 0.83333337306976 0.83333337306976 0 what 1 1
what_a_pain 1580986640135 360 222 touchmove 99 7 0.83333337306976 0.83333337306976 0 what 1 1
what_a_pain 1580986640152 360 222 touchmove 102 18 0.83333337306976 0.83333337306976 0 what 1 1
what_a_pain 1580986640171 360 222 touchmove 110 38 1.8333333730698 1.8333333730698 0 what 1 1
what_a_pain 1580986640189 360 222 touchmove 127 75 0.83333337306976 0.83333337306976 0 what 1 1
what_a_pain 1580986640203 360 222 touchmove 132 90 0.83333337306976 0.83333337306976 0 what 1 1
what_a_pain 1580986640220 360 222 touchmove 135 101 0.83333337306976 0.83333337306976 0 what 1 1
what_a_pain 1580986640236 360 222 touchmove 136 119 0.83333337306976 0.83333337306976 0 what 1 1
what_a_pain 1580986640255 360 222 touchmove 137 125 0.83333337306976 0.83333337306976 0 what 1 1
what_a_pain 1580986640272 360 222 touchmove 137 128 0.83333337306976 0.83333337306976 0 what 1 1
what_a_pain 1580986640289 360 222 touchmove 137 133 0.83333337306976 0.83333337306976 0 what 1 1
what_a_pain 1580986640305 360 222 touchmove 137 135 0.83333337306976 0.83333337306976 0 what 1 1
what_a_pain 1580986640324 360 222 touchmove 137 136 0.83333337306976 0.83333337306976 0 what 1 1
what_a_pain 1580986640337 360 222 touchmove 139 134 0.83333337306976 0.83333337306976 0 what 1 1
what_a_pain 1580986640355 360 222 touchmove 143 109 0.83333337306976 0.83333337306976 0 what 1 1
what_a_pain 1580986640374 360 222 touchmove 141 90 0.83333337306976 0.83333337306976 0 what 1 1
what_a_pain 1580986640389 360 222 touchmove 134 67 0.83333337306976 0.83333337306976 0 what 1 1
what_a_pain 1580986640405 360 222 touchmove 127 59 0.83333337306976 0.83333337306976 0 what 1 1
what_a_pain 1580986640422 360 222 touchmove 119 51 1.8333333730698 1.8333333730698 0 what 1 1
what_a_pain 1580986640437 360 222 touchmove 108 44 0.83333337306976 0.83333337306976 0 what 1 1
what_a_pain 1580986640454 360 222 touchmove 90 37 0.83333337306976 0.83333337306976 0 what 1 1
what_a_pain 1580986640471 360 222 touchmove 81 35 0.83333337306976 0.83333337306976 0 what 1 1
what_a_pain 1580986640491 360 222 touchmove 75 34 0.83333337306976 0.83333337306976 0 what 1 1
what_a_pain 1580986640503 360 222 touchmove 67 33 0.83333337306976 0.83333337306976 0 what 1 1
what_a_pain 1580986640520 360 222 touchmove 64 33 0.83333337306976 0.83333337306976 0 what 1 1
what_a_pain 1580986640538 360 222 touchmove 61 33 0.83333337306976 0.83333337306976 0 what 1 1
what_a_pain 1580986640554 360 222 touchmove 57 34 0.83333337306976 0.83333337306976 0 what 1 1
what_a_pain 1580986640571 360 222 touchmove 57 36 0.83333337306976 0.83333337306976 0 what 1 1
what_a_pain 1580986640589 360 222 touchmove 57 40 0.83333337306976 0.83333337306976 0 what 1 1
what_a_pain 1580986640605 360 222 touchmove 75 65 0.83333337306976 0.83333337306976 0 what 1 1
what_a_pain 1580986640621 360 222 touchmove 89 85 0.83333337306976 0.83333337306976 0 what 1 1
what_a_pain 1580986640638 360 222 touchmove 102 102 0.83333337306976 0.83333337306976 0 what 1 1
what_a_pain 1580986640654 360 222 touchmove 115 123 0.83333337306976 0.83333337306976 0 what 1 1
what_a_pain 1580986640672 360 222 touchmove 120 130 0.83333337306976 0.83333337306976 0 what 1 1
what_a_pain 1580986640689 360 222 touchmove 124 136 0.83333337306976 0.83333337306976 0 what 1 1
what_a_pain 1580986640697 360 222 touchend 206 149 0.83333337306976 0.83333337306976 0 what 1 1
what_a_pain 1580986640705 360 222 touchmove 134 148 0.83333337306976 0.83333337306976 0 what 1
what_a_pain 1580986640716 360 222 touchend 134 148 0.83333337306976 0.83333337306976 0 what 1
what_a_pain 1580986639437 360 222 touchstart 177 76 0.83333337306976 0.83333337306976 0 what 1 1 1
what_a_pain 1580986639489 360 222 touchmove 177 76 0.83333337306976 0.83333337306976 0 what 1 1 1
what_a_pain 1580986639507 360 222 touchmove 177 76 1.8333333730698 1.8333333730698 0 what 1 1 1
what_a_pain 1580986639525 360 222 touchmove 177 76 0.83333337306976 0.83333337306976 0 what 1 1 1
what_a_pain 1580986639568 360 222 touchmove 176 73 0.83333337306976 0.83333337306976 0 what 1 1 1
what_a_pain 1580986639592 360 222 touchmove 171 64 0.83333337306976 0.83333337306976 0 what 1 1 1
what_a_pain 1580986639603 360 222 touchmove 166 56 0.83333337306976 0.83333337306976 0 what 1 1 1
what_a_pain 1580986639618 360 222 touchmove 160 44 1.8333333730698 1.8333333730698 0 what 1 1 1
what_a_pain 1580986639622 360 222 touchstart 209 148 0.83333337306976 0.83333337306976 0 what 1 1 1
what_a_pain 1580986639633 360 222 touchmove 155 34 0.83333337306976 0.83333337306976 0 what 1 1 1
what_a_pain 1580986639652 360 222 touchmove 139 12 1.8333333730698 1.8333333730698 0 what 1 1 1
what_a_pain 1580986639668 360 222 touchmove 130 0 1.8333333730698 1.8333333730698 0 what 1 1 1
what_a_pain 1580986639685 360 222 touchmove 121 -8 1.8333333730698 1.8333333730698 0 what 1 1 1
what_a_pain 1580986639702 360 222 touchmove 99 -23 1.8333333730698 1.8333333730698 0 what 1 1 1
what_a_pain 1580986639718 360 222 touchmove 91 -27 1.8333333730698 1.8333333730698 0 what 1 1 1
what_a_pain 1580986639734 360 222 touchmove 83 -29 1.8333333730698 1.8333333730698 0 what 1 1 1
what_a_pain 1580986639753 360 222 touchmove 78 -30 1.8333333730698 1.8333333730698 0 what 1 1 1
what_a_pain 1580986639768 360 222 touchmove 74 -30 0.83333337306976 0.83333337306976 0 what 1 1 1
what_a_pain 1580986639784 360 222 touchmove 78 -26 0.83333337306976 0.83333337306976 0 what 1 1 1
what_a_pain 1580986639807 360 222 touchmove 94 -5 0.83333337306976 0.83333337306976 0 what 1 1 1
what_a_pain 1580986639821 360 222 touchmove 125 43 0.83333337306976 0.83333337306976 0 what 1 1 1
what_a_pain 1580986639837 360 222 touchmove 134 62 0.83333337306976 0.83333337306976 0 what 1 1 1
what_a_pain 1580986639851 360 222 touchmove 138 79 0.83333337306976 0.83333337306976 0 what 1 1 1
what_a_pain 1580986639869 360 222 touchmove 138 106 0.83333337306976 0.83333337306976 0 what 1 1 1
what_a_pain 1580986639885 360 222 touchmove 137 116 0.83333337306976 0.83333337306976 0 what 1 1 1
what_a_pain 1580986639904 360 222 touchmove 136 121 0.83333337306976 0.83333337306976 0 what 1 1 1
what_a_pain 1580986639919 360 222 touchmove 137 129 0.83333337306976 0.83333337306976 0 what 1 1 1
what_a_pain 1580986639936 360 222 touchmove 137 132 0.83333337306976 0.83333337306976 0 what 1 1 1
what_a_pain 1580986639955 360 222 touchmove 137 133 0.83333337306976 0.83333337306976 0 what 1 1 1
what_a_pain 1580986639970 360 222 touchmove 137 133 0.83333337306976 0.83333337306976 0 what 1 1 1
what_a_pain 1580986639986 360 222 touchmove 137 126 0.83333337306976 0.83333337306976 0 what 1 1 1
what_a_pain 1580986640004 360 222 touchmove 136 103 0.83333337306976 0.83333337306976 0 what 1 1 1
what_a_pain 1580986640019 360 222 touchmove 134 78 1.8333333730698 1.8333333730698 0 what 1 1 1
what_a_pain 1580986640036 360 222 touchmove 126 41 0.83333337306976 0.83333337306976 0 what 1 1 1
what_a_pain 1580986640053 360 222 touchmove 119 28 0.83333337306976 0.83333337306976 0 what 1 1 1
what_a_pain 1580986640071 360 222 touchmove 111 13 0.83333337306976 0.83333337306976 0 what 1 1 1
what_a_pain 1580986640085 360 222 touchmove 107 9 0.83333337306976 0.83333337306976 0 what 1 1 1
what_a_pain 1580986640104 360 222 touchmove 104 6 0.83333337306976 0.83333337306976 0 what 1 1 1
what_a_pain 1580986640121 360 222 touchmove 102 5 0.83333337306976 0.83333337306976 0 what 1 1 1
what_a_pain 1580986640135 360 222 touchmove 99 7 0.83333337306976 0.83333337306976 0 what 1 1 1
what_a_pain 1580986640152 360 222 touchmove 102 18 0.83333337306976 0.83333337306976 0 what 1 1 1
what_a_pain 1580986640171 360 222 touchmove 110 38 1.8333333730698 1.8333333730698 0 what 1 1 1
what_a_pain 1580986640189 360 222 touchmove 127 75 0.83333337306976 0.83333337306976 0 what 1 1 1
what_a_pain 1580986640203 360 222 touchmove 132 90 0.83333337306976 0.83333337306976 0 what 1 1 1
what_a_pain 1580986640220 360 222 touchmove 135 101 0.83333337306976 0.83333337306976 0 what 1 1 1
what_a_pain 1580986640236 360 222 touchmove 136 119 0.83333337306976 0.83333337306976 0 what 1 1 1
what_a_pain 1580986640255 360 222 touchmove 137 125 0.83333337306976 0.83333337306976 0 what 1 1 1
what_a_pain 1580986640272 360 222 touchmove 137 128 0.83333337306976 0.83333337306976 0 what 1 1 1
what_a_pain 1580986640289 360 222 touchmove 137 133 0.83333337306976 0.83333337306976 0 what 1 1 1
what_a_pain 1580986640305 360 222 touchmove 137 135 0.83333337306976 0.83333337306976 0 what 1 1 1
what_a_pain 1580986640324 360 222 touchmove 137 136 0.83333337306976 0.83333337306976 0 what 1 1 1
what_a_pain 1580986640337 360 222 touchmove 139 134 0.83333337306976 0.83333337306976 0 what 1 1 1
what_a_pain 1580986640355 360 222 touchmove 143 109 0.83333337306976 0.83333337306976 0 what 1 1 1
what_a_pain 1580986640374 360 222 touchmove 141 90 0.83333337306976 0.83333337306976 0 what 1 1 1
what_a_pain 1580986640389 360 222 touchmove 134 67 0.83333337306976 0.83333337306976 0 what 1 1 1
what_a_pain 1580986640405 360 222 touchmove 127 59 0.83333337306976 0.83333337306976 0 what 1 1 1
what_a_pain 1580986640422 360 222 touchmove 119 51 1.8333333730698 1.8333333730698 0 what 1 1 1
what_a_pain 1580986640437 360 222 touchmove 108 44 0.83333337306976 0.83333337306976 0 what 1 1 1
what_a_pain 1580986640454 360 222 touchmove 90 37 0.83333337306976 0.83333337306976 0 what 1 1 1
what_a_pain 1580986640471 360 222 touchmove 81 35 0.83333337306976 0.83333337306976 0 what 1 1 1
what_a_pain 1580986640491 360 222 touchmove 75 34 0.83333337306976 0.83333337306976 0 what 1 1 1
what_a_pain 1580986640503 360 222 touchmove 67 33 0.83333337306976 0.83333337306976 0 what 1 1 1
what_a_pain 1580986640520 360 222 touchmove 64 33 0.83333337306976 0.83333337306976 0 what 1 1 1
what_a_pain 1580986640538 360 222 touchmove 61 33 0.83333337306976 0.83333337306976 0 what 1 1 1
what_a_pain 1580986640554 360 222 touchmove 57 34 0.83333337306976 0.83333337306976 0 what 1 1 1
what_a_pain 1580986640571 360 222 touchmove 57 36 0.83333337306976 0.83333337306976 0 what 1 1 1
what_a_pain 1580986640589 360 222 touchmove 57 40 0.83333337306976 0.83333337306976 0 what 1 1 1
what_a_pain 1580986640605 360 222 touchmove 75 65 0.83333337306976 0.83333337306976 0 what 1 1 1
what_a_pain 1580986640621 360 222 touchmove 89 85 0.83333337306976 0.83333337306976 0 what 1 1 1
what_a_pain 1580986640638 360 222 touchmove 102 102 0.83333337306976 0.83333337306976 0 what 1 1 1
what_a_pain 1580986640654 360 222 touchmove 115 123 0.83333337306976 0.83333337306976 0 what 1 1 1
what_a_pain 1580986640672 360 222 touchmove 120 130 0.83333337306976 0.83333337306976 0 what 1 1 1
what_a_pain 1580986640689 360 222 touchmove 124 136 0.83333337306976 0.83333337306976 0 what 1 1 1
what_a_pain 1580986640697 360 222 touchend 206 149 0.83333337306976 0.83333337306976 0 what 1 1 1
what_a_pain 1580986640705 360 222 touchmove 134 148 0.83333337306976 0.83333337306976 0 what 1 1
what_a_pain 1580986640716 360 222 touchend 134 148 0.83333337306976 0.83333337306976 0 what 1 1
what_a_pain 1580986640722 360 222 touchstart 197 117 3.6666667461395 3.6666667461395 0 what 1
what_a_pain 1580986640742 360 222 touchmove 187 89 0.83333337306976 0.83333337306976 0 what 1
what_a_pain 1580986640745 360 222 touchstart 138 141 1.8333333730698 1.8333333730698 0 what 1
what_a_pain 1580986640754 360 222 touchmove 140 134 0.83333337306976 0.83333337306976 0 what 1
what_a_pain 1580986640772 360 222 touchmove 197 66 1.8333333730698 1.8333333730698 0 what 1
what_a_pain 1580986640788 360 222 touchmove 142 103 0.83333337306976 0.83333337306976 0 what 1
what_a_pain 1580986640794 360 222 touchend 142 103 0.83333337306976 0.83333337306976 0 what 1
what_a_pain 1580986639437 360 222 touchstart 177 76 0.83333337306976 0.83333337306976 0 what 1 1 1 1
what_a_pain 1580986639489 360 222 touchmove 177 76 0.83333337306976 0.83333337306976 0 what 1 1 1 1
what_a_pain 1580986639507 360 222 touchmove 177 76 1.8333333730698 1.8333333730698 0 what 1 1 1 1
what_a_pain 1580986639525 360 222 touchmove 177 76 0.83333337306976 0.83333337306976 0 what 1 1 1 1
what_a_pain 1580986639568 360 222 touchmove 176 73 0.83333337306976 0.83333337306976 0 what 1 1 1 1
what_a_pain 1580986639592 360 222 touchmove 171 64 0.83333337306976 0.83333337306976 0 what 1 1 1 1
what_a_pain 1580986639603 360 222 touchmove 166 56 0.83333337306976 0.83333337306976 0 what 1 1 1 1
what_a_pain 1580986639618 360 222 touchmove 160 44 1.8333333730698 1.8333333730698 0 what 1 1 1 1
what_a_pain 1580986639622 360 222 touchstart 209 148 0.83333337306976 0.83333337306976 0 what 1 1 1 1
what_a_pain 1580986639633 360 222 touchmove 155 34 0.83333337306976 0.83333337306976 0 what 1 1 1 1
what_a_pain 1580986639652 360 222 touchmove 139 12 1.8333333730698 1.8333333730698 0 what 1 1 1 1
what_a_pain 1580986639668 360 222 touchmove 130 0 1.8333333730698 1.8333333730698 0 what 1 1 1 1
what_a_pain 1580986639685 360 222 touchmove 121 -8 1.8333333730698 1.8333333730698 0 what 1 1 1 1
what_a_pain 1580986639702 360 222 touchmove 99 -23 1.8333333730698 1.8333333730698 0 what 1 1 1 1
what_a_pain 1580986639718 360 222 touchmove 91 -27 1.8333333730698 1.8333333730698 0 what 1 1 1 1
what_a_pain 1580986639734 360 222 touchmove 83 -29 1.8333333730698 1.8333333730698 0 what 1 1 1 1
what_a_pain 1580986639753 360 222 touchmove 78 -30 1.8333333730698 1.8333333730698 0 what 1 1 1 1
what_a_pain 1580986639768 360 222 touchmove 74 -30 0.83333337306976 0.83333337306976 0 what 1 1 1 1
what_a_pain 1580986639784 360 222 touchmove 78 -26 0.83333337306976 0.83333337306976 0 what 1 1 1 1
what_a_pain 1580986639807 360 222 touchmove 94 -5 0.83333337306976 0.83333337306976 0 what 1 1 1 1
what_a_pain 1580986639821 360 222 touchmove 125 43 0.83333337306976 0.83333337306976 0 what 1 1 1 1
what_a_pain 1580986639837 360 222 touchmove 134 62 0.83333337306976 0.83333337306976 0 what 1 1 1 1
what_a_pain 1580986639851 360 222 touchmove 138 79 0.83333337306976 0.83333337306976 0 what 1 1 1 1
what_a_pain 1580986639869 360 222 touchmove 138 106 0.83333337306976 0.83333337306976 0 what 1 1 1 1
what_a_pain 1580986639885 360 222 touchmove 137 116 0.83333337306976 0.83333337306976 0 what 1 1 1 1
what_a_pain 1580986639904 360 222 touchmove 136 121 0.83333337306976 0.83333337306976 0 what 1 1 1 1
what_a_pain 1580986639919 360 222 touchmove 137 129 0.83333337306976 0.83333337306976 0 what 1 1 1 1
what_a_pain 1580986639936 360 222 touchmove 137 132 0.83333337306976 0.83333337306976 0 what 1 1 1 1
what_a_pain 1580986639955 360 222 touchmove 137 133 0.83333337306976 0.83333337306976 0 what 1 1 1 1
what_a_pain 1580986639970 360 222 touchmove 137 133 0.83333337306976 0.83333337306976 0 what 1 1 1 1
what_a_pain 1580986639986 360 222 touchmove 137 126 0.83333337306976 0.83333337306976 0 what 1 1 1 1
what_a_pain 1580986640004 360 222 touchmove 136 103 0.83333337306976 0.83333337306976 0 what 1 1 1 1
what_a_pain 1580986640019 360 222 touchmove 134 78 1.8333333730698 1.8333333730698 0 what 1 1 1 1
what_a_pain 1580986640036 360 222 touchmove 126 41 0.83333337306976 0.83333337306976 0 what 1 1 1 1
what_a_pain 1580986640053 360 222 touchmove 119 28 0.83333337306976 0.83333337306976 0 what 1 1 1 1
what_a_pain 1580986640071 360 222 touchmove 111 13 0.83333337306976 0.83333337306976 0 what 1 1 1 1
what_a_pain 1580986640085 360 222 touchmove 107 9 0.83333337306976 0.83333337306976 0 what 1 1 1 1
what_a_pain 1580986640104 360 222 touchmove 104 6 0.83333337306976 0.83333337306976 0 what 1 1 1 1
what_a_pain 1580986640121 360 222 touchmove 102 5 0.83333337306976 0.83333337306976 0 what 1 1 1 1
what_a_pain 1580986640135 360 222 touchmove 99 7 0.83333337306976 0.83333337306976 0 what 1 1 1 1
what_a_pain 1580986640152 360 222 touchmove 102 18 0.83333337306976 0.83333337306976 0 what 1 1 1 1
what_a_pain 1580986640171 360 222 touchmove 110 38 1.8333333730698 1.8333333730698 0 what 1 1 1 1
what_a_pain 1580986640189 360 222 touchmove 127 75 0.83333337306976 0.83333337306976 0 what 1 1 1 1
what_a_pain 1580986640203 360 222 touchmove 132 90 0.83333337306976 0.83333337306976 0 what 1 1 1 1
what_a_pain 1580986640220 360 222 touchmove 135 101 0.83333337306976 0.83333337306976 0 what 1 1 1 1
what_a_pain 1580986640236 360 222 touchmove 136 119 0.83333337306976 0.83333337306976 0 what 1 1 1 1
what_a_pain 1580986640255 360 222 touchmove 137 125 0.83333337306976 0.83333337306976 0 what 1 1 1 1
what_a_pain 1580986640272 360 222 touchmove 137 128 0.83333337306976 0.83333337306976 0 what 1 1 1 1
what_a_pain 1580986640289 360 222 touchmove 137 133 0.83333337306976 0.83333337306976 0 what 1 1 1 1
what_a_pain 1580986640305 360 222 touchmove 137 135 0.83333337306976 0.83333337306976 0 what 1 1 1 1
what_a_pain 1580986640324 360 222 touchmove 137 136 0.83333337306976 0.83333337306976 0 what 1 1 1 1
what_a_pain 1580986640337 360 222 touchmove 139 134 0.83333337306976 0.83333337306976 0 what 1 1 1 1
what_a_pain 1580986640355 360 222 touchmove 143 109 0.83333337306976 0.83333337306976 0 what 1 1 1 1
what_a_pain 1580986640374 360 222 touchmove 141 90 0.83333337306976 0.83333337306976 0 what 1 1 1 1
what_a_pain 1580986640389 360 222 touchmove 134 67 0.83333337306976 0.83333337306976 0 what 1 1 1 1
what_a_pain 1580986640405 360 222 touchmove 127 59 0.83333337306976 0.83333337306976 0 what 1 1 1 1
what_a_pain 1580986640422 360 222 touchmove 119 51 1.8333333730698 1.8333333730698 0 what 1 1 1 1
what_a_pain 1580986640437 360 222 touchmove 108 44 0.83333337306976 0.83333337306976 0 what 1 1 1 1
what_a_pain 1580986640454 360 222 touchmove 90 37 0.83333337306976 0.83333337306976 0 what 1 1 1 1
what_a_pain 1580986640471 360 222 touchmove 81 35 0.83333337306976 0.83333337306976 0 what 1 1 1 1
what_a_pain 1580986640491 360 222 touchmove 75 34 0.83333337306976 0.83333337306976 0 what 1 1 1 1
what_a_pain 1580986640503 360 222 touchmove 67 33 0.83333337306976 0.83333337306976 0 what 1 1 1 1
what_a_pain 1580986640520 360 222 touchmove 64 33 0.83333337306976 0.83333337306976 0 what 1 1 1 1
what_a_pain 1580986640538 360 222 touchmove 61 33 0.83333337306976 0.83333337306976 0 what 1 1 1 1
what_a_pain 1580986640554 360 222 touchmove 57 34 0.83333337306976 0.83333337306976 0 what 1 1 1 1
what_a_pain 1580986640571 360 222 touchmove 57 36 0.83333337306976 0.83333337306976 0 what 1 1 1 1
what_a_pain 1580986640589 360 222 touchmove 57 40 0.83333337306976 0.83333337306976 0 what 1 1 1 1
what_a_pain 1580986640605 360 222 touchmove 75 65 0.83333337306976 0.83333337306976 0 what 1 1 1 1
what_a_pain 1580986640621 360 222 touchmove 89 85 0.83333337306976 0.83333337306976 0 what 1 1 1 1
what_a_pain 1580986640638 360 222 touchmove 102 102 0.83333337306976 0.83333337306976 0 what 1 1 1 1
what_a_pain 1580986640654 360 222 touchmove 115 123 0.83333337306976 0.83333337306976 0 what 1 1 1 1
what_a_pain 1580986640672 360 222 touchmove 120 130 0.83333337306976 0.83333337306976 0 what 1 1 1 1
what_a_pain 1580986640689 360 222 touchmove 124 136 0.83333337306976 0.83333337306976 0 what 1 1 1 1
what_a_pain 1580986640697 360 222 touchend 206 149 0.83333337306976 0.83333337306976 0 what 1 1 1 1
what_a_pain 1580986640705 360 222 touchmove 134 148 0.83333337306976 0.83333337306976 0 what 1 1 1
what_a_pain 1580986640716 360 222 touchend 134 148 0.83333337306976 0.83333337306976 0 what 1 1 1
what_a_pain 1580986640722 360 222 touchstart 197 117 3.6666667461395 3.6666667461395 0 what 1 1
what_a_pain 1580986640742 360 222 touchmove 187 89 0.83333337306976 0.83333337306976 0 what 1 1
what_a_pain 1580986640745 360 222 touchstart 138 141 1.8333333730698 1.8333333730698 0 what 1 1
what_a_pain 1580986640754 360 222 touchmove 140 134 0.83333337306976 0.83333337306976 0 what 1 1
what_a_pain 1580986640772 360 222 touchmove 197 66 1.8333333730698 1.8333333730698 0 what 1 1
what_a_pain 1580986640788 360 222 touchmove 142 103 0.83333337306976 0.83333337306976 0 what 1 1
what_a_pain 1580986640794 360 222 touchend 142 103 0.83333337306976 0.83333337306976 0 what 1 1
what_a_pain 1580986640804 360 222 touchmove 211 44 1.8333333730698 1.8333333730698 0 what 1
what_a_pain 1580986640821 360 222 touchmove 216 41 2 2 0 what 1
what_a_pain 1580986640837 360 222 touchmove 220 38 1.8333333730698 1.8333333730698 0 what 1
what_a_pain 1580986640857 360 222 touchmove 235 35 2 2 0 what 1
what_a_pain 1580986640864 360 222 touchstart 117 21 0.83333337306976 0.83333337306976 0 what 1
what_a_pain 1580986640871 360 222 touchmove 117 21 1.8333333730698 1.8333333730698 0 what 1
what_a_pain 1580986640889 360 222 touchmove 109 14 0.83333337306976 0.83333337306976 0 what 1
what_a_pain 1580986640906 360 222 touchmove 98 6 0.83333337306976 0.83333337306976 0 what 1
what_a_pain 1580986640922 360 222 touchmove 79 -3 0.83333337306976 0.83333337306976 0 what 1
what_a_pain 1580986640940 360 222 touchmove 74 -5 1.8333333730698 1.8333333730698 0 what 1
what_a_pain 1580986640956 360 222 touchmove 68 -7 1.8333333730698 1.8333333730698 0 what 1
what_a_pain 1580986640973 360 222 touchmove 54 -11 0.83333337306976 0.83333337306976 0 what 1
what_a_pain 1580986640990 360 222 touchmove 50 -13 0.83333337306976 0.83333337306976 0 what 1
what_a_pain 1580986641008 360 222 touchmove 45 -15 0.83333337306976 0.83333337306976 0 what 1
what_a_pain 1580986641024 360 222 touchmove 312 52 0.83333337306976 0.83333337306976 0 what 1
what_a_pain 1580986641033 360 222 touchend 45 -15 0.83333337306976 0.83333337306976 0 what 1
what_a_pain 1580986642093 360 222 touchmove 138 97 0.83333337306976 0.83333337306976 0 what 1
what_a_pain 1580986642112 360 222 touchmove 141 115 0.83333337306976 0.83333337306976 0 what 1
what_a_pain 1580986642127 360 222 touchmove 142 121 1.8333333730698 1.8333333730698 0 what 1
what_a_pain 1580986642137 360 222 touchend 274 16 1.8333333730698 1.8333333730698 0 what 1
what_a_pain 1580986642093 360 222 touchmove 138 97 0.83333337306976 0.83333337306976 0 what 1 1
what_a_pain 1580986642112 360 222 touchmove 141 115 0.83333337306976 0.83333337306976 0 what 1 1
what_a_pain 1580986642127 360 222 touchmove 142 121 1.8333333730698 1.8333333730698 0 what 1 1
what_a_pain 1580986642137 360 222 touchend 274 16 1.8333333730698 1.8333333730698 0 what 1 1
what_a_pain 1580986642160 360 222 touchmove 140 139 0.83333337306976 0.83333337306976 0 what 1
what_a_pain 1580986642177 360 222 touchmove 139 139 1.8333333730698 1.8333333730698 0 what 1
what_a_pain 1580986642193 360 222 touchmove 139 139 0.83333337306976 0.83333337306976 0 what 1
what_a_pain 1580986642198 360 222 touchend 139 139 0.83333337306976 0.83333337306976 0 what 1
what_a_pain 1580986642093 360 222 touchmove 138 97 0.83333337306976 0.83333337306976 0 what 1 1 1
what_a_pain 1580986642112 360 222 touchmove 141 115 0.83333337306976 0.83333337306976 0 what 1 1 1
what_a_pain 1580986642127 360 222 touchmove 142 121 1.8333333730698 1.8333333730698 0 what 1 1 1
what_a_pain 1580986642137 360 222 touchend 274 16 1.8333333730698 1.8333333730698 0 what 1 1 1
what_a_pain 1580986642160 360 222 touchmove 140 139 0.83333337306976 0.83333337306976 0 what 1 1
what_a_pain 1580986642177 360 222 touchmove 139 139 1.8333333730698 1.8333333730698 0 what 1 1
what_a_pain 1580986642193 360 222 touchmove 139 139 0.83333337306976 0.83333337306976 0 what 1 1
what_a_pain 1580986642198 360 222 touchend 139 139 0.83333337306976 0.83333337306976 0 what 1 1
what_a_pain 1580986642357 360 222 touchstart 250 70 0.83333337306976 0.83333337306976 0 what 1
what_a_pain 1580986642448 360 222 touchmove 250 70 1.8333333730698 1.8333333730698 0 what 1
what_a_pain 1580986642464 360 222 touchend 250 70 1.8333333730698 1.8333333730698 0 what 1
what_a_pain 1580986642682 360 222 touchstart 158 100 1.8333333730698 1.8333333730698 0 what 1
what_a_pain 1580986642835 360 222 touchmove 151 101 0.83333337306976 0.83333337306976 0 what 1
what_a_pain 1580986642853 360 222 touchmove 146 101 0.83333337306976 0.83333337306976 0 what 1
what_a_pain 1580986642860 360 222 touchend 146 101 0.83333337306976 0.83333337306976 0 what 1
what_a_pain 1580986642974 360 222 touchend 226 98 0.83333337306976 0.83333337306976 0 what 1
what_a_pain 1580986642974 360 222 touchend 226 98 0.83333337306976 0.83333337306976 0 what 1 1
what_a_pain 1580986643145 360 222 touchstart 135 77 1.8333333730698 1.8333333730698 0 what 1
what_a_pain 1580986643220 360 222 touchmove 135 77 2 2 0 what 1
what_a_pain 1580986643241 360 222 touchmove 135 77 1.8333333730698 1.8333333730698 0 what 1
what_a_pain 1580986643247 360 222 touchstart 222 108 0.83333337306976 0.83333337306976 0 what 1
what_a_pain 1580986643265 360 222 touchmove 135 77 0.83333337306976 0.83333337306976 0 what 1
what_a_pain 1580986643283 360 222 touchmove 125 68 0.83333337306976 0.83333337306976 0 what 1
what_a_pain 1580986643288 360 222 touchend 125 68 0.83333337306976 0.83333337306976 0 what 1
what_a_pain 1580986643312 360 222 touchend 221 106 0.83333337306976 0.83333337306976 0 what 1
what_a_pain 1580986643592 360 222 touchstart 224 82 0.83333337306976 0.83333337306976 0 what 1
what_a_pain 1580986643595 360 222 touchstart 137 78 1.8333333730698 1.8333333730698 0 what 1
what_a_pain 1580986643623 360 222 touchmove 224 82 1.8333333730698 1.8333333730698 0 what 1
what_a_pain 1580986643637 360 222 touchmove 137 78 1.8333333730698 1.8333333730698 0 what 1
what_a_pain 1580986643656 360 222 touchmove 224 82 0.83333337306976 0.83333337306976 0 what 1
what_a_pain 1580986643672 360 222 touchmove 128 67 0.83333337306976 0.83333337306976 0 what 1
what_a_pain 1580986643682 360 222 touchend 224 82 0.83333337306976 0.83333337306976 0 what 1
what_a_pain 1580986643592 360 222 touchstart 224 82 0.83333337306976 0.83333337306976 0 what 1 1
what_a_pain 1580986643595 360 222 touchstart 137 78 1.8333333730698 1.8333333730698 0 what 1 1
what_a_pain 1580986643623 360 222 touchmove 224 82 1.8333333730698 1.8333333730698 0 what 1 1
what_a_pain 1580986643637 360 222 touchmove 137 78 1.8333333730698 1.8333333730698 0 what 1 1
what_a_pain 1580986643656 360 222 touchmove 224 82 0.83333337306976 0.83333337306976 0 what 1 1
what_a_pain 1580986643672 360 222 touchmove 128 67 0.83333337306976 0.83333337306976 0 what 1 1
what_a_pain 1580986643682 360 222 touchend 224 82 0.83333337306976 0.83333337306976 0 what 1 1
what_a_pain 1580986643696 360 222 touchend 128 67 0.83333337306976 0.83333337306976 0 what 1
what_a_pain 1580986643942 360 222 touchstart 155 85 1.8333333730698 1.8333333730698 0 what 1
what_a_pain 1580986644027 360 222 touchmove 155 85 2 2 0 what 1
what_a_pain 1580986644031 360 222 touchstart 242 57 0.83333337306976 0.83333337306976 0 what 1
what_a_pain 1580986644037 360 222 touchmove 155 85 1.8333333730698 1.8333333730698 0 what 1
what_a_pain 1580986644062 360 222 touchmove 153 86 1.8333333730698 1.8333333730698 0 what 1
what_a_pain 1580986644087 360 222 touchmove 146 86 0.83333337306976 0.83333337306976 0 what 1
what_a_pain 1580986644101 360 222 touchend 146 86 0.83333337306976 0.83333337306976 0 what 1
what_a_pain 1580986643942 360 222 touchstart 155 85 1.8333333730698 1.8333333730698 0 what 1 1
what_a_pain 1580986644027 360 222 touchmove 155 85 2 2 0 what 1 1
what_a_pain 1580986644031 360 222 touchstart 242 57 0.83333337306976 0.83333337306976 0 what 1 1
what_a_pain 1580986644037 360 222 touchmove 155 85 1.8333333730698 1.8333333730698 0 what 1 1
what_a_pain 1580986644062 360 222 touchmove 153 86 1.8333333730698 1.8333333730698 0 what 1 1
what_a_pain 1580986644087 360 222 touchmove 146 86 0.83333337306976 0.83333337306976 0 what 1 1
what_a_pain 1580986644101 360 222 touchend 146 86 0.83333337306976 0.83333337306976 0 what 1 1
what_a_pain 1580986644109 360 222 touchend 242 57 0.83333337306976 0.83333337306976 0 what 1
what_a_pain 1580986644616 360 222 touchmove 241 40 0.83333337306976 0.83333337306976 0 what 1
what_a_pain 1580986644631 360 222 touchmove 242 45 0.83333337306976 0.83333337306976 0 what 1
what_a_pain 1580986644643 360 222 touchmove 243 51 0.83333337306976 0.83333337306976 0 what 1
what_a_pain 1580986644653 360 222 touchmove 243 58 0.83333337306976 0.83333337306976 0 what 1
what_a_pain 1580986644672 360 222 touchmove 243 65 0.83333337306976 0.83333337306976 0 what 1
what_a_pain 1580986644692 360 222 touchmove 242 75 1.8333333730698 1.8333333730698 0 what 1
what_a_pain 1580986644707 360 222 touchmove 242 80 0.83333337306976 0.83333337306976 0 what 1
what_a_pain 1580986644721 360 222 touchmove 242 83 0.83333337306976 0.83333337306976 0 what 1
what_a_pain 1580986644740 360 222 touchmove 242 88 0.83333337306976 0.83333337306976 0 what 1
what_a_pain 1580986644755 360 222 touchmove 242 89 0.83333337306976 0.83333337306976 0 what 1
what_a_pain 1580986644771 360 222 touchmove 242 90 0.83333337306976 0.83333337306976 0 what 1
what_a_pain 1580986644789 360 222 touchmove 243 91 0.83333337306976 0.83333337306976 0 what 1
what_a_pain 1580986644801 360 222 touchend 243 91 0.83333337306976 0.83333337306976 0 what 1
what_a_pain 1580986645261 360 222 touchmove 254 141 0.83333337306976 0.83333337306976 0 what 1
what_a_pain 1580986645275 360 222 touchmove 255 147 0.83333337306976 0.83333337306976 0 what 1
what_a_pain 1580986645290 360 222 touchmove 257 154 0.83333337306976 0.83333337306976 0 what 1
what_a_pain 1580986645306 360 222 touchmove 258 157 0.83333337306976 0.83333337306976 0 what 1
what_a_pain 1580986645323 360 222 touchmove 258 158 0.83333337306976 0.83333337306976 0 what 1
what_a_pain 1580986645339 360 222 touchmove 259 159 0.83333337306976 0.83333337306976 0 what 1
what_a_pain 1580986645356 360 222 touchmove 258 158 0.83333337306976 0.83333337306976 0 what 1
what_a_pain 1580986645373 360 222 touchmove 257 145 0.83333337306976 0.83333337306976 0 what 1
what_a_pain 1580986645383 360 222 touchmove 255 117 0.83333337306976 0.83333337306976 0 what 1
what_a_pain 1580986645387 360 222 touchstart 117 155 0.83333337306976 0.83333337306976 0 what 1
what_a_pain 1580986645392 360 222 touchmove 254 88 0.83333337306976 0.83333337306976 0 what 1
what_a_pain 1580986645406 360 222 touchmove 257 59 1.8333333730698 1.8333333730698 0 what 1
what_a_pain 1580986645423 360 222 touchmove 258 37 0.83333337306976 0.83333337306976 0 what 1
what_a_pain 1580986645433 360 222 touchend 258 37 0.83333337306976 0.83333337306976 0 what 1
what_a_pain 1580986645261 360 222 touchmove 254 141 0.83333337306976 0.83333337306976 0 what 1 1
what_a_pain 1580986645275 360 222 touchmove 255 147 0.83333337306976 0.83333337306976 0 what 1 1
what_a_pain 1580986645290 360 222 touchmove 257 154 0.83333337306976 0.83333337306976 0 what 1 1
what_a_pain 1580986645306 360 222 touchmove 258 157 0.83333337306976 0.83333337306976 0 what 1 1
what_a_pain 1580986645323 360 222 touchmove 258 158 0.83333337306976 0.83333337306976 0 what 1 1
what_a_pain 1580986645339 360 222 touchmove 259 159 0.83333337306976 0.83333337306976 0 what 1 1
what_a_pain 1580986645356 360 222 touchmove 258 158 0.83333337306976 0.83333337306976 0 what 1 1
what_a_pain 1580986645373 360 222 touchmove 257 145 0.83333337306976 0.83333337306976 0 what 1 1
what_a_pain 1580986645383 360 222 touchmove 255 117 0.83333337306976 0.83333337306976 0 what 1 1
what_a_pain 1580986645387 360 222 touchstart 117 155 0.83333337306976 0.83333337306976 0 what 1 1
what_a_pain 1580986645392 360 222 touchmove 254 88 0.83333337306976 0.83333337306976 0 what 1 1
what_a_pain 1580986645406 360 222 touchmove 257 59 1.8333333730698 1.8333333730698 0 what 1 1
what_a_pain 1580986645423 360 222 touchmove 258 37 0.83333337306976 0.83333337306976 0 what 1 1
what_a_pain 1580986645433 360 222 touchend 258 37 0.83333337306976 0.83333337306976 0 what 1 1
what_a_pain 1580986645444 360 222 touchmove 119 147 0.83333337306976 0.83333337306976 0 what 1
what_a_pain 1580986645457 360 222 touchmove 121 139 0.83333337306976 0.83333337306976 0 what 1
what_a_pain 1580986645476 360 222 touchmove 123 128 0.83333337306976 0.83333337306976 0 what 1
what_a_pain 1580986645492 360 222 touchmove 124 107 0.83333337306976 0.83333337306976 0 what 1
what_a_pain 1580986645508 360 222 touchmove 122 62 1.8333333730698 1.8333333730698 0 what 1
what_a_pain 1580986645519 360 222 touchend 122 62 1.8333333730698 1.8333333730698 0 what 1
