sentence timestamp keyb_width keyb_height event x_pos y_pos x_radius y_radius angle word is_err
are_you_being_a_baby 1581107779112 360 197 touchstart 32 82 0 0 0 are 0
are_you_being_a_baby 1581107779223 360 197 touchmove 40 81 0 0 0 are 0
are_you_being_a_baby 1581107779239 360 197 touchmove 51 77 0 0 0 are 0
are_you_being_a_baby 1581107779258 360 197 touchmove 64 72 0 0 0 are 0
are_you_being_a_baby 1581107779272 360 197 touchmove 71 69 0 0 0 are 0
are_you_being_a_baby 1581107779288 360 197 touchmove 81 63 0 0 0 are 0
are_you_being_a_baby 1581107779304 360 197 touchmove 85 60 0 0 0 are 0
are_you_being_a_baby 1581107779320 360 197 touchmove 94 53 0 0 0 are 0
are_you_being_a_baby 1581107779337 360 197 touchmove 97 50 0 0 0 are 0
are_you_being_a_baby 1581107779354 360 197 touchmove 104 44 0 0 0 are 0
are_you_being_a_baby 1581107779372 360 197 touchmove 110 39 0 0 0 are 0
are_you_being_a_baby 1581107779388 360 197 touchmove 112 37 0 0 0 are 0
are_you_being_a_baby 1581107779406 360 197 touchmove 115 35 0 0 0 are 0
are_you_being_a_baby 1581107779421 360 197 touchmove 116 34 0 0 0 are 0
are_you_being_a_baby 1581107779439 360 197 touchmove 117 33 0 0 0 are 0
are_you_being_a_baby 1581107779456 360 197 touchmove 117 32 0 0 0 are 0
are_you_being_a_baby 1581107779480 360 197 touchmove 116 32 0 0 0 are 0
are_you_being_a_baby 1581107779490 360 197 touchmove 114 32 0 0 0 are 0
are_you_being_a_baby 1581107779505 360 197 touchmove 110 32 0 0 0 are 0
are_you_being_a_baby 1581107779522 360 197 touchmove 102 31 0 0 0 are 0
are_you_being_a_baby 1581107779538 360 197 touchmove 98 31 0 0 0 are 0
are_you_being_a_baby 1581107779555 360 197 touchmove 91 30 0 0 0 are 0
are_you_being_a_baby 1581107779571 360 197 touchmove 89 30 0 0 0 are 0
are_you_being_a_baby 1581107779587 360 197 touchmove 86 29 0 0 0 are 0
are_you_being_a_baby 1581107779605 360 197 touchmove 85 29 0 0 0 are 0
are_you_being_a_baby 1581107779620 360 197 touchmove 84 29 0 0 0 are 0
are_you_being_a_baby 1581107779639 360 197 touchmove 84 30 0 0 0 are 0
are_you_being_a_baby 1581107779654 360 197 touchmove 85 30 0 0 0 are 0
are_you_being_a_baby 1581107779672 360 197 touchmove 87 31 0 0 0 are 0
are_you_being_a_baby 1581107779688 360 197 touchmove 92 35 0 0 0 are 0
are_you_being_a_baby 1581107779706 360 197 touchmove 97 41 0 0 0 are 0
are_you_being_a_baby 1581107779723 360 197 touchmove 100 43 0 0 0 are 0
are_you_being_a_baby 1581107779738 360 197 touchmove 103 47 0 0 0 are 0
are_you_being_a_baby 1581107779750 360 197 touchend 103 47 0 0 0 are 0
are_you_being_a_baby 1581107780117 360 197 touchstart 202 30 0 0 0 you 0
are_you_being_a_baby 1581107780223 360 197 touchmove 208 38 0 0 0 you 0
are_you_being_a_baby 1581107780241 360 197 touchmove 214 41 0 0 0 you 0
are_you_being_a_baby 1581107780256 360 197 touchmove 234 43 0 0 0 you 0
are_you_being_a_baby 1581107780273 360 197 touchmove 257 43 0 0 0 you 0
are_you_being_a_baby 1581107780289 360 197 touchmove 267 43 0 0 0 you 0
are_you_being_a_baby 1581107780307 360 197 touchmove 285 41 0 0 0 you 0
are_you_being_a_baby 1581107780324 360 197 touchmove 291 41 0 0 0 you 0
are_you_being_a_baby 1581107780339 360 197 touchmove 301 40 0 0 0 you 0
are_you_being_a_baby 1581107780357 360 197 touchmove 305 40 0 0 0 you 0
are_you_being_a_baby 1581107780373 360 197 touchmove 309 39 0 0 0 you 0
are_you_being_a_baby 1581107780390 360 197 touchmove 310 39 0 0 0 you 0
are_you_being_a_baby 1581107780406 360 197 touchmove 311 39 0 0 0 you 0
are_you_being_a_baby 1581107780423 360 197 touchmove 310 39 0 0 0 you 0
are_you_being_a_baby 1581107780446 360 197 touchmove 309 39 0 0 0 you 0
are_you_being_a_baby 1581107780457 360 197 touchmove 307 39 0 0 0 you 0
are_you_being_a_baby 1581107780473 360 197 touchmove 303 39 0 0 0 you 0
are_you_being_a_baby 1581107780490 360 197 touchmove 287 39 0 0 0 you 0
are_you_being_a_baby 1581107780507 360 197 touchmove 275 39 0 0 0 you 0
are_you_being_a_baby 1581107780523 360 197 touchmove 248 40 0 0 0 you 0
are_you_being_a_baby 1581107780541 360 197 touchmove 237 40 0 0 0 you 0
are_you_being_a_baby 1581107780559 360 197 touchmove 223 38 0 0 0 you 0
are_you_being_a_baby 1581107780575 360 197 touchmove 218 38 0 0 0 you 0
are_you_being_a_baby 1581107780591 360 197 touchmove 214 37 0 0 0 you 0
are_you_being_a_baby 1581107780608 360 197 touchmove 214 37 0 0 0 you 0
are_you_being_a_baby 1581107780673 360 197 touchmove 214 37 0 0 0 you 0
are_you_being_a_baby 1581107780691 360 197 touchmove 215 37 0 0 0 you 0
are_you_being_a_baby 1581107780708 360 197 touchmove 216 37 0 0 0 you 0
are_you_being_a_baby 1581107780724 360 197 touchmove 216 37 0 0 0 you 0
are_you_being_a_baby 1581107780741 360 197 touchmove 217 37 0 0 0 you 0
are_you_being_a_baby 1581107780757 360 197 touchmove 217 37 0 0 0 you 0
are_you_being_a_baby 1581107780774 360 197 touchmove 218 37 0 0 0 you 0
are_you_being_a_baby 1581107780791 360 197 touchmove 219 37 0 0 0 you 0
are_you_being_a_baby 1581107780809 360 197 touchmove 220 37 0 0 0 you 0
are_you_being_a_baby 1581107780827 360 197 touchmove 221 38 0 0 0 you 0
are_you_being_a_baby 1581107780844 360 197 touchmove 224 38 0 0 0 you 0
are_you_being_a_baby 1581107780859 360 197 touchmove 225 38 0 0 0 you 0
are_you_being_a_baby 1581107780875 360 197 touchmove 227 38 0 0 0 you 0
are_you_being_a_baby 1581107780891 360 197 touchmove 228 38 0 0 0 you 0
are_you_being_a_baby 1581107780908 360 197 touchmove 230 39 0 0 0 you 0
are_you_being_a_baby 1581107780924 360 197 touchmove 230 39 0 0 0 you 0
are_you_being_a_baby 1581107780940 360 197 touchmove 232 39 0 0 0 you 0
are_you_being_a_baby 1581107780957 360 197 touchmove 232 39 0 0 0 you 0
are_you_being_a_baby 1581107780974 360 197 touchmove 232 39 0 0 0 you 0
are_you_being_a_baby 1581107781026 360 197 touchmove 233 40 0 0 0 you 0
are_you_being_a_baby 1581107781043 360 197 touchmove 233 40 0 0 0 you 0
are_you_being_a_baby 1581107781058 360 197 touchmove 234 40 0 0 0 you 0
are_you_being_a_baby 1581107781076 360 197 touchmove 234 41 0 0 0 you 0
are_you_being_a_baby 1581107781095 360 197 touchmove 234 41 0 0 0 you 0
are_you_being_a_baby 1581107781108 360 197 touchmove 235 41 0 0 0 you 0
are_you_being_a_baby 1581107781125 360 197 touchmove 235 42 0 0 0 you 0
are_you_being_a_baby 1581107781144 360 197 touchmove 235 42 0 0 0 you 0
are_you_being_a_baby 1581107781159 360 197 touchmove 236 42 0 0 0 you 0
are_you_being_a_baby 1581107781176 360 197 touchmove 236 43 0 0 0 you 0
are_you_being_a_baby 1581107781198 360 197 touchmove 236 43 0 0 0 you 0
are_you_being_a_baby 1581107781315 360 197 touchend 236 43 0 0 0 you 0
are_you_being_a_baby 1581107782446 360 197 touchstart 218 137 0 0 0 being 0
are_you_being_a_baby 1581107782563 360 197 touchmove 210 135 0 0 0 being 0
are_you_being_a_baby 1581107782582 360 197 touchmove 205 132 0 0 0 being 0
are_you_being_a_baby 1581107782598 360 197 touchmove 198 125 0 0 0 being 0
are_you_being_a_baby 1581107782613 360 197 touchmove 192 119 0 0 0 being 0
are_you_being_a_baby 1581107782628 360 197 touchmove 180 105 0 0 0 being 0
are_you_being_a_baby 1581107782645 360 197 touchmove 168 93 0 0 0 being 0
are_you_being_a_baby 1581107782662 360 197 touchmove 162 87 0 0 0 being 0
are_you_being_a_baby 1581107782680 360 197 touchmove 149 77 0 0 0 being 0
are_you_being_a_baby 1581107782695 360 197 touchmove 142 72 0 0 0 being 0
are_you_being_a_baby 1581107782712 360 197 touchmove 129 64 0 0 0 being 0
are_you_being_a_baby 1581107782730 360 197 touchmove 123 61 0 0 0 being 0
are_you_being_a_baby 1581107782746 360 197 touchmove 112 55 0 0 0 being 0
are_you_being_a_baby 1581107782763 360 197 touchmove 105 51 0 0 0 being 0
are_you_being_a_baby 1581107782779 360 197 touchmove 102 49 0 0 0 being 0
are_you_being_a_baby 1581107782797 360 197 touchmove 97 46 0 0 0 being 0
are_you_being_a_baby 1581107782814 360 197 touchmove 96 45 0 0 0 being 0
are_you_being_a_baby 1581107782829 360 197 touchmove 94 43 0 0 0 being 0
are_you_being_a_baby 1581107782846 360 197 touchmove 94 43 0 0 0 being 0
are_you_being_a_baby 1581107782864 360 197 touchmove 94 42 0 0 0 being 0
are_you_being_a_baby 1581107782882 360 197 touchmove 97 42 0 0 0 being 0
are_you_being_a_baby 1581107782895 360 197 touchmove 103 42 0 0 0 being 0
are_you_being_a_baby 1581107782912 360 197 touchmove 113 41 0 0 0 being 0
are_you_being_a_baby 1581107782929 360 197 touchmove 142 41 0 0 0 being 0
are_you_being_a_baby 1581107782946 360 197 touchmove 179 39 0 0 0 being 0
are_you_being_a_baby 1581107782963 360 197 touchmove 196 39 0 0 0 being 0
are_you_being_a_baby 1581107782979 360 197 touchmove 228 38 0 0 0 being 0
are_you_being_a_baby 1581107782997 360 197 touchmove 241 37 0 0 0 being 0
are_you_being_a_baby 1581107783013 360 197 touchmove 259 35 0 0 0 being 0
are_you_being_a_baby 1581107783030 360 197 touchmove 264 35 0 0 0 being 0
are_you_being_a_baby 1581107783046 360 197 touchmove 272 33 0 0 0 being 0
are_you_being_a_baby 1581107783064 360 197 touchmove 275 33 0 0 0 being 0
are_you_being_a_baby 1581107783079 360 197 touchmove 277 32 0 0 0 being 0
are_you_being_a_baby 1581107783095 360 197 touchmove 277 32 0 0 0 being 0
are_you_being_a_baby 1581107783119 360 197 touchmove 277 32 0 0 0 being 0
are_you_being_a_baby 1581107783132 360 197 touchmove 277 33 0 0 0 being 0
are_you_being_a_baby 1581107783147 360 197 touchmove 275 35 0 0 0 being 0
are_you_being_a_baby 1581107783163 360 197 touchmove 264 48 0 0 0 being 0
are_you_being_a_baby 1581107783183 360 197 touchmove 258 56 0 0 0 being 0
are_you_being_a_baby 1581107783198 360 197 touchmove 249 69 0 0 0 being 0
are_you_being_a_baby 1581107783215 360 197 touchmove 247 75 0 0 0 being 0
are_you_being_a_baby 1581107783230 360 197 touchmove 243 84 0 0 0 being 0
are_you_being_a_baby 1581107783247 360 197 touchmove 242 93 0 0 0 being 0
are_you_being_a_baby 1581107783263 360 197 touchmove 242 96 0 0 0 being 0
are_you_being_a_baby 1581107783280 360 197 touchmove 242 107 0 0 0 being 0
are_you_being_a_baby 1581107783301 360 197 touchmove 243 107 0 0 0 being 0
are_you_being_a_baby 1581107783314 360 197 touchmove 243 109 0 0 0 being 0
are_you_being_a_baby 1581107783333 360 197 touchmove 243 110 0 0 0 being 0
are_you_being_a_baby 1581107783347 360 197 touchmove 245 115 0 0 0 being 0
are_you_being_a_baby 1581107783364 360 197 touchmove 246 117 0 0 0 being 0
are_you_being_a_baby 1581107783380 360 197 touchmove 246 122 0 0 0 being 0
are_you_being_a_baby 1581107783398 360 197 touchmove 246 123 0 0 0 being 0
are_you_being_a_baby 1581107783414 360 197 touchmove 246 127 0 0 0 being 0
are_you_being_a_baby 1581107783429 360 197 touchmove 246 130 0 0 0 being 0
are_you_being_a_baby 1581107783448 360 197 touchmove 245 131 0 0 0 being 0
are_you_being_a_baby 1581107783464 360 197 touchmove 243 132 0 0 0 being 0
are_you_being_a_baby 1581107783483 360 197 touchmove 243 131 0 0 0 being 0
are_you_being_a_baby 1581107783498 360 197 touchmove 239 128 0 0 0 being 0
are_you_being_a_baby 1581107783515 360 197 touchmove 235 124 0 0 0 being 0
are_you_being_a_baby 1581107783531 360 197 touchmove 224 113 0 0 0 being 0
are_you_being_a_baby 1581107783548 360 197 touchmove 211 103 0 0 0 being 0
are_you_being_a_baby 1581107783565 360 197 touchmove 205 99 0 0 0 being 0
are_you_being_a_baby 1581107783580 360 197 touchmove 194 92 0 0 0 being 0
are_you_being_a_baby 1581107783598 360 197 touchmove 191 89 0 0 0 being 0
are_you_being_a_baby 1581107783614 360 197 touchmove 184 85 0 0 0 being 0
are_you_being_a_baby 1581107783631 360 197 touchmove 183 83 0 0 0 being 0
are_you_being_a_baby 1581107783648 360 197 touchmove 181 82 0 0 0 being 0
are_you_being_a_baby 1581107783665 360 197 touchmove 180 81 0 0 0 being 0
are_you_being_a_baby 1581107783718 360 197 touchend 180 81 0 0 0 being 0
are_you_being_a_baby 1581107784444 360 197 touchstart 33 77 0 0 0 a 0
are_you_being_a_baby 1581107784536 360 197 touchend 33 77 0 0 0 a 0
are_you_being_a_baby 1581107785027 360 197 touchstart 218 141 0 0 0 baby 0
are_you_being_a_baby 1581107785137 360 197 touchmove 215 140 0 0 0 baby 0
are_you_being_a_baby 1581107785155 360 197 touchmove 206 138 0 0 0 baby 0
are_you_being_a_baby 1581107785173 360 197 touchmove 191 132 0 0 0 baby 0
are_you_being_a_baby 1581107785186 360 197 touchmove 184 129 0 0 0 baby 0
are_you_being_a_baby 1581107785235 360 197 touchmove 169 124 0 0 0 baby 0
are_you_being_a_baby 1581107785252 360 197 touchmove 134 113 0 0 0 baby 0
are_you_being_a_baby 1581107785269 360 197 touchmove 114 107 0 0 0 baby 0
are_you_being_a_baby 1581107785285 360 197 touchmove 103 104 0 0 0 baby 0
are_you_being_a_baby 1581107785302 360 197 touchmove 81 98 0 0 0 baby 0
are_you_being_a_baby 1581107785319 360 197 touchmove 62 93 0 0 0 baby 0
are_you_being_a_baby 1581107785335 360 197 touchmove 54 91 0 0 0 baby 0
are_you_being_a_baby 1581107785358 360 197 touchmove 44 87 0 0 0 baby 0
are_you_being_a_baby 1581107785370 360 197 touchmove 40 86 0 0 0 baby 0
are_you_being_a_baby 1581107785388 360 197 touchmove 36 84 0 0 0 baby 0
are_you_being_a_baby 1581107785402 360 197 touchmove 35 83 0 0 0 baby 0
are_you_being_a_baby 1581107785419 360 197 touchmove 34 83 0 0 0 baby 0
are_you_being_a_baby 1581107785436 360 197 touchmove 34 83 0 0 0 baby 0
are_you_being_a_baby 1581107785452 360 197 touchmove 37 83 0 0 0 baby 0
are_you_being_a_baby 1581107785470 360 197 touchmove 51 85 0 0 0 baby 0
are_you_being_a_baby 1581107785485 360 197 touchmove 62 86 0 0 0 baby 0
are_you_being_a_baby 1581107785503 360 197 touchmove 89 90 0 0 0 baby 0
are_you_being_a_baby 1581107785519 360 197 touchmove 103 92 0 0 0 baby 0
are_you_being_a_baby 1581107785536 360 197 touchmove 127 98 0 0 0 baby 0
are_you_being_a_baby 1581107785553 360 197 touchmove 139 101 0 0 0 baby 0
are_you_being_a_baby 1581107785570 360 197 touchmove 167 109 0 0 0 baby 0
are_you_being_a_baby 1581107785586 360 197 touchmove 170 111 0 0 0 baby 0
are_you_being_a_baby 1581107785603 360 197 touchmove 180 115 0 0 0 baby 0
are_you_being_a_baby 1581107785619 360 197 touchmove 185 117 0 0 0 baby 0
are_you_being_a_baby 1581107785635 360 197 touchmove 195 123 0 0 0 baby 0
are_you_being_a_baby 1581107785651 360 197 touchmove 206 129 0 0 0 baby 0
are_you_being_a_baby 1581107785669 360 197 touchmove 210 132 0 0 0 baby 0
are_you_being_a_baby 1581107785686 360 197 touchmove 214 135 0 0 0 baby 0
are_you_being_a_baby 1581107785704 360 197 touchmove 215 135 0 0 0 baby 0
are_you_being_a_baby 1581107785720 360 197 touchmove 216 136 0 0 0 baby 0
are_you_being_a_baby 1581107785740 360 197 touchmove 215 136 0 0 0 baby 0
are_you_being_a_baby 1581107785753 360 197 touchmove 215 135 0 0 0 baby 0
are_you_being_a_baby 1581107785770 360 197 touchmove 214 135 0 0 0 baby 0
are_you_being_a_baby 1581107785787 360 197 touchmove 211 131 0 0 0 baby 0
are_you_being_a_baby 1581107785804 360 197 touchmove 205 123 0 0 0 baby 0
are_you_being_a_baby 1581107785819 360 197 touchmove 202 117 0 0 0 baby 0
are_you_being_a_baby 1581107785835 360 197 touchmove 197 105 0 0 0 baby 0
are_you_being_a_baby 1581107785853 360 197 touchmove 195 99 0 0 0 baby 0
are_you_being_a_baby 1581107785869 360 197 touchmove 191 86 0 0 0 baby 0
are_you_being_a_baby 1581107785887 360 197 touchmove 191 80 0 0 0 baby 0
are_you_being_a_baby 1581107785902 360 197 touchmove 190 68 0 0 0 baby 0
are_you_being_a_baby 1581107785919 360 197 touchmove 191 64 0 0 0 baby 0
are_you_being_a_baby 1581107785936 360 197 touchmove 191 56 0 0 0 baby 0
are_you_being_a_baby 1581107785952 360 197 touchmove 192 49 0 0 0 baby 0
are_you_being_a_baby 1581107785969 360 197 touchmove 192 46 0 0 0 baby 0
are_you_being_a_baby 1581107785985 360 197 touchmove 193 41 0 0 0 baby 0
are_you_being_a_baby 1581107786003 360 197 touchmove 193 39 0 0 0 baby 0
are_you_being_a_baby 1581107786022 360 197 touchmove 195 36 0 0 0 baby 0
are_you_being_a_baby 1581107786037 360 197 touchend 195 36 0 0 0 baby 0
has_dynegy_made_a_specific_request 1581107788858 360 197 touchstart 223 87 0 0 0 has 0
has_dynegy_made_a_specific_request 1581107788951 360 197 touchmove 213 86 0 0 0 has 0
has_dynegy_made_a_specific_request 1581107788979 360 197 touchmove 188 85 0 0 0 has 0
has_dynegy_made_a_specific_request 1581107788995 360 197 touchmove 167 83 0 0 0 has 0
has_dynegy_made_a_specific_request 1581107789011 360 197 touchmove 154 82 0 0 0 has 0
has_dynegy_made_a_specific_request 1581107789029 360 197 touchmove 127 80 0 0 0 has 0
has_dynegy_made_a_specific_request 1581107789045 360 197 touchmove 113 80 0 0 0 has 0
has_dynegy_made_a_specific_request 1581107789062 360 197 touchmove 85 81 0 0 0 has 0
has_dynegy_made_a_specific_request 1581107789078 360 197 touchmove 72 81 0 0 0 has 0
has_dynegy_made_a_specific_request 1581107789094 360 197 touchmove 52 81 0 0 0 has 0
has_dynegy_made_a_specific_request 1581107789111 360 197 touchmove 40 81 0 0 0 has 0
has_dynegy_made_a_specific_request 1581107789129 360 197 touchmove 37 80 0 0 0 has 0
has_dynegy_made_a_specific_request 1581107789145 360 197 touchmove 34 80 0 0 0 has 0
has_dynegy_made_a_specific_request 1581107789162 360 197 touchmove 33 80 0 0 0 has 0
has_dynegy_made_a_specific_request 1581107789187 360 197 touchmove 33 80 0 0 0 has 0
has_dynegy_made_a_specific_request 1581107789196 360 197 touchmove 35 80 0 0 0 has 0
has_dynegy_made_a_specific_request 1581107789212 360 197 touchmove 38 81 0 0 0 has 0
has_dynegy_made_a_specific_request 1581107789229 360 197 touchmove 44 83 0 0 0 has 0
has_dynegy_made_a_specific_request 1581107789247 360 197 touchmove 56 85 0 0 0 has 0
has_dynegy_made_a_specific_request 1581107789262 360 197 touchmove 67 87 0 0 0 has 0
has_dynegy_made_a_specific_request 1581107789279 360 197 touchmove 71 88 0 0 0 has 0
has_dynegy_made_a_specific_request 1581107789295 360 197 touchmove 77 91 0 0 0 has 0
has_dynegy_made_a_specific_request 1581107789312 360 197 touchmove 79 92 0 0 0 has 0
has_dynegy_made_a_specific_request 1581107789327 360 197 touchmove 83 94 0 0 0 has 0
has_dynegy_made_a_specific_request 1581107789346 360 197 touchend 83 94 0 0 0 has 0
has_dynegy_made_a_specific_request 1581107790072 360 197 touchstart 114 84 0 0 0 dynegy 0
has_dynegy_made_a_specific_request 1581107790197 360 197 touchmove 120 82 0 0 0 dynegy 0
has_dynegy_made_a_specific_request 1581107790217 360 197 touchmove 124 80 0 0 0 dynegy 0
has_dynegy_made_a_specific_request 1581107790231 360 197 touchmove 135 76 0 0 0 dynegy 0
has_dynegy_made_a_specific_request 1581107790247 360 197 touchmove 142 72 0 0 0 dynegy 0
has_dynegy_made_a_specific_request 1581107790266 360 197 touchmove 155 64 0 0 0 dynegy 0
has_dynegy_made_a_specific_request 1581107790281 360 197 touchmove 161 61 0 0 0 dynegy 0
has_dynegy_made_a_specific_request 1581107790299 360 197 touchmove 170 54 0 0 0 dynegy 0
has_dynegy_made_a_specific_request 1581107790315 360 197 touchmove 176 48 0 0 0 dynegy 0
has_dynegy_made_a_specific_request 1581107790331 360 197 touchmove 178 46 0 0 0 dynegy 0
has_dynegy_made_a_specific_request 1581107790347 360 197 touchmove 180 41 0 0 0 dynegy 0
has_dynegy_made_a_specific_request 1581107790365 360 197 touchmove 181 40 0 0 0 dynegy 0
has_dynegy_made_a_specific_request 1581107790380 360 197 touchmove 182 38 0 0 0 dynegy 0
has_dynegy_made_a_specific_request 1581107790398 360 197 touchmove 183 37 0 0 0 dynegy 0
has_dynegy_made_a_specific_request 1581107790415 360 197 touchmove 183 36 0 0 0 dynegy 0
has_dynegy_made_a_specific_request 1581107790499 360 197 touchmove 182 37 0 0 0 dynegy 0
has_dynegy_made_a_specific_request 1581107790516 360 197 touchmove 182 38 0 0 0 dynegy 0
has_dynegy_made_a_specific_request 1581107790535 360 197 touchmove 180 43 0 0 0 dynegy 0
has_dynegy_made_a_specific_request 1581107790548 360 197 touchmove 175 50 0 0 0 dynegy 0
has_dynegy_made_a_specific_request 1581107790565 360 197 touchmove 173 54 0 0 0 dynegy 0
has_dynegy_made_a_specific_request 1581107790584 360 197 touchmove 170 61 0 0 0 dynegy 0
has_dynegy_made_a_specific_request 1581107790599 360 197 touchmove 168 64 0 0 0 dynegy 0
has_dynegy_made_a_specific_request 1581107790614 360 197 touchmove 165 69 0 0 0 dynegy 0
has_dynegy_made_a_specific_request 1581107790631 360 197 touchmove 164 71 0 0 0 dynegy 0
has_dynegy_made_a_specific_request 1581107790651 360 197 touchmove 162 74 0 0 0 dynegy 0
has_dynegy_made_a_specific_request 1581107790665 360 197 touchmove 161 76 0 0 0 dynegy 0
has_dynegy_made_a_specific_request 1581107790681 360 197 touchmove 160 77 0 0 0 dynegy 0
has_dynegy_made_a_specific_request 1581107790699 360 197 touchmove 160 78 0 0 0 dynegy 0
has_dynegy_made_a_specific_request 1581107790716 360 197 touchmove 159 79 0 0 0 dynegy 0
has_dynegy_made_a_specific_request 1581107790731 360 197 touchmove 158 81 0 0 0 dynegy 0
has_dynegy_made_a_specific_request 1581107790749 360 197 touchmove 158 82 0 0 0 dynegy 0
has_dynegy_made_a_specific_request 1581107790765 360 197 touchmove 157 84 0 0 0 dynegy 0
has_dynegy_made_a_specific_request 1581107790783 360 197 touchmove 157 85 0 0 0 dynegy 0
has_dynegy_made_a_specific_request 1581107790799 360 197 touchmove 156 88 0 0 0 dynegy 0
has_dynegy_made_a_specific_request 1581107790815 360 197 touchmove 155 89 0 0 0 dynegy 0
has_dynegy_made_a_specific_request 1581107790831 360 197 touchmove 155 92 0 0 0 dynegy 0
has_dynegy_made_a_specific_request 1581107790848 360 197 touchmove 155 96 0 0 0 dynegy 0
has_dynegy_made_a_specific_request 1581107790868 360 197 touchmove 156 99 0 0 0 dynegy 0
has_dynegy_made_a_specific_request 1581107790883 360 197 touchmove 160 105 0 0 0 dynegy 0
has_dynegy_made_a_specific_request 1581107790899 360 197 touchmove 163 108 0 0 0 dynegy 0
has_dynegy_made_a_specific_request 1581107790915 360 197 touchmove 171 114 0 0 0 dynegy 0
has_dynegy_made_a_specific_request 1581107790934 360 197 touchmove 176 115 0 0 0 dynegy 0
has_dynegy_made_a_specific_request 1581107790949 360 197 touchmove 187 117 0 0 0 dynegy 0
has_dynegy_made_a_specific_request 1581107790966 360 197 touchmove 193 118 0 0 0 dynegy 0
has_dynegy_made_a_specific_request 1581107790982 360 197 touchmove 203 120 0 0 0 dynegy 0
has_dynegy_made_a_specific_request 1581107790998 360 197 touchmove 208 121 0 0 0 dynegy 0
has_dynegy_made_a_specific_request 1581107791015 360 197 touchmove 217 123 0 0 0 dynegy 0
has_dynegy_made_a_specific_request 1581107791032 360 197 touchmove 223 126 0 0 0 dynegy 0
has_dynegy_made_a_specific_request 1581107791050 360 197 touchmove 226 127 0 0 0 dynegy 0
has_dynegy_made_a_specific_request 1581107791065 360 197 touchmove 231 130 0 0 0 dynegy 0
has_dynegy_made_a_specific_request 1581107791084 360 197 touchmove 233 131 0 0 0 dynegy 0
has_dynegy_made_a_specific_request 1581107791099 360 197 touchmove 236 133 0 0 0 dynegy 0
has_dynegy_made_a_specific_request 1581107791116 360 197 touchmove 237 134 0 0 0 dynegy 0
has_dynegy_made_a_specific_request 1581107791133 360 197 touchmove 238 135 0 0 0 dynegy 0
has_dynegy_made_a_specific_request 1581107791149 360 197 touchmove 239 135 0 0 0 dynegy 0
has_dynegy_made_a_specific_request 1581107791166 360 197 touchmove 239 136 0 0 0 dynegy 0
has_dynegy_made_a_specific_request 1581107791184 360 197 touchmove 240 136 0 0 0 dynegy 0
has_dynegy_made_a_specific_request 1581107791200 360 197 touchmove 240 136 0 0 0 dynegy 0
has_dynegy_made_a_specific_request 1581107791300 360 197 touchmove 239 136 0 0 0 dynegy 0
has_dynegy_made_a_specific_request 1581107791317 360 197 touchmove 237 135 0 0 0 dynegy 0
has_dynegy_made_a_specific_request 1581107791335 360 197 touchmove 232 132 0 0 0 dynegy 0
has_dynegy_made_a_specific_request 1581107791351 360 197 touchmove 227 129 0 0 0 dynegy 0
has_dynegy_made_a_specific_request 1581107791367 360 197 touchmove 216 123 0 0 0 dynegy 0
has_dynegy_made_a_specific_request 1581107791384 360 197 touchmove 210 120 0 0 0 dynegy 0
has_dynegy_made_a_specific_request 1581107791400 360 197 touchmove 197 112 0 0 0 dynegy 0
has_dynegy_made_a_specific_request 1581107791417 360 197 touchmove 191 107 0 0 0 dynegy 0
has_dynegy_made_a_specific_request 1581107791434 360 197 touchmove 178 98 0 0 0 dynegy 0
has_dynegy_made_a_specific_request 1581107791450 360 197 touchmove 165 88 0 0 0 dynegy 0
has_dynegy_made_a_specific_request 1581107791467 360 197 touchmove 159 83 0 0 0 dynegy 0
has_dynegy_made_a_specific_request 1581107791484 360 197 touchmove 148 75 0 0 0 dynegy 0
has_dynegy_made_a_specific_request 1581107791505 360 197 touchmove 143 72 0 0 0 dynegy 0
has_dynegy_made_a_specific_request 1581107791517 360 197 touchmove 133 66 0 0 0 dynegy 0
has_dynegy_made_a_specific_request 1581107791534 360 197 touchmove 127 63 0 0 0 dynegy 0
has_dynegy_made_a_specific_request 1581107791554 360 197 touchmove 115 56 0 0 0 dynegy 0
has_dynegy_made_a_specific_request 1581107791567 360 197 touchmove 109 52 0 0 0 dynegy 0
has_dynegy_made_a_specific_request 1581107791584 360 197 touchmove 100 46 0 0 0 dynegy 0
has_dynegy_made_a_specific_request 1581107791600 360 197 touchmove 92 40 0 0 0 dynegy 0
has_dynegy_made_a_specific_request 1581107791617 360 197 touchmove 90 38 0 0 0 dynegy 0
has_dynegy_made_a_specific_request 1581107791634 360 197 touchmove 87 35 0 0 0 dynegy 0
has_dynegy_made_a_specific_request 1581107791650 360 197 touchmove 86 34 0 0 0 dynegy 0
has_dynegy_made_a_specific_request 1581107791667 360 197 touchmove 86 33 0 0 0 dynegy 0
has_dynegy_made_a_specific_request 1581107791686 360 197 touchmove 87 33 0 0 0 dynegy 0
has_dynegy_made_a_specific_request 1581107791700 360 197 touchmove 90 33 0 0 0 dynegy 0
has_dynegy_made_a_specific_request 1581107791717 360 197 touchmove 93 33 0 0 0 dynegy 0
has_dynegy_made_a_specific_request 1581107791734 360 197 touchmove 102 33 0 0 0 dynegy 0
has_dynegy_made_a_specific_request 1581107791751 360 197 touchmove 110 34 0 0 0 dynegy 0
has_dynegy_made_a_specific_request 1581107791768 360 197 touchmove 113 34 0 0 0 dynegy 0
has_dynegy_made_a_specific_request 1581107791785 360 197 touchmove 118 35 0 0 0 dynegy 0
has_dynegy_made_a_specific_request 1581107791801 360 197 touchmove 120 35 0 0 0 dynegy 0
has_dynegy_made_a_specific_request 1581107791818 360 197 touchmove 123 35 0 0 0 dynegy 0
has_dynegy_made_a_specific_request 1581107791834 360 197 touchmove 123 35 0 0 0 dynegy 0
has_dynegy_made_a_specific_request 1581107791851 360 197 touchmove 125 36 0 0 0 dynegy 0
has_dynegy_made_a_specific_request 1581107791868 360 197 touchmove 125 37 0 0 0 dynegy 0
has_dynegy_made_a_specific_request 1581107791885 360 197 touchmove 125 37 0 0 0 dynegy 0
has_dynegy_made_a_specific_request 1581107791901 360 197 touchmove 125 38 0 0 0 dynegy 0
has_dynegy_made_a_specific_request 1581107791918 360 197 touchmove 125 40 0 0 0 dynegy 0
has_dynegy_made_a_specific_request 1581107791934 360 197 touchmove 126 43 0 0 0 dynegy 0
has_dynegy_made_a_specific_request 1581107791952 360 197 touchmove 126 46 0 0 0 dynegy 0
has_dynegy_made_a_specific_request 1581107791968 360 197 touchmove 127 54 0 0 0 dynegy 0
has_dynegy_made_a_specific_request 1581107791985 360 197 touchmove 129 58 0 0 0 dynegy 0
has_dynegy_made_a_specific_request 1581107792002 360 197 touchmove 131 68 0 0 0 dynegy 0
has_dynegy_made_a_specific_request 1581107792019 360 197 touchmove 133 73 0 0 0 dynegy 0
has_dynegy_made_a_specific_request 1581107792035 360 197 touchmove 136 81 0 0 0 dynegy 0
has_dynegy_made_a_specific_request 1581107792053 360 197 touchmove 139 88 0 0 0 dynegy 0
has_dynegy_made_a_specific_request 1581107792068 360 197 touchmove 140 91 0 0 0 dynegy 0
has_dynegy_made_a_specific_request 1581107792086 360 197 touchmove 142 94 0 0 0 dynegy 0
has_dynegy_made_a_specific_request 1581107792103 360 197 touchmove 145 98 0 0 0 dynegy 0
has_dynegy_made_a_specific_request 1581107792118 360 197 touchmove 149 101 0 0 0 dynegy 0
has_dynegy_made_a_specific_request 1581107792135 360 197 touchmove 151 102 0 0 0 dynegy 0
has_dynegy_made_a_specific_request 1581107792154 360 197 touchmove 154 104 0 0 0 dynegy 0
has_dynegy_made_a_specific_request 1581107792169 360 197 touchmove 155 104 0 0 0 dynegy 0
has_dynegy_made_a_specific_request 1581107792188 360 197 touchmove 158 105 0 0 0 dynegy 0
has_dynegy_made_a_specific_request 1581107792204 360 197 touchmove 159 106 0 0 0 dynegy 0
has_dynegy_made_a_specific_request 1581107792220 360 197 touchmove 162 106 0 0 0 dynegy 0
has_dynegy_made_a_specific_request 1581107792237 360 197 touchmove 163 107 0 0 0 dynegy 0
has_dynegy_made_a_specific_request 1581107792254 360 197 touchmove 165 107 0 0 0 dynegy 0
has_dynegy_made_a_specific_request 1581107792269 360 197 touchmove 166 107 0 0 0 dynegy 0
has_dynegy_made_a_specific_request 1581107792286 360 197 touchmove 167 107 0 0 0 dynegy 0
has_dynegy_made_a_specific_request 1581107792304 360 197 touchmove 168 107 0 0 0 dynegy 0
has_dynegy_made_a_specific_request 1581107792320 360 197 touchmove 169 106 0 0 0 dynegy 0
has_dynegy_made_a_specific_request 1581107792335 360 197 touchmove 170 105 0 0 0 dynegy 0
has_dynegy_made_a_specific_request 1581107792354 360 197 touchmove 171 104 0 0 0 dynegy 0
has_dynegy_made_a_specific_request 1581107792371 360 197 touchmove 172 103 0 0 0 dynegy 0
has_dynegy_made_a_specific_request 1581107792386 360 197 touchmove 173 100 0 0 0 dynegy 0
has_dynegy_made_a_specific_request 1581107792403 360 197 touchmove 174 99 0 0 0 dynegy 0
has_dynegy_made_a_specific_request 1581107792420 360 197 touchmove 174 98 0 0 0 dynegy 0
has_dynegy_made_a_specific_request 1581107792436 360 197 touchmove 175 94 0 0 0 dynegy 0
has_dynegy_made_a_specific_request 1581107792452 360 197 touchmove 175 92 0 0 0 dynegy 0
has_dynegy_made_a_specific_request 1581107792470 360 197 touchmove 177 87 0 0 0 dynegy 0
has_dynegy_made_a_specific_request 1581107792485 360 197 touchmove 178 82 0 0 0 dynegy 0
has_dynegy_made_a_specific_request 1581107792503 360 197 touchmove 179 79 0 0 0 dynegy 0
has_dynegy_made_a_specific_request 1581107792519 360 197 touchmove 180 72 0 0 0 dynegy 0
has_dynegy_made_a_specific_request 1581107792540 360 197 touchmove 184 59 0 0 0 dynegy 0
has_dynegy_made_a_specific_request 1581107792554 360 197 touchmove 186 53 0 0 0 dynegy 0
has_dynegy_made_a_specific_request 1581107792569 360 197 touchmove 189 41 0 0 0 dynegy 0
has_dynegy_made_a_specific_request 1581107792587 360 197 touchmove 191 35 0 0 0 dynegy 0
has_dynegy_made_a_specific_request 1581107792603 360 197 touchmove 193 27 0 0 0 dynegy 0
has_dynegy_made_a_specific_request 1581107792621 360 197 touchmove 193 23 0 0 0 dynegy 0
has_dynegy_made_a_specific_request 1581107792637 360 197 touchmove 195 17 0 0 0 dynegy 0
has_dynegy_made_a_specific_request 1581107792654 360 197 touchmove 197 15 0 0 0 dynegy 0
has_dynegy_made_a_specific_request 1581107792670 360 197 touchmove 198 15 0 0 0 dynegy 0
has_dynegy_made_a_specific_request 1581107792675 360 197 touchend 198 15 0 0 0 dynegy 0
has_dynegy_made_a_specific_request 1581107794669 360 197 touchstart 297 137 0 0 0 made 0
has_dynegy_made_a_specific_request 1581107794794 360 197 touchmove 291 135 0 0 0 made 0
has_dynegy_made_a_specific_request 1581107794809 360 197 touchmove 278 133 0 0 0 made 0
has_dynegy_made_a_specific_request 1581107794864 360 197 touchmove 257 130 0 0 0 made 0
has_dynegy_made_a_specific_request 1581107794876 360 197 touchmove 213 124 0 0 0 made 0
has_dynegy_made_a_specific_request 1581107794892 360 197 touchmove 180 122 0 0 0 made 0
has_dynegy_made_a_specific_request 1581107794909 360 197 touchmove 149 118 0 0 0 made 0
has_dynegy_made_a_specific_request 1581107794926 360 197 touchmove 135 115 0 0 0 made 0
has_dynegy_made_a_specific_request 1581107794942 360 197 touchmove 108 109 0 0 0 made 0
has_dynegy_made_a_specific_request 1581107794959 360 197 touchmove 95 105 0 0 0 made 0
has_dynegy_made_a_specific_request 1581107794976 360 197 touchmove 73 97 0 0 0 made 0
has_dynegy_made_a_specific_request 1581107794992 360 197 touchmove 63 93 0 0 0 made 0
has_dynegy_made_a_specific_request 1581107795009 360 197 touchmove 48 86 0 0 0 made 0
has_dynegy_made_a_specific_request 1581107795026 360 197 touchmove 39 80 0 0 0 made 0
has_dynegy_made_a_specific_request 1581107795043 360 197 touchmove 36 79 0 0 0 made 0
has_dynegy_made_a_specific_request 1581107795059 360 197 touchmove 31 76 0 0 0 made 0
has_dynegy_made_a_specific_request 1581107795076 360 197 touchmove 29 75 0 0 0 made 0
has_dynegy_made_a_specific_request 1581107795093 360 197 touchmove 27 74 0 0 0 made 0
has_dynegy_made_a_specific_request 1581107795110 360 197 touchmove 26 74 0 0 0 made 0
has_dynegy_made_a_specific_request 1581107795126 360 197 touchmove 25 74 0 0 0 made 0
has_dynegy_made_a_specific_request 1581107795144 360 197 touchmove 24 74 0 0 0 made 0
has_dynegy_made_a_specific_request 1581107795160 360 197 touchmove 23 74 0 0 0 made 0
has_dynegy_made_a_specific_request 1581107795209 360 197 touchmove 25 75 0 0 0 made 0
has_dynegy_made_a_specific_request 1581107795226 360 197 touchmove 27 75 0 0 0 made 0
has_dynegy_made_a_specific_request 1581107795243 360 197 touchmove 34 77 0 0 0 made 0
has_dynegy_made_a_specific_request 1581107795259 360 197 touchmove 40 78 0 0 0 made 0
has_dynegy_made_a_specific_request 1581107795276 360 197 touchmove 52 80 0 0 0 made 0
has_dynegy_made_a_specific_request 1581107795294 360 197 touchmove 58 81 0 0 0 made 0
has_dynegy_made_a_specific_request 1581107795311 360 197 touchmove 70 83 0 0 0 made 0
has_dynegy_made_a_specific_request 1581107795327 360 197 touchmove 76 84 0 0 0 made 0
has_dynegy_made_a_specific_request 1581107795343 360 197 touchmove 85 86 0 0 0 made 0
has_dynegy_made_a_specific_request 1581107795360 360 197 touchmove 89 86 0 0 0 made 0
has_dynegy_made_a_specific_request 1581107795377 360 197 touchmove 95 87 0 0 0 made 0
has_dynegy_made_a_specific_request 1581107795393 360 197 touchmove 97 87 0 0 0 made 0
has_dynegy_made_a_specific_request 1581107795410 360 197 touchmove 100 87 0 0 0 made 0
has_dynegy_made_a_specific_request 1581107795427 360 197 touchmove 101 87 0 0 0 made 0
has_dynegy_made_a_specific_request 1581107795456 360 197 touchmove 100 86 0 0 0 made 0
has_dynegy_made_a_specific_request 1581107795478 360 197 touchmove 100 85 0 0 0 made 0
has_dynegy_made_a_specific_request 1581107795494 360 197 touchmove 97 80 0 0 0 made 0
has_dynegy_made_a_specific_request 1581107795510 360 197 touchmove 95 77 0 0 0 made 0
has_dynegy_made_a_specific_request 1581107795527 360 197 touchmove 91 70 0 0 0 made 0
has_dynegy_made_a_specific_request 1581107795544 360 197 touchmove 87 64 0 0 0 made 0
has_dynegy_made_a_specific_request 1581107795561 360 197 touchmove 86 61 0 0 0 made 0
has_dynegy_made_a_specific_request 1581107795577 360 197 touchmove 82 56 0 0 0 made 0
has_dynegy_made_a_specific_request 1581107795596 360 197 touchmove 81 54 0 0 0 made 0
has_dynegy_made_a_specific_request 1581107795610 360 197 touchmove 80 51 0 0 0 made 0
has_dynegy_made_a_specific_request 1581107795628 360 197 touchmove 79 50 0 0 0 made 0
has_dynegy_made_a_specific_request 1581107795645 360 197 touchmove 79 49 0 0 0 made 0
has_dynegy_made_a_specific_request 1581107795737 360 197 touchend 79 49 0 0 0 made 0
has_dynegy_made_a_specific_request 1581107796566 360 197 touchstart 30 87 0 0 0 a 0
has_dynegy_made_a_specific_request 1581107796656 360 197 touchend 30 87 0 0 0 a 0
has_dynegy_made_a_specific_request 1581107797355 360 197 touchstart 75 86 0 0 0 specific 0
has_dynegy_made_a_specific_request 1581107797466 360 197 touchmove 84 88 0 0 0 specific 0
has_dynegy_made_a_specific_request 1581107797484 360 197 touchmove 89 89 0 0 0 specific 0
has_dynegy_made_a_specific_request 1581107797499 360 197 touchmove 108 89 0 0 0 specific 0
has_dynegy_made_a_specific_request 1581107797516 360 197 touchmove 121 88 0 0 0 specific 0
has_dynegy_made_a_specific_request 1581107797533 360 197 touchmove 152 86 0 0 0 specific 0
has_dynegy_made_a_specific_request 1581107797549 360 197 touchmove 186 81 0 0 0 specific 0
has_dynegy_made_a_specific_request 1581107797565 360 197 touchmove 207 77 0 0 0 specific 0
has_dynegy_made_a_specific_request 1581107797583 360 197 touchmove 221 74 0 0 0 specific 0
has_dynegy_made_a_specific_request 1581107797602 360 197 touchmove 248 69 0 0 0 specific 0
has_dynegy_made_a_specific_request 1581107797616 360 197 touchmove 273 63 0 0 0 specific 0
has_dynegy_made_a_specific_request 1581107797635 360 197 touchmove 284 60 0 0 0 specific 0
has_dynegy_made_a_specific_request 1581107797649 360 197 touchmove 293 57 0 0 0 specific 0
has_dynegy_made_a_specific_request 1581107797666 360 197 touchmove 307 52 0 0 0 specific 0
has_dynegy_made_a_specific_request 1581107797682 360 197 touchmove 316 48 0 0 0 specific 0
has_dynegy_made_a_specific_request 1581107797699 360 197 touchmove 320 46 0 0 0 specific 0
has_dynegy_made_a_specific_request 1581107797715 360 197 touchmove 326 41 0 0 0 specific 0
has_dynegy_made_a_specific_request 1581107797732 360 197 touchmove 327 41 0 0 0 specific 0
has_dynegy_made_a_specific_request 1581107797749 360 197 touchmove 330 39 0 0 0 specific 0
has_dynegy_made_a_specific_request 1581107797765 360 197 touchmove 332 37 0 0 0 specific 0
has_dynegy_made_a_specific_request 1581107797782 360 197 touchmove 333 36 0 0 0 specific 0
has_dynegy_made_a_specific_request 1581107797799 360 197 touchmove 335 34 0 0 0 specific 0
has_dynegy_made_a_specific_request 1581107797815 360 197 touchmove 335 33 0 0 0 specific 0
has_dynegy_made_a_specific_request 1581107797832 360 197 touchmove 336 32 0 0 0 specific 0
has_dynegy_made_a_specific_request 1581107797850 360 197 touchmove 336 32 0 0 0 specific 0
has_dynegy_made_a_specific_request 1581107797866 360 197 touchmove 337 31 0 0 0 specific 0
has_dynegy_made_a_specific_request 1581107797882 360 197 touchmove 336 30 0 0 0 specific 0
has_dynegy_made_a_specific_request 1581107797900 360 197 touchmove 329 29 0 0 0 specific 0
has_dynegy_made_a_specific_request 1581107797916 360 197 touchmove 303 29 0 0 0 specific 0
has_dynegy_made_a_specific_request 1581107797934 360 197 touchmove 286 30 0 0 0 specific 0
has_dynegy_made_a_specific_request 1581107797949 360 197 touchmove 249 33 0 0 0 specific 0
has_dynegy_made_a_specific_request 1581107797966 360 197 touchmove 231 35 0 0 0 specific 0
has_dynegy_made_a_specific_request 1581107797983 360 197 touchmove 198 37 0 0 0 specific 0
has_dynegy_made_a_specific_request 1581107798001 360 197 touchmove 183 38 0 0 0 specific 0
has_dynegy_made_a_specific_request 1581107798016 360 197 touchmove 158 37 0 0 0 specific 0
has_dynegy_made_a_specific_request 1581107798033 360 197 touchmove 138 35 0 0 0 specific 0
has_dynegy_made_a_specific_request 1581107798050 360 197 touchmove 129 34 0 0 0 specific 0
has_dynegy_made_a_specific_request 1581107798067 360 197 touchmove 114 31 0 0 0 specific 0
has_dynegy_made_a_specific_request 1581107798085 360 197 touchmove 108 30 0 0 0 specific 0
has_dynegy_made_a_specific_request 1581107798100 360 197 touchmove 98 27 0 0 0 specific 0
has_dynegy_made_a_specific_request 1581107798118 360 197 touchmove 95 26 0 0 0 specific 0
has_dynegy_made_a_specific_request 1581107798135 360 197 touchmove 90 25 0 0 0 specific 0
has_dynegy_made_a_specific_request 1581107798150 360 197 touchmove 89 24 0 0 0 specific 0
has_dynegy_made_a_specific_request 1581107798167 360 197 touchmove 88 24 0 0 0 specific 0
has_dynegy_made_a_specific_request 1581107798195 360 197 touchmove 88 24 0 0 0 specific 0
has_dynegy_made_a_specific_request 1581107798217 360 197 touchmove 89 27 0 0 0 specific 0
has_dynegy_made_a_specific_request 1581107798235 360 197 touchmove 91 30 0 0 0 specific 0
has_dynegy_made_a_specific_request 1581107798252 360 197 touchmove 100 41 0 0 0 specific 0
has_dynegy_made_a_specific_request 1581107798270 360 197 touchmove 106 47 0 0 0 specific 0
has_dynegy_made_a_specific_request 1581107798284 360 197 touchmove 118 62 0 0 0 specific 0
has_dynegy_made_a_specific_request 1581107798301 360 197 touchmove 124 69 0 0 0 specific 0
has_dynegy_made_a_specific_request 1581107798317 360 197 touchmove 132 85 0 0 0 specific 0
has_dynegy_made_a_specific_request 1581107798335 360 197 touchmove 141 104 0 0 0 specific 0
has_dynegy_made_a_specific_request 1581107798350 360 197 touchmove 142 107 0 0 0 specific 0
has_dynegy_made_a_specific_request 1581107798366 360 197 touchmove 144 113 0 0 0 specific 0
has_dynegy_made_a_specific_request 1581107798384 360 197 touchmove 146 116 0 0 0 specific 0
has_dynegy_made_a_specific_request 1581107798400 360 197 touchmove 149 121 0 0 0 specific 0
has_dynegy_made_a_specific_request 1581107798418 360 197 touchmove 150 123 0 0 0 specific 0
has_dynegy_made_a_specific_request 1581107798434 360 197 touchmove 151 127 0 0 0 specific 0
has_dynegy_made_a_specific_request 1581107798463 360 197 touchmove 152 129 0 0 0 specific 0
has_dynegy_made_a_specific_request 1581107798485 360 197 touchmove 153 133 0 0 0 specific 0
has_dynegy_made_a_specific_request 1581107798504 360 197 touchmove 154 134 0 0 0 specific 0
has_dynegy_made_a_specific_request 1581107798518 360 197 touchmove 154 135 0 0 0 specific 0
has_dynegy_made_a_specific_request 1581107798601 360 197 touchmove 154 135 0 0 0 specific 0
has_dynegy_made_a_specific_request 1581107798617 360 197 touchmove 156 134 0 0 0 specific 0
has_dynegy_made_a_specific_request 1581107798636 360 197 touchmove 160 130 0 0 0 specific 0
has_dynegy_made_a_specific_request 1581107798652 360 197 touchmove 173 117 0 0 0 specific 0
has_dynegy_made_a_specific_request 1581107798668 360 197 touchmove 191 100 0 0 0 specific 0
has_dynegy_made_a_specific_request 1581107798685 360 197 touchmove 201 91 0 0 0 specific 0
has_dynegy_made_a_specific_request 1581107798701 360 197 touchmove 218 76 0 0 0 specific 0
has_dynegy_made_a_specific_request 1581107798718 360 197 touchmove 225 70 0 0 0 specific 0
has_dynegy_made_a_specific_request 1581107798735 360 197 touchmove 234 61 0 0 0 specific 0
has_dynegy_made_a_specific_request 1581107798753 360 197 touchmove 238 57 0 0 0 specific 0
has_dynegy_made_a_specific_request 1581107798769 360 197 touchmove 244 51 0 0 0 specific 0
has_dynegy_made_a_specific_request 1581107798785 360 197 touchmove 247 48 0 0 0 specific 0
has_dynegy_made_a_specific_request 1581107798802 360 197 touchmove 256 42 0 0 0 specific 0
has_dynegy_made_a_specific_request 1581107798818 360 197 touchmove 263 37 0 0 0 specific 0
has_dynegy_made_a_specific_request 1581107798835 360 197 touchmove 266 35 0 0 0 specific 0
has_dynegy_made_a_specific_request 1581107798853 360 197 touchmove 270 32 0 0 0 specific 0
has_dynegy_made_a_specific_request 1581107798870 360 197 touchmove 271 31 0 0 0 specific 0
has_dynegy_made_a_specific_request 1581107798886 360 197 touchmove 272 30 0 0 0 specific 0
has_dynegy_made_a_specific_request 1581107798915 360 197 touchmove 272 30 0 0 0 specific 0
has_dynegy_made_a_specific_request 1581107798935 360 197 touchmove 260 34 0 0 0 specific 0
has_dynegy_made_a_specific_request 1581107798953 360 197 touchmove 247 39 0 0 0 specific 0
has_dynegy_made_a_specific_request 1581107798969 360 197 touchmove 219 52 0 0 0 specific 0
has_dynegy_made_a_specific_request 1581107798986 360 197 touchmove 206 58 0 0 0 specific 0
has_dynegy_made_a_specific_request 1581107799004 360 197 touchmove 184 70 0 0 0 specific 0
has_dynegy_made_a_specific_request 1581107799023 360 197 touchmove 177 75 0 0 0 specific 0
has_dynegy_made_a_specific_request 1581107799035 360 197 touchmove 164 81 0 0 0 specific 0
has_dynegy_made_a_specific_request 1581107799053 360 197 touchmove 157 85 0 0 0 specific 0
has_dynegy_made_a_specific_request 1581107799068 360 197 touchmove 156 86 0 0 0 specific 0
has_dynegy_made_a_specific_request 1581107799085 360 197 touchmove 154 86 0 0 0 specific 0
has_dynegy_made_a_specific_request 1581107799103 360 197 touchmove 153 86 0 0 0 specific 0
has_dynegy_made_a_specific_request 1581107799119 360 197 touchmove 153 86 0 0 0 specific 0
has_dynegy_made_a_specific_request 1581107799186 360 197 touchmove 153 86 0 0 0 specific 0
has_dynegy_made_a_specific_request 1581107799204 360 197 touchmove 154 86 0 0 0 specific 0
has_dynegy_made_a_specific_request 1581107799224 360 197 touchmove 159 87 0 0 0 specific 0
has_dynegy_made_a_specific_request 1581107799237 360 197 touchmove 164 87 0 0 0 specific 0
has_dynegy_made_a_specific_request 1581107799253 360 197 touchmove 187 83 0 0 0 specific 0
has_dynegy_made_a_specific_request 1581107799269 360 197 touchmove 209 77 0 0 0 specific 0
has_dynegy_made_a_specific_request 1581107799287 360 197 touchmove 220 73 0 0 0 specific 0
has_dynegy_made_a_specific_request 1581107799304 360 197 touchmove 238 66 0 0 0 specific 0
has_dynegy_made_a_specific_request 1581107799320 360 197 touchmove 245 62 0 0 0 specific 0
has_dynegy_made_a_specific_request 1581107799338 360 197 touchmove 256 56 0 0 0 specific 0
has_dynegy_made_a_specific_request 1581107799355 360 197 touchmove 260 53 0 0 0 specific 0
has_dynegy_made_a_specific_request 1581107799370 360 197 touchmove 267 49 0 0 0 specific 0
has_dynegy_made_a_specific_request 1581107799388 360 197 touchmove 272 46 0 0 0 specific 0
has_dynegy_made_a_specific_request 1581107799404 360 197 touchmove 273 45 0 0 0 specific 0
has_dynegy_made_a_specific_request 1581107799421 360 197 touchmove 273 43 0 0 0 specific 0
has_dynegy_made_a_specific_request 1581107799487 360 197 touchmove 273 43 0 0 0 specific 0
has_dynegy_made_a_specific_request 1581107799507 360 197 touchmove 273 43 0 0 0 specific 0
has_dynegy_made_a_specific_request 1581107799528 360 197 touchmove 272 43 0 0 0 specific 0
has_dynegy_made_a_specific_request 1581107799539 360 197 touchmove 271 43 0 0 0 specific 0
has_dynegy_made_a_specific_request 1581107799555 360 197 touchmove 270 43 0 0 0 specific 0
has_dynegy_made_a_specific_request 1581107799571 360 197 touchmove 262 45 0 0 0 specific 0
has_dynegy_made_a_specific_request 1581107799588 360 197 touchmove 253 48 0 0 0 specific 0
has_dynegy_made_a_specific_request 1581107799606 360 197 touchmove 234 57 0 0 0 specific 0
has_dynegy_made_a_specific_request 1581107799621 360 197 touchmove 223 63 0 0 0 specific 0
has_dynegy_made_a_specific_request 1581107799638 360 197 touchmove 195 82 0 0 0 specific 0
has_dynegy_made_a_specific_request 1581107799656 360 197 touchmove 182 94 0 0 0 specific 0
has_dynegy_made_a_specific_request 1581107799672 360 197 touchmove 175 101 0 0 0 specific 0
has_dynegy_made_a_specific_request 1581107799688 360 197 touchmove 163 112 0 0 0 specific 0
has_dynegy_made_a_specific_request 1581107799706 360 197 touchmove 159 117 0 0 0 specific 0
has_dynegy_made_a_specific_request 1581107799720 360 197 touchmove 153 125 0 0 0 specific 0
has_dynegy_made_a_specific_request 1581107799737 360 197 touchmove 151 128 0 0 0 specific 0
has_dynegy_made_a_specific_request 1581107799754 360 197 touchmove 149 133 0 0 0 specific 0
has_dynegy_made_a_specific_request 1581107799772 360 197 touchmove 149 135 0 0 0 specific 0
has_dynegy_made_a_specific_request 1581107799789 360 197 touchmove 147 139 0 0 0 specific 0
has_dynegy_made_a_specific_request 1581107799806 360 197 touchmove 147 141 0 0 0 specific 0
has_dynegy_made_a_specific_request 1581107799823 360 197 touchmove 147 144 0 0 0 specific 0
has_dynegy_made_a_specific_request 1581107799839 360 197 touchmove 147 145 0 0 0 specific 0
has_dynegy_made_a_specific_request 1581107799860 360 197 touchmove 148 145 0 0 0 specific 0
has_dynegy_made_a_specific_request 1581107799880 360 197 touchend 148 145 0 0 0 specific 0
has_dynegy_made_a_specific_request 1581107802966 360 197 touchstart 141 39 0 0 0 request 0
has_dynegy_made_a_specific_request 1581107803048 360 197 touchmove 137 39 0 0 0 request 0
has_dynegy_made_a_specific_request 1581107803069 360 197 touchmove 130 38 0 0 0 request 0
has_dynegy_made_a_specific_request 1581107803082 360 197 touchmove 122 35 0 0 0 request 0
has_dynegy_made_a_specific_request 1581107803097 360 197 touchmove 119 35 0 0 0 request 0
has_dynegy_made_a_specific_request 1581107803112 360 197 touchmove 108 32 0 0 0 request 0
has_dynegy_made_a_specific_request 1581107803129 360 197 touchmove 102 30 0 0 0 request 0
has_dynegy_made_a_specific_request 1581107803148 360 197 touchmove 94 27 0 0 0 request 0
has_dynegy_made_a_specific_request 1581107803164 360 197 touchmove 90 27 0 0 0 request 0
has_dynegy_made_a_specific_request 1581107803179 360 197 touchmove 87 26 0 0 0 request 0
has_dynegy_made_a_specific_request 1581107803197 360 197 touchmove 86 26 0 0 0 request 0
has_dynegy_made_a_specific_request 1581107803213 360 197 touchmove 87 26 0 0 0 request 0
has_dynegy_made_a_specific_request 1581107803231 360 197 touchmove 89 27 0 0 0 request 0
has_dynegy_made_a_specific_request 1581107803247 360 197 touchmove 90 29 0 0 0 request 0
has_dynegy_made_a_specific_request 1581107803265 360 197 touchmove 93 33 0 0 0 request 0
has_dynegy_made_a_specific_request 1581107803281 360 197 touchmove 94 35 0 0 0 request 0
has_dynegy_made_a_specific_request 1581107803297 360 197 touchmove 97 39 0 0 0 request 0
has_dynegy_made_a_specific_request 1581107803314 360 197 touchmove 97 41 0 0 0 request 0
has_dynegy_made_a_specific_request 1581107803330 360 197 touchmove 98 46 0 0 0 request 0
has_dynegy_made_a_specific_request 1581107803347 360 197 touchmove 97 47 0 0 0 request 0
has_dynegy_made_a_specific_request 1581107803363 360 197 touchmove 91 48 0 0 0 request 0
has_dynegy_made_a_specific_request 1581107803381 360 197 touchmove 82 48 0 0 0 request 0
has_dynegy_made_a_specific_request 1581107803397 360 197 touchmove 75 46 0 0 0 request 0
has_dynegy_made_a_specific_request 1581107803414 360 197 touchmove 67 45 0 0 0 request 0
has_dynegy_made_a_specific_request 1581107803430 360 197 touchmove 62 44 0 0 0 request 0
has_dynegy_made_a_specific_request 1581107803447 360 197 touchmove 54 41 0 0 0 request 0
has_dynegy_made_a_specific_request 1581107803465 360 197 touchmove 51 40 0 0 0 request 0
has_dynegy_made_a_specific_request 1581107803480 360 197 touchmove 45 38 0 0 0 request 0
has_dynegy_made_a_specific_request 1581107803497 360 197 touchmove 43 36 0 0 0 request 0
has_dynegy_made_a_specific_request 1581107803514 360 197 touchmove 39 35 0 0 0 request 0
has_dynegy_made_a_specific_request 1581107803532 360 197 touchmove 38 34 0 0 0 request 0
has_dynegy_made_a_specific_request 1581107803547 360 197 touchmove 37 33 0 0 0 request 0
has_dynegy_made_a_specific_request 1581107803564 360 197 touchmove 36 33 0 0 0 request 0
has_dynegy_made_a_specific_request 1581107803586 360 197 touchmove 36 33 0 0 0 request 0
has_dynegy_made_a_specific_request 1581107803599 360 197 touchmove 37 34 0 0 0 request 0
has_dynegy_made_a_specific_request 1581107803614 360 197 touchmove 39 35 0 0 0 request 0
has_dynegy_made_a_specific_request 1581107803630 360 197 touchmove 52 42 0 0 0 request 0
has_dynegy_made_a_specific_request 1581107803647 360 197 touchmove 57 44 0 0 0 request 0
has_dynegy_made_a_specific_request 1581107803664 360 197 touchmove 79 52 0 0 0 request 0
has_dynegy_made_a_specific_request 1581107803681 360 197 touchmove 102 58 0 0 0 request 0
has_dynegy_made_a_specific_request 1581107803698 360 197 touchmove 110 59 0 0 0 request 0
has_dynegy_made_a_specific_request 1581107803714 360 197 touchmove 129 62 0 0 0 request 0
has_dynegy_made_a_specific_request 1581107803732 360 197 touchmove 139 63 0 0 0 request 0
has_dynegy_made_a_specific_request 1581107803747 360 197 touchmove 157 65 0 0 0 request 0
has_dynegy_made_a_specific_request 1581107803765 360 197 touchmove 164 66 0 0 0 request 0
has_dynegy_made_a_specific_request 1581107803781 360 197 touchmove 179 67 0 0 0 request 0
has_dynegy_made_a_specific_request 1581107803799 360 197 touchmove 187 65 0 0 0 request 0
has_dynegy_made_a_specific_request 1581107803814 360 197 touchmove 192 64 0 0 0 request 0
has_dynegy_made_a_specific_request 1581107803832 360 197 touchmove 206 58 0 0 0 request 0
has_dynegy_made_a_specific_request 1581107803849 360 197 touchmove 211 54 0 0 0 request 0
has_dynegy_made_a_specific_request 1581107803865 360 197 touchmove 216 49 0 0 0 request 0
has_dynegy_made_a_specific_request 1581107803883 360 197 touchmove 217 49 0 0 0 request 0
has_dynegy_made_a_specific_request 1581107803897 360 197 touchmove 220 45 0 0 0 request 0
has_dynegy_made_a_specific_request 1581107803914 360 197 touchmove 221 43 0 0 0 request 0
has_dynegy_made_a_specific_request 1581107803931 360 197 touchmove 225 38 0 0 0 request 0
has_dynegy_made_a_specific_request 1581107803949 360 197 touchmove 226 36 0 0 0 request 0
has_dynegy_made_a_specific_request 1581107803965 360 197 touchmove 227 33 0 0 0 request 0
has_dynegy_made_a_specific_request 1581107803982 360 197 touchmove 227 32 0 0 0 request 0
has_dynegy_made_a_specific_request 1581107803999 360 197 touchmove 227 32 0 0 0 request 0
has_dynegy_made_a_specific_request 1581107804014 360 197 touchmove 225 33 0 0 0 request 0
has_dynegy_made_a_specific_request 1581107804033 360 197 touchmove 221 33 0 0 0 request 0
has_dynegy_made_a_specific_request 1581107804048 360 197 touchmove 208 37 0 0 0 request 0
has_dynegy_made_a_specific_request 1581107804067 360 197 touchmove 182 41 0 0 0 request 0
has_dynegy_made_a_specific_request 1581107804082 360 197 touchmove 176 42 0 0 0 request 0
has_dynegy_made_a_specific_request 1581107804100 360 197 touchmove 162 42 0 0 0 request 0
has_dynegy_made_a_specific_request 1581107804115 360 197 touchmove 153 41 0 0 0 request 0
has_dynegy_made_a_specific_request 1581107804133 360 197 touchmove 134 40 0 0 0 request 0
has_dynegy_made_a_specific_request 1581107804149 360 197 touchmove 125 38 0 0 0 request 0
has_dynegy_made_a_specific_request 1581107804165 360 197 touchmove 105 33 0 0 0 request 0
has_dynegy_made_a_specific_request 1581107804184 360 197 touchmove 97 30 0 0 0 request 0
has_dynegy_made_a_specific_request 1581107804198 360 197 touchmove 90 27 0 0 0 request 0
has_dynegy_made_a_specific_request 1581107804216 360 197 touchmove 88 26 0 0 0 request 0
has_dynegy_made_a_specific_request 1581107804232 360 197 touchmove 86 25 0 0 0 request 0
has_dynegy_made_a_specific_request 1581107804299 360 197 touchmove 86 26 0 0 0 request 0
has_dynegy_made_a_specific_request 1581107804317 360 197 touchmove 86 28 0 0 0 request 0
has_dynegy_made_a_specific_request 1581107804337 360 197 touchmove 86 30 0 0 0 request 0
has_dynegy_made_a_specific_request 1581107804350 360 197 touchmove 86 40 0 0 0 request 0
has_dynegy_made_a_specific_request 1581107804366 360 197 touchmove 86 44 0 0 0 request 0
has_dynegy_made_a_specific_request 1581107804384 360 197 touchmove 85 49 0 0 0 request 0
has_dynegy_made_a_specific_request 1581107804400 360 197 touchmove 84 51 0 0 0 request 0
has_dynegy_made_a_specific_request 1581107804415 360 197 touchmove 81 60 0 0 0 request 0
has_dynegy_made_a_specific_request 1581107804433 360 197 touchmove 77 68 0 0 0 request 0
has_dynegy_made_a_specific_request 1581107804451 360 197 touchmove 74 76 0 0 0 request 0
has_dynegy_made_a_specific_request 1581107804466 360 197 touchmove 73 80 0 0 0 request 0
has_dynegy_made_a_specific_request 1581107804483 360 197 touchmove 72 82 0 0 0 request 0
has_dynegy_made_a_specific_request 1581107804499 360 197 touchmove 72 83 0 0 0 request 0
has_dynegy_made_a_specific_request 1581107804516 360 197 touchmove 73 83 0 0 0 request 0
has_dynegy_made_a_specific_request 1581107804533 360 197 touchmove 77 83 0 0 0 request 0
has_dynegy_made_a_specific_request 1581107804552 360 197 touchmove 89 77 0 0 0 request 0
has_dynegy_made_a_specific_request 1581107804566 360 197 touchmove 109 67 0 0 0 request 0
has_dynegy_made_a_specific_request 1581107804583 360 197 touchmove 116 63 0 0 0 request 0
has_dynegy_made_a_specific_request 1581107804600 360 197 touchmove 130 52 0 0 0 request 0
has_dynegy_made_a_specific_request 1581107804616 360 197 touchmove 137 46 0 0 0 request 0
has_dynegy_made_a_specific_request 1581107804636 360 197 touchmove 140 43 0 0 0 request 0
has_dynegy_made_a_specific_request 1581107804650 360 197 touchmove 147 34 0 0 0 request 0
has_dynegy_made_a_specific_request 1581107804670 360 197 touchmove 148 32 0 0 0 request 0
has_dynegy_made_a_specific_request 1581107804684 360 197 touchmove 149 31 0 0 0 request 0
has_dynegy_made_a_specific_request 1581107804699 360 197 touchmove 150 31 0 0 0 request 0
has_dynegy_made_a_specific_request 1581107804723 360 197 touchend 150 31 0 0 0 request 0
