sentence timestamp keyb_width keyb_height event x_pos y_pos x_radius y_radius angle word is_err
what_is_this 1583281986028 360 198 touchstart 50 6 0 0 0 what 0
what_is_this 1583281986229 360 198 touchmove 46 35 0 0 0 what 0
what_is_this 1583281986247 360 198 touchmove 46 39 0 0 0 what 0
what_is_this 1583281986264 360 198 touchmove 46 47 0 0 0 what 0
what_is_this 1583281986281 360 198 touchmove 47 51 0 0 0 what 0
what_is_this 1583281986298 360 198 touchmove 47 55 0 0 0 what 0
what_is_this 1583281986313 360 198 touchmove 48 61 0 0 0 what 0
what_is_this 1583281986331 360 198 touchmove 51 66 0 0 0 what 0
what_is_this 1583281986346 360 198 touchmove 52 68 0 0 0 what 0
what_is_this 1583281986363 360 198 touchmove 53 70 0 0 0 what 0
what_is_this 1583281986380 360 198 touchmove 58 76 0 0 0 what 0
what_is_this 1583281986396 360 198 touchmove 61 79 0 0 0 what 0
what_is_this 1583281986412 360 198 touchmove 66 84 0 0 0 what 0
what_is_this 1583281986430 360 198 touchmove 69 86 0 0 0 what 0
what_is_this 1583281986448 360 198 touchmove 77 91 0 0 0 what 0
what_is_this 1583281986462 360 198 touchmove 82 94 0 0 0 what 0
what_is_this 1583281986480 360 198 touchmove 94 97 0 0 0 what 0
what_is_this 1583281986497 360 198 touchmove 100 99 0 0 0 what 0
what_is_this 1583281986513 360 198 touchmove 110 102 0 0 0 what 0
what_is_this 1583281986530 360 198 touchmove 113 103 0 0 0 what 0
what_is_this 1583281986545 360 198 touchmove 120 106 0 0 0 what 0
what_is_this 1583281986563 360 198 touchmove 123 107 0 0 0 what 0
what_is_this 1583281986579 360 198 touchmove 130 111 0 0 0 what 0
what_is_this 1583281986596 360 198 touchmove 134 113 0 0 0 what 0
what_is_this 1583281986613 360 198 touchmove 141 114 0 0 0 what 0
what_is_this 1583281986629 360 198 touchmove 146 115 0 0 0 what 0
what_is_this 1583281986647 360 198 touchmove 153 116 0 0 0 what 0
what_is_this 1583281986663 360 198 touchmove 156 117 0 0 0 what 0
what_is_this 1583281986679 360 198 touchmove 160 118 0 0 0 what 0
what_is_this 1583281986697 360 198 touchmove 162 119 0 0 0 what 0
what_is_this 1583281986713 360 198 touchmove 164 120 0 0 0 what 0
what_is_this 1583281986731 360 198 touchmove 168 120 0 0 0 what 0
what_is_this 1583281986746 360 198 touchmove 170 121 0 0 0 what 0
what_is_this 1583281986763 360 198 touchmove 175 122 0 0 0 what 0
what_is_this 1583281986780 360 198 touchmove 177 122 0 0 0 what 0
what_is_this 1583281986797 360 198 touchmove 180 123 0 0 0 what 0
what_is_this 1583281986814 360 198 touchmove 183 123 0 0 0 what 0
what_is_this 1583281986830 360 198 touchmove 184 123 0 0 0 what 0
what_is_this 1583281986846 360 198 touchmove 185 123 0 0 0 what 0
what_is_this 1583281986863 360 198 touchmove 188 124 0 0 0 what 0
what_is_this 1583281986881 360 198 touchmove 192 125 0 0 0 what 0
what_is_this 1583281986897 360 198 touchmove 193 125 0 0 0 what 0
what_is_this 1583281986917 360 198 touchmove 194 125 0 0 0 what 0
what_is_this 1583281986932 360 198 touchmove 197 125 0 0 0 what 0
what_is_this 1583281986947 360 198 touchmove 198 125 0 0 0 what 0
what_is_this 1583281986963 360 198 touchmove 200 126 0 0 0 what 0
what_is_this 1583281986980 360 198 touchmove 200 126 0 0 0 what 0
what_is_this 1583281986997 360 198 touchmove 202 127 0 0 0 what 0
what_is_this 1583281987014 360 198 touchmove 202 127 0 0 0 what 0
what_is_this 1583281987033 360 198 touchmove 203 127 0 0 0 what 0
what_is_this 1583281987048 360 198 touchmove 203 127 0 0 0 what 0
what_is_this 1583281987066 360 198 touchmove 204 127 0 0 0 what 0
what_is_this 1583281987080 360 198 touchmove 205 127 0 0 0 what 0
what_is_this 1583281987096 360 198 touchmove 207 127 0 0 0 what 0
what_is_this 1583281987113 360 198 touchmove 207 127 0 0 0 what 0
what_is_this 1583281987132 360 198 touchmove 208 127 0 0 0 what 0
what_is_this 1583281987147 360 198 touchmove 208 127 0 0 0 what 0
what_is_this 1583281987163 360 198 touchmove 210 126 0 0 0 what 0
what_is_this 1583281987179 360 198 touchmove 210 125 0 0 0 what 0
what_is_this 1583281987195 360 198 touchmove 211 125 0 0 0 what 0
what_is_this 1583281987213 360 198 touchmove 212 124 0 0 0 what 0
what_is_this 1583281987229 360 198 touchmove 213 124 0 0 0 what 0
what_is_this 1583281987247 360 198 touchmove 214 123 0 0 0 what 0
what_is_this 1583281987262 360 198 touchmove 216 121 0 0 0 what 0
what_is_this 1583281987282 360 198 touchmove 217 119 0 0 0 what 0
what_is_this 1583281987296 360 198 touchmove 220 117 0 0 0 what 0
what_is_this 1583281987313 360 198 touchmove 221 115 0 0 0 what 0
what_is_this 1583281987330 360 198 touchmove 225 110 0 0 0 what 0
what_is_this 1583281987346 360 198 touchmove 227 108 0 0 0 what 0
what_is_this 1583281987363 360 198 touchmove 230 104 0 0 0 what 0
what_is_this 1583281987382 360 198 touchmove 231 102 0 0 0 what 0
what_is_this 1583281987396 360 198 touchmove 233 100 0 0 0 what 0
what_is_this 1583281987413 360 198 touchmove 235 98 0 0 0 what 0
what_is_this 1583281987431 360 198 touchmove 238 95 0 0 0 what 0
what_is_this 1583281987446 360 198 touchmove 239 93 0 0 0 what 0
what_is_this 1583281987465 360 198 touchmove 241 89 0 0 0 what 0
what_is_this 1583281987481 360 198 touchmove 242 87 0 0 0 what 0
what_is_this 1583281987498 360 198 touchmove 244 84 0 0 0 what 0
what_is_this 1583281987513 360 198 touchmove 245 82 0 0 0 what 0
what_is_this 1583281987529 360 198 touchmove 246 80 0 0 0 what 0
what_is_this 1583281987546 360 198 touchmove 248 76 0 0 0 what 0
what_is_this 1583281987563 360 198 touchmove 248 74 0 0 0 what 0
what_is_this 1583281987580 360 198 touchmove 249 72 0 0 0 what 0
what_is_this 1583281987597 360 198 touchmove 249 71 0 0 0 what 0
what_is_this 1583281987614 360 198 touchmove 249 69 0 0 0 what 0
what_is_this 1583281987632 360 198 touchmove 249 68 0 0 0 what 0
what_is_this 1583281987646 360 198 touchmove 249 66 0 0 0 what 0
what_is_this 1583281987663 360 198 touchmove 249 66 0 0 0 what 0
what_is_this 1583281987681 360 198 touchmove 249 65 0 0 0 what 0
what_is_this 1583281987696 360 198 touchmove 249 64 0 0 0 what 0
what_is_this 1583281987714 360 198 touchmove 249 63 0 0 0 what 0
what_is_this 1583281987730 360 198 touchmove 249 63 0 0 0 what 0
what_is_this 1583281987746 360 198 touchmove 249 61 0 0 0 what 0
what_is_this 1583281987763 360 198 touchmove 249 59 0 0 0 what 0
what_is_this 1583281987779 360 198 touchmove 249 56 0 0 0 what 0
what_is_this 1583281987796 360 198 touchmove 248 54 0 0 0 what 0
what_is_this 1583281987812 360 198 touchmove 248 52 0 0 0 what 0
what_is_this 1583281987832 360 198 touchmove 248 51 0 0 0 what 0
what_is_this 1583281987846 360 198 touchmove 247 48 0 0 0 what 0
what_is_this 1583281987863 360 198 touchmove 247 46 0 0 0 what 0
what_is_this 1583281987879 360 198 touchmove 247 43 0 0 0 what 0
what_is_this 1583281987896 360 198 touchmove 247 41 0 0 0 what 0
what_is_this 1583281987912 360 198 touchmove 247 39 0 0 0 what 0
what_is_this 1583281987929 360 198 touchmove 247 38 0 0 0 what 0
what_is_this 1583281987947 360 198 touchmove 247 36 0 0 0 what 0
what_is_this 1583281987963 360 198 touchmove 246 34 0 0 0 what 0
what_is_this 1583281987979 360 198 touchmove 246 31 0 0 0 what 0
what_is_this 1583281987996 360 198 touchmove 245 29 0 0 0 what 0
what_is_this 1583281988011 360 198 touchmove 245 27 0 0 0 what 0
what_is_this 1583281988033 360 198 touchmove 244 25 0 0 0 what 0
what_is_this 1583281988046 360 198 touchmove 244 24 0 0 0 what 0
what_is_this 1583281988063 360 198 touchmove 244 23 0 0 0 what 0
what_is_this 1583281988081 360 198 touchmove 243 21 0 0 0 what 0
what_is_this 1583281988095 360 198 touchmove 243 19 0 0 0 what 0
what_is_this 1583281988114 360 198 touchmove 243 18 0 0 0 what 0
what_is_this 1583281988129 360 198 touchmove 241 15 0 0 0 what 0
what_is_this 1583281988145 360 198 touchmove 241 14 0 0 0 what 0
what_is_this 1583281988162 360 198 touchmove 240 12 0 0 0 what 0
what_is_this 1583281988182 360 198 touchmove 240 11 0 0 0 what 0
what_is_this 1583281988197 360 198 touchmove 238 9 0 0 0 what 0
what_is_this 1583281988214 360 198 touchmove 237 7 0 0 0 what 0
what_is_this 1583281988236 360 198 touchmove 234 4 0 0 0 what 0
what_is_this 1583281988262 360 198 touchmove 231 -1 0 0 0 what 0
what_is_this 1583281988279 360 198 touchmove 230 -3 0 0 0 what 0
what_is_this 1583281988302 360 198 touchmove 228 -7 0 0 0 what 0
what_is_this 1583281988317 360 198 touchmove 227 -9 0 0 0 what 0
what_is_this 1583281988333 360 198 touchmove 225 -15 0 0 0 what 0
what_is_this 1583281988351 360 198 touchmove 224 -18 0 0 0 what 0
what_is_this 1583281988366 360 198 touchmove 223 -22 0 0 0 what 0
what_is_this 1583281988380 360 198 touchmove 222 -24 0 0 0 what 0
what_is_this 1583281988396 360 198 touchmove 221 -27 0 0 0 what 0
what_is_this 1583281988413 360 198 touchmove 220 -28 0 0 0 what 0
what_is_this 1583281988430 360 198 touchmove 218 -30 0 0 0 what 0
what_is_this 1583281988446 360 198 touchmove 216 -31 0 0 0 what 0
what_is_this 1583281988463 360 198 touchmove 210 -32 0 0 0 what 0
what_is_this 1583281988479 360 198 touchmove 205 -32 0 0 0 what 0
what_is_this 1583281988497 360 198 touchmove 193 -29 0 0 0 what 0
what_is_this 1583281988512 360 198 touchmove 185 -26 0 0 0 what 0
what_is_this 1583281988529 360 198 touchmove 170 -17 0 0 0 what 0
what_is_this 1583281988545 360 198 touchmove 162 -11 0 0 0 what 0
what_is_this 1583281988562 360 198 touchmove 148 3 0 0 0 what 0
what_is_this 1583281988579 360 198 touchmove 143 8 0 0 0 what 0
what_is_this 1583281988596 360 198 touchmove 135 22 0 0 0 what 0
what_is_this 1583281988612 360 198 touchmove 131 27 0 0 0 what 0
what_is_this 1583281988629 360 198 touchmove 129 32 0 0 0 what 0
what_is_this 1583281988645 360 198 touchmove 124 40 0 0 0 what 0
what_is_this 1583281988666 360 198 touchmove 121 48 0 0 0 what 0
what_is_this 1583281988684 360 198 touchmove 120 52 0 0 0 what 0
what_is_this 1583281988698 360 198 touchmove 119 57 0 0 0 what 0
what_is_this 1583281988714 360 198 touchmove 119 62 0 0 0 what 0
what_is_this 1583281988730 360 198 touchmove 121 70 0 0 0 what 0
what_is_this 1583281988747 360 198 touchmove 123 76 0 0 0 what 0
what_is_this 1583281988762 360 198 touchmove 124 79 0 0 0 what 0
what_is_this 1583281988780 360 198 touchmove 127 84 0 0 0 what 0
what_is_this 1583281988797 360 198 touchmove 128 87 0 0 0 what 0
what_is_this 1583281988814 360 198 touchmove 132 93 0 0 0 what 0
what_is_this 1583281988829 360 198 touchmove 134 96 0 0 0 what 0
what_is_this 1583281988848 360 198 touchmove 137 101 0 0 0 what 0
what_is_this 1583281988862 360 198 touchmove 140 103 0 0 0 what 0
what_is_this 1583281988881 360 198 touchmove 146 109 0 0 0 what 0
what_is_this 1583281988897 360 198 touchmove 149 111 0 0 0 what 0
what_is_this 1583281988912 360 198 touchmove 156 114 0 0 0 what 0
what_is_this 1583281988929 360 198 touchmove 159 115 0 0 0 what 0
what_is_this 1583281988947 360 198 touchmove 162 116 0 0 0 what 0
what_is_this 1583281988963 360 198 touchmove 170 116 0 0 0 what 0
what_is_this 1583281988980 360 198 touchmove 174 116 0 0 0 what 0
what_is_this 1583281988998 360 198 touchmove 180 116 0 0 0 what 0
what_is_this 1583281989015 360 198 touchmove 186 114 0 0 0 what 0
what_is_this 1583281989030 360 198 touchmove 189 113 0 0 0 what 0
what_is_this 1583281989046 360 198 touchmove 192 112 0 0 0 what 0
what_is_this 1583281989063 360 198 touchmove 193 112 0 0 0 what 0
what_is_this 1583281989080 360 198 touchmove 195 111 0 0 0 what 0
what_is_this 1583281989096 360 198 touchmove 195 111 0 0 0 what 0
what_is_this 1583281989115 360 198 touchmove 197 109 0 0 0 what 0
what_is_this 1583281989174 360 198 touchmove 198 108 0 0 0 what 0
what_is_this 1583281989196 360 198 touchmove 205 101 0 0 0 what 0
what_is_this 1583281989213 360 198 touchmove 206 99 0 0 0 what 0
what_is_this 1583281989230 360 198 touchmove 207 95 0 0 0 what 0
what_is_this 1583281989246 360 198 touchmove 208 94 0 0 0 what 0
what_is_this 1583281989264 360 198 touchmove 208 91 0 0 0 what 0
what_is_this 1583281989279 360 198 touchmove 208 90 0 0 0 what 0
what_is_this 1583281989296 360 198 touchmove 208 89 0 0 0 what 0
what_is_this 1583281989312 360 198 touchmove 208 89 0 0 0 what 0
what_is_this 1583281989329 360 198 touchmove 208 88 0 0 0 what 0
what_is_this 1583281989346 360 198 touchmove 208 88 0 0 0 what 0
what_is_this 1583281989528 360 198 touchmove 208 88 0 0 0 what 0
what_is_this 1583281989696 360 198 touchmove 207 88 0 0 0 what 0
what_is_this 1583281989762 360 198 touchmove 207 88 0 0 0 what 0
what_is_this 1583281989783 360 198 touchmove 207 88 0 0 0 what 0
what_is_this 1583281989801 360 198 touchmove 206 88 0 0 0 what 0
what_is_this 1583281989816 360 198 touchmove 206 88 0 0 0 what 0
what_is_this 1583281989833 360 198 touchmove 205 88 0 0 0 what 0
what_is_this 1583281989853 360 198 touchmove 205 88 0 0 0 what 0
what_is_this 1583281989945 360 198 touchmove 205 88 0 0 0 what 0
what_is_this 1583281990001 360 198 touchmove 204 88 0 0 0 what 0
what_is_this 1583281990023 360 198 touchmove 204 88 0 0 0 what 0
what_is_this 1583281990129 360 198 touchmove 204 88 0 0 0 what 0
what_is_this 1583281990164 360 198 touchmove 203 88 0 0 0 what 0
what_is_this 1583281990181 360 198 touchmove 203 88 0 0 0 what 0
what_is_this 1583281990195 360 198 touchmove 202 88 0 0 0 what 0
what_is_this 1583281990212 360 198 touchmove 199 87 0 0 0 what 0
what_is_this 1583281990228 360 198 touchmove 196 87 0 0 0 what 0
what_is_this 1583281990246 360 198 touchmove 193 86 0 0 0 what 0
what_is_this 1583281990263 360 198 touchmove 184 84 0 0 0 what 0
what_is_this 1583281990281 360 198 touchmove 176 83 0 0 0 what 0
what_is_this 1583281990298 360 198 touchmove 172 82 0 0 0 what 0
what_is_this 1583281990312 360 198 touchmove 168 81 0 0 0 what 0
what_is_this 1583281990329 360 198 touchmove 159 80 0 0 0 what 0
what_is_this 1583281990347 360 198 touchmove 154 80 0 0 0 what 0
what_is_this 1583281990362 360 198 touchmove 146 79 0 0 0 what 0
what_is_this 1583281990380 360 198 touchmove 142 79 0 0 0 what 0
what_is_this 1583281990395 360 198 touchmove 136 78 0 0 0 what 0
what_is_this 1583281990413 360 198 touchmove 132 78 0 0 0 what 0
what_is_this 1583281990430 360 198 touchmove 125 77 0 0 0 what 0
what_is_this 1583281990445 360 198 touchmove 120 76 0 0 0 what 0
what_is_this 1583281990463 360 198 touchmove 112 76 0 0 0 what 0
what_is_this 1583281990479 360 198 touchmove 109 75 0 0 0 what 0
what_is_this 1583281990495 360 198 touchmove 100 74 0 0 0 what 0
what_is_this 1583281990512 360 198 touchmove 94 74 0 0 0 what 0
what_is_this 1583281990529 360 198 touchmove 83 73 0 0 0 what 0
what_is_this 1583281990555 360 198 touchmove 78 73 0 0 0 what 0
what_is_this 1583281990564 360 198 touchmove 65 74 0 0 0 what 0
what_is_this 1583281990580 360 198 touchmove 59 75 0 0 0 what 0
what_is_this 1583281990596 360 198 touchmove 51 77 0 0 0 what 0
what_is_this 1583281990615 360 198 touchmove 44 79 0 0 0 what 0
what_is_this 1583281990630 360 198 touchmove 41 80 0 0 0 what 0
what_is_this 1583281990647 360 198 touchmove 39 81 0 0 0 what 0
what_is_this 1583281990663 360 198 touchmove 35 83 0 0 0 what 0
what_is_this 1583281990679 360 198 touchmove 33 83 0 0 0 what 0
what_is_this 1583281990695 360 198 touchmove 30 85 0 0 0 what 0
what_is_this 1583281990712 360 198 touchmove 29 85 0 0 0 what 0
what_is_this 1583281990729 360 198 touchmove 28 86 0 0 0 what 0
what_is_this 1583281990746 360 198 touchmove 27 87 0 0 0 what 0
what_is_this 1583281990764 360 198 touchmove 26 87 0 0 0 what 0
what_is_this 1583281990781 360 198 touchmove 26 88 0 0 0 what 0
what_is_this 1583281990797 360 198 touchmove 26 88 0 0 0 what 0
what_is_this 1583281990814 360 198 touchmove 25 88 0 0 0 what 0
what_is_this 1583281990831 360 198 touchmove 25 88 0 0 0 what 0
what_is_this 1583281991250 360 198 touchmove 25 88 0 0 0 what 0
what_is_this 1583281991266 360 198 touchmove 26 88 0 0 0 what 0
what_is_this 1583281991279 360 198 touchmove 28 87 0 0 0 what 0
what_is_this 1583281991295 360 198 touchmove 29 87 0 0 0 what 0
what_is_this 1583281991312 360 198 touchmove 32 86 0 0 0 what 0
what_is_this 1583281991330 360 198 touchmove 33 86 0 0 0 what 0
what_is_this 1583281991345 360 198 touchmove 36 85 0 0 0 what 0
what_is_this 1583281991362 360 198 touchmove 38 85 0 0 0 what 0
what_is_this 1583281991379 360 198 touchmove 42 83 0 0 0 what 0
what_is_this 1583281991396 360 198 touchmove 45 82 0 0 0 what 0
what_is_this 1583281991413 360 198 touchmove 50 81 0 0 0 what 0
what_is_this 1583281991429 360 198 touchmove 52 80 0 0 0 what 0
what_is_this 1583281991446 360 198 touchmove 58 80 0 0 0 what 0
what_is_this 1583281991465 360 198 touchmove 60 81 0 0 0 what 0
what_is_this 1583281991480 360 198 touchmove 66 81 0 0 0 what 0
what_is_this 1583281991495 360 198 touchmove 68 82 0 0 0 what 0
what_is_this 1583281991512 360 198 touchmove 71 83 0 0 0 what 0
what_is_this 1583281991531 360 198 touchmove 77 85 0 0 0 what 0
what_is_this 1583281991546 360 198 touchmove 79 86 0 0 0 what 0
what_is_this 1583281991562 360 198 touchmove 84 88 0 0 0 what 0
what_is_this 1583281991579 360 198 touchmove 86 90 0 0 0 what 0
what_is_this 1583281991595 360 198 touchmove 90 92 0 0 0 what 0
what_is_this 1583281991612 360 198 touchmove 93 94 0 0 0 what 0
what_is_this 1583281991630 360 198 touchmove 96 96 0 0 0 what 0
what_is_this 1583281991645 360 198 touchmove 98 97 0 0 0 what 0
what_is_this 1583281991662 360 198 touchmove 103 99 0 0 0 what 0
what_is_this 1583281991679 360 198 touchmove 105 100 0 0 0 what 0
what_is_this 1583281991695 360 198 touchmove 111 101 0 0 0 what 0
what_is_this 1583281991712 360 198 touchmove 113 101 0 0 0 what 0
what_is_this 1583281991729 360 198 touchmove 120 100 0 0 0 what 0
what_is_this 1583281991745 360 198 touchmove 123 100 0 0 0 what 0
what_is_this 1583281991762 360 198 touchmove 130 98 0 0 0 what 0
what_is_this 1583281991780 360 198 touchmove 133 97 0 0 0 what 0
what_is_this 1583281991796 360 198 touchmove 139 95 0 0 0 what 0
what_is_this 1583281991812 360 198 touchmove 142 93 0 0 0 what 0
what_is_this 1583281991829 360 198 touchmove 146 90 0 0 0 what 0
what_is_this 1583281991847 360 198 touchmove 147 88 0 0 0 what 0
what_is_this 1583281991861 360 198 touchmove 151 80 0 0 0 what 0
what_is_this 1583281991880 360 198 touchmove 152 77 0 0 0 what 0
what_is_this 1583281991897 360 198 touchmove 153 72 0 0 0 what 0
what_is_this 1583281991913 360 198 touchmove 154 69 0 0 0 what 0
what_is_this 1583281991931 360 198 touchmove 154 65 0 0 0 what 0
what_is_this 1583281991946 360 198 touchmove 154 63 0 0 0 what 0
what_is_this 1583281991962 360 198 touchmove 155 59 0 0 0 what 0
what_is_this 1583281991979 360 198 touchmove 155 57 0 0 0 what 0
what_is_this 1583281991995 360 198 touchmove 156 52 0 0 0 what 0
what_is_this 1583281992013 360 198 touchmove 157 50 0 0 0 what 0
what_is_this 1583281992029 360 198 touchmove 157 48 0 0 0 what 0
what_is_this 1583281992048 360 198 touchmove 158 44 0 0 0 what 0
what_is_this 1583281992063 360 198 touchmove 158 42 0 0 0 what 0
what_is_this 1583281992079 360 198 touchmove 159 38 0 0 0 what 0
what_is_this 1583281992096 360 198 touchmove 159 36 0 0 0 what 0
what_is_this 1583281992113 360 198 touchmove 159 33 0 0 0 what 0
what_is_this 1583281992128 360 198 touchmove 159 31 0 0 0 what 0
what_is_this 1583281992145 360 198 touchmove 159 28 0 0 0 what 0
what_is_this 1583281992163 360 198 touchmove 159 27 0 0 0 what 0
what_is_this 1583281992181 360 198 touchmove 159 25 0 0 0 what 0
what_is_this 1583281992197 360 198 touchmove 159 24 0 0 0 what 0
what_is_this 1583281992216 360 198 touchmove 159 23 0 0 0 what 0
what_is_this 1583281992233 360 198 touchmove 159 21 0 0 0 what 0
what_is_this 1583281992249 360 198 touchmove 159 20 0 0 0 what 0
what_is_this 1583281992262 360 198 touchmove 159 19 0 0 0 what 0
what_is_this 1583281992279 360 198 touchmove 159 19 0 0 0 what 0
what_is_this 1583281992296 360 198 touchmove 159 18 0 0 0 what 0
what_is_this 1583281992345 360 198 touchmove 158 19 0 0 0 what 0
what_is_this 1583281992358 360 198 touchend 158 19 0 0 0 what 0
what_is_this 1583281994054 360 198 touchstart 273 20 0 0 0 is 0
what_is_this 1583281994196 360 198 touchmove 256 33 0 0 0 is 0
what_is_this 1583281994211 360 198 touchmove 250 39 0 0 0 is 0
what_is_this 1583281994228 360 198 touchmove 231 51 0 0 0 is 0
what_is_this 1583281994245 360 198 touchmove 221 57 0 0 0 is 0
what_is_this 1583281994261 360 198 touchmove 203 67 0 0 0 is 0
what_is_this 1583281994279 360 198 touchmove 197 70 0 0 0 is 0
what_is_this 1583281994294 360 198 touchmove 180 78 0 0 0 is 0
what_is_this 1583281994312 360 198 touchmove 172 82 0 0 0 is 0
what_is_this 1583281994329 360 198 touchmove 156 89 0 0 0 is 0
what_is_this 1583281994345 360 198 touchmove 148 92 0 0 0 is 0
what_is_this 1583281994361 360 198 touchmove 137 97 0 0 0 is 0
what_is_this 1583281994379 360 198 touchmove 133 98 0 0 0 is 0
what_is_this 1583281994395 360 198 touchmove 124 99 0 0 0 is 0
what_is_this 1583281994412 360 198 touchmove 120 99 0 0 0 is 0
what_is_this 1583281994428 360 198 touchmove 112 98 0 0 0 is 0
what_is_this 1583281994445 360 198 touchmove 109 98 0 0 0 is 0
what_is_this 1583281994462 360 198 touchmove 103 96 0 0 0 is 0
what_is_this 1583281994479 360 198 touchmove 100 94 0 0 0 is 0
what_is_this 1583281994495 360 198 touchmove 94 91 0 0 0 is 0
what_is_this 1583281994512 360 198 touchmove 91 90 0 0 0 is 0
what_is_this 1583281994529 360 198 touchmove 86 87 0 0 0 is 0
what_is_this 1583281994545 360 198 touchmove 84 85 0 0 0 is 0
what_is_this 1583281994563 360 198 touchmove 80 84 0 0 0 is 0
what_is_this 1583281994579 360 198 touchmove 79 83 0 0 0 is 0
what_is_this 1583281994595 360 198 touchmove 77 82 0 0 0 is 0
what_is_this 1583281994613 360 198 touchmove 76 82 0 0 0 is 0
what_is_this 1583281994629 360 198 touchmove 76 81 0 0 0 is 0
what_is_this 1583281994647 360 198 touchmove 75 81 0 0 0 is 0
what_is_this 1583281994664 360 198 touchmove 74 81 0 0 0 is 0
what_is_this 1583281994679 360 198 touchmove 74 81 0 0 0 is 0
what_is_this 1583281994698 360 198 touchmove 73 81 0 0 0 is 0
what_is_this 1583281994712 360 198 touchmove 73 81 0 0 0 is 0
what_is_this 1583281994729 360 198 touchmove 72 81 0 0 0 is 0
what_is_this 1583281994746 360 198 touchmove 72 81 0 0 0 is 0
what_is_this 1583281994839 360 198 touchmove 71 82 0 0 0 is 0
what_is_this 1583281994844 360 198 touchend 71 82 0 0 0 is 0
what_is_this 1583281996310 360 198 touchstart 158 13 0 0 0 this 0
what_is_this 1583281996877 360 198 touchmove 157 31 0 0 0 this 0
what_is_this 1583281996896 360 198 touchmove 157 37 0 0 0 this 0
what_is_this 1583281996913 360 198 touchmove 158 44 0 0 0 this 0
what_is_this 1583281996930 360 198 touchmove 158 48 0 0 0 this 0
what_is_this 1583281996947 360 198 touchmove 158 55 0 0 0 this 0
what_is_this 1583281996962 360 198 touchmove 159 59 0 0 0 this 0
what_is_this 1583281996979 360 198 touchmove 160 67 0 0 0 this 0
what_is_this 1583281996995 360 198 touchmove 160 71 0 0 0 this 0
what_is_this 1583281997012 360 198 touchmove 161 77 0 0 0 this 0
what_is_this 1583281997029 360 198 touchmove 162 79 0 0 0 this 0
what_is_this 1583281997047 360 198 touchmove 163 84 0 0 0 this 0
what_is_this 1583281997064 360 198 touchmove 163 87 0 0 0 this 0
what_is_this 1583281997080 360 198 touchmove 165 91 0 0 0 this 0
what_is_this 1583281997096 360 198 touchmove 166 94 0 0 0 this 0
what_is_this 1583281997112 360 198 touchmove 168 98 0 0 0 this 0
what_is_this 1583281997129 360 198 touchmove 169 100 0 0 0 this 0
what_is_this 1583281997146 360 198 touchmove 171 104 0 0 0 this 0
what_is_this 1583281997162 360 198 touchmove 173 107 0 0 0 this 0
what_is_this 1583281997180 360 198 touchmove 174 109 0 0 0 this 0
what_is_this 1583281997252 360 198 touchmove 176 110 0 0 0 this 0
what_is_this 1583281997263 360 198 touchmove 184 120 0 0 0 this 0
what_is_this 1583281997278 360 198 touchmove 188 123 0 0 0 this 0
what_is_this 1583281997295 360 198 touchmove 190 125 0 0 0 this 0
what_is_this 1583281997313 360 198 touchmove 192 126 0 0 0 this 0
what_is_this 1583281997330 360 198 touchmove 195 128 0 0 0 this 0
what_is_this 1583281997348 360 198 touchmove 196 128 0 0 0 this 0
what_is_this 1583281997364 360 198 touchmove 197 129 0 0 0 this 0
what_is_this 1583281997380 360 198 touchmove 197 129 0 0 0 this 0
what_is_this 1583281997397 360 198 touchmove 198 129 0 0 0 this 0
what_is_this 1583281997412 360 198 touchmove 198 129 0 0 0 this 0
what_is_this 1583281997428 360 198 touchmove 199 129 0 0 0 this 0
what_is_this 1583281997446 360 198 touchmove 199 128 0 0 0 this 0
what_is_this 1583281997464 360 198 touchmove 200 127 0 0 0 this 0
what_is_this 1583281997480 360 198 touchmove 200 126 0 0 0 this 0
what_is_this 1583281997499 360 198 touchmove 202 121 0 0 0 this 0
what_is_this 1583281997515 360 198 touchmove 203 114 0 0 0 this 0
what_is_this 1583281997530 360 198 touchmove 204 111 0 0 0 this 0
what_is_this 1583281997546 360 198 touchmove 205 107 0 0 0 this 0
what_is_this 1583281997562 360 198 touchmove 206 103 0 0 0 this 0
what_is_this 1583281997579 360 198 touchmove 206 102 0 0 0 this 0
what_is_this 1583281997596 360 198 touchmove 207 98 0 0 0 this 0
what_is_this 1583281997612 360 198 touchmove 207 96 0 0 0 this 0
what_is_this 1583281997629 360 198 touchmove 206 92 0 0 0 this 0
what_is_this 1583281997646 360 198 touchmove 206 91 0 0 0 this 0
what_is_this 1583281997664 360 198 touchmove 205 89 0 0 0 this 0
what_is_this 1583281997679 360 198 touchmove 205 88 0 0 0 this 0
what_is_this 1583281997696 360 198 touchmove 205 87 0 0 0 this 0
what_is_this 1583281997714 360 198 touchmove 205 87 0 0 0 this 0
what_is_this 1583281997730 360 198 touchmove 205 86 0 0 0 this 0
what_is_this 1583281997746 360 198 touchmove 205 86 0 0 0 this 0
what_is_this 1583281997763 360 198 touchmove 205 85 0 0 0 this 0
what_is_this 1583281997917 360 198 touchmove 205 85 0 0 0 this 0
what_is_this 1583281997938 360 198 touchmove 204 85 0 0 0 this 0
what_is_this 1583281997964 360 198 touchmove 204 85 0 0 0 this 0
what_is_this 1583281997980 360 198 touchmove 203 85 0 0 0 this 0
what_is_this 1583281997997 360 198 touchmove 203 85 0 0 0 this 0
what_is_this 1583281998018 360 198 touchmove 203 85 0 0 0 this 0
what_is_this 1583281998257 360 198 touchmove 204 87 0 0 0 this 0
what_is_this 1583281998378 360 198 touchmove 236 72 0 0 0 this 0
what_is_this 1583281998396 360 198 touchmove 238 70 0 0 0 this 0
what_is_this 1583281998412 360 198 touchmove 243 68 0 0 0 this 0
what_is_this 1583281998429 360 198 touchmove 245 66 0 0 0 this 0
what_is_this 1583281998446 360 198 touchmove 248 65 0 0 0 this 0
what_is_this 1583281998467 360 198 touchmove 249 63 0 0 0 this 0
what_is_this 1583281998496 360 198 touchmove 252 61 0 0 0 this 0
what_is_this 1583281998513 360 198 touchmove 254 58 0 0 0 this 0
what_is_this 1583281998531 360 198 touchmove 257 55 0 0 0 this 0
what_is_this 1583281998549 360 198 touchmove 259 53 0 0 0 this 0
what_is_this 1583281998570 360 198 touchmove 263 46 0 0 0 this 0
what_is_this 1583281998668 360 198 touchmove 267 29 0 0 0 this 0
what_is_this 1583281998681 360 198 touchmove 268 26 0 0 0 this 0
what_is_this 1583281998696 360 198 touchmove 268 26 0 0 0 this 0
what_is_this 1583281998713 360 198 touchmove 268 25 0 0 0 this 0
what_is_this 1583281998731 360 198 touchmove 268 24 0 0 0 this 0
what_is_this 1583281998748 360 198 touchmove 268 24 0 0 0 this 0
what_is_this 1583281998762 360 198 touchmove 268 23 0 0 0 this 0
what_is_this 1583281998878 360 198 touchmove 268 23 0 0 0 this 0
what_is_this 1583281998895 360 198 touchmove 267 23 0 0 0 this 0
what_is_this 1583281998913 360 198 touchmove 266 24 0 0 0 this 0
what_is_this 1583281998929 360 198 touchmove 260 26 0 0 0 this 0
what_is_this 1583281998945 360 198 touchmove 256 29 0 0 0 this 0
what_is_this 1583281998962 360 198 touchmove 248 34 0 0 0 this 0
what_is_this 1583281998979 360 198 touchmove 243 37 0 0 0 this 0
what_is_this 1583281998995 360 198 touchmove 233 44 0 0 0 this 0
what_is_this 1583281999012 360 198 touchmove 227 46 0 0 0 this 0
what_is_this 1583281999029 360 198 touchmove 218 51 0 0 0 this 0
what_is_this 1583281999045 360 198 touchmove 212 54 0 0 0 this 0
what_is_this 1583281999063 360 198 touchmove 200 59 0 0 0 this 0
what_is_this 1583281999078 360 198 touchmove 195 61 0 0 0 this 0
what_is_this 1583281999095 360 198 touchmove 190 64 0 0 0 this 0
what_is_this 1583281999113 360 198 touchmove 180 68 0 0 0 this 0
what_is_this 1583281999130 360 198 touchmove 170 72 0 0 0 this 0
what_is_this 1583281999147 360 198 touchmove 164 73 0 0 0 this 0
what_is_this 1583281999164 360 198 touchmove 159 74 0 0 0 this 0
what_is_this 1583281999179 360 198 touchmove 146 77 0 0 0 this 0
what_is_this 1583281999196 360 198 touchmove 142 77 0 0 0 this 0
what_is_this 1583281999213 360 198 touchmove 133 79 0 0 0 this 0
what_is_this 1583281999230 360 198 touchmove 128 80 0 0 0 this 0
what_is_this 1583281999245 360 198 touchmove 121 80 0 0 0 this 0
what_is_this 1583281999262 360 198 touchmove 117 80 0 0 0 this 0
what_is_this 1583281999280 360 198 touchmove 110 80 0 0 0 this 0
what_is_this 1583281999296 360 198 touchmove 106 79 0 0 0 this 0
what_is_this 1583281999313 360 198 touchmove 99 78 0 0 0 this 0
what_is_this 1583281999329 360 198 touchmove 95 78 0 0 0 this 0
what_is_this 1583281999345 360 198 touchmove 88 76 0 0 0 this 0
what_is_this 1583281999362 360 198 touchmove 85 76 0 0 0 this 0
what_is_this 1583281999379 360 198 touchmove 80 75 0 0 0 this 0
what_is_this 1583281999396 360 198 touchmove 79 75 0 0 0 this 0
what_is_this 1583281999415 360 198 touchmove 77 75 0 0 0 this 0
what_is_this 1583281999434 360 198 touchmove 76 75 0 0 0 this 0
what_is_this 1583281999453 360 198 touchmove 75 75 0 0 0 this 0
what_is_this 1583281999463 360 198 touchmove 74 75 0 0 0 this 0
what_is_this 1583281999479 360 198 touchmove 74 75 0 0 0 this 0
what_is_this 1583281999497 360 198 touchmove 73 75 0 0 0 this 0
what_is_this 1583281999512 360 198 touchmove 73 75 0 0 0 this 0
what_is_this 1583281999530 360 198 touchmove 72 75 0 0 0 this 0
what_is_this 1583281999546 360 198 touchmove 72 75 0 0 0 this 0
what_is_this 1583281999564 360 198 touchmove 71 75 0 0 0 this 0
what_is_this 1583281999579 360 198 touchmove 71 75 0 0 0 this 0
what_is_this 1583281999688 360 198 touchend 71 75 0 0 0 this 0
are_you_being_a_baby 1583282003930 360 198 touchstart 26 81 0 0 0 कर रहे हैं  0
are_you_being_a_baby 1583282004164 360 198 touchmove 39 78 0 0 0 कर रहे हैं  0
are_you_being_a_baby 1583282004180 360 198 touchmove 46 76 0 0 0 कर रहे हैं  0
are_you_being_a_baby 1583282004196 360 198 touchmove 61 70 0 0 0 कर रहे हैं  0
are_you_being_a_baby 1583282004214 360 198 touchmove 67 69 0 0 0 कर रहे हैं  0
are_you_being_a_baby 1583282004230 360 198 touchmove 77 67 0 0 0 कर रहे हैं  0
are_you_being_a_baby 1583282004247 360 198 touchmove 81 65 0 0 0 कर रहे हैं  0
are_you_being_a_baby 1583282004265 360 198 touchmove 90 62 0 0 0 कर रहे हैं  0
are_you_being_a_baby 1583282004281 360 198 touchmove 94 60 0 0 0 कर रहे हैं  0
are_you_being_a_baby 1583282004298 360 198 touchmove 101 56 0 0 0 कर रहे हैं  0
are_you_being_a_baby 1583282004321 360 198 touchmove 104 54 0 0 0 कर रहे हैं  0
are_you_being_a_baby 1583282004334 360 198 touchmove 110 50 0 0 0 कर रहे हैं  0
are_you_being_a_baby 1583282004360 360 198 touchmove 115 46 0 0 0 कर रहे हैं  0
are_you_being_a_baby 1583282004373 360 198 touchmove 117 44 0 0 0 कर रहे हैं  0
are_you_being_a_baby 1583282004388 360 198 touchmove 120 41 0 0 0 कर रहे हैं  0
are_you_being_a_baby 1583282004400 360 198 touchmove 122 39 0 0 0 कर रहे हैं  0
are_you_being_a_baby 1583282004414 360 198 touchmove 123 37 0 0 0 कर रहे हैं  0
are_you_being_a_baby 1583282004431 360 198 touchmove 124 34 0 0 0 कर रहे हैं  0
are_you_being_a_baby 1583282004447 360 198 touchmove 127 29 0 0 0 कर रहे हैं  0
are_you_being_a_baby 1583282004465 360 198 touchmove 128 25 0 0 0 कर रहे हैं  0
are_you_being_a_baby 1583282004481 360 198 touchmove 129 23 0 0 0 कर रहे हैं  0
are_you_being_a_baby 1583282004497 360 198 touchmove 129 21 0 0 0 कर रहे हैं  0
are_you_being_a_baby 1583282004513 360 198 touchmove 130 19 0 0 0 कर रहे हैं  0
are_you_being_a_baby 1583282004531 360 198 touchmove 130 18 0 0 0 कर रहे हैं  0
are_you_being_a_baby 1583282004548 360 198 touchmove 131 17 0 0 0 कर रहे हैं  0
are_you_being_a_baby 1583282004566 360 198 touchmove 131 16 0 0 0 कर रहे हैं  0
are_you_being_a_baby 1583282004580 360 198 touchmove 131 16 0 0 0 कर रहे हैं  0
are_you_being_a_baby 1583282004597 360 198 touchmove 131 15 0 0 0 कर रहे हैं  0
are_you_being_a_baby 1583282004613 360 198 touchmove 131 15 0 0 0 कर रहे हैं  0
are_you_being_a_baby 1583282004848 360 198 touchmove 130 15 0 0 0 कर रहे हैं  0
are_you_being_a_baby 1583282004867 360 198 touchmove 130 16 0 0 0 कर रहे हैं  0
are_you_being_a_baby 1583282004883 360 198 touchmove 129 18 0 0 0 कर रहे हैं  0
are_you_being_a_baby 1583282004899 360 198 touchmove 128 19 0 0 0 कर रहे हैं  0
are_you_being_a_baby 1583282004915 360 198 touchmove 125 23 0 0 0 कर रहे हैं  0
are_you_being_a_baby 1583282004931 360 198 touchmove 123 24 0 0 0 कर रहे हैं  0
are_you_being_a_baby 1583282004948 360 198 touchmove 121 27 0 0 0 कर रहे हैं  0
are_you_being_a_baby 1583282004964 360 198 touchmove 120 29 0 0 0 कर रहे हैं  0
are_you_being_a_baby 1583282004981 360 198 touchmove 119 30 0 0 0 कर रहे हैं  0
are_you_being_a_baby 1583282004999 360 198 touchmove 117 32 0 0 0 कर रहे हैं  0
are_you_being_a_baby 1583282005014 360 198 touchmove 116 33 0 0 0 कर रहे हैं  0
are_you_being_a_baby 1583282005030 360 198 touchmove 114 34 0 0 0 कर रहे हैं  0
are_you_being_a_baby 1583282005050 360 198 touchmove 114 35 0 0 0 कर रहे हैं  0
are_you_being_a_baby 1583282005064 360 198 touchmove 113 36 0 0 0 कर रहे हैं  0
are_you_being_a_baby 1583282005081 360 198 touchmove 112 36 0 0 0 कर रहे हैं  0
are_you_being_a_baby 1583282005098 360 198 touchmove 112 37 0 0 0 कर रहे हैं  0
are_you_being_a_baby 1583282005115 360 198 touchmove 111 37 0 0 0 कर रहे हैं  0
are_you_being_a_baby 1583282005131 360 198 touchmove 111 38 0 0 0 कर रहे हैं  0
are_you_being_a_baby 1583282005147 360 198 touchmove 110 38 0 0 0 कर रहे हैं  0
are_you_being_a_baby 1583282005165 360 198 touchmove 109 39 0 0 0 कर रहे हैं  0
are_you_being_a_baby 1583282005181 360 198 touchmove 109 39 0 0 0 कर रहे हैं  0
are_you_being_a_baby 1583282005199 360 198 touchmove 107 40 0 0 0 कर रहे हैं  0
are_you_being_a_baby 1583282005213 360 198 touchmove 107 40 0 0 0 कर रहे हैं  0
are_you_being_a_baby 1583282005233 360 198 touchmove 105 40 0 0 0 कर रहे हैं  0
are_you_being_a_baby 1583282005247 360 198 touchmove 105 40 0 0 0 कर रहे हैं  0
are_you_being_a_baby 1583282005265 360 198 touchmove 103 40 0 0 0 कर रहे हैं  0
are_you_being_a_baby 1583282005281 360 198 touchmove 103 40 0 0 0 कर रहे हैं  0
are_you_being_a_baby 1583282005296 360 198 touchmove 101 40 0 0 0 कर रहे हैं  0
are_you_being_a_baby 1583282005314 360 198 touchmove 101 40 0 0 0 कर रहे हैं  0
are_you_being_a_baby 1583282005330 360 198 touchmove 98 40 0 0 0 कर रहे हैं  0
are_you_being_a_baby 1583282005349 360 198 touchmove 97 40 0 0 0 कर रहे हैं  0
are_you_being_a_baby 1583282005365 360 198 touchmove 94 38 0 0 0 कर रहे हैं  0
are_you_being_a_baby 1583282005381 360 198 touchmove 93 37 0 0 0 कर रहे हैं  0
are_you_being_a_baby 1583282005396 360 198 touchmove 91 36 0 0 0 कर रहे हैं  0
are_you_being_a_baby 1583282005415 360 198 touchmove 90 35 0 0 0 कर रहे हैं  0
are_you_being_a_baby 1583282005430 360 198 touchmove 89 34 0 0 0 कर रहे हैं  0
are_you_being_a_baby 1583282005447 360 198 touchmove 88 34 0 0 0 कर रहे हैं  0
are_you_being_a_baby 1583282005465 360 198 touchmove 88 33 0 0 0 कर रहे हैं  0
are_you_being_a_baby 1583282005481 360 198 touchmove 87 33 0 0 0 कर रहे हैं  0
are_you_being_a_baby 1583282005497 360 198 touchmove 87 32 0 0 0 कर रहे हैं  0
are_you_being_a_baby 1583282005514 360 198 touchmove 86 32 0 0 0 कर रहे हैं  0
are_you_being_a_baby 1583282005530 360 198 touchmove 86 32 0 0 0 कर रहे हैं  0
are_you_being_a_baby 1583282005563 360 198 touchmove 86 31 0 0 0 कर रहे हैं  0
are_you_being_a_baby 1583282005702 360 198 touchmove 85 31 0 0 0 कर रहे हैं  0
are_you_being_a_baby 1583282005706 360 198 touchend 85 31 0 0 0 कर रहे हैं  0
are_you_being_a_baby 1583282017308 360 198 touchstart 190 22 0 0 0 you 0
are_you_being_a_baby 1583282017662 360 198 touchmove 192 46 0 0 0 you 0
are_you_being_a_baby 1583282017681 360 198 touchmove 193 49 0 0 0 you 0
are_you_being_a_baby 1583282017697 360 198 touchmove 195 54 0 0 0 you 0
are_you_being_a_baby 1583282017714 360 198 touchmove 196 57 0 0 0 you 0
are_you_being_a_baby 1583282017732 360 198 touchmove 200 61 0 0 0 you 0
are_you_being_a_baby 1583282017747 360 198 touchmove 202 63 0 0 0 you 0
are_you_being_a_baby 1583282017765 360 198 touchmove 208 67 0 0 0 you 0
are_you_being_a_baby 1583282017781 360 198 touchmove 210 69 0 0 0 you 0
are_you_being_a_baby 1583282017797 360 198 touchmove 215 71 0 0 0 you 0
are_you_being_a_baby 1583282017814 360 198 touchmove 218 72 0 0 0 you 0
are_you_being_a_baby 1583282017831 360 198 touchmove 222 73 0 0 0 you 0
are_you_being_a_baby 1583282017847 360 198 touchmove 230 73 0 0 0 you 0
are_you_being_a_baby 1583282017863 360 198 touchmove 234 72 0 0 0 you 0
are_you_being_a_baby 1583282017881 360 198 touchmove 243 71 0 0 0 you 0
are_you_being_a_baby 1583282017898 360 198 touchmove 247 70 0 0 0 you 0
are_you_being_a_baby 1583282017916 360 198 touchmove 254 69 0 0 0 you 0
are_you_being_a_baby 1583282017931 360 198 touchmove 257 68 0 0 0 you 0
are_you_being_a_baby 1583282017947 360 198 touchmove 263 65 0 0 0 you 0
are_you_being_a_baby 1583282017964 360 198 touchmove 266 64 0 0 0 you 0
are_you_being_a_baby 1583282017981 360 198 touchmove 271 62 0 0 0 you 0
are_you_being_a_baby 1583282018001 360 198 touchmove 274 61 0 0 0 you 0
are_you_being_a_baby 1583282018015 360 198 touchmove 278 58 0 0 0 you 0
are_you_being_a_baby 1583282018030 360 198 touchmove 280 56 0 0 0 you 0
are_you_being_a_baby 1583282018047 360 198 touchmove 284 53 0 0 0 you 0
are_you_being_a_baby 1583282018064 360 198 touchmove 286 51 0 0 0 you 0
are_you_being_a_baby 1583282018080 360 198 touchmove 290 47 0 0 0 you 0
are_you_being_a_baby 1583282018101 360 198 touchmove 291 45 0 0 0 you 0
are_you_being_a_baby 1583282018115 360 198 touchmove 294 42 0 0 0 you 0
are_you_being_a_baby 1583282018130 360 198 touchmove 295 41 0 0 0 you 0
are_you_being_a_baby 1583282018147 360 198 touchmove 297 38 0 0 0 you 0
are_you_being_a_baby 1583282018163 360 198 touchmove 297 36 0 0 0 you 0
are_you_being_a_baby 1583282018180 360 198 touchmove 299 34 0 0 0 you 0
are_you_being_a_baby 1583282018196 360 198 touchmove 299 33 0 0 0 you 0
are_you_being_a_baby 1583282018214 360 198 touchmove 300 30 0 0 0 you 0
are_you_being_a_baby 1583282018231 360 198 touchmove 300 29 0 0 0 you 0
are_you_being_a_baby 1583282018247 360 198 touchmove 301 28 0 0 0 you 0
are_you_being_a_baby 1583282018264 360 198 touchmove 301 26 0 0 0 you 0
are_you_being_a_baby 1583282018279 360 198 touchmove 301 25 0 0 0 you 0
are_you_being_a_baby 1583282018297 360 198 touchmove 301 25 0 0 0 you 0
are_you_being_a_baby 1583282018313 360 198 touchmove 301 24 0 0 0 you 0
are_you_being_a_baby 1583282018331 360 198 touchmove 301 24 0 0 0 you 0
are_you_being_a_baby 1583282018348 360 198 touchmove 301 23 0 0 0 you 0
are_you_being_a_baby 1583282018397 360 198 touchmove 300 24 0 0 0 you 0
are_you_being_a_baby 1583282018413 360 198 touchmove 298 25 0 0 0 you 0
are_you_being_a_baby 1583282018434 360 198 touchmove 296 27 0 0 0 you 0
are_you_being_a_baby 1583282018451 360 198 touchmove 294 28 0 0 0 you 0
are_you_being_a_baby 1583282018464 360 198 touchmove 289 32 0 0 0 you 0
are_you_being_a_baby 1583282018480 360 198 touchmove 286 35 0 0 0 you 0
are_you_being_a_baby 1583282018498 360 198 touchmove 280 41 0 0 0 you 0
are_you_being_a_baby 1583282018514 360 198 touchmove 277 43 0 0 0 you 0
are_you_being_a_baby 1583282018531 360 198 touchmove 272 47 0 0 0 you 0
are_you_being_a_baby 1583282018549 360 198 touchmove 269 49 0 0 0 you 0
are_you_being_a_baby 1583282018568 360 198 touchmove 263 52 0 0 0 you 0
are_you_being_a_baby 1583282018582 360 198 touchmove 260 52 0 0 0 you 0
are_you_being_a_baby 1583282018599 360 198 touchmove 256 52 0 0 0 you 0
are_you_being_a_baby 1583282018613 360 198 touchmove 255 52 0 0 0 you 0
are_you_being_a_baby 1583282018632 360 198 touchmove 252 52 0 0 0 you 0
are_you_being_a_baby 1583282018648 360 198 touchmove 251 51 0 0 0 you 0
are_you_being_a_baby 1583282018665 360 198 touchmove 248 49 0 0 0 you 0
are_you_being_a_baby 1583282018680 360 198 touchmove 247 48 0 0 0 you 0
are_you_being_a_baby 1583282018696 360 198 touchmove 245 46 0 0 0 you 0
are_you_being_a_baby 1583282018714 360 198 touchmove 244 45 0 0 0 you 0
are_you_being_a_baby 1583282018730 360 198 touchmove 243 42 0 0 0 you 0
are_you_being_a_baby 1583282018746 360 198 touchmove 242 40 0 0 0 you 0
are_you_being_a_baby 1583282018763 360 198 touchmove 241 37 0 0 0 you 0
are_you_being_a_baby 1583282018780 360 198 touchmove 240 36 0 0 0 you 0
are_you_being_a_baby 1583282018796 360 198 touchmove 239 33 0 0 0 you 0
are_you_being_a_baby 1583282018814 360 198 touchmove 239 32 0 0 0 you 0
are_you_being_a_baby 1583282018830 360 198 touchmove 238 30 0 0 0 you 0
are_you_being_a_baby 1583282018847 360 198 touchmove 238 29 0 0 0 you 0
are_you_being_a_baby 1583282018863 360 198 touchmove 238 27 0 0 0 you 0
are_you_being_a_baby 1583282018881 360 198 touchmove 238 26 0 0 0 you 0
are_you_being_a_baby 1583282018897 360 198 touchmove 238 26 0 0 0 you 0
are_you_being_a_baby 1583282018916 360 198 touchmove 238 25 0 0 0 you 0
are_you_being_a_baby 1583282018930 360 198 touchmove 238 25 0 0 0 you 0
are_you_being_a_baby 1583282018946 360 198 touchmove 238 24 0 0 0 you 0
are_you_being_a_baby 1583282018966 360 198 touchmove 238 24 0 0 0 you 0
are_you_being_a_baby 1583282018981 360 198 touchmove 238 23 0 0 0 you 0
are_you_being_a_baby 1583282018998 360 198 touchmove 238 23 0 0 0 you 0
are_you_being_a_baby 1583282019015 360 198 touchmove 238 22 0 0 0 you 0
are_you_being_a_baby 1583282019115 360 198 touchmove 236 24 0 0 0 you 0
are_you_being_a_baby 1583282019124 360 198 touchend 236 24 0 0 0 you 0
are_you_being_a_baby 1583282024914 360 198 touchstart 228 125 0 0 0 being 0
are_you_being_a_baby 1583282025262 360 198 touchmove 207 117 0 0 0 being 0
are_you_being_a_baby 1583282025280 360 198 touchmove 203 114 0 0 0 being 0
are_you_being_a_baby 1583282025296 360 198 touchmove 196 109 0 0 0 being 0
are_you_being_a_baby 1583282025314 360 198 touchmove 192 106 0 0 0 being 0
are_you_being_a_baby 1583282025331 360 198 touchmove 185 101 0 0 0 being 0
are_you_being_a_baby 1583282025347 360 198 touchmove 182 99 0 0 0 being 0
are_you_being_a_baby 1583282025363 360 198 touchmove 175 94 0 0 0 being 0
are_you_being_a_baby 1583282025381 360 198 touchmove 172 92 0 0 0 being 0
are_you_being_a_baby 1583282025397 360 198 touchmove 165 88 0 0 0 being 0
are_you_being_a_baby 1583282025416 360 198 touchmove 162 86 0 0 0 being 0
are_you_being_a_baby 1583282025434 360 198 touchmove 154 83 0 0 0 being 0
are_you_being_a_baby 1583282025451 360 198 touchmove 151 81 0 0 0 being 0
are_you_being_a_baby 1583282025508 360 198 touchmove 147 80 0 0 0 being 0
are_you_being_a_baby 1583282025517 360 198 touchmove 135 73 0 0 0 being 0
are_you_being_a_baby 1583282025533 360 198 touchmove 132 71 0 0 0 being 0
are_you_being_a_baby 1583282025552 360 198 touchmove 129 69 0 0 0 being 0
are_you_being_a_baby 1583282025566 360 198 touchmove 125 66 0 0 0 being 0
are_you_being_a_baby 1583282025581 360 198 touchmove 123 65 0 0 0 being 0
are_you_being_a_baby 1583282025599 360 198 touchmove 119 63 0 0 0 being 0
are_you_being_a_baby 1583282025615 360 198 touchmove 117 62 0 0 0 being 0
are_you_being_a_baby 1583282025631 360 198 touchmove 115 61 0 0 0 being 0
are_you_being_a_baby 1583282025647 360 198 touchmove 112 58 0 0 0 being 0
are_you_being_a_baby 1583282025665 360 198 touchmove 109 55 0 0 0 being 0
are_you_being_a_baby 1583282025680 360 198 touchmove 108 54 0 0 0 being 0
are_you_being_a_baby 1583282025697 360 198 touchmove 107 52 0 0 0 being 0
are_you_being_a_baby 1583282025712 360 198 touchmove 104 49 0 0 0 being 0
are_you_being_a_baby 1583282025730 360 198 touchmove 103 47 0 0 0 being 0
are_you_being_a_baby 1583282025747 360 198 touchmove 101 44 0 0 0 being 0
are_you_being_a_baby 1583282025763 360 198 touchmove 101 42 0 0 0 being 0
are_you_being_a_baby 1583282025781 360 198 touchmove 100 39 0 0 0 being 0
are_you_being_a_baby 1583282025799 360 198 touchmove 99 37 0 0 0 being 0
are_you_being_a_baby 1583282025813 360 198 touchmove 98 33 0 0 0 being 0
are_you_being_a_baby 1583282025830 360 198 touchmove 97 32 0 0 0 being 0
are_you_being_a_baby 1583282025846 360 198 touchmove 96 29 0 0 0 being 0
are_you_being_a_baby 1583282025863 360 198 touchmove 95 28 0 0 0 being 0
are_you_being_a_baby 1583282025880 360 198 touchmove 94 26 0 0 0 being 0
are_you_being_a_baby 1583282025897 360 198 touchmove 94 25 0 0 0 being 0
are_you_being_a_baby 1583282025916 360 198 touchmove 94 24 0 0 0 being 0
are_you_being_a_baby 1583282025932 360 198 touchmove 93 23 0 0 0 being 0
are_you_being_a_baby 1583282025949 360 198 touchmove 93 22 0 0 0 being 0
are_you_being_a_baby 1583282025964 360 198 touchmove 93 22 0 0 0 being 0
are_you_being_a_baby 1583282025980 360 198 touchmove 93 21 0 0 0 being 0
are_you_being_a_baby 1583282025997 360 198 touchmove 93 21 0 0 0 being 0
are_you_being_a_baby 1583282026264 360 198 touchmove 94 22 0 0 0 being 0
are_you_being_a_baby 1583282026293 360 198 touchmove 94 24 0 0 0 being 0
are_you_being_a_baby 1583282026321 360 198 touchmove 98 36 0 0 0 being 0
are_you_being_a_baby 1583282026336 360 198 touchmove 99 40 0 0 0 being 0
are_you_being_a_baby 1583282026352 360 198 touchmove 101 43 0 0 0 being 0
are_you_being_a_baby 1583282026366 360 198 touchmove 106 51 0 0 0 being 0
are_you_being_a_baby 1583282026388 360 198 touchmove 110 55 0 0 0 being 0
are_you_being_a_baby 1583282026408 360 198 touchmove 120 65 0 0 0 being 0
are_you_being_a_baby 1583282026422 360 198 touchmove 126 69 0 0 0 being 0
are_you_being_a_baby 1583282026436 360 198 touchmove 137 77 0 0 0 being 0
are_you_being_a_baby 1583282026449 360 198 touchmove 143 80 0 0 0 being 0
are_you_being_a_baby 1583282026467 360 198 touchmove 152 83 0 0 0 being 0
are_you_being_a_baby 1583282026480 360 198 touchmove 156 84 0 0 0 being 0
are_you_being_a_baby 1583282026497 360 198 touchmove 166 88 0 0 0 being 0
are_you_being_a_baby 1583282026514 360 198 touchmove 171 89 0 0 0 being 0
are_you_being_a_baby 1583282026531 360 198 touchmove 180 91 0 0 0 being 0
are_you_being_a_baby 1583282026548 360 198 touchmove 186 92 0 0 0 being 0
are_you_being_a_baby 1583282026563 360 198 touchmove 198 92 0 0 0 being 0
are_you_being_a_baby 1583282026583 360 198 touchmove 203 92 0 0 0 being 0
are_you_being_a_baby 1583282026598 360 198 touchmove 212 90 0 0 0 being 0
are_you_being_a_baby 1583282026614 360 198 touchmove 217 88 0 0 0 being 0
are_you_being_a_baby 1583282026633 360 198 touchmove 226 84 0 0 0 being 0
are_you_being_a_baby 1583282026649 360 198 touchmove 230 82 0 0 0 being 0
are_you_being_a_baby 1583282026664 360 198 touchmove 236 78 0 0 0 being 0
are_you_being_a_baby 1583282026682 360 198 touchmove 238 76 0 0 0 being 0
are_you_being_a_baby 1583282026698 360 198 touchmove 241 74 0 0 0 being 0
are_you_being_a_baby 1583282026715 360 198 touchmove 245 71 0 0 0 being 0
are_you_being_a_baby 1583282026732 360 198 touchmove 248 68 0 0 0 being 0
are_you_being_a_baby 1583282026749 360 198 touchmove 250 65 0 0 0 being 0
are_you_being_a_baby 1583282026765 360 198 touchmove 252 61 0 0 0 being 0
are_you_being_a_baby 1583282026781 360 198 touchmove 254 55 0 0 0 being 0
are_you_being_a_baby 1583282026797 360 198 touchmove 256 52 0 0 0 being 0
are_you_being_a_baby 1583282026818 360 198 touchmove 258 47 0 0 0 being 0
are_you_being_a_baby 1583282026832 360 198 touchmove 259 45 0 0 0 being 0
are_you_being_a_baby 1583282026849 360 198 touchmove 260 42 0 0 0 being 0
are_you_being_a_baby 1583282026865 360 198 touchmove 261 40 0 0 0 being 0
are_you_being_a_baby 1583282026881 360 198 touchmove 262 37 0 0 0 being 0
are_you_being_a_baby 1583282026898 360 198 touchmove 263 36 0 0 0 being 0
are_you_being_a_baby 1583282026916 360 198 touchmove 264 34 0 0 0 being 0
are_you_being_a_baby 1583282026933 360 198 touchmove 265 33 0 0 0 being 0
are_you_being_a_baby 1583282026949 360 198 touchmove 266 32 0 0 0 being 0
are_you_being_a_baby 1583282026969 360 198 touchmove 266 31 0 0 0 being 0
are_you_being_a_baby 1583282026982 360 198 touchmove 267 29 0 0 0 being 0
are_you_being_a_baby 1583282026997 360 198 touchmove 267 29 0 0 0 being 0
are_you_being_a_baby 1583282027014 360 198 touchmove 268 28 0 0 0 being 0
are_you_being_a_baby 1583282027031 360 198 touchmove 268 27 0 0 0 being 0
are_you_being_a_baby 1583282027046 360 198 touchmove 269 26 0 0 0 being 0
are_you_being_a_baby 1583282027063 360 198 touchmove 269 26 0 0 0 being 0
are_you_being_a_baby 1583282027082 360 198 touchmove 269 26 0 0 0 being 0
are_you_being_a_baby 1583282027371 360 198 touchmove 268 27 0 0 0 being 0
are_you_being_a_baby 1583282027386 360 198 touchmove 268 28 0 0 0 being 0
are_you_being_a_baby 1583282027399 360 198 touchmove 267 32 0 0 0 being 0
are_you_being_a_baby 1583282027415 360 198 touchmove 265 37 0 0 0 being 0
are_you_being_a_baby 1583282027429 360 198 touchmove 265 40 0 0 0 being 0
are_you_being_a_baby 1583282027447 360 198 touchmove 264 42 0 0 0 being 0
are_you_being_a_baby 1583282027464 360 198 touchmove 263 47 0 0 0 being 0
are_you_being_a_baby 1583282027481 360 198 touchmove 262 49 0 0 0 being 0
are_you_being_a_baby 1583282027498 360 198 touchmove 260 55 0 0 0 being 0
are_you_being_a_baby 1583282027512 360 198 touchmove 259 59 0 0 0 being 0
are_you_being_a_baby 1583282027530 360 198 touchmove 256 70 0 0 0 being 0
are_you_being_a_baby 1583282027546 360 198 touchmove 254 75 0 0 0 being 0
are_you_being_a_baby 1583282027566 360 198 touchmove 252 84 0 0 0 being 0
are_you_being_a_baby 1583282027580 360 198 touchmove 251 89 0 0 0 being 0
are_you_being_a_baby 1583282027596 360 198 touchmove 250 98 0 0 0 being 0
are_you_being_a_baby 1583282027613 360 198 touchmove 249 103 0 0 0 being 0
are_you_being_a_baby 1583282027630 360 198 touchmove 248 112 0 0 0 being 0
are_you_being_a_baby 1583282027647 360 198 touchmove 248 116 0 0 0 being 0
are_you_being_a_baby 1583282027663 360 198 touchmove 248 123 0 0 0 being 0
are_you_being_a_baby 1583282027680 360 198 touchmove 248 126 0 0 0 being 0
are_you_being_a_baby 1583282027696 360 198 touchmove 249 131 0 0 0 being 0
are_you_being_a_baby 1583282027713 360 198 touchmove 249 133 0 0 0 being 0
are_you_being_a_baby 1583282027730 360 198 touchmove 250 135 0 0 0 being 0
are_you_being_a_baby 1583282027748 360 198 touchmove 250 136 0 0 0 being 0
are_you_being_a_baby 1583282027763 360 198 touchmove 250 138 0 0 0 being 0
are_you_being_a_baby 1583282027780 360 198 touchmove 250 139 0 0 0 being 0
are_you_being_a_baby 1583282027797 360 198 touchmove 250 139 0 0 0 being 0
are_you_being_a_baby 1583282027814 360 198 touchmove 250 140 0 0 0 being 0
are_you_being_a_baby 1583282027831 360 198 touchmove 250 140 0 0 0 being 0
are_you_being_a_baby 1583282027847 360 198 touchmove 250 141 0 0 0 being 0
are_you_being_a_baby 1583282027965 360 198 touchmove 250 141 0 0 0 being 0
are_you_being_a_baby 1583282027981 360 198 touchmove 249 140 0 0 0 being 0
are_you_being_a_baby 1583282027997 360 198 touchmove 249 140 0 0 0 being 0
are_you_being_a_baby 1583282028013 360 198 touchmove 246 139 0 0 0 being 0
are_you_being_a_baby 1583282028031 360 198 touchmove 245 138 0 0 0 being 0
are_you_being_a_baby 1583282028050 360 198 touchmove 242 135 0 0 0 being 0
are_you_being_a_baby 1583282028068 360 198 touchmove 241 134 0 0 0 being 0
are_you_being_a_baby 1583282028081 360 198 touchmove 237 132 0 0 0 being 0
are_you_being_a_baby 1583282028097 360 198 touchmove 236 131 0 0 0 being 0
are_you_being_a_baby 1583282028114 360 198 touchmove 234 129 0 0 0 being 0
are_you_being_a_baby 1583282028139 360 198 touchmove 233 128 0 0 0 being 0
are_you_being_a_baby 1583282028152 360 198 touchmove 230 127 0 0 0 being 0
are_you_being_a_baby 1583282028168 360 198 touchmove 229 126 0 0 0 being 0
are_you_being_a_baby 1583282028180 360 198 touchmove 227 125 0 0 0 being 0
are_you_being_a_baby 1583282028197 360 198 touchmove 226 125 0 0 0 being 0
are_you_being_a_baby 1583282028213 360 198 touchmove 223 124 0 0 0 being 0
are_you_being_a_baby 1583282028230 360 198 touchmove 222 123 0 0 0 being 0
are_you_being_a_baby 1583282028247 360 198 touchmove 219 121 0 0 0 being 0
are_you_being_a_baby 1583282028264 360 198 touchmove 218 120 0 0 0 being 0
are_you_being_a_baby 1583282028280 360 198 touchmove 215 118 0 0 0 being 0
are_you_being_a_baby 1583282028299 360 198 touchmove 213 117 0 0 0 being 0
are_you_being_a_baby 1583282028314 360 198 touchmove 209 114 0 0 0 being 0
are_you_being_a_baby 1583282028331 360 198 touchmove 207 113 0 0 0 being 0
are_you_being_a_baby 1583282028347 360 198 touchmove 202 109 0 0 0 being 0
are_you_being_a_baby 1583282028366 360 198 touchmove 200 107 0 0 0 being 0
are_you_being_a_baby 1583282028382 360 198 touchmove 196 104 0 0 0 being 0
are_you_being_a_baby 1583282028398 360 198 touchmove 195 102 0 0 0 being 0
are_you_being_a_baby 1583282028415 360 198 touchmove 192 99 0 0 0 being 0
are_you_being_a_baby 1583282028432 360 198 touchmove 191 98 0 0 0 being 0
are_you_being_a_baby 1583282028447 360 198 touchmove 190 97 0 0 0 being 0
are_you_being_a_baby 1583282028465 360 198 touchmove 189 96 0 0 0 being 0
are_you_being_a_baby 1583282028482 360 198 touchmove 188 95 0 0 0 being 0
are_you_being_a_baby 1583282028506 360 198 touchmove 187 94 0 0 0 being 0
are_you_being_a_baby 1583282028517 360 198 touchmove 187 94 0 0 0 being 0
are_you_being_a_baby 1583282028531 360 198 touchmove 186 93 0 0 0 being 0
are_you_being_a_baby 1583282028549 360 198 touchmove 186 92 0 0 0 being 0
are_you_being_a_baby 1583282028565 360 198 touchmove 185 92 0 0 0 being 0
are_you_being_a_baby 1583282028583 360 198 touchmove 185 91 0 0 0 being 0
are_you_being_a_baby 1583282028597 360 198 touchmove 185 91 0 0 0 being 0
are_you_being_a_baby 1583282028663 360 198 touchmove 184 91 0 0 0 being 0
are_you_being_a_baby 1583282028672 360 198 touchend 184 91 0 0 0 being 0
are_you_being_a_baby 1583282029944 360 198 touchstart 34 84 0 0 0 a 0
are_you_being_a_baby 1583282030136 360 198 touchend 34 84 0 0 0 a 0
are_you_being_a_baby 1583282040540 360 198 touchstart 207 117 0 0 0 baby 0
are_you_being_a_baby 1583282040880 360 198 touchmove 190 113 0 0 0 baby 0
are_you_being_a_baby 1583282040896 360 198 touchmove 177 111 0 0 0 baby 0
are_you_being_a_baby 1583282040914 360 198 touchmove 172 110 0 0 0 baby 0
are_you_being_a_baby 1583282040931 360 198 touchmove 162 108 0 0 0 baby 0
are_you_being_a_baby 1583282040948 360 198 touchmove 157 107 0 0 0 baby 0
are_you_being_a_baby 1583282040965 360 198 touchmove 145 105 0 0 0 baby 0
are_you_being_a_baby 1583282040980 360 198 touchmove 141 103 0 0 0 baby 0
are_you_being_a_baby 1583282040998 360 198 touchmove 132 101 0 0 0 baby 0
are_you_being_a_baby 1583282041014 360 198 touchmove 127 99 0 0 0 baby 0
are_you_being_a_baby 1583282041029 360 198 touchmove 116 96 0 0 0 baby 0
are_you_being_a_baby 1583282041047 360 198 touchmove 111 95 0 0 0 baby 0
are_you_being_a_baby 1583282041063 360 198 touchmove 101 91 0 0 0 baby 0
are_you_being_a_baby 1583282041080 360 198 touchmove 97 89 0 0 0 baby 0
are_you_being_a_baby 1583282041097 360 198 touchmove 87 84 0 0 0 baby 0
are_you_being_a_baby 1583282041115 360 198 touchmove 82 82 0 0 0 baby 0
are_you_being_a_baby 1583282041132 360 198 touchmove 76 79 0 0 0 baby 0
are_you_being_a_baby 1583282041147 360 198 touchmove 62 74 0 0 0 baby 0
are_you_being_a_baby 1583282041163 360 198 touchmove 57 72 0 0 0 baby 0
are_you_being_a_baby 1583282041180 360 198 touchmove 50 69 0 0 0 baby 0
are_you_being_a_baby 1583282041199 360 198 touchmove 41 67 0 0 0 baby 0
are_you_being_a_baby 1583282041217 360 198 touchmove 38 66 0 0 0 baby 0
are_you_being_a_baby 1583282041232 360 198 touchmove 36 66 0 0 0 baby 0
are_you_being_a_baby 1583282041247 360 198 touchmove 32 66 0 0 0 baby 0
are_you_being_a_baby 1583282041264 360 198 touchmove 31 66 0 0 0 baby 0
are_you_being_a_baby 1583282041281 360 198 touchmove 29 66 0 0 0 baby 0
are_you_being_a_baby 1583282041299 360 198 touchmove 28 66 0 0 0 baby 0
are_you_being_a_baby 1583282041317 360 198 touchmove 27 66 0 0 0 baby 0
are_you_being_a_baby 1583282041331 360 198 touchmove 26 66 0 0 0 baby 0
are_you_being_a_baby 1583282041348 360 198 touchmove 26 66 0 0 0 baby 0
are_you_being_a_baby 1583282041364 360 198 touchmove 26 66 0 0 0 baby 0
are_you_being_a_baby 1583282041382 360 198 touchmove 25 66 0 0 0 baby 0
are_you_being_a_baby 1583282041398 360 198 touchmove 25 66 0 0 0 baby 0
are_you_being_a_baby 1583282041414 360 198 touchmove 24 66 0 0 0 baby 0
are_you_being_a_baby 1583282041430 360 198 touchmove 24 66 0 0 0 baby 0
are_you_being_a_baby 1583282041933 360 198 touchmove 24 66 0 0 0 baby 0
are_you_being_a_baby 1583282041971 360 198 touchmove 25 66 0 0 0 baby 0
are_you_being_a_baby 1583282041985 360 198 touchmove 25 66 0 0 0 baby 0
are_you_being_a_baby 1583282042001 360 198 touchmove 26 66 0 0 0 baby 0
are_you_being_a_baby 1583282042017 360 198 touchmove 26 66 0 0 0 baby 0
are_you_being_a_baby 1583282042030 360 198 touchmove 27 67 0 0 0 baby 0
are_you_being_a_baby 1583282042046 360 198 touchmove 28 68 0 0 0 baby 0
are_you_being_a_baby 1583282042063 360 198 touchmove 30 68 0 0 0 baby 0
are_you_being_a_baby 1583282042080 360 198 touchmove 32 68 0 0 0 baby 0
are_you_being_a_baby 1583282042096 360 198 touchmove 36 69 0 0 0 baby 0
are_you_being_a_baby 1583282042114 360 198 touchmove 37 69 0 0 0 baby 0
are_you_being_a_baby 1583282042130 360 198 touchmove 41 70 0 0 0 baby 0
are_you_being_a_baby 1583282042146 360 198 touchmove 43 71 0 0 0 baby 0
are_you_being_a_baby 1583282042167 360 198 touchmove 47 73 0 0 0 baby 0
are_you_being_a_baby 1583282042184 360 198 touchmove 50 73 0 0 0 baby 0
are_you_being_a_baby 1583282042199 360 198 touchmove 55 74 0 0 0 baby 0
are_you_being_a_baby 1583282042214 360 198 touchmove 64 76 0 0 0 baby 0
are_you_being_a_baby 1583282042229 360 198 touchmove 72 77 0 0 0 baby 0
are_you_being_a_baby 1583282042247 360 198 touchmove 76 78 0 0 0 baby 0
are_you_being_a_baby 1583282042263 360 198 touchmove 86 80 0 0 0 baby 0
are_you_being_a_baby 1583282042280 360 198 touchmove 91 81 0 0 0 baby 0
are_you_being_a_baby 1583282042297 360 198 touchmove 99 82 0 0 0 baby 0
are_you_being_a_baby 1583282042313 360 198 touchmove 105 83 0 0 0 baby 0
are_you_being_a_baby 1583282042329 360 198 touchmove 117 87 0 0 0 baby 0
are_you_being_a_baby 1583282042346 360 198 touchmove 123 90 0 0 0 baby 0
are_you_being_a_baby 1583282042363 360 198 touchmove 135 95 0 0 0 baby 0
are_you_being_a_baby 1583282042379 360 198 touchmove 140 98 0 0 0 baby 0
are_you_being_a_baby 1583282042396 360 198 touchmove 146 101 0 0 0 baby 0
are_you_being_a_baby 1583282042413 360 198 touchmove 154 105 0 0 0 baby 0
are_you_being_a_baby 1583282042430 360 198 touchmove 159 107 0 0 0 baby 0
are_you_being_a_baby 1583282042446 360 198 touchmove 168 111 0 0 0 baby 0
are_you_being_a_baby 1583282042463 360 198 touchmove 173 114 0 0 0 baby 0
are_you_being_a_baby 1583282042480 360 198 touchmove 180 117 0 0 0 baby 0
are_you_being_a_baby 1583282042497 360 198 touchmove 183 118 0 0 0 baby 0
are_you_being_a_baby 1583282042514 360 198 touchmove 189 121 0 0 0 baby 0
are_you_being_a_baby 1583282042529 360 198 touchmove 191 122 0 0 0 baby 0
are_you_being_a_baby 1583282042548 360 198 touchmove 196 125 0 0 0 baby 0
are_you_being_a_baby 1583282042563 360 198 touchmove 198 127 0 0 0 baby 0
are_you_being_a_baby 1583282042582 360 198 touchmove 201 129 0 0 0 baby 0
are_you_being_a_baby 1583282042596 360 198 touchmove 203 131 0 0 0 baby 0
are_you_being_a_baby 1583282042613 360 198 touchmove 204 132 0 0 0 baby 0
are_you_being_a_baby 1583282042630 360 198 touchmove 205 132 0 0 0 baby 0
are_you_being_a_baby 1583282042646 360 198 touchmove 206 133 0 0 0 baby 0
are_you_being_a_baby 1583282042665 360 198 touchmove 206 133 0 0 0 baby 0
are_you_being_a_baby 1583282042682 360 198 touchmove 207 134 0 0 0 baby 0
are_you_being_a_baby 1583282042701 360 198 touchmove 207 134 0 0 0 baby 0
are_you_being_a_baby 1583282042717 360 198 touchmove 207 135 0 0 0 baby 0
are_you_being_a_baby 1583282042763 360 198 touchmove 208 135 0 0 0 baby 0
are_you_being_a_baby 1583282042830 360 198 touchmove 208 135 0 0 0 baby 0
are_you_being_a_baby 1583282042896 360 198 touchmove 208 135 0 0 0 baby 0
are_you_being_a_baby 1583282043030 360 198 touchmove 209 135 0 0 0 baby 0
are_you_being_a_baby 1583282043047 360 198 touchmove 209 134 0 0 0 baby 0
are_you_being_a_baby 1583282043071 360 198 touchmove 210 128 0 0 0 baby 0
are_you_being_a_baby 1583282043087 360 198 touchmove 210 124 0 0 0 baby 0
are_you_being_a_baby 1583282043106 360 198 touchmove 209 115 0 0 0 baby 0
are_you_being_a_baby 1583282043119 360 198 touchmove 208 107 0 0 0 baby 0
are_you_being_a_baby 1583282043131 360 198 touchmove 207 103 0 0 0 baby 0
are_you_being_a_baby 1583282043147 360 198 touchmove 206 99 0 0 0 baby 0
are_you_being_a_baby 1583282043163 360 198 touchmove 203 92 0 0 0 baby 0
are_you_being_a_baby 1583282043180 360 198 touchmove 202 88 0 0 0 baby 0
are_you_being_a_baby 1583282043198 360 198 touchmove 199 80 0 0 0 baby 0
are_you_being_a_baby 1583282043213 360 198 touchmove 198 77 0 0 0 baby 0
are_you_being_a_baby 1583282043230 360 198 touchmove 197 72 0 0 0 baby 0
are_you_being_a_baby 1583282043246 360 198 touchmove 197 70 0 0 0 baby 0
are_you_being_a_baby 1583282043265 360 198 touchmove 196 65 0 0 0 baby 0
are_you_being_a_baby 1583282043280 360 198 touchmove 196 62 0 0 0 baby 0
are_you_being_a_baby 1583282043296 360 198 touchmove 195 57 0 0 0 baby 0
are_you_being_a_baby 1583282043313 360 198 touchmove 195 54 0 0 0 baby 0
are_you_being_a_baby 1583282043331 360 198 touchmove 195 48 0 0 0 baby 0
are_you_being_a_baby 1583282043348 360 198 touchmove 195 46 0 0 0 baby 0
are_you_being_a_baby 1583282043365 360 198 touchmove 195 44 0 0 0 baby 0
are_you_being_a_baby 1583282043382 360 198 touchmove 196 40 0 0 0 baby 0
are_you_being_a_baby 1583282043399 360 198 touchmove 197 37 0 0 0 baby 0
are_you_being_a_baby 1583282043416 360 198 touchmove 197 33 0 0 0 baby 0
are_you_being_a_baby 1583282043431 360 198 touchmove 198 30 0 0 0 baby 0
are_you_being_a_baby 1583282043447 360 198 touchmove 199 28 0 0 0 baby 0
are_you_being_a_baby 1583282043465 360 198 touchmove 200 25 0 0 0 baby 0
are_you_being_a_baby 1583282043479 360 198 touchmove 200 24 0 0 0 baby 0
are_you_being_a_baby 1583282043496 360 198 touchmove 201 22 0 0 0 baby 0
are_you_being_a_baby 1583282043517 360 198 touchmove 201 21 0 0 0 baby 0
are_you_being_a_baby 1583282043530 360 198 touchmove 201 21 0 0 0 baby 0
are_you_being_a_baby 1583282043547 360 198 touchmove 201 20 0 0 0 baby 0
are_you_being_a_baby 1583282043563 360 198 touchmove 201 20 0 0 0 baby 0
are_you_being_a_baby 1583282043580 360 198 touchmove 201 19 0 0 0 baby 0
are_you_being_a_baby 1583282043682 360 198 touchmove 201 19 0 0 0 baby 0
are_you_being_a_baby 1583282043700 360 198 touchend 201 19 0 0 0 baby 0
