sentence timestamp keyb_width keyb_height event x_pos y_pos x_radius y_radius angle word is_err
can_you_handle 1583391979637 376 230 touchstart 161 164 0.34759092330933 0.34759092330933 0 can 0
can_you_handle 1583391979751 376 230 touchmove 153 156 0.34759092330933 0.34759092330933 0 can 0
can_you_handle 1583391979768 376 230 touchmove 142 148 0.34759092330933 0.34759092330933 0 can 0
can_you_handle 1583391979784 376 230 touchmove 129 138 0.34759092330933 0.34759092330933 0 can 0
can_you_handle 1583391979799 376 230 touchmove 113 126 0.34759092330933 0.34759092330933 0 can 0
can_you_handle 1583391979815 376 230 touchmove 97 115 0.34759092330933 0.34759092330933 0 can 0
can_you_handle 1583391979832 376 230 touchmove 79 104 0.34759092330933 0.34759092330933 0 can 0
can_you_handle 1583391979855 376 230 touchmove 54 90 0.34759092330933 0.34759092330933 0 can 0
can_you_handle 1583391979865 376 230 touchmove 46 86 0.34759092330933 0.34759092330933 0 can 0
can_you_handle 1583391979881 376 230 touchmove 36 81 0.34759092330933 0.34759092330933 0 can 0
can_you_handle 1583391979898 376 230 touchmove 28 77 0.34759092330933 0.34759092330933 0 can 0
can_you_handle 1583391979915 376 230 touchmove 26 76 0.34759092330933 0.34759092330933 0 can 0
can_you_handle 1583391979932 376 230 touchmove 25 76 0.34759092330933 0.34759092330933 0 can 0
can_you_handle 1583391979982 376 230 touchmove 25 76 0.34759092330933 0.34759092330933 0 can 0
can_you_handle 1583391980000 376 230 touchmove 25 76 0.34759092330933 0.34759092330933 0 can 0
can_you_handle 1583391980016 376 230 touchmove 28 79 0.34759092330933 0.34759092330933 0 can 0
can_you_handle 1583391980034 376 230 touchmove 36 86 0.34759092330933 0.34759092330933 0 can 0
can_you_handle 1583391980048 376 230 touchmove 53 101 0.34759092330933 0.34759092330933 0 can 0
can_you_handle 1583391980065 376 230 touchmove 68 118 0.34759092330933 0.34759092330933 0 can 0
can_you_handle 1583391980081 376 230 touchmove 85 138 0.34759092330933 0.34759092330933 0 can 0
can_you_handle 1583391980099 376 230 touchmove 104 155 0.34759092330933 0.34759092330933 0 can 0
can_you_handle 1583391980115 376 230 touchmove 120 165 0.34759092330933 0.34759092330933 0 can 0
can_you_handle 1583391980132 376 230 touchmove 130 170 0.34759092330933 0.34759092330933 0 can 0
can_you_handle 1583391980149 376 230 touchmove 134 171 0.34759092330933 0.34759092330933 0 can 0
can_you_handle 1583391980167 376 230 touchmove 136 171 0.34759092330933 0.34759092330933 0 can 0
can_you_handle 1583391980183 376 230 touchmove 136 171 0.34759092330933 0.34759092330933 0 can 0
can_you_handle 1583391980217 376 230 touchmove 136 171 0.34759092330933 0.34759092330933 0 can 0
can_you_handle 1583391980247 376 230 touchmove 137 171 0.34759092330933 0.34759092330933 0 can 0
can_you_handle 1583391980279 376 230 touchmove 137 171 0.34759092330933 0.34759092330933 0 can 0
can_you_handle 1583391980312 376 230 touchmove 137 171 0.34759092330933 0.34759092330933 0 can 0
can_you_handle 1583391980336 376 230 touchmove 138 171 0.34759092330933 0.34759092330933 0 can 0
can_you_handle 1583391980350 376 230 touchmove 138 171 0.34759092330933 0.34759092330933 0 can 0
can_you_handle 1583391980367 376 230 touchmove 138 171 0.34759092330933 0.34759092330933 0 can 0
can_you_handle 1583391980385 376 230 touchmove 141 171 0.34759092330933 0.34759092330933 0 can 0
can_you_handle 1583391980398 376 230 touchmove 150 170 0.34759092330933 0.34759092330933 0 can 0
can_you_handle 1583391980415 376 230 touchmove 167 170 0.34759092330933 0.34759092330933 0 can 0
can_you_handle 1583391980435 376 230 touchmove 190 169 0.34759092330933 0.34759092330933 0 can 0
can_you_handle 1583391980450 376 230 touchmove 210 169 0.34759092330933 0.34759092330933 0 can 0
can_you_handle 1583391980465 376 230 touchmove 228 168 0.34759092330933 0.34759092330933 0 can 0
can_you_handle 1583391980483 376 230 touchmove 243 168 0.34759092330933 0.34759092330933 0 can 0
can_you_handle 1583391980499 376 230 touchmove 251 168 0.34759092330933 0.34759092330933 0 can 0
can_you_handle 1583391980517 376 230 touchmove 257 167 0.34759092330933 0.34759092330933 0 can 0
can_you_handle 1583391980533 376 230 touchmove 262 167 0.34759092330933 0.34759092330933 0 can 0
can_you_handle 1583391980549 376 230 touchmove 265 166 0.34759092330933 0.34759092330933 0 can 0
can_you_handle 1583391980566 376 230 touchmove 268 166 0.34759092330933 0.34759092330933 0 can 0
can_you_handle 1583391980582 376 230 touchmove 268 166 0.34759092330933 0.34759092330933 0 can 0
can_you_handle 1583391980620 376 230 touchmove 269 166 0.34759092330933 0.34759092330933 0 can 0
can_you_handle 1583391980700 376 230 touchmove 268 166 0.34759092330933 0.34759092330933 0 can 0
can_you_handle 1583391980728 376 230 touchmove 268 166 0.34759092330933 0.34759092330933 0 can 0
can_you_handle 1583391980738 376 230 touchend 268 166 0.34759092330933 0.34759092330933 0 can 0
can_you_handle 1583391982734 376 230 touchstart 207 29 0.34759092330933 0.34759092330933 0 you 0
can_you_handle 1583391982931 376 230 touchmove 211 29 0.34759092330933 0.34759092330933 0 you 0
can_you_handle 1583391982950 376 230 touchmove 229 28 0.34759092330933 0.34759092330933 0 you 0
can_you_handle 1583391982966 376 230 touchmove 256 23 0.34759092330933 0.34759092330933 0 you 0
can_you_handle 1583391982983 376 230 touchmove 283 20 0.34759092330933 0.34759092330933 0 you 0
can_you_handle 1583391982999 376 230 touchmove 305 17 0.34759092330933 0.34759092330933 0 you 0
can_you_handle 1583391983018 376 230 touchmove 320 15 0.34759092330933 0.34759092330933 0 you 0
can_you_handle 1583391983031 376 230 touchmove 332 14 0.34759092330933 0.34759092330933 0 you 0
can_you_handle 1583391983050 376 230 touchmove 338 14 0.34759092330933 0.34759092330933 0 you 0
can_you_handle 1583391983066 376 230 touchmove 341 15 0.34759092330933 0.34759092330933 0 you 0
can_you_handle 1583391983086 376 230 touchmove 341 15 0.34759092330933 0.34759092330933 0 you 0
can_you_handle 1583391983167 376 230 touchmove 341 16 0.34759092330933 0.34759092330933 0 you 0
can_you_handle 1583391983184 376 230 touchmove 341 16 0.34759092330933 0.34759092330933 0 you 0
can_you_handle 1583391983200 376 230 touchmove 341 16 0.34759092330933 0.34759092330933 0 you 0
can_you_handle 1583391983218 376 230 touchmove 340 17 0.34759092330933 0.34759092330933 0 you 0
can_you_handle 1583391983234 376 230 touchmove 332 19 0.34759092330933 0.34759092330933 0 you 0
can_you_handle 1583391983248 376 230 touchmove 312 26 0.34759092330933 0.34759092330933 0 you 0
can_you_handle 1583391983266 376 230 touchmove 293 31 0.34759092330933 0.34759092330933 0 you 0
can_you_handle 1583391983281 376 230 touchmove 279 35 0.34759092330933 0.34759092330933 0 you 0
can_you_handle 1583391983298 376 230 touchmove 267 37 0.34759092330933 0.34759092330933 0 you 0
can_you_handle 1583391983315 376 230 touchmove 256 40 0.34759092330933 0.34759092330933 0 you 0
can_you_handle 1583391983333 376 230 touchmove 251 41 0.34759092330933 0.34759092330933 0 you 0
can_you_handle 1583391983348 376 230 touchmove 250 42 0.34759092330933 0.34759092330933 0 you 0
can_you_handle 1583391983366 376 230 touchmove 249 42 0.34759092330933 0.34759092330933 0 you 0
can_you_handle 1583391983382 376 230 touchmove 249 42 0.34759092330933 0.34759092330933 0 you 0
can_you_handle 1583391983433 376 230 touchmove 248 42 0.34759092330933 0.34759092330933 0 you 0
can_you_handle 1583391983450 376 230 touchmove 248 41 0.34759092330933 0.34759092330933 0 you 0
can_you_handle 1583391983467 376 230 touchmove 248 41 0.34759092330933 0.34759092330933 0 you 0
can_you_handle 1583391983482 376 230 touchmove 247 41 0.34759092330933 0.34759092330933 0 you 0
can_you_handle 1583391983500 376 230 touchmove 247 40 0.34759092330933 0.34759092330933 0 you 0
can_you_handle 1583391983537 376 230 touchend 247 40 0.34759092330933 0.34759092330933 0 you 0
this_looks_fine 1583391994911 376 230 touchstart 160 14 0.34759092330933 0.34759092330933 0 this 0
this_looks_fine 1583391995001 376 230 touchmove 165 22 0.34759092330933 0.34759092330933 0 this 0
this_looks_fine 1583391995020 376 230 touchmove 173 31 0.34759092330933 0.34759092330933 0 this 0
this_looks_fine 1583391995034 376 230 touchmove 182 44 0.34759092330933 0.34759092330933 0 this 0
this_looks_fine 1583391995054 376 230 touchmove 191 61 0.34759092330933 0.34759092330933 0 this 0
this_looks_fine 1583391995066 376 230 touchmove 201 79 0.34759092330933 0.34759092330933 0 this 0
this_looks_fine 1583391995090 376 230 touchmove 212 103 0.34759092330933 0.34759092330933 0 this 0
this_looks_fine 1583391995100 376 230 touchmove 215 110 0.34759092330933 0.34759092330933 0 this 0
this_looks_fine 1583391995115 376 230 touchmove 220 120 0.34759092330933 0.34759092330933 0 this 0
this_looks_fine 1583391995132 376 230 touchmove 223 126 0.34759092330933 0.34759092330933 0 this 0
this_looks_fine 1583391995149 376 230 touchmove 224 127 0.34759092330933 0.34759092330933 0 this 0
this_looks_fine 1583391995250 376 230 touchmove 224 127 0.34759092330933 0.34759092330933 0 this 0
this_looks_fine 1583391995280 376 230 touchmove 224 127 0.34759092330933 0.34759092330933 0 this 0
this_looks_fine 1583391995303 376 230 touchmove 225 126 0.34759092330933 0.34759092330933 0 this 0
this_looks_fine 1583391995319 376 230 touchmove 226 126 0.34759092330933 0.34759092330933 0 this 0
this_looks_fine 1583391995335 376 230 touchmove 227 125 0.34759092330933 0.34759092330933 0 this 0
this_looks_fine 1583391995349 376 230 touchmove 231 119 0.34759092330933 0.34759092330933 0 this 0
this_looks_fine 1583391995369 376 230 touchmove 245 105 0.34759092330933 0.34759092330933 0 this 0
this_looks_fine 1583391995384 376 230 touchmove 260 90 0.34759092330933 0.34759092330933 0 this 0
this_looks_fine 1583391995401 376 230 touchmove 272 76 0.34759092330933 0.34759092330933 0 this 0
this_looks_fine 1583391995416 376 230 touchmove 279 67 0.34759092330933 0.34759092330933 0 this 0
this_looks_fine 1583391995432 376 230 touchmove 282 63 0.34759092330933 0.34759092330933 0 this 0
this_looks_fine 1583391995451 376 230 touchmove 282 61 0.34759092330933 0.34759092330933 0 this 0
this_looks_fine 1583391995466 376 230 touchmove 283 59 0.34759092330933 0.34759092330933 0 this 0
this_looks_fine 1583391995482 376 230 touchmove 283 58 0.34759092330933 0.34759092330933 0 this 0
this_looks_fine 1583391995500 376 230 touchmove 284 51 0.34759092330933 0.34759092330933 0 this 0
this_looks_fine 1583391995515 376 230 touchmove 288 38 0.34759092330933 0.34759092330933 0 this 0
this_looks_fine 1583391995532 376 230 touchmove 291 29 0.34759092330933 0.34759092330933 0 this 0
this_looks_fine 1583391995550 376 230 touchmove 292 24 0.34759092330933 0.34759092330933 0 this 0
this_looks_fine 1583391995566 376 230 touchmove 293 22 0.34759092330933 0.34759092330933 0 this 0
this_looks_fine 1583391995585 376 230 touchmove 293 22 0.34759092330933 0.34759092330933 0 this 0
this_looks_fine 1583391995650 376 230 touchmove 293 22 0.34759092330933 0.34759092330933 0 this 0
this_looks_fine 1583391995670 376 230 touchmove 293 23 0.34759092330933 0.34759092330933 0 this 0
this_looks_fine 1583391995687 376 230 touchmove 293 23 0.34759092330933 0.34759092330933 0 this 0
this_looks_fine 1583391995698 376 230 touchmove 292 23 0.34759092330933 0.34759092330933 0 this 0
this_looks_fine 1583391995716 376 230 touchmove 292 24 0.34759092330933 0.34759092330933 0 this 0
this_looks_fine 1583391995732 376 230 touchmove 292 24 0.34759092330933 0.34759092330933 0 this 0
this_looks_fine 1583391995749 376 230 touchmove 291 24 0.34759092330933 0.34759092330933 0 this 0
this_looks_fine 1583391995766 376 230 touchmove 291 24 0.34759092330933 0.34759092330933 0 this 0
this_looks_fine 1583391996007 376 230 touchmove 291 25 0.34759092330933 0.34759092330933 0 this 0
this_looks_fine 1583391996042 376 230 touchmove 288 26 0.34759092330933 0.34759092330933 0 this 0
this_looks_fine 1583391996061 376 230 touchmove 259 43 0.34759092330933 0.34759092330933 0 this 0
this_looks_fine 1583391996090 376 230 touchmove 241 51 0.34759092330933 0.34759092330933 0 this 0
this_looks_fine 1583391996098 376 230 touchmove 232 54 0.34759092330933 0.34759092330933 0 this 0
this_looks_fine 1583391996115 376 230 touchmove 217 60 0.34759092330933 0.34759092330933 0 this 0
this_looks_fine 1583391996131 376 230 touchmove 202 65 0.34759092330933 0.34759092330933 0 this 0
this_looks_fine 1583391996149 376 230 touchmove 190 69 0.34759092330933 0.34759092330933 0 this 0
this_looks_fine 1583391996166 376 230 touchmove 174 74 0.34759092330933 0.34759092330933 0 this 0
this_looks_fine 1583391996182 376 230 touchmove 155 84 0.34759092330933 0.34759092330933 0 this 0
this_looks_fine 1583391996199 376 230 touchmove 135 94 0.34759092330933 0.34759092330933 0 this 0
this_looks_fine 1583391996216 376 230 touchmove 118 101 0.34759092330933 0.34759092330933 0 this 0
this_looks_fine 1583391996233 376 230 touchmove 103 107 0.34759092330933 0.34759092330933 0 this 0
this_looks_fine 1583391996251 376 230 touchmove 94 109 0.34759092330933 0.34759092330933 0 this 0
this_looks_fine 1583391996265 376 230 touchmove 87 110 0.34759092330933 0.34759092330933 0 this 0
this_looks_fine 1583391996282 376 230 touchmove 80 111 0.34759092330933 0.34759092330933 0 this 0
this_looks_fine 1583391996299 376 230 touchmove 74 111 0.34759092330933 0.34759092330933 0 this 0
this_looks_fine 1583391996315 376 230 touchmove 71 111 0.34759092330933 0.34759092330933 0 this 0
this_looks_fine 1583391996337 376 230 touchmove 68 111 0.34759092330933 0.34759092330933 0 this 0
this_looks_fine 1583391996348 376 230 touchmove 67 111 0.34759092330933 0.34759092330933 0 this 0
this_looks_fine 1583391996365 376 230 touchmove 66 110 0.34759092330933 0.34759092330933 0 this 0
this_looks_fine 1583391996411 376 230 touchend 66 110 0.34759092330933 0.34759092330933 0 this 0
this_looks_fine 1583391997905 376 230 touchstart 359 106 0.17379546165466 0.17379546165466 0 looks 0
this_looks_fine 1583391997949 376 230 touchmove 357 104 0.17379546165466 0.17379546165466 0 looks 0
this_looks_fine 1583391997964 376 230 touchmove 353 100 0.17379546165466 0.17379546165466 0 looks 0
this_looks_fine 1583391997986 376 230 touchmove 348 95 0.17379546165466 0.17379546165466 0 looks 0
this_looks_fine 1583391998004 376 230 touchmove 341 90 0.17379546165466 0.17379546165466 0 looks 0
this_looks_fine 1583391998017 376 230 touchmove 335 85 0.17379546165466 0.17379546165466 0 looks 0
this_looks_fine 1583391998032 376 230 touchmove 331 80 0.17379546165466 0.17379546165466 0 looks 0
this_looks_fine 1583391998048 376 230 touchmove 327 76 0.17379546165466 0.17379546165466 0 looks 0
this_looks_fine 1583391998065 376 230 touchmove 322 70 0.17379546165466 0.17379546165466 0 looks 0
this_looks_fine 1583391998085 376 230 touchmove 318 63 0.17379546165466 0.17379546165466 0 looks 0
this_looks_fine 1583391998099 376 230 touchmove 314 56 0.17379546165466 0.17379546165466 0 looks 0
this_looks_fine 1583391998115 376 230 touchmove 311 51 0.17379546165466 0.17379546165466 0 looks 0
this_looks_fine 1583391998133 376 230 touchmove 309 46 0.17379546165466 0.17379546165466 0 looks 0
this_looks_fine 1583391998149 376 230 touchmove 308 43 0.17379546165466 0.17379546165466 0 looks 0
this_looks_fine 1583391998166 376 230 touchmove 308 41 0.17379546165466 0.17379546165466 0 looks 0
this_looks_fine 1583391998182 376 230 touchmove 308 40 0.17379546165466 0.17379546165466 0 looks 0
this_looks_fine 1583391998198 376 230 touchmove 308 40 0.17379546165466 0.17379546165466 0 looks 0
this_looks_fine 1583391998249 376 230 touchmove 308 39 0.17379546165466 0.17379546165466 0 looks 0
this_looks_fine 1583391998265 376 230 touchmove 308 38 0.17379546165466 0.17379546165466 0 looks 0
this_looks_fine 1583391998283 376 230 touchmove 308 38 0.17379546165466 0.17379546165466 0 looks 0
this_looks_fine 1583391998298 376 230 touchmove 308 37 0.17379546165466 0.17379546165466 0 looks 0
this_looks_fine 1583391998316 376 230 touchmove 308 37 0.17379546165466 0.17379546165466 0 looks 0
this_looks_fine 1583391998335 376 230 touchmove 308 37 0.17379546165466 0.17379546165466 0 looks 0
this_looks_fine 1583391998349 376 230 touchmove 308 36 0.17379546165466 0.17379546165466 0 looks 0
this_looks_fine 1583391998370 376 230 touchmove 308 36 0.17379546165466 0.17379546165466 0 looks 0
this_looks_fine 1583391998396 376 230 touchmove 308 36 0.17379546165466 0.17379546165466 0 looks 0
this_looks_fine 1583391998416 376 230 touchmove 308 36 0.17379546165466 0.17379546165466 0 looks 0
this_looks_fine 1583391998432 376 230 touchmove 309 36 0.17379546165466 0.17379546165466 0 looks 0
this_looks_fine 1583391998449 376 230 touchmove 309 35 0.17379546165466 0.17379546165466 0 looks 0
this_looks_fine 1583391998465 376 230 touchmove 309 35 0.17379546165466 0.17379546165466 0 looks 0
this_looks_fine 1583391998482 376 230 touchmove 309 35 0.17379546165466 0.17379546165466 0 looks 0
this_looks_fine 1583391998498 376 230 touchmove 309 35 0.17379546165466 0.17379546165466 0 looks 0
this_looks_fine 1583391998566 376 230 touchmove 310 35 0.17379546165466 0.17379546165466 0 looks 0
this_looks_fine 1583391998582 376 230 touchmove 310 35 0.17379546165466 0.17379546165466 0 looks 0
this_looks_fine 1583391998737 376 230 touchmove 310 35 0.17379546165466 0.17379546165466 0 looks 0
this_looks_fine 1583391998751 376 230 touchmove 314 32 0.17379546165466 0.17379546165466 0 looks 0
this_looks_fine 1583391998765 376 230 touchmove 334 16 0.17379546165466 0.17379546165466 0 looks 0
this_looks_fine 1583391998782 376 230 touchmove 345 5 0.17379546165466 0.17379546165466 0 looks 0
this_looks_fine 1583391998800 376 230 touchmove 348 2 0.17379546165466 0.17379546165466 0 looks 0
this_looks_fine 1583391998815 376 230 touchmove 348 1 0.17379546165466 0.17379546165466 0 looks 0
this_looks_fine 1583391998848 376 230 touchmove 347 1 0.17379546165466 0.17379546165466 0 looks 0
this_looks_fine 1583391998865 376 230 touchmove 347 2 0.17379546165466 0.17379546165466 0 looks 0
this_looks_fine 1583391998883 376 230 touchmove 346 2 0.17379546165466 0.17379546165466 0 looks 0
this_looks_fine 1583391998898 376 230 touchmove 346 3 0.17379546165466 0.17379546165466 0 looks 0
this_looks_fine 1583391998916 376 230 touchmove 345 3 0.17379546165466 0.17379546165466 0 looks 0
this_looks_fine 1583391998932 376 230 touchmove 345 4 0.17379546165466 0.17379546165466 0 looks 0
this_looks_fine 1583391998949 376 230 touchmove 344 4 0.17379546165466 0.17379546165466 0 looks 0
this_looks_fine 1583391998966 376 230 touchmove 344 5 0.17379546165466 0.17379546165466 0 looks 0
this_looks_fine 1583391998983 376 230 touchmove 343 6 0.17379546165466 0.17379546165466 0 looks 0
this_looks_fine 1583391998998 376 230 touchmove 340 12 0.17379546165466 0.17379546165466 0 looks 0
this_looks_fine 1583391999015 376 230 touchmove 335 20 0.17379546165466 0.17379546165466 0 looks 0
this_looks_fine 1583391999033 376 230 touchmove 330 27 0.17379546165466 0.17379546165466 0 looks 0
this_looks_fine 1583391999048 376 230 touchmove 327 33 0.17379546165466 0.17379546165466 0 looks 0
this_looks_fine 1583391999067 376 230 touchmove 324 39 0.17379546165466 0.17379546165466 0 looks 0
this_looks_fine 1583391999083 376 230 touchmove 322 43 0.17379546165466 0.17379546165466 0 looks 0
this_looks_fine 1583391999099 376 230 touchmove 320 44 0.17379546165466 0.17379546165466 0 looks 0
this_looks_fine 1583391999115 376 230 touchmove 320 45 0.17379546165466 0.17379546165466 0 looks 0
this_looks_fine 1583391999137 376 230 touchmove 320 45 0.17379546165466 0.17379546165466 0 looks 0
this_looks_fine 1583391999182 376 230 touchmove 320 45 0.17379546165466 0.17379546165466 0 looks 0
this_looks_fine 1583391999199 376 230 touchmove 320 45 0.17379546165466 0.17379546165466 0 looks 0
this_looks_fine 1583391999316 376 230 touchmove 320 45 0.17379546165466 0.17379546165466 0 looks 0
this_looks_fine 1583391999415 376 230 touchmove 321 45 0.17379546165466 0.17379546165466 0 looks 0
this_looks_fine 1583391999621 376 230 touchmove 321 45 0.17379546165466 0.17379546165466 0 looks 0
this_looks_fine 1583391999737 376 230 touchmove 321 46 0.17379546165466 0.17379546165466 0 looks 0
this_looks_fine 1583391999751 376 230 touchmove 320 50 0.17379546165466 0.17379546165466 0 looks 0
this_looks_fine 1583391999771 376 230 touchmove 315 68 0.17379546165466 0.17379546165466 0 looks 0
this_looks_fine 1583391999785 376 230 touchmove 313 76 0.17379546165466 0.17379546165466 0 looks 0
this_looks_fine 1583391999800 376 230 touchmove 310 88 0.17379546165466 0.17379546165466 0 looks 0
this_looks_fine 1583391999818 376 230 touchmove 307 96 0.17379546165466 0.17379546165466 0 looks 0
this_looks_fine 1583391999836 376 230 touchmove 305 102 0.17379546165466 0.17379546165466 0 looks 0
this_looks_fine 1583391999849 376 230 touchmove 305 103 0.17379546165466 0.17379546165466 0 looks 0
this_looks_fine 1583391999866 376 230 touchmove 305 105 0.17379546165466 0.17379546165466 0 looks 0
this_looks_fine 1583391999884 376 230 touchmove 305 105 0.17379546165466 0.17379546165466 0 looks 0
this_looks_fine 1583391999931 376 230 touchmove 305 106 0.17379546165466 0.17379546165466 0 looks 0
this_looks_fine 1583391999949 376 230 touchmove 305 106 0.17379546165466 0.17379546165466 0 looks 0
this_looks_fine 1583391999966 376 230 touchmove 305 106 0.17379546165466 0.17379546165466 0 looks 0
this_looks_fine 1583391999983 376 230 touchmove 305 107 0.17379546165466 0.17379546165466 0 looks 0
this_looks_fine 1583392000001 376 230 touchmove 305 107 0.17379546165466 0.17379546165466 0 looks 0
this_looks_fine 1583392000016 376 230 touchmove 305 107 0.17379546165466 0.17379546165466 0 looks 0
this_looks_fine 1583392000037 376 230 touchmove 305 107 0.17379546165466 0.17379546165466 0 looks 0
this_looks_fine 1583392000099 376 230 touchmove 304 107 0.17379546165466 0.17379546165466 0 looks 0
this_looks_fine 1583392000117 376 230 touchmove 303 107 0.17379546165466 0.17379546165466 0 looks 0
this_looks_fine 1583392000134 376 230 touchmove 295 103 0.17379546165466 0.17379546165466 0 looks 0
this_looks_fine 1583392000150 376 230 touchmove 281 99 0.17379546165466 0.17379546165466 0 looks 0
this_looks_fine 1583392000165 376 230 touchmove 261 96 0.17379546165466 0.17379546165466 0 looks 0
this_looks_fine 1583392000183 376 230 touchmove 238 95 0.17379546165466 0.17379546165466 0 looks 0
this_looks_fine 1583392000200 376 230 touchmove 211 97 0.17379546165466 0.17379546165466 0 looks 0
this_looks_fine 1583392000220 376 230 touchmove 180 101 0.34759092330933 0.34759092330933 0 looks 0
this_looks_fine 1583392000234 376 230 touchmove 152 107 0.34759092330933 0.34759092330933 0 looks 0
this_looks_fine 1583392000249 376 230 touchmove 125 111 0.34759092330933 0.34759092330933 0 looks 0
this_looks_fine 1583392000267 376 230 touchmove 101 114 0.34759092330933 0.34759092330933 0 looks 0
this_looks_fine 1583392000282 376 230 touchmove 83 115 0.34759092330933 0.34759092330933 0 looks 0
this_looks_fine 1583392000302 376 230 touchmove 67 114 0.34759092330933 0.34759092330933 0 looks 0
this_looks_fine 1583392000318 376 230 touchmove 65 114 0.34759092330933 0.34759092330933 0 looks 0
this_looks_fine 1583392000334 376 230 touchmove 58 113 0.34759092330933 0.34759092330933 0 looks 0
this_looks_fine 1583392000348 376 230 touchmove 53 111 0.34759092330933 0.34759092330933 0 looks 0
this_looks_fine 1583392000370 376 230 touchmove 50 109 0.34759092330933 0.34759092330933 0 looks 0
this_looks_fine 1583392000382 376 230 touchmove 48 108 0.34759092330933 0.34759092330933 0 looks 0
this_looks_fine 1583392000398 376 230 touchmove 48 107 0.34759092330933 0.34759092330933 0 looks 0
this_looks_fine 1583392000418 376 230 touchmove 48 106 0.34759092330933 0.34759092330933 0 looks 0
this_looks_fine 1583392000465 376 230 touchmove 49 106 0.34759092330933 0.34759092330933 0 looks 0
this_looks_fine 1583392000482 376 230 touchmove 49 106 0.34759092330933 0.34759092330933 0 looks 0
this_looks_fine 1583392000498 376 230 touchmove 50 106 0.34759092330933 0.34759092330933 0 looks 0
this_looks_fine 1583392000511 376 230 touchmove 50 107 0.34759092330933 0.34759092330933 0 looks 0
this_looks_fine 1583392000514 376 230 touchend 50 107 0.34759092330933 0.34759092330933 0 looks 0
this_looks_fine 1583392004260 376 230 touchstart 149 111 0.17379546165466 0.17379546165466 0 fine 0
this_looks_fine 1583392004298 376 230 touchmove 150 110 0.17379546165466 0.17379546165466 0 fine 0
this_looks_fine 1583392004316 376 230 touchmove 157 107 0.17379546165466 0.17379546165466 0 fine 0
this_looks_fine 1583392004333 376 230 touchmove 171 100 0.17379546165466 0.17379546165466 0 fine 0
this_looks_fine 1583392004387 376 230 touchmove 188 90 0.17379546165466 0.17379546165466 0 fine 0
this_looks_fine 1583392004402 376 230 touchmove 247 47 0.17379546165466 0.17379546165466 0 fine 0
this_looks_fine 1583392004415 376 230 touchmove 263 35 0.17379546165466 0.17379546165466 0 fine 0
this_looks_fine 1583392004431 376 230 touchmove 274 27 0.17379546165466 0.17379546165466 0 fine 0
this_looks_fine 1583392004448 376 230 touchmove 280 22 0.17379546165466 0.17379546165466 0 fine 0
this_looks_fine 1583392004465 376 230 touchmove 286 19 0.17379546165466 0.17379546165466 0 fine 0
this_looks_fine 1583392004483 376 230 touchmove 291 16 0.17379546165466 0.17379546165466 0 fine 0
this_looks_fine 1583392004499 376 230 touchmove 293 15 0.17379546165466 0.17379546165466 0 fine 0
this_looks_fine 1583392004514 376 230 touchmove 294 14 0.17379546165466 0.17379546165466 0 fine 0
this_looks_fine 1583392004531 376 230 touchmove 295 14 0.17379546165466 0.17379546165466 0 fine 0
this_looks_fine 1583392004548 376 230 touchmove 295 14 0.34759092330933 0.34759092330933 0 fine 0
this_looks_fine 1583392004614 376 230 touchmove 295 15 0.34759092330933 0.34759092330933 0 fine 0
this_looks_fine 1583392004631 376 230 touchmove 295 15 0.34759092330933 0.34759092330933 0 fine 0
this_looks_fine 1583392004649 376 230 touchmove 295 17 0.34759092330933 0.34759092330933 0 fine 0
this_looks_fine 1583392004666 376 230 touchmove 296 24 0.34759092330933 0.34759092330933 0 fine 0
this_looks_fine 1583392004682 376 230 touchmove 295 43 0.34759092330933 0.34759092330933 0 fine 0
this_looks_fine 1583392004698 376 230 touchmove 293 68 0.34759092330933 0.34759092330933 0 fine 0
this_looks_fine 1583392004715 376 230 touchmove 290 95 0.34759092330933 0.34759092330933 0 fine 0
this_looks_fine 1583392004732 376 230 touchmove 287 118 0.34759092330933 0.34759092330933 0 fine 0
this_looks_fine 1583392004749 376 230 touchmove 286 137 0.34759092330933 0.34759092330933 0 fine 0
this_looks_fine 1583392004768 376 230 touchmove 286 149 0.34759092330933 0.34759092330933 0 fine 0
this_looks_fine 1583392004786 376 230 touchmove 286 158 0.34759092330933 0.34759092330933 0 fine 0
this_looks_fine 1583392004798 376 230 touchmove 285 163 0.34759092330933 0.34759092330933 0 fine 0
this_looks_fine 1583392004816 376 230 touchmove 285 166 0.34759092330933 0.34759092330933 0 fine 0
this_looks_fine 1583392004850 376 230 touchmove 284 167 0.34759092330933 0.34759092330933 0 fine 0
this_looks_fine 1583392004866 376 230 touchmove 283 169 0.34759092330933 0.34759092330933 0 fine 0
this_looks_fine 1583392004886 376 230 touchmove 282 171 0.34759092330933 0.34759092330933 0 fine 0
this_looks_fine 1583392004899 376 230 touchmove 281 172 0.34759092330933 0.34759092330933 0 fine 0
this_looks_fine 1583392004916 376 230 touchmove 280 174 0.34759092330933 0.34759092330933 0 fine 0
this_looks_fine 1583392004932 376 230 touchmove 280 174 0.34759092330933 0.34759092330933 0 fine 0
this_looks_fine 1583392004949 376 230 touchmove 279 175 0.34759092330933 0.34759092330933 0 fine 0
this_looks_fine 1583392004967 376 230 touchmove 279 175 0.34759092330933 0.34759092330933 0 fine 0
this_looks_fine 1583392004983 376 230 touchmove 279 175 0.34759092330933 0.34759092330933 0 fine 0
this_looks_fine 1583392004999 376 230 touchmove 279 175 0.34759092330933 0.34759092330933 0 fine 0
this_looks_fine 1583392005018 376 230 touchmove 278 175 0.34759092330933 0.34759092330933 0 fine 0
this_looks_fine 1583392005032 376 230 touchmove 278 176 0.34759092330933 0.34759092330933 0 fine 0
this_looks_fine 1583392005050 376 230 touchmove 277 176 0.34759092330933 0.34759092330933 0 fine 0
this_looks_fine 1583392005065 376 230 touchmove 277 176 0.34759092330933 0.34759092330933 0 fine 0
this_looks_fine 1583392005084 376 230 touchmove 276 176 0.34759092330933 0.34759092330933 0 fine 0
this_looks_fine 1583392005100 376 230 touchmove 274 176 0.34759092330933 0.34759092330933 0 fine 0
this_looks_fine 1583392005116 376 230 touchmove 268 174 0.34759092330933 0.34759092330933 0 fine 0
this_looks_fine 1583392005136 376 230 touchmove 261 169 0.34759092330933 0.34759092330933 0 fine 0
this_looks_fine 1583392005151 376 230 touchmove 251 163 0.34759092330933 0.34759092330933 0 fine 0
this_looks_fine 1583392005167 376 230 touchmove 242 153 0.34759092330933 0.34759092330933 0 fine 0
this_looks_fine 1583392005183 376 230 touchmove 233 145 0.34759092330933 0.34759092330933 0 fine 0
this_looks_fine 1583392005200 376 230 touchmove 224 135 0.34759092330933 0.34759092330933 0 fine 0
this_looks_fine 1583392005216 376 230 touchmove 214 126 0.34759092330933 0.34759092330933 0 fine 0
this_looks_fine 1583392005233 376 230 touchmove 204 117 0.34759092330933 0.34759092330933 0 fine 0
this_looks_fine 1583392005249 376 230 touchmove 195 109 0.34759092330933 0.34759092330933 0 fine 0
this_looks_fine 1583392005265 376 230 touchmove 188 102 0.34759092330933 0.34759092330933 0 fine 0
this_looks_fine 1583392005284 376 230 touchmove 182 96 0.34759092330933 0.34759092330933 0 fine 0
this_looks_fine 1583392005300 376 230 touchmove 177 92 0.34759092330933 0.34759092330933 0 fine 0
this_looks_fine 1583392005317 376 230 touchmove 172 88 0.34759092330933 0.34759092330933 0 fine 0
this_looks_fine 1583392005335 376 230 touchmove 165 83 0.34759092330933 0.34759092330933 0 fine 0
this_looks_fine 1583392005348 376 230 touchmove 158 77 0.34759092330933 0.34759092330933 0 fine 0
this_looks_fine 1583392005366 376 230 touchmove 152 71 0.34759092330933 0.34759092330933 0 fine 0
this_looks_fine 1583392005384 376 230 touchmove 144 65 0.34759092330933 0.34759092330933 0 fine 0
this_looks_fine 1583392005399 376 230 touchmove 137 59 0.34759092330933 0.34759092330933 0 fine 0
this_looks_fine 1583392005415 376 230 touchmove 128 52 0.34759092330933 0.34759092330933 0 fine 0
this_looks_fine 1583392005431 376 230 touchmove 119 44 0.34759092330933 0.34759092330933 0 fine 0
this_looks_fine 1583392005448 376 230 touchmove 109 37 0.34759092330933 0.34759092330933 0 fine 0
this_looks_fine 1583392005466 376 230 touchmove 100 30 0.34759092330933 0.34759092330933 0 fine 0
this_looks_fine 1583392005483 376 230 touchmove 92 24 0.34759092330933 0.34759092330933 0 fine 0
this_looks_fine 1583392005498 376 230 touchmove 87 19 0.34759092330933 0.34759092330933 0 fine 0
this_looks_fine 1583392005517 376 230 touchmove 83 16 0.34759092330933 0.34759092330933 0 fine 0
this_looks_fine 1583392005533 376 230 touchmove 82 14 0.34759092330933 0.34759092330933 0 fine 0
this_looks_fine 1583392005549 376 230 touchmove 81 14 0.34759092330933 0.34759092330933 0 fine 0
this_looks_fine 1583392005571 376 230 touchmove 82 15 0.34759092330933 0.34759092330933 0 fine 0
this_looks_fine 1583392005589 376 230 touchend 82 15 0.34759092330933 0.34759092330933 0 fine 0
see_you_on_the_third 1583392009999 376 230 touchstart 77 107 0.34759092330933 0.34759092330933 0 see 0
see_you_on_the_third 1583392010093 376 230 touchmove 77 106 0.34759092330933 0.34759092330933 0 see 0
see_you_on_the_third 1583392010117 376 230 touchmove 79 99 0.34759092330933 0.34759092330933 0 see 0
see_you_on_the_third 1583392010134 376 230 touchmove 82 92 0.34759092330933 0.34759092330933 0 see 0
see_you_on_the_third 1583392010149 376 230 touchmove 85 86 0.34759092330933 0.34759092330933 0 see 0
see_you_on_the_third 1583392010166 376 230 touchmove 88 82 0.34759092330933 0.34759092330933 0 see 0
see_you_on_the_third 1583392010186 376 230 touchmove 90 78 0.34759092330933 0.34759092330933 0 see 0
see_you_on_the_third 1583392010200 376 230 touchmove 91 76 0.34759092330933 0.34759092330933 0 see 0
see_you_on_the_third 1583392010215 376 230 touchmove 93 72 0.34759092330933 0.34759092330933 0 see 0
see_you_on_the_third 1583392010233 376 230 touchmove 96 67 0.34759092330933 0.34759092330933 0 see 0
see_you_on_the_third 1583392010250 376 230 touchmove 98 61 0.34759092330933 0.34759092330933 0 see 0
see_you_on_the_third 1583392010265 376 230 touchmove 102 56 0.34759092330933 0.34759092330933 0 see 0
see_you_on_the_third 1583392010282 376 230 touchmove 105 52 0.34759092330933 0.34759092330933 0 see 0
see_you_on_the_third 1583392010299 376 230 touchmove 108 49 0.34759092330933 0.34759092330933 0 see 0
see_you_on_the_third 1583392010317 376 230 touchmove 109 47 0.34759092330933 0.34759092330933 0 see 0
see_you_on_the_third 1583392010333 376 230 touchmove 111 46 0.34759092330933 0.34759092330933 0 see 0
see_you_on_the_third 1583392010349 376 230 touchmove 114 43 0.34759092330933 0.34759092330933 0 see 0
see_you_on_the_third 1583392010367 376 230 touchmove 118 38 0.34759092330933 0.34759092330933 0 see 0
see_you_on_the_third 1583392010382 376 230 touchmove 125 34 0.34759092330933 0.34759092330933 0 see 0
see_you_on_the_third 1583392010400 376 230 touchmove 130 30 0.34759092330933 0.34759092330933 0 see 0
see_you_on_the_third 1583392010416 376 230 touchmove 135 28 0.34759092330933 0.34759092330933 0 see 0
see_you_on_the_third 1583392010431 376 230 touchmove 139 25 0.34759092330933 0.34759092330933 0 see 0
see_you_on_the_third 1583392010448 376 230 touchmove 144 22 0.34759092330933 0.34759092330933 0 see 0
see_you_on_the_third 1583392010460 376 230 touchmove 146 21 0.34759092330933 0.34759092330933 0 see 0
see_you_on_the_third 1583392010463 376 230 touchend 146 21 0.34759092330933 0.34759092330933 0 see 0
see_you_on_the_third 1583392011737 376 230 touchstart 106 140 0.34759092330933 0.34759092330933 0 you 1
see_you_on_the_third 1583392011767 376 230 touchmove 110 138 0.34759092330933 0.34759092330933 0 you 1
see_you_on_the_third 1583392011783 376 230 touchmove 125 131 0.34759092330933 0.34759092330933 0 you 1
see_you_on_the_third 1583392011800 376 230 touchmove 145 124 0.34759092330933 0.34759092330933 0 you 1
see_you_on_the_third 1583392011818 376 230 touchmove 168 121 0.34759092330933 0.34759092330933 0 you 1
see_you_on_the_third 1583392011835 376 230 touchmove 191 119 0.34759092330933 0.34759092330933 0 you 1
see_you_on_the_third 1583392011853 376 230 touchmove 214 119 0.34759092330933 0.34759092330933 0 you 1
see_you_on_the_third 1583392011866 376 230 touchmove 232 122 0.34759092330933 0.34759092330933 0 you 1
see_you_on_the_third 1583392011885 376 230 touchmove 247 125 0.34759092330933 0.34759092330933 0 you 1
see_you_on_the_third 1583392011899 376 230 touchmove 256 126 0.34759092330933 0.34759092330933 0 you 1
see_you_on_the_third 1583392011916 376 230 touchmove 263 127 0.34759092330933 0.34759092330933 0 you 1
see_you_on_the_third 1583392011933 376 230 touchmove 269 128 0.34759092330933 0.34759092330933 0 you 1
see_you_on_the_third 1583392011949 376 230 touchmove 275 127 0.34759092330933 0.34759092330933 0 you 1
see_you_on_the_third 1583392011961 376 230 touchmove 278 127 0.34759092330933 0.34759092330933 0 you 1
see_you_on_the_third 1583392011967 376 230 touchend 278 127 0.34759092330933 0.34759092330933 0 you 1
see_you_on_the_third 1583392012407 376 230 touchstart 142 92 0.34759092330933 0.34759092330933 0 you 1
see_you_on_the_third 1583392012433 376 230 touchmove 144 88 0.34759092330933 0.34759092330933 0 you 1
see_you_on_the_third 1583392012449 376 230 touchmove 147 80 0.34759092330933 0.34759092330933 0 you 1
see_you_on_the_third 1583392012466 376 230 touchmove 154 70 0.34759092330933 0.34759092330933 0 you 1
see_you_on_the_third 1583392012482 376 230 touchmove 161 58 0.34759092330933 0.34759092330933 0 you 1
see_you_on_the_third 1583392012500 376 230 touchmove 171 45 0.34759092330933 0.34759092330933 0 you 1
see_you_on_the_third 1583392012516 376 230 touchmove 183 31 0.34759092330933 0.34759092330933 0 you 1
see_you_on_the_third 1583392012533 376 230 touchmove 194 19 0.34759092330933 0.34759092330933 0 you 1
see_you_on_the_third 1583392012549 376 230 touchmove 204 9 0.34759092330933 0.34759092330933 0 you 1
see_you_on_the_third 1583392012566 376 230 touchmove 214 1 0.34759092330933 0.34759092330933 0 you 1
see_you_on_the_third 1583392012582 376 230 touchmove 223 -6 0.34759092330933 0.34759092330933 0 you 1
see_you_on_the_third 1583392012598 376 230 touchmove 230 -12 0.34759092330933 0.34759092330933 0 you 1
see_you_on_the_third 1583392012615 376 230 touchmove 236 -15 0.34759092330933 0.34759092330933 0 you 1
see_you_on_the_third 1583392012632 376 230 touchmove 239 -17 0.34759092330933 0.34759092330933 0 you 1
see_you_on_the_third 1583392012649 376 230 touchmove 244 -18 0.34759092330933 0.34759092330933 0 you 1
see_you_on_the_third 1583392012665 376 230 touchmove 247 -18 0.34759092330933 0.34759092330933 0 you 1
see_you_on_the_third 1583392012686 376 230 touchmove 251 -18 0.34759092330933 0.34759092330933 0 you 1
see_you_on_the_third 1583392012699 376 230 touchmove 255 -17 0.34759092330933 0.34759092330933 0 you 1
see_you_on_the_third 1583392012718 376 230 touchmove 259 -15 0.34759092330933 0.34759092330933 0 you 1
see_you_on_the_third 1583392012732 376 230 touchmove 263 -11 0.34759092330933 0.34759092330933 0 you 1
see_you_on_the_third 1583392012748 376 230 touchmove 267 -7 0.34759092330933 0.34759092330933 0 you 1
see_you_on_the_third 1583392012765 376 230 touchmove 270 -2 0.34759092330933 0.34759092330933 0 you 1
see_you_on_the_third 1583392012781 376 230 touchmove 273 3 0.34759092330933 0.34759092330933 0 you 1
see_you_on_the_third 1583392012798 376 230 touchmove 275 8 0.34759092330933 0.34759092330933 0 you 1
see_you_on_the_third 1583392012815 376 230 touchmove 277 14 0.34759092330933 0.34759092330933 0 you 1
see_you_on_the_third 1583392012832 376 230 touchmove 280 23 0.34759092330933 0.34759092330933 0 you 1
see_you_on_the_third 1583392012848 376 230 touchmove 281 37 0.34759092330933 0.34759092330933 0 you 1
see_you_on_the_third 1583392012866 376 230 touchmove 283 50 0.34759092330933 0.34759092330933 0 you 1
see_you_on_the_third 1583392012882 376 230 touchmove 283 67 0.34759092330933 0.34759092330933 0 you 1
see_you_on_the_third 1583392012901 376 230 touchmove 283 84 0.34759092330933 0.34759092330933 0 you 1
see_you_on_the_third 1583392012909 376 230 touchmove 282 92 0.34759092330933 0.34759092330933 0 you 1
see_you_on_the_third 1583392012913 376 230 touchend 282 92 0.34759092330933 0.34759092330933 0 you 1
see_you_on_the_third 1583392015567 376 230 touchstart 206 32 0.34759092330933 0.34759092330933 0 you 1
see_you_on_the_third 1583392015583 376 230 touchmove 206 33 0.34759092330933 0.34759092330933 0 you 1
see_you_on_the_third 1583392015601 376 230 touchmove 209 38 0.34759092330933 0.34759092330933 0 you 1
see_you_on_the_third 1583392015618 376 230 touchmove 212 46 0.34759092330933 0.34759092330933 0 you 1
see_you_on_the_third 1583392015634 376 230 touchmove 218 58 0.34759092330933 0.34759092330933 0 you 1
see_you_on_the_third 1583392015650 376 230 touchmove 225 71 0.34759092330933 0.34759092330933 0 you 1
see_you_on_the_third 1583392015668 376 230 touchmove 231 82 0.34759092330933 0.34759092330933 0 you 1
see_you_on_the_third 1583392015686 376 230 touchmove 237 93 0.34759092330933 0.34759092330933 0 you 1
see_you_on_the_third 1583392015700 376 230 touchmove 243 101 0.34759092330933 0.34759092330933 0 you 1
see_you_on_the_third 1583392015716 376 230 touchmove 248 110 0.34759092330933 0.34759092330933 0 you 1
see_you_on_the_third 1583392015736 376 230 touchmove 252 116 0.34759092330933 0.34759092330933 0 you 1
see_you_on_the_third 1583392015754 376 230 touchmove 255 122 0.34759092330933 0.34759092330933 0 you 1
see_you_on_the_third 1583392015766 376 230 touchmove 258 127 0.34759092330933 0.34759092330933 0 you 1
see_you_on_the_third 1583392015783 376 230 touchmove 260 130 0.34759092330933 0.34759092330933 0 you 1
see_you_on_the_third 1583392015802 376 230 touchmove 260 132 0.34759092330933 0.34759092330933 0 you 1
see_you_on_the_third 1583392015815 376 230 touchmove 260 133 0.34759092330933 0.34759092330933 0 you 1
see_you_on_the_third 1583392015823 376 230 touchend 260 133 0.34759092330933 0.34759092330933 0 you 1
see_you_on_the_third 1583392016587 376 230 touchstart 195 31 0.34759092330933 0.34759092330933 0 you 0
see_you_on_the_third 1583392016599 376 230 touchmove 196 31 0.34759092330933 0.34759092330933 0 you 0
see_you_on_the_third 1583392016618 376 230 touchmove 202 35 0.34759092330933 0.34759092330933 0 you 0
see_you_on_the_third 1583392016633 376 230 touchmove 209 41 0.34759092330933 0.34759092330933 0 you 0
see_you_on_the_third 1583392016649 376 230 touchmove 216 45 0.34759092330933 0.34759092330933 0 you 0
see_you_on_the_third 1583392016666 376 230 touchmove 223 49 0.34759092330933 0.34759092330933 0 you 0
see_you_on_the_third 1583392016682 376 230 touchmove 228 52 0.34759092330933 0.34759092330933 0 you 0
see_you_on_the_third 1583392016699 376 230 touchmove 230 53 0.34759092330933 0.34759092330933 0 you 0
see_you_on_the_third 1583392016716 376 230 touchmove 234 54 0.34759092330933 0.34759092330933 0 you 0
see_you_on_the_third 1583392016732 376 230 touchmove 237 55 0.34759092330933 0.34759092330933 0 you 0
see_you_on_the_third 1583392016749 376 230 touchmove 241 56 0.34759092330933 0.34759092330933 0 you 0
see_you_on_the_third 1583392016765 376 230 touchmove 244 56 0.34759092330933 0.34759092330933 0 you 0
see_you_on_the_third 1583392016783 376 230 touchmove 247 56 0.34759092330933 0.34759092330933 0 you 0
see_you_on_the_third 1583392016799 376 230 touchmove 250 56 0.34759092330933 0.34759092330933 0 you 0
see_you_on_the_third 1583392016816 376 230 touchmove 253 55 0.34759092330933 0.34759092330933 0 you 0
see_you_on_the_third 1583392016832 376 230 touchmove 256 54 0.34759092330933 0.34759092330933 0 you 0
see_you_on_the_third 1583392016848 376 230 touchmove 262 53 0.34759092330933 0.34759092330933 0 you 0
see_you_on_the_third 1583392016865 376 230 touchmove 267 52 0.34759092330933 0.34759092330933 0 you 0
see_you_on_the_third 1583392016882 376 230 touchmove 272 52 0.34759092330933 0.34759092330933 0 you 0
see_you_on_the_third 1583392016898 376 230 touchmove 276 51 0.34759092330933 0.34759092330933 0 you 0
see_you_on_the_third 1583392016915 376 230 touchmove 280 50 0.34759092330933 0.34759092330933 0 you 0
see_you_on_the_third 1583392016931 376 230 touchmove 285 47 0.34759092330933 0.34759092330933 0 you 0
see_you_on_the_third 1583392016949 376 230 touchmove 290 45 0.34759092330933 0.34759092330933 0 you 0
see_you_on_the_third 1583392016965 376 230 touchmove 295 42 0.34759092330933 0.34759092330933 0 you 0
see_you_on_the_third 1583392016982 376 230 touchmove 299 39 0.34759092330933 0.34759092330933 0 you 0
see_you_on_the_third 1583392016998 376 230 touchmove 303 37 0.34759092330933 0.34759092330933 0 you 0
see_you_on_the_third 1583392017016 376 230 touchmove 307 34 0.34759092330933 0.34759092330933 0 you 0
see_you_on_the_third 1583392017031 376 230 touchmove 312 32 0.34759092330933 0.34759092330933 0 you 0
see_you_on_the_third 1583392017049 376 230 touchmove 316 30 0.34759092330933 0.34759092330933 0 you 0
see_you_on_the_third 1583392017066 376 230 touchmove 318 29 0.34759092330933 0.34759092330933 0 you 0
see_you_on_the_third 1583392017082 376 230 touchmove 320 28 0.34759092330933 0.34759092330933 0 you 0
see_you_on_the_third 1583392017099 376 230 touchmove 321 28 0.34759092330933 0.34759092330933 0 you 0
see_you_on_the_third 1583392017115 376 230 touchmove 321 28 0.34759092330933 0.34759092330933 0 you 0
see_you_on_the_third 1583392017134 376 230 touchmove 322 28 0.34759092330933 0.34759092330933 0 you 0
see_you_on_the_third 1583392017148 376 230 touchmove 322 28 0.34759092330933 0.34759092330933 0 you 0
see_you_on_the_third 1583392017168 376 230 touchmove 322 28 0.34759092330933 0.34759092330933 0 you 0
see_you_on_the_third 1583392017182 376 230 touchmove 323 28 0.34759092330933 0.34759092330933 0 you 0
see_you_on_the_third 1583392017198 376 230 touchmove 323 28 0.34759092330933 0.34759092330933 0 you 0
see_you_on_the_third 1583392017215 376 230 touchmove 324 28 0.34759092330933 0.34759092330933 0 you 0
see_you_on_the_third 1583392017245 376 230 touchmove 324 27 0.34759092330933 0.34759092330933 0 you 0
see_you_on_the_third 1583392017300 376 230 touchmove 322 27 0.34759092330933 0.34759092330933 0 you 0
see_you_on_the_third 1583392017317 376 230 touchmove 318 28 0.34759092330933 0.34759092330933 0 you 0
see_you_on_the_third 1583392017336 376 230 touchmove 313 28 0.34759092330933 0.34759092330933 0 you 0
see_you_on_the_third 1583392017350 376 230 touchmove 301 28 0.34759092330933 0.34759092330933 0 you 0
see_you_on_the_third 1583392017366 376 230 touchmove 287 29 0.34759092330933 0.34759092330933 0 you 0
see_you_on_the_third 1583392017381 376 230 touchmove 273 29 0.34759092330933 0.34759092330933 0 you 0
see_you_on_the_third 1583392017398 376 230 touchmove 266 29 0.34759092330933 0.34759092330933 0 you 0
see_you_on_the_third 1583392017415 376 230 touchmove 261 28 0.34759092330933 0.34759092330933 0 you 0
see_you_on_the_third 1583392017432 376 230 touchmove 254 28 0.34759092330933 0.34759092330933 0 you 0
see_you_on_the_third 1583392017448 376 230 touchmove 248 27 0.34759092330933 0.34759092330933 0 you 0
see_you_on_the_third 1583392017465 376 230 touchmove 243 27 0.34759092330933 0.34759092330933 0 you 0
see_you_on_the_third 1583392017482 376 230 touchmove 239 26 0.34759092330933 0.34759092330933 0 you 0
see_you_on_the_third 1583392017500 376 230 touchmove 236 26 0.34759092330933 0.34759092330933 0 you 0
see_you_on_the_third 1583392017516 376 230 touchmove 236 26 0.34759092330933 0.34759092330933 0 you 0
see_you_on_the_third 1583392017533 376 230 touchmove 236 26 0.34759092330933 0.34759092330933 0 you 0
see_you_on_the_third 1583392017548 376 230 touchmove 236 25 0.34759092330933 0.34759092330933 0 you 0
see_you_on_the_third 1583392017565 376 230 touchmove 239 22 0.34759092330933 0.34759092330933 0 you 0
see_you_on_the_third 1583392017577 376 230 touchmove 241 22 0.34759092330933 0.34759092330933 0 you 0
see_you_on_the_third 1583392017581 376 230 touchend 241 22 0.34759092330933 0.34759092330933 0 you 0
see_you_on_the_third 1583392018978 376 230 touchstart 335 17 0.17379546165466 0.17379546165466 0 on 0
see_you_on_the_third 1583392019051 376 230 touchmove 334 17 0.17379546165466 0.17379546165466 0 on 0
see_you_on_the_third 1583392019077 376 230 touchmove 326 26 0.17379546165466 0.17379546165466 0 on 0
see_you_on_the_third 1583392019101 376 230 touchmove 319 36 0.17379546165466 0.17379546165466 0 on 0
see_you_on_the_third 1583392019117 376 230 touchmove 311 51 0.17379546165466 0.17379546165466 0 on 0
see_you_on_the_third 1583392019134 376 230 touchmove 306 65 0.17379546165466 0.17379546165466 0 on 0
see_you_on_the_third 1583392019149 376 230 touchmove 300 81 0.17379546165466 0.17379546165466 0 on 0
see_you_on_the_third 1583392019168 376 230 touchmove 292 99 0.17379546165466 0.17379546165466 0 on 0
see_you_on_the_third 1583392019183 376 230 touchmove 285 115 0.17379546165466 0.17379546165466 0 on 0
see_you_on_the_third 1583392019199 376 230 touchmove 279 129 0.17379546165466 0.17379546165466 0 on 0
see_you_on_the_third 1583392019215 376 230 touchmove 273 142 0.17379546165466 0.17379546165466 0 on 0
see_you_on_the_third 1583392019232 376 230 touchmove 269 152 0.17379546165466 0.17379546165466 0 on 0
see_you_on_the_third 1583392019250 376 230 touchmove 266 158 0.17379546165466 0.17379546165466 0 on 0
see_you_on_the_third 1583392019267 376 230 touchmove 263 163 0.17379546165466 0.17379546165466 0 on 0
see_you_on_the_third 1583392019285 376 230 touchmove 261 166 0.17379546165466 0.17379546165466 0 on 0
see_you_on_the_third 1583392019300 376 230 touchmove 259 169 0.17379546165466 0.17379546165466 0 on 0
see_you_on_the_third 1583392019358 376 230 touchmove 258 170 0.17379546165466 0.17379546165466 0 on 0
see_you_on_the_third 1583392019366 376 230 touchmove 257 173 0.17379546165466 0.17379546165466 0 on 0
see_you_on_the_third 1583392019382 376 230 touchmove 256 173 0.17379546165466 0.17379546165466 0 on 0
see_you_on_the_third 1583392019402 376 230 touchend 256 173 0.17379546165466 0.17379546165466 0 on 0
see_you_on_the_third 1583392020436 376 230 touchstart 171 29 0.34759092330933 0.34759092330933 0 the 0
see_you_on_the_third 1583392020498 376 230 touchmove 179 37 0.34759092330933 0.34759092330933 0 the 0
see_you_on_the_third 1583392020517 376 230 touchmove 189 45 0.34759092330933 0.34759092330933 0 the 0
see_you_on_the_third 1583392020534 376 230 touchmove 201 55 0.34759092330933 0.34759092330933 0 the 0
see_you_on_the_third 1583392020548 376 230 touchmove 212 66 0.34759092330933 0.34759092330933 0 the 0
see_you_on_the_third 1583392020568 376 230 touchmove 220 74 0.34759092330933 0.34759092330933 0 the 0
see_you_on_the_third 1583392020585 376 230 touchmove 225 81 0.34759092330933 0.34759092330933 0 the 0
see_you_on_the_third 1583392020599 376 230 touchmove 230 87 0.34759092330933 0.34759092330933 0 the 0
see_you_on_the_third 1583392020618 376 230 touchmove 233 93 0.34759092330933 0.34759092330933 0 the 0
see_you_on_the_third 1583392020632 376 230 touchmove 236 98 0.34759092330933 0.34759092330933 0 the 0
see_you_on_the_third 1583392020650 376 230 touchmove 238 102 0.34759092330933 0.34759092330933 0 the 0
see_you_on_the_third 1583392020667 376 230 touchmove 240 103 0.34759092330933 0.34759092330933 0 the 0
see_you_on_the_third 1583392020683 376 230 touchmove 241 106 0.34759092330933 0.34759092330933 0 the 0
see_you_on_the_third 1583392020700 376 230 touchmove 242 108 0.34759092330933 0.34759092330933 0 the 0
see_you_on_the_third 1583392020717 376 230 touchmove 243 109 0.34759092330933 0.34759092330933 0 the 0
see_you_on_the_third 1583392020733 376 230 touchmove 243 109 0.34759092330933 0.34759092330933 0 the 0
see_you_on_the_third 1583392020750 376 230 touchmove 241 109 0.34759092330933 0.34759092330933 0 the 0
see_you_on_the_third 1583392020764 376 230 touchmove 230 103 0.34759092330933 0.34759092330933 0 the 0
see_you_on_the_third 1583392020783 376 230 touchmove 211 94 0.34759092330933 0.34759092330933 0 the 0
see_you_on_the_third 1583392020798 376 230 touchmove 187 83 0.34759092330933 0.34759092330933 0 the 0
see_you_on_the_third 1583392020817 376 230 touchmove 165 73 0.34759092330933 0.34759092330933 0 the 0
see_you_on_the_third 1583392020832 376 230 touchmove 145 64 0.34759092330933 0.34759092330933 0 the 0
see_you_on_the_third 1583392020847 376 230 touchmove 129 59 0.34759092330933 0.34759092330933 0 the 0
see_you_on_the_third 1583392020867 376 230 touchmove 118 56 0.34759092330933 0.34759092330933 0 the 0
see_you_on_the_third 1583392020884 376 230 touchmove 113 54 0.34759092330933 0.34759092330933 0 the 0
see_you_on_the_third 1583392020899 376 230 touchmove 106 53 0.34759092330933 0.34759092330933 0 the 0
see_you_on_the_third 1583392020917 376 230 touchmove 100 52 0.34759092330933 0.34759092330933 0 the 0
see_you_on_the_third 1583392020933 376 230 touchmove 95 52 0.34759092330933 0.34759092330933 0 the 0
see_you_on_the_third 1583392020949 376 230 touchmove 91 51 0.34759092330933 0.34759092330933 0 the 0
see_you_on_the_third 1583392020965 376 230 touchmove 87 50 0.34759092330933 0.34759092330933 0 the 0
see_you_on_the_third 1583392020982 376 230 touchmove 84 48 0.34759092330933 0.34759092330933 0 the 0
see_you_on_the_third 1583392020999 376 230 touchmove 82 47 0.34759092330933 0.34759092330933 0 the 0
see_you_on_the_third 1583392021016 376 230 touchmove 81 45 0.34759092330933 0.34759092330933 0 the 0
see_you_on_the_third 1583392021032 376 230 touchmove 80 44 0.34759092330933 0.34759092330933 0 the 0
see_you_on_the_third 1583392021049 376 230 touchmove 79 43 0.34759092330933 0.34759092330933 0 the 0
see_you_on_the_third 1583392021066 376 230 touchmove 79 42 0.34759092330933 0.34759092330933 0 the 0
see_you_on_the_third 1583392021087 376 230 touchmove 80 42 0.34759092330933 0.34759092330933 0 the 0
see_you_on_the_third 1583392021105 376 230 touchmove 80 42 0.34759092330933 0.34759092330933 0 the 0
see_you_on_the_third 1583392021118 376 230 touchmove 81 42 0.34759092330933 0.34759092330933 0 the 0
see_you_on_the_third 1583392021124 376 230 touchend 81 42 0.34759092330933 0.34759092330933 0 the 0
see_you_on_the_third 1583392022240 376 230 touchstart 170 13 0.17379546165466 0.17379546165466 0 third 0
see_you_on_the_third 1583392022249 376 230 touchmove 170 14 0.17379546165466 0.17379546165466 0 third 0
see_you_on_the_third 1583392022265 376 230 touchmove 173 20 0.17379546165466 0.17379546165466 0 third 0
see_you_on_the_third 1583392022282 376 230 touchmove 180 34 0.17379546165466 0.17379546165466 0 third 0
see_you_on_the_third 1583392022298 376 230 touchmove 192 49 0.17379546165466 0.17379546165466 0 third 0
see_you_on_the_third 1583392022316 376 230 touchmove 206 64 0.17379546165466 0.17379546165466 0 third 0
see_you_on_the_third 1583392022331 376 230 touchmove 220 77 0.17379546165466 0.17379546165466 0 third 0
see_you_on_the_third 1583392022348 376 230 touchmove 231 89 0.17379546165466 0.17379546165466 0 third 0
see_you_on_the_third 1583392022364 376 230 touchmove 240 98 0.17379546165466 0.17379546165466 0 third 0
see_you_on_the_third 1583392022381 376 230 touchmove 247 104 0.17379546165466 0.17379546165466 0 third 0
see_you_on_the_third 1583392022400 376 230 touchmove 251 109 0.17379546165466 0.17379546165466 0 third 0
see_you_on_the_third 1583392022415 376 230 touchmove 252 111 0.17379546165466 0.17379546165466 0 third 0
see_you_on_the_third 1583392022432 376 230 touchmove 252 111 0.17379546165466 0.17379546165466 0 third 0
see_you_on_the_third 1583392022449 376 230 touchmove 252 112 0.17379546165466 0.17379546165466 0 third 0
see_you_on_the_third 1583392022480 376 230 touchmove 252 112 0.17379546165466 0.17379546165466 0 third 0
see_you_on_the_third 1583392022513 376 230 touchmove 252 112 0.17379546165466 0.17379546165466 0 third 0
see_you_on_the_third 1583392022545 376 230 touchmove 252 113 0.17379546165466 0.17379546165466 0 third 0
see_you_on_the_third 1583392022577 376 230 touchmove 252 113 0.17379546165466 0.17379546165466 0 third 0
see_you_on_the_third 1583392022611 376 230 touchmove 252 114 0.17379546165466 0.17379546165466 0 third 0
see_you_on_the_third 1583392022634 376 230 touchmove 251 114 0.17379546165466 0.17379546165466 0 third 0
see_you_on_the_third 1583392022650 376 230 touchmove 251 114 0.17379546165466 0.17379546165466 0 third 0
see_you_on_the_third 1583392022665 376 230 touchmove 249 114 0.17379546165466 0.17379546165466 0 third 0
see_you_on_the_third 1583392022682 376 230 touchmove 247 114 0.17379546165466 0.17379546165466 0 third 0
see_you_on_the_third 1583392022700 376 230 touchmove 244 113 0.17379546165466 0.17379546165466 0 third 0
see_you_on_the_third 1583392022716 376 230 touchmove 242 113 0.17379546165466 0.17379546165466 0 third 0
see_you_on_the_third 1583392022731 376 230 touchmove 239 112 0.17379546165466 0.17379546165466 0 third 0
see_you_on_the_third 1583392022748 376 230 touchmove 238 112 0.17379546165466 0.17379546165466 0 third 0
see_you_on_the_third 1583392022766 376 230 touchmove 236 111 0.17379546165466 0.17379546165466 0 third 0
see_you_on_the_third 1583392022782 376 230 touchmove 235 111 0.17379546165466 0.17379546165466 0 third 0
see_you_on_the_third 1583392022798 376 230 touchmove 234 111 0.17379546165466 0.17379546165466 0 third 0
see_you_on_the_third 1583392022814 376 230 touchmove 234 111 0.17379546165466 0.17379546165466 0 third 0
see_you_on_the_third 1583392022837 376 230 touchmove 234 111 0.17379546165466 0.17379546165466 0 third 0
see_you_on_the_third 1583392022861 376 230 touchmove 234 111 0.17379546165466 0.17379546165466 0 third 0
see_you_on_the_third 1583392022883 376 230 touchmove 234 109 0.17379546165466 0.17379546165466 0 third 0
see_you_on_the_third 1583392022898 376 230 touchmove 236 104 0.17379546165466 0.17379546165466 0 third 0
see_you_on_the_third 1583392022915 376 230 touchmove 243 96 0.17379546165466 0.17379546165466 0 third 0
see_you_on_the_third 1583392022931 376 230 touchmove 255 86 0.17379546165466 0.17379546165466 0 third 0
see_you_on_the_third 1583392022950 376 230 touchmove 269 74 0.17379546165466 0.17379546165466 0 third 0
see_you_on_the_third 1583392022965 376 230 touchmove 277 63 0.17379546165466 0.17379546165466 0 third 0
see_you_on_the_third 1583392022981 376 230 touchmove 283 54 0.17379546165466 0.17379546165466 0 third 0
see_you_on_the_third 1583392022998 376 230 touchmove 285 43 0.17379546165466 0.17379546165466 0 third 0
see_you_on_the_third 1583392023016 376 230 touchmove 287 36 0.17379546165466 0.17379546165466 0 third 0
see_you_on_the_third 1583392023034 376 230 touchmove 288 30 0.17379546165466 0.17379546165466 0 third 0
see_you_on_the_third 1583392023048 376 230 touchmove 290 29 0.17379546165466 0.17379546165466 0 third 0
see_you_on_the_third 1583392023066 376 230 touchmove 291 27 0.17379546165466 0.17379546165466 0 third 0
see_you_on_the_third 1583392023081 376 230 touchmove 292 26 0.17379546165466 0.17379546165466 0 third 0
see_you_on_the_third 1583392023098 376 230 touchmove 292 24 0.17379546165466 0.17379546165466 0 third 0
see_you_on_the_third 1583392023115 376 230 touchmove 293 23 0.34759092330933 0.34759092330933 0 third 0
see_you_on_the_third 1583392023131 376 230 touchmove 293 23 0.34759092330933 0.34759092330933 0 third 0
see_you_on_the_third 1583392023148 376 230 touchmove 293 23 0.34759092330933 0.34759092330933 0 third 0
see_you_on_the_third 1583392023165 376 230 touchmove 293 22 0.34759092330933 0.34759092330933 0 third 0
see_you_on_the_third 1583392023182 376 230 touchmove 293 22 0.34759092330933 0.34759092330933 0 third 0
see_you_on_the_third 1583392023199 376 230 touchmove 293 22 0.34759092330933 0.34759092330933 0 third 0
see_you_on_the_third 1583392023215 376 230 touchmove 291 22 0.34759092330933 0.34759092330933 0 third 0
see_you_on_the_third 1583392023231 376 230 touchmove 286 22 0.34759092330933 0.34759092330933 0 third 0
see_you_on_the_third 1583392023248 376 230 touchmove 277 25 0.34759092330933 0.34759092330933 0 third 0
see_you_on_the_third 1583392023265 376 230 touchmove 263 28 0.34759092330933 0.34759092330933 0 third 0
see_you_on_the_third 1583392023281 376 230 touchmove 244 32 0.34759092330933 0.34759092330933 0 third 0
see_you_on_the_third 1583392023298 376 230 touchmove 223 37 0.34759092330933 0.34759092330933 0 third 0
see_you_on_the_third 1583392023314 376 230 touchmove 202 41 0.34759092330933 0.34759092330933 0 third 0
see_you_on_the_third 1583392023332 376 230 touchmove 184 44 0.34759092330933 0.34759092330933 0 third 0
see_you_on_the_third 1583392023348 376 230 touchmove 172 46 0.34759092330933 0.34759092330933 0 third 0
see_you_on_the_third 1583392023365 376 230 touchmove 164 47 0.34759092330933 0.34759092330933 0 third 0
see_you_on_the_third 1583392023384 376 230 touchmove 158 48 0.34759092330933 0.34759092330933 0 third 0
see_you_on_the_third 1583392023398 376 230 touchmove 154 48 0.34759092330933 0.34759092330933 0 third 0
see_you_on_the_third 1583392023416 376 230 touchmove 151 48 0.34759092330933 0.34759092330933 0 third 0
see_you_on_the_third 1583392023431 376 230 touchmove 145 47 0.34759092330933 0.34759092330933 0 third 0
see_you_on_the_third 1583392023447 376 230 touchmove 140 46 0.34759092330933 0.34759092330933 0 third 0
see_you_on_the_third 1583392023464 376 230 touchmove 135 44 0.34759092330933 0.34759092330933 0 third 0
see_you_on_the_third 1583392023481 376 230 touchmove 131 42 0.34759092330933 0.34759092330933 0 third 0
see_you_on_the_third 1583392023500 376 230 touchmove 127 40 0.34759092330933 0.34759092330933 0 third 0
see_you_on_the_third 1583392023514 376 230 touchmove 124 38 0.34759092330933 0.34759092330933 0 third 0
see_you_on_the_third 1583392023531 376 230 touchmove 122 37 0.34759092330933 0.34759092330933 0 third 0
see_you_on_the_third 1583392023550 376 230 touchmove 121 35 0.34759092330933 0.34759092330933 0 third 0
see_you_on_the_third 1583392023566 376 230 touchmove 121 35 0.34759092330933 0.34759092330933 0 third 0
see_you_on_the_third 1583392023581 376 230 touchmove 120 34 0.34759092330933 0.34759092330933 0 third 0
see_you_on_the_third 1583392023599 376 230 touchmove 120 34 0.34759092330933 0.34759092330933 0 third 0
see_you_on_the_third 1583392023667 376 230 touchmove 122 34 0.34759092330933 0.34759092330933 0 third 0
see_you_on_the_third 1583392023686 376 230 touchmove 123 35 0.34759092330933 0.34759092330933 0 third 0
see_you_on_the_third 1583392023703 376 230 touchmove 125 36 0.34759092330933 0.34759092330933 0 third 0
see_you_on_the_third 1583392023720 376 230 touchmove 126 36 0.34759092330933 0.34759092330933 0 third 0
see_you_on_the_third 1583392023733 376 230 touchmove 127 37 0.34759092330933 0.34759092330933 0 third 0
see_you_on_the_third 1583392023750 376 230 touchmove 127 37 0.34759092330933 0.34759092330933 0 third 0
see_you_on_the_third 1583392023800 376 230 touchmove 126 36 0.34759092330933 0.34759092330933 0 third 0
see_you_on_the_third 1583392023816 376 230 touchmove 121 34 0.34759092330933 0.34759092330933 0 third 0
see_you_on_the_third 1583392023832 376 230 touchmove 114 32 0.34759092330933 0.34759092330933 0 third 0
see_you_on_the_third 1583392023849 376 230 touchmove 109 30 0.34759092330933 0.34759092330933 0 third 0
see_you_on_the_third 1583392023866 376 230 touchmove 104 28 0.34759092330933 0.34759092330933 0 third 0
see_you_on_the_third 1583392023884 376 230 touchmove 101 27 0.34759092330933 0.34759092330933 0 third 0
see_you_on_the_third 1583392023899 376 230 touchmove 100 26 0.34759092330933 0.34759092330933 0 third 0
see_you_on_the_third 1583392023915 376 230 touchmove 100 26 0.34759092330933 0.34759092330933 0 third 0
see_you_on_the_third 1583392023933 376 230 touchmove 100 25 0.34759092330933 0.34759092330933 0 third 0
see_you_on_the_third 1583392023950 376 230 touchmove 100 25 0.34759092330933 0.34759092330933 0 third 0
see_you_on_the_third 1583392023972 376 230 touchmove 100 25 0.34759092330933 0.34759092330933 0 third 0
see_you_on_the_third 1583392023983 376 230 touchmove 100 24 0.34759092330933 0.34759092330933 0 third 0
see_you_on_the_third 1583392024050 376 230 touchmove 100 25 0.34759092330933 0.34759092330933 0 third 0
see_you_on_the_third 1583392024072 376 230 touchmove 100 25 0.34759092330933 0.34759092330933 0 third 0
see_you_on_the_third 1583392024087 376 230 touchmove 99 26 0.34759092330933 0.34759092330933 0 third 0
see_you_on_the_third 1583392024103 376 230 touchmove 98 27 0.34759092330933 0.34759092330933 0 third 0
see_you_on_the_third 1583392024115 376 230 touchmove 95 32 0.34759092330933 0.34759092330933 0 third 0
see_you_on_the_third 1583392024134 376 230 touchmove 90 42 0.34759092330933 0.34759092330933 0 third 0
see_you_on_the_third 1583392024149 376 230 touchmove 87 53 0.34759092330933 0.34759092330933 0 third 0
see_you_on_the_third 1583392024167 376 230 touchmove 85 66 0.34759092330933 0.34759092330933 0 third 0
see_you_on_the_third 1583392024185 376 230 touchmove 84 79 0.34759092330933 0.34759092330933 0 third 0
see_you_on_the_third 1583392024198 376 230 touchmove 83 90 0.34759092330933 0.34759092330933 0 third 0
see_you_on_the_third 1583392024216 376 230 touchmove 82 99 0.34759092330933 0.34759092330933 0 third 0
see_you_on_the_third 1583392024240 376 230 touchmove 80 104 0.34759092330933 0.34759092330933 0 third 0
see_you_on_the_third 1583392024249 376 230 touchmove 78 107 0.34759092330933 0.34759092330933 0 third 0
see_you_on_the_third 1583392024267 376 230 touchmove 75 111 0.34759092330933 0.34759092330933 0 third 0
see_you_on_the_third 1583392024282 376 230 touchmove 73 114 0.34759092330933 0.34759092330933 0 third 0
see_you_on_the_third 1583392024299 376 230 touchmove 72 116 0.52138638496399 0.52138638496399 0 third 0
see_you_on_the_third 1583392024315 376 230 touchmove 71 117 0.52138638496399 0.52138638496399 0 third 0
see_you_on_the_third 1583392024333 376 230 touchmove 71 117 0.52138638496399 0.52138638496399 0 third 0
see_you_on_the_third 1583392024382 376 230 touchmove 71 117 0.52138638496399 0.52138638496399 0 third 0
see_you_on_the_third 1583392024436 376 230 touchmove 71 117 0.52138638496399 0.52138638496399 0 third 0
see_you_on_the_third 1583392024452 376 230 touchmove 71 117 0.52138638496399 0.52138638496399 0 third 0
see_you_on_the_third 1583392024467 376 230 touchmove 71 117 0.52138638496399 0.52138638496399 0 third 0
see_you_on_the_third 1583392024485 376 230 touchmove 71 117 0.52138638496399 0.52138638496399 0 third 0
see_you_on_the_third 1583392024499 376 230 touchmove 72 116 0.52138638496399 0.52138638496399 0 third 0
see_you_on_the_third 1583392024516 376 230 touchmove 72 116 0.52138638496399 0.52138638496399 0 third 0
see_you_on_the_third 1583392024532 376 230 touchmove 74 114 0.52138638496399 0.52138638496399 0 third 0
see_you_on_the_third 1583392024549 376 230 touchmove 78 110 0.52138638496399 0.52138638496399 0 third 0
see_you_on_the_third 1583392024566 376 230 touchmove 85 104 0.52138638496399 0.52138638496399 0 third 0
see_you_on_the_third 1583392024583 376 230 touchmove 91 101 0.52138638496399 0.52138638496399 0 third 0
see_you_on_the_third 1583392024599 376 230 touchmove 97 100 0.52138638496399 0.52138638496399 0 third 0
see_you_on_the_third 1583392024617 376 230 touchmove 101 101 0.52138638496399 0.52138638496399 0 third 0
see_you_on_the_third 1583392024633 376 230 touchmove 105 101 0.52138638496399 0.52138638496399 0 third 0
see_you_on_the_third 1583392024650 376 230 touchmove 109 102 0.52138638496399 0.52138638496399 0 third 0
see_you_on_the_third 1583392024666 376 230 touchmove 114 103 0.52138638496399 0.52138638496399 0 third 0
see_you_on_the_third 1583392024683 376 230 touchmove 117 104 0.52138638496399 0.52138638496399 0 third 0
see_you_on_the_third 1583392024700 376 230 touchmove 119 105 0.52138638496399 0.52138638496399 0 third 0
see_you_on_the_third 1583392024717 376 230 touchmove 120 106 0.52138638496399 0.52138638496399 0 third 0
see_you_on_the_third 1583392024735 376 230 touchmove 121 106 0.52138638496399 0.52138638496399 0 third 0
see_you_on_the_third 1583392024751 376 230 touchmove 121 107 0.52138638496399 0.52138638496399 0 third 0
see_you_on_the_third 1583392024768 376 230 touchmove 121 107 0.52138638496399 0.52138638496399 0 third 0
see_you_on_the_third 1583392024783 376 230 touchmove 120 107 0.52138638496399 0.52138638496399 0 third 0
see_you_on_the_third 1583392024800 376 230 touchmove 119 107 0.52138638496399 0.52138638496399 0 third 0
see_you_on_the_third 1583392024818 376 230 touchmove 117 108 0.52138638496399 0.52138638496399 0 third 0
see_you_on_the_third 1583392024833 376 230 touchmove 116 108 0.52138638496399 0.52138638496399 0 third 0
see_you_on_the_third 1583392024852 376 230 touchmove 115 108 0.52138638496399 0.52138638496399 0 third 0
see_you_on_the_third 1583392024866 376 230 touchmove 114 109 0.52138638496399 0.52138638496399 0 third 0
see_you_on_the_third 1583392024883 376 230 touchmove 113 109 0.52138638496399 0.52138638496399 0 third 0
see_you_on_the_third 1583392024899 376 230 touchmove 113 109 0.52138638496399 0.52138638496399 0 third 0
see_you_on_the_third 1583392024909 376 230 touchmove 113 109 0.52138638496399 0.52138638496399 0 third 0
see_you_on_the_third 1583392024915 376 230 touchend 113 109 0.52138638496399 0.52138638496399 0 third 0
