sentence timestamp keyb_width keyb_height event x_pos y_pos x_radius y_radius angle word is_err
do_we_have_anyone_in_portland 1580315582478 411 267 touchstart 123 117 0 0 0 do 0
do_we_have_anyone_in_portland 1580315582650 411 267 touchmove 126 117 0 0 0 do 0
do_we_have_anyone_in_portland 1580315582668 411 267 touchmove 140 111 0 0 0 do 0
do_we_have_anyone_in_portland 1580315582688 411 267 touchmove 153 106 0 0 0 do 0
do_we_have_anyone_in_portland 1580315582701 411 267 touchmove 167 100 0 0 0 do 0
do_we_have_anyone_in_portland 1580315582717 411 267 touchmove 184 95 0 0 0 do 0
do_we_have_anyone_in_portland 1580315582735 411 267 touchmove 205 89 0 0 0 do 0
do_we_have_anyone_in_portland 1580315582751 411 267 touchmove 227 84 0 0 0 do 0
do_we_have_anyone_in_portland 1580315582768 411 267 touchmove 246 79 0 0 0 do 0
do_we_have_anyone_in_portland 1580315582783 411 267 touchmove 266 74 0 0 0 do 0
do_we_have_anyone_in_portland 1580315582802 411 267 touchmove 285 68 0 0 0 do 0
do_we_have_anyone_in_portland 1580315582818 411 267 touchmove 301 65 0 0 0 do 0
do_we_have_anyone_in_portland 1580315582835 411 267 touchmove 323 59 0 0 0 do 0
do_we_have_anyone_in_portland 1580315582851 411 267 touchmove 337 56 0 0 0 do 0
do_we_have_anyone_in_portland 1580315582867 411 267 touchmove 349 53 0 0 0 do 0
do_we_have_anyone_in_portland 1580315582884 411 267 touchmove 357 51 0 0 0 do 0
do_we_have_anyone_in_portland 1580315582901 411 267 touchmove 362 51 0 0 0 do 0
do_we_have_anyone_in_portland 1580315582917 411 267 touchmove 365 51 0 0 0 do 0
do_we_have_anyone_in_portland 1580315582934 411 267 touchmove 365 51 0 0 0 do 0
do_we_have_anyone_in_portland 1580315583353 411 267 touchmove 365 53 0 0 0 do 0
do_we_have_anyone_in_portland 1580315583359 411 267 touchend 365 53 0 0 0 do 0
do_we_have_anyone_in_portland 1580315585700 411 267 touchstart 49 52 0 0 0 we 0
do_we_have_anyone_in_portland 1580315585759 411 267 touchmove 51 52 0 0 0 we 0
do_we_have_anyone_in_portland 1580315585778 411 267 touchmove 53 52 0 0 0 we 0
do_we_have_anyone_in_portland 1580315585792 411 267 touchmove 54 52 0 0 0 we 0
do_we_have_anyone_in_portland 1580315585809 411 267 touchmove 56 52 0 0 0 we 0
do_we_have_anyone_in_portland 1580315585833 411 267 touchmove 57 52 0 0 0 we 0
do_we_have_anyone_in_portland 1580315585843 411 267 touchmove 60 51 0 0 0 we 0
do_we_have_anyone_in_portland 1580315585858 411 267 touchmove 63 51 0 0 0 we 0
do_we_have_anyone_in_portland 1580315585892 411 267 touchmove 75 49 0 0 0 we 0
do_we_have_anyone_in_portland 1580315585910 411 267 touchmove 82 49 0 0 0 we 0
do_we_have_anyone_in_portland 1580315585925 411 267 touchmove 92 49 0 0 0 we 0
do_we_have_anyone_in_portland 1580315585942 411 267 touchmove 99 49 0 0 0 we 0
do_we_have_anyone_in_portland 1580315585959 411 267 touchmove 105 49 0 0 0 we 0
do_we_have_anyone_in_portland 1580315585976 411 267 touchmove 108 49 0 0 0 we 0
do_we_have_anyone_in_portland 1580315585991 411 267 touchmove 110 49 0 0 0 we 0
do_we_have_anyone_in_portland 1580315586009 411 267 touchmove 111 49 0 0 0 we 0
do_we_have_anyone_in_portland 1580315586129 411 267 touchmove 111 49 0 0 0 we 0
do_we_have_anyone_in_portland 1580315586162 411 267 touchmove 112 49 0 0 0 we 0
do_we_have_anyone_in_portland 1580315586191 411 267 touchmove 113 49 0 0 0 we 0
do_we_have_anyone_in_portland 1580315586209 411 267 touchmove 114 49 0 0 0 we 0
do_we_have_anyone_in_portland 1580315586225 411 267 touchmove 114 49 0 0 0 we 0
do_we_have_anyone_in_portland 1580315586242 411 267 touchmove 114 49 0 0 0 we 0
do_we_have_anyone_in_portland 1580315586459 411 267 touchmove 117 49 0 0 0 we 0
do_we_have_anyone_in_portland 1580315586465 411 267 touchmove 118 49 0 0 0 we 0
do_we_have_anyone_in_portland 1580315586468 411 267 touchend 118 49 0 0 0 we 0
do_we_have_anyone_in_portland 1580315589429 411 267 touchstart 254 124 0 0 0 have 0
do_we_have_anyone_in_portland 1580315589735 411 267 touchmove 243 121 0 0 0 have 0
do_we_have_anyone_in_portland 1580315589752 411 267 touchmove 233 121 0 0 0 have 0
do_we_have_anyone_in_portland 1580315589768 411 267 touchmove 223 121 0 0 0 have 0
do_we_have_anyone_in_portland 1580315589785 411 267 touchmove 211 121 0 0 0 have 0
do_we_have_anyone_in_portland 1580315589802 411 267 touchmove 199 121 0 0 0 have 0
do_we_have_anyone_in_portland 1580315589819 411 267 touchmove 185 121 0 0 0 have 0
do_we_have_anyone_in_portland 1580315589835 411 267 touchmove 170 121 0 0 0 have 0
do_we_have_anyone_in_portland 1580315589851 411 267 touchmove 156 120 0 0 0 have 0
do_we_have_anyone_in_portland 1580315589867 411 267 touchmove 143 119 0 0 0 have 0
do_we_have_anyone_in_portland 1580315589885 411 267 touchmove 129 117 0 0 0 have 0
do_we_have_anyone_in_portland 1580315589902 411 267 touchmove 119 115 0 0 0 have 0
do_we_have_anyone_in_portland 1580315589919 411 267 touchmove 106 113 0 0 0 have 0
do_we_have_anyone_in_portland 1580315589935 411 267 touchmove 97 112 0 0 0 have 0
do_we_have_anyone_in_portland 1580315589952 411 267 touchmove 87 112 0 0 0 have 0
do_we_have_anyone_in_portland 1580315589969 411 267 touchmove 77 112 0 0 0 have 0
do_we_have_anyone_in_portland 1580315589984 411 267 touchmove 66 111 0 0 0 have 0
do_we_have_anyone_in_portland 1580315590002 411 267 touchmove 57 111 0 0 0 have 0
do_we_have_anyone_in_portland 1580315590018 411 267 touchmove 48 111 0 0 0 have 0
do_we_have_anyone_in_portland 1580315590035 411 267 touchmove 39 112 0 0 0 have 0
do_we_have_anyone_in_portland 1580315590051 411 267 touchmove 32 112 0 0 0 have 0
do_we_have_anyone_in_portland 1580315590069 411 267 touchmove 32 112 0 0 0 have 0
do_we_have_anyone_in_portland 1580315590354 411 267 touchmove 31 112 0 0 0 have 0
do_we_have_anyone_in_portland 1580315590370 411 267 touchmove 30 112 0 0 0 have 0
do_we_have_anyone_in_portland 1580315590493 411 267 touchmove 40 115 0 0 0 have 0
do_we_have_anyone_in_portland 1580315590518 411 267 touchmove 66 121 0 0 0 have 0
do_we_have_anyone_in_portland 1580315590536 411 267 touchmove 81 124 0 0 0 have 0
do_we_have_anyone_in_portland 1580315590552 411 267 touchmove 98 128 0 0 0 have 0
do_we_have_anyone_in_portland 1580315590569 411 267 touchmove 111 132 0 0 0 have 0
do_we_have_anyone_in_portland 1580315590585 411 267 touchmove 125 135 0 0 0 have 0
do_we_have_anyone_in_portland 1580315590602 411 267 touchmove 136 139 0 0 0 have 0
do_we_have_anyone_in_portland 1580315590619 411 267 touchmove 148 143 0 0 0 have 0
do_we_have_anyone_in_portland 1580315590636 411 267 touchmove 159 147 0 0 0 have 0
do_we_have_anyone_in_portland 1580315590652 411 267 touchmove 169 151 0 0 0 have 0
do_we_have_anyone_in_portland 1580315590670 411 267 touchmove 178 156 0 0 0 have 0
do_we_have_anyone_in_portland 1580315590686 411 267 touchmove 188 161 0 0 0 have 0
do_we_have_anyone_in_portland 1580315590703 411 267 touchmove 196 165 0 0 0 have 0
do_we_have_anyone_in_portland 1580315590720 411 267 touchmove 204 170 0 0 0 have 0
do_we_have_anyone_in_portland 1580315590739 411 267 touchmove 211 176 0 0 0 have 0
do_we_have_anyone_in_portland 1580315590754 411 267 touchmove 215 181 0 0 0 have 0
do_we_have_anyone_in_portland 1580315590769 411 267 touchmove 219 185 0 0 0 have 0
do_we_have_anyone_in_portland 1580315590785 411 267 touchmove 222 190 0 0 0 have 0
do_we_have_anyone_in_portland 1580315590803 411 267 touchmove 223 194 0 0 0 have 0
do_we_have_anyone_in_portland 1580315590820 411 267 touchmove 225 197 0 0 0 have 0
do_we_have_anyone_in_portland 1580315590837 411 267 touchmove 225 201 0 0 0 have 0
do_we_have_anyone_in_portland 1580315590853 411 267 touchmove 225 204 0 0 0 have 0
do_we_have_anyone_in_portland 1580315590869 411 267 touchmove 225 205 0 0 0 have 0
do_we_have_anyone_in_portland 1580315590887 411 267 touchmove 225 205 0 0 0 have 0
do_we_have_anyone_in_portland 1580315591155 411 267 touchmove 225 203 0 0 0 have 0
do_we_have_anyone_in_portland 1580315591172 411 267 touchmove 224 200 0 0 0 have 0
do_we_have_anyone_in_portland 1580315591190 411 267 touchmove 223 195 0 0 0 have 0
do_we_have_anyone_in_portland 1580315591205 411 267 touchmove 222 191 0 0 0 have 0
do_we_have_anyone_in_portland 1580315591221 411 267 touchmove 222 187 0 0 0 have 0
do_we_have_anyone_in_portland 1580315591238 411 267 touchmove 221 184 0 0 0 have 0
do_we_have_anyone_in_portland 1580315591254 411 267 touchmove 219 181 0 0 0 have 0
do_we_have_anyone_in_portland 1580315591271 411 267 touchmove 218 178 0 0 0 have 0
do_we_have_anyone_in_portland 1580315591289 411 267 touchmove 217 174 0 0 0 have 0
do_we_have_anyone_in_portland 1580315591306 411 267 touchmove 214 168 0 0 0 have 0
do_we_have_anyone_in_portland 1580315591321 411 267 touchmove 210 163 0 0 0 have 0
do_we_have_anyone_in_portland 1580315591337 411 267 touchmove 206 156 0 0 0 have 0
do_we_have_anyone_in_portland 1580315591355 411 267 touchmove 198 148 0 0 0 have 0
do_we_have_anyone_in_portland 1580315591371 411 267 touchmove 190 140 0 0 0 have 0
do_we_have_anyone_in_portland 1580315591387 411 267 touchmove 181 131 0 0 0 have 0
do_we_have_anyone_in_portland 1580315591405 411 267 touchmove 170 122 0 0 0 have 0
do_we_have_anyone_in_portland 1580315591421 411 267 touchmove 160 112 0 0 0 have 0
do_we_have_anyone_in_portland 1580315591439 411 267 touchmove 149 102 0 0 0 have 0
do_we_have_anyone_in_portland 1580315591455 411 267 touchmove 139 94 0 0 0 have 0
do_we_have_anyone_in_portland 1580315591473 411 267 touchmove 130 86 0 0 0 have 0
do_we_have_anyone_in_portland 1580315591488 411 267 touchmove 121 76 0 0 0 have 0
do_we_have_anyone_in_portland 1580315591504 411 267 touchmove 115 69 0 0 0 have 0
do_we_have_anyone_in_portland 1580315591521 411 267 touchmove 109 60 0 0 0 have 0
do_we_have_anyone_in_portland 1580315591538 411 267 touchmove 105 52 0 0 0 have 0
do_we_have_anyone_in_portland 1580315591555 411 267 touchmove 101 46 0 0 0 have 0
do_we_have_anyone_in_portland 1580315591571 411 267 touchmove 98 42 0 0 0 have 0
do_we_have_anyone_in_portland 1580315591588 411 267 touchmove 97 40 0 0 0 have 0
do_we_have_anyone_in_portland 1580315591604 411 267 touchmove 97 40 0 0 0 have 0
do_we_have_anyone_in_portland 1580315591675 411 267 touchend 97 40 0 0 0 have 0
do_we_have_anyone_in_portland 1580315593359 411 267 touchstart 45 117 0 0 0 anyone 1
do_we_have_anyone_in_portland 1580315593558 411 267 touchmove 56 118 0 0 0 anyone 1
do_we_have_anyone_in_portland 1580315593577 411 267 touchmove 66 119 0 0 0 anyone 1
do_we_have_anyone_in_portland 1580315593595 411 267 touchmove 74 119 0 0 0 anyone 1
do_we_have_anyone_in_portland 1580315593612 411 267 touchmove 85 121 0 0 0 anyone 1
do_we_have_anyone_in_portland 1580315593627 411 267 touchmove 96 124 0 0 0 anyone 1
do_we_have_anyone_in_portland 1580315593644 411 267 touchmove 107 127 0 0 0 anyone 1
do_we_have_anyone_in_portland 1580315593661 411 267 touchmove 119 131 0 0 0 anyone 1
do_we_have_anyone_in_portland 1580315593679 411 267 touchmove 130 133 0 0 0 anyone 1
do_we_have_anyone_in_portland 1580315593694 411 267 touchmove 142 137 0 0 0 anyone 1
do_we_have_anyone_in_portland 1580315593710 411 267 touchmove 153 140 0 0 0 anyone 1
do_we_have_anyone_in_portland 1580315593726 411 267 touchmove 165 144 0 0 0 anyone 1
do_we_have_anyone_in_portland 1580315593743 411 267 touchmove 174 147 0 0 0 anyone 1
do_we_have_anyone_in_portland 1580315593760 411 267 touchmove 185 151 0 0 0 anyone 1
do_we_have_anyone_in_portland 1580315593776 411 267 touchmove 192 156 0 0 0 anyone 1
do_we_have_anyone_in_portland 1580315593794 411 267 touchmove 199 161 0 0 0 anyone 1
do_we_have_anyone_in_portland 1580315593810 411 267 touchmove 205 165 0 0 0 anyone 1
do_we_have_anyone_in_portland 1580315593828 411 267 touchmove 211 170 0 0 0 anyone 1
do_we_have_anyone_in_portland 1580315593844 411 267 touchmove 216 174 0 0 0 anyone 1
do_we_have_anyone_in_portland 1580315593861 411 267 touchmove 220 178 0 0 0 anyone 1
do_we_have_anyone_in_portland 1580315593878 411 267 touchmove 223 182 0 0 0 anyone 1
do_we_have_anyone_in_portland 1580315593894 411 267 touchmove 226 186 0 0 0 anyone 1
do_we_have_anyone_in_portland 1580315593912 411 267 touchmove 229 189 0 0 0 anyone 1
do_we_have_anyone_in_portland 1580315593929 411 267 touchmove 230 192 0 0 0 anyone 1
do_we_have_anyone_in_portland 1580315593945 411 267 touchmove 232 194 0 0 0 anyone 1
do_we_have_anyone_in_portland 1580315593961 411 267 touchmove 232 196 0 0 0 anyone 1
do_we_have_anyone_in_portland 1580315593978 411 267 touchmove 233 199 0 0 0 anyone 1
do_we_have_anyone_in_portland 1580315593994 411 267 touchmove 233 200 0 0 0 anyone 1
do_we_have_anyone_in_portland 1580315594011 411 267 touchmove 233 202 0 0 0 anyone 1
do_we_have_anyone_in_portland 1580315594029 411 267 touchmove 234 203 0 0 0 anyone 1
do_we_have_anyone_in_portland 1580315594045 411 267 touchmove 234 204 0 0 0 anyone 1
do_we_have_anyone_in_portland 1580315594061 411 267 touchmove 234 205 0 0 0 anyone 1
do_we_have_anyone_in_portland 1580315594078 411 267 touchmove 234 206 0 0 0 anyone 1
do_we_have_anyone_in_portland 1580315594094 411 267 touchmove 234 207 0 0 0 anyone 1
do_we_have_anyone_in_portland 1580315594145 411 267 touchmove 234 208 0 0 0 anyone 1
do_we_have_anyone_in_portland 1580315594163 411 267 touchmove 235 208 0 0 0 anyone 1
do_we_have_anyone_in_portland 1580315594180 411 267 touchmove 235 208 0 0 0 anyone 1
do_we_have_anyone_in_portland 1580315594196 411 267 touchmove 236 209 0 0 0 anyone 1
do_we_have_anyone_in_portland 1580315594213 411 267 touchmove 238 209 0 0 0 anyone 1
do_we_have_anyone_in_portland 1580315594228 411 267 touchmove 241 209 0 0 0 anyone 1
do_we_have_anyone_in_portland 1580315594245 411 267 touchmove 244 209 0 0 0 anyone 1
do_we_have_anyone_in_portland 1580315594263 411 267 touchmove 248 209 0 0 0 anyone 1
do_we_have_anyone_in_portland 1580315594279 411 267 touchmove 253 209 0 0 0 anyone 1
do_we_have_anyone_in_portland 1580315594296 411 267 touchmove 259 209 0 0 0 anyone 1
do_we_have_anyone_in_portland 1580315594353 411 267 touchmove 263 209 0 0 0 anyone 1
do_we_have_anyone_in_portland 1580315594360 411 267 touchmove 274 210 0 0 0 anyone 1
do_we_have_anyone_in_portland 1580315594378 411 267 touchmove 281 211 0 0 0 anyone 1
do_we_have_anyone_in_portland 1580315594396 411 267 touchmove 281 211 0 0 0 anyone 1
do_we_have_anyone_in_portland 1580315594411 411 267 touchmove 282 211 0 0 0 anyone 1
do_we_have_anyone_in_portland 1580315594428 411 267 touchmove 283 211 0 0 0 anyone 1
do_we_have_anyone_in_portland 1580315594764 411 267 touchmove 283 213 0 0 0 anyone 1
do_we_have_anyone_in_portland 1580315594779 411 267 touchmove 283 219 0 0 0 anyone 1
do_we_have_anyone_in_portland 1580315594783 411 267 touchmove 283 220 0 0 0 anyone 1
do_we_have_anyone_in_portland 1580315594786 411 267 touchend 283 220 0 0 0 anyone 1
do_we_have_anyone_in_portland 1580315596147 411 267 touchmove 293 201 0 0 0 anyone 1
do_we_have_anyone_in_portland 1580315597170 411 267 touchmove 294 201 0 0 0 anyone 1
do_we_have_anyone_in_portland 1580315597218 411 267 touchmove 294 201 0 0 0 anyone 1
do_we_have_anyone_in_portland 1580315598437 411 267 touchmove 294 200 0 0 0 anyone 1
do_we_have_anyone_in_portland 1580315598622 411 267 touchmove 294 200 0 0 0 anyone 1
do_we_have_anyone_in_portland 1580315598638 411 267 touchmove 294 201 0 0 0 anyone 1
do_we_have_anyone_in_portland 1580315598725 411 267 touchmove 294 200 0 0 0 anyone 1
do_we_have_anyone_in_portland 1580315598874 411 267 touchmove 294 199 0 0 0 anyone 1
do_we_have_anyone_in_portland 1580315598941 411 267 touchmove 294 198 0 0 0 anyone 1
do_we_have_anyone_in_portland 1580315598959 411 267 touchmove 294 197 0 0 0 anyone 1
do_we_have_anyone_in_portland 1580315599025 411 267 touchmove 294 197 0 0 0 anyone 1
do_we_have_anyone_in_portland 1580315599041 411 267 touchmove 294 197 0 0 0 anyone 1
do_we_have_anyone_in_portland 1580315599099 411 267 touchend 294 197 0 0 0 anyone 1
do_we_have_anyone_in_portland 1580315599661 411 267 touchmove 38 101 0 0 0 anyone 0
do_we_have_anyone_in_portland 1580315599692 411 267 touchmove 55 109 0 0 0 anyone 0
do_we_have_anyone_in_portland 1580315599710 411 267 touchmove 65 113 0 0 0 anyone 0
do_we_have_anyone_in_portland 1580315599726 411 267 touchmove 75 116 0 0 0 anyone 0
do_we_have_anyone_in_portland 1580315599743 411 267 touchmove 89 120 0 0 0 anyone 0
do_we_have_anyone_in_portland 1580315599759 411 267 touchmove 100 123 0 0 0 anyone 0
do_we_have_anyone_in_portland 1580315599776 411 267 touchmove 115 128 0 0 0 anyone 0
do_we_have_anyone_in_portland 1580315599792 411 267 touchmove 131 134 0 0 0 anyone 0
do_we_have_anyone_in_portland 1580315599809 411 267 touchmove 145 138 0 0 0 anyone 0
do_we_have_anyone_in_portland 1580315599825 411 267 touchmove 161 141 0 0 0 anyone 0
do_we_have_anyone_in_portland 1580315599842 411 267 touchmove 178 145 0 0 0 anyone 0
do_we_have_anyone_in_portland 1580315599859 411 267 touchmove 193 149 0 0 0 anyone 0
do_we_have_anyone_in_portland 1580315599875 411 267 touchmove 208 154 0 0 0 anyone 0
do_we_have_anyone_in_portland 1580315599892 411 267 touchmove 221 159 0 0 0 anyone 0
do_we_have_anyone_in_portland 1580315599909 411 267 touchmove 235 165 0 0 0 anyone 0
do_we_have_anyone_in_portland 1580315599925 411 267 touchmove 247 168 0 0 0 anyone 0
do_we_have_anyone_in_portland 1580315599941 411 267 touchmove 259 172 0 0 0 anyone 0
do_we_have_anyone_in_portland 1580315599961 411 267 touchmove 269 176 0 0 0 anyone 0
do_we_have_anyone_in_portland 1580315599975 411 267 touchmove 277 181 0 0 0 anyone 0
do_we_have_anyone_in_portland 1580315599993 411 267 touchmove 284 184 0 0 0 anyone 0
do_we_have_anyone_in_portland 1580315600009 411 267 touchmove 288 186 0 0 0 anyone 0
do_we_have_anyone_in_portland 1580315600026 411 267 touchmove 292 189 0 0 0 anyone 0
do_we_have_anyone_in_portland 1580315600043 411 267 touchmove 295 191 0 0 0 anyone 0
do_we_have_anyone_in_portland 1580315600059 411 267 touchmove 297 192 0 0 0 anyone 0
do_we_have_anyone_in_portland 1580315600076 411 267 touchmove 297 193 0 0 0 anyone 0
do_we_have_anyone_in_portland 1580315600093 411 267 touchmove 298 193 0 0 0 anyone 0
do_we_have_anyone_in_portland 1580315600295 411 267 touchmove 297 187 0 0 0 anyone 0
do_we_have_anyone_in_portland 1580315600311 411 267 touchmove 295 184 0 0 0 anyone 0
do_we_have_anyone_in_portland 1580315600329 411 267 touchmove 293 175 0 0 0 anyone 0
do_we_have_anyone_in_portland 1580315600344 411 267 touchmove 290 165 0 0 0 anyone 0
do_we_have_anyone_in_portland 1580315600360 411 267 touchmove 287 154 0 0 0 anyone 0
do_we_have_anyone_in_portland 1580315600379 411 267 touchmove 283 145 0 0 0 anyone 0
do_we_have_anyone_in_portland 1580315600394 411 267 touchmove 277 133 0 0 0 anyone 0
do_we_have_anyone_in_portland 1580315600412 411 267 touchmove 270 121 0 0 0 anyone 0
do_we_have_anyone_in_portland 1580315600427 411 267 touchmove 264 109 0 0 0 anyone 0
do_we_have_anyone_in_portland 1580315600443 411 267 touchmove 257 98 0 0 0 anyone 0
do_we_have_anyone_in_portland 1580315600461 411 267 touchmove 251 89 0 0 0 anyone 0
do_we_have_anyone_in_portland 1580315600477 411 267 touchmove 245 78 0 0 0 anyone 0
do_we_have_anyone_in_portland 1580315600494 411 267 touchmove 240 71 0 0 0 anyone 0
do_we_have_anyone_in_portland 1580315600511 411 267 touchmove 236 64 0 0 0 anyone 0
do_we_have_anyone_in_portland 1580315600527 411 267 touchmove 232 58 0 0 0 anyone 0
do_we_have_anyone_in_portland 1580315600544 411 267 touchmove 228 53 0 0 0 anyone 0
do_we_have_anyone_in_portland 1580315600561 411 267 touchmove 227 48 0 0 0 anyone 0
do_we_have_anyone_in_portland 1580315600577 411 267 touchmove 225 44 0 0 0 anyone 0
do_we_have_anyone_in_portland 1580315600594 411 267 touchmove 225 43 0 0 0 anyone 0
do_we_have_anyone_in_portland 1580315600610 411 267 touchmove 224 42 0 0 0 anyone 0
do_we_have_anyone_in_portland 1580315601231 411 267 touchmove 224 42 0 0 0 anyone 0
do_we_have_anyone_in_portland 1580315601245 411 267 touchmove 224 41 0 0 0 anyone 0
do_we_have_anyone_in_portland 1580315601931 411 267 touchmove 224 41 0 0 0 anyone 0
do_we_have_anyone_in_portland 1580315601948 411 267 touchmove 227 41 0 0 0 anyone 0
do_we_have_anyone_in_portland 1580315601965 411 267 touchmove 232 40 0 0 0 anyone 0
do_we_have_anyone_in_portland 1580315601981 411 267 touchmove 235 40 0 0 0 anyone 0
do_we_have_anyone_in_portland 1580315601998 411 267 touchmove 240 40 0 0 0 anyone 0
do_we_have_anyone_in_portland 1580315602014 411 267 touchmove 245 40 0 0 0 anyone 0
do_we_have_anyone_in_portland 1580315602033 411 267 touchmove 252 40 0 0 0 anyone 0
do_we_have_anyone_in_portland 1580315602047 411 267 touchmove 260 41 0 0 0 anyone 0
do_we_have_anyone_in_portland 1580315602063 411 267 touchmove 270 42 0 0 0 anyone 0
do_we_have_anyone_in_portland 1580315602082 411 267 touchmove 280 43 0 0 0 anyone 0
do_we_have_anyone_in_portland 1580315602098 411 267 touchmove 292 44 0 0 0 anyone 0
do_we_have_anyone_in_portland 1580315602115 411 267 touchmove 303 45 0 0 0 anyone 0
do_we_have_anyone_in_portland 1580315602132 411 267 touchmove 319 47 0 0 0 anyone 0
do_we_have_anyone_in_portland 1580315602150 411 267 touchmove 331 50 0 0 0 anyone 0
do_we_have_anyone_in_portland 1580315602165 411 267 touchmove 342 52 0 0 0 anyone 0
do_we_have_anyone_in_portland 1580315602181 411 267 touchmove 352 54 0 0 0 anyone 0
do_we_have_anyone_in_portland 1580315602198 411 267 touchmove 359 57 0 0 0 anyone 0
do_we_have_anyone_in_portland 1580315602216 411 267 touchmove 365 59 0 0 0 anyone 0
do_we_have_anyone_in_portland 1580315602233 411 267 touchmove 369 59 0 0 0 anyone 0
do_we_have_anyone_in_portland 1580315602249 411 267 touchmove 370 60 0 0 0 anyone 0
do_we_have_anyone_in_portland 1580315602265 411 267 touchmove 371 60 0 0 0 anyone 0
do_we_have_anyone_in_portland 1580315602769 411 267 touchmove 370 61 0 0 0 anyone 0
do_we_have_anyone_in_portland 1580315602784 411 267 touchmove 367 65 0 0 0 anyone 0
do_we_have_anyone_in_portland 1580315602803 411 267 touchmove 361 73 0 0 0 anyone 0
do_we_have_anyone_in_portland 1580315602816 411 267 touchmove 355 83 0 0 0 anyone 0
do_we_have_anyone_in_portland 1580315602834 411 267 touchmove 348 94 0 0 0 anyone 0
do_we_have_anyone_in_portland 1580315602850 411 267 touchmove 341 107 0 0 0 anyone 0
do_we_have_anyone_in_portland 1580315602867 411 267 touchmove 331 124 0 0 0 anyone 0
do_we_have_anyone_in_portland 1580315602883 411 267 touchmove 322 141 0 0 0 anyone 0
do_we_have_anyone_in_portland 1580315602900 411 267 touchmove 313 158 0 0 0 anyone 0
do_we_have_anyone_in_portland 1580315602917 411 267 touchmove 306 175 0 0 0 anyone 0
do_we_have_anyone_in_portland 1580315602934 411 267 touchmove 300 188 0 0 0 anyone 0
do_we_have_anyone_in_portland 1580315602951 411 267 touchmove 294 204 0 0 0 anyone 0
do_we_have_anyone_in_portland 1580315602966 411 267 touchmove 291 214 0 0 0 anyone 0
do_we_have_anyone_in_portland 1580315602984 411 267 touchmove 289 223 0 0 0 anyone 0
do_we_have_anyone_in_portland 1580315603000 411 267 touchmove 288 228 0 0 0 anyone 0
do_we_have_anyone_in_portland 1580315603018 411 267 touchmove 288 231 0 0 0 anyone 0
do_we_have_anyone_in_portland 1580315603034 411 267 touchmove 288 232 0 0 0 anyone 0
do_we_have_anyone_in_portland 1580315603050 411 267 touchmove 288 232 0 0 0 anyone 0
do_we_have_anyone_in_portland 1580315603701 411 267 touchmove 288 231 0 0 0 anyone 0
do_we_have_anyone_in_portland 1580315603870 411 267 touchmove 288 231 0 0 0 anyone 0
do_we_have_anyone_in_portland 1580315603885 411 267 touchmove 288 230 0 0 0 anyone 0
do_we_have_anyone_in_portland 1580315603907 411 267 touchmove 288 229 0 0 0 anyone 0
do_we_have_anyone_in_portland 1580315603922 411 267 touchmove 288 227 0 0 0 anyone 0
do_we_have_anyone_in_portland 1580315603937 411 267 touchmove 287 225 0 0 0 anyone 0
do_we_have_anyone_in_portland 1580315603953 411 267 touchmove 287 221 0 0 0 anyone 0
do_we_have_anyone_in_portland 1580315603971 411 267 touchmove 285 216 0 0 0 anyone 0
do_we_have_anyone_in_portland 1580315603986 411 267 touchmove 282 210 0 0 0 anyone 0
do_we_have_anyone_in_portland 1580315604004 411 267 touchmove 277 204 0 0 0 anyone 0
do_we_have_anyone_in_portland 1580315604020 411 267 touchmove 270 197 0 0 0 anyone 0
do_we_have_anyone_in_portland 1580315604038 411 267 touchmove 262 188 0 0 0 anyone 0
do_we_have_anyone_in_portland 1580315604053 411 267 touchmove 253 179 0 0 0 anyone 0
do_we_have_anyone_in_portland 1580315604070 411 267 touchmove 244 170 0 0 0 anyone 0
do_we_have_anyone_in_portland 1580315604087 411 267 touchmove 235 161 0 0 0 anyone 0
do_we_have_anyone_in_portland 1580315604103 411 267 touchmove 226 152 0 0 0 anyone 0
do_we_have_anyone_in_portland 1580315604120 411 267 touchmove 217 143 0 0 0 anyone 0
do_we_have_anyone_in_portland 1580315604137 411 267 touchmove 208 133 0 0 0 anyone 0
do_we_have_anyone_in_portland 1580315604154 411 267 touchmove 199 125 0 0 0 anyone 0
do_we_have_anyone_in_portland 1580315604170 411 267 touchmove 190 116 0 0 0 anyone 0
do_we_have_anyone_in_portland 1580315604186 411 267 touchmove 180 106 0 0 0 anyone 0
do_we_have_anyone_in_portland 1580315604204 411 267 touchmove 174 98 0 0 0 anyone 0
do_we_have_anyone_in_portland 1580315604220 411 267 touchmove 167 91 0 0 0 anyone 0
do_we_have_anyone_in_portland 1580315604237 411 267 touchmove 161 83 0 0 0 anyone 0
do_we_have_anyone_in_portland 1580315604253 411 267 touchmove 154 73 0 0 0 anyone 0
do_we_have_anyone_in_portland 1580315604270 411 267 touchmove 148 66 0 0 0 anyone 0
do_we_have_anyone_in_portland 1580315604287 411 267 touchmove 141 58 0 0 0 anyone 0
do_we_have_anyone_in_portland 1580315604303 411 267 touchmove 133 49 0 0 0 anyone 0
do_we_have_anyone_in_portland 1580315604321 411 267 touchmove 123 42 0 0 0 anyone 0
do_we_have_anyone_in_portland 1580315604338 411 267 touchmove 111 38 0 0 0 anyone 0
do_we_have_anyone_in_portland 1580315604354 411 267 touchmove 93 39 0 0 0 anyone 0
do_we_have_anyone_in_portland 1580315604359 411 267 touchend 94 39 0 0 0 anyone 0
do_we_have_anyone_in_portland 1580315607139 411 267 touchstart 313 47 0 0 0 in 1
do_we_have_anyone_in_portland 1580315607178 411 267 touchend 313 47 0 0 0 in 1
do_we_have_anyone_in_portland 1580315607532 411 267 touchstart 285 210 0 0 0 in 1
do_we_have_anyone_in_portland 1580315607581 411 267 touchend 285 210 0 0 0 in 1
do_we_have_anyone_in_portland 1580315609076 411 267 touchstart 317 42 0 0 0 in 0
do_we_have_anyone_in_portland 1580315609299 411 267 touchmove 311 61 0 0 0 in 0
do_we_have_anyone_in_portland 1580315609316 411 267 touchmove 308 71 0 0 0 in 0
do_we_have_anyone_in_portland 1580315609333 411 267 touchmove 302 91 0 0 0 in 0
do_we_have_anyone_in_portland 1580315609350 411 267 touchmove 296 107 0 0 0 in 0
do_we_have_anyone_in_portland 1580315609369 411 267 touchmove 290 124 0 0 0 in 0
do_we_have_anyone_in_portland 1580315609384 411 267 touchmove 285 144 0 0 0 in 0
do_we_have_anyone_in_portland 1580315609400 411 267 touchmove 282 158 0 0 0 in 0
do_we_have_anyone_in_portland 1580315609416 411 267 touchmove 280 171 0 0 0 in 0
do_we_have_anyone_in_portland 1580315609434 411 267 touchmove 279 182 0 0 0 in 0
do_we_have_anyone_in_portland 1580315609451 411 267 touchmove 279 190 0 0 0 in 0
do_we_have_anyone_in_portland 1580315609467 411 267 touchmove 280 194 0 0 0 in 0
do_we_have_anyone_in_portland 1580315609485 411 267 touchmove 281 197 0 0 0 in 0
do_we_have_anyone_in_portland 1580315609500 411 267 touchmove 283 199 0 0 0 in 0
do_we_have_anyone_in_portland 1580315609518 411 267 touchmove 286 203 0 0 0 in 0
do_we_have_anyone_in_portland 1580315609520 411 267 touchend 286 203 0 0 0 in 0
do_we_have_anyone_in_portland 1580315613853 411 267 touchstart 411 37 0 0 0 portland 0
do_we_have_anyone_in_portland 1580315614110 411 267 touchmove 406 37 0 0 0 portland 0
do_we_have_anyone_in_portland 1580315614127 411 267 touchmove 403 37 0 0 0 portland 0
do_we_have_anyone_in_portland 1580315614144 411 267 touchmove 401 37 0 0 0 portland 0
do_we_have_anyone_in_portland 1580315614161 411 267 touchmove 398 37 0 0 0 portland 0
do_we_have_anyone_in_portland 1580315614178 411 267 touchmove 395 37 0 0 0 portland 0
do_we_have_anyone_in_portland 1580315614195 411 267 touchmove 390 37 0 0 0 portland 0
do_we_have_anyone_in_portland 1580315614211 411 267 touchmove 386 37 0 0 0 portland 0
do_we_have_anyone_in_portland 1580315614229 411 267 touchmove 381 37 0 0 0 portland 0
do_we_have_anyone_in_portland 1580315614246 411 267 touchmove 376 37 0 0 0 portland 0
do_we_have_anyone_in_portland 1580315614263 411 267 touchmove 371 37 0 0 0 portland 0
do_we_have_anyone_in_portland 1580315614279 411 267 touchmove 369 38 0 0 0 portland 0
do_we_have_anyone_in_portland 1580315614295 411 267 touchmove 365 39 0 0 0 portland 0
do_we_have_anyone_in_portland 1580315614312 411 267 touchmove 362 39 0 0 0 portland 0
do_we_have_anyone_in_portland 1580315614329 411 267 touchmove 359 39 0 0 0 portland 0
do_we_have_anyone_in_portland 1580315614345 411 267 touchmove 357 39 0 0 0 portland 0
do_we_have_anyone_in_portland 1580315614368 411 267 touchmove 355 40 0 0 0 portland 0
do_we_have_anyone_in_portland 1580315614379 411 267 touchmove 354 40 0 0 0 portland 0
do_we_have_anyone_in_portland 1580315614428 411 267 touchmove 355 40 0 0 0 portland 0
do_we_have_anyone_in_portland 1580315614915 411 267 touchmove 353 40 0 0 0 portland 0
do_we_have_anyone_in_portland 1580315614932 411 267 touchmove 352 40 0 0 0 portland 0
do_we_have_anyone_in_portland 1580315614948 411 267 touchmove 349 40 0 0 0 portland 0
do_we_have_anyone_in_portland 1580315614964 411 267 touchmove 345 40 0 0 0 portland 0
do_we_have_anyone_in_portland 1580315614980 411 267 touchmove 341 40 0 0 0 portland 0
do_we_have_anyone_in_portland 1580315614997 411 267 touchmove 332 40 0 0 0 portland 0
do_we_have_anyone_in_portland 1580315615014 411 267 touchmove 324 40 0 0 0 portland 0
do_we_have_anyone_in_portland 1580315615032 411 267 touchmove 315 40 0 0 0 portland 0
do_we_have_anyone_in_portland 1580315615048 411 267 touchmove 303 40 0 0 0 portland 0
do_we_have_anyone_in_portland 1580315615064 411 267 touchmove 292 40 0 0 0 portland 0
do_we_have_anyone_in_portland 1580315615080 411 267 touchmove 280 40 0 0 0 portland 0
do_we_have_anyone_in_portland 1580315615098 411 267 touchmove 271 40 0 0 0 portland 0
do_we_have_anyone_in_portland 1580315615114 411 267 touchmove 259 39 0 0 0 portland 0
do_we_have_anyone_in_portland 1580315615131 411 267 touchmove 250 39 0 0 0 portland 0
do_we_have_anyone_in_portland 1580315615147 411 267 touchmove 239 39 0 0 0 portland 0
do_we_have_anyone_in_portland 1580315615164 411 267 touchmove 230 38 0 0 0 portland 0
do_we_have_anyone_in_portland 1580315615180 411 267 touchmove 221 37 0 0 0 portland 0
do_we_have_anyone_in_portland 1580315615197 411 267 touchmove 211 37 0 0 0 portland 0
do_we_have_anyone_in_portland 1580315615214 411 267 touchmove 204 37 0 0 0 portland 0
do_we_have_anyone_in_portland 1580315615231 411 267 touchmove 197 37 0 0 0 portland 0
do_we_have_anyone_in_portland 1580315615247 411 267 touchmove 189 37 0 0 0 portland 0
do_we_have_anyone_in_portland 1580315615265 411 267 touchmove 182 37 0 0 0 portland 0
do_we_have_anyone_in_portland 1580315615281 411 267 touchmove 172 37 0 0 0 portland 0
do_we_have_anyone_in_portland 1580315615297 411 267 touchmove 165 37 0 0 0 portland 0
do_we_have_anyone_in_portland 1580315615315 411 267 touchmove 159 37 0 0 0 portland 0
do_we_have_anyone_in_portland 1580315615330 411 267 touchmove 152 37 0 0 0 portland 0
do_we_have_anyone_in_portland 1580315615348 411 267 touchmove 148 37 0 0 0 portland 0
do_we_have_anyone_in_portland 1580315615365 411 267 touchmove 145 37 0 0 0 portland 0
do_we_have_anyone_in_portland 1580315615381 411 267 touchmove 143 37 0 0 0 portland 0
do_we_have_anyone_in_portland 1580315615397 411 267 touchmove 142 37 0 0 0 portland 0
do_we_have_anyone_in_portland 1580315615416 411 267 touchmove 141 37 0 0 0 portland 0
do_we_have_anyone_in_portland 1580315617370 411 267 touchmove 141 39 0 0 0 portland 0
do_we_have_anyone_in_portland 1580315617385 411 267 touchmove 140 39 0 0 0 portland 0
do_we_have_anyone_in_portland 1580315617406 411 267 touchmove 138 42 0 0 0 portland 0
do_we_have_anyone_in_portland 1580315617421 411 267 touchmove 136 48 0 0 0 portland 0
do_we_have_anyone_in_portland 1580315617436 411 267 touchmove 134 53 0 0 0 portland 0
do_we_have_anyone_in_portland 1580315617452 411 267 touchmove 132 63 0 0 0 portland 0
do_we_have_anyone_in_portland 1580315617469 411 267 touchmove 132 71 0 0 0 portland 0
do_we_have_anyone_in_portland 1580315617486 411 267 touchmove 135 80 0 0 0 portland 0
do_we_have_anyone_in_portland 1580315617506 411 267 touchmove 145 89 0 0 0 portland 0
do_we_have_anyone_in_portland 1580315617509 411 267 touchend 145 89 0 0 0 portland 0
neil_has_been_asking_around 1580315623097 411 267 touchstart 395 37 0 0 0 neil 1
neil_has_been_asking_around 1580315623454 411 267 touchmove 394 37 0 0 0 neil 1
neil_has_been_asking_around 1580315623469 411 267 touchmove 383 37 0 0 0 neil 1
neil_has_been_asking_around 1580315623485 411 267 touchmove 370 37 0 0 0 neil 1
neil_has_been_asking_around 1580315623502 411 267 touchmove 355 37 0 0 0 neil 1
neil_has_been_asking_around 1580315623519 411 267 touchmove 340 37 0 0 0 neil 1
neil_has_been_asking_around 1580315623535 411 267 touchmove 326 38 0 0 0 neil 1
neil_has_been_asking_around 1580315623552 411 267 touchmove 313 38 0 0 0 neil 1
neil_has_been_asking_around 1580315623569 411 267 touchmove 300 39 0 0 0 neil 1
neil_has_been_asking_around 1580315623586 411 267 touchmove 287 39 0 0 0 neil 1
neil_has_been_asking_around 1580315623602 411 267 touchmove 276 39 0 0 0 neil 1
neil_has_been_asking_around 1580315623620 411 267 touchmove 263 39 0 0 0 neil 1
neil_has_been_asking_around 1580315623636 411 267 touchmove 254 38 0 0 0 neil 1
neil_has_been_asking_around 1580315623657 411 267 touchmove 237 37 0 0 0 neil 1
neil_has_been_asking_around 1580315623670 411 267 touchmove 218 36 0 0 0 neil 1
neil_has_been_asking_around 1580315623686 411 267 touchmove 195 36 0 0 0 neil 1
neil_has_been_asking_around 1580315623702 411 267 touchmove 163 39 0 0 0 neil 1
neil_has_been_asking_around 1580315623720 411 267 touchmove 130 46 0 0 0 neil 1
neil_has_been_asking_around 1580315623736 411 267 touchmove 96 55 0 0 0 neil 1
neil_has_been_asking_around 1580315623752 411 267 touchmove 59 66 0 0 0 neil 1
neil_has_been_asking_around 1580315623769 411 267 touchmove 36 75 0 0 0 neil 1
neil_has_been_asking_around 1580315623787 411 267 touchmove -5 96 0 0 0 neil 1
neil_has_been_asking_around 1580315623793 411 267 touchend 0 93 0 0 0 neil 1
neil_has_been_asking_around 1580315627020 411 267 touchstart 299 197 0 0 0 neil 1
neil_has_been_asking_around 1580315627411 411 267 touchmove 295 191 0 0 0 neil 1
neil_has_been_asking_around 1580315627428 411 267 touchmove 294 188 0 0 0 neil 1
neil_has_been_asking_around 1580315627447 411 267 touchmove 292 185 0 0 0 neil 1
neil_has_been_asking_around 1580315627463 411 267 touchmove 289 180 0 0 0 neil 1
neil_has_been_asking_around 1580315627479 411 267 touchmove 284 175 0 0 0 neil 1
neil_has_been_asking_around 1580315627496 411 267 touchmove 277 169 0 0 0 neil 1
neil_has_been_asking_around 1580315627512 411 267 touchmove 269 162 0 0 0 neil 1
neil_has_been_asking_around 1580315627529 411 267 touchmove 259 155 0 0 0 neil 1
neil_has_been_asking_around 1580315627546 411 267 touchmove 248 148 0 0 0 neil 1
neil_has_been_asking_around 1580315627562 411 267 touchmove 236 141 0 0 0 neil 1
neil_has_been_asking_around 1580315627579 411 267 touchmove 222 133 0 0 0 neil 1
neil_has_been_asking_around 1580315627597 411 267 touchmove 208 125 0 0 0 neil 1
neil_has_been_asking_around 1580315627613 411 267 touchmove 196 118 0 0 0 neil 1
neil_has_been_asking_around 1580315627629 411 267 touchmove 183 111 0 0 0 neil 1
neil_has_been_asking_around 1580315627646 411 267 touchmove 168 102 0 0 0 neil 1
neil_has_been_asking_around 1580315627663 411 267 touchmove 155 95 0 0 0 neil 1
neil_has_been_asking_around 1580315627679 411 267 touchmove 144 89 0 0 0 neil 1
neil_has_been_asking_around 1580315627697 411 267 touchmove 133 83 0 0 0 neil 1
neil_has_been_asking_around 1580315627713 411 267 touchmove 125 76 0 0 0 neil 1
neil_has_been_asking_around 1580315627730 411 267 touchmove 116 69 0 0 0 neil 1
neil_has_been_asking_around 1580315627746 411 267 touchmove 111 64 0 0 0 neil 1
neil_has_been_asking_around 1580315627763 411 267 touchmove 106 60 0 0 0 neil 1
neil_has_been_asking_around 1580315627779 411 267 touchmove 101 55 0 0 0 neil 1
neil_has_been_asking_around 1580315627797 411 267 touchmove 98 50 0 0 0 neil 1
neil_has_been_asking_around 1580315627812 411 267 touchmove 94 46 0 0 0 neil 1
neil_has_been_asking_around 1580315627829 411 267 touchmove 91 42 0 0 0 neil 1
neil_has_been_asking_around 1580315627846 411 267 touchmove 89 39 0 0 0 neil 1
neil_has_been_asking_around 1580315627863 411 267 touchmove 88 38 0 0 0 neil 1
neil_has_been_asking_around 1580315627879 411 267 touchmove 87 37 0 0 0 neil 1
neil_has_been_asking_around 1580315627895 411 267 touchmove 87 37 0 0 0 neil 1
neil_has_been_asking_around 1580315627913 411 267 touchmove 87 37 0 0 0 neil 1
neil_has_been_asking_around 1580315628966 411 267 touchmove 87 37 0 0 0 neil 1
neil_has_been_asking_around 1580315629416 411 267 touchmove 88 37 0 0 0 neil 1
neil_has_been_asking_around 1580315629502 411 267 touchmove 89 37 0 0 0 neil 1
neil_has_been_asking_around 1580315629518 411 267 touchmove 89 37 0 0 0 neil 1
neil_has_been_asking_around 1580315629535 411 267 touchmove 90 37 0 0 0 neil 1
neil_has_been_asking_around 1580315629567 411 267 touchmove 95 37 0 0 0 neil 1
neil_has_been_asking_around 1580315629583 411 267 touchmove 99 37 0 0 0 neil 1
neil_has_been_asking_around 1580315629601 411 267 touchmove 104 37 0 0 0 neil 1
neil_has_been_asking_around 1580315629619 411 267 touchmove 114 37 0 0 0 neil 1
neil_has_been_asking_around 1580315629633 411 267 touchmove 123 36 0 0 0 neil 1
neil_has_been_asking_around 1580315629649 411 267 touchmove 137 36 0 0 0 neil 1
neil_has_been_asking_around 1580315629667 411 267 touchmove 153 36 0 0 0 neil 1
neil_has_been_asking_around 1580315629684 411 267 touchmove 169 36 0 0 0 neil 1
neil_has_been_asking_around 1580315629701 411 267 touchmove 191 36 0 0 0 neil 1
neil_has_been_asking_around 1580315629717 411 267 touchmove 209 36 0 0 0 neil 1
neil_has_been_asking_around 1580315629735 411 267 touchmove 229 36 0 0 0 neil 1
neil_has_been_asking_around 1580315629752 411 267 touchmove 252 36 0 0 0 neil 1
neil_has_been_asking_around 1580315629769 411 267 touchmove 269 37 0 0 0 neil 1
neil_has_been_asking_around 1580315629784 411 267 touchmove 286 39 0 0 0 neil 1
neil_has_been_asking_around 1580315629801 411 267 touchmove 304 39 0 0 0 neil 1
neil_has_been_asking_around 1580315629820 411 267 touchmove 315 41 0 0 0 neil 1
neil_has_been_asking_around 1580315629837 411 267 touchmove 326 42 0 0 0 neil 1
neil_has_been_asking_around 1580315629851 411 267 touchmove 329 43 0 0 0 neil 1
neil_has_been_asking_around 1580315629868 411 267 touchmove 331 43 0 0 0 neil 1
neil_has_been_asking_around 1580315629883 411 267 touchmove 333 43 0 0 0 neil 1
neil_has_been_asking_around 1580315630029 411 267 touchmove 333 44 0 0 0 neil 1
neil_has_been_asking_around 1580315630086 411 267 touchmove 333 44 0 0 0 neil 1
neil_has_been_asking_around 1580315630222 411 267 touchmove 333 44 0 0 0 neil 1
neil_has_been_asking_around 1580315630237 411 267 touchmove 333 46 0 0 0 neil 1
neil_has_been_asking_around 1580315630253 411 267 touchmove 333 47 0 0 0 neil 1
neil_has_been_asking_around 1580315630269 411 267 touchmove 333 50 0 0 0 neil 1
neil_has_been_asking_around 1580315630284 411 267 touchmove 333 53 0 0 0 neil 1
neil_has_been_asking_around 1580315630301 411 267 touchmove 333 57 0 0 0 neil 1
neil_has_been_asking_around 1580315630319 411 267 touchmove 333 60 0 0 0 neil 1
neil_has_been_asking_around 1580315630335 411 267 touchmove 331 65 0 0 0 neil 1
neil_has_been_asking_around 1580315630351 411 267 touchmove 329 71 0 0 0 neil 1
neil_has_been_asking_around 1580315630370 411 267 touchmove 326 77 0 0 0 neil 1
neil_has_been_asking_around 1580315630385 411 267 touchmove 322 84 0 0 0 neil 1
neil_has_been_asking_around 1580315630402 411 267 touchmove 317 88 0 0 0 neil 1
neil_has_been_asking_around 1580315630419 411 267 touchmove 314 93 0 0 0 neil 1
neil_has_been_asking_around 1580315630435 411 267 touchmove 309 102 0 0 0 neil 1
neil_has_been_asking_around 1580315630453 411 267 touchmove 303 110 0 0 0 neil 1
neil_has_been_asking_around 1580315630469 411 267 touchmove 295 117 0 0 0 neil 1
neil_has_been_asking_around 1580315630486 411 267 touchmove 287 125 0 0 0 neil 1
neil_has_been_asking_around 1580315630502 411 267 touchmove 277 133 0 0 0 neil 1
neil_has_been_asking_around 1580315630519 411 267 touchmove 268 139 0 0 0 neil 1
neil_has_been_asking_around 1580315630535 411 267 touchmove 260 144 0 0 0 neil 1
neil_has_been_asking_around 1580315630551 411 267 touchmove 252 146 0 0 0 neil 1
neil_has_been_asking_around 1580315630569 411 267 touchmove 249 148 0 0 0 neil 1
neil_has_been_asking_around 1580315630586 411 267 touchmove 247 149 0 0 0 neil 1
neil_has_been_asking_around 1580315630602 411 267 touchmove 247 149 0 0 0 neil 1
neil_has_been_asking_around 1580315630619 411 267 touchmove 249 153 0 0 0 neil 1
neil_has_been_asking_around 1580315630636 411 267 touchmove 255 165 0 0 0 neil 1
neil_has_been_asking_around 1580315630642 411 267 touchmove 255 165 0 0 0 neil 1
neil_has_been_asking_around 1580315630644 411 267 touchend 255 165 0 0 0 neil 1
