sentence timestamp keyb_width keyb_height event x_pos y_pos x_radius y_radius angle word is_err
turns_yes_devoted_singtel 1580585192718 360 207 touchstart 174 26 0 0 0 turns 0
turns_yes_devoted_singtel 1580585192904 360 207 touchmove 183 27 0 0 0 turns 0
turns_yes_devoted_singtel 1580585192919 360 207 touchmove 195 27 0 0 0 turns 0
turns_yes_devoted_singtel 1580585192935 360 207 touchmove 204 27 0 0 0 turns 0
turns_yes_devoted_singtel 1580585192953 360 207 touchmove 210 28 0 0 0 turns 0
turns_yes_devoted_singtel 1580585192975 360 207 touchmove 218 28 0 0 0 turns 0
turns_yes_devoted_singtel 1580585192991 360 207 touchmove 224 28 0 0 0 turns 0
turns_yes_devoted_singtel 1580585193008 360 207 touchmove 226 28 0 0 0 turns 0
turns_yes_devoted_singtel 1580585193024 360 207 touchmove 228 28 0 0 0 turns 0
turns_yes_devoted_singtel 1580585193041 360 207 touchmove 229 28 0 0 0 turns 0
turns_yes_devoted_singtel 1580585193057 360 207 touchmove 229 29 0 0 0 turns 0
turns_yes_devoted_singtel 1580585193074 360 207 touchmove 230 29 0 0 0 turns 0
turns_yes_devoted_singtel 1580585193091 360 207 touchmove 230 29 0 0 0 turns 0
turns_yes_devoted_singtel 1580585193107 360 207 touchmove 231 29 0 0 0 turns 0
turns_yes_devoted_singtel 1580585193124 360 207 touchmove 231 30 0 0 0 turns 0
turns_yes_devoted_singtel 1580585193143 360 207 touchmove 230 30 0 0 0 turns 0
turns_yes_devoted_singtel 1580585193158 360 207 touchmove 222 35 0 0 0 turns 0
turns_yes_devoted_singtel 1580585193175 360 207 touchmove 211 38 0 0 0 turns 0
turns_yes_devoted_singtel 1580585193191 360 207 touchmove 198 41 0 0 0 turns 0
turns_yes_devoted_singtel 1580585193207 360 207 touchmove 185 42 0 0 0 turns 0
turns_yes_devoted_singtel 1580585193224 360 207 touchmove 172 42 0 0 0 turns 0
turns_yes_devoted_singtel 1580585193241 360 207 touchmove 160 42 0 0 0 turns 0
turns_yes_devoted_singtel 1580585193257 360 207 touchmove 151 42 0 0 0 turns 0
turns_yes_devoted_singtel 1580585193274 360 207 touchmove 143 42 0 0 0 turns 0
turns_yes_devoted_singtel 1580585193292 360 207 touchmove 136 42 0 0 0 turns 0
turns_yes_devoted_singtel 1580585193307 360 207 touchmove 130 41 0 0 0 turns 0
turns_yes_devoted_singtel 1580585193324 360 207 touchmove 127 41 0 0 0 turns 0
turns_yes_devoted_singtel 1580585193341 360 207 touchmove 126 41 0 0 0 turns 0
turns_yes_devoted_singtel 1580585193358 360 207 touchmove 125 41 0 0 0 turns 0
turns_yes_devoted_singtel 1580585193374 360 207 touchmove 124 41 0 0 0 turns 0
turns_yes_devoted_singtel 1580585193391 360 207 touchmove 124 40 0 0 0 turns 0
turns_yes_devoted_singtel 1580585193407 360 207 touchmove 123 40 0 0 0 turns 0
turns_yes_devoted_singtel 1580585193425 360 207 touchmove 122 40 0 0 0 turns 0
turns_yes_devoted_singtel 1580585193441 360 207 touchmove 122 40 0 0 0 turns 0
turns_yes_devoted_singtel 1580585193474 360 207 touchmove 123 41 0 0 0 turns 0
turns_yes_devoted_singtel 1580585193491 360 207 touchmove 132 48 0 0 0 turns 0
turns_yes_devoted_singtel 1580585193508 360 207 touchmove 145 57 0 0 0 turns 0
turns_yes_devoted_singtel 1580585193524 360 207 touchmove 159 66 0 0 0 turns 0
turns_yes_devoted_singtel 1580585193541 360 207 touchmove 174 77 0 0 0 turns 0
turns_yes_devoted_singtel 1580585193559 360 207 touchmove 188 87 0 0 0 turns 0
turns_yes_devoted_singtel 1580585193575 360 207 touchmove 201 96 0 0 0 turns 0
turns_yes_devoted_singtel 1580585193591 360 207 touchmove 214 105 0 0 0 turns 0
turns_yes_devoted_singtel 1580585193608 360 207 touchmove 226 114 0 0 0 turns 0
turns_yes_devoted_singtel 1580585193625 360 207 touchmove 235 121 0 0 0 turns 0
turns_yes_devoted_singtel 1580585193641 360 207 touchmove 245 128 0 0 0 turns 0
turns_yes_devoted_singtel 1580585193658 360 207 touchmove 252 134 0 0 0 turns 0
turns_yes_devoted_singtel 1580585193674 360 207 touchmove 256 137 0 0 0 turns 0
turns_yes_devoted_singtel 1580585193691 360 207 touchmove 259 140 0 0 0 turns 0
turns_yes_devoted_singtel 1580585193707 360 207 touchmove 261 141 0 0 0 turns 0
turns_yes_devoted_singtel 1580585193724 360 207 touchmove 261 142 0 0 0 turns 0
turns_yes_devoted_singtel 1580585193741 360 207 touchmove 262 143 0 0 0 turns 0
turns_yes_devoted_singtel 1580585193758 360 207 touchmove 262 144 0 0 0 turns 0
turns_yes_devoted_singtel 1580585193775 360 207 touchmove 262 145 0 0 0 turns 0
turns_yes_devoted_singtel 1580585193791 360 207 touchmove 262 145 0 0 0 turns 0
turns_yes_devoted_singtel 1580585193809 360 207 touchmove 254 146 0 0 0 turns 0
turns_yes_devoted_singtel 1580585193825 360 207 touchmove 240 144 0 0 0 turns 0
turns_yes_devoted_singtel 1580585193842 360 207 touchmove 222 137 0 0 0 turns 0
turns_yes_devoted_singtel 1580585193857 360 207 touchmove 203 130 0 0 0 turns 0
turns_yes_devoted_singtel 1580585193874 360 207 touchmove 184 122 0 0 0 turns 0
turns_yes_devoted_singtel 1580585193892 360 207 touchmove 166 116 0 0 0 turns 0
turns_yes_devoted_singtel 1580585193907 360 207 touchmove 149 109 0 0 0 turns 0
turns_yes_devoted_singtel 1580585193924 360 207 touchmove 133 104 0 0 0 turns 0
turns_yes_devoted_singtel 1580585193942 360 207 touchmove 117 99 0 0 0 turns 0
turns_yes_devoted_singtel 1580585193958 360 207 touchmove 104 95 0 0 0 turns 0
turns_yes_devoted_singtel 1580585193974 360 207 touchmove 92 92 0 0 0 turns 0
turns_yes_devoted_singtel 1580585193991 360 207 touchmove 83 90 0 0 0 turns 0
turns_yes_devoted_singtel 1580585194007 360 207 touchmove 76 89 0 0 0 turns 0
turns_yes_devoted_singtel 1580585194024 360 207 touchmove 74 88 0 0 0 turns 0
turns_yes_devoted_singtel 1580585194042 360 207 touchmove 73 88 0 0 0 turns 0
turns_yes_devoted_singtel 1580585194058 360 207 touchmove 71 88 0 0 0 turns 0
turns_yes_devoted_singtel 1580585194075 360 207 touchmove 71 87 0 0 0 turns 0
turns_yes_devoted_singtel 1580585194092 360 207 touchmove 70 87 0 0 0 turns 0
turns_yes_devoted_singtel 1580585194111 360 207 touchmove 69 87 0 0 0 turns 0
turns_yes_devoted_singtel 1580585194126 360 207 touchmove 68 87 0 0 0 turns 0
turns_yes_devoted_singtel 1580585194143 360 207 touchmove 68 87 0 0 0 turns 0
turns_yes_devoted_singtel 1580585194158 360 207 touchmove 67 86 0 0 0 turns 0
turns_yes_devoted_singtel 1580585194175 360 207 touchmove 66 86 0 0 0 turns 0
turns_yes_devoted_singtel 1580585194191 360 207 touchmove 66 86 0 0 0 turns 0
turns_yes_devoted_singtel 1580585194209 360 207 touchmove 65 85 0 0 0 turns 0
turns_yes_devoted_singtel 1580585194225 360 207 touchmove 64 85 0 0 0 turns 0
turns_yes_devoted_singtel 1580585194241 360 207 touchmove 64 85 0 0 0 turns 0
turns_yes_devoted_singtel 1580585194258 360 207 touchmove 63 85 0 0 0 turns 0
turns_yes_devoted_singtel 1580585194267 360 207 touchend 63 85 0 0 0 turns 0
turns_yes_devoted_singtel 1580585195328 360 207 touchstart 204 28 0 0 0 yes 0
turns_yes_devoted_singtel 1580585195427 360 207 touchmove 195 31 0 0 0 yes 0
turns_yes_devoted_singtel 1580585195443 360 207 touchmove 179 32 0 0 0 yes 0
turns_yes_devoted_singtel 1580585195459 360 207 touchmove 168 32 0 0 0 yes 0
turns_yes_devoted_singtel 1580585195478 360 207 touchmove 157 31 0 0 0 yes 0
turns_yes_devoted_singtel 1580585195499 360 207 touchmove 145 29 0 0 0 yes 0
turns_yes_devoted_singtel 1580585195515 360 207 touchmove 135 27 0 0 0 yes 0
turns_yes_devoted_singtel 1580585195533 360 207 touchmove 125 25 0 0 0 yes 0
turns_yes_devoted_singtel 1580585195549 360 207 touchmove 116 23 0 0 0 yes 0
turns_yes_devoted_singtel 1580585195566 360 207 touchmove 110 21 0 0 0 yes 0
turns_yes_devoted_singtel 1580585195583 360 207 touchmove 104 20 0 0 0 yes 0
turns_yes_devoted_singtel 1580585195599 360 207 touchmove 99 19 0 0 0 yes 0
turns_yes_devoted_singtel 1580585195615 360 207 touchmove 97 18 0 0 0 yes 0
turns_yes_devoted_singtel 1580585195633 360 207 touchmove 95 18 0 0 0 yes 0
turns_yes_devoted_singtel 1580585195649 360 207 touchmove 94 18 0 0 0 yes 0
turns_yes_devoted_singtel 1580585195666 360 207 touchmove 93 18 0 0 0 yes 0
turns_yes_devoted_singtel 1580585195682 360 207 touchmove 92 18 0 0 0 yes 0
turns_yes_devoted_singtel 1580585195699 360 207 touchmove 91 18 0 0 0 yes 0
turns_yes_devoted_singtel 1580585195715 360 207 touchmove 90 18 0 0 0 yes 0
turns_yes_devoted_singtel 1580585195732 360 207 touchmove 90 18 0 0 0 yes 0
turns_yes_devoted_singtel 1580585195748 360 207 touchmove 89 20 0 0 0 yes 0
turns_yes_devoted_singtel 1580585195765 360 207 touchmove 85 30 0 0 0 yes 0
turns_yes_devoted_singtel 1580585195782 360 207 touchmove 84 39 0 0 0 yes 0
turns_yes_devoted_singtel 1580585195799 360 207 touchmove 84 48 0 0 0 yes 0
turns_yes_devoted_singtel 1580585195815 360 207 touchmove 83 55 0 0 0 yes 0
turns_yes_devoted_singtel 1580585195835 360 207 touchmove 83 63 0 0 0 yes 0
turns_yes_devoted_singtel 1580585195849 360 207 touchmove 82 69 0 0 0 yes 0
turns_yes_devoted_singtel 1580585195865 360 207 touchmove 82 75 0 0 0 yes 0
turns_yes_devoted_singtel 1580585195882 360 207 touchmove 81 80 0 0 0 yes 0
turns_yes_devoted_singtel 1580585195899 360 207 touchmove 81 85 0 0 0 yes 0
turns_yes_devoted_singtel 1580585195915 360 207 touchmove 80 89 0 0 0 yes 0
turns_yes_devoted_singtel 1580585195932 360 207 touchmove 79 92 0 0 0 yes 0
turns_yes_devoted_singtel 1580585195948 360 207 touchmove 78 96 0 0 0 yes 0
turns_yes_devoted_singtel 1580585195966 360 207 touchmove 76 102 0 0 0 yes 0
turns_yes_devoted_singtel 1580585195969 360 207 touchend 76 102 0 0 0 yes 0
turns_yes_devoted_singtel 1580585197179 360 207 touchstart 122 88 0 0 0 devoted 0
turns_yes_devoted_singtel 1580585197263 360 207 touchmove 120 84 0 0 0 devoted 0
turns_yes_devoted_singtel 1580585197280 360 207 touchmove 114 73 0 0 0 devoted 0
turns_yes_devoted_singtel 1580585197296 360 207 touchmove 108 60 0 0 0 devoted 0
turns_yes_devoted_singtel 1580585197318 360 207 touchmove 103 49 0 0 0 devoted 0
turns_yes_devoted_singtel 1580585197335 360 207 touchmove 98 39 0 0 0 devoted 0
turns_yes_devoted_singtel 1580585197351 360 207 touchmove 95 33 0 0 0 devoted 0
turns_yes_devoted_singtel 1580585197368 360 207 touchmove 93 27 0 0 0 devoted 0
turns_yes_devoted_singtel 1580585197384 360 207 touchmove 92 25 0 0 0 devoted 0
turns_yes_devoted_singtel 1580585197400 360 207 touchmove 92 24 0 0 0 devoted 0
turns_yes_devoted_singtel 1580585197418 360 207 touchmove 92 23 0 0 0 devoted 0
turns_yes_devoted_singtel 1580585197434 360 207 touchmove 92 22 0 0 0 devoted 0
turns_yes_devoted_singtel 1580585197451 360 207 touchmove 91 22 0 0 0 devoted 0
turns_yes_devoted_singtel 1580585197467 360 207 touchmove 91 21 0 0 0 devoted 0
turns_yes_devoted_singtel 1580585197501 360 207 touchmove 95 28 0 0 0 devoted 0
turns_yes_devoted_singtel 1580585197517 360 207 touchmove 102 39 0 0 0 devoted 0
turns_yes_devoted_singtel 1580585197535 360 207 touchmove 111 54 0 0 0 devoted 0
turns_yes_devoted_singtel 1580585197551 360 207 touchmove 121 68 0 0 0 devoted 0
turns_yes_devoted_singtel 1580585197567 360 207 touchmove 132 83 0 0 0 devoted 0
turns_yes_devoted_singtel 1580585197584 360 207 touchmove 142 96 0 0 0 devoted 0
turns_yes_devoted_singtel 1580585197600 360 207 touchmove 150 107 0 0 0 devoted 0
turns_yes_devoted_singtel 1580585197618 360 207 touchmove 161 119 0 0 0 devoted 0
turns_yes_devoted_singtel 1580585197634 360 207 touchmove 168 127 0 0 0 devoted 0
turns_yes_devoted_singtel 1580585197650 360 207 touchmove 171 130 0 0 0 devoted 0
turns_yes_devoted_singtel 1580585197667 360 207 touchmove 174 134 0 0 0 devoted 0
turns_yes_devoted_singtel 1580585197684 360 207 touchmove 177 136 0 0 0 devoted 0
turns_yes_devoted_singtel 1580585197702 360 207 touchmove 178 137 0 0 0 devoted 0
turns_yes_devoted_singtel 1580585197719 360 207 touchmove 179 138 0 0 0 devoted 0
turns_yes_devoted_singtel 1580585197735 360 207 touchmove 181 139 0 0 0 devoted 0
turns_yes_devoted_singtel 1580585197751 360 207 touchmove 185 139 0 0 0 devoted 0
turns_yes_devoted_singtel 1580585197767 360 207 touchmove 190 135 0 0 0 devoted 0
turns_yes_devoted_singtel 1580585197784 360 207 touchmove 199 121 0 0 0 devoted 0
turns_yes_devoted_singtel 1580585197801 360 207 touchmove 206 107 0 0 0 devoted 0
turns_yes_devoted_singtel 1580585197818 360 207 touchmove 212 95 0 0 0 devoted 0
turns_yes_devoted_singtel 1580585197834 360 207 touchmove 220 83 0 0 0 devoted 0
turns_yes_devoted_singtel 1580585197851 360 207 touchmove 228 72 0 0 0 devoted 0
turns_yes_devoted_singtel 1580585197867 360 207 touchmove 237 61 0 0 0 devoted 0
turns_yes_devoted_singtel 1580585197884 360 207 touchmove 248 51 0 0 0 devoted 0
turns_yes_devoted_singtel 1580585197901 360 207 touchmove 258 42 0 0 0 devoted 0
turns_yes_devoted_singtel 1580585197917 360 207 touchmove 270 33 0 0 0 devoted 0
turns_yes_devoted_singtel 1580585197935 360 207 touchmove 281 27 0 0 0 devoted 0
turns_yes_devoted_singtel 1580585197951 360 207 touchmove 290 23 0 0 0 devoted 0
turns_yes_devoted_singtel 1580585197968 360 207 touchmove 295 20 0 0 0 devoted 0
turns_yes_devoted_singtel 1580585197984 360 207 touchmove 298 19 0 0 0 devoted 0
turns_yes_devoted_singtel 1580585198000 360 207 touchmove 300 18 0 0 0 devoted 0
turns_yes_devoted_singtel 1580585198020 360 207 touchmove 301 18 0 0 0 devoted 0
turns_yes_devoted_singtel 1580585198034 360 207 touchmove 301 17 0 0 0 devoted 0
turns_yes_devoted_singtel 1580585198050 360 207 touchmove 301 17 0 0 0 devoted 0
turns_yes_devoted_singtel 1580585198067 360 207 touchmove 299 16 0 0 0 devoted 0
turns_yes_devoted_singtel 1580585198084 360 207 touchmove 285 13 0 0 0 devoted 0
turns_yes_devoted_singtel 1580585198101 360 207 touchmove 268 12 0 0 0 devoted 0
turns_yes_devoted_singtel 1580585198179 360 207 touchmove 252 13 0 0 0 devoted 0
turns_yes_devoted_singtel 1580585198203 360 207 touchmove 184 19 0 0 0 devoted 0
turns_yes_devoted_singtel 1580585198218 360 207 touchmove 178 20 0 0 0 devoted 0
turns_yes_devoted_singtel 1580585198237 360 207 touchmove 174 20 0 0 0 devoted 0
turns_yes_devoted_singtel 1580585198252 360 207 touchmove 173 20 0 0 0 devoted 0
turns_yes_devoted_singtel 1580585198268 360 207 touchmove 172 20 0 0 0 devoted 0
turns_yes_devoted_singtel 1580585198285 360 207 touchmove 171 20 0 0 0 devoted 0
turns_yes_devoted_singtel 1580585198301 360 207 touchmove 170 21 0 0 0 devoted 0
turns_yes_devoted_singtel 1580585198317 360 207 touchmove 170 21 0 0 0 devoted 0
turns_yes_devoted_singtel 1580585198334 360 207 touchmove 169 21 0 0 0 devoted 0
turns_yes_devoted_singtel 1580585198368 360 207 touchmove 169 21 0 0 0 devoted 0
turns_yes_devoted_singtel 1580585198384 360 207 touchmove 170 22 0 0 0 devoted 0
turns_yes_devoted_singtel 1580585198400 360 207 touchmove 170 22 0 0 0 devoted 0
turns_yes_devoted_singtel 1580585198417 360 207 touchmove 170 22 0 0 0 devoted 0
turns_yes_devoted_singtel 1580585198434 360 207 touchmove 170 22 0 0 0 devoted 0
turns_yes_devoted_singtel 1580585198450 360 207 touchmove 169 22 0 0 0 devoted 0
turns_yes_devoted_singtel 1580585198467 360 207 touchmove 164 21 0 0 0 devoted 0
turns_yes_devoted_singtel 1580585198484 360 207 touchmove 154 18 0 0 0 devoted 0
turns_yes_devoted_singtel 1580585198500 360 207 touchmove 143 15 0 0 0 devoted 0
turns_yes_devoted_singtel 1580585198518 360 207 touchmove 133 11 0 0 0 devoted 0
turns_yes_devoted_singtel 1580585198534 360 207 touchmove 122 8 0 0 0 devoted 0
turns_yes_devoted_singtel 1580585198550 360 207 touchmove 115 6 0 0 0 devoted 0
turns_yes_devoted_singtel 1580585198568 360 207 touchmove 109 6 0 0 0 devoted 0
turns_yes_devoted_singtel 1580585198584 360 207 touchmove 106 6 0 0 0 devoted 0
turns_yes_devoted_singtel 1580585198602 360 207 touchmove 104 6 0 0 0 devoted 0
turns_yes_devoted_singtel 1580585198617 360 207 touchmove 103 7 0 0 0 devoted 0
turns_yes_devoted_singtel 1580585198635 360 207 touchmove 102 7 0 0 0 devoted 0
turns_yes_devoted_singtel 1580585198652 360 207 touchmove 100 9 0 0 0 devoted 0
turns_yes_devoted_singtel 1580585198668 360 207 touchmove 97 15 0 0 0 devoted 0
turns_yes_devoted_singtel 1580585198686 360 207 touchmove 95 25 0 0 0 devoted 0
turns_yes_devoted_singtel 1580585198701 360 207 touchmove 94 34 0 0 0 devoted 0
turns_yes_devoted_singtel 1580585198718 360 207 touchmove 94 43 0 0 0 devoted 0
turns_yes_devoted_singtel 1580585198735 360 207 touchmove 95 51 0 0 0 devoted 0
turns_yes_devoted_singtel 1580585198753 360 207 touchmove 96 59 0 0 0 devoted 0
turns_yes_devoted_singtel 1580585198768 360 207 touchmove 97 66 0 0 0 devoted 0
turns_yes_devoted_singtel 1580585198785 360 207 touchmove 98 72 0 0 0 devoted 0
turns_yes_devoted_singtel 1580585198801 360 207 touchmove 100 78 0 0 0 devoted 0
turns_yes_devoted_singtel 1580585198818 360 207 touchmove 101 83 0 0 0 devoted 0
turns_yes_devoted_singtel 1580585198835 360 207 touchmove 102 87 0 0 0 devoted 0
turns_yes_devoted_singtel 1580585198852 360 207 touchmove 103 90 0 0 0 devoted 0
turns_yes_devoted_singtel 1580585198869 360 207 touchmove 103 91 0 0 0 devoted 0
turns_yes_devoted_singtel 1580585198884 360 207 touchmove 104 92 0 0 0 devoted 0
turns_yes_devoted_singtel 1580585198901 360 207 touchmove 104 93 0 0 0 devoted 0
turns_yes_devoted_singtel 1580585198918 360 207 touchmove 104 94 0 0 0 devoted 0
turns_yes_devoted_singtel 1580585198934 360 207 touchmove 105 97 0 0 0 devoted 0
turns_yes_devoted_singtel 1580585198946 360 207 touchmove 106 99 0 0 0 devoted 0
turns_yes_devoted_singtel 1580585198951 360 207 touchend 106 99 0 0 0 devoted 0
turns_yes_devoted_singtel 1580585200269 360 207 touchstart 89 91 0 0 0 singtel 1
turns_yes_devoted_singtel 1580585200349 360 207 touchmove 94 90 0 0 0 singtel 1
turns_yes_devoted_singtel 1580585200366 360 207 touchmove 100 89 0 0 0 singtel 1
turns_yes_devoted_singtel 1580585200384 360 207 touchmove 106 89 0 0 0 singtel 1
turns_yes_devoted_singtel 1580585200399 360 207 touchmove 111 89 0 0 0 singtel 1
turns_yes_devoted_singtel 1580585200422 360 207 touchmove 120 90 0 0 0 singtel 1
turns_yes_devoted_singtel 1580585200439 360 207 touchmove 127 90 0 0 0 singtel 1
turns_yes_devoted_singtel 1580585200455 360 207 touchmove 134 91 0 0 0 singtel 1
turns_yes_devoted_singtel 1580585200470 360 207 touchmove 144 91 0 0 0 singtel 1
turns_yes_devoted_singtel 1580585200487 360 207 touchmove 151 91 0 0 0 singtel 1
turns_yes_devoted_singtel 1580585200505 360 207 touchmove 161 91 0 0 0 singtel 1
turns_yes_devoted_singtel 1580585200522 360 207 touchmove 170 92 0 0 0 singtel 1
turns_yes_devoted_singtel 1580585200540 360 207 touchmove 179 92 0 0 0 singtel 1
turns_yes_devoted_singtel 1580585200555 360 207 touchmove 188 93 0 0 0 singtel 1
turns_yes_devoted_singtel 1580585200571 360 207 touchmove 197 93 0 0 0 singtel 1
turns_yes_devoted_singtel 1580585200588 360 207 touchmove 205 93 0 0 0 singtel 1
turns_yes_devoted_singtel 1580585200604 360 207 touchmove 213 93 0 0 0 singtel 1
turns_yes_devoted_singtel 1580585200620 360 207 touchmove 218 94 0 0 0 singtel 1
turns_yes_devoted_singtel 1580585200637 360 207 touchmove 226 93 0 0 0 singtel 1
turns_yes_devoted_singtel 1580585200654 360 207 touchmove 232 93 0 0 0 singtel 1
turns_yes_devoted_singtel 1580585200672 360 207 touchmove 236 91 0 0 0 singtel 1
turns_yes_devoted_singtel 1580585200687 360 207 touchmove 241 90 0 0 0 singtel 1
turns_yes_devoted_singtel 1580585200704 360 207 touchmove 245 88 0 0 0 singtel 1
turns_yes_devoted_singtel 1580585200722 360 207 touchmove 249 85 0 0 0 singtel 1
turns_yes_devoted_singtel 1580585200738 360 207 touchmove 253 81 0 0 0 singtel 1
turns_yes_devoted_singtel 1580585200754 360 207 touchmove 258 76 0 0 0 singtel 1
turns_yes_devoted_singtel 1580585200771 360 207 touchmove 263 68 0 0 0 singtel 1
turns_yes_devoted_singtel 1580585200787 360 207 touchmove 267 61 0 0 0 singtel 1
turns_yes_devoted_singtel 1580585200804 360 207 touchmove 269 55 0 0 0 singtel 1
turns_yes_devoted_singtel 1580585200822 360 207 touchmove 272 48 0 0 0 singtel 1
turns_yes_devoted_singtel 1580585200838 360 207 touchmove 274 41 0 0 0 singtel 1
turns_yes_devoted_singtel 1580585200855 360 207 touchmove 275 36 0 0 0 singtel 1
turns_yes_devoted_singtel 1580585200871 360 207 touchmove 276 34 0 0 0 singtel 1
turns_yes_devoted_singtel 1580585200888 360 207 touchmove 276 32 0 0 0 singtel 1
turns_yes_devoted_singtel 1580585200904 360 207 touchmove 276 31 0 0 0 singtel 1
turns_yes_devoted_singtel 1580585200922 360 207 touchmove 276 30 0 0 0 singtel 1
turns_yes_devoted_singtel 1580585200938 360 207 touchmove 277 30 0 0 0 singtel 1
turns_yes_devoted_singtel 1580585200954 360 207 touchmove 277 29 0 0 0 singtel 1
turns_yes_devoted_singtel 1580585200970 360 207 touchmove 277 29 0 0 0 singtel 1
turns_yes_devoted_singtel 1580585200990 360 207 touchmove 277 29 0 0 0 singtel 1
turns_yes_devoted_singtel 1580585201004 360 207 touchmove 277 29 0 0 0 singtel 1
turns_yes_devoted_singtel 1580585201020 360 207 touchmove 276 38 0 0 0 singtel 1
turns_yes_devoted_singtel 1580585201037 360 207 touchmove 275 53 0 0 0 singtel 1
turns_yes_devoted_singtel 1580585201055 360 207 touchmove 273 67 0 0 0 singtel 1
turns_yes_devoted_singtel 1580585201071 360 207 touchmove 272 82 0 0 0 singtel 1
turns_yes_devoted_singtel 1580585201088 360 207 touchmove 271 94 0 0 0 singtel 1
turns_yes_devoted_singtel 1580585201105 360 207 touchmove 270 107 0 0 0 singtel 1
turns_yes_devoted_singtel 1580585201122 360 207 touchmove 269 119 0 0 0 singtel 1
turns_yes_devoted_singtel 1580585201138 360 207 touchmove 269 129 0 0 0 singtel 1
turns_yes_devoted_singtel 1580585201156 360 207 touchmove 268 137 0 0 0 singtel 1
turns_yes_devoted_singtel 1580585201172 360 207 touchmove 267 142 0 0 0 singtel 1
turns_yes_devoted_singtel 1580585201190 360 207 touchmove 266 146 0 0 0 singtel 1
turns_yes_devoted_singtel 1580585201206 360 207 touchmove 265 149 0 0 0 singtel 1
turns_yes_devoted_singtel 1580585201222 360 207 touchmove 265 151 0 0 0 singtel 1
turns_yes_devoted_singtel 1580585201237 360 207 touchmove 264 152 0 0 0 singtel 1
turns_yes_devoted_singtel 1580585201255 360 207 touchmove 264 153 0 0 0 singtel 1
turns_yes_devoted_singtel 1580585201272 360 207 touchmove 263 154 0 0 0 singtel 1
turns_yes_devoted_singtel 1580585201289 360 207 touchmove 261 155 0 0 0 singtel 1
turns_yes_devoted_singtel 1580585201305 360 207 touchmove 254 156 0 0 0 singtel 1
turns_yes_devoted_singtel 1580585201323 360 207 touchmove 245 152 0 0 0 singtel 1
turns_yes_devoted_singtel 1580585201338 360 207 touchmove 237 144 0 0 0 singtel 1
turns_yes_devoted_singtel 1580585201356 360 207 touchmove 229 136 0 0 0 singtel 1
turns_yes_devoted_singtel 1580585201371 360 207 touchmove 220 126 0 0 0 singtel 1
turns_yes_devoted_singtel 1580585201388 360 207 touchmove 213 117 0 0 0 singtel 1
turns_yes_devoted_singtel 1580585201404 360 207 touchmove 206 108 0 0 0 singtel 1
turns_yes_devoted_singtel 1580585201421 360 207 touchmove 201 101 0 0 0 singtel 1
turns_yes_devoted_singtel 1580585201439 360 207 touchmove 196 95 0 0 0 singtel 1
turns_yes_devoted_singtel 1580585201455 360 207 touchmove 192 90 0 0 0 singtel 1
turns_yes_devoted_singtel 1580585201472 360 207 touchmove 190 87 0 0 0 singtel 1
turns_yes_devoted_singtel 1580585201489 360 207 touchmove 189 85 0 0 0 singtel 1
turns_yes_devoted_singtel 1580585201507 360 207 touchmove 188 84 0 0 0 singtel 1
turns_yes_devoted_singtel 1580585201522 360 207 touchmove 187 83 0 0 0 singtel 1
turns_yes_devoted_singtel 1580585201538 360 207 touchmove 187 82 0 0 0 singtel 1
turns_yes_devoted_singtel 1580585201557 360 207 touchmove 186 81 0 0 0 singtel 1
turns_yes_devoted_singtel 1580585201573 360 207 touchmove 186 81 0 0 0 singtel 1
turns_yes_devoted_singtel 1580585201589 360 207 touchmove 185 80 0 0 0 singtel 1
turns_yes_devoted_singtel 1580585201608 360 207 touchmove 185 80 0 0 0 singtel 1
turns_yes_devoted_singtel 1580585201623 360 207 touchmove 184 79 0 0 0 singtel 1
turns_yes_devoted_singtel 1580585201638 360 207 touchmove 184 79 0 0 0 singtel 1
turns_yes_devoted_singtel 1580585201672 360 207 touchmove 185 79 0 0 0 singtel 1
turns_yes_devoted_singtel 1580585201689 360 207 touchmove 188 79 0 0 0 singtel 1
turns_yes_devoted_singtel 1580585201706 360 207 touchmove 195 80 0 0 0 singtel 1
turns_yes_devoted_singtel 1580585201724 360 207 touchmove 203 82 0 0 0 singtel 1
turns_yes_devoted_singtel 1580585201739 360 207 touchmove 211 83 0 0 0 singtel 1
turns_yes_devoted_singtel 1580585201756 360 207 touchmove 219 84 0 0 0 singtel 1
turns_yes_devoted_singtel 1580585201773 360 207 touchmove 228 85 0 0 0 singtel 1
turns_yes_devoted_singtel 1580585201799 360 207 touchmove 236 86 0 0 0 singtel 1
turns_yes_devoted_singtel 1580585201822 360 207 touchmove 249 88 0 0 0 singtel 1
turns_yes_devoted_singtel 1580585201839 360 207 touchmove 254 88 0 0 0 singtel 1
turns_yes_devoted_singtel 1580585201858 360 207 touchmove 258 89 0 0 0 singtel 1
turns_yes_devoted_singtel 1580585201873 360 207 touchmove 262 89 0 0 0 singtel 1
turns_yes_devoted_singtel 1580585201889 360 207 touchmove 266 89 0 0 0 singtel 1
turns_yes_devoted_singtel 1580585201906 360 207 touchmove 269 89 0 0 0 singtel 1
turns_yes_devoted_singtel 1580585201922 360 207 touchmove 271 89 0 0 0 singtel 1
turns_yes_devoted_singtel 1580585201939 360 207 touchmove 274 89 0 0 0 singtel 1
turns_yes_devoted_singtel 1580585201955 360 207 touchmove 275 89 0 0 0 singtel 1
turns_yes_devoted_singtel 1580585201972 360 207 touchmove 277 89 0 0 0 singtel 1
turns_yes_devoted_singtel 1580585201989 360 207 touchmove 278 89 0 0 0 singtel 1
turns_yes_devoted_singtel 1580585202006 360 207 touchmove 279 89 0 0 0 singtel 1
turns_yes_devoted_singtel 1580585202022 360 207 touchmove 280 89 0 0 0 singtel 1
turns_yes_devoted_singtel 1580585202039 360 207 touchmove 281 89 0 0 0 singtel 1
turns_yes_devoted_singtel 1580585202056 360 207 touchmove 282 89 0 0 0 singtel 1
turns_yes_devoted_singtel 1580585202073 360 207 touchmove 282 89 0 0 0 singtel 1
turns_yes_devoted_singtel 1580585202088 360 207 touchmove 283 89 0 0 0 singtel 1
turns_yes_devoted_singtel 1580585202105 360 207 touchmove 284 89 0 0 0 singtel 1
turns_yes_devoted_singtel 1580585202122 360 207 touchmove 285 88 0 0 0 singtel 1
turns_yes_devoted_singtel 1580585202140 360 207 touchmove 288 88 0 0 0 singtel 1
turns_yes_devoted_singtel 1580585202156 360 207 touchmove 291 88 0 0 0 singtel 1
turns_yes_devoted_singtel 1580585202173 360 207 touchmove 294 87 0 0 0 singtel 1
turns_yes_devoted_singtel 1580585202189 360 207 touchmove 298 87 0 0 0 singtel 1
turns_yes_devoted_singtel 1580585202206 360 207 touchmove 302 86 0 0 0 singtel 1
turns_yes_devoted_singtel 1580585202223 360 207 touchmove 306 86 0 0 0 singtel 1
turns_yes_devoted_singtel 1580585202239 360 207 touchmove 309 86 0 0 0 singtel 1
turns_yes_devoted_singtel 1580585202256 360 207 touchmove 312 86 0 0 0 singtel 1
turns_yes_devoted_singtel 1580585202273 360 207 touchmove 314 86 0 0 0 singtel 1
turns_yes_devoted_singtel 1580585202290 360 207 touchmove 316 86 0 0 0 singtel 1
turns_yes_devoted_singtel 1580585202307 360 207 touchmove 317 86 0 0 0 singtel 1
turns_yes_devoted_singtel 1580585202323 360 207 touchmove 318 86 0 0 0 singtel 1
turns_yes_devoted_singtel 1580585202340 360 207 touchmove 319 86 0 0 0 singtel 1
turns_yes_devoted_singtel 1580585202357 360 207 touchmove 319 86 0 0 0 singtel 1
turns_yes_devoted_singtel 1580585202374 360 207 touchmove 320 86 0 0 0 singtel 1
turns_yes_devoted_singtel 1580585202390 360 207 touchmove 319 86 0 0 0 singtel 1
turns_yes_devoted_singtel 1580585202407 360 207 touchmove 319 86 0 0 0 singtel 1
turns_yes_devoted_singtel 1580585202423 360 207 touchmove 303 82 0 0 0 singtel 1
turns_yes_devoted_singtel 1580585202439 360 207 touchmove 285 76 0 0 0 singtel 1
turns_yes_devoted_singtel 1580585202457 360 207 touchmove 266 70 0 0 0 singtel 1
turns_yes_devoted_singtel 1580585202474 360 207 touchmove 248 64 0 0 0 singtel 1
turns_yes_devoted_singtel 1580585202491 360 207 touchmove 231 59 0 0 0 singtel 1
turns_yes_devoted_singtel 1580585202506 360 207 touchmove 217 55 0 0 0 singtel 1
turns_yes_devoted_singtel 1580585202523 360 207 touchmove 205 52 0 0 0 singtel 1
turns_yes_devoted_singtel 1580585202540 360 207 touchmove 194 49 0 0 0 singtel 1
turns_yes_devoted_singtel 1580585202557 360 207 touchmove 184 47 0 0 0 singtel 1
turns_yes_devoted_singtel 1580585202573 360 207 touchmove 174 45 0 0 0 singtel 1
turns_yes_devoted_singtel 1580585202590 360 207 touchmove 164 44 0 0 0 singtel 1
turns_yes_devoted_singtel 1580585202607 360 207 touchmove 155 42 0 0 0 singtel 1
turns_yes_devoted_singtel 1580585202623 360 207 touchmove 146 40 0 0 0 singtel 1
turns_yes_devoted_singtel 1580585202640 360 207 touchmove 136 36 0 0 0 singtel 1
turns_yes_devoted_singtel 1580585202658 360 207 touchmove 128 33 0 0 0 singtel 1
turns_yes_devoted_singtel 1580585202673 360 207 touchmove 119 29 0 0 0 singtel 1
turns_yes_devoted_singtel 1580585202689 360 207 touchmove 112 26 0 0 0 singtel 1
turns_yes_devoted_singtel 1580585202707 360 207 touchmove 104 23 0 0 0 singtel 1
turns_yes_devoted_singtel 1580585202723 360 207 touchmove 100 21 0 0 0 singtel 1
turns_yes_devoted_singtel 1580585202739 360 207 touchmove 98 20 0 0 0 singtel 1
turns_yes_devoted_singtel 1580585202757 360 207 touchmove 96 19 0 0 0 singtel 1
turns_yes_devoted_singtel 1580585202772 360 207 touchmove 95 19 0 0 0 singtel 1
turns_yes_devoted_singtel 1580585202789 360 207 touchmove 95 18 0 0 0 singtel 1
turns_yes_devoted_singtel 1580585202807 360 207 touchmove 94 18 0 0 0 singtel 1
turns_yes_devoted_singtel 1580585202823 360 207 touchmove 93 18 0 0 0 singtel 1
turns_yes_devoted_singtel 1580585202840 360 207 touchmove 93 18 0 0 0 singtel 1
turns_yes_devoted_singtel 1580585202857 360 207 touchmove 93 17 0 0 0 singtel 1
turns_yes_devoted_singtel 1580585202874 360 207 touchmove 94 17 0 0 0 singtel 1
turns_yes_devoted_singtel 1580585202890 360 207 touchmove 106 19 0 0 0 singtel 1
turns_yes_devoted_singtel 1580585202907 360 207 touchmove 115 20 0 0 0 singtel 1
turns_yes_devoted_singtel 1580585202924 360 207 touchmove 126 20 0 0 0 singtel 1
turns_yes_devoted_singtel 1580585202940 360 207 touchmove 136 20 0 0 0 singtel 1
turns_yes_devoted_singtel 1580585202957 360 207 touchmove 147 19 0 0 0 singtel 1
turns_yes_devoted_singtel 1580585202975 360 207 touchmove 157 17 0 0 0 singtel 1
turns_yes_devoted_singtel 1580585202996 360 207 touchmove 168 16 0 0 0 singtel 1
turns_yes_devoted_singtel 1580585203009 360 207 touchmove 175 16 0 0 0 singtel 1
turns_yes_devoted_singtel 1580585203025 360 207 touchmove 179 16 0 0 0 singtel 1
turns_yes_devoted_singtel 1580585203042 360 207 touchmove 182 17 0 0 0 singtel 1
turns_yes_devoted_singtel 1580585203059 360 207 touchmove 183 17 0 0 0 singtel 1
turns_yes_devoted_singtel 1580585203073 360 207 touchmove 189 20 0 0 0 singtel 1
turns_yes_devoted_singtel 1580585203076 360 207 touchend 189 20 0 0 0 singtel 1
turns_yes_devoted_singtel 1580585204817 360 207 touchstart 86 81 0 0 0 singtel 0
turns_yes_devoted_singtel 1580585204919 360 207 touchmove 97 77 0 0 0 singtel 0
turns_yes_devoted_singtel 1580585204935 360 207 touchmove 115 71 0 0 0 singtel 0
turns_yes_devoted_singtel 1580585204952 360 207 touchmove 130 67 0 0 0 singtel 0
turns_yes_devoted_singtel 1580585204970 360 207 touchmove 141 65 0 0 0 singtel 0
turns_yes_devoted_singtel 1580585204983 360 207 touchmove 160 62 0 0 0 singtel 0
turns_yes_devoted_singtel 1580585204999 360 207 touchmove 172 61 0 0 0 singtel 0
turns_yes_devoted_singtel 1580585205015 360 207 touchmove 190 59 0 0 0 singtel 0
turns_yes_devoted_singtel 1580585205031 360 207 touchmove 205 56 0 0 0 singtel 0
turns_yes_devoted_singtel 1580585205048 360 207 touchmove 219 53 0 0 0 singtel 0
turns_yes_devoted_singtel 1580585205064 360 207 touchmove 233 50 0 0 0 singtel 0
turns_yes_devoted_singtel 1580585205082 360 207 touchmove 245 47 0 0 0 singtel 0
turns_yes_devoted_singtel 1580585205098 360 207 touchmove 254 43 0 0 0 singtel 0
turns_yes_devoted_singtel 1580585205116 360 207 touchmove 263 39 0 0 0 singtel 0
turns_yes_devoted_singtel 1580585205132 360 207 touchmove 269 35 0 0 0 singtel 0
turns_yes_devoted_singtel 1580585205149 360 207 touchmove 273 33 0 0 0 singtel 0
turns_yes_devoted_singtel 1580585205164 360 207 touchmove 275 32 0 0 0 singtel 0
turns_yes_devoted_singtel 1580585205182 360 207 touchmove 276 31 0 0 0 singtel 0
turns_yes_devoted_singtel 1580585205197 360 207 touchmove 277 31 0 0 0 singtel 0
turns_yes_devoted_singtel 1580585205216 360 207 touchmove 277 30 0 0 0 singtel 0
turns_yes_devoted_singtel 1580585205233 360 207 touchmove 278 30 0 0 0 singtel 0
turns_yes_devoted_singtel 1580585205249 360 207 touchmove 279 30 0 0 0 singtel 0
turns_yes_devoted_singtel 1580585205267 360 207 touchmove 279 30 0 0 0 singtel 0
turns_yes_devoted_singtel 1580585205282 360 207 touchmove 279 33 0 0 0 singtel 0
turns_yes_devoted_singtel 1580585205298 360 207 touchmove 279 45 0 0 0 singtel 0
turns_yes_devoted_singtel 1580585205315 360 207 touchmove 278 58 0 0 0 singtel 0
turns_yes_devoted_singtel 1580585205332 360 207 touchmove 275 73 0 0 0 singtel 0
turns_yes_devoted_singtel 1580585205350 360 207 touchmove 272 85 0 0 0 singtel 0
turns_yes_devoted_singtel 1580585205366 360 207 touchmove 269 96 0 0 0 singtel 0
turns_yes_devoted_singtel 1580585205382 360 207 touchmove 266 106 0 0 0 singtel 0
turns_yes_devoted_singtel 1580585205398 360 207 touchmove 264 118 0 0 0 singtel 0
turns_yes_devoted_singtel 1580585205416 360 207 touchmove 263 127 0 0 0 singtel 0
turns_yes_devoted_singtel 1580585205432 360 207 touchmove 262 135 0 0 0 singtel 0
turns_yes_devoted_singtel 1580585205449 360 207 touchmove 261 142 0 0 0 singtel 0
turns_yes_devoted_singtel 1580585205466 360 207 touchmove 260 147 0 0 0 singtel 0
turns_yes_devoted_singtel 1580585205483 360 207 touchmove 260 150 0 0 0 singtel 0
turns_yes_devoted_singtel 1580585205499 360 207 touchmove 259 151 0 0 0 singtel 0
turns_yes_devoted_singtel 1580585205516 360 207 touchmove 259 153 0 0 0 singtel 0
turns_yes_devoted_singtel 1580585205532 360 207 touchmove 259 153 0 0 0 singtel 0
turns_yes_devoted_singtel 1580585205550 360 207 touchmove 258 154 0 0 0 singtel 0
turns_yes_devoted_singtel 1580585205565 360 207 touchmove 258 155 0 0 0 singtel 0
turns_yes_devoted_singtel 1580585205582 360 207 touchmove 253 155 0 0 0 singtel 0
turns_yes_devoted_singtel 1580585205600 360 207 touchmove 245 152 0 0 0 singtel 0
turns_yes_devoted_singtel 1580585205616 360 207 touchmove 235 144 0 0 0 singtel 0
turns_yes_devoted_singtel 1580585205632 360 207 touchmove 225 134 0 0 0 singtel 0
turns_yes_devoted_singtel 1580585205649 360 207 touchmove 215 124 0 0 0 singtel 0
turns_yes_devoted_singtel 1580585205665 360 207 touchmove 208 116 0 0 0 singtel 0
turns_yes_devoted_singtel 1580585205682 360 207 touchmove 200 108 0 0 0 singtel 0
turns_yes_devoted_singtel 1580585205698 360 207 touchmove 194 102 0 0 0 singtel 0
turns_yes_devoted_singtel 1580585205715 360 207 touchmove 190 98 0 0 0 singtel 0
turns_yes_devoted_singtel 1580585205734 360 207 touchmove 187 95 0 0 0 singtel 0
turns_yes_devoted_singtel 1580585205749 360 207 touchmove 186 93 0 0 0 singtel 0
turns_yes_devoted_singtel 1580585205766 360 207 touchmove 185 92 0 0 0 singtel 0
turns_yes_devoted_singtel 1580585205782 360 207 touchmove 184 92 0 0 0 singtel 0
turns_yes_devoted_singtel 1580585205798 360 207 touchmove 183 91 0 0 0 singtel 0
turns_yes_devoted_singtel 1580585205817 360 207 touchmove 183 90 0 0 0 singtel 0
turns_yes_devoted_singtel 1580585205832 360 207 touchmove 182 90 0 0 0 singtel 0
turns_yes_devoted_singtel 1580585205848 360 207 touchmove 181 89 0 0 0 singtel 0
turns_yes_devoted_singtel 1580585205865 360 207 touchmove 181 89 0 0 0 singtel 0
turns_yes_devoted_singtel 1580585205881 360 207 touchmove 180 88 0 0 0 singtel 0
turns_yes_devoted_singtel 1580585205899 360 207 touchmove 180 87 0 0 0 singtel 0
turns_yes_devoted_singtel 1580585205920 360 207 touchmove 179 80 0 0 0 singtel 0
turns_yes_devoted_singtel 1580585205947 360 207 touchmove 176 53 0 0 0 singtel 0
turns_yes_devoted_singtel 1580585205964 360 207 touchmove 174 42 0 0 0 singtel 0
turns_yes_devoted_singtel 1580585205980 360 207 touchmove 173 33 0 0 0 singtel 0
turns_yes_devoted_singtel 1580585205998 360 207 touchmove 172 28 0 0 0 singtel 0
turns_yes_devoted_singtel 1580585206015 360 207 touchmove 171 24 0 0 0 singtel 0
turns_yes_devoted_singtel 1580585206031 360 207 touchmove 170 21 0 0 0 singtel 0
turns_yes_devoted_singtel 1580585206048 360 207 touchmove 170 20 0 0 0 singtel 0
turns_yes_devoted_singtel 1580585206064 360 207 touchmove 169 20 0 0 0 singtel 0
turns_yes_devoted_singtel 1580585206081 360 207 touchmove 168 19 0 0 0 singtel 0
turns_yes_devoted_singtel 1580585206097 360 207 touchmove 164 17 0 0 0 singtel 0
turns_yes_devoted_singtel 1580585206113 360 207 touchmove 158 16 0 0 0 singtel 0
turns_yes_devoted_singtel 1580585206131 360 207 touchmove 151 16 0 0 0 singtel 0
turns_yes_devoted_singtel 1580585206147 360 207 touchmove 143 18 0 0 0 singtel 0
turns_yes_devoted_singtel 1580585206163 360 207 touchmove 136 20 0 0 0 singtel 0
turns_yes_devoted_singtel 1580585206181 360 207 touchmove 128 22 0 0 0 singtel 0
turns_yes_devoted_singtel 1580585206197 360 207 touchmove 121 24 0 0 0 singtel 0
turns_yes_devoted_singtel 1580585206214 360 207 touchmove 114 26 0 0 0 singtel 0
turns_yes_devoted_singtel 1580585206230 360 207 touchmove 109 27 0 0 0 singtel 0
turns_yes_devoted_singtel 1580585206247 360 207 touchmove 102 27 0 0 0 singtel 0
turns_yes_devoted_singtel 1580585206264 360 207 touchmove 97 28 0 0 0 singtel 0
turns_yes_devoted_singtel 1580585206281 360 207 touchmove 94 28 0 0 0 singtel 0
turns_yes_devoted_singtel 1580585206297 360 207 touchmove 92 28 0 0 0 singtel 0
turns_yes_devoted_singtel 1580585206314 360 207 touchmove 91 28 0 0 0 singtel 0
turns_yes_devoted_singtel 1580585206331 360 207 touchmove 90 28 0 0 0 singtel 0
turns_yes_devoted_singtel 1580585206347 360 207 touchmove 89 28 0 0 0 singtel 0
turns_yes_devoted_singtel 1580585206364 360 207 touchmove 88 28 0 0 0 singtel 0
turns_yes_devoted_singtel 1580585206381 360 207 touchmove 88 29 0 0 0 singtel 0
turns_yes_devoted_singtel 1580585206398 360 207 touchmove 89 29 0 0 0 singtel 0
turns_yes_devoted_singtel 1580585206415 360 207 touchmove 101 34 0 0 0 singtel 0
turns_yes_devoted_singtel 1580585206430 360 207 touchmove 116 40 0 0 0 singtel 0
turns_yes_devoted_singtel 1580585206447 360 207 touchmove 133 45 0 0 0 singtel 0
turns_yes_devoted_singtel 1580585206464 360 207 touchmove 152 50 0 0 0 singtel 0
turns_yes_devoted_singtel 1580585206480 360 207 touchmove 172 55 0 0 0 singtel 0
turns_yes_devoted_singtel 1580585206496 360 207 touchmove 192 59 0 0 0 singtel 0
turns_yes_devoted_singtel 1580585206514 360 207 touchmove 211 63 0 0 0 singtel 0
turns_yes_devoted_singtel 1580585206530 360 207 touchmove 230 67 0 0 0 singtel 0
turns_yes_devoted_singtel 1580585206547 360 207 touchmove 248 70 0 0 0 singtel 0
turns_yes_devoted_singtel 1580585206564 360 207 touchmove 266 72 0 0 0 singtel 0
turns_yes_devoted_singtel 1580585206596 360 207 touchmove 298 75 0 0 0 singtel 0
turns_yes_devoted_singtel 1580585206614 360 207 touchmove 312 77 0 0 0 singtel 0
turns_yes_devoted_singtel 1580585206630 360 207 touchmove 323 79 0 0 0 singtel 0
turns_yes_devoted_singtel 1580585206647 360 207 touchmove 330 80 0 0 0 singtel 0
turns_yes_devoted_singtel 1580585206664 360 207 touchmove 334 82 0 0 0 singtel 0
turns_yes_devoted_singtel 1580585206681 360 207 touchmove 337 83 0 0 0 singtel 0
turns_yes_devoted_singtel 1580585206698 360 207 touchmove 339 84 0 0 0 singtel 0
turns_yes_devoted_singtel 1580585206715 360 207 touchmove 340 84 0 0 0 singtel 0
turns_yes_devoted_singtel 1580585206731 360 207 touchmove 341 84 0 0 0 singtel 0
turns_yes_devoted_singtel 1580585206748 360 207 touchmove 341 85 0 0 0 singtel 0
turns_yes_devoted_singtel 1580585206764 360 207 touchmove 342 85 0 0 0 singtel 0
turns_yes_devoted_singtel 1580585206780 360 207 touchmove 342 86 0 0 0 singtel 0
turns_yes_devoted_singtel 1580585206798 360 207 touchmove 342 86 0 0 0 singtel 0
turns_yes_devoted_singtel 1580585206802 360 207 touchend 342 86 0 0 0 singtel 0
chelsea_safari_parts_homeland 1580585211502 360 207 touchstart 158 138 0 0 0 chelsea 0
chelsea_safari_parts_homeland 1580585211623 360 207 touchmove 163 129 0 0 0 chelsea 0
chelsea_safari_parts_homeland 1580585211640 360 207 touchmove 166 126 0 0 0 chelsea 0
chelsea_safari_parts_homeland 1580585211655 360 207 touchmove 169 122 0 0 0 chelsea 0
chelsea_safari_parts_homeland 1580585211673 360 207 touchmove 171 119 0 0 0 chelsea 0
chelsea_safari_parts_homeland 1580585211689 360 207 touchmove 173 117 0 0 0 chelsea 0
chelsea_safari_parts_homeland 1580585211708 360 207 touchmove 176 114 0 0 0 chelsea 0
chelsea_safari_parts_homeland 1580585211722 360 207 touchmove 178 112 0 0 0 chelsea 0
chelsea_safari_parts_homeland 1580585211739 360 207 touchmove 181 110 0 0 0 chelsea 0
chelsea_safari_parts_homeland 1580585211756 360 207 touchmove 183 108 0 0 0 chelsea 0
chelsea_safari_parts_homeland 1580585211772 360 207 touchmove 186 106 0 0 0 chelsea 0
chelsea_safari_parts_homeland 1580585211788 360 207 touchmove 189 104 0 0 0 chelsea 0
chelsea_safari_parts_homeland 1580585211805 360 207 touchmove 192 102 0 0 0 chelsea 0
chelsea_safari_parts_homeland 1580585211822 360 207 touchmove 194 100 0 0 0 chelsea 0
chelsea_safari_parts_homeland 1580585211838 360 207 touchmove 196 98 0 0 0 chelsea 0
chelsea_safari_parts_homeland 1580585211856 360 207 touchmove 198 96 0 0 0 chelsea 0
chelsea_safari_parts_homeland 1580585211872 360 207 touchmove 201 93 0 0 0 chelsea 0
chelsea_safari_parts_homeland 1580585211889 360 207 touchmove 203 91 0 0 0 chelsea 0
chelsea_safari_parts_homeland 1580585211906 360 207 touchmove 205 89 0 0 0 chelsea 0
chelsea_safari_parts_homeland 1580585211922 360 207 touchmove 207 87 0 0 0 chelsea 0
chelsea_safari_parts_homeland 1580585211939 360 207 touchmove 207 86 0 0 0 chelsea 0
chelsea_safari_parts_homeland 1580585211955 360 207 touchmove 208 86 0 0 0 chelsea 0
chelsea_safari_parts_homeland 1580585211972 360 207 touchmove 209 85 0 0 0 chelsea 0
chelsea_safari_parts_homeland 1580585211989 360 207 touchmove 210 84 0 0 0 chelsea 0
chelsea_safari_parts_homeland 1580585212005 360 207 touchmove 210 84 0 0 0 chelsea 0
chelsea_safari_parts_homeland 1580585212022 360 207 touchmove 211 83 0 0 0 chelsea 0
chelsea_safari_parts_homeland 1580585212039 360 207 touchmove 210 83 0 0 0 chelsea 0
chelsea_safari_parts_homeland 1580585212055 360 207 touchmove 210 83 0 0 0 chelsea 0
chelsea_safari_parts_homeland 1580585212072 360 207 touchmove 202 80 0 0 0 chelsea 0
chelsea_safari_parts_homeland 1580585212089 360 207 touchmove 193 77 0 0 0 chelsea 0
chelsea_safari_parts_homeland 1580585212105 360 207 touchmove 181 75 0 0 0 chelsea 0
chelsea_safari_parts_homeland 1580585212123 360 207 touchmove 171 72 0 0 0 chelsea 0
chelsea_safari_parts_homeland 1580585212138 360 207 touchmove 160 69 0 0 0 chelsea 0
chelsea_safari_parts_homeland 1580585212156 360 207 touchmove 151 66 0 0 0 chelsea 0
chelsea_safari_parts_homeland 1580585212172 360 207 touchmove 141 62 0 0 0 chelsea 0
chelsea_safari_parts_homeland 1580585212189 360 207 touchmove 133 59 0 0 0 chelsea 0
chelsea_safari_parts_homeland 1580585212205 360 207 touchmove 125 56 0 0 0 chelsea 0
chelsea_safari_parts_homeland 1580585212222 360 207 touchmove 119 53 0 0 0 chelsea 0
chelsea_safari_parts_homeland 1580585212239 360 207 touchmove 115 51 0 0 0 chelsea 0
chelsea_safari_parts_homeland 1580585212255 360 207 touchmove 111 49 0 0 0 chelsea 0
chelsea_safari_parts_homeland 1580585212272 360 207 touchmove 109 47 0 0 0 chelsea 0
chelsea_safari_parts_homeland 1580585212289 360 207 touchmove 107 46 0 0 0 chelsea 0
chelsea_safari_parts_homeland 1580585212306 360 207 touchmove 106 45 0 0 0 chelsea 0
chelsea_safari_parts_homeland 1580585212322 360 207 touchmove 105 45 0 0 0 chelsea 0
chelsea_safari_parts_homeland 1580585212338 360 207 touchmove 104 44 0 0 0 chelsea 0
chelsea_safari_parts_homeland 1580585212355 360 207 touchmove 104 43 0 0 0 chelsea 0
chelsea_safari_parts_homeland 1580585212372 360 207 touchmove 103 43 0 0 0 chelsea 0
chelsea_safari_parts_homeland 1580585212388 360 207 touchmove 103 42 0 0 0 chelsea 0
chelsea_safari_parts_homeland 1580585212406 360 207 touchmove 103 42 0 0 0 chelsea 0
chelsea_safari_parts_homeland 1580585212422 360 207 touchmove 104 41 0 0 0 chelsea 0
chelsea_safari_parts_homeland 1580585212438 360 207 touchmove 115 41 0 0 0 chelsea 0
chelsea_safari_parts_homeland 1580585212458 360 207 touchmove 130 44 0 0 0 chelsea 0
chelsea_safari_parts_homeland 1580585212472 360 207 touchmove 148 49 0 0 0 chelsea 0
chelsea_safari_parts_homeland 1580585212488 360 207 touchmove 168 56 0 0 0 chelsea 0
chelsea_safari_parts_homeland 1580585212506 360 207 touchmove 188 62 0 0 0 chelsea 0
chelsea_safari_parts_homeland 1580585212523 360 207 touchmove 209 68 0 0 0 chelsea 0
chelsea_safari_parts_homeland 1580585212539 360 207 touchmove 231 73 0 0 0 chelsea 0
chelsea_safari_parts_homeland 1580585212555 360 207 touchmove 252 78 0 0 0 chelsea 0
chelsea_safari_parts_homeland 1580585212572 360 207 touchmove 273 81 0 0 0 chelsea 0
chelsea_safari_parts_homeland 1580585212589 360 207 touchmove 291 82 0 0 0 chelsea 0
chelsea_safari_parts_homeland 1580585212606 360 207 touchmove 307 82 0 0 0 chelsea 0
chelsea_safari_parts_homeland 1580585212622 360 207 touchmove 320 81 0 0 0 chelsea 0
chelsea_safari_parts_homeland 1580585212639 360 207 touchmove 329 81 0 0 0 chelsea 0
chelsea_safari_parts_homeland 1580585212658 360 207 touchmove 335 82 0 0 0 chelsea 0
chelsea_safari_parts_homeland 1580585212672 360 207 touchmove 337 82 0 0 0 chelsea 0
chelsea_safari_parts_homeland 1580585212689 360 207 touchmove 338 82 0 0 0 chelsea 0
chelsea_safari_parts_homeland 1580585212705 360 207 touchmove 339 83 0 0 0 chelsea 0
chelsea_safari_parts_homeland 1580585212722 360 207 touchmove 340 83 0 0 0 chelsea 0
chelsea_safari_parts_homeland 1580585212739 360 207 touchmove 340 83 0 0 0 chelsea 0
chelsea_safari_parts_homeland 1580585212755 360 207 touchmove 340 83 0 0 0 chelsea 0
chelsea_safari_parts_homeland 1580585212772 360 207 touchmove 331 85 0 0 0 chelsea 0
chelsea_safari_parts_homeland 1580585212790 360 207 touchmove 315 87 0 0 0 chelsea 0
chelsea_safari_parts_homeland 1580585212806 360 207 touchmove 299 89 0 0 0 chelsea 0
chelsea_safari_parts_homeland 1580585212823 360 207 touchmove 286 90 0 0 0 chelsea 0
chelsea_safari_parts_homeland 1580585212840 360 207 touchmove 272 93 0 0 0 chelsea 0
chelsea_safari_parts_homeland 1580585212856 360 207 touchmove 257 95 0 0 0 chelsea 0
chelsea_safari_parts_homeland 1580585212873 360 207 touchmove 245 98 0 0 0 chelsea 0
chelsea_safari_parts_homeland 1580585212889 360 207 touchmove 232 101 0 0 0 chelsea 0
chelsea_safari_parts_homeland 1580585212905 360 207 touchmove 220 105 0 0 0 chelsea 0
chelsea_safari_parts_homeland 1580585212922 360 207 touchmove 208 108 0 0 0 chelsea 0
chelsea_safari_parts_homeland 1580585212939 360 207 touchmove 195 111 0 0 0 chelsea 0
chelsea_safari_parts_homeland 1580585212955 360 207 touchmove 183 113 0 0 0 chelsea 0
chelsea_safari_parts_homeland 1580585212972 360 207 touchmove 171 115 0 0 0 chelsea 0
chelsea_safari_parts_homeland 1580585212989 360 207 touchmove 158 116 0 0 0 chelsea 0
chelsea_safari_parts_homeland 1580585213006 360 207 touchmove 148 116 0 0 0 chelsea 0
chelsea_safari_parts_homeland 1580585213023 360 207 touchmove 136 116 0 0 0 chelsea 0
chelsea_safari_parts_homeland 1580585213039 360 207 touchmove 126 116 0 0 0 chelsea 0
chelsea_safari_parts_homeland 1580585213055 360 207 touchmove 116 115 0 0 0 chelsea 0
chelsea_safari_parts_homeland 1580585213072 360 207 touchmove 108 114 0 0 0 chelsea 0
chelsea_safari_parts_homeland 1580585213089 360 207 touchmove 100 113 0 0 0 chelsea 0
chelsea_safari_parts_homeland 1580585213106 360 207 touchmove 92 111 0 0 0 chelsea 0
chelsea_safari_parts_homeland 1580585213122 360 207 touchmove 86 110 0 0 0 chelsea 0
chelsea_safari_parts_homeland 1580585213139 360 207 touchmove 80 108 0 0 0 chelsea 0
chelsea_safari_parts_homeland 1580585213155 360 207 touchmove 75 107 0 0 0 chelsea 0
chelsea_safari_parts_homeland 1580585213172 360 207 touchmove 72 105 0 0 0 chelsea 0
chelsea_safari_parts_homeland 1580585213189 360 207 touchmove 69 104 0 0 0 chelsea 0
chelsea_safari_parts_homeland 1580585213205 360 207 touchmove 67 103 0 0 0 chelsea 0
chelsea_safari_parts_homeland 1580585213222 360 207 touchmove 66 102 0 0 0 chelsea 0
chelsea_safari_parts_homeland 1580585213241 360 207 touchmove 65 100 0 0 0 chelsea 0
chelsea_safari_parts_homeland 1580585213256 360 207 touchmove 63 93 0 0 0 chelsea 0
chelsea_safari_parts_homeland 1580585213272 360 207 touchmove 63 84 0 0 0 chelsea 0
chelsea_safari_parts_homeland 1580585213289 360 207 touchmove 66 76 0 0 0 chelsea 0
chelsea_safari_parts_homeland 1580585213307 360 207 touchmove 71 68 0 0 0 chelsea 0
chelsea_safari_parts_homeland 1580585213322 360 207 touchmove 76 59 0 0 0 chelsea 0
chelsea_safari_parts_homeland 1580585213338 360 207 touchmove 82 50 0 0 0 chelsea 0
chelsea_safari_parts_homeland 1580585213355 360 207 touchmove 89 40 0 0 0 chelsea 0
chelsea_safari_parts_homeland 1580585213372 360 207 touchmove 93 32 0 0 0 chelsea 0
chelsea_safari_parts_homeland 1580585213388 360 207 touchmove 97 25 0 0 0 chelsea 0
chelsea_safari_parts_homeland 1580585213405 360 207 touchmove 98 21 0 0 0 chelsea 0
chelsea_safari_parts_homeland 1580585213422 360 207 touchmove 99 19 0 0 0 chelsea 0
chelsea_safari_parts_homeland 1580585213438 360 207 touchmove 99 18 0 0 0 chelsea 0
chelsea_safari_parts_homeland 1580585213455 360 207 touchmove 100 17 0 0 0 chelsea 0
chelsea_safari_parts_homeland 1580585213472 360 207 touchmove 100 16 0 0 0 chelsea 0
chelsea_safari_parts_homeland 1580585213489 360 207 touchmove 100 16 0 0 0 chelsea 0
chelsea_safari_parts_homeland 1580585213522 360 207 touchmove 99 16 0 0 0 chelsea 0
chelsea_safari_parts_homeland 1580585213540 360 207 touchmove 94 21 0 0 0 chelsea 0
chelsea_safari_parts_homeland 1580585213555 360 207 touchmove 87 27 0 0 0 chelsea 0
chelsea_safari_parts_homeland 1580585213572 360 207 touchmove 79 38 0 0 0 chelsea 0
chelsea_safari_parts_homeland 1580585213591 360 207 touchmove 70 47 0 0 0 chelsea 0
chelsea_safari_parts_homeland 1580585213606 360 207 touchmove 63 56 0 0 0 chelsea 0
chelsea_safari_parts_homeland 1580585213623 360 207 touchmove 54 65 0 0 0 chelsea 0
chelsea_safari_parts_homeland 1580585213639 360 207 touchmove 47 72 0 0 0 chelsea 0
chelsea_safari_parts_homeland 1580585213656 360 207 touchmove 40 78 0 0 0 chelsea 0
chelsea_safari_parts_homeland 1580585213672 360 207 touchmove 34 83 0 0 0 chelsea 0
chelsea_safari_parts_homeland 1580585213689 360 207 touchmove 30 87 0 0 0 chelsea 0
chelsea_safari_parts_homeland 1580585213705 360 207 touchmove 29 88 0 0 0 chelsea 0
chelsea_safari_parts_homeland 1580585213722 360 207 touchmove 28 89 0 0 0 chelsea 0
chelsea_safari_parts_homeland 1580585213739 360 207 touchmove 27 90 0 0 0 chelsea 0
chelsea_safari_parts_homeland 1580585213755 360 207 touchmove 26 91 0 0 0 chelsea 0
chelsea_safari_parts_homeland 1580585213772 360 207 touchmove 25 92 0 0 0 chelsea 0
chelsea_safari_parts_homeland 1580585213789 360 207 touchmove 24 93 0 0 0 chelsea 0
chelsea_safari_parts_homeland 1580585213805 360 207 touchmove 24 94 0 0 0 chelsea 0
chelsea_safari_parts_homeland 1580585213822 360 207 touchmove 23 94 0 0 0 chelsea 0
chelsea_safari_parts_homeland 1580585213839 360 207 touchmove 22 95 0 0 0 chelsea 0
chelsea_safari_parts_homeland 1580585213855 360 207 touchmove 22 95 0 0 0 chelsea 0
chelsea_safari_parts_homeland 1580585213872 360 207 touchmove 21 96 0 0 0 chelsea 0
chelsea_safari_parts_homeland 1580585213891 360 207 touchend 21 96 0 0 0 chelsea 0
chelsea_safari_parts_homeland 1580585214553 360 207 touchstart 79 88 0 0 0 safari 0
chelsea_safari_parts_homeland 1580585214691 360 207 touchmove 61 93 0 0 0 safari 0
chelsea_safari_parts_homeland 1580585214724 360 207 touchmove 45 96 0 0 0 safari 0
chelsea_safari_parts_homeland 1580585214744 360 207 touchmove 41 96 0 0 0 safari 0
chelsea_safari_parts_homeland 1580585214774 360 207 touchmove 33 97 0 0 0 safari 0
chelsea_safari_parts_homeland 1580585214793 360 207 touchmove 32 97 0 0 0 safari 0
chelsea_safari_parts_homeland 1580585214828 360 207 touchmove 30 97 0 0 0 safari 0
chelsea_safari_parts_homeland 1580585214845 360 207 touchmove 29 97 0 0 0 safari 0
chelsea_safari_parts_homeland 1580585214861 360 207 touchmove 29 97 0 0 0 safari 0
chelsea_safari_parts_homeland 1580585214878 360 207 touchmove 29 97 0 0 0 safari 0
chelsea_safari_parts_homeland 1580585214896 360 207 touchmove 31 96 0 0 0 safari 0
chelsea_safari_parts_homeland 1580585214912 360 207 touchmove 43 95 0 0 0 safari 0
chelsea_safari_parts_homeland 1580585214928 360 207 touchmove 57 93 0 0 0 safari 0
chelsea_safari_parts_homeland 1580585214946 360 207 touchmove 73 92 0 0 0 safari 0
chelsea_safari_parts_homeland 1580585214962 360 207 touchmove 89 91 0 0 0 safari 0
chelsea_safari_parts_homeland 1580585214980 360 207 touchmove 103 90 0 0 0 safari 0
chelsea_safari_parts_homeland 1580585214997 360 207 touchmove 116 90 0 0 0 safari 0
chelsea_safari_parts_homeland 1580585215012 360 207 touchmove 127 89 0 0 0 safari 0
chelsea_safari_parts_homeland 1580585215029 360 207 touchmove 137 88 0 0 0 safari 0
chelsea_safari_parts_homeland 1580585215045 360 207 touchmove 143 88 0 0 0 safari 0
chelsea_safari_parts_homeland 1580585215061 360 207 touchmove 146 87 0 0 0 safari 0
chelsea_safari_parts_homeland 1580585215077 360 207 touchmove 147 87 0 0 0 safari 0
chelsea_safari_parts_homeland 1580585215095 360 207 touchmove 148 87 0 0 0 safari 0
chelsea_safari_parts_homeland 1580585215112 360 207 touchmove 149 87 0 0 0 safari 0
chelsea_safari_parts_homeland 1580585215144 360 207 touchmove 149 88 0 0 0 safari 0
chelsea_safari_parts_homeland 1580585215161 360 207 touchmove 142 89 0 0 0 safari 0
chelsea_safari_parts_homeland 1580585215177 360 207 touchmove 129 92 0 0 0 safari 0
chelsea_safari_parts_homeland 1580585215195 360 207 touchmove 115 94 0 0 0 safari 0
chelsea_safari_parts_homeland 1580585215211 360 207 touchmove 100 96 0 0 0 safari 0
chelsea_safari_parts_homeland 1580585215228 360 207 touchmove 84 98 0 0 0 safari 0
chelsea_safari_parts_homeland 1580585215244 360 207 touchmove 70 100 0 0 0 safari 0
chelsea_safari_parts_homeland 1580585215262 360 207 touchmove 56 102 0 0 0 safari 0
chelsea_safari_parts_homeland 1580585215279 360 207 touchmove 44 103 0 0 0 safari 0
chelsea_safari_parts_homeland 1580585215295 360 207 touchmove 33 103 0 0 0 safari 0
chelsea_safari_parts_homeland 1580585215371 360 207 touchmove 27 103 0 0 0 safari 0
chelsea_safari_parts_homeland 1580585215395 360 207 touchmove 18 101 0 0 0 safari 0
chelsea_safari_parts_homeland 1580585215410 360 207 touchmove 17 100 0 0 0 safari 0
chelsea_safari_parts_homeland 1580585215428 360 207 touchmove 18 99 0 0 0 safari 0
chelsea_safari_parts_homeland 1580585215445 360 207 touchmove 27 91 0 0 0 safari 0
chelsea_safari_parts_homeland 1580585215460 360 207 touchmove 38 83 0 0 0 safari 0
chelsea_safari_parts_homeland 1580585215482 360 207 touchmove 61 73 0 0 0 safari 0
chelsea_safari_parts_homeland 1580585215501 360 207 touchmove 74 68 0 0 0 safari 0
chelsea_safari_parts_homeland 1580585215517 360 207 touchmove 86 63 0 0 0 safari 0
chelsea_safari_parts_homeland 1580585215533 360 207 touchmove 96 57 0 0 0 safari 0
chelsea_safari_parts_homeland 1580585215549 360 207 touchmove 105 52 0 0 0 safari 0
chelsea_safari_parts_homeland 1580585215565 360 207 touchmove 110 48 0 0 0 safari 0
chelsea_safari_parts_homeland 1580585215582 360 207 touchmove 113 46 0 0 0 safari 0
chelsea_safari_parts_homeland 1580585215599 360 207 touchmove 116 43 0 0 0 safari 0
chelsea_safari_parts_homeland 1580585215615 360 207 touchmove 119 40 0 0 0 safari 0
chelsea_safari_parts_homeland 1580585215631 360 207 touchmove 121 37 0 0 0 safari 0
chelsea_safari_parts_homeland 1580585215649 360 207 touchmove 122 35 0 0 0 safari 0
chelsea_safari_parts_homeland 1580585215665 360 207 touchmove 123 33 0 0 0 safari 0
chelsea_safari_parts_homeland 1580585215684 360 207 touchmove 124 33 0 0 0 safari 0
chelsea_safari_parts_homeland 1580585215700 360 207 touchmove 127 30 0 0 0 safari 0
chelsea_safari_parts_homeland 1580585215716 360 207 touchmove 131 27 0 0 0 safari 0
chelsea_safari_parts_homeland 1580585215733 360 207 touchmove 141 23 0 0 0 safari 0
chelsea_safari_parts_homeland 1580585215750 360 207 touchmove 152 21 0 0 0 safari 0
chelsea_safari_parts_homeland 1580585215767 360 207 touchmove 168 21 0 0 0 safari 0
chelsea_safari_parts_homeland 1580585215783 360 207 touchmove 184 22 0 0 0 safari 0
chelsea_safari_parts_homeland 1580585215799 360 207 touchmove 201 22 0 0 0 safari 0
chelsea_safari_parts_homeland 1580585215816 360 207 touchmove 216 21 0 0 0 safari 0
chelsea_safari_parts_homeland 1580585215834 360 207 touchmove 231 20 0 0 0 safari 0
chelsea_safari_parts_homeland 1580585215850 360 207 touchmove 245 18 0 0 0 safari 0
chelsea_safari_parts_homeland 1580585215867 360 207 touchmove 255 16 0 0 0 safari 0
chelsea_safari_parts_homeland 1580585215883 360 207 touchmove 263 15 0 0 0 safari 0
chelsea_safari_parts_homeland 1580585215901 360 207 touchmove 270 14 0 0 0 safari 0
chelsea_safari_parts_homeland 1580585215918 360 207 touchmove 273 13 0 0 0 safari 0
chelsea_safari_parts_homeland 1580585215934 360 207 touchmove 274 13 0 0 0 safari 0
chelsea_safari_parts_homeland 1580585215950 360 207 touchmove 275 13 0 0 0 safari 0
chelsea_safari_parts_homeland 1580585215967 360 207 touchmove 276 13 0 0 0 safari 0
chelsea_safari_parts_homeland 1580585215985 360 207 touchmove 276 13 0 0 0 safari 0
chelsea_safari_parts_homeland 1580585216001 360 207 touchmove 276 13 0 0 0 safari 0
chelsea_safari_parts_homeland 1580585216017 360 207 touchmove 277 13 0 0 0 safari 0
chelsea_safari_parts_homeland 1580585216033 360 207 touchmove 277 13 0 0 0 safari 0
chelsea_safari_parts_homeland 1580585216052 360 207 touchmove 278 13 0 0 0 safari 0
chelsea_safari_parts_homeland 1580585216068 360 207 touchmove 278 13 0 0 0 safari 0
chelsea_safari_parts_homeland 1580585216072 360 207 touchend 278 13 0 0 0 safari 0
chelsea_safari_parts_homeland 1580585216951 360 207 touchstart 340 25 0 0 0 parts 0
chelsea_safari_parts_homeland 1580585217094 360 207 touchmove 328 33 0 0 0 parts 0
chelsea_safari_parts_homeland 1580585217128 360 207 touchmove 277 61 0 0 0 parts 0
chelsea_safari_parts_homeland 1580585217156 360 207 touchmove 232 77 0 0 0 parts 0
chelsea_safari_parts_homeland 1580585217178 360 207 touchmove 204 87 0 0 0 parts 0
chelsea_safari_parts_homeland 1580585217195 360 207 touchmove 183 93 0 0 0 parts 0
chelsea_safari_parts_homeland 1580585217211 360 207 touchmove 163 98 0 0 0 parts 0
chelsea_safari_parts_homeland 1580585217227 360 207 touchmove 145 102 0 0 0 parts 0
chelsea_safari_parts_homeland 1580585217244 360 207 touchmove 128 106 0 0 0 parts 0
chelsea_safari_parts_homeland 1580585217260 360 207 touchmove 111 109 0 0 0 parts 0
chelsea_safari_parts_homeland 1580585217277 360 207 touchmove 97 112 0 0 0 parts 0
chelsea_safari_parts_homeland 1580585217294 360 207 touchmove 83 114 0 0 0 parts 0
chelsea_safari_parts_homeland 1580585217311 360 207 touchmove 70 115 0 0 0 parts 0
chelsea_safari_parts_homeland 1580585217327 360 207 touchmove 60 114 0 0 0 parts 0
chelsea_safari_parts_homeland 1580585217344 360 207 touchmove 52 114 0 0 0 parts 0
chelsea_safari_parts_homeland 1580585217361 360 207 touchmove 47 113 0 0 0 parts 0
chelsea_safari_parts_homeland 1580585217378 360 207 touchmove 44 113 0 0 0 parts 0
chelsea_safari_parts_homeland 1580585217394 360 207 touchmove 43 112 0 0 0 parts 0
chelsea_safari_parts_homeland 1580585217412 360 207 touchmove 42 111 0 0 0 parts 0
chelsea_safari_parts_homeland 1580585217427 360 207 touchmove 41 110 0 0 0 parts 0
chelsea_safari_parts_homeland 1580585217461 360 207 touchmove 38 102 0 0 0 parts 0
chelsea_safari_parts_homeland 1580585217477 360 207 touchmove 39 95 0 0 0 parts 0
chelsea_safari_parts_homeland 1580585217494 360 207 touchmove 41 88 0 0 0 parts 0
chelsea_safari_parts_homeland 1580585217512 360 207 touchmove 46 82 0 0 0 parts 0
chelsea_safari_parts_homeland 1580585217527 360 207 touchmove 55 74 0 0 0 parts 0
chelsea_safari_parts_homeland 1580585217544 360 207 touchmove 67 66 0 0 0 parts 0
chelsea_safari_parts_homeland 1580585217561 360 207 touchmove 75 60 0 0 0 parts 0
chelsea_safari_parts_homeland 1580585217578 360 207 touchmove 86 54 0 0 0 parts 0
chelsea_safari_parts_homeland 1580585217594 360 207 touchmove 92 51 0 0 0 parts 0
chelsea_safari_parts_homeland 1580585217611 360 207 touchmove 99 46 0 0 0 parts 0
chelsea_safari_parts_homeland 1580585217628 360 207 touchmove 105 44 0 0 0 parts 0
chelsea_safari_parts_homeland 1580585217644 360 207 touchmove 108 42 0 0 0 parts 0
chelsea_safari_parts_homeland 1580585217661 360 207 touchmove 109 41 0 0 0 parts 0
chelsea_safari_parts_homeland 1580585217679 360 207 touchmove 110 40 0 0 0 parts 0
chelsea_safari_parts_homeland 1580585217694 360 207 touchmove 111 40 0 0 0 parts 0
chelsea_safari_parts_homeland 1580585217711 360 207 touchmove 112 39 0 0 0 parts 0
chelsea_safari_parts_homeland 1580585217728 360 207 touchmove 114 38 0 0 0 parts 0
chelsea_safari_parts_homeland 1580585217744 360 207 touchmove 116 36 0 0 0 parts 0
chelsea_safari_parts_homeland 1580585217761 360 207 touchmove 120 35 0 0 0 parts 0
chelsea_safari_parts_homeland 1580585217778 360 207 touchmove 124 33 0 0 0 parts 0
chelsea_safari_parts_homeland 1580585217794 360 207 touchmove 127 32 0 0 0 parts 0
chelsea_safari_parts_homeland 1580585217811 360 207 touchmove 132 29 0 0 0 parts 0
chelsea_safari_parts_homeland 1580585217828 360 207 touchmove 139 27 0 0 0 parts 0
chelsea_safari_parts_homeland 1580585217844 360 207 touchmove 146 25 0 0 0 parts 0
chelsea_safari_parts_homeland 1580585217861 360 207 touchmove 151 24 0 0 0 parts 0
chelsea_safari_parts_homeland 1580585217878 360 207 touchmove 156 23 0 0 0 parts 0
chelsea_safari_parts_homeland 1580585217895 360 207 touchmove 161 23 0 0 0 parts 0
chelsea_safari_parts_homeland 1580585217911 360 207 touchmove 163 23 0 0 0 parts 0
chelsea_safari_parts_homeland 1580585217928 360 207 touchmove 164 23 0 0 0 parts 0
chelsea_safari_parts_homeland 1580585217945 360 207 touchmove 165 23 0 0 0 parts 0
chelsea_safari_parts_homeland 1580585217961 360 207 touchmove 166 23 0 0 0 parts 0
chelsea_safari_parts_homeland 1580585217978 360 207 touchmove 166 24 0 0 0 parts 0
chelsea_safari_parts_homeland 1580585217995 360 207 touchmove 166 24 0 0 0 parts 0
chelsea_safari_parts_homeland 1580585218012 360 207 touchmove 165 26 0 0 0 parts 0
chelsea_safari_parts_homeland 1580585218028 360 207 touchmove 156 36 0 0 0 parts 0
chelsea_safari_parts_homeland 1580585218044 360 207 touchmove 145 44 0 0 0 parts 0
chelsea_safari_parts_homeland 1580585218061 360 207 touchmove 133 52 0 0 0 parts 0
chelsea_safari_parts_homeland 1580585218078 360 207 touchmove 123 59 0 0 0 parts 0
chelsea_safari_parts_homeland 1580585218095 360 207 touchmove 113 65 0 0 0 parts 0
chelsea_safari_parts_homeland 1580585218114 360 207 touchmove 105 70 0 0 0 parts 0
chelsea_safari_parts_homeland 1580585218128 360 207 touchmove 96 75 0 0 0 parts 0
chelsea_safari_parts_homeland 1580585218145 360 207 touchmove 90 80 0 0 0 parts 0
chelsea_safari_parts_homeland 1580585218162 360 207 touchmove 83 85 0 0 0 parts 0
chelsea_safari_parts_homeland 1580585218178 360 207 touchmove 77 89 0 0 0 parts 0
chelsea_safari_parts_homeland 1580585218195 360 207 touchmove 73 92 0 0 0 parts 0
chelsea_safari_parts_homeland 1580585218212 360 207 touchmove 71 93 0 0 0 parts 0
chelsea_safari_parts_homeland 1580585218228 360 207 touchmove 69 95 0 0 0 parts 0
chelsea_safari_parts_homeland 1580585218245 360 207 touchmove 68 96 0 0 0 parts 0
chelsea_safari_parts_homeland 1580585218262 360 207 touchmove 67 96 0 0 0 parts 0
chelsea_safari_parts_homeland 1580585218279 360 207 touchmove 66 97 0 0 0 parts 0
chelsea_safari_parts_homeland 1580585218295 360 207 touchmove 65 98 0 0 0 parts 0
chelsea_safari_parts_homeland 1580585218312 360 207 touchmove 64 98 0 0 0 parts 0
chelsea_safari_parts_homeland 1580585218328 360 207 touchmove 64 99 0 0 0 parts 0
chelsea_safari_parts_homeland 1580585218345 360 207 touchmove 63 99 0 0 0 parts 0
chelsea_safari_parts_homeland 1580585218362 360 207 touchmove 63 99 0 0 0 parts 0
chelsea_safari_parts_homeland 1580585218378 360 207 touchmove 62 100 0 0 0 parts 0
chelsea_safari_parts_homeland 1580585218395 360 207 touchmove 62 101 0 0 0 parts 0
chelsea_safari_parts_homeland 1580585218412 360 207 touchmove 62 100 0 0 0 parts 0
chelsea_safari_parts_homeland 1580585218422 360 207 touchend 62 100 0 0 0 parts 0
chelsea_safari_parts_homeland 1580585219147 360 207 touchstart 225 86 0 0 0 homeland 0
chelsea_safari_parts_homeland 1580585219211 360 207 touchmove 230 81 0 0 0 homeland 0
chelsea_safari_parts_homeland 1580585219233 360 207 touchmove 241 70 0 0 0 homeland 0
chelsea_safari_parts_homeland 1580585219261 360 207 touchmove 259 50 0 0 0 homeland 0
chelsea_safari_parts_homeland 1580585219279 360 207 touchmove 269 42 0 0 0 homeland 0
chelsea_safari_parts_homeland 1580585219296 360 207 touchmove 279 34 0 0 0 homeland 0
chelsea_safari_parts_homeland 1580585219313 360 207 touchmove 288 28 0 0 0 homeland 0
chelsea_safari_parts_homeland 1580585219328 360 207 touchmove 294 24 0 0 0 homeland 0
chelsea_safari_parts_homeland 1580585219359 360 207 touchmove 305 19 0 0 0 homeland 0
chelsea_safari_parts_homeland 1580585219376 360 207 touchmove 307 18 0 0 0 homeland 0
chelsea_safari_parts_homeland 1580585219394 360 207 touchmove 308 18 0 0 0 homeland 0
chelsea_safari_parts_homeland 1580585219410 360 207 touchmove 309 18 0 0 0 homeland 0
chelsea_safari_parts_homeland 1580585219436 360 207 touchmove 309 18 0 0 0 homeland 0
chelsea_safari_parts_homeland 1580585219460 360 207 touchmove 312 33 0 0 0 homeland 0
chelsea_safari_parts_homeland 1580585219477 360 207 touchmove 311 52 0 0 0 homeland 0
chelsea_safari_parts_homeland 1580585219494 360 207 touchmove 308 70 0 0 0 homeland 0
chelsea_safari_parts_homeland 1580585219509 360 207 touchmove 305 85 0 0 0 homeland 0
chelsea_safari_parts_homeland 1580585219526 360 207 touchmove 301 99 0 0 0 homeland 0
chelsea_safari_parts_homeland 1580585219544 360 207 touchmove 298 110 0 0 0 homeland 0
chelsea_safari_parts_homeland 1580585219560 360 207 touchmove 292 122 0 0 0 homeland 0
chelsea_safari_parts_homeland 1580585219576 360 207 touchmove 288 130 0 0 0 homeland 0
chelsea_safari_parts_homeland 1580585219594 360 207 touchmove 284 135 0 0 0 homeland 0
chelsea_safari_parts_homeland 1580585219610 360 207 touchmove 276 142 0 0 0 homeland 0
chelsea_safari_parts_homeland 1580585219626 360 207 touchmove 263 148 0 0 0 homeland 0
chelsea_safari_parts_homeland 1580585219643 360 207 touchmove 247 148 0 0 0 homeland 0
chelsea_safari_parts_homeland 1580585219661 360 207 touchmove 225 139 0 0 0 homeland 0
chelsea_safari_parts_homeland 1580585219677 360 207 touchmove 202 122 0 0 0 homeland 0
chelsea_safari_parts_homeland 1580585219695 360 207 touchmove 180 104 0 0 0 homeland 0
chelsea_safari_parts_homeland 1580585219711 360 207 touchmove 160 85 0 0 0 homeland 0
chelsea_safari_parts_homeland 1580585219729 360 207 touchmove 145 69 0 0 0 homeland 0
chelsea_safari_parts_homeland 1580585219745 360 207 touchmove 132 54 0 0 0 homeland 0
chelsea_safari_parts_homeland 1580585219766 360 207 touchmove 121 41 0 0 0 homeland 0
chelsea_safari_parts_homeland 1580585219793 360 207 touchmove 113 28 0 0 0 homeland 0
chelsea_safari_parts_homeland 1580585219810 360 207 touchmove 111 24 0 0 0 homeland 0
chelsea_safari_parts_homeland 1580585219828 360 207 touchmove 110 23 0 0 0 homeland 0
chelsea_safari_parts_homeland 1580585219844 360 207 touchmove 110 22 0 0 0 homeland 0
chelsea_safari_parts_homeland 1580585219861 360 207 touchmove 110 20 0 0 0 homeland 0
chelsea_safari_parts_homeland 1580585219877 360 207 touchmove 111 20 0 0 0 homeland 0
chelsea_safari_parts_homeland 1580585219892 360 207 touchmove 117 18 0 0 0 homeland 0
chelsea_safari_parts_homeland 1580585219910 360 207 touchmove 133 22 0 0 0 homeland 0
chelsea_safari_parts_homeland 1580585219927 360 207 touchmove 150 29 0 0 0 homeland 0
chelsea_safari_parts_homeland 1580585219944 360 207 touchmove 173 39 0 0 0 homeland 0
chelsea_safari_parts_homeland 1580585219961 360 207 touchmove 188 46 0 0 0 homeland 0
chelsea_safari_parts_homeland 1580585219977 360 207 touchmove 207 51 0 0 0 homeland 0
chelsea_safari_parts_homeland 1580585219994 360 207 touchmove 225 55 0 0 0 homeland 0
chelsea_safari_parts_homeland 1580585220016 360 207 touchmove 244 59 0 0 0 homeland 0
chelsea_safari_parts_homeland 1580585220027 360 207 touchmove 262 62 0 0 0 homeland 0
chelsea_safari_parts_homeland 1580585220044 360 207 touchmove 281 64 0 0 0 homeland 0
chelsea_safari_parts_homeland 1580585220059 360 207 touchmove 297 65 0 0 0 homeland 0
chelsea_safari_parts_homeland 1580585220076 360 207 touchmove 313 65 0 0 0 homeland 0
chelsea_safari_parts_homeland 1580585220109 360 207 touchmove 334 69 0 0 0 homeland 0
chelsea_safari_parts_homeland 1580585220126 360 207 touchmove 338 70 0 0 0 homeland 0
chelsea_safari_parts_homeland 1580585220143 360 207 touchmove 340 71 0 0 0 homeland 0
chelsea_safari_parts_homeland 1580585220160 360 207 touchmove 341 71 0 0 0 homeland 0
chelsea_safari_parts_homeland 1580585220177 360 207 touchmove 341 72 0 0 0 homeland 0
chelsea_safari_parts_homeland 1580585220195 360 207 touchmove 341 72 0 0 0 homeland 0
chelsea_safari_parts_homeland 1580585220211 360 207 touchmove 341 73 0 0 0 homeland 0
chelsea_safari_parts_homeland 1580585220227 360 207 touchmove 335 76 0 0 0 homeland 0
chelsea_safari_parts_homeland 1580585220244 360 207 touchmove 315 80 0 0 0 homeland 0
chelsea_safari_parts_homeland 1580585220260 360 207 touchmove 293 82 0 0 0 homeland 0
chelsea_safari_parts_homeland 1580585220277 360 207 touchmove 272 83 0 0 0 homeland 0
chelsea_safari_parts_homeland 1580585220293 360 207 touchmove 247 86 0 0 0 homeland 0
chelsea_safari_parts_homeland 1580585220310 360 207 touchmove 222 89 0 0 0 homeland 0
chelsea_safari_parts_homeland 1580585220328 360 207 touchmove 199 92 0 0 0 homeland 0
chelsea_safari_parts_homeland 1580585220343 360 207 touchmove 175 96 0 0 0 homeland 0
chelsea_safari_parts_homeland 1580585220361 360 207 touchmove 152 100 0 0 0 homeland 0
chelsea_safari_parts_homeland 1580585220376 360 207 touchmove 132 102 0 0 0 homeland 0
chelsea_safari_parts_homeland 1580585220394 360 207 touchmove 111 104 0 0 0 homeland 0
chelsea_safari_parts_homeland 1580585220411 360 207 touchmove 91 106 0 0 0 homeland 0
chelsea_safari_parts_homeland 1580585220429 360 207 touchmove 70 107 0 0 0 homeland 0
chelsea_safari_parts_homeland 1580585220445 360 207 touchmove 52 107 0 0 0 homeland 0
chelsea_safari_parts_homeland 1580585220461 360 207 touchmove 35 106 0 0 0 homeland 0
chelsea_safari_parts_homeland 1580585220483 360 207 touchmove 24 104 0 0 0 homeland 0
chelsea_safari_parts_homeland 1580585220511 360 207 touchmove 14 102 0 0 0 homeland 0
chelsea_safari_parts_homeland 1580585220529 360 207 touchmove 12 101 0 0 0 homeland 0
chelsea_safari_parts_homeland 1580585220545 360 207 touchmove 11 101 0 0 0 homeland 0
chelsea_safari_parts_homeland 1580585220562 360 207 touchmove 10 101 0 0 0 homeland 0
chelsea_safari_parts_homeland 1580585220577 360 207 touchmove 10 101 0 0 0 homeland 0
chelsea_safari_parts_homeland 1580585220595 360 207 touchmove 11 101 0 0 0 homeland 0
chelsea_safari_parts_homeland 1580585220612 360 207 touchmove 12 101 0 0 0 homeland 0
chelsea_safari_parts_homeland 1580585220628 360 207 touchmove 33 103 0 0 0 homeland 0
chelsea_safari_parts_homeland 1580585220645 360 207 touchmove 55 103 0 0 0 homeland 0
chelsea_safari_parts_homeland 1580585220661 360 207 touchmove 75 104 0 0 0 homeland 0
chelsea_safari_parts_homeland 1580585220678 360 207 touchmove 98 104 0 0 0 homeland 0
chelsea_safari_parts_homeland 1580585220695 360 207 touchmove 118 104 0 0 0 homeland 0
chelsea_safari_parts_homeland 1580585220713 360 207 touchmove 141 105 0 0 0 homeland 0
chelsea_safari_parts_homeland 1580585220728 360 207 touchmove 164 105 0 0 0 homeland 0
chelsea_safari_parts_homeland 1580585220746 360 207 touchmove 183 107 0 0 0 homeland 0
chelsea_safari_parts_homeland 1580585220761 360 207 touchmove 201 109 0 0 0 homeland 0
chelsea_safari_parts_homeland 1580585220778 360 207 touchmove 217 112 0 0 0 homeland 0
chelsea_safari_parts_homeland 1580585220795 360 207 touchmove 232 115 0 0 0 homeland 0
chelsea_safari_parts_homeland 1580585220810 360 207 touchmove 245 118 0 0 0 homeland 0
chelsea_safari_parts_homeland 1580585220828 360 207 touchmove 252 120 0 0 0 homeland 0
chelsea_safari_parts_homeland 1580585220845 360 207 touchmove 258 122 0 0 0 homeland 0
chelsea_safari_parts_homeland 1580585220862 360 207 touchmove 262 124 0 0 0 homeland 0
chelsea_safari_parts_homeland 1580585220877 360 207 touchmove 263 124 0 0 0 homeland 0
chelsea_safari_parts_homeland 1580585220894 360 207 touchmove 264 124 0 0 0 homeland 0
chelsea_safari_parts_homeland 1580585220910 360 207 touchmove 264 125 0 0 0 homeland 0
chelsea_safari_parts_homeland 1580585220927 360 207 touchmove 264 125 0 0 0 homeland 0
chelsea_safari_parts_homeland 1580585220945 360 207 touchmove 264 125 0 0 0 homeland 0
chelsea_safari_parts_homeland 1580585220962 360 207 touchmove 247 126 0 0 0 homeland 0
chelsea_safari_parts_homeland 1580585220977 360 207 touchmove 225 123 0 0 0 homeland 0
chelsea_safari_parts_homeland 1580585220994 360 207 touchmove 199 117 0 0 0 homeland 0
chelsea_safari_parts_homeland 1580585221011 360 207 touchmove 174 110 0 0 0 homeland 0
chelsea_safari_parts_homeland 1580585221027 360 207 touchmove 151 105 0 0 0 homeland 0
chelsea_safari_parts_homeland 1580585221044 360 207 touchmove 135 101 0 0 0 homeland 0
chelsea_safari_parts_homeland 1580585221061 360 207 touchmove 122 98 0 0 0 homeland 0
chelsea_safari_parts_homeland 1580585221078 360 207 touchmove 112 96 0 0 0 homeland 0
chelsea_safari_parts_homeland 1580585221094 360 207 touchmove 106 94 0 0 0 homeland 0
chelsea_safari_parts_homeland 1580585221112 360 207 touchmove 100 92 0 0 0 homeland 0
chelsea_safari_parts_homeland 1580585221128 360 207 touchmove 94 90 0 0 0 homeland 0
chelsea_safari_parts_homeland 1580585221145 360 207 touchmove 90 88 0 0 0 homeland 0
chelsea_safari_parts_homeland 1580585221163 360 207 touchmove 85 86 0 0 0 homeland 0
chelsea_safari_parts_homeland 1580585221179 360 207 touchmove 81 84 0 0 0 homeland 0
chelsea_safari_parts_homeland 1580585221195 360 207 touchmove 79 84 0 0 0 homeland 0
chelsea_safari_parts_homeland 1580585221211 360 207 touchmove 78 83 0 0 0 homeland 0
chelsea_safari_parts_homeland 1580585221228 360 207 touchmove 77 83 0 0 0 homeland 0
chelsea_safari_parts_homeland 1580585221245 360 207 touchmove 77 82 0 0 0 homeland 0
chelsea_safari_parts_homeland 1580585221261 360 207 touchmove 76 82 0 0 0 homeland 0
chelsea_safari_parts_homeland 1580585221278 360 207 touchmove 75 82 0 0 0 homeland 0
chelsea_safari_parts_homeland 1580585221288 360 207 touchmove 75 82 0 0 0 homeland 0
chelsea_safari_parts_homeland 1580585221292 360 207 touchend 75 82 0 0 0 homeland 0
let_it_rip 1580585226744 360 207 touchstart 334 93 0 0 0 let 0
let_it_rip 1580585226896 360 207 touchmove 311 96 0 0 0 let 0
let_it_rip 1580585226910 360 207 touchmove 292 97 0 0 0 let 0
let_it_rip 1580585226927 360 207 touchmove 277 95 0 0 0 let 0
let_it_rip 1580585226946 360 207 touchmove 260 93 0 0 0 let 0
let_it_rip 1580585226967 360 207 touchmove 237 89 0 0 0 let 0
let_it_rip 1580585226984 360 207 touchmove 220 86 0 0 0 let 0
let_it_rip 1580585227000 360 207 touchmove 204 82 0 0 0 let 0
let_it_rip 1580585227022 360 207 touchmove 189 76 0 0 0 let 0
let_it_rip 1580585227046 360 207 touchmove 172 71 0 0 0 let 0
let_it_rip 1580585227066 360 207 touchmove 144 63 0 0 0 let 0
let_it_rip 1580585227083 360 207 touchmove 133 60 0 0 0 let 0
let_it_rip 1580585227101 360 207 touchmove 124 57 0 0 0 let 0
let_it_rip 1580585227117 360 207 touchmove 116 55 0 0 0 let 0
let_it_rip 1580585227133 360 207 touchmove 110 54 0 0 0 let 0
let_it_rip 1580585227150 360 207 touchmove 106 53 0 0 0 let 0
let_it_rip 1580585227166 360 207 touchmove 100 52 0 0 0 let 0
let_it_rip 1580585227183 360 207 touchmove 97 51 0 0 0 let 0
let_it_rip 1580585227201 360 207 touchmove 94 51 0 0 0 let 0
let_it_rip 1580585227217 360 207 touchmove 91 50 0 0 0 let 0
let_it_rip 1580585227233 360 207 touchmove 90 50 0 0 0 let 0
let_it_rip 1580585227250 360 207 touchmove 89 49 0 0 0 let 0
let_it_rip 1580585227266 360 207 touchmove 88 49 0 0 0 let 0
let_it_rip 1580585227284 360 207 touchmove 88 49 0 0 0 let 0
let_it_rip 1580585227301 360 207 touchmove 89 49 0 0 0 let 0
let_it_rip 1580585227317 360 207 touchmove 101 45 0 0 0 let 0
let_it_rip 1580585227334 360 207 touchmove 114 36 0 0 0 let 0
let_it_rip 1580585227350 360 207 touchmove 142 18 0 0 0 let 0
let_it_rip 1580585227367 360 207 touchmove 155 12 0 0 0 let 0
let_it_rip 1580585227384 360 207 touchmove 163 11 0 0 0 let 0
let_it_rip 1580585227400 360 207 touchmove 168 11 0 0 0 let 0
let_it_rip 1580585227417 360 207 touchmove 170 12 0 0 0 let 0
let_it_rip 1580585227434 360 207 touchmove 173 12 0 0 0 let 0
let_it_rip 1580585227451 360 207 touchmove 174 13 0 0 0 let 0
let_it_rip 1580585227467 360 207 touchmove 175 13 0 0 0 let 0
let_it_rip 1580585227484 360 207 touchmove 176 14 0 0 0 let 0
let_it_rip 1580585227501 360 207 touchmove 177 14 0 0 0 let 0
let_it_rip 1580585227517 360 207 touchmove 177 14 0 0 0 let 0
let_it_rip 1580585227534 360 207 touchmove 178 15 0 0 0 let 0
let_it_rip 1580585227551 360 207 touchmove 178 15 0 0 0 let 0
let_it_rip 1580585227567 360 207 touchmove 178 15 0 0 0 let 0
let_it_rip 1580585227585 360 207 touchmove 178 16 0 0 0 let 0
let_it_rip 1580585227600 360 207 touchmove 178 17 0 0 0 let 0
let_it_rip 1580585227617 360 207 touchmove 178 17 0 0 0 let 0
let_it_rip 1580585227634 360 207 touchmove 178 18 0 0 0 let 0
let_it_rip 1580585227651 360 207 touchmove 179 18 0 0 0 let 0
let_it_rip 1580585227667 360 207 touchmove 179 19 0 0 0 let 0
let_it_rip 1580585227686 360 207 touchmove 179 19 0 0 0 let 0
let_it_rip 1580585227701 360 207 touchmove 179 19 0 0 0 let 0
let_it_rip 1580585227718 360 207 touchmove 179 20 0 0 0 let 0
let_it_rip 1580585227734 360 207 touchmove 179 19 0 0 0 let 0
let_it_rip 1580585227744 360 207 touchend 179 19 0 0 0 let 0
let_it_rip 1580585228522 360 207 touchstart 167 40 0 0 0 it 1
let_it_rip 1580585228613 360 207 touchmove 182 40 0 0 0 it 1
let_it_rip 1580585228629 360 207 touchmove 186 40 0 0 0 it 1
let_it_rip 1580585228646 360 207 touchmove 189 40 0 0 0 it 1
let_it_rip 1580585228663 360 207 touchmove 190 40 0 0 0 it 1
let_it_rip 1580585228680 360 207 touchmove 191 40 0 0 0 it 1
let_it_rip 1580585228702 360 207 touchmove 192 40 0 0 0 it 1
let_it_rip 1580585228719 360 207 touchmove 191 40 0 0 0 it 1
let_it_rip 1580585228735 360 207 touchmove 185 40 0 0 0 it 1
let_it_rip 1580585228751 360 207 touchmove 167 41 0 0 0 it 1
let_it_rip 1580585228769 360 207 touchmove 154 42 0 0 0 it 1
let_it_rip 1580585228787 360 207 touchmove 145 41 0 0 0 it 1
let_it_rip 1580585228802 360 207 touchmove 139 41 0 0 0 it 1
let_it_rip 1580585228819 360 207 touchmove 137 41 0 0 0 it 1
let_it_rip 1580585228835 360 207 touchmove 136 41 0 0 0 it 1
let_it_rip 1580585228852 360 207 touchmove 135 41 0 0 0 it 1
let_it_rip 1580585228868 360 207 touchmove 135 41 0 0 0 it 1
let_it_rip 1580585228884 360 207 touchmove 135 40 0 0 0 it 1
let_it_rip 1580585228901 360 207 touchmove 135 40 0 0 0 it 1
let_it_rip 1580585228919 360 207 touchmove 154 37 0 0 0 it 1
let_it_rip 1580585228935 360 207 touchmove 174 33 0 0 0 it 1
let_it_rip 1580585228952 360 207 touchmove 194 32 0 0 0 it 1
let_it_rip 1580585228969 360 207 touchmove 213 32 0 0 0 it 1
let_it_rip 1580585228986 360 207 touchmove 229 33 0 0 0 it 1
let_it_rip 1580585229002 360 207 touchmove 243 35 0 0 0 it 1
let_it_rip 1580585229018 360 207 touchmove 251 36 0 0 0 it 1
let_it_rip 1580585229035 360 207 touchmove 257 38 0 0 0 it 1
let_it_rip 1580585229052 360 207 touchmove 261 39 0 0 0 it 1
let_it_rip 1580585229069 360 207 touchmove 268 42 0 0 0 it 1
let_it_rip 1580585229085 360 207 touchmove 275 43 0 0 0 it 1
let_it_rip 1580585229102 360 207 touchmove 282 44 0 0 0 it 1
let_it_rip 1580585229119 360 207 touchmove 289 44 0 0 0 it 1
let_it_rip 1580585229136 360 207 touchmove 298 43 0 0 0 it 1
let_it_rip 1580585229153 360 207 touchmove 304 43 0 0 0 it 1
let_it_rip 1580585229170 360 207 touchmove 308 43 0 0 0 it 1
let_it_rip 1580585229199 360 207 touchmove 311 43 0 0 0 it 1
let_it_rip 1580585229220 360 207 touchmove 318 43 0 0 0 it 1
let_it_rip 1580585229237 360 207 touchmove 322 44 0 0 0 it 1
let_it_rip 1580585229254 360 207 touchmove 324 44 0 0 0 it 1
let_it_rip 1580585229270 360 207 touchmove 325 45 0 0 0 it 1
let_it_rip 1580585229287 360 207 touchmove 326 45 0 0 0 it 1
let_it_rip 1580585229304 360 207 touchmove 327 45 0 0 0 it 1
let_it_rip 1580585229321 360 207 touchmove 327 46 0 0 0 it 1
let_it_rip 1580585229336 360 207 touchmove 328 46 0 0 0 it 1
let_it_rip 1580585229354 360 207 touchmove 328 46 0 0 0 it 1
let_it_rip 1580585229369 360 207 touchmove 328 47 0 0 0 it 1
let_it_rip 1580585229387 360 207 touchmove 328 47 0 0 0 it 1
let_it_rip 1580585229405 360 207 touchmove 327 48 0 0 0 it 1
let_it_rip 1580585229421 360 207 touchmove 326 49 0 0 0 it 1
let_it_rip 1580585229440 360 207 touchmove 325 50 0 0 0 it 1
let_it_rip 1580585229455 360 207 touchmove 324 51 0 0 0 it 1
let_it_rip 1580585229470 360 207 touchmove 324 52 0 0 0 it 1
let_it_rip 1580585229487 360 207 touchmove 323 53 0 0 0 it 1
let_it_rip 1580585229504 360 207 touchmove 322 54 0 0 0 it 1
let_it_rip 1580585229521 360 207 touchmove 321 55 0 0 0 it 1
let_it_rip 1580585229537 360 207 touchmove 321 56 0 0 0 it 1
let_it_rip 1580585229555 360 207 touchmove 320 57 0 0 0 it 1
let_it_rip 1580585229570 360 207 touchmove 320 57 0 0 0 it 1
let_it_rip 1580585229588 360 207 touchmove 321 57 0 0 0 it 1
let_it_rip 1580585229592 360 207 touchend 321 57 0 0 0 it 1
let_it_rip 1580585230842 360 207 touchstart 292 39 0 0 0 it 0
let_it_rip 1580585230966 360 207 touchmove 282 37 0 0 0 it 0
let_it_rip 1580585230981 360 207 touchmove 268 36 0 0 0 it 0
let_it_rip 1580585230998 360 207 touchmove 256 34 0 0 0 it 0
let_it_rip 1580585231016 360 207 touchmove 238 33 0 0 0 it 0
let_it_rip 1580585231028 360 207 touchmove 230 33 0 0 0 it 0
let_it_rip 1580585231045 360 207 touchmove 215 33 0 0 0 it 0
let_it_rip 1580585231060 360 207 touchmove 203 33 0 0 0 it 0
let_it_rip 1580585231077 360 207 touchmove 190 33 0 0 0 it 0
let_it_rip 1580585231094 360 207 touchmove 177 33 0 0 0 it 0
let_it_rip 1580585231110 360 207 touchmove 171 33 0 0 0 it 0
let_it_rip 1580585231127 360 207 touchmove 164 34 0 0 0 it 0
let_it_rip 1580585231144 360 207 touchmove 162 35 0 0 0 it 0
let_it_rip 1580585231160 360 207 touchmove 161 35 0 0 0 it 0
let_it_rip 1580585231179 360 207 touchmove 160 35 0 0 0 it 0
let_it_rip 1580585231193 360 207 touchmove 159 35 0 0 0 it 0
let_it_rip 1580585231210 360 207 touchmove 159 35 0 0 0 it 0
let_it_rip 1580585231218 360 207 touchend 159 35 0 0 0 it 0
let_it_rip 1580585232615 360 207 touchstart 131 38 0 0 0 rip 0
let_it_rip 1580585232735 360 207 touchmove 147 40 0 0 0 rip 0
let_it_rip 1580585232766 360 207 touchmove 193 39 0 0 0 rip 0
let_it_rip 1580585232779 360 207 touchmove 209 38 0 0 0 rip 0
let_it_rip 1580585232812 360 207 touchmove 240 37 0 0 0 rip 0
let_it_rip 1580585232832 360 207 touchmove 248 38 0 0 0 rip 0
let_it_rip 1580585232845 360 207 touchmove 256 40 0 0 0 rip 0
let_it_rip 1580585232863 360 207 touchmove 268 43 0 0 0 rip 0
let_it_rip 1580585232878 360 207 touchmove 270 44 0 0 0 rip 0
let_it_rip 1580585232896 360 207 touchmove 271 44 0 0 0 rip 0
let_it_rip 1580585232913 360 207 touchmove 272 45 0 0 0 rip 0
let_it_rip 1580585232946 360 207 touchmove 274 45 0 0 0 rip 0
let_it_rip 1580585232962 360 207 touchmove 279 46 0 0 0 rip 0
let_it_rip 1580585232979 360 207 touchmove 284 46 0 0 0 rip 0
let_it_rip 1580585232995 360 207 touchmove 289 46 0 0 0 rip 0
let_it_rip 1580585233012 360 207 touchmove 299 43 0 0 0 rip 0
let_it_rip 1580585233028 360 207 touchmove 308 41 0 0 0 rip 0
let_it_rip 1580585233044 360 207 touchmove 315 39 0 0 0 rip 0
let_it_rip 1580585233062 360 207 touchmove 322 37 0 0 0 rip 0
let_it_rip 1580585233080 360 207 touchmove 326 36 0 0 0 rip 0
let_it_rip 1580585233096 360 207 touchmove 327 35 0 0 0 rip 0
let_it_rip 1580585233112 360 207 touchmove 329 35 0 0 0 rip 0
let_it_rip 1580585233129 360 207 touchmove 331 34 0 0 0 rip 0
let_it_rip 1580585233148 360 207 touchmove 333 34 0 0 0 rip 0
let_it_rip 1580585233162 360 207 touchmove 335 33 0 0 0 rip 0
let_it_rip 1580585233179 360 207 touchmove 338 34 0 0 0 rip 0
let_it_rip 1580585233193 360 207 touchmove 339 34 0 0 0 rip 0
let_it_rip 1580585233210 360 207 touchmove 339 34 0 0 0 rip 0
let_it_rip 1580585233225 360 207 touchend 339 34 0 0 0 rip 0
