sentence timestamp keyb_width keyb_height event x_pos y_pos x_radius y_radius angle word is_err
gerdau_shift_relate_content 1579856227189 411 250 touchstart 211 114 0.3836495578289 0.3836495578289 0 gerdau 0
gerdau_shift_relate_content 1579856227199 411 250 touchmove 211 113 0.3836495578289 0.3836495578289 0 gerdau 0
gerdau_shift_relate_content 1579856227214 411 250 touchmove 210 113 0.3836495578289 0.3836495578289 0 gerdau 0
gerdau_shift_relate_content 1579856227235 411 250 touchmove 210 112 0.3836495578289 0.3836495578289 0 gerdau 0
gerdau_shift_relate_content 1579856227257 411 250 touchmove 209 110 0.30691963434219 0.30691963434219 0 gerdau 0
gerdau_shift_relate_content 1579856227267 411 250 touchmove 207 109 0.3836495578289 0.3836495578289 0 gerdau 0
gerdau_shift_relate_content 1579856227281 411 250 touchmove 201 104 0.3836495578289 0.3836495578289 0 gerdau 0
gerdau_shift_relate_content 1579856227315 411 250 touchmove 181 88 0.3836495578289 0.3836495578289 0 gerdau 0
gerdau_shift_relate_content 1579856227330 411 250 touchmove 171 80 0.3836495578289 0.3836495578289 0 gerdau 0
gerdau_shift_relate_content 1579856227347 411 250 touchmove 159 74 0.3836495578289 0.3836495578289 0 gerdau 0
gerdau_shift_relate_content 1579856227364 411 250 touchmove 147 69 0.46037948131561 0.46037948131561 0 gerdau 0
gerdau_shift_relate_content 1579856227380 411 250 touchmove 136 64 0.46037948131561 0.46037948131561 0 gerdau 0
gerdau_shift_relate_content 1579856227397 411 250 touchmove 124 61 0.46037948131561 0.46037948131561 0 gerdau 0
gerdau_shift_relate_content 1579856227414 411 250 touchmove 114 57 0.46037948131561 0.46037948131561 0 gerdau 0
gerdau_shift_relate_content 1579856227431 411 250 touchmove 105 54 0.537109375 0.537109375 0 gerdau 0
gerdau_shift_relate_content 1579856227448 411 250 touchmove 98 52 0.46037948131561 0.46037948131561 0 gerdau 0
gerdau_shift_relate_content 1579856227467 411 250 touchmove 94 50 0.46037948131561 0.46037948131561 0 gerdau 0
gerdau_shift_relate_content 1579856227481 411 250 touchmove 91 48 0.46037948131561 0.46037948131561 0 gerdau 0
gerdau_shift_relate_content 1579856227497 411 250 touchmove 90 47 0.46037948131561 0.46037948131561 0 gerdau 0
gerdau_shift_relate_content 1579856227514 411 250 touchmove 90 47 0.46037948131561 0.46037948131561 0 gerdau 0
gerdau_shift_relate_content 1579856227531 411 250 touchmove 91 46 0.46037948131561 0.46037948131561 0 gerdau 0
gerdau_shift_relate_content 1579856227557 411 250 touchmove 92 46 0.537109375 0.537109375 0 gerdau 0
gerdau_shift_relate_content 1579856227566 411 250 touchmove 94 45 0.537109375 0.537109375 0 gerdau 0
gerdau_shift_relate_content 1579856227582 411 250 touchmove 97 44 0.537109375 0.537109375 0 gerdau 0
gerdau_shift_relate_content 1579856227598 411 250 touchmove 106 42 0.537109375 0.537109375 0 gerdau 0
gerdau_shift_relate_content 1579856227615 411 250 touchmove 114 40 0.46037948131561 0.46037948131561 0 gerdau 0
gerdau_shift_relate_content 1579856227631 411 250 touchmove 123 39 0.46037948131561 0.46037948131561 0 gerdau 0
gerdau_shift_relate_content 1579856227649 411 250 touchmove 128 38 0.537109375 0.537109375 0 gerdau 0
gerdau_shift_relate_content 1579856227666 411 250 touchmove 142 36 0.537109375 0.537109375 0 gerdau 0
gerdau_shift_relate_content 1579856227682 411 250 touchmove 145 35 0.46037948131561 0.46037948131561 0 gerdau 0
gerdau_shift_relate_content 1579856227698 411 250 touchmove 149 34 0.46037948131561 0.46037948131561 0 gerdau 0
gerdau_shift_relate_content 1579856227715 411 250 touchmove 150 34 0.46037948131561 0.46037948131561 0 gerdau 0
gerdau_shift_relate_content 1579856227732 411 250 touchmove 151 34 0.537109375 0.537109375 0 gerdau 0
gerdau_shift_relate_content 1579856227749 411 250 touchmove 150 34 0.537109375 0.537109375 0 gerdau 0
gerdau_shift_relate_content 1579856227765 411 250 touchmove 150 34 0.46037948131561 0.46037948131561 0 gerdau 0
gerdau_shift_relate_content 1579856227781 411 250 touchmove 150 35 0.537109375 0.537109375 0 gerdau 0
gerdau_shift_relate_content 1579856227848 411 250 touchmove 150 35 0.537109375 0.537109375 0 gerdau 0
gerdau_shift_relate_content 1579856227865 411 250 touchmove 150 35 0.537109375 0.537109375 0 gerdau 0
gerdau_shift_relate_content 1579856227882 411 250 touchmove 150 36 0.537109375 0.537109375 0 gerdau 0
gerdau_shift_relate_content 1579856227898 411 250 touchmove 150 37 0.537109375 0.537109375 0 gerdau 0
gerdau_shift_relate_content 1579856227919 411 250 touchmove 150 40 0.46037948131561 0.46037948131561 0 gerdau 0
gerdau_shift_relate_content 1579856227956 411 250 touchmove 146 74 0.46037948131561 0.46037948131561 0 gerdau 0
gerdau_shift_relate_content 1579856227966 411 250 touchmove 145 79 0.46037948131561 0.46037948131561 0 gerdau 0
gerdau_shift_relate_content 1579856227981 411 250 touchmove 144 87 0.46037948131561 0.46037948131561 0 gerdau 0
gerdau_shift_relate_content 1579856228009 411 250 touchmove 143 93 0.46037948131561 0.46037948131561 0 gerdau 0
gerdau_shift_relate_content 1579856228016 411 250 touchmove 143 94 0.46037948131561 0.46037948131561 0 gerdau 0
gerdau_shift_relate_content 1579856228032 411 250 touchmove 143 94 0.46037948131561 0.46037948131561 0 gerdau 0
gerdau_shift_relate_content 1579856228048 411 250 touchmove 142 97 0.3836495578289 0.3836495578289 0 gerdau 0
gerdau_shift_relate_content 1579856228064 411 250 touchmove 140 104 0.46037948131561 0.46037948131561 0 gerdau 0
gerdau_shift_relate_content 1579856228081 411 250 touchmove 137 111 0.46037948131561 0.46037948131561 0 gerdau 0
gerdau_shift_relate_content 1579856228098 411 250 touchmove 135 114 0.46037948131561 0.46037948131561 0 gerdau 0
gerdau_shift_relate_content 1579856228115 411 250 touchmove 134 115 0.46037948131561 0.46037948131561 0 gerdau 0
gerdau_shift_relate_content 1579856228132 411 250 touchmove 134 114 0.46037948131561 0.46037948131561 0 gerdau 0
gerdau_shift_relate_content 1579856228148 411 250 touchmove 133 114 0.46037948131561 0.46037948131561 0 gerdau 0
gerdau_shift_relate_content 1579856228215 411 250 touchmove 133 114 0.46037948131561 0.46037948131561 0 gerdau 0
gerdau_shift_relate_content 1579856228239 411 250 touchmove 133 114 0.46037948131561 0.46037948131561 0 gerdau 0
gerdau_shift_relate_content 1579856228249 411 250 touchmove 133 114 0.46037948131561 0.46037948131561 0 gerdau 0
gerdau_shift_relate_content 1579856228265 411 250 touchmove 134 113 0.46037948131561 0.46037948131561 0 gerdau 0
gerdau_shift_relate_content 1579856228282 411 250 touchmove 139 110 0.3836495578289 0.3836495578289 0 gerdau 0
gerdau_shift_relate_content 1579856228299 411 250 touchmove 156 101 0.46037948131561 0.46037948131561 0 gerdau 0
gerdau_shift_relate_content 1579856228316 411 250 touchmove 175 92 0.3836495578289 0.3836495578289 0 gerdau 0
gerdau_shift_relate_content 1579856228333 411 250 touchmove 195 84 0.3836495578289 0.3836495578289 0 gerdau 0
gerdau_shift_relate_content 1579856228350 411 250 touchmove 211 77 0.3836495578289 0.3836495578289 0 gerdau 0
gerdau_shift_relate_content 1579856228366 411 250 touchmove 222 73 0.3836495578289 0.3836495578289 0 gerdau 0
gerdau_shift_relate_content 1579856228383 411 250 touchmove 228 71 0.3836495578289 0.3836495578289 0 gerdau 0
gerdau_shift_relate_content 1579856228400 411 250 touchmove 230 71 0.3836495578289 0.3836495578289 0 gerdau 0
gerdau_shift_relate_content 1579856228417 411 250 touchmove 230 71 0.46037948131561 0.46037948131561 0 gerdau 0
gerdau_shift_relate_content 1579856228433 411 250 touchmove 230 71 0.46037948131561 0.46037948131561 0 gerdau 0
gerdau_shift_relate_content 1579856228449 411 250 touchmove 230 71 0.46037948131561 0.46037948131561 0 gerdau 0
gerdau_shift_relate_content 1579856228466 411 250 touchmove 231 71 0.3836495578289 0.3836495578289 0 gerdau 0
gerdau_shift_relate_content 1579856228492 411 250 touchmove 231 70 0.46037948131561 0.46037948131561 0 gerdau 0
gerdau_shift_relate_content 1579856228505 411 250 touchmove 231 70 0.3836495578289 0.3836495578289 0 gerdau 0
gerdau_shift_relate_content 1579856228516 411 250 touchmove 231 70 0.46037948131561 0.46037948131561 0 gerdau 0
gerdau_shift_relate_content 1579856228533 411 250 touchmove 232 69 0.3836495578289 0.3836495578289 0 gerdau 0
gerdau_shift_relate_content 1579856228549 411 250 touchmove 234 68 0.46037948131561 0.46037948131561 0 gerdau 0
gerdau_shift_relate_content 1579856228568 411 250 touchmove 236 67 0.46037948131561 0.46037948131561 0 gerdau 0
gerdau_shift_relate_content 1579856228584 411 250 touchmove 237 66 0.46037948131561 0.46037948131561 0 gerdau 0
gerdau_shift_relate_content 1579856228600 411 250 touchmove 238 65 0.46037948131561 0.46037948131561 0 gerdau 0
gerdau_shift_relate_content 1579856228627 411 250 touchmove 239 64 0.46037948131561 0.46037948131561 0 gerdau 0
gerdau_shift_relate_content 1579856228649 411 250 touchmove 237 63 0.3836495578289 0.3836495578289 0 gerdau 0
gerdau_shift_relate_content 1579856228665 411 250 touchmove 228 65 0.46037948131561 0.46037948131561 0 gerdau 0
gerdau_shift_relate_content 1579856228715 411 250 touchmove 154 84 0.46037948131561 0.46037948131561 0 gerdau 0
gerdau_shift_relate_content 1579856228732 411 250 touchmove 136 89 0.3836495578289 0.3836495578289 0 gerdau 0
gerdau_shift_relate_content 1579856228749 411 250 touchmove 119 93 0.46037948131561 0.46037948131561 0 gerdau 0
gerdau_shift_relate_content 1579856228765 411 250 touchmove 105 97 0.46037948131561 0.46037948131561 0 gerdau 0
gerdau_shift_relate_content 1579856228784 411 250 touchmove 95 100 0.3836495578289 0.3836495578289 0 gerdau 0
gerdau_shift_relate_content 1579856228799 411 250 touchmove 86 102 0.46037948131561 0.46037948131561 0 gerdau 0
gerdau_shift_relate_content 1579856228815 411 250 touchmove 80 104 0.46037948131561 0.46037948131561 0 gerdau 0
gerdau_shift_relate_content 1579856228832 411 250 touchmove 77 104 0.537109375 0.537109375 0 gerdau 0
gerdau_shift_relate_content 1579856228848 411 250 touchmove 74 105 0.46037948131561 0.46037948131561 0 gerdau 0
gerdau_shift_relate_content 1579856228865 411 250 touchmove 71 105 0.46037948131561 0.46037948131561 0 gerdau 0
gerdau_shift_relate_content 1579856228882 411 250 touchmove 65 106 0.46037948131561 0.46037948131561 0 gerdau 0
gerdau_shift_relate_content 1579856228899 411 250 touchmove 58 108 0.46037948131561 0.46037948131561 0 gerdau 0
gerdau_shift_relate_content 1579856228918 411 250 touchmove 51 109 0.46037948131561 0.46037948131561 0 gerdau 0
gerdau_shift_relate_content 1579856228933 411 250 touchmove 45 110 0.46037948131561 0.46037948131561 0 gerdau 0
gerdau_shift_relate_content 1579856228949 411 250 touchmove 41 110 0.46037948131561 0.46037948131561 0 gerdau 0
gerdau_shift_relate_content 1579856228965 411 250 touchmove 40 109 0.46037948131561 0.46037948131561 0 gerdau 0
gerdau_shift_relate_content 1579856228984 411 250 touchmove 38 109 0.46037948131561 0.46037948131561 0 gerdau 0
gerdau_shift_relate_content 1579856229003 411 250 touchmove 36 109 0.46037948131561 0.46037948131561 0 gerdau 0
gerdau_shift_relate_content 1579856229015 411 250 touchmove 33 108 0.46037948131561 0.46037948131561 0 gerdau 0
gerdau_shift_relate_content 1579856229032 411 250 touchmove 31 108 0.46037948131561 0.46037948131561 0 gerdau 0
gerdau_shift_relate_content 1579856229049 411 250 touchmove 29 108 0.3836495578289 0.3836495578289 0 gerdau 0
gerdau_shift_relate_content 1579856229066 411 250 touchmove 28 108 0.3836495578289 0.3836495578289 0 gerdau 0
gerdau_shift_relate_content 1579856229083 411 250 touchmove 28 108 0.46037948131561 0.46037948131561 0 gerdau 0
gerdau_shift_relate_content 1579856229099 411 250 touchmove 28 108 0.46037948131561 0.46037948131561 0 gerdau 0
gerdau_shift_relate_content 1579856229117 411 250 touchmove 32 105 0.46037948131561 0.46037948131561 0 gerdau 0
gerdau_shift_relate_content 1579856229133 411 250 touchmove 39 102 0.537109375 0.537109375 0 gerdau 0
gerdau_shift_relate_content 1579856229149 411 250 touchmove 75 89 0.46037948131561 0.46037948131561 0 gerdau 0
gerdau_shift_relate_content 1579856229166 411 250 touchmove 91 83 0.46037948131561 0.46037948131561 0 gerdau 0
gerdau_shift_relate_content 1579856229183 411 250 touchmove 128 71 0.46037948131561 0.46037948131561 0 gerdau 0
gerdau_shift_relate_content 1579856229199 411 250 touchmove 168 59 0.3836495578289 0.3836495578289 0 gerdau 0
gerdau_shift_relate_content 1579856229217 411 250 touchmove 207 50 0.46037948131561 0.46037948131561 0 gerdau 0
gerdau_shift_relate_content 1579856229234 411 250 touchmove 241 43 0.46037948131561 0.46037948131561 0 gerdau 0
gerdau_shift_relate_content 1579856229250 411 250 touchmove 263 39 0.46037948131561 0.46037948131561 0 gerdau 0
gerdau_shift_relate_content 1579856229267 411 250 touchmove 273 37 0.46037948131561 0.46037948131561 0 gerdau 0
gerdau_shift_relate_content 1579856229283 411 250 touchmove 275 37 0.46037948131561 0.46037948131561 0 gerdau 0
gerdau_shift_relate_content 1579856229300 411 250 touchmove 275 37 0.46037948131561 0.46037948131561 0 gerdau 0
gerdau_shift_relate_content 1579856229316 411 250 touchmove 275 37 0.46037948131561 0.46037948131561 0 gerdau 0
gerdau_shift_relate_content 1579856229334 411 250 touchmove 275 36 0.46037948131561 0.46037948131561 0 gerdau 0
gerdau_shift_relate_content 1579856229350 411 250 touchmove 276 36 0.46037948131561 0.46037948131561 0 gerdau 0
gerdau_shift_relate_content 1579856229366 411 250 touchmove 276 36 0.3836495578289 0.3836495578289 0 gerdau 0
gerdau_shift_relate_content 1579856229384 411 250 touchmove 275 36 0.3836495578289 0.3836495578289 0 gerdau 0
gerdau_shift_relate_content 1579856229400 411 250 touchmove 275 36 0.46037948131561 0.46037948131561 0 gerdau 0
gerdau_shift_relate_content 1579856229420 411 250 touchmove 275 36 0.46037948131561 0.46037948131561 0 gerdau 0
gerdau_shift_relate_content 1579856229434 411 250 touchmove 275 36 0.46037948131561 0.46037948131561 0 gerdau 0
gerdau_shift_relate_content 1579856229450 411 250 touchmove 275 36 0.46037948131561 0.46037948131561 0 gerdau 0
gerdau_shift_relate_content 1579856229466 411 250 touchmove 274 36 0.46037948131561 0.46037948131561 0 gerdau 0
gerdau_shift_relate_content 1579856229483 411 250 touchmove 274 36 0.46037948131561 0.46037948131561 0 gerdau 0
gerdau_shift_relate_content 1579856229502 411 250 touchmove 273 36 0.46037948131561 0.46037948131561 0 gerdau 0
gerdau_shift_relate_content 1579856229513 411 250 touchmove 273 36 0.537109375 0.537109375 0 gerdau 0
gerdau_shift_relate_content 1579856229517 411 250 touchend 273 36 0.537109375 0.537109375 0 gerdau 0
gerdau_shift_relate_content 1579856231469 411 250 touchstart 83 106 0.46037948131561 0.46037948131561 0 shift 0
gerdau_shift_relate_content 1579856231486 411 250 touchmove 82 105 0.46037948131561 0.46037948131561 0 shift 0
gerdau_shift_relate_content 1579856231502 411 250 touchmove 82 105 0.537109375 0.537109375 0 shift 0
gerdau_shift_relate_content 1579856231551 411 250 touchmove 82 105 0.46037948131561 0.46037948131561 0 shift 0
gerdau_shift_relate_content 1579856231569 411 250 touchmove 83 105 0.46037948131561 0.46037948131561 0 shift 0
gerdau_shift_relate_content 1579856231584 411 250 touchmove 96 107 0.46037948131561 0.46037948131561 0 shift 0
gerdau_shift_relate_content 1579856231601 411 250 touchmove 113 109 0.46037948131561 0.46037948131561 0 shift 0
gerdau_shift_relate_content 1579856231618 411 250 touchmove 130 109 0.46037948131561 0.46037948131561 0 shift 0
gerdau_shift_relate_content 1579856231634 411 250 touchmove 138 109 0.46037948131561 0.46037948131561 0 shift 0
gerdau_shift_relate_content 1579856231654 411 250 touchmove 154 107 0.46037948131561 0.46037948131561 0 shift 0
gerdau_shift_relate_content 1579856231668 411 250 touchmove 169 106 0.46037948131561 0.46037948131561 0 shift 0
gerdau_shift_relate_content 1579856231684 411 250 touchmove 183 105 0.46037948131561 0.46037948131561 0 shift 0
gerdau_shift_relate_content 1579856231703 411 250 touchmove 197 105 0.46037948131561 0.46037948131561 0 shift 0
gerdau_shift_relate_content 1579856231718 411 250 touchmove 211 105 0.46037948131561 0.46037948131561 0 shift 0
gerdau_shift_relate_content 1579856231736 411 250 touchmove 224 107 0.46037948131561 0.46037948131561 0 shift 0
gerdau_shift_relate_content 1579856231752 411 250 touchmove 238 107 0.3836495578289 0.3836495578289 0 shift 0
gerdau_shift_relate_content 1579856231770 411 250 touchmove 249 108 0.46037948131561 0.46037948131561 0 shift 0
gerdau_shift_relate_content 1579856231785 411 250 touchmove 256 108 0.46037948131561 0.46037948131561 0 shift 0
gerdau_shift_relate_content 1579856231801 411 250 touchmove 259 107 0.46037948131561 0.46037948131561 0 shift 0
gerdau_shift_relate_content 1579856231817 411 250 touchmove 260 107 0.46037948131561 0.46037948131561 0 shift 0
gerdau_shift_relate_content 1579856231835 411 250 touchmove 260 107 0.46037948131561 0.46037948131561 0 shift 0
gerdau_shift_relate_content 1579856231859 411 250 touchmove 259 107 0.46037948131561 0.46037948131561 0 shift 0
gerdau_shift_relate_content 1579856231869 411 250 touchmove 259 107 0.46037948131561 0.46037948131561 0 shift 0
gerdau_shift_relate_content 1579856231885 411 250 touchmove 259 107 0.46037948131561 0.46037948131561 0 shift 0
gerdau_shift_relate_content 1579856231901 411 250 touchmove 259 107 0.46037948131561 0.46037948131561 0 shift 0
gerdau_shift_relate_content 1579856231918 411 250 touchmove 259 107 0.46037948131561 0.46037948131561 0 shift 0
gerdau_shift_relate_content 1579856231934 411 250 touchmove 258 106 0.46037948131561 0.46037948131561 0 shift 0
gerdau_shift_relate_content 1579856231951 411 250 touchmove 258 106 0.3836495578289 0.3836495578289 0 shift 0
gerdau_shift_relate_content 1579856231967 411 250 touchmove 258 105 0.3836495578289 0.3836495578289 0 shift 0
gerdau_shift_relate_content 1579856231984 411 250 touchmove 258 104 0.46037948131561 0.46037948131561 0 shift 0
gerdau_shift_relate_content 1579856232001 411 250 touchmove 259 103 0.3836495578289 0.3836495578289 0 shift 0
gerdau_shift_relate_content 1579856232018 411 250 touchmove 264 96 0.46037948131561 0.46037948131561 0 shift 0
gerdau_shift_relate_content 1579856232034 411 250 touchmove 271 87 0.46037948131561 0.46037948131561 0 shift 0
gerdau_shift_relate_content 1579856232051 411 250 touchmove 279 80 0.46037948131561 0.46037948131561 0 shift 0
gerdau_shift_relate_content 1579856232068 411 250 touchmove 286 73 0.3836495578289 0.3836495578289 0 shift 0
gerdau_shift_relate_content 1579856232084 411 250 touchmove 293 66 0.46037948131561 0.46037948131561 0 shift 0
gerdau_shift_relate_content 1579856232101 411 250 touchmove 299 59 0.46037948131561 0.46037948131561 0 shift 0
gerdau_shift_relate_content 1579856232117 411 250 touchmove 305 50 0.46037948131561 0.46037948131561 0 shift 0
gerdau_shift_relate_content 1579856232134 411 250 touchmove 311 43 0.46037948131561 0.46037948131561 0 shift 0
gerdau_shift_relate_content 1579856232151 411 250 touchmove 315 36 0.46037948131561 0.46037948131561 0 shift 0
gerdau_shift_relate_content 1579856232167 411 250 touchmove 319 31 0.46037948131561 0.46037948131561 0 shift 0
gerdau_shift_relate_content 1579856232212 411 250 touchmove 322 26 0.46037948131561 0.46037948131561 0 shift 0
gerdau_shift_relate_content 1579856232219 411 250 touchmove 326 18 0.46037948131561 0.46037948131561 0 shift 0
gerdau_shift_relate_content 1579856232234 411 250 touchmove 326 17 0.46037948131561 0.46037948131561 0 shift 0
gerdau_shift_relate_content 1579856232251 411 250 touchmove 326 17 0.46037948131561 0.46037948131561 0 shift 0
gerdau_shift_relate_content 1579856232300 411 250 touchmove 326 17 0.46037948131561 0.46037948131561 0 shift 0
gerdau_shift_relate_content 1579856232317 411 250 touchmove 326 18 0.46037948131561 0.46037948131561 0 shift 0
gerdau_shift_relate_content 1579856232334 411 250 touchmove 325 18 0.46037948131561 0.46037948131561 0 shift 0
gerdau_shift_relate_content 1579856232351 411 250 touchmove 325 19 0.46037948131561 0.46037948131561 0 shift 0
gerdau_shift_relate_content 1579856232368 411 250 touchmove 325 20 0.46037948131561 0.46037948131561 0 shift 0
gerdau_shift_relate_content 1579856232384 411 250 touchmove 324 21 0.46037948131561 0.46037948131561 0 shift 0
gerdau_shift_relate_content 1579856232400 411 250 touchmove 321 23 0.46037948131561 0.46037948131561 0 shift 0
gerdau_shift_relate_content 1579856232417 411 250 touchmove 320 25 0.46037948131561 0.46037948131561 0 shift 0
gerdau_shift_relate_content 1579856232434 411 250 touchmove 311 30 0.46037948131561 0.46037948131561 0 shift 0
gerdau_shift_relate_content 1579856232450 411 250 touchmove 308 32 0.46037948131561 0.46037948131561 0 shift 0
gerdau_shift_relate_content 1579856232467 411 250 touchmove 302 37 0.46037948131561 0.46037948131561 0 shift 0
gerdau_shift_relate_content 1579856232483 411 250 touchmove 295 42 0.46037948131561 0.46037948131561 0 shift 0
gerdau_shift_relate_content 1579856232500 411 250 touchmove 286 48 0.46037948131561 0.46037948131561 0 shift 0
gerdau_shift_relate_content 1579856232519 411 250 touchmove 275 56 0.46037948131561 0.46037948131561 0 shift 0
gerdau_shift_relate_content 1579856232535 411 250 touchmove 261 65 0.46037948131561 0.46037948131561 0 shift 0
gerdau_shift_relate_content 1579856232552 411 250 touchmove 248 74 0.46037948131561 0.46037948131561 0 shift 0
gerdau_shift_relate_content 1579856232572 411 250 touchmove 236 81 0.46037948131561 0.46037948131561 0 shift 0
gerdau_shift_relate_content 1579856232588 411 250 touchmove 226 86 0.46037948131561 0.46037948131561 0 shift 0
gerdau_shift_relate_content 1579856232601 411 250 touchmove 218 90 0.46037948131561 0.46037948131561 0 shift 0
gerdau_shift_relate_content 1579856232618 411 250 touchmove 210 94 0.46037948131561 0.46037948131561 0 shift 0
gerdau_shift_relate_content 1579856232634 411 250 touchmove 202 97 0.46037948131561 0.46037948131561 0 shift 0
gerdau_shift_relate_content 1579856232652 411 250 touchmove 196 100 0.46037948131561 0.46037948131561 0 shift 0
gerdau_shift_relate_content 1579856232669 411 250 touchmove 190 102 0.46037948131561 0.46037948131561 0 shift 0
gerdau_shift_relate_content 1579856232685 411 250 touchmove 185 104 0.46037948131561 0.46037948131561 0 shift 0
gerdau_shift_relate_content 1579856232702 411 250 touchmove 181 106 0.46037948131561 0.46037948131561 0 shift 0
gerdau_shift_relate_content 1579856232718 411 250 touchmove 177 108 0.46037948131561 0.46037948131561 0 shift 0
gerdau_shift_relate_content 1579856232735 411 250 touchmove 173 109 0.46037948131561 0.46037948131561 0 shift 0
gerdau_shift_relate_content 1579856232751 411 250 touchmove 169 111 0.46037948131561 0.46037948131561 0 shift 0
gerdau_shift_relate_content 1579856232768 411 250 touchmove 165 112 0.46037948131561 0.46037948131561 0 shift 0
gerdau_shift_relate_content 1579856232785 411 250 touchmove 163 113 0.46037948131561 0.46037948131561 0 shift 0
gerdau_shift_relate_content 1579856232801 411 250 touchmove 162 113 0.46037948131561 0.46037948131561 0 shift 0
gerdau_shift_relate_content 1579856232818 411 250 touchmove 162 113 0.46037948131561 0.46037948131561 0 shift 0
gerdau_shift_relate_content 1579856232835 411 250 touchmove 162 113 0.46037948131561 0.46037948131561 0 shift 0
gerdau_shift_relate_content 1579856232851 411 250 touchmove 162 113 0.46037948131561 0.46037948131561 0 shift 0
gerdau_shift_relate_content 1579856232874 411 250 touchmove 162 113 0.46037948131561 0.46037948131561 0 shift 0
gerdau_shift_relate_content 1579856232885 411 250 touchmove 162 113 0.46037948131561 0.46037948131561 0 shift 0
gerdau_shift_relate_content 1579856232901 411 250 touchmove 162 112 0.46037948131561 0.46037948131561 0 shift 0
gerdau_shift_relate_content 1579856232919 411 250 touchmove 163 112 0.46037948131561 0.46037948131561 0 shift 0
gerdau_shift_relate_content 1579856232935 411 250 touchmove 163 111 0.46037948131561 0.46037948131561 0 shift 0
gerdau_shift_relate_content 1579856232951 411 250 touchmove 163 110 0.46037948131561 0.46037948131561 0 shift 0
gerdau_shift_relate_content 1579856232968 411 250 touchmove 164 108 0.46037948131561 0.46037948131561 0 shift 0
gerdau_shift_relate_content 1579856232985 411 250 touchmove 166 104 0.46037948131561 0.46037948131561 0 shift 0
gerdau_shift_relate_content 1579856233002 411 250 touchmove 174 97 0.46037948131561 0.46037948131561 0 shift 0
gerdau_shift_relate_content 1579856233019 411 250 touchmove 184 88 0.46037948131561 0.46037948131561 0 shift 0
gerdau_shift_relate_content 1579856233035 411 250 touchmove 197 77 0.46037948131561 0.46037948131561 0 shift 0
gerdau_shift_relate_content 1579856233052 411 250 touchmove 211 65 0.46037948131561 0.46037948131561 0 shift 0
gerdau_shift_relate_content 1579856233068 411 250 touchmove 225 52 0.46037948131561 0.46037948131561 0 shift 0
gerdau_shift_relate_content 1579856233085 411 250 touchmove 235 42 0.537109375 0.537109375 0 shift 0
gerdau_shift_relate_content 1579856233101 411 250 touchmove 240 35 0.46037948131561 0.46037948131561 0 shift 0
gerdau_shift_relate_content 1579856233119 411 250 touchmove 240 31 0.46037948131561 0.46037948131561 0 shift 0
gerdau_shift_relate_content 1579856233136 411 250 touchmove 240 28 0.46037948131561 0.46037948131561 0 shift 0
gerdau_shift_relate_content 1579856233153 411 250 touchmove 239 28 0.46037948131561 0.46037948131561 0 shift 0
gerdau_shift_relate_content 1579856233169 411 250 touchmove 238 27 0.537109375 0.537109375 0 shift 0
gerdau_shift_relate_content 1579856233186 411 250 touchmove 237 26 0.46037948131561 0.46037948131561 0 shift 0
gerdau_shift_relate_content 1579856233203 411 250 touchmove 236 26 0.46037948131561 0.46037948131561 0 shift 0
gerdau_shift_relate_content 1579856233219 411 250 touchmove 234 25 0.46037948131561 0.46037948131561 0 shift 0
gerdau_shift_relate_content 1579856233236 411 250 touchmove 230 25 0.537109375 0.537109375 0 shift 0
gerdau_shift_relate_content 1579856233252 411 250 touchmove 226 24 0.46037948131561 0.46037948131561 0 shift 0
gerdau_shift_relate_content 1579856233269 411 250 touchmove 221 24 0.46037948131561 0.46037948131561 0 shift 0
gerdau_shift_relate_content 1579856233285 411 250 touchmove 214 24 0.537109375 0.537109375 0 shift 0
gerdau_shift_relate_content 1579856233303 411 250 touchmove 207 25 0.537109375 0.537109375 0 shift 0
gerdau_shift_relate_content 1579856233319 411 250 touchmove 198 27 0.46037948131561 0.46037948131561 0 shift 0
gerdau_shift_relate_content 1579856233335 411 250 touchmove 190 29 0.537109375 0.537109375 0 shift 0
gerdau_shift_relate_content 1579856233352 411 250 touchmove 184 30 0.537109375 0.537109375 0 shift 0
gerdau_shift_relate_content 1579856233369 411 250 touchmove 181 30 0.46037948131561 0.46037948131561 0 shift 0
gerdau_shift_relate_content 1579856233385 411 250 touchmove 180 31 0.537109375 0.537109375 0 shift 0
gerdau_shift_relate_content 1579856233402 411 250 touchmove 179 31 0.46037948131561 0.46037948131561 0 shift 0
gerdau_shift_relate_content 1579856233419 411 250 touchmove 179 32 0.537109375 0.537109375 0 shift 0
gerdau_shift_relate_content 1579856233435 411 250 touchmove 178 31 0.537109375 0.537109375 0 shift 0
gerdau_shift_relate_content 1579856233452 411 250 touchmove 178 32 0.46037948131561 0.46037948131561 0 shift 0
gerdau_shift_relate_content 1579856233469 411 250 touchmove 177 32 0.46037948131561 0.46037948131561 0 shift 0
gerdau_shift_relate_content 1579856233485 411 250 touchmove 177 31 0.46037948131561 0.46037948131561 0 shift 0
gerdau_shift_relate_content 1579856233504 411 250 touchmove 178 32 0.537109375 0.537109375 0 shift 0
gerdau_shift_relate_content 1579856233518 411 250 touchmove 178 31 0.46037948131561 0.46037948131561 0 shift 0
gerdau_shift_relate_content 1579856233535 411 250 touchmove 178 31 0.46037948131561 0.46037948131561 0 shift 0
gerdau_shift_relate_content 1579856233553 411 250 touchmove 179 32 0.46037948131561 0.46037948131561 0 shift 0
gerdau_shift_relate_content 1579856233567 411 250 touchmove 179 32 0.46037948131561 0.46037948131561 0 shift 0
gerdau_shift_relate_content 1579856233569 411 250 touchend 179 32 0.46037948131561 0.46037948131561 0 shift 0
gerdau_shift_relate_content 1579856235304 411 250 touchstart 156 42 0.46037948131561 0.46037948131561 0 relate 0
gerdau_shift_relate_content 1579856235320 411 250 touchmove 155 42 0.46037948131561 0.46037948131561 0 relate 0
gerdau_shift_relate_content 1579856235337 411 250 touchmove 154 42 0.46037948131561 0.46037948131561 0 relate 0
gerdau_shift_relate_content 1579856235353 411 250 touchmove 154 41 0.46037948131561 0.46037948131561 0 relate 0
gerdau_shift_relate_content 1579856235370 411 250 touchmove 154 41 0.46037948131561 0.46037948131561 0 relate 0
gerdau_shift_relate_content 1579856235386 411 250 touchmove 153 41 0.46037948131561 0.46037948131561 0 relate 0
gerdau_shift_relate_content 1579856235404 411 250 touchmove 153 41 0.46037948131561 0.46037948131561 0 relate 0
gerdau_shift_relate_content 1579856235419 411 250 touchmove 151 40 0.46037948131561 0.46037948131561 0 relate 0
gerdau_shift_relate_content 1579856235437 411 250 touchmove 149 40 0.46037948131561 0.46037948131561 0 relate 0
gerdau_shift_relate_content 1579856235453 411 250 touchmove 135 41 0.46037948131561 0.46037948131561 0 relate 0
gerdau_shift_relate_content 1579856235471 411 250 touchmove 126 41 0.46037948131561 0.46037948131561 0 relate 0
gerdau_shift_relate_content 1579856235486 411 250 touchmove 120 41 0.46037948131561 0.46037948131561 0 relate 0
gerdau_shift_relate_content 1579856235503 411 250 touchmove 115 40 0.46037948131561 0.46037948131561 0 relate 0
gerdau_shift_relate_content 1579856235520 411 250 touchmove 111 40 0.537109375 0.537109375 0 relate 0
gerdau_shift_relate_content 1579856235542 411 250 touchmove 104 41 0.46037948131561 0.46037948131561 0 relate 0
gerdau_shift_relate_content 1579856235553 411 250 touchmove 102 41 0.46037948131561 0.46037948131561 0 relate 0
gerdau_shift_relate_content 1579856235569 411 250 touchmove 97 41 0.537109375 0.537109375 0 relate 0
gerdau_shift_relate_content 1579856235586 411 250 touchmove 94 42 0.46037948131561 0.46037948131561 0 relate 0
gerdau_shift_relate_content 1579856235603 411 250 touchmove 93 43 0.46037948131561 0.46037948131561 0 relate 0
gerdau_shift_relate_content 1579856235619 411 250 touchmove 93 43 0.46037948131561 0.46037948131561 0 relate 0
gerdau_shift_relate_content 1579856235637 411 250 touchmove 94 44 0.537109375 0.537109375 0 relate 0
gerdau_shift_relate_content 1579856235656 411 250 touchmove 96 45 0.537109375 0.537109375 0 relate 0
gerdau_shift_relate_content 1579856235669 411 250 touchmove 100 48 0.537109375 0.537109375 0 relate 0
gerdau_shift_relate_content 1579856235686 411 250 touchmove 110 52 0.46037948131561 0.46037948131561 0 relate 0
gerdau_shift_relate_content 1579856235703 411 250 touchmove 131 60 0.46037948131561 0.46037948131561 0 relate 0
gerdau_shift_relate_content 1579856235721 411 250 touchmove 159 68 0.3836495578289 0.3836495578289 0 relate 0
gerdau_shift_relate_content 1579856235737 411 250 touchmove 191 75 0.46037948131561 0.46037948131561 0 relate 0
gerdau_shift_relate_content 1579856235753 411 250 touchmove 224 81 0.46037948131561 0.46037948131561 0 relate 0
gerdau_shift_relate_content 1579856235771 411 250 touchmove 256 85 0.46037948131561 0.46037948131561 0 relate 0
gerdau_shift_relate_content 1579856235789 411 250 touchmove 291 89 0.3836495578289 0.3836495578289 0 relate 0
gerdau_shift_relate_content 1579856235803 411 250 touchmove 323 93 0.3836495578289 0.3836495578289 0 relate 0
gerdau_shift_relate_content 1579856235820 411 250 touchmove 354 98 0.3836495578289 0.3836495578289 0 relate 0
gerdau_shift_relate_content 1579856235837 411 250 touchmove 382 102 0.30691963434219 0.30691963434219 0 relate 0
gerdau_shift_relate_content 1579856235853 411 250 touchmove 395 104 0.1534598171711 0.1534598171711 0 relate 0
gerdau_shift_relate_content 1579856235871 411 250 touchmove 403 106 0.076729908585548 0.076729908585548 0 relate 0
gerdau_shift_relate_content 1579856235887 411 250 touchmove 407 107 0.076729908585548 0.076729908585548 0 relate 0
gerdau_shift_relate_content 1579856235904 411 250 touchmove 408 107 0.1534598171711 0.1534598171711 0 relate 0
gerdau_shift_relate_content 1579856235920 411 250 touchmove 409 107 0.076729908585548 0.076729908585548 0 relate 0
gerdau_shift_relate_content 1579856235937 411 250 touchmove 410 107 0.076729908585548 0.076729908585548 0 relate 0
gerdau_shift_relate_content 1579856235954 411 250 touchmove 410 107 0.1534598171711 0.1534598171711 0 relate 0
gerdau_shift_relate_content 1579856235970 411 250 touchmove 410 107 0.1534598171711 0.1534598171711 0 relate 0
gerdau_shift_relate_content 1579856236054 411 250 touchmove 409 107 0.30691963434219 0.30691963434219 0 relate 0
gerdau_shift_relate_content 1579856236071 411 250 touchmove 397 108 0.3836495578289 0.3836495578289 0 relate 0
gerdau_shift_relate_content 1579856236088 411 250 touchmove 385 108 0.46037948131561 0.46037948131561 0 relate 0
gerdau_shift_relate_content 1579856236104 411 250 touchmove 346 109 0.46037948131561 0.46037948131561 0 relate 0
gerdau_shift_relate_content 1579856236121 411 250 touchmove 329 108 0.46037948131561 0.46037948131561 0 relate 0
gerdau_shift_relate_content 1579856236138 411 250 touchmove 321 108 0.46037948131561 0.46037948131561 0 relate 0
gerdau_shift_relate_content 1579856236154 411 250 touchmove 303 107 0.3836495578289 0.3836495578289 0 relate 0
gerdau_shift_relate_content 1579856236171 411 250 touchmove 284 106 0.3836495578289 0.3836495578289 0 relate 0
gerdau_shift_relate_content 1579856236187 411 250 touchmove 262 105 0.3836495578289 0.3836495578289 0 relate 0
gerdau_shift_relate_content 1579856236203 411 250 touchmove 241 105 0.46037948131561 0.46037948131561 0 relate 0
gerdau_shift_relate_content 1579856236220 411 250 touchmove 219 105 0.46037948131561 0.46037948131561 0 relate 0
gerdau_shift_relate_content 1579856236237 411 250 touchmove 195 105 0.3836495578289 0.3836495578289 0 relate 0
gerdau_shift_relate_content 1579856236256 411 250 touchmove 171 106 0.46037948131561 0.46037948131561 0 relate 0
gerdau_shift_relate_content 1579856236270 411 250 touchmove 148 106 0.3836495578289 0.3836495578289 0 relate 0
gerdau_shift_relate_content 1579856236287 411 250 touchmove 125 109 0.46037948131561 0.46037948131561 0 relate 0
gerdau_shift_relate_content 1579856236304 411 250 touchmove 103 111 0.46037948131561 0.46037948131561 0 relate 0
gerdau_shift_relate_content 1579856236320 411 250 touchmove 83 112 0.46037948131561 0.46037948131561 0 relate 0
gerdau_shift_relate_content 1579856236337 411 250 touchmove 66 113 0.3836495578289 0.3836495578289 0 relate 0
gerdau_shift_relate_content 1579856236354 411 250 touchmove 50 115 0.46037948131561 0.46037948131561 0 relate 0
gerdau_shift_relate_content 1579856236371 411 250 touchmove 36 115 0.46037948131561 0.46037948131561 0 relate 0
gerdau_shift_relate_content 1579856236387 411 250 touchmove 29 116 0.3836495578289 0.3836495578289 0 relate 0
gerdau_shift_relate_content 1579856236404 411 250 touchmove 23 115 0.30691963434219 0.30691963434219 0 relate 0
gerdau_shift_relate_content 1579856236420 411 250 touchmove 17 115 0.30691963434219 0.30691963434219 0 relate 0
gerdau_shift_relate_content 1579856236440 411 250 touchmove 13 114 0.23018974065781 0.23018974065781 0 relate 0
gerdau_shift_relate_content 1579856236454 411 250 touchmove 10 113 0.23018974065781 0.23018974065781 0 relate 0
gerdau_shift_relate_content 1579856236471 411 250 touchmove 8 112 0.23018974065781 0.23018974065781 0 relate 0
gerdau_shift_relate_content 1579856236487 411 250 touchmove 8 111 0.23018974065781 0.23018974065781 0 relate 0
gerdau_shift_relate_content 1579856236504 411 250 touchmove 8 110 0.23018974065781 0.23018974065781 0 relate 0
gerdau_shift_relate_content 1579856236521 411 250 touchmove 8 109 0.30691963434219 0.30691963434219 0 relate 0
gerdau_shift_relate_content 1579856236537 411 250 touchmove 10 108 0.30691963434219 0.30691963434219 0 relate 0
gerdau_shift_relate_content 1579856236562 411 250 touchmove 16 105 0.46037948131561 0.46037948131561 0 relate 0
gerdau_shift_relate_content 1579856236577 411 250 touchmove 49 90 0.46037948131561 0.46037948131561 0 relate 0
gerdau_shift_relate_content 1579856236587 411 250 touchmove 59 85 0.46037948131561 0.46037948131561 0 relate 0
gerdau_shift_relate_content 1579856236605 411 250 touchmove 80 75 0.46037948131561 0.46037948131561 0 relate 0
gerdau_shift_relate_content 1579856236621 411 250 touchmove 102 65 0.46037948131561 0.46037948131561 0 relate 0
gerdau_shift_relate_content 1579856236637 411 250 touchmove 120 56 0.537109375 0.537109375 0 relate 0
gerdau_shift_relate_content 1579856236656 411 250 touchmove 134 47 0.46037948131561 0.46037948131561 0 relate 0
gerdau_shift_relate_content 1579856236671 411 250 touchmove 144 41 0.46037948131561 0.46037948131561 0 relate 0
gerdau_shift_relate_content 1579856236687 411 250 touchmove 151 37 0.537109375 0.537109375 0 relate 0
gerdau_shift_relate_content 1579856236704 411 250 touchmove 156 34 0.537109375 0.537109375 0 relate 0
gerdau_shift_relate_content 1579856236720 411 250 touchmove 160 32 0.46037948131561 0.46037948131561 0 relate 0
gerdau_shift_relate_content 1579856236737 411 250 touchmove 164 29 0.46037948131561 0.46037948131561 0 relate 0
gerdau_shift_relate_content 1579856236754 411 250 touchmove 168 27 0.46037948131561 0.46037948131561 0 relate 0
gerdau_shift_relate_content 1579856236771 411 250 touchmove 170 26 0.46037948131561 0.46037948131561 0 relate 0
gerdau_shift_relate_content 1579856236788 411 250 touchmove 172 25 0.46037948131561 0.46037948131561 0 relate 0
gerdau_shift_relate_content 1579856236804 411 250 touchmove 172 25 0.46037948131561 0.46037948131561 0 relate 0
gerdau_shift_relate_content 1579856236821 411 250 touchmove 172 25 0.46037948131561 0.46037948131561 0 relate 0
gerdau_shift_relate_content 1579856236838 411 250 touchmove 172 25 0.46037948131561 0.46037948131561 0 relate 0
gerdau_shift_relate_content 1579856236855 411 250 touchmove 172 25 0.46037948131561 0.46037948131561 0 relate 0
gerdau_shift_relate_content 1579856236872 411 250 touchmove 172 25 0.46037948131561 0.46037948131561 0 relate 0
gerdau_shift_relate_content 1579856236888 411 250 touchmove 172 25 0.46037948131561 0.46037948131561 0 relate 0
gerdau_shift_relate_content 1579856236906 411 250 touchmove 173 25 0.537109375 0.537109375 0 relate 0
gerdau_shift_relate_content 1579856236921 411 250 touchmove 173 25 0.537109375 0.537109375 0 relate 0
gerdau_shift_relate_content 1579856236940 411 250 touchmove 173 25 0.537109375 0.537109375 0 relate 0
gerdau_shift_relate_content 1579856236956 411 250 touchmove 174 25 0.46037948131561 0.46037948131561 0 relate 0
gerdau_shift_relate_content 1579856236965 411 250 touchmove 174 26 0.46037948131561 0.46037948131561 0 relate 0
gerdau_shift_relate_content 1579856236967 411 250 touchend 174 26 0.46037948131561 0.46037948131561 0 relate 0
gerdau_shift_relate_content 1579856239113 411 250 touchstart 162 170 0.46037948131561 0.46037948131561 0 content 0
gerdau_shift_relate_content 1579856239123 411 250 touchmove 161 169 0.46037948131561 0.46037948131561 0 content 0
gerdau_shift_relate_content 1579856239139 411 250 touchmove 161 169 0.46037948131561 0.46037948131561 0 content 0
gerdau_shift_relate_content 1579856239155 411 250 touchmove 161 168 0.46037948131561 0.46037948131561 0 content 0
gerdau_shift_relate_content 1579856239172 411 250 touchmove 161 168 0.46037948131561 0.46037948131561 0 content 0
gerdau_shift_relate_content 1579856239189 411 250 touchmove 161 168 0.46037948131561 0.46037948131561 0 content 0
gerdau_shift_relate_content 1579856239205 411 250 touchmove 161 167 0.46037948131561 0.46037948131561 0 content 0
gerdau_shift_relate_content 1579856239223 411 250 touchmove 162 167 0.46037948131561 0.46037948131561 0 content 0
gerdau_shift_relate_content 1579856239239 411 250 touchmove 176 160 0.3836495578289 0.3836495578289 0 content 0
gerdau_shift_relate_content 1579856239256 411 250 touchmove 199 147 0.46037948131561 0.46037948131561 0 content 0
gerdau_shift_relate_content 1579856239272 411 250 touchmove 224 133 0.3836495578289 0.3836495578289 0 content 0
gerdau_shift_relate_content 1579856239289 411 250 touchmove 237 126 0.46037948131561 0.46037948131561 0 content 0
gerdau_shift_relate_content 1579856239305 411 250 touchmove 260 111 0.3836495578289 0.3836495578289 0 content 0
gerdau_shift_relate_content 1579856239323 411 250 touchmove 288 92 0.46037948131561 0.46037948131561 0 content 0
gerdau_shift_relate_content 1579856239339 411 250 touchmove 295 87 0.46037948131561 0.46037948131561 0 content 0
gerdau_shift_relate_content 1579856239356 411 250 touchmove 305 78 0.46037948131561 0.46037948131561 0 content 0
gerdau_shift_relate_content 1579856239372 411 250 touchmove 312 71 0.3836495578289 0.3836495578289 0 content 0
gerdau_shift_relate_content 1579856239389 411 250 touchmove 319 63 0.46037948131561 0.46037948131561 0 content 0
gerdau_shift_relate_content 1579856239407 411 250 touchmove 334 50 0.46037948131561 0.46037948131561 0 content 0
gerdau_shift_relate_content 1579856239423 411 250 touchmove 340 45 0.46037948131561 0.46037948131561 0 content 0
gerdau_shift_relate_content 1579856239439 411 250 touchmove 352 36 0.46037948131561 0.46037948131561 0 content 0
gerdau_shift_relate_content 1579856239457 411 250 touchmove 364 29 0.46037948131561 0.46037948131561 0 content 0
gerdau_shift_relate_content 1579856239473 411 250 touchmove 372 25 0.46037948131561 0.46037948131561 0 content 0
gerdau_shift_relate_content 1579856239489 411 250 touchmove 376 22 0.46037948131561 0.46037948131561 0 content 0
gerdau_shift_relate_content 1579856239506 411 250 touchmove 376 21 0.46037948131561 0.46037948131561 0 content 0
gerdau_shift_relate_content 1579856239522 411 250 touchmove 376 21 0.46037948131561 0.46037948131561 0 content 0
gerdau_shift_relate_content 1579856239540 411 250 touchmove 376 21 0.46037948131561 0.46037948131561 0 content 0
gerdau_shift_relate_content 1579856239556 411 250 touchmove 374 22 0.46037948131561 0.46037948131561 0 content 0
gerdau_shift_relate_content 1579856239572 411 250 touchmove 371 24 0.46037948131561 0.46037948131561 0 content 0
gerdau_shift_relate_content 1579856239589 411 250 touchmove 368 26 0.46037948131561 0.46037948131561 0 content 0
gerdau_shift_relate_content 1579856239606 411 250 touchmove 363 29 0.46037948131561 0.46037948131561 0 content 0
gerdau_shift_relate_content 1579856239622 411 250 touchmove 357 32 0.46037948131561 0.46037948131561 0 content 0
gerdau_shift_relate_content 1579856239641 411 250 touchmove 350 37 0.46037948131561 0.46037948131561 0 content 0
gerdau_shift_relate_content 1579856239656 411 250 touchmove 341 46 0.46037948131561 0.46037948131561 0 content 0
gerdau_shift_relate_content 1579856239675 411 250 touchmove 331 56 0.46037948131561 0.46037948131561 0 content 0
gerdau_shift_relate_content 1579856239692 411 250 touchmove 323 65 0.46037948131561 0.46037948131561 0 content 0
gerdau_shift_relate_content 1579856239706 411 250 touchmove 316 75 0.46037948131561 0.46037948131561 0 content 0
gerdau_shift_relate_content 1579856239723 411 250 touchmove 309 85 0.46037948131561 0.46037948131561 0 content 0
gerdau_shift_relate_content 1579856239739 411 250 touchmove 303 96 0.3836495578289 0.3836495578289 0 content 0
gerdau_shift_relate_content 1579856239755 411 250 touchmove 299 106 0.46037948131561 0.46037948131561 0 content 0
gerdau_shift_relate_content 1579856239772 411 250 touchmove 296 115 0.46037948131561 0.46037948131561 0 content 0
gerdau_shift_relate_content 1579856239789 411 250 touchmove 294 124 0.3836495578289 0.3836495578289 0 content 0
gerdau_shift_relate_content 1579856239806 411 250 touchmove 293 132 0.3836495578289 0.3836495578289 0 content 0
gerdau_shift_relate_content 1579856239822 411 250 touchmove 292 137 0.46037948131561 0.46037948131561 0 content 0
gerdau_shift_relate_content 1579856239839 411 250 touchmove 291 141 0.3836495578289 0.3836495578289 0 content 0
gerdau_shift_relate_content 1579856239856 411 250 touchmove 290 148 0.3836495578289 0.3836495578289 0 content 0
gerdau_shift_relate_content 1579856239873 411 250 touchmove 289 155 0.3836495578289 0.3836495578289 0 content 0
gerdau_shift_relate_content 1579856239889 411 250 touchmove 288 160 0.3836495578289 0.3836495578289 0 content 0
gerdau_shift_relate_content 1579856239906 411 250 touchmove 287 164 0.3836495578289 0.3836495578289 0 content 0
gerdau_shift_relate_content 1579856239923 411 250 touchmove 286 169 0.3836495578289 0.3836495578289 0 content 0
gerdau_shift_relate_content 1579856239939 411 250 touchmove 286 173 0.3836495578289 0.3836495578289 0 content 0
gerdau_shift_relate_content 1579856239956 411 250 touchmove 286 178 0.3836495578289 0.3836495578289 0 content 0
gerdau_shift_relate_content 1579856239973 411 250 touchmove 286 182 0.46037948131561 0.46037948131561 0 content 0
gerdau_shift_relate_content 1579856239990 411 250 touchmove 285 185 0.46037948131561 0.46037948131561 0 content 0
gerdau_shift_relate_content 1579856240006 411 250 touchmove 285 186 0.46037948131561 0.46037948131561 0 content 0
gerdau_shift_relate_content 1579856240023 411 250 touchmove 285 187 0.3836495578289 0.3836495578289 0 content 0
gerdau_shift_relate_content 1579856240041 411 250 touchmove 285 188 0.3836495578289 0.3836495578289 0 content 0
gerdau_shift_relate_content 1579856240056 411 250 touchmove 285 188 0.3836495578289 0.3836495578289 0 content 0
gerdau_shift_relate_content 1579856240073 411 250 touchmove 285 187 0.3836495578289 0.3836495578289 0 content 0
gerdau_shift_relate_content 1579856240090 411 250 touchmove 283 186 0.30691963434219 0.30691963434219 0 content 0
gerdau_shift_relate_content 1579856240107 411 250 touchmove 279 182 0.3836495578289 0.3836495578289 0 content 0
gerdau_shift_relate_content 1579856240123 411 250 touchmove 272 173 0.3836495578289 0.3836495578289 0 content 0
gerdau_shift_relate_content 1579856240140 411 250 touchmove 265 160 0.3836495578289 0.3836495578289 0 content 0
gerdau_shift_relate_content 1579856240156 411 250 touchmove 261 148 0.3836495578289 0.3836495578289 0 content 0
gerdau_shift_relate_content 1579856240174 411 250 touchmove 256 136 0.3836495578289 0.3836495578289 0 content 0
gerdau_shift_relate_content 1579856240190 411 250 touchmove 251 123 0.46037948131561 0.46037948131561 0 content 0
gerdau_shift_relate_content 1579856240206 411 250 touchmove 245 109 0.3836495578289 0.3836495578289 0 content 0
gerdau_shift_relate_content 1579856240225 411 250 touchmove 239 96 0.46037948131561 0.46037948131561 0 content 0
gerdau_shift_relate_content 1579856240240 411 250 touchmove 232 84 0.46037948131561 0.46037948131561 0 content 0
gerdau_shift_relate_content 1579856240257 411 250 touchmove 224 74 0.46037948131561 0.46037948131561 0 content 0
gerdau_shift_relate_content 1579856240273 411 250 touchmove 217 67 0.537109375 0.537109375 0 content 0
gerdau_shift_relate_content 1579856240289 411 250 touchmove 212 61 0.537109375 0.537109375 0 content 0
gerdau_shift_relate_content 1579856240307 411 250 touchmove 206 54 0.537109375 0.537109375 0 content 0
gerdau_shift_relate_content 1579856240326 411 250 touchmove 202 49 0.537109375 0.537109375 0 content 0
gerdau_shift_relate_content 1579856240340 411 250 touchmove 197 44 0.46037948131561 0.46037948131561 0 content 0
gerdau_shift_relate_content 1579856240356 411 250 touchmove 193 40 0.46037948131561 0.46037948131561 0 content 0
gerdau_shift_relate_content 1579856240373 411 250 touchmove 190 37 0.537109375 0.537109375 0 content 0
gerdau_shift_relate_content 1579856240390 411 250 touchmove 187 36 0.537109375 0.537109375 0 content 0
gerdau_shift_relate_content 1579856240406 411 250 touchmove 183 34 0.537109375 0.537109375 0 content 0
gerdau_shift_relate_content 1579856240424 411 250 touchmove 181 32 0.537109375 0.537109375 0 content 0
gerdau_shift_relate_content 1579856240440 411 250 touchmove 178 32 0.537109375 0.537109375 0 content 0
gerdau_shift_relate_content 1579856240457 411 250 touchmove 176 31 0.537109375 0.537109375 0 content 0
gerdau_shift_relate_content 1579856240473 411 250 touchmove 171 31 0.537109375 0.537109375 0 content 0
gerdau_shift_relate_content 1579856240490 411 250 touchmove 164 30 0.537109375 0.537109375 0 content 0
gerdau_shift_relate_content 1579856240507 411 250 touchmove 157 30 0.61383926868439 0.61383926868439 0 content 0
gerdau_shift_relate_content 1579856240524 411 250 touchmove 150 29 0.61383926868439 0.61383926868439 0 content 0
gerdau_shift_relate_content 1579856240540 411 250 touchmove 143 29 0.537109375 0.537109375 0 content 0
gerdau_shift_relate_content 1579856240558 411 250 touchmove 137 29 0.61383926868439 0.61383926868439 0 content 0
gerdau_shift_relate_content 1579856240574 411 250 touchmove 132 28 0.61383926868439 0.61383926868439 0 content 0
gerdau_shift_relate_content 1579856240589 411 250 touchmove 129 28 0.61383926868439 0.61383926868439 0 content 0
gerdau_shift_relate_content 1579856240606 411 250 touchmove 125 28 0.537109375 0.537109375 0 content 0
gerdau_shift_relate_content 1579856240623 411 250 touchmove 121 28 0.537109375 0.537109375 0 content 0
gerdau_shift_relate_content 1579856240639 411 250 touchmove 118 28 0.537109375 0.537109375 0 content 0
gerdau_shift_relate_content 1579856240659 411 250 touchmove 117 29 0.537109375 0.537109375 0 content 0
gerdau_shift_relate_content 1579856240674 411 250 touchmove 117 30 0.537109375 0.537109375 0 content 0
gerdau_shift_relate_content 1579856240689 411 250 touchmove 117 30 0.537109375 0.537109375 0 content 0
gerdau_shift_relate_content 1579856240707 411 250 touchmove 117 31 0.537109375 0.537109375 0 content 0
gerdau_shift_relate_content 1579856240724 411 250 touchmove 114 33 0.537109375 0.537109375 0 content 0
gerdau_shift_relate_content 1579856240740 411 250 touchmove 108 41 0.537109375 0.537109375 0 content 0
gerdau_shift_relate_content 1579856240757 411 250 touchmove 102 45 0.61383926868439 0.61383926868439 0 content 0
gerdau_shift_relate_content 1579856240773 411 250 touchmove 98 48 0.61383926868439 0.61383926868439 0 content 0
gerdau_shift_relate_content 1579856240790 411 250 touchmove 97 49 0.61383926868439 0.61383926868439 0 content 0
gerdau_shift_relate_content 1579856240807 411 250 touchmove 97 48 0.61383926868439 0.61383926868439 0 content 0
gerdau_shift_relate_content 1579856240823 411 250 touchmove 97 48 0.61383926868439 0.61383926868439 0 content 0
gerdau_shift_relate_content 1579856240840 411 250 touchmove 97 48 0.61383926868439 0.61383926868439 0 content 0
gerdau_shift_relate_content 1579856240857 411 250 touchmove 97 48 0.61383926868439 0.61383926868439 0 content 0
gerdau_shift_relate_content 1579856240874 411 250 touchmove 97 48 0.61383926868439 0.61383926868439 0 content 0
gerdau_shift_relate_content 1579856240890 411 250 touchmove 99 49 0.61383926868439 0.61383926868439 0 content 0
gerdau_shift_relate_content 1579856240908 411 250 touchmove 101 50 0.61383926868439 0.61383926868439 0 content 0
gerdau_shift_relate_content 1579856240924 411 250 touchmove 110 54 0.537109375 0.537109375 0 content 0
gerdau_shift_relate_content 1579856240940 411 250 touchmove 122 61 0.537109375 0.537109375 0 content 0
gerdau_shift_relate_content 1579856240957 411 250 touchmove 135 67 0.537109375 0.537109375 0 content 0
gerdau_shift_relate_content 1579856240974 411 250 touchmove 148 75 0.537109375 0.537109375 0 content 0
gerdau_shift_relate_content 1579856240991 411 250 touchmove 161 82 0.537109375 0.537109375 0 content 0
gerdau_shift_relate_content 1579856241008 411 250 touchmove 175 90 0.46037948131561 0.46037948131561 0 content 0
gerdau_shift_relate_content 1579856241024 411 250 touchmove 189 99 0.537109375 0.537109375 0 content 0
gerdau_shift_relate_content 1579856241040 411 250 touchmove 203 108 0.46037948131561 0.46037948131561 0 content 0
gerdau_shift_relate_content 1579856241060 411 250 touchmove 215 116 0.46037948131561 0.46037948131561 0 content 0
gerdau_shift_relate_content 1579856241074 411 250 touchmove 226 124 0.46037948131561 0.46037948131561 0 content 0
gerdau_shift_relate_content 1579856241091 411 250 touchmove 236 132 0.46037948131561 0.46037948131561 0 content 0
gerdau_shift_relate_content 1579856241107 411 250 touchmove 244 139 0.46037948131561 0.46037948131561 0 content 0
gerdau_shift_relate_content 1579856241124 411 250 touchmove 251 145 0.46037948131561 0.46037948131561 0 content 0
gerdau_shift_relate_content 1579856241140 411 250 touchmove 257 151 0.3836495578289 0.3836495578289 0 content 0
gerdau_shift_relate_content 1579856241157 411 250 touchmove 260 156 0.46037948131561 0.46037948131561 0 content 0
gerdau_shift_relate_content 1579856241174 411 250 touchmove 263 161 0.46037948131561 0.46037948131561 0 content 0
gerdau_shift_relate_content 1579856241190 411 250 touchmove 265 165 0.46037948131561 0.46037948131561 0 content 0
gerdau_shift_relate_content 1579856241207 411 250 touchmove 268 169 0.46037948131561 0.46037948131561 0 content 0
gerdau_shift_relate_content 1579856241224 411 250 touchmove 272 174 0.3836495578289 0.3836495578289 0 content 0
gerdau_shift_relate_content 1579856241240 411 250 touchmove 275 179 0.3836495578289 0.3836495578289 0 content 0
gerdau_shift_relate_content 1579856241257 411 250 touchmove 279 183 0.46037948131561 0.46037948131561 0 content 0
gerdau_shift_relate_content 1579856241275 411 250 touchmove 282 186 0.3836495578289 0.3836495578289 0 content 0
gerdau_shift_relate_content 1579856241291 411 250 touchmove 284 187 0.46037948131561 0.46037948131561 0 content 0
gerdau_shift_relate_content 1579856241308 411 250 touchmove 285 187 0.46037948131561 0.46037948131561 0 content 0
gerdau_shift_relate_content 1579856241324 411 250 touchmove 286 188 0.46037948131561 0.46037948131561 0 content 0
gerdau_shift_relate_content 1579856241341 411 250 touchmove 286 188 0.3836495578289 0.3836495578289 0 content 0
gerdau_shift_relate_content 1579856241358 411 250 touchmove 287 188 0.3836495578289 0.3836495578289 0 content 0
gerdau_shift_relate_content 1579856241374 411 250 touchmove 287 188 0.3836495578289 0.3836495578289 0 content 0
gerdau_shift_relate_content 1579856241391 411 250 touchmove 288 187 0.3836495578289 0.3836495578289 0 content 0
gerdau_shift_relate_content 1579856241407 411 250 touchmove 289 187 0.3836495578289 0.3836495578289 0 content 0
gerdau_shift_relate_content 1579856241424 411 250 touchmove 289 187 0.3836495578289 0.3836495578289 0 content 0
gerdau_shift_relate_content 1579856241441 411 250 touchmove 289 186 0.3836495578289 0.3836495578289 0 content 0
gerdau_shift_relate_content 1579856241457 411 250 touchmove 290 185 0.3836495578289 0.3836495578289 0 content 0
gerdau_shift_relate_content 1579856241474 411 250 touchmove 290 184 0.3836495578289 0.3836495578289 0 content 0
gerdau_shift_relate_content 1579856241492 411 250 touchmove 288 181 0.3836495578289 0.3836495578289 0 content 0
gerdau_shift_relate_content 1579856241507 411 250 touchmove 284 175 0.3836495578289 0.3836495578289 0 content 0
gerdau_shift_relate_content 1579856241525 411 250 touchmove 274 165 0.3836495578289 0.3836495578289 0 content 0
gerdau_shift_relate_content 1579856241543 411 250 touchmove 264 155 0.3836495578289 0.3836495578289 0 content 0
gerdau_shift_relate_content 1579856241557 411 250 touchmove 254 146 0.46037948131561 0.46037948131561 0 content 0
gerdau_shift_relate_content 1579856241574 411 250 touchmove 249 142 0.46037948131561 0.46037948131561 0 content 0
gerdau_shift_relate_content 1579856241591 411 250 touchmove 240 133 0.46037948131561 0.46037948131561 0 content 0
gerdau_shift_relate_content 1579856241609 411 250 touchmove 228 119 0.46037948131561 0.46037948131561 0 content 0
gerdau_shift_relate_content 1579856241624 411 250 touchmove 221 109 0.46037948131561 0.46037948131561 0 content 0
gerdau_shift_relate_content 1579856241641 411 250 touchmove 217 101 0.46037948131561 0.46037948131561 0 content 0
gerdau_shift_relate_content 1579856241658 411 250 touchmove 214 98 0.46037948131561 0.46037948131561 0 content 0
gerdau_shift_relate_content 1579856241674 411 250 touchmove 210 91 0.46037948131561 0.46037948131561 0 content 0
gerdau_shift_relate_content 1579856241692 411 250 touchmove 205 85 0.46037948131561 0.46037948131561 0 content 0
gerdau_shift_relate_content 1579856241707 411 250 touchmove 201 78 0.46037948131561 0.46037948131561 0 content 0
gerdau_shift_relate_content 1579856241724 411 250 touchmove 197 71 0.46037948131561 0.46037948131561 0 content 0
gerdau_shift_relate_content 1579856241740 411 250 touchmove 194 65 0.46037948131561 0.46037948131561 0 content 0
gerdau_shift_relate_content 1579856241757 411 250 touchmove 192 61 0.46037948131561 0.46037948131561 0 content 0
gerdau_shift_relate_content 1579856241774 411 250 touchmove 190 56 0.46037948131561 0.46037948131561 0 content 0
gerdau_shift_relate_content 1579856241790 411 250 touchmove 187 50 0.46037948131561 0.46037948131561 0 content 0
gerdau_shift_relate_content 1579856241808 411 250 touchmove 186 45 0.537109375 0.537109375 0 content 0
gerdau_shift_relate_content 1579856241824 411 250 touchmove 184 41 0.46037948131561 0.46037948131561 0 content 0
gerdau_shift_relate_content 1579856241841 411 250 touchmove 184 38 0.537109375 0.537109375 0 content 0
gerdau_shift_relate_content 1579856241857 411 250 touchmove 184 37 0.537109375 0.537109375 0 content 0
gerdau_shift_relate_content 1579856241874 411 250 touchmove 184 36 0.537109375 0.537109375 0 content 0
gerdau_shift_relate_content 1579856241903 411 250 touchmove 184 36 0.537109375 0.537109375 0 content 0
gerdau_shift_relate_content 1579856241924 411 250 touchmove 184 37 0.46037948131561 0.46037948131561 0 content 0
gerdau_shift_relate_content 1579856241938 411 250 touchmove 184 38 0.46037948131561 0.46037948131561 0 content 0
gerdau_shift_relate_content 1579856241942 411 250 touchend 184 38 0.46037948131561 0.46037948131561 0 content 0
what_is_the_mood 1579856248656 411 250 touchstart 57 32 0.46037948131561 0.46037948131561 0 what 0
what_is_the_mood 1579856248664 411 250 touchmove 56 31 0.537109375 0.537109375 0 what 0
what_is_the_mood 1579856248680 411 250 touchmove 55 31 0.61383926868439 0.61383926868439 0 what 0
what_is_the_mood 1579856248696 411 250 touchmove 55 31 0.61383926868439 0.61383926868439 0 what 0
what_is_the_mood 1579856248713 411 250 touchmove 55 30 0.61383926868439 0.61383926868439 0 what 0
what_is_the_mood 1579856248762 411 250 touchmove 55 31 0.537109375 0.537109375 0 what 0
what_is_the_mood 1579856248778 411 250 touchmove 56 32 0.61383926868439 0.61383926868439 0 what 0
what_is_the_mood 1579856248795 411 250 touchmove 67 39 0.61383926868439 0.61383926868439 0 what 0
what_is_the_mood 1579856248814 411 250 touchmove 83 50 0.537109375 0.537109375 0 what 0
what_is_the_mood 1579856248829 411 250 touchmove 100 58 0.537109375 0.537109375 0 what 0
what_is_the_mood 1579856248846 411 250 touchmove 119 68 0.537109375 0.537109375 0 what 0
what_is_the_mood 1579856248863 411 250 touchmove 139 77 0.537109375 0.537109375 0 what 0
what_is_the_mood 1579856248879 411 250 touchmove 158 85 0.537109375 0.537109375 0 what 0
what_is_the_mood 1579856248895 411 250 touchmove 177 92 0.537109375 0.537109375 0 what 0
what_is_the_mood 1579856248915 411 250 touchmove 192 100 0.537109375 0.537109375 0 what 0
what_is_the_mood 1579856248929 411 250 touchmove 206 105 0.46037948131561 0.46037948131561 0 what 0
what_is_the_mood 1579856248945 411 250 touchmove 218 110 0.537109375 0.537109375 0 what 0
what_is_the_mood 1579856248962 411 250 touchmove 229 114 0.46037948131561 0.46037948131561 0 what 0
what_is_the_mood 1579856248979 411 250 touchmove 238 115 0.46037948131561 0.46037948131561 0 what 0
what_is_the_mood 1579856248995 411 250 touchmove 246 116 0.46037948131561 0.46037948131561 0 what 0
what_is_the_mood 1579856249013 411 250 touchmove 252 116 0.537109375 0.537109375 0 what 0
what_is_the_mood 1579856249029 411 250 touchmove 254 116 0.46037948131561 0.46037948131561 0 what 0
what_is_the_mood 1579856249046 411 250 touchmove 254 116 0.46037948131561 0.46037948131561 0 what 0
what_is_the_mood 1579856249062 411 250 touchmove 254 115 0.46037948131561 0.46037948131561 0 what 0
what_is_the_mood 1579856249078 411 250 touchmove 254 115 0.46037948131561 0.46037948131561 0 what 0
what_is_the_mood 1579856249096 411 250 touchmove 254 114 0.46037948131561 0.46037948131561 0 what 0
what_is_the_mood 1579856249112 411 250 touchmove 254 114 0.46037948131561 0.46037948131561 0 what 0
what_is_the_mood 1579856249129 411 250 touchmove 253 113 0.46037948131561 0.46037948131561 0 what 0
what_is_the_mood 1579856249146 411 250 touchmove 250 113 0.46037948131561 0.46037948131561 0 what 0
what_is_the_mood 1579856249163 411 250 touchmove 243 112 0.46037948131561 0.46037948131561 0 what 0
what_is_the_mood 1579856249179 411 250 touchmove 230 111 0.46037948131561 0.46037948131561 0 what 0
what_is_the_mood 1579856249195 411 250 touchmove 215 110 0.46037948131561 0.46037948131561 0 what 0
what_is_the_mood 1579856249213 411 250 touchmove 196 109 0.3836495578289 0.3836495578289 0 what 0
what_is_the_mood 1579856249230 411 250 touchmove 174 109 0.46037948131561 0.46037948131561 0 what 0
what_is_the_mood 1579856249245 411 250 touchmove 149 109 0.46037948131561 0.46037948131561 0 what 0
what_is_the_mood 1579856249262 411 250 touchmove 126 108 0.46037948131561 0.46037948131561 0 what 0
what_is_the_mood 1579856249280 411 250 touchmove 104 107 0.46037948131561 0.46037948131561 0 what 0
what_is_the_mood 1579856249296 411 250 touchmove 85 106 0.46037948131561 0.46037948131561 0 what 0
what_is_the_mood 1579856249312 411 250 touchmove 70 104 0.46037948131561 0.46037948131561 0 what 0
what_is_the_mood 1579856249329 411 250 touchmove 58 102 0.46037948131561 0.46037948131561 0 what 0
what_is_the_mood 1579856249346 411 250 touchmove 47 99 0.46037948131561 0.46037948131561 0 what 0
what_is_the_mood 1579856249365 411 250 touchmove 43 98 0.46037948131561 0.46037948131561 0 what 0
what_is_the_mood 1579856249380 411 250 touchmove 35 97 0.46037948131561 0.46037948131561 0 what 0
what_is_the_mood 1579856249396 411 250 touchmove 29 96 0.30691963434219 0.30691963434219 0 what 0
what_is_the_mood 1579856249413 411 250 touchmove 23 96 0.23018974065781 0.23018974065781 0 what 0
what_is_the_mood 1579856249429 411 250 touchmove 15 98 0.23018974065781 0.23018974065781 0 what 0
what_is_the_mood 1579856249446 411 250 touchmove 10 100 0.23018974065781 0.23018974065781 0 what 0
what_is_the_mood 1579856249463 411 250 touchmove 7 101 0.23018974065781 0.23018974065781 0 what 0
what_is_the_mood 1579856249479 411 250 touchmove 6 101 0.23018974065781 0.23018974065781 0 what 0
what_is_the_mood 1579856249497 411 250 touchmove 6 101 0.30691963434219 0.30691963434219 0 what 0
what_is_the_mood 1579856249513 411 250 touchmove 7 100 0.3836495578289 0.3836495578289 0 what 0
what_is_the_mood 1579856249529 411 250 touchmove 25 90 0.46037948131561 0.46037948131561 0 what 0
what_is_the_mood 1579856249546 411 250 touchmove 46 83 0.46037948131561 0.46037948131561 0 what 0
what_is_the_mood 1579856249562 411 250 touchmove 65 78 0.537109375 0.537109375 0 what 0
what_is_the_mood 1579856249579 411 250 touchmove 83 73 0.46037948131561 0.46037948131561 0 what 0
what_is_the_mood 1579856249596 411 250 touchmove 100 69 0.46037948131561 0.46037948131561 0 what 0
what_is_the_mood 1579856249613 411 250 touchmove 113 66 0.46037948131561 0.46037948131561 0 what 0
what_is_the_mood 1579856249631 411 250 touchmove 124 64 0.537109375 0.537109375 0 what 0
what_is_the_mood 1579856249647 411 250 touchmove 133 62 0.46037948131561 0.46037948131561 0 what 0
what_is_the_mood 1579856249663 411 250 touchmove 139 61 0.46037948131561 0.46037948131561 0 what 0
what_is_the_mood 1579856249679 411 250 touchmove 146 58 0.46037948131561 0.46037948131561 0 what 0
what_is_the_mood 1579856249698 411 250 touchmove 152 55 0.537109375 0.537109375 0 what 0
what_is_the_mood 1579856249712 411 250 touchmove 155 52 0.46037948131561 0.46037948131561 0 what 0
what_is_the_mood 1579856249729 411 250 touchmove 158 49 0.46037948131561 0.46037948131561 0 what 0
what_is_the_mood 1579856249745 411 250 touchmove 161 44 0.46037948131561 0.46037948131561 0 what 0
what_is_the_mood 1579856249762 411 250 touchmove 164 40 0.46037948131561 0.46037948131561 0 what 0
what_is_the_mood 1579856249779 411 250 touchmove 167 37 0.46037948131561 0.46037948131561 0 what 0
what_is_the_mood 1579856249798 411 250 touchmove 169 34 0.46037948131561 0.46037948131561 0 what 0
what_is_the_mood 1579856249813 411 250 touchmove 170 33 0.46037948131561 0.46037948131561 0 what 0
what_is_the_mood 1579856249829 411 250 touchmove 171 32 0.46037948131561 0.46037948131561 0 what 0
what_is_the_mood 1579856249846 411 250 touchmove 171 32 0.46037948131561 0.46037948131561 0 what 0
what_is_the_mood 1579856249865 411 250 touchmove 173 32 0.46037948131561 0.46037948131561 0 what 0
what_is_the_mood 1579856249879 411 250 touchmove 178 31 0.537109375 0.537109375 0 what 0
what_is_the_mood 1579856249897 411 250 touchmove 183 32 0.537109375 0.537109375 0 what 0
what_is_the_mood 1579856249913 411 250 touchmove 189 33 0.46037948131561 0.46037948131561 0 what 0
what_is_the_mood 1579856249929 411 250 touchmove 195 36 0.46037948131561 0.46037948131561 0 what 0
what_is_the_mood 1579856249946 411 250 touchmove 201 42 0.537109375 0.537109375 0 what 0
what_is_the_mood 1579856249963 411 250 touchmove 205 49 0.537109375 0.537109375 0 what 0
what_is_the_mood 1579856249982 411 250 touchmove 209 58 0.537109375 0.537109375 0 what 0
what_is_the_mood 1579856249996 411 250 touchmove 214 66 0.537109375 0.537109375 0 what 0
what_is_the_mood 1579856250012 411 250 touchmove 219 74 0.46037948131561 0.46037948131561 0 what 0
what_is_the_mood 1579856250029 411 250 touchmove 228 80 0.537109375 0.537109375 0 what 0
what_is_the_mood 1579856250038 411 250 touchend 228 80 0.537109375 0.537109375 0 what 0
what_is_the_mood 1579856250505 411 250 touchmove 188 84 0.46037948131561 0.46037948131561 0 is 0
what_is_the_mood 1579856250514 411 250 touchmove 177 87 0.46037948131561 0.46037948131561 0 is 0
what_is_the_mood 1579856250529 411 250 touchmove 155 93 0.46037948131561 0.46037948131561 0 is 0
what_is_the_mood 1579856250546 411 250 touchmove 136 97 0.537109375 0.537109375 0 is 0
what_is_the_mood 1579856250563 411 250 touchmove 121 101 0.46037948131561 0.46037948131561 0 is 0
what_is_the_mood 1579856250579 411 250 touchmove 107 103 0.537109375 0.537109375 0 is 0
what_is_the_mood 1579856250596 411 250 touchmove 95 106 0.46037948131561 0.46037948131561 0 is 0
what_is_the_mood 1579856250613 411 250 touchmove 85 106 0.537109375 0.537109375 0 is 0
what_is_the_mood 1579856250630 411 250 touchmove 78 107 0.46037948131561 0.46037948131561 0 is 0
what_is_the_mood 1579856250647 411 250 touchmove 73 108 0.46037948131561 0.46037948131561 0 is 0
what_is_the_mood 1579856250663 411 250 touchmove 71 108 0.46037948131561 0.46037948131561 0 is 0
what_is_the_mood 1579856250680 411 250 touchmove 69 108 0.46037948131561 0.46037948131561 0 is 0
what_is_the_mood 1579856250709 411 250 touchmove 69 108 0.46037948131561 0.46037948131561 0 is 0
what_is_the_mood 1579856250729 411 250 touchmove 68 109 0.46037948131561 0.46037948131561 0 is 0
what_is_the_mood 1579856250746 411 250 touchmove 67 110 0.46037948131561 0.46037948131561 0 is 0
what_is_the_mood 1579856250763 411 250 touchmove 66 115 0.46037948131561 0.46037948131561 0 is 0
what_is_the_mood 1579856250780 411 250 touchmove 62 127 0.46037948131561 0.46037948131561 0 is 0
what_is_the_mood 1579856250789 411 250 touchend 62 127 0.46037948131561 0.46037948131561 0 is 0
what_is_the_mood 1579856251214 411 250 touchmove 181 29 0.46037948131561 0.46037948131561 0 the 0
what_is_the_mood 1579856251231 411 250 touchmove 196 43 0.537109375 0.537109375 0 the 0
what_is_the_mood 1579856251248 411 250 touchmove 206 54 0.46037948131561 0.46037948131561 0 the 0
what_is_the_mood 1579856251264 411 250 touchmove 216 65 0.46037948131561 0.46037948131561 0 the 0
what_is_the_mood 1579856251280 411 250 touchmove 221 72 0.537109375 0.537109375 0 the 0
what_is_the_mood 1579856251298 411 250 touchmove 233 83 0.46037948131561 0.46037948131561 0 the 0
what_is_the_mood 1579856251315 411 250 touchmove 244 95 0.46037948131561 0.46037948131561 0 the 0
what_is_the_mood 1579856251330 411 250 touchmove 254 106 0.3836495578289 0.3836495578289 0 the 0
what_is_the_mood 1579856251349 411 250 touchmove 263 114 0.46037948131561 0.46037948131561 0 the 0
what_is_the_mood 1579856251366 411 250 touchmove 268 119 0.46037948131561 0.46037948131561 0 the 0
what_is_the_mood 1579856251381 411 250 touchmove 269 121 0.46037948131561 0.46037948131561 0 the 0
what_is_the_mood 1579856251398 411 250 touchmove 270 121 0.46037948131561 0.46037948131561 0 the 0
what_is_the_mood 1579856251414 411 250 touchmove 270 121 0.46037948131561 0.46037948131561 0 the 0
what_is_the_mood 1579856251432 411 250 touchmove 269 120 0.46037948131561 0.46037948131561 0 the 0
what_is_the_mood 1579856251448 411 250 touchmove 268 119 0.46037948131561 0.46037948131561 0 the 0
what_is_the_mood 1579856251464 411 250 touchmove 264 117 0.3836495578289 0.3836495578289 0 the 0
what_is_the_mood 1579856251482 411 250 touchmove 252 114 0.46037948131561 0.46037948131561 0 the 0
what_is_the_mood 1579856251498 411 250 touchmove 237 111 0.46037948131561 0.46037948131561 0 the 0
what_is_the_mood 1579856251514 411 250 touchmove 218 106 0.46037948131561 0.46037948131561 0 the 0
what_is_the_mood 1579856251530 411 250 touchmove 195 98 0.46037948131561 0.46037948131561 0 the 0
what_is_the_mood 1579856251547 411 250 touchmove 172 90 0.46037948131561 0.46037948131561 0 the 0
what_is_the_mood 1579856251564 411 250 touchmove 149 81 0.46037948131561 0.46037948131561 0 the 0
what_is_the_mood 1579856251581 411 250 touchmove 128 68 0.46037948131561 0.46037948131561 0 the 0
what_is_the_mood 1579856251598 411 250 touchmove 112 54 0.46037948131561 0.46037948131561 0 the 0
what_is_the_mood 1579856251614 411 250 touchmove 100 40 0.46037948131561 0.46037948131561 0 the 0
what_is_the_mood 1579856251631 411 250 touchmove 93 30 0.46037948131561 0.46037948131561 0 the 0
what_is_the_mood 1579856251647 411 250 touchmove 91 25 0.46037948131561 0.46037948131561 0 the 0
what_is_the_mood 1579856251664 411 250 touchmove 90 24 0.46037948131561 0.46037948131561 0 the 0
what_is_the_mood 1579856251681 411 250 touchmove 91 26 0.46037948131561 0.46037948131561 0 the 0
what_is_the_mood 1579856251698 411 250 touchmove 93 28 0.537109375 0.537109375 0 the 0
what_is_the_mood 1579856251715 411 250 touchmove 97 31 0.537109375 0.537109375 0 the 0
what_is_the_mood 1579856251731 411 250 touchmove 108 39 0.46037948131561 0.46037948131561 0 the 0
what_is_the_mood 1579856251750 411 250 touchmove 116 46 0.537109375 0.537109375 0 the 0
what_is_the_mood 1579856251754 411 250 touchend 116 46 0.537109375 0.537109375 0 the 0
what_is_the_mood 1579856252516 411 250 touchstart 332 186 0.3836495578289 0.3836495578289 0 mood 1
what_is_the_mood 1579856252530 411 250 touchmove 332 186 0.46037948131561 0.46037948131561 0 mood 1
what_is_the_mood 1579856252547 411 250 touchmove 332 186 0.46037948131561 0.46037948131561 0 mood 1
what_is_the_mood 1579856252564 411 250 touchmove 332 185 0.46037948131561 0.46037948131561 0 mood 1
what_is_the_mood 1579856252580 411 250 touchmove 332 185 0.46037948131561 0.46037948131561 0 mood 1
what_is_the_mood 1579856252598 411 250 touchmove 331 184 0.3836495578289 0.3836495578289 0 mood 1
what_is_the_mood 1579856252614 411 250 touchmove 331 183 0.3836495578289 0.3836495578289 0 mood 1
what_is_the_mood 1579856252631 411 250 touchmove 331 182 0.3836495578289 0.3836495578289 0 mood 1
what_is_the_mood 1579856252649 411 250 touchmove 330 172 0.46037948131561 0.46037948131561 0 mood 1
what_is_the_mood 1579856252664 411 250 touchmove 331 155 0.3836495578289 0.3836495578289 0 mood 1
what_is_the_mood 1579856252686 411 250 touchmove 332 139 0.46037948131561 0.46037948131561 0 mood 1
what_is_the_mood 1579856252698 411 250 touchmove 335 122 0.46037948131561 0.46037948131561 0 mood 1
what_is_the_mood 1579856252715 411 250 touchmove 338 105 0.3836495578289 0.3836495578289 0 mood 1
what_is_the_mood 1579856252731 411 250 touchmove 340 97 0.46037948131561 0.46037948131561 0 mood 1
what_is_the_mood 1579856252748 411 250 touchmove 345 75 0.46037948131561 0.46037948131561 0 mood 1
what_is_the_mood 1579856252765 411 250 touchmove 347 65 0.46037948131561 0.46037948131561 0 mood 1
what_is_the_mood 1579856252782 411 250 touchmove 348 58 0.46037948131561 0.46037948131561 0 mood 1
what_is_the_mood 1579856252825 411 250 touchmove 348 56 0.46037948131561 0.46037948131561 0 mood 1
what_is_the_mood 1579856252832 411 250 touchmove 348 54 0.46037948131561 0.46037948131561 0 mood 1
what_is_the_mood 1579856252847 411 250 touchmove 348 49 0.46037948131561 0.46037948131561 0 mood 1
what_is_the_mood 1579856252864 411 250 touchmove 350 42 0.46037948131561 0.46037948131561 0 mood 1
what_is_the_mood 1579856252882 411 250 touchmove 352 35 0.46037948131561 0.46037948131561 0 mood 1
what_is_the_mood 1579856252898 411 250 touchmove 353 29 0.46037948131561 0.46037948131561 0 mood 1
what_is_the_mood 1579856252916 411 250 touchmove 355 23 0.3836495578289 0.3836495578289 0 mood 1
what_is_the_mood 1579856252931 411 250 touchmove 355 19 0.3836495578289 0.3836495578289 0 mood 1
what_is_the_mood 1579856252947 411 250 touchmove 353 19 0.46037948131561 0.46037948131561 0 mood 1
what_is_the_mood 1579856252963 411 250 touchmove 352 20 0.46037948131561 0.46037948131561 0 mood 1
what_is_the_mood 1579856252980 411 250 touchmove 351 23 0.46037948131561 0.46037948131561 0 mood 1
what_is_the_mood 1579856252997 411 250 touchmove 350 27 0.537109375 0.537109375 0 mood 1
what_is_the_mood 1579856253013 411 250 touchmove 347 33 0.537109375 0.537109375 0 mood 1
what_is_the_mood 1579856253030 411 250 touchmove 343 46 0.537109375 0.537109375 0 mood 1
what_is_the_mood 1579856253047 411 250 touchmove 337 62 0.46037948131561 0.46037948131561 0 mood 1
what_is_the_mood 1579856253064 411 250 touchmove 331 79 0.46037948131561 0.46037948131561 0 mood 1
what_is_the_mood 1579856253080 411 250 touchmove 327 94 0.46037948131561 0.46037948131561 0 mood 1
what_is_the_mood 1579856253097 411 250 touchmove 325 106 0.46037948131561 0.46037948131561 0 mood 1
what_is_the_mood 1579856253114 411 250 touchmove 324 110 0.46037948131561 0.46037948131561 0 mood 1
what_is_the_mood 1579856253131 411 250 touchmove 324 112 0.46037948131561 0.46037948131561 0 mood 1
what_is_the_mood 1579856253148 411 250 touchmove 325 112 0.46037948131561 0.46037948131561 0 mood 1
what_is_the_mood 1579856253164 411 250 touchmove 325 109 0.46037948131561 0.46037948131561 0 mood 1
what_is_the_mood 1579856253181 411 250 touchmove 327 103 0.3836495578289 0.3836495578289 0 mood 1
what_is_the_mood 1579856253198 411 250 touchmove 333 89 0.46037948131561 0.46037948131561 0 mood 1
what_is_the_mood 1579856253215 411 250 touchmove 340 72 0.46037948131561 0.46037948131561 0 mood 1
what_is_the_mood 1579856253231 411 250 touchmove 346 55 0.3836495578289 0.3836495578289 0 mood 1
what_is_the_mood 1579856253248 411 250 touchmove 350 40 0.46037948131561 0.46037948131561 0 mood 1
what_is_the_mood 1579856253267 411 250 touchmove 354 27 0.46037948131561 0.46037948131561 0 mood 1
what_is_the_mood 1579856253282 411 250 touchmove 357 17 0.46037948131561 0.46037948131561 0 mood 1
what_is_the_mood 1579856253298 411 250 touchmove 358 12 0.46037948131561 0.46037948131561 0 mood 1
what_is_the_mood 1579856253315 411 250 touchmove 359 11 0.46037948131561 0.46037948131561 0 mood 1
what_is_the_mood 1579856253331 411 250 touchmove 359 11 0.46037948131561 0.46037948131561 0 mood 1
what_is_the_mood 1579856253348 411 250 touchmove 359 12 0.46037948131561 0.46037948131561 0 mood 1
what_is_the_mood 1579856253365 411 250 touchmove 359 14 0.46037948131561 0.46037948131561 0 mood 1
what_is_the_mood 1579856253382 411 250 touchmove 359 18 0.537109375 0.537109375 0 mood 1
what_is_the_mood 1579856253398 411 250 touchmove 358 24 0.46037948131561 0.46037948131561 0 mood 1
what_is_the_mood 1579856253415 411 250 touchmove 358 33 0.46037948131561 0.46037948131561 0 mood 1
what_is_the_mood 1579856253431 411 250 touchmove 357 45 0.46037948131561 0.46037948131561 0 mood 1
what_is_the_mood 1579856253449 411 250 touchmove 354 59 0.46037948131561 0.46037948131561 0 mood 1
what_is_the_mood 1579856253465 411 250 touchmove 352 75 0.46037948131561 0.46037948131561 0 mood 1
what_is_the_mood 1579856253482 411 250 touchmove 350 87 0.46037948131561 0.46037948131561 0 mood 1
what_is_the_mood 1579856253499 411 250 touchmove 347 97 0.46037948131561 0.46037948131561 0 mood 1
what_is_the_mood 1579856253515 411 250 touchmove 345 105 0.46037948131561 0.46037948131561 0 mood 1
what_is_the_mood 1579856253532 411 250 touchmove 344 108 0.46037948131561 0.46037948131561 0 mood 1
what_is_the_mood 1579856253549 411 250 touchmove 343 112 0.46037948131561 0.46037948131561 0 mood 1
what_is_the_mood 1579856253566 411 250 touchmove 339 116 0.46037948131561 0.46037948131561 0 mood 1
what_is_the_mood 1579856253582 411 250 touchmove 338 118 0.46037948131561 0.46037948131561 0 mood 1
what_is_the_mood 1579856253599 411 250 touchmove 334 123 0.3836495578289 0.3836495578289 0 mood 1
what_is_the_mood 1579856253615 411 250 touchmove 332 126 0.3836495578289 0.3836495578289 0 mood 1
what_is_the_mood 1579856253632 411 250 touchmove 328 131 0.46037948131561 0.46037948131561 0 mood 1
what_is_the_mood 1579856253649 411 250 touchmove 324 136 0.46037948131561 0.46037948131561 0 mood 1
what_is_the_mood 1579856253666 411 250 touchmove 320 140 0.46037948131561 0.46037948131561 0 mood 1
what_is_the_mood 1579856253684 411 250 touchmove 316 144 0.46037948131561 0.46037948131561 0 mood 1
what_is_the_mood 1579856253701 411 250 touchmove 311 151 0.46037948131561 0.46037948131561 0 mood 1
what_is_the_mood 1579856253715 411 250 touchmove 305 157 0.46037948131561 0.46037948131561 0 mood 1
what_is_the_mood 1579856253732 411 250 touchmove 300 163 0.46037948131561 0.46037948131561 0 mood 1
what_is_the_mood 1579856253749 411 250 touchmove 295 169 0.46037948131561 0.46037948131561 0 mood 1
what_is_the_mood 1579856253767 411 250 touchmove 288 175 0.46037948131561 0.46037948131561 0 mood 1
what_is_the_mood 1579856253783 411 250 touchmove 284 180 0.46037948131561 0.46037948131561 0 mood 1
what_is_the_mood 1579856253799 411 250 touchmove 281 183 0.46037948131561 0.46037948131561 0 mood 1
what_is_the_mood 1579856253815 411 250 touchmove 280 183 0.46037948131561 0.46037948131561 0 mood 1
what_is_the_mood 1579856253832 411 250 touchmove 280 183 0.46037948131561 0.46037948131561 0 mood 1
what_is_the_mood 1579856253849 411 250 touchmove 280 184 0.46037948131561 0.46037948131561 0 mood 1
what_is_the_mood 1579856253867 411 250 touchmove 280 184 0.46037948131561 0.46037948131561 0 mood 1
what_is_the_mood 1579856253882 411 250 touchmove 280 184 0.46037948131561 0.46037948131561 0 mood 1
what_is_the_mood 1579856253899 411 250 touchmove 280 184 0.46037948131561 0.46037948131561 0 mood 1
what_is_the_mood 1579856253932 411 250 touchmove 279 184 0.46037948131561 0.46037948131561 0 mood 1
what_is_the_mood 1579856253949 411 250 touchmove 279 183 0.46037948131561 0.46037948131561 0 mood 1
what_is_the_mood 1579856253965 411 250 touchmove 279 183 0.46037948131561 0.46037948131561 0 mood 1
what_is_the_mood 1579856253982 411 250 touchmove 279 182 0.46037948131561 0.46037948131561 0 mood 1
what_is_the_mood 1579856253999 411 250 touchmove 279 182 0.46037948131561 0.46037948131561 0 mood 1
what_is_the_mood 1579856254017 411 250 touchmove 278 181 0.3836495578289 0.3836495578289 0 mood 1
what_is_the_mood 1579856254033 411 250 touchmove 278 180 0.3836495578289 0.3836495578289 0 mood 1
what_is_the_mood 1579856254055 411 250 touchmove 278 180 0.3836495578289 0.3836495578289 0 mood 1
what_is_the_mood 1579856254073 411 250 touchmove 279 180 0.46037948131561 0.46037948131561 0 mood 1
what_is_the_mood 1579856254080 411 250 touchend 279 180 0.46037948131561 0.46037948131561 0 mood 1
what_is_the_mood 1579856256270 411 250 touchstart 329 186 0.30691963434219 0.30691963434219 0 mood 0
what_is_the_mood 1579856256284 411 250 touchmove 329 185 0.3836495578289 0.3836495578289 0 mood 0
what_is_the_mood 1579856256302 411 250 touchmove 328 184 0.3836495578289 0.3836495578289 0 mood 0
what_is_the_mood 1579856256318 411 250 touchmove 328 183 0.3836495578289 0.3836495578289 0 mood 0
what_is_the_mood 1579856256333 411 250 touchmove 327 182 0.3836495578289 0.3836495578289 0 mood 0
what_is_the_mood 1579856256350 411 250 touchmove 326 169 0.3836495578289 0.3836495578289 0 mood 0
what_is_the_mood 1579856256367 411 250 touchmove 326 151 0.3836495578289 0.3836495578289 0 mood 0
what_is_the_mood 1579856256384 411 250 touchmove 326 135 0.3836495578289 0.3836495578289 0 mood 0
what_is_the_mood 1579856256401 411 250 touchmove 329 109 0.3836495578289 0.3836495578289 0 mood 0
what_is_the_mood 1579856256417 411 250 touchmove 331 99 0.3836495578289 0.3836495578289 0 mood 0
what_is_the_mood 1579856256435 411 250 touchmove 335 78 0.3836495578289 0.3836495578289 0 mood 0
what_is_the_mood 1579856256451 411 250 touchmove 340 58 0.46037948131561 0.46037948131561 0 mood 0
what_is_the_mood 1579856256474 411 250 touchmove 345 42 0.46037948131561 0.46037948131561 0 mood 0
what_is_the_mood 1579856256484 411 250 touchmove 349 31 0.46037948131561 0.46037948131561 0 mood 0
what_is_the_mood 1579856256504 411 250 touchmove 351 22 0.46037948131561 0.46037948131561 0 mood 0
what_is_the_mood 1579856256517 411 250 touchmove 352 17 0.46037948131561 0.46037948131561 0 mood 0
what_is_the_mood 1579856256534 411 250 touchmove 353 13 0.46037948131561 0.46037948131561 0 mood 0
what_is_the_mood 1579856256550 411 250 touchmove 353 10 0.46037948131561 0.46037948131561 0 mood 0
what_is_the_mood 1579856256566 411 250 touchmove 354 8 0.46037948131561 0.46037948131561 0 mood 0
what_is_the_mood 1579856256583 411 250 touchmove 354 6 0.46037948131561 0.46037948131561 0 mood 0
what_is_the_mood 1579856256600 411 250 touchmove 354 6 0.46037948131561 0.46037948131561 0 mood 0
what_is_the_mood 1579856256616 411 250 touchmove 353 6 0.46037948131561 0.46037948131561 0 mood 0
what_is_the_mood 1579856256633 411 250 touchmove 353 7 0.46037948131561 0.46037948131561 0 mood 0
what_is_the_mood 1579856256652 411 250 touchmove 352 9 0.537109375 0.537109375 0 mood 0
what_is_the_mood 1579856256666 411 250 touchmove 350 13 0.537109375 0.537109375 0 mood 0
what_is_the_mood 1579856256683 411 250 touchmove 348 19 0.537109375 0.537109375 0 mood 0
what_is_the_mood 1579856256701 411 250 touchmove 343 27 0.537109375 0.537109375 0 mood 0
what_is_the_mood 1579856256717 411 250 touchmove 336 38 0.537109375 0.537109375 0 mood 0
what_is_the_mood 1579856256736 411 250 touchmove 328 49 0.46037948131561 0.46037948131561 0 mood 0
what_is_the_mood 1579856256751 411 250 touchmove 320 59 0.537109375 0.537109375 0 mood 0
what_is_the_mood 1579856256772 411 250 touchmove 317 63 0.46037948131561 0.46037948131561 0 mood 0
what_is_the_mood 1579856256783 411 250 touchmove 307 75 0.46037948131561 0.46037948131561 0 mood 0
what_is_the_mood 1579856256800 411 250 touchmove 301 80 0.46037948131561 0.46037948131561 0 mood 0
what_is_the_mood 1579856256817 411 250 touchmove 296 84 0.46037948131561 0.46037948131561 0 mood 0
what_is_the_mood 1579856256833 411 250 touchmove 291 88 0.46037948131561 0.46037948131561 0 mood 0
what_is_the_mood 1579856256850 411 250 touchmove 283 92 0.3836495578289 0.3836495578289 0 mood 0
what_is_the_mood 1579856256866 411 250 touchmove 276 95 0.46037948131561 0.46037948131561 0 mood 0
what_is_the_mood 1579856256883 411 250 touchmove 268 100 0.46037948131561 0.46037948131561 0 mood 0
what_is_the_mood 1579856256901 411 250 touchmove 260 103 0.46037948131561 0.46037948131561 0 mood 0
what_is_the_mood 1579856256917 411 250 touchmove 251 106 0.46037948131561 0.46037948131561 0 mood 0
what_is_the_mood 1579856256933 411 250 touchmove 243 109 0.46037948131561 0.46037948131561 0 mood 0
what_is_the_mood 1579856256950 411 250 touchmove 236 110 0.46037948131561 0.46037948131561 0 mood 0
what_is_the_mood 1579856256967 411 250 touchmove 229 111 0.46037948131561 0.46037948131561 0 mood 0
what_is_the_mood 1579856256983 411 250 touchmove 223 111 0.46037948131561 0.46037948131561 0 mood 0
what_is_the_mood 1579856257000 411 250 touchmove 217 112 0.46037948131561 0.46037948131561 0 mood 0
what_is_the_mood 1579856257016 411 250 touchmove 210 111 0.46037948131561 0.46037948131561 0 mood 0
what_is_the_mood 1579856257033 411 250 touchmove 201 111 0.46037948131561 0.46037948131561 0 mood 0
what_is_the_mood 1579856257050 411 250 touchmove 194 110 0.46037948131561 0.46037948131561 0 mood 0
what_is_the_mood 1579856257066 411 250 touchmove 185 109 0.46037948131561 0.46037948131561 0 mood 0
what_is_the_mood 1579856257083 411 250 touchmove 175 109 0.46037948131561 0.46037948131561 0 mood 0
what_is_the_mood 1579856257100 411 250 touchmove 167 109 0.46037948131561 0.46037948131561 0 mood 0
what_is_the_mood 1579856257116 411 250 touchmove 158 108 0.46037948131561 0.46037948131561 0 mood 0
what_is_the_mood 1579856257133 411 250 touchmove 150 108 0.46037948131561 0.46037948131561 0 mood 0
what_is_the_mood 1579856257150 411 250 touchmove 143 108 0.46037948131561 0.46037948131561 0 mood 0
what_is_the_mood 1579856257168 411 250 touchmove 136 107 0.46037948131561 0.46037948131561 0 mood 0
what_is_the_mood 1579856257185 411 250 touchmove 133 107 0.46037948131561 0.46037948131561 0 mood 0
what_is_the_mood 1579856257202 411 250 touchmove 128 107 0.46037948131561 0.46037948131561 0 mood 0
what_is_the_mood 1579856257218 411 250 touchmove 122 107 0.46037948131561 0.46037948131561 0 mood 0
what_is_the_mood 1579856257235 411 250 touchmove 118 108 0.46037948131561 0.46037948131561 0 mood 0
what_is_the_mood 1579856257251 411 250 touchmove 115 108 0.46037948131561 0.46037948131561 0 mood 0
what_is_the_mood 1579856257268 411 250 touchmove 114 108 0.46037948131561 0.46037948131561 0 mood 0
what_is_the_mood 1579856257284 411 250 touchmove 114 108 0.46037948131561 0.46037948131561 0 mood 0
what_is_the_mood 1579856257311 411 250 touchmove 114 108 0.46037948131561 0.46037948131561 0 mood 0
what_is_the_mood 1579856257322 411 250 touchmove 114 108 0.46037948131561 0.46037948131561 0 mood 0
what_is_the_mood 1579856257334 411 250 touchmove 114 108 0.46037948131561 0.46037948131561 0 mood 0
what_is_the_mood 1579856257345 411 250 touchmove 115 109 0.46037948131561 0.46037948131561 0 mood 0
what_is_the_mood 1579856257347 411 250 touchend 115 109 0.46037948131561 0.46037948131561 0 mood 0
