sentence timestamp keyb_width keyb_height event x_pos y_pos x_radius y_radius angle word is_err
i_wanted_to_go_drinking_with_you 1581304413288 360 222 touchstart 261 34 0.68359375 0.68359375 0 i 0
i_wanted_to_go_drinking_with_you 1581304413308 360 222 touchmove 260 34 0.68359375 0.68359375 0 i 0
i_wanted_to_go_drinking_with_you 1581304413323 360 222 touchmove 260 34 0.615234375 0.615234375 0 i 0
i_wanted_to_go_drinking_with_you 1581304413341 360 222 touchmove 260 34 0.615234375 0.615234375 0 i 0
i_wanted_to_go_drinking_with_you 1581304413356 360 222 touchmove 259 34 0.615234375 0.615234375 0 i 0
i_wanted_to_go_drinking_with_you 1581304413357 360 222 touchend 259 34 0.615234375 0.615234375 0 i 0
i_wanted_to_go_drinking_with_you 1581304414949 360 222 touchstart 56 27 0.546875 0.546875 0 wanted 0
i_wanted_to_go_drinking_with_you 1581304414954 360 222 touchmove 56 28 0.546875 0.546875 0 wanted 0
i_wanted_to_go_drinking_with_you 1581304414963 360 222 touchmove 55 28 0.546875 0.546875 0 wanted 0
i_wanted_to_go_drinking_with_you 1581304414979 360 222 touchmove 55 28 0.615234375 0.615234375 0 wanted 0
i_wanted_to_go_drinking_with_you 1581304414997 360 222 touchmove 54 29 0.615234375 0.615234375 0 wanted 0
i_wanted_to_go_drinking_with_you 1581304415012 360 222 touchmove 53 30 0.615234375 0.615234375 0 wanted 0
i_wanted_to_go_drinking_with_you 1581304415029 360 222 touchmove 50 33 0.615234375 0.615234375 0 wanted 0
i_wanted_to_go_drinking_with_you 1581304415045 360 222 touchmove 47 37 0.68359375 0.68359375 0 wanted 0
i_wanted_to_go_drinking_with_you 1581304415063 360 222 touchmove 44 41 0.68359375 0.68359375 0 wanted 0
i_wanted_to_go_drinking_with_you 1581304415079 360 222 touchmove 41 44 0.68359375 0.68359375 0 wanted 0
i_wanted_to_go_drinking_with_you 1581304415095 360 222 touchmove 38 48 0.615234375 0.615234375 0 wanted 0
i_wanted_to_go_drinking_with_you 1581304415111 360 222 touchmove 36 51 0.615234375 0.615234375 0 wanted 0
i_wanted_to_go_drinking_with_you 1581304415130 360 222 touchmove 34 57 0.615234375 0.615234375 0 wanted 0
i_wanted_to_go_drinking_with_you 1581304415146 360 222 touchmove 32 62 0.615234375 0.615234375 0 wanted 0
i_wanted_to_go_drinking_with_you 1581304415162 360 222 touchmove 30 68 0.546875 0.546875 0 wanted 0
i_wanted_to_go_drinking_with_you 1581304415179 360 222 touchmove 29 73 0.546875 0.546875 0 wanted 0
i_wanted_to_go_drinking_with_you 1581304415195 360 222 touchmove 28 78 0.478515625 0.478515625 0 wanted 0
i_wanted_to_go_drinking_with_you 1581304415213 360 222 touchmove 27 83 0.478515625 0.478515625 0 wanted 0
i_wanted_to_go_drinking_with_you 1581304415229 360 222 touchmove 26 88 0.478515625 0.478515625 0 wanted 0
i_wanted_to_go_drinking_with_you 1581304415245 360 222 touchmove 26 92 0.546875 0.546875 0 wanted 0
i_wanted_to_go_drinking_with_you 1581304415262 360 222 touchmove 27 97 0.546875 0.546875 0 wanted 0
i_wanted_to_go_drinking_with_you 1581304415279 360 222 touchmove 27 103 0.478515625 0.478515625 0 wanted 0
i_wanted_to_go_drinking_with_you 1581304415295 360 222 touchmove 28 107 0.546875 0.546875 0 wanted 0
i_wanted_to_go_drinking_with_you 1581304415313 360 222 touchmove 30 111 0.615234375 0.615234375 0 wanted 0
i_wanted_to_go_drinking_with_you 1581304415329 360 222 touchmove 32 114 0.615234375 0.615234375 0 wanted 0
i_wanted_to_go_drinking_with_you 1581304415345 360 222 touchmove 35 116 0.615234375 0.615234375 0 wanted 0
i_wanted_to_go_drinking_with_you 1581304415363 360 222 touchmove 39 118 0.68359375 0.68359375 0 wanted 0
i_wanted_to_go_drinking_with_you 1581304415379 360 222 touchmove 45 119 0.615234375 0.615234375 0 wanted 0
i_wanted_to_go_drinking_with_you 1581304415395 360 222 touchmove 52 119 0.68359375 0.68359375 0 wanted 0
i_wanted_to_go_drinking_with_you 1581304415413 360 222 touchmove 60 120 0.68359375 0.68359375 0 wanted 0
i_wanted_to_go_drinking_with_you 1581304415430 360 222 touchmove 70 120 0.68359375 0.68359375 0 wanted 0
i_wanted_to_go_drinking_with_you 1581304415447 360 222 touchmove 81 120 0.68359375 0.68359375 0 wanted 0
i_wanted_to_go_drinking_with_you 1581304415464 360 222 touchmove 92 120 0.615234375 0.615234375 0 wanted 0
i_wanted_to_go_drinking_with_you 1581304415479 360 222 touchmove 103 120 0.68359375 0.68359375 0 wanted 0
i_wanted_to_go_drinking_with_you 1581304415497 360 222 touchmove 114 120 0.68359375 0.68359375 0 wanted 0
i_wanted_to_go_drinking_with_you 1581304415513 360 222 touchmove 125 120 0.68359375 0.68359375 0 wanted 0
i_wanted_to_go_drinking_with_you 1581304415530 360 222 touchmove 136 120 0.68359375 0.68359375 0 wanted 0
i_wanted_to_go_drinking_with_you 1581304415547 360 222 touchmove 147 121 0.68359375 0.68359375 0 wanted 0
i_wanted_to_go_drinking_with_you 1581304415563 360 222 touchmove 157 122 0.615234375 0.615234375 0 wanted 0
i_wanted_to_go_drinking_with_you 1581304415579 360 222 touchmove 166 122 0.615234375 0.615234375 0 wanted 0
i_wanted_to_go_drinking_with_you 1581304415596 360 222 touchmove 176 122 0.68359375 0.68359375 0 wanted 0
i_wanted_to_go_drinking_with_you 1581304415613 360 222 touchmove 185 122 0.615234375 0.615234375 0 wanted 0
i_wanted_to_go_drinking_with_you 1581304415630 360 222 touchmove 193 122 0.68359375 0.68359375 0 wanted 0
i_wanted_to_go_drinking_with_you 1581304415646 360 222 touchmove 201 122 0.68359375 0.68359375 0 wanted 0
i_wanted_to_go_drinking_with_you 1581304415663 360 222 touchmove 208 123 0.68359375 0.68359375 0 wanted 0
i_wanted_to_go_drinking_with_you 1581304415680 360 222 touchmove 213 126 0.615234375 0.615234375 0 wanted 0
i_wanted_to_go_drinking_with_you 1581304415697 360 222 touchmove 218 130 0.615234375 0.615234375 0 wanted 0
i_wanted_to_go_drinking_with_you 1581304415714 360 222 touchmove 222 135 0.615234375 0.615234375 0 wanted 0
i_wanted_to_go_drinking_with_you 1581304415731 360 222 touchmove 227 139 0.615234375 0.615234375 0 wanted 0
i_wanted_to_go_drinking_with_you 1581304415747 360 222 touchmove 230 143 0.615234375 0.615234375 0 wanted 0
i_wanted_to_go_drinking_with_you 1581304415765 360 222 touchmove 234 147 0.615234375 0.615234375 0 wanted 0
i_wanted_to_go_drinking_with_you 1581304415782 360 222 touchmove 237 151 0.615234375 0.615234375 0 wanted 0
i_wanted_to_go_drinking_with_you 1581304415796 360 222 touchmove 239 156 0.615234375 0.615234375 0 wanted 0
i_wanted_to_go_drinking_with_you 1581304415813 360 222 touchmove 242 160 0.68359375 0.68359375 0 wanted 0
i_wanted_to_go_drinking_with_you 1581304415831 360 222 touchmove 244 164 0.615234375 0.615234375 0 wanted 0
i_wanted_to_go_drinking_with_you 1581304415847 360 222 touchmove 244 167 0.615234375 0.615234375 0 wanted 0
i_wanted_to_go_drinking_with_you 1581304415864 360 222 touchmove 245 170 0.615234375 0.615234375 0 wanted 0
i_wanted_to_go_drinking_with_you 1581304415880 360 222 touchmove 244 173 0.615234375 0.615234375 0 wanted 0
i_wanted_to_go_drinking_with_you 1581304415897 360 222 touchmove 243 174 0.615234375 0.615234375 0 wanted 0
i_wanted_to_go_drinking_with_you 1581304415914 360 222 touchmove 241 175 0.68359375 0.68359375 0 wanted 0
i_wanted_to_go_drinking_with_you 1581304415931 360 222 touchmove 239 175 0.615234375 0.615234375 0 wanted 0
i_wanted_to_go_drinking_with_you 1581304415947 360 222 touchmove 236 174 0.615234375 0.615234375 0 wanted 0
i_wanted_to_go_drinking_with_you 1581304415964 360 222 touchmove 233 172 0.615234375 0.615234375 0 wanted 0
i_wanted_to_go_drinking_with_you 1581304415982 360 222 touchmove 230 170 0.615234375 0.615234375 0 wanted 0
i_wanted_to_go_drinking_with_you 1581304415998 360 222 touchmove 226 166 0.615234375 0.615234375 0 wanted 0
i_wanted_to_go_drinking_with_you 1581304416015 360 222 touchmove 222 160 0.615234375 0.615234375 0 wanted 0
i_wanted_to_go_drinking_with_you 1581304416031 360 222 touchmove 219 154 0.615234375 0.615234375 0 wanted 0
i_wanted_to_go_drinking_with_you 1581304416048 360 222 touchmove 215 146 0.615234375 0.615234375 0 wanted 0
i_wanted_to_go_drinking_with_you 1581304416065 360 222 touchmove 211 137 0.615234375 0.615234375 0 wanted 0
i_wanted_to_go_drinking_with_you 1581304416081 360 222 touchmove 207 128 0.615234375 0.615234375 0 wanted 0
i_wanted_to_go_drinking_with_you 1581304416098 360 222 touchmove 202 117 0.615234375 0.615234375 0 wanted 0
i_wanted_to_go_drinking_with_you 1581304416114 360 222 touchmove 197 105 0.615234375 0.615234375 0 wanted 0
i_wanted_to_go_drinking_with_you 1581304416131 360 222 touchmove 193 94 0.615234375 0.615234375 0 wanted 0
i_wanted_to_go_drinking_with_you 1581304416149 360 222 touchmove 189 83 0.615234375 0.615234375 0 wanted 0
i_wanted_to_go_drinking_with_you 1581304416165 360 222 touchmove 185 74 0.615234375 0.615234375 0 wanted 0
i_wanted_to_go_drinking_with_you 1581304416182 360 222 touchmove 181 65 0.615234375 0.615234375 0 wanted 0
i_wanted_to_go_drinking_with_you 1581304416198 360 222 touchmove 177 57 0.615234375 0.615234375 0 wanted 0
i_wanted_to_go_drinking_with_you 1581304416215 360 222 touchmove 174 49 0.615234375 0.615234375 0 wanted 0
i_wanted_to_go_drinking_with_you 1581304416231 360 222 touchmove 171 41 0.68359375 0.68359375 0 wanted 0
i_wanted_to_go_drinking_with_you 1581304416248 360 222 touchmove 169 34 0.615234375 0.615234375 0 wanted 0
i_wanted_to_go_drinking_with_you 1581304416265 360 222 touchmove 166 29 0.68359375 0.68359375 0 wanted 0
i_wanted_to_go_drinking_with_you 1581304416282 360 222 touchmove 163 27 0.68359375 0.68359375 0 wanted 0
i_wanted_to_go_drinking_with_you 1581304416298 360 222 touchmove 158 26 0.68359375 0.68359375 0 wanted 0
i_wanted_to_go_drinking_with_you 1581304416315 360 222 touchmove 153 27 0.68359375 0.68359375 0 wanted 0
i_wanted_to_go_drinking_with_you 1581304416332 360 222 touchmove 148 28 0.68359375 0.68359375 0 wanted 0
i_wanted_to_go_drinking_with_you 1581304416348 360 222 touchmove 142 30 0.615234375 0.615234375 0 wanted 0
i_wanted_to_go_drinking_with_you 1581304416365 360 222 touchmove 136 31 0.68359375 0.68359375 0 wanted 0
i_wanted_to_go_drinking_with_you 1581304416382 360 222 touchmove 130 32 0.68359375 0.68359375 0 wanted 0
i_wanted_to_go_drinking_with_you 1581304416402 360 222 touchmove 124 33 0.751953125 0.751953125 0 wanted 0
i_wanted_to_go_drinking_with_you 1581304416415 360 222 touchmove 117 34 0.68359375 0.68359375 0 wanted 0
i_wanted_to_go_drinking_with_you 1581304416431 360 222 touchmove 110 35 0.751953125 0.751953125 0 wanted 0
i_wanted_to_go_drinking_with_you 1581304416448 360 222 touchmove 103 36 0.68359375 0.68359375 0 wanted 0
i_wanted_to_go_drinking_with_you 1581304416466 360 222 touchmove 98 39 0.68359375 0.68359375 0 wanted 0
i_wanted_to_go_drinking_with_you 1581304416481 360 222 touchmove 94 41 0.68359375 0.68359375 0 wanted 0
i_wanted_to_go_drinking_with_you 1581304416498 360 222 touchmove 91 44 0.68359375 0.68359375 0 wanted 0
i_wanted_to_go_drinking_with_you 1581304416515 360 222 touchmove 89 48 0.68359375 0.68359375 0 wanted 0
i_wanted_to_go_drinking_with_you 1581304416532 360 222 touchmove 87 53 0.68359375 0.68359375 0 wanted 0
i_wanted_to_go_drinking_with_you 1581304416549 360 222 touchmove 85 59 0.68359375 0.68359375 0 wanted 0
i_wanted_to_go_drinking_with_you 1581304416566 360 222 touchmove 83 65 0.68359375 0.68359375 0 wanted 0
i_wanted_to_go_drinking_with_you 1581304416582 360 222 touchmove 82 70 0.68359375 0.68359375 0 wanted 0
i_wanted_to_go_drinking_with_you 1581304416599 360 222 touchmove 83 74 0.68359375 0.68359375 0 wanted 0
i_wanted_to_go_drinking_with_you 1581304416615 360 222 touchmove 85 79 0.68359375 0.68359375 0 wanted 0
i_wanted_to_go_drinking_with_you 1581304416632 360 222 touchmove 88 84 0.68359375 0.68359375 0 wanted 0
i_wanted_to_go_drinking_with_you 1581304416649 360 222 touchmove 92 89 0.615234375 0.615234375 0 wanted 0
i_wanted_to_go_drinking_with_you 1581304416666 360 222 touchmove 97 93 0.615234375 0.615234375 0 wanted 0
i_wanted_to_go_drinking_with_you 1581304416683 360 222 touchmove 102 96 0.615234375 0.615234375 0 wanted 0
i_wanted_to_go_drinking_with_you 1581304416699 360 222 touchmove 107 100 0.615234375 0.615234375 0 wanted 0
i_wanted_to_go_drinking_with_you 1581304416715 360 222 touchmove 112 102 0.615234375 0.615234375 0 wanted 0
i_wanted_to_go_drinking_with_you 1581304416732 360 222 touchmove 116 105 0.615234375 0.615234375 0 wanted 0
i_wanted_to_go_drinking_with_you 1581304416750 360 222 touchmove 119 106 0.68359375 0.68359375 0 wanted 0
i_wanted_to_go_drinking_with_you 1581304416766 360 222 touchmove 122 106 0.546875 0.546875 0 wanted 0
i_wanted_to_go_drinking_with_you 1581304416781 360 222 touchmove 123 106 0.546875 0.546875 0 wanted 0
i_wanted_to_go_drinking_with_you 1581304416786 360 222 touchend 123 106 0.546875 0.546875 0 wanted 0
i_wanted_to_go_drinking_with_you 1581304418396 360 222 touchstart 156 26 0.546875 0.546875 0 to 0
i_wanted_to_go_drinking_with_you 1581304418412 360 222 touchmove 156 26 0.615234375 0.615234375 0 to 0
i_wanted_to_go_drinking_with_you 1581304418426 360 222 touchmove 156 26 0.751953125 0.751953125 0 to 0
i_wanted_to_go_drinking_with_you 1581304418437 360 222 touchmove 157 26 0.751953125 0.751953125 0 to 0
i_wanted_to_go_drinking_with_you 1581304418454 360 222 touchmove 158 26 0.68359375 0.68359375 0 to 0
i_wanted_to_go_drinking_with_you 1581304418470 360 222 touchmove 160 27 0.68359375 0.68359375 0 to 0
i_wanted_to_go_drinking_with_you 1581304418486 360 222 touchmove 167 31 0.68359375 0.68359375 0 to 0
i_wanted_to_go_drinking_with_you 1581304418502 360 222 touchmove 179 37 0.615234375 0.615234375 0 to 0
i_wanted_to_go_drinking_with_you 1581304418520 360 222 touchmove 191 42 0.615234375 0.615234375 0 to 0
i_wanted_to_go_drinking_with_you 1581304418537 360 222 touchmove 203 43 0.615234375 0.615234375 0 to 0
i_wanted_to_go_drinking_with_you 1581304418553 360 222 touchmove 217 44 0.615234375 0.615234375 0 to 0
i_wanted_to_go_drinking_with_you 1581304418570 360 222 touchmove 232 43 0.68359375 0.68359375 0 to 0
i_wanted_to_go_drinking_with_you 1581304418587 360 222 touchmove 247 41 0.615234375 0.615234375 0 to 0
i_wanted_to_go_drinking_with_you 1581304418604 360 222 touchmove 263 40 0.615234375 0.615234375 0 to 0
i_wanted_to_go_drinking_with_you 1581304418621 360 222 touchmove 279 38 0.68359375 0.68359375 0 to 0
i_wanted_to_go_drinking_with_you 1581304418636 360 222 touchmove 292 36 0.546875 0.546875 0 to 0
i_wanted_to_go_drinking_with_you 1581304418654 360 222 touchmove 303 34 0.615234375 0.615234375 0 to 0
i_wanted_to_go_drinking_with_you 1581304418671 360 222 touchmove 311 31 0.546875 0.546875 0 to 0
i_wanted_to_go_drinking_with_you 1581304418687 360 222 touchmove 319 28 0.546875 0.546875 0 to 0
i_wanted_to_go_drinking_with_you 1581304418704 360 222 touchmove 324 26 0.546875 0.546875 0 to 0
i_wanted_to_go_drinking_with_you 1581304418719 360 222 touchmove 331 23 0.546875 0.546875 0 to 0
i_wanted_to_go_drinking_with_you 1581304418723 360 222 touchend 331 23 0.546875 0.546875 0 to 0
i_wanted_to_go_drinking_with_you 1581304420008 360 222 touchstart 179 99 0.615234375 0.615234375 0 go 0
i_wanted_to_go_drinking_with_you 1581304420023 360 222 touchmove 180 99 0.615234375 0.615234375 0 go 0
i_wanted_to_go_drinking_with_you 1581304420040 360 222 touchmove 182 99 0.615234375 0.615234375 0 go 0
i_wanted_to_go_drinking_with_you 1581304420056 360 222 touchmove 188 98 0.615234375 0.615234375 0 go 0
i_wanted_to_go_drinking_with_you 1581304420074 360 222 touchmove 199 95 0.68359375 0.68359375 0 go 0
i_wanted_to_go_drinking_with_you 1581304420091 360 222 touchmove 213 89 0.68359375 0.68359375 0 go 0
i_wanted_to_go_drinking_with_you 1581304420108 360 222 touchmove 230 82 0.615234375 0.615234375 0 go 0
i_wanted_to_go_drinking_with_you 1581304420124 360 222 touchmove 247 74 0.615234375 0.615234375 0 go 0
i_wanted_to_go_drinking_with_you 1581304420141 360 222 touchmove 263 66 0.615234375 0.615234375 0 go 0
i_wanted_to_go_drinking_with_you 1581304420157 360 222 touchmove 280 56 0.546875 0.546875 0 go 0
i_wanted_to_go_drinking_with_you 1581304420174 360 222 touchmove 294 47 0.546875 0.546875 0 go 0
i_wanted_to_go_drinking_with_you 1581304420191 360 222 touchmove 308 37 0.546875 0.546875 0 go 0
i_wanted_to_go_drinking_with_you 1581304420208 360 222 touchmove 317 30 0.546875 0.546875 0 go 0
i_wanted_to_go_drinking_with_you 1581304420224 360 222 touchmove 322 25 0.478515625 0.478515625 0 go 0
i_wanted_to_go_drinking_with_you 1581304420241 360 222 touchmove 327 16 0.546875 0.546875 0 go 0
i_wanted_to_go_drinking_with_you 1581304420249 360 222 touchend 327 16 0.546875 0.546875 0 go 0
i_wanted_to_go_drinking_with_you 1581304421681 360 222 touchstart 101 104 0.546875 0.546875 0 drinking 0
i_wanted_to_go_drinking_with_you 1581304421693 360 222 touchmove 101 103 0.546875 0.546875 0 drinking 0
i_wanted_to_go_drinking_with_you 1581304421712 360 222 touchmove 102 103 0.546875 0.546875 0 drinking 0
i_wanted_to_go_drinking_with_you 1581304421727 360 222 touchmove 103 101 0.615234375 0.615234375 0 drinking 0
i_wanted_to_go_drinking_with_you 1581304421745 360 222 touchmove 105 100 0.615234375 0.615234375 0 drinking 0
i_wanted_to_go_drinking_with_you 1581304421761 360 222 touchmove 112 91 0.615234375 0.615234375 0 drinking 0
i_wanted_to_go_drinking_with_you 1581304421777 360 222 touchmove 118 82 0.615234375 0.615234375 0 drinking 0
i_wanted_to_go_drinking_with_you 1581304421795 360 222 touchmove 125 74 0.615234375 0.615234375 0 drinking 0
i_wanted_to_go_drinking_with_you 1581304421812 360 222 touchmove 132 62 0.615234375 0.615234375 0 drinking 0
i_wanted_to_go_drinking_with_you 1581304421842 360 222 touchmove 138 51 0.615234375 0.615234375 0 drinking 0
i_wanted_to_go_drinking_with_you 1581304421860 360 222 touchmove 144 32 0.615234375 0.615234375 0 drinking 0
i_wanted_to_go_drinking_with_you 1581304421877 360 222 touchmove 145 25 0.615234375 0.615234375 0 drinking 0
i_wanted_to_go_drinking_with_you 1581304421894 360 222 touchmove 147 22 0.615234375 0.615234375 0 drinking 0
i_wanted_to_go_drinking_with_you 1581304421910 360 222 touchmove 148 18 0.68359375 0.68359375 0 drinking 0
i_wanted_to_go_drinking_with_you 1581304421927 360 222 touchmove 149 14 0.68359375 0.68359375 0 drinking 0
i_wanted_to_go_drinking_with_you 1581304421944 360 222 touchmove 151 10 0.68359375 0.68359375 0 drinking 0
i_wanted_to_go_drinking_with_you 1581304421961 360 222 touchmove 155 8 0.615234375 0.615234375 0 drinking 0
i_wanted_to_go_drinking_with_you 1581304421978 360 222 touchmove 161 7 0.68359375 0.68359375 0 drinking 0
i_wanted_to_go_drinking_with_you 1581304421995 360 222 touchmove 167 8 0.615234375 0.615234375 0 drinking 0
i_wanted_to_go_drinking_with_you 1581304422013 360 222 touchmove 176 10 0.615234375 0.615234375 0 drinking 0
i_wanted_to_go_drinking_with_you 1581304422028 360 222 touchmove 186 12 0.615234375 0.615234375 0 drinking 0
i_wanted_to_go_drinking_with_you 1581304422045 360 222 touchmove 197 15 0.615234375 0.615234375 0 drinking 0
i_wanted_to_go_drinking_with_you 1581304422063 360 222 touchmove 210 18 0.68359375 0.68359375 0 drinking 0
i_wanted_to_go_drinking_with_you 1581304422078 360 222 touchmove 224 20 0.615234375 0.615234375 0 drinking 0
i_wanted_to_go_drinking_with_you 1581304422095 360 222 touchmove 237 22 0.546875 0.546875 0 drinking 0
i_wanted_to_go_drinking_with_you 1581304422111 360 222 touchmove 250 23 0.615234375 0.615234375 0 drinking 0
i_wanted_to_go_drinking_with_you 1581304422128 360 222 touchmove 260 23 0.615234375 0.615234375 0 drinking 0
i_wanted_to_go_drinking_with_you 1581304422145 360 222 touchmove 269 23 0.615234375 0.615234375 0 drinking 0
i_wanted_to_go_drinking_with_you 1581304422162 360 222 touchmove 277 23 0.615234375 0.615234375 0 drinking 0
i_wanted_to_go_drinking_with_you 1581304422178 360 222 touchmove 284 24 0.615234375 0.615234375 0 drinking 0
i_wanted_to_go_drinking_with_you 1581304422195 360 222 touchmove 288 28 0.615234375 0.615234375 0 drinking 0
i_wanted_to_go_drinking_with_you 1581304422211 360 222 touchmove 291 34 0.615234375 0.615234375 0 drinking 0
i_wanted_to_go_drinking_with_you 1581304422228 360 222 touchmove 291 42 0.615234375 0.615234375 0 drinking 0
i_wanted_to_go_drinking_with_you 1581304422245 360 222 touchmove 290 51 0.615234375 0.615234375 0 drinking 0
i_wanted_to_go_drinking_with_you 1581304422262 360 222 touchmove 287 62 0.615234375 0.615234375 0 drinking 0
i_wanted_to_go_drinking_with_you 1581304422279 360 222 touchmove 284 74 0.615234375 0.615234375 0 drinking 0
i_wanted_to_go_drinking_with_you 1581304422295 360 222 touchmove 278 87 0.615234375 0.615234375 0 drinking 0
i_wanted_to_go_drinking_with_you 1581304422312 360 222 touchmove 273 101 0.615234375 0.615234375 0 drinking 0
i_wanted_to_go_drinking_with_you 1581304422329 360 222 touchmove 267 115 0.615234375 0.615234375 0 drinking 0
i_wanted_to_go_drinking_with_you 1581304422346 360 222 touchmove 263 128 0.615234375 0.615234375 0 drinking 0
i_wanted_to_go_drinking_with_you 1581304422362 360 222 touchmove 259 140 0.615234375 0.615234375 0 drinking 0
i_wanted_to_go_drinking_with_you 1581304422378 360 222 touchmove 256 151 0.615234375 0.615234375 0 drinking 0
i_wanted_to_go_drinking_with_you 1581304422396 360 222 touchmove 253 160 0.615234375 0.615234375 0 drinking 0
i_wanted_to_go_drinking_with_you 1581304422412 360 222 touchmove 251 165 0.615234375 0.615234375 0 drinking 0
i_wanted_to_go_drinking_with_you 1581304422429 360 222 touchmove 249 168 0.68359375 0.68359375 0 drinking 0
i_wanted_to_go_drinking_with_you 1581304422445 360 222 touchmove 248 169 0.615234375 0.615234375 0 drinking 0
i_wanted_to_go_drinking_with_you 1581304422462 360 222 touchmove 249 167 0.615234375 0.615234375 0 drinking 0
i_wanted_to_go_drinking_with_you 1581304422479 360 222 touchmove 252 162 0.546875 0.546875 0 drinking 0
i_wanted_to_go_drinking_with_you 1581304422496 360 222 touchmove 257 154 0.546875 0.546875 0 drinking 0
i_wanted_to_go_drinking_with_you 1581304422512 360 222 touchmove 263 147 0.615234375 0.615234375 0 drinking 0
i_wanted_to_go_drinking_with_you 1581304422529 360 222 touchmove 269 140 0.478515625 0.478515625 0 drinking 0
i_wanted_to_go_drinking_with_you 1581304422547 360 222 touchmove 274 133 0.615234375 0.615234375 0 drinking 0
i_wanted_to_go_drinking_with_you 1581304422562 360 222 touchmove 278 127 0.615234375 0.615234375 0 drinking 0
i_wanted_to_go_drinking_with_you 1581304422579 360 222 touchmove 281 120 0.615234375 0.615234375 0 drinking 0
i_wanted_to_go_drinking_with_you 1581304422597 360 222 touchmove 283 114 0.546875 0.546875 0 drinking 0
i_wanted_to_go_drinking_with_you 1581304422613 360 222 touchmove 285 108 0.546875 0.546875 0 drinking 0
i_wanted_to_go_drinking_with_you 1581304422630 360 222 touchmove 286 102 0.615234375 0.615234375 0 drinking 0
i_wanted_to_go_drinking_with_you 1581304422646 360 222 touchmove 287 98 0.615234375 0.615234375 0 drinking 0
i_wanted_to_go_drinking_with_you 1581304422663 360 222 touchmove 287 95 0.546875 0.546875 0 drinking 0
i_wanted_to_go_drinking_with_you 1581304422679 360 222 touchmove 286 92 0.546875 0.546875 0 drinking 0
i_wanted_to_go_drinking_with_you 1581304422697 360 222 touchmove 284 90 0.546875 0.546875 0 drinking 0
i_wanted_to_go_drinking_with_you 1581304422714 360 222 touchmove 283 87 0.615234375 0.615234375 0 drinking 0
i_wanted_to_go_drinking_with_you 1581304422729 360 222 touchmove 280 82 0.478515625 0.478515625 0 drinking 0
i_wanted_to_go_drinking_with_you 1581304422747 360 222 touchmove 278 76 0.546875 0.546875 0 drinking 0
i_wanted_to_go_drinking_with_you 1581304422765 360 222 touchmove 276 70 0.546875 0.546875 0 drinking 0
i_wanted_to_go_drinking_with_you 1581304422781 360 222 touchmove 274 61 0.615234375 0.615234375 0 drinking 0
i_wanted_to_go_drinking_with_you 1581304422797 360 222 touchmove 273 52 0.546875 0.546875 0 drinking 0
i_wanted_to_go_drinking_with_you 1581304422813 360 222 touchmove 271 43 0.615234375 0.615234375 0 drinking 0
i_wanted_to_go_drinking_with_you 1581304422833 360 222 touchmove 271 35 0.615234375 0.615234375 0 drinking 0
i_wanted_to_go_drinking_with_you 1581304422847 360 222 touchmove 270 28 0.615234375 0.615234375 0 drinking 0
i_wanted_to_go_drinking_with_you 1581304422863 360 222 touchmove 271 22 0.615234375 0.615234375 0 drinking 0
i_wanted_to_go_drinking_with_you 1581304422881 360 222 touchmove 271 18 0.546875 0.546875 0 drinking 0
i_wanted_to_go_drinking_with_you 1581304422897 360 222 touchmove 270 16 0.546875 0.546875 0 drinking 0
i_wanted_to_go_drinking_with_you 1581304422913 360 222 touchmove 270 16 0.615234375 0.615234375 0 drinking 0
i_wanted_to_go_drinking_with_you 1581304422930 360 222 touchmove 270 19 0.615234375 0.615234375 0 drinking 0
i_wanted_to_go_drinking_with_you 1581304422947 360 222 touchmove 270 23 0.615234375 0.615234375 0 drinking 0
i_wanted_to_go_drinking_with_you 1581304422964 360 222 touchmove 268 32 0.615234375 0.615234375 0 drinking 0
i_wanted_to_go_drinking_with_you 1581304422981 360 222 touchmove 267 41 0.615234375 0.615234375 0 drinking 0
i_wanted_to_go_drinking_with_you 1581304422997 360 222 touchmove 265 52 0.546875 0.546875 0 drinking 0
i_wanted_to_go_drinking_with_you 1581304423014 360 222 touchmove 264 63 0.615234375 0.615234375 0 drinking 0
i_wanted_to_go_drinking_with_you 1581304423030 360 222 touchmove 263 74 0.546875 0.546875 0 drinking 0
i_wanted_to_go_drinking_with_you 1581304423047 360 222 touchmove 263 88 0.615234375 0.615234375 0 drinking 0
i_wanted_to_go_drinking_with_you 1581304423064 360 222 touchmove 261 102 0.546875 0.546875 0 drinking 0
i_wanted_to_go_drinking_with_you 1581304423081 360 222 touchmove 260 116 0.546875 0.546875 0 drinking 0
i_wanted_to_go_drinking_with_you 1581304423098 360 222 touchmove 259 129 0.615234375 0.615234375 0 drinking 0
i_wanted_to_go_drinking_with_you 1581304423115 360 222 touchmove 257 139 0.546875 0.546875 0 drinking 0
i_wanted_to_go_drinking_with_you 1581304423131 360 222 touchmove 256 148 0.478515625 0.478515625 0 drinking 0
i_wanted_to_go_drinking_with_you 1581304423148 360 222 touchmove 255 155 0.546875 0.546875 0 drinking 0
i_wanted_to_go_drinking_with_you 1581304423168 360 222 touchmove 253 161 0.615234375 0.615234375 0 drinking 0
i_wanted_to_go_drinking_with_you 1581304423182 360 222 touchmove 250 164 0.546875 0.546875 0 drinking 0
i_wanted_to_go_drinking_with_you 1581304423199 360 222 touchmove 248 167 0.546875 0.546875 0 drinking 0
i_wanted_to_go_drinking_with_you 1581304423215 360 222 touchmove 245 168 0.615234375 0.615234375 0 drinking 0
i_wanted_to_go_drinking_with_you 1581304423232 360 222 touchmove 242 168 0.546875 0.546875 0 drinking 0
i_wanted_to_go_drinking_with_you 1581304423248 360 222 touchmove 239 166 0.546875 0.546875 0 drinking 0
i_wanted_to_go_drinking_with_you 1581304423266 360 222 touchmove 234 162 0.478515625 0.478515625 0 drinking 0
i_wanted_to_go_drinking_with_you 1581304423281 360 222 touchmove 229 155 0.546875 0.546875 0 drinking 0
i_wanted_to_go_drinking_with_you 1581304423298 360 222 touchmove 224 148 0.615234375 0.615234375 0 drinking 0
i_wanted_to_go_drinking_with_you 1581304423315 360 222 touchmove 218 139 0.615234375 0.615234375 0 drinking 0
i_wanted_to_go_drinking_with_you 1581304423332 360 222 touchmove 213 132 0.615234375 0.615234375 0 drinking 0
i_wanted_to_go_drinking_with_you 1581304423349 360 222 touchmove 207 125 0.615234375 0.615234375 0 drinking 0
i_wanted_to_go_drinking_with_you 1581304423371 360 222 touchmove 202 119 0.615234375 0.615234375 0 drinking 0
i_wanted_to_go_drinking_with_you 1581304423381 360 222 touchmove 197 113 0.615234375 0.615234375 0 drinking 0
i_wanted_to_go_drinking_with_you 1581304423398 360 222 touchmove 193 107 0.546875 0.546875 0 drinking 0
i_wanted_to_go_drinking_with_you 1581304423415 360 222 touchmove 189 101 0.615234375 0.615234375 0 drinking 0
i_wanted_to_go_drinking_with_you 1581304423432 360 222 touchmove 184 97 0.546875 0.546875 0 drinking 0
i_wanted_to_go_drinking_with_you 1581304423449 360 222 touchmove 179 95 0.615234375 0.615234375 0 drinking 0
i_wanted_to_go_drinking_with_you 1581304423466 360 222 touchmove 174 96 0.546875 0.546875 0 drinking 0
i_wanted_to_go_drinking_with_you 1581304423482 360 222 touchmove 170 97 0.615234375 0.615234375 0 drinking 0
i_wanted_to_go_drinking_with_you 1581304423500 360 222 touchmove 164 102 0.546875 0.546875 0 drinking 0
i_wanted_to_go_drinking_with_you 1581304423506 360 222 touchend 164 102 0.546875 0.546875 0 drinking 0
i_wanted_to_go_drinking_with_you 1581304424778 360 222 touchstart 50 28 0.546875 0.546875 0 with 0
i_wanted_to_go_drinking_with_you 1581304424803 360 222 touchmove 51 30 0.751953125 0.751953125 0 with 0
i_wanted_to_go_drinking_with_you 1581304424819 360 222 touchmove 52 32 0.615234375 0.615234375 0 with 0
i_wanted_to_go_drinking_with_you 1581304424835 360 222 touchmove 60 40 0.615234375 0.615234375 0 with 0
i_wanted_to_go_drinking_with_you 1581304424851 360 222 touchmove 68 47 0.615234375 0.615234375 0 with 0
i_wanted_to_go_drinking_with_you 1581304424869 360 222 touchmove 78 54 0.615234375 0.615234375 0 with 0
i_wanted_to_go_drinking_with_you 1581304424885 360 222 touchmove 92 61 0.615234375 0.615234375 0 with 0
i_wanted_to_go_drinking_with_you 1581304424902 360 222 touchmove 108 66 0.615234375 0.615234375 0 with 0
i_wanted_to_go_drinking_with_you 1581304424918 360 222 touchmove 124 69 0.615234375 0.615234375 0 with 0
i_wanted_to_go_drinking_with_you 1581304424936 360 222 touchmove 138 70 0.615234375 0.615234375 0 with 0
i_wanted_to_go_drinking_with_you 1581304424952 360 222 touchmove 152 70 0.68359375 0.68359375 0 with 0
i_wanted_to_go_drinking_with_you 1581304424969 360 222 touchmove 168 69 0.615234375 0.615234375 0 with 0
i_wanted_to_go_drinking_with_you 1581304424986 360 222 touchmove 184 69 0.615234375 0.615234375 0 with 0
i_wanted_to_go_drinking_with_you 1581304425002 360 222 touchmove 201 68 0.615234375 0.615234375 0 with 0
i_wanted_to_go_drinking_with_you 1581304425019 360 222 touchmove 218 67 0.615234375 0.615234375 0 with 0
i_wanted_to_go_drinking_with_you 1581304425036 360 222 touchmove 233 66 0.615234375 0.615234375 0 with 0
i_wanted_to_go_drinking_with_you 1581304425052 360 222 touchmove 248 64 0.615234375 0.615234375 0 with 0
i_wanted_to_go_drinking_with_you 1581304425070 360 222 touchmove 260 62 0.615234375 0.615234375 0 with 0
i_wanted_to_go_drinking_with_you 1581304425086 360 222 touchmove 269 59 0.615234375 0.615234375 0 with 0
i_wanted_to_go_drinking_with_you 1581304425103 360 222 touchmove 275 55 0.68359375 0.68359375 0 with 0
i_wanted_to_go_drinking_with_you 1581304425119 360 222 touchmove 279 51 0.615234375 0.615234375 0 with 0
i_wanted_to_go_drinking_with_you 1581304425136 360 222 touchmove 282 47 0.615234375 0.615234375 0 with 0
i_wanted_to_go_drinking_with_you 1581304425152 360 222 touchmove 283 42 0.68359375 0.68359375 0 with 0
i_wanted_to_go_drinking_with_you 1581304425170 360 222 touchmove 284 36 0.615234375 0.615234375 0 with 0
i_wanted_to_go_drinking_with_you 1581304425186 360 222 touchmove 283 30 0.615234375 0.615234375 0 with 0
i_wanted_to_go_drinking_with_you 1581304425203 360 222 touchmove 281 26 0.615234375 0.615234375 0 with 0
i_wanted_to_go_drinking_with_you 1581304425220 360 222 touchmove 277 22 0.615234375 0.615234375 0 with 0
i_wanted_to_go_drinking_with_you 1581304425237 360 222 touchmove 270 19 0.68359375 0.68359375 0 with 0
i_wanted_to_go_drinking_with_you 1581304425253 360 222 touchmove 261 16 0.68359375 0.68359375 0 with 0
i_wanted_to_go_drinking_with_you 1581304425270 360 222 touchmove 250 14 0.68359375 0.68359375 0 with 0
i_wanted_to_go_drinking_with_you 1581304425286 360 222 touchmove 238 12 0.751953125 0.751953125 0 with 0
i_wanted_to_go_drinking_with_you 1581304425302 360 222 touchmove 226 11 0.68359375 0.68359375 0 with 0
i_wanted_to_go_drinking_with_you 1581304425319 360 222 touchmove 216 10 0.68359375 0.68359375 0 with 0
i_wanted_to_go_drinking_with_you 1581304425336 360 222 touchmove 209 11 0.68359375 0.68359375 0 with 0
i_wanted_to_go_drinking_with_you 1581304425354 360 222 touchmove 205 12 0.751953125 0.751953125 0 with 0
i_wanted_to_go_drinking_with_you 1581304425370 360 222 touchmove 201 15 0.68359375 0.68359375 0 with 0
i_wanted_to_go_drinking_with_you 1581304425387 360 222 touchmove 199 20 0.68359375 0.68359375 0 with 0
i_wanted_to_go_drinking_with_you 1581304425403 360 222 touchmove 198 26 0.68359375 0.68359375 0 with 0
i_wanted_to_go_drinking_with_you 1581304425419 360 222 touchmove 198 33 0.615234375 0.615234375 0 with 0
i_wanted_to_go_drinking_with_you 1581304425437 360 222 touchmove 198 40 0.615234375 0.615234375 0 with 0
i_wanted_to_go_drinking_with_you 1581304425453 360 222 touchmove 200 45 0.68359375 0.68359375 0 with 0
i_wanted_to_go_drinking_with_you 1581304425470 360 222 touchmove 204 50 0.68359375 0.68359375 0 with 0
i_wanted_to_go_drinking_with_you 1581304425487 360 222 touchmove 208 53 0.68359375 0.68359375 0 with 0
i_wanted_to_go_drinking_with_you 1581304425503 360 222 touchmove 213 58 0.68359375 0.68359375 0 with 0
i_wanted_to_go_drinking_with_you 1581304425520 360 222 touchmove 218 64 0.68359375 0.68359375 0 with 0
i_wanted_to_go_drinking_with_you 1581304425537 360 222 touchmove 223 71 0.615234375 0.615234375 0 with 0
i_wanted_to_go_drinking_with_you 1581304425554 360 222 touchmove 226 78 0.68359375 0.68359375 0 with 0
i_wanted_to_go_drinking_with_you 1581304425569 360 222 touchmove 228 84 0.615234375 0.615234375 0 with 0
i_wanted_to_go_drinking_with_you 1581304425587 360 222 touchmove 229 90 0.615234375 0.615234375 0 with 0
i_wanted_to_go_drinking_with_you 1581304425604 360 222 touchmove 229 95 0.615234375 0.615234375 0 with 0
i_wanted_to_go_drinking_with_you 1581304425621 360 222 touchmove 228 100 0.615234375 0.615234375 0 with 0
i_wanted_to_go_drinking_with_you 1581304425637 360 222 touchmove 227 104 0.615234375 0.615234375 0 with 0
i_wanted_to_go_drinking_with_you 1581304425655 360 222 touchmove 226 108 0.615234375 0.615234375 0 with 0
i_wanted_to_go_drinking_with_you 1581304425668 360 222 touchmove 226 110 0.615234375 0.615234375 0 with 0
i_wanted_to_go_drinking_with_you 1581304425670 360 222 touchend 226 110 0.615234375 0.615234375 0 with 0
i_wanted_to_go_drinking_with_you 1581304426851 360 222 touchstart 184 35 0.615234375 0.615234375 0 you 0
i_wanted_to_go_drinking_with_you 1581304426856 360 222 touchmove 184 35 0.615234375 0.615234375 0 you 0
i_wanted_to_go_drinking_with_you 1581304426873 360 222 touchmove 185 36 0.68359375 0.68359375 0 you 0
i_wanted_to_go_drinking_with_you 1581304426890 360 222 touchmove 186 38 0.615234375 0.615234375 0 you 0
i_wanted_to_go_drinking_with_you 1581304426906 360 222 touchmove 192 47 0.615234375 0.615234375 0 you 0
i_wanted_to_go_drinking_with_you 1581304426924 360 222 touchmove 200 56 0.615234375 0.615234375 0 you 0
i_wanted_to_go_drinking_with_you 1581304426940 360 222 touchmove 212 63 0.615234375 0.615234375 0 you 0
i_wanted_to_go_drinking_with_you 1581304426957 360 222 touchmove 226 68 0.615234375 0.615234375 0 you 0
i_wanted_to_go_drinking_with_you 1581304426974 360 222 touchmove 238 70 0.615234375 0.615234375 0 you 0
i_wanted_to_go_drinking_with_you 1581304426990 360 222 touchmove 251 69 0.615234375 0.615234375 0 you 0
i_wanted_to_go_drinking_with_you 1581304427007 360 222 touchmove 261 68 0.615234375 0.615234375 0 you 0
i_wanted_to_go_drinking_with_you 1581304427028 360 222 touchmove 274 62 0.546875 0.546875 0 you 0
i_wanted_to_go_drinking_with_you 1581304427040 360 222 touchmove 279 61 0.615234375 0.615234375 0 you 0
i_wanted_to_go_drinking_with_you 1581304427056 360 222 touchmove 286 55 0.546875 0.546875 0 you 0
i_wanted_to_go_drinking_with_you 1581304427089 360 222 touchmove 295 44 0.546875 0.546875 0 you 0
i_wanted_to_go_drinking_with_you 1581304427107 360 222 touchmove 296 38 0.546875 0.546875 0 you 0
i_wanted_to_go_drinking_with_you 1581304427129 360 222 touchmove 296 33 0.615234375 0.615234375 0 you 0
i_wanted_to_go_drinking_with_you 1581304427140 360 222 touchmove 292 29 0.615234375 0.615234375 0 you 0
i_wanted_to_go_drinking_with_you 1581304427157 360 222 touchmove 283 27 0.546875 0.546875 0 you 0
i_wanted_to_go_drinking_with_you 1581304427174 360 222 touchmove 271 27 0.615234375 0.615234375 0 you 0
i_wanted_to_go_drinking_with_you 1581304427191 360 222 touchmove 256 28 0.615234375 0.615234375 0 you 0
i_wanted_to_go_drinking_with_you 1581304427208 360 222 touchmove 244 30 0.68359375 0.68359375 0 you 0
i_wanted_to_go_drinking_with_you 1581304427224 360 222 touchmove 232 33 0.68359375 0.68359375 0 you 0
i_wanted_to_go_drinking_with_you 1581304427242 360 222 touchmove 224 37 0.68359375 0.68359375 0 you 0
i_wanted_to_go_drinking_with_you 1581304427257 360 222 touchmove 220 44 0.615234375 0.615234375 0 you 0
i_wanted_to_go_drinking_with_you 1581304427274 360 222 touchmove 220 52 0.546875 0.546875 0 you 0
i_wanted_to_go_drinking_with_you 1581304427281 360 222 touchend 220 52 0.546875 0.546875 0 you 0
please_call_tomorrow_if_possible 1581304430094 360 222 touchstart 342 21 0.341796875 0.341796875 0 please 0
please_call_tomorrow_if_possible 1581304430118 360 222 touchmove 342 22 0.41015625 0.41015625 0 please 0
please_call_tomorrow_if_possible 1581304430131 360 222 touchmove 342 22 0.478515625 0.478515625 0 please 0
please_call_tomorrow_if_possible 1581304430149 360 222 touchmove 341 23 0.41015625 0.41015625 0 please 0
please_call_tomorrow_if_possible 1581304430166 360 222 touchmove 341 24 0.478515625 0.478515625 0 please 0
please_call_tomorrow_if_possible 1581304430182 360 222 touchmove 338 33 0.478515625 0.478515625 0 please 0
please_call_tomorrow_if_possible 1581304430199 360 222 touchmove 337 46 0.546875 0.546875 0 please 0
please_call_tomorrow_if_possible 1581304430215 360 222 touchmove 335 59 0.478515625 0.478515625 0 please 0
please_call_tomorrow_if_possible 1581304430233 360 222 touchmove 334 73 0.41015625 0.41015625 0 please 0
please_call_tomorrow_if_possible 1581304430249 360 222 touchmove 333 86 0.546875 0.546875 0 please 0
please_call_tomorrow_if_possible 1581304430268 360 222 touchmove 332 95 0.478515625 0.478515625 0 please 0
please_call_tomorrow_if_possible 1581304430282 360 222 touchmove 330 105 0.478515625 0.478515625 0 please 0
please_call_tomorrow_if_possible 1581304430298 360 222 touchmove 327 113 0.546875 0.546875 0 please 0
please_call_tomorrow_if_possible 1581304430316 360 222 touchmove 324 118 0.546875 0.546875 0 please 0
please_call_tomorrow_if_possible 1581304430332 360 222 touchmove 320 122 0.546875 0.546875 0 please 0
please_call_tomorrow_if_possible 1581304430348 360 222 touchmove 315 124 0.546875 0.546875 0 please 0
please_call_tomorrow_if_possible 1581304430365 360 222 touchmove 308 126 0.615234375 0.615234375 0 please 0
please_call_tomorrow_if_possible 1581304430382 360 222 touchmove 300 126 0.615234375 0.615234375 0 please 0
please_call_tomorrow_if_possible 1581304430399 360 222 touchmove 291 125 0.68359375 0.68359375 0 please 0
please_call_tomorrow_if_possible 1581304430416 360 222 touchmove 280 122 0.615234375 0.615234375 0 please 0
please_call_tomorrow_if_possible 1581304430433 360 222 touchmove 268 119 0.546875 0.546875 0 please 0
please_call_tomorrow_if_possible 1581304430449 360 222 touchmove 255 115 0.615234375 0.615234375 0 please 0
please_call_tomorrow_if_possible 1581304430466 360 222 touchmove 242 111 0.615234375 0.615234375 0 please 0
please_call_tomorrow_if_possible 1581304430482 360 222 touchmove 229 107 0.615234375 0.615234375 0 please 0
please_call_tomorrow_if_possible 1581304430499 360 222 touchmove 216 102 0.68359375 0.68359375 0 please 0
please_call_tomorrow_if_possible 1581304430516 360 222 touchmove 203 96 0.615234375 0.615234375 0 please 0
please_call_tomorrow_if_possible 1581304430533 360 222 touchmove 190 88 0.68359375 0.68359375 0 please 0
please_call_tomorrow_if_possible 1581304430550 360 222 touchmove 177 78 0.615234375 0.615234375 0 please 0
please_call_tomorrow_if_possible 1581304430570 360 222 touchmove 166 67 0.615234375 0.615234375 0 please 0
please_call_tomorrow_if_possible 1581304430583 360 222 touchmove 154 59 0.615234375 0.615234375 0 please 0
please_call_tomorrow_if_possible 1581304430599 360 222 touchmove 143 51 0.68359375 0.68359375 0 please 0
please_call_tomorrow_if_possible 1581304430616 360 222 touchmove 134 45 0.615234375 0.615234375 0 please 0
please_call_tomorrow_if_possible 1581304430633 360 222 touchmove 126 41 0.615234375 0.615234375 0 please 0
please_call_tomorrow_if_possible 1581304430650 360 222 touchmove 120 38 0.68359375 0.68359375 0 please 0
please_call_tomorrow_if_possible 1581304430666 360 222 touchmove 114 38 0.68359375 0.68359375 0 please 0
please_call_tomorrow_if_possible 1581304430683 360 222 touchmove 108 40 0.68359375 0.68359375 0 please 0
please_call_tomorrow_if_possible 1581304430699 360 222 touchmove 101 44 0.68359375 0.68359375 0 please 0
please_call_tomorrow_if_possible 1581304430716 360 222 touchmove 97 48 0.68359375 0.68359375 0 please 0
please_call_tomorrow_if_possible 1581304430733 360 222 touchmove 91 53 0.68359375 0.68359375 0 please 0
please_call_tomorrow_if_possible 1581304430749 360 222 touchmove 87 58 0.68359375 0.68359375 0 please 0
please_call_tomorrow_if_possible 1581304430767 360 222 touchmove 83 63 0.68359375 0.68359375 0 please 0
please_call_tomorrow_if_possible 1581304430783 360 222 touchmove 80 69 0.615234375 0.615234375 0 please 0
please_call_tomorrow_if_possible 1581304430800 360 222 touchmove 77 74 0.615234375 0.615234375 0 please 0
please_call_tomorrow_if_possible 1581304430816 360 222 touchmove 76 82 0.68359375 0.68359375 0 please 0
please_call_tomorrow_if_possible 1581304430833 360 222 touchmove 75 89 0.615234375 0.615234375 0 please 0
please_call_tomorrow_if_possible 1581304430850 360 222 touchmove 74 96 0.615234375 0.615234375 0 please 0
please_call_tomorrow_if_possible 1581304430866 360 222 touchmove 73 102 0.615234375 0.615234375 0 please 0
please_call_tomorrow_if_possible 1581304430884 360 222 touchmove 71 106 0.615234375 0.615234375 0 please 0
please_call_tomorrow_if_possible 1581304430900 360 222 touchmove 68 109 0.615234375 0.615234375 0 please 0
please_call_tomorrow_if_possible 1581304430916 360 222 touchmove 64 111 0.615234375 0.615234375 0 please 0
please_call_tomorrow_if_possible 1581304430933 360 222 touchmove 59 114 0.615234375 0.615234375 0 please 0
please_call_tomorrow_if_possible 1581304430951 360 222 touchmove 55 116 0.615234375 0.615234375 0 please 0
please_call_tomorrow_if_possible 1581304430966 360 222 touchmove 50 118 0.615234375 0.615234375 0 please 0
please_call_tomorrow_if_possible 1581304430984 360 222 touchmove 47 119 0.615234375 0.615234375 0 please 0
please_call_tomorrow_if_possible 1581304431000 360 222 touchmove 43 118 0.615234375 0.615234375 0 please 0
please_call_tomorrow_if_possible 1581304431017 360 222 touchmove 40 117 0.615234375 0.615234375 0 please 0
please_call_tomorrow_if_possible 1581304431033 360 222 touchmove 36 114 0.546875 0.546875 0 please 0
please_call_tomorrow_if_possible 1581304431052 360 222 touchmove 33 110 0.478515625 0.478515625 0 please 0
please_call_tomorrow_if_possible 1581304431068 360 222 touchmove 31 106 0.546875 0.546875 0 please 0
please_call_tomorrow_if_possible 1581304431084 360 222 touchmove 29 103 0.546875 0.546875 0 please 0
please_call_tomorrow_if_possible 1581304431100 360 222 touchmove 28 100 0.546875 0.546875 0 please 0
please_call_tomorrow_if_possible 1581304431116 360 222 touchmove 27 97 0.546875 0.546875 0 please 0
please_call_tomorrow_if_possible 1581304431134 360 222 touchmove 27 95 0.546875 0.546875 0 please 0
please_call_tomorrow_if_possible 1581304431150 360 222 touchmove 27 93 0.546875 0.546875 0 please 0
please_call_tomorrow_if_possible 1581304431167 360 222 touchmove 28 92 0.546875 0.546875 0 please 0
please_call_tomorrow_if_possible 1581304431184 360 222 touchmove 32 90 0.615234375 0.615234375 0 please 0
please_call_tomorrow_if_possible 1581304431202 360 222 touchmove 38 90 0.615234375 0.615234375 0 please 0
please_call_tomorrow_if_possible 1581304431216 360 222 touchmove 46 89 0.68359375 0.68359375 0 please 0
please_call_tomorrow_if_possible 1581304431234 360 222 touchmove 56 86 0.68359375 0.68359375 0 please 0
please_call_tomorrow_if_possible 1581304431251 360 222 touchmove 66 82 0.615234375 0.615234375 0 please 0
please_call_tomorrow_if_possible 1581304431267 360 222 touchmove 75 76 0.615234375 0.615234375 0 please 0
please_call_tomorrow_if_possible 1581304431284 360 222 touchmove 84 67 0.68359375 0.68359375 0 please 0
please_call_tomorrow_if_possible 1581304431301 360 222 touchmove 91 57 0.615234375 0.615234375 0 please 0
please_call_tomorrow_if_possible 1581304431318 360 222 touchmove 96 46 0.615234375 0.615234375 0 please 0
please_call_tomorrow_if_possible 1581304431334 360 222 touchmove 98 35 0.615234375 0.615234375 0 please 0
please_call_tomorrow_if_possible 1581304431352 360 222 touchmove 99 27 0.68359375 0.68359375 0 please 0
please_call_tomorrow_if_possible 1581304431368 360 222 touchmove 98 22 0.68359375 0.68359375 0 please 0
please_call_tomorrow_if_possible 1581304431385 360 222 touchmove 96 20 0.615234375 0.615234375 0 please 0
please_call_tomorrow_if_possible 1581304431401 360 222 touchmove 91 23 0.615234375 0.615234375 0 please 0
please_call_tomorrow_if_possible 1581304431408 360 222 touchend 91 23 0.615234375 0.615234375 0 please 0
please_call_tomorrow_if_possible 1581304432788 360 222 touchstart 159 161 0.478515625 0.478515625 0 call 0
please_call_tomorrow_if_possible 1581304432805 360 222 touchmove 160 162 0.546875 0.546875 0 call 0
please_call_tomorrow_if_possible 1581304432827 360 222 touchmove 160 161 0.546875 0.546875 0 call 0
please_call_tomorrow_if_possible 1581304432838 360 222 touchmove 159 161 0.478515625 0.478515625 0 call 0
please_call_tomorrow_if_possible 1581304432856 360 222 touchmove 158 160 0.546875 0.546875 0 call 0
please_call_tomorrow_if_possible 1581304432871 360 222 touchmove 149 157 0.546875 0.546875 0 call 0
please_call_tomorrow_if_possible 1581304432888 360 222 touchmove 140 154 0.546875 0.546875 0 call 0
please_call_tomorrow_if_possible 1581304432910 360 222 touchmove 126 149 0.615234375 0.615234375 0 call 0
please_call_tomorrow_if_possible 1581304432922 360 222 touchmove 110 141 0.615234375 0.615234375 0 call 0
please_call_tomorrow_if_possible 1581304432938 360 222 touchmove 93 131 0.615234375 0.615234375 0 call 0
please_call_tomorrow_if_possible 1581304432955 360 222 touchmove 77 120 0.615234375 0.615234375 0 call 0
please_call_tomorrow_if_possible 1581304432971 360 222 touchmove 64 110 0.615234375 0.615234375 0 call 0
please_call_tomorrow_if_possible 1581304432988 360 222 touchmove 53 101 0.615234375 0.615234375 0 call 0
please_call_tomorrow_if_possible 1581304433006 360 222 touchmove 43 93 0.615234375 0.615234375 0 call 0
please_call_tomorrow_if_possible 1581304433022 360 222 touchmove 35 88 0.546875 0.546875 0 call 0
please_call_tomorrow_if_possible 1581304433040 360 222 touchmove 29 85 0.478515625 0.478515625 0 call 0
please_call_tomorrow_if_possible 1581304433055 360 222 touchmove 27 84 0.478515625 0.478515625 0 call 0
please_call_tomorrow_if_possible 1581304433072 360 222 touchmove 25 85 0.546875 0.546875 0 call 0
please_call_tomorrow_if_possible 1581304433089 360 222 touchmove 25 87 0.546875 0.546875 0 call 0
please_call_tomorrow_if_possible 1581304433106 360 222 touchmove 26 91 0.546875 0.546875 0 call 0
please_call_tomorrow_if_possible 1581304433122 360 222 touchmove 31 97 0.615234375 0.615234375 0 call 0
please_call_tomorrow_if_possible 1581304433139 360 222 touchmove 40 102 0.68359375 0.68359375 0 call 0
please_call_tomorrow_if_possible 1581304433155 360 222 touchmove 53 108 0.68359375 0.68359375 0 call 0
please_call_tomorrow_if_possible 1581304433172 360 222 touchmove 71 112 0.615234375 0.615234375 0 call 0
please_call_tomorrow_if_possible 1581304433189 360 222 touchmove 96 116 0.68359375 0.68359375 0 call 0
please_call_tomorrow_if_possible 1581304433206 360 222 touchmove 124 121 0.68359375 0.68359375 0 call 0
please_call_tomorrow_if_possible 1581304433221 360 222 touchmove 152 124 0.68359375 0.68359375 0 call 0
please_call_tomorrow_if_possible 1581304433239 360 222 touchmove 180 127 0.615234375 0.615234375 0 call 0
please_call_tomorrow_if_possible 1581304433259 360 222 touchmove 207 130 0.615234375 0.615234375 0 call 0
please_call_tomorrow_if_possible 1581304433272 360 222 touchmove 232 130 0.615234375 0.615234375 0 call 0
please_call_tomorrow_if_possible 1581304433288 360 222 touchmove 255 129 0.68359375 0.68359375 0 call 0
please_call_tomorrow_if_possible 1581304433306 360 222 touchmove 277 124 0.546875 0.546875 0 call 0
please_call_tomorrow_if_possible 1581304433322 360 222 touchmove 296 118 0.615234375 0.615234375 0 call 0
please_call_tomorrow_if_possible 1581304433338 360 222 touchmove 312 110 0.546875 0.546875 0 call 0
please_call_tomorrow_if_possible 1581304433356 360 222 touchmove 323 102 0.478515625 0.478515625 0 call 0
please_call_tomorrow_if_possible 1581304433372 360 222 touchmove 330 97 0.41015625 0.41015625 0 call 0
please_call_tomorrow_if_possible 1581304433389 360 222 touchmove 334 92 0.41015625 0.41015625 0 call 0
please_call_tomorrow_if_possible 1581304433406 360 222 touchmove 336 88 0.41015625 0.41015625 0 call 0
please_call_tomorrow_if_possible 1581304433422 360 222 touchmove 338 84 0.41015625 0.41015625 0 call 0
please_call_tomorrow_if_possible 1581304433439 360 222 touchmove 338 81 0.478515625 0.478515625 0 call 0
please_call_tomorrow_if_possible 1581304433457 360 222 touchmove 338 78 0.478515625 0.478515625 0 call 0
please_call_tomorrow_if_possible 1581304433473 360 222 touchmove 336 78 0.478515625 0.478515625 0 call 0
please_call_tomorrow_if_possible 1581304433489 360 222 touchmove 334 79 0.546875 0.546875 0 call 0
please_call_tomorrow_if_possible 1581304433506 360 222 touchmove 331 81 0.546875 0.546875 0 call 0
please_call_tomorrow_if_possible 1581304433522 360 222 touchmove 328 84 0.615234375 0.615234375 0 call 0
please_call_tomorrow_if_possible 1581304433540 360 222 touchmove 325 88 0.615234375 0.615234375 0 call 0
please_call_tomorrow_if_possible 1581304433556 360 222 touchmove 322 91 0.546875 0.546875 0 call 0
please_call_tomorrow_if_possible 1581304433573 360 222 touchmove 320 94 0.615234375 0.615234375 0 call 0
please_call_tomorrow_if_possible 1581304433590 360 222 touchmove 321 95 0.546875 0.546875 0 call 0
please_call_tomorrow_if_possible 1581304433603 360 222 touchmove 323 95 0.546875 0.546875 0 call 0
please_call_tomorrow_if_possible 1581304433606 360 222 touchend 323 95 0.546875 0.546875 0 call 0
please_call_tomorrow_if_possible 1581304435494 360 222 touchstart 164 27 0.68359375 0.68359375 0 tomorrow 0
please_call_tomorrow_if_possible 1581304435496 360 222 touchmove 164 28 0.615234375 0.615234375 0 tomorrow 0
please_call_tomorrow_if_possible 1581304435511 360 222 touchmove 164 29 0.68359375 0.68359375 0 tomorrow 0
please_call_tomorrow_if_possible 1581304435527 360 222 touchmove 166 31 0.68359375 0.68359375 0 tomorrow 0
please_call_tomorrow_if_possible 1581304435544 360 222 touchmove 172 38 0.68359375 0.68359375 0 tomorrow 0
please_call_tomorrow_if_possible 1581304435561 360 222 touchmove 183 48 0.68359375 0.68359375 0 tomorrow 0
please_call_tomorrow_if_possible 1581304435578 360 222 touchmove 196 55 0.68359375 0.68359375 0 tomorrow 0
please_call_tomorrow_if_possible 1581304435594 360 222 touchmove 209 58 0.68359375 0.68359375 0 tomorrow 0
please_call_tomorrow_if_possible 1581304435611 360 222 touchmove 224 59 0.68359375 0.68359375 0 tomorrow 0
please_call_tomorrow_if_possible 1581304435628 360 222 touchmove 238 58 0.615234375 0.615234375 0 tomorrow 0
please_call_tomorrow_if_possible 1581304435645 360 222 touchmove 251 56 0.615234375 0.615234375 0 tomorrow 0
please_call_tomorrow_if_possible 1581304435661 360 222 touchmove 262 54 0.68359375 0.68359375 0 tomorrow 0
please_call_tomorrow_if_possible 1581304435681 360 222 touchmove 275 50 0.615234375 0.615234375 0 tomorrow 0
please_call_tomorrow_if_possible 1581304435714 360 222 touchmove 292 45 0.615234375 0.615234375 0 tomorrow 0
please_call_tomorrow_if_possible 1581304435728 360 222 touchmove 306 40 0.68359375 0.68359375 0 tomorrow 0
please_call_tomorrow_if_possible 1581304435744 360 222 touchmove 313 37 0.68359375 0.68359375 0 tomorrow 0
please_call_tomorrow_if_possible 1581304435761 360 222 touchmove 317 35 0.615234375 0.615234375 0 tomorrow 0
please_call_tomorrow_if_possible 1581304435777 360 222 touchmove 321 35 0.615234375 0.615234375 0 tomorrow 0
please_call_tomorrow_if_possible 1581304435795 360 222 touchmove 324 35 0.615234375 0.615234375 0 tomorrow 0
please_call_tomorrow_if_possible 1581304435812 360 222 touchmove 325 38 0.615234375 0.615234375 0 tomorrow 0
please_call_tomorrow_if_possible 1581304435828 360 222 touchmove 323 43 0.615234375 0.615234375 0 tomorrow 0
please_call_tomorrow_if_possible 1581304435845 360 222 touchmove 321 50 0.615234375 0.615234375 0 tomorrow 0
please_call_tomorrow_if_possible 1581304435861 360 222 touchmove 318 59 0.68359375 0.68359375 0 tomorrow 0
please_call_tomorrow_if_possible 1581304435878 360 222 touchmove 314 69 0.68359375 0.68359375 0 tomorrow 0
please_call_tomorrow_if_possible 1581304435895 360 222 touchmove 310 81 0.615234375 0.615234375 0 tomorrow 0
please_call_tomorrow_if_possible 1581304435912 360 222 touchmove 307 91 0.615234375 0.615234375 0 tomorrow 0
please_call_tomorrow_if_possible 1581304435929 360 222 touchmove 303 103 0.546875 0.546875 0 tomorrow 0
please_call_tomorrow_if_possible 1581304435945 360 222 touchmove 301 114 0.546875 0.546875 0 tomorrow 0
please_call_tomorrow_if_possible 1581304435961 360 222 touchmove 298 124 0.546875 0.546875 0 tomorrow 0
please_call_tomorrow_if_possible 1581304435979 360 222 touchmove 296 134 0.615234375 0.615234375 0 tomorrow 0
please_call_tomorrow_if_possible 1581304435995 360 222 touchmove 293 142 0.546875 0.546875 0 tomorrow 0
please_call_tomorrow_if_possible 1581304436012 360 222 touchmove 291 149 0.546875 0.546875 0 tomorrow 0
please_call_tomorrow_if_possible 1581304436028 360 222 touchmove 289 155 0.615234375 0.615234375 0 tomorrow 0
please_call_tomorrow_if_possible 1581304436045 360 222 touchmove 288 159 0.615234375 0.615234375 0 tomorrow 0
please_call_tomorrow_if_possible 1581304436063 360 222 touchmove 287 161 0.615234375 0.615234375 0 tomorrow 0
please_call_tomorrow_if_possible 1581304436079 360 222 touchmove 286 164 0.615234375 0.615234375 0 tomorrow 0
please_call_tomorrow_if_possible 1581304436095 360 222 touchmove 286 166 0.615234375 0.615234375 0 tomorrow 0
please_call_tomorrow_if_possible 1581304436112 360 222 touchmove 286 167 0.615234375 0.615234375 0 tomorrow 0
please_call_tomorrow_if_possible 1581304436129 360 222 touchmove 286 168 0.615234375 0.615234375 0 tomorrow 0
please_call_tomorrow_if_possible 1581304436166 360 222 touchmove 286 167 0.546875 0.546875 0 tomorrow 0
please_call_tomorrow_if_possible 1581304436179 360 222 touchmove 287 163 0.546875 0.546875 0 tomorrow 0
please_call_tomorrow_if_possible 1581304436195 360 222 touchmove 288 158 0.615234375 0.615234375 0 tomorrow 0
please_call_tomorrow_if_possible 1581304436212 360 222 touchmove 290 153 0.546875 0.546875 0 tomorrow 0
please_call_tomorrow_if_possible 1581304436229 360 222 touchmove 291 146 0.615234375 0.615234375 0 tomorrow 0
please_call_tomorrow_if_possible 1581304436246 360 222 touchmove 290 140 0.615234375 0.615234375 0 tomorrow 0
please_call_tomorrow_if_possible 1581304436263 360 222 touchmove 290 132 0.615234375 0.615234375 0 tomorrow 0
please_call_tomorrow_if_possible 1581304436280 360 222 touchmove 291 125 0.615234375 0.615234375 0 tomorrow 0
please_call_tomorrow_if_possible 1581304436296 360 222 touchmove 292 117 0.615234375 0.615234375 0 tomorrow 0
please_call_tomorrow_if_possible 1581304436313 360 222 touchmove 293 108 0.615234375 0.615234375 0 tomorrow 0
please_call_tomorrow_if_possible 1581304436330 360 222 touchmove 294 100 0.615234375 0.615234375 0 tomorrow 0
please_call_tomorrow_if_possible 1581304436346 360 222 touchmove 295 92 0.615234375 0.615234375 0 tomorrow 0
please_call_tomorrow_if_possible 1581304436364 360 222 touchmove 295 84 0.615234375 0.615234375 0 tomorrow 0
please_call_tomorrow_if_possible 1581304436380 360 222 touchmove 295 77 0.68359375 0.68359375 0 tomorrow 0
please_call_tomorrow_if_possible 1581304436396 360 222 touchmove 295 70 0.68359375 0.68359375 0 tomorrow 0
please_call_tomorrow_if_possible 1581304436413 360 222 touchmove 294 63 0.615234375 0.615234375 0 tomorrow 0
please_call_tomorrow_if_possible 1581304436430 360 222 touchmove 294 55 0.615234375 0.615234375 0 tomorrow 0
please_call_tomorrow_if_possible 1581304436447 360 222 touchmove 294 47 0.615234375 0.615234375 0 tomorrow 0
please_call_tomorrow_if_possible 1581304436463 360 222 touchmove 294 39 0.615234375 0.615234375 0 tomorrow 0
please_call_tomorrow_if_possible 1581304436480 360 222 touchmove 295 32 0.615234375 0.615234375 0 tomorrow 0
please_call_tomorrow_if_possible 1581304436497 360 222 touchmove 296 26 0.615234375 0.615234375 0 tomorrow 0
please_call_tomorrow_if_possible 1581304436513 360 222 touchmove 298 22 0.615234375 0.615234375 0 tomorrow 0
please_call_tomorrow_if_possible 1581304436530 360 222 touchmove 299 20 0.615234375 0.615234375 0 tomorrow 0
please_call_tomorrow_if_possible 1581304436546 360 222 touchmove 300 18 0.615234375 0.615234375 0 tomorrow 0
please_call_tomorrow_if_possible 1581304436564 360 222 touchmove 299 18 0.615234375 0.615234375 0 tomorrow 0
please_call_tomorrow_if_possible 1581304436580 360 222 touchmove 298 18 0.615234375 0.615234375 0 tomorrow 0
please_call_tomorrow_if_possible 1581304436597 360 222 touchmove 295 19 0.68359375 0.68359375 0 tomorrow 0
please_call_tomorrow_if_possible 1581304436615 360 222 touchmove 291 20 0.68359375 0.68359375 0 tomorrow 0
please_call_tomorrow_if_possible 1581304436631 360 222 touchmove 286 23 0.68359375 0.68359375 0 tomorrow 0
please_call_tomorrow_if_possible 1581304436647 360 222 touchmove 279 25 0.68359375 0.68359375 0 tomorrow 0
please_call_tomorrow_if_possible 1581304436664 360 222 touchmove 271 29 0.68359375 0.68359375 0 tomorrow 0
please_call_tomorrow_if_possible 1581304436687 360 222 touchmove 262 32 0.68359375 0.68359375 0 tomorrow 0
please_call_tomorrow_if_possible 1581304436696 360 222 touchmove 253 35 0.68359375 0.68359375 0 tomorrow 0
please_call_tomorrow_if_possible 1581304436714 360 222 touchmove 244 39 0.68359375 0.68359375 0 tomorrow 0
please_call_tomorrow_if_possible 1581304436731 360 222 touchmove 234 41 0.615234375 0.615234375 0 tomorrow 0
please_call_tomorrow_if_possible 1581304436747 360 222 touchmove 223 43 0.68359375 0.68359375 0 tomorrow 0
please_call_tomorrow_if_possible 1581304436764 360 222 touchmove 212 46 0.615234375 0.615234375 0 tomorrow 0
please_call_tomorrow_if_possible 1581304436781 360 222 touchmove 200 48 0.68359375 0.68359375 0 tomorrow 0
please_call_tomorrow_if_possible 1581304436798 360 222 touchmove 189 49 0.751953125 0.751953125 0 tomorrow 0
please_call_tomorrow_if_possible 1581304436815 360 222 touchmove 179 48 0.68359375 0.68359375 0 tomorrow 0
please_call_tomorrow_if_possible 1581304436831 360 222 touchmove 170 48 0.68359375 0.68359375 0 tomorrow 0
please_call_tomorrow_if_possible 1581304436848 360 222 touchmove 162 46 0.68359375 0.68359375 0 tomorrow 0
please_call_tomorrow_if_possible 1581304436865 360 222 touchmove 154 45 0.751953125 0.751953125 0 tomorrow 0
please_call_tomorrow_if_possible 1581304436881 360 222 touchmove 147 44 0.68359375 0.68359375 0 tomorrow 0
please_call_tomorrow_if_possible 1581304436898 360 222 touchmove 141 43 0.68359375 0.68359375 0 tomorrow 0
please_call_tomorrow_if_possible 1581304436914 360 222 touchmove 135 41 0.751953125 0.751953125 0 tomorrow 0
please_call_tomorrow_if_possible 1581304436932 360 222 touchmove 130 39 0.68359375 0.68359375 0 tomorrow 0
please_call_tomorrow_if_possible 1581304436948 360 222 touchmove 126 37 0.68359375 0.68359375 0 tomorrow 0
please_call_tomorrow_if_possible 1581304436980 360 222 touchmove 120 36 0.751953125 0.751953125 0 tomorrow 0
please_call_tomorrow_if_possible 1581304436997 360 222 touchmove 118 37 0.68359375 0.68359375 0 tomorrow 0
please_call_tomorrow_if_possible 1581304437014 360 222 touchmove 116 38 0.68359375 0.68359375 0 tomorrow 0
please_call_tomorrow_if_possible 1581304437031 360 222 touchmove 115 37 0.751953125 0.751953125 0 tomorrow 0
please_call_tomorrow_if_possible 1581304437048 360 222 touchmove 115 38 0.68359375 0.68359375 0 tomorrow 0
please_call_tomorrow_if_possible 1581304437064 360 222 touchmove 115 39 0.68359375 0.68359375 0 tomorrow 0
please_call_tomorrow_if_possible 1581304437081 360 222 touchmove 116 39 0.68359375 0.68359375 0 tomorrow 0
please_call_tomorrow_if_possible 1581304437097 360 222 touchmove 118 38 0.751953125 0.751953125 0 tomorrow 0
please_call_tomorrow_if_possible 1581304437115 360 222 touchmove 120 38 0.751953125 0.751953125 0 tomorrow 0
please_call_tomorrow_if_possible 1581304437131 360 222 touchmove 122 38 0.68359375 0.68359375 0 tomorrow 0
please_call_tomorrow_if_possible 1581304437147 360 222 touchmove 124 37 0.751953125 0.751953125 0 tomorrow 0
please_call_tomorrow_if_possible 1581304437164 360 222 touchmove 127 35 0.68359375 0.68359375 0 tomorrow 0
please_call_tomorrow_if_possible 1581304437181 360 222 touchmove 129 33 0.68359375 0.68359375 0 tomorrow 0
please_call_tomorrow_if_possible 1581304437198 360 222 touchmove 130 32 0.615234375 0.615234375 0 tomorrow 0
please_call_tomorrow_if_possible 1581304437215 360 222 touchmove 132 32 0.68359375 0.68359375 0 tomorrow 0
please_call_tomorrow_if_possible 1581304437232 360 222 touchmove 134 33 0.68359375 0.68359375 0 tomorrow 0
please_call_tomorrow_if_possible 1581304437249 360 222 touchmove 134 35 0.751953125 0.751953125 0 tomorrow 0
please_call_tomorrow_if_possible 1581304437265 360 222 touchmove 133 37 0.68359375 0.68359375 0 tomorrow 0
please_call_tomorrow_if_possible 1581304437282 360 222 touchmove 131 40 0.68359375 0.68359375 0 tomorrow 0
please_call_tomorrow_if_possible 1581304437298 360 222 touchmove 128 43 0.751953125 0.751953125 0 tomorrow 0
please_call_tomorrow_if_possible 1581304437315 360 222 touchmove 124 45 0.68359375 0.68359375 0 tomorrow 0
please_call_tomorrow_if_possible 1581304437331 360 222 touchmove 122 46 0.615234375 0.615234375 0 tomorrow 0
please_call_tomorrow_if_possible 1581304437349 360 222 touchmove 119 48 0.68359375 0.68359375 0 tomorrow 0
please_call_tomorrow_if_possible 1581304437366 360 222 touchmove 117 51 0.615234375 0.615234375 0 tomorrow 0
please_call_tomorrow_if_possible 1581304437382 360 222 touchmove 115 53 0.68359375 0.68359375 0 tomorrow 0
please_call_tomorrow_if_possible 1581304437398 360 222 touchmove 114 56 0.615234375 0.615234375 0 tomorrow 0
please_call_tomorrow_if_possible 1581304437415 360 222 touchmove 113 57 0.615234375 0.615234375 0 tomorrow 0
please_call_tomorrow_if_possible 1581304437432 360 222 touchmove 114 56 0.615234375 0.615234375 0 tomorrow 0
please_call_tomorrow_if_possible 1581304437449 360 222 touchmove 116 57 0.68359375 0.68359375 0 tomorrow 0
please_call_tomorrow_if_possible 1581304437466 360 222 touchmove 120 55 0.68359375 0.68359375 0 tomorrow 0
please_call_tomorrow_if_possible 1581304437482 360 222 touchmove 126 53 0.68359375 0.68359375 0 tomorrow 0
please_call_tomorrow_if_possible 1581304437499 360 222 touchmove 134 51 0.615234375 0.615234375 0 tomorrow 0
please_call_tomorrow_if_possible 1581304437515 360 222 touchmove 145 48 0.615234375 0.615234375 0 tomorrow 0
please_call_tomorrow_if_possible 1581304437532 360 222 touchmove 158 45 0.615234375 0.615234375 0 tomorrow 0
please_call_tomorrow_if_possible 1581304437549 360 222 touchmove 171 43 0.615234375 0.615234375 0 tomorrow 0
please_call_tomorrow_if_possible 1581304437566 360 222 touchmove 185 42 0.615234375 0.615234375 0 tomorrow 0
please_call_tomorrow_if_possible 1581304437582 360 222 touchmove 200 41 0.615234375 0.615234375 0 tomorrow 0
please_call_tomorrow_if_possible 1581304437599 360 222 touchmove 216 41 0.615234375 0.615234375 0 tomorrow 0
please_call_tomorrow_if_possible 1581304437616 360 222 touchmove 231 42 0.615234375 0.615234375 0 tomorrow 0
please_call_tomorrow_if_possible 1581304437632 360 222 touchmove 247 43 0.68359375 0.68359375 0 tomorrow 0
please_call_tomorrow_if_possible 1581304437649 360 222 touchmove 263 45 0.546875 0.546875 0 tomorrow 0
please_call_tomorrow_if_possible 1581304437666 360 222 touchmove 278 46 0.615234375 0.615234375 0 tomorrow 0
please_call_tomorrow_if_possible 1581304437683 360 222 touchmove 293 48 0.615234375 0.615234375 0 tomorrow 0
please_call_tomorrow_if_possible 1581304437700 360 222 touchmove 306 48 0.615234375 0.615234375 0 tomorrow 0
please_call_tomorrow_if_possible 1581304437716 360 222 touchmove 318 47 0.546875 0.546875 0 tomorrow 0
please_call_tomorrow_if_possible 1581304437732 360 222 touchmove 325 47 0.546875 0.546875 0 tomorrow 0
please_call_tomorrow_if_possible 1581304437749 360 222 touchmove 330 47 0.478515625 0.478515625 0 tomorrow 0
please_call_tomorrow_if_possible 1581304437766 360 222 touchmove 332 46 0.478515625 0.478515625 0 tomorrow 0
please_call_tomorrow_if_possible 1581304437783 360 222 touchmove 333 47 0.478515625 0.478515625 0 tomorrow 0
please_call_tomorrow_if_possible 1581304437799 360 222 touchmove 333 46 0.546875 0.546875 0 tomorrow 0
please_call_tomorrow_if_possible 1581304437816 360 222 touchmove 331 46 0.546875 0.546875 0 tomorrow 0
please_call_tomorrow_if_possible 1581304437834 360 222 touchmove 328 46 0.615234375 0.615234375 0 tomorrow 0
please_call_tomorrow_if_possible 1581304437850 360 222 touchmove 324 46 0.615234375 0.615234375 0 tomorrow 0
please_call_tomorrow_if_possible 1581304437866 360 222 touchmove 320 46 0.615234375 0.615234375 0 tomorrow 0
please_call_tomorrow_if_possible 1581304437883 360 222 touchmove 315 45 0.68359375 0.68359375 0 tomorrow 0
please_call_tomorrow_if_possible 1581304437900 360 222 touchmove 308 44 0.615234375 0.615234375 0 tomorrow 0
please_call_tomorrow_if_possible 1581304437917 360 222 touchmove 300 44 0.68359375 0.68359375 0 tomorrow 0
please_call_tomorrow_if_possible 1581304437933 360 222 touchmove 292 43 0.615234375 0.615234375 0 tomorrow 0
please_call_tomorrow_if_possible 1581304437951 360 222 touchmove 284 42 0.615234375 0.615234375 0 tomorrow 0
please_call_tomorrow_if_possible 1581304437967 360 222 touchmove 275 42 0.68359375 0.68359375 0 tomorrow 0
please_call_tomorrow_if_possible 1581304437983 360 222 touchmove 267 45 0.615234375 0.615234375 0 tomorrow 0
please_call_tomorrow_if_possible 1581304438001 360 222 touchmove 259 48 0.615234375 0.615234375 0 tomorrow 0
please_call_tomorrow_if_possible 1581304438016 360 222 touchmove 250 52 0.68359375 0.68359375 0 tomorrow 0
please_call_tomorrow_if_possible 1581304438033 360 222 touchmove 239 57 0.68359375 0.68359375 0 tomorrow 0
please_call_tomorrow_if_possible 1581304438054 360 222 touchmove 228 61 0.615234375 0.615234375 0 tomorrow 0
please_call_tomorrow_if_possible 1581304438067 360 222 touchmove 216 66 0.68359375 0.68359375 0 tomorrow 0
please_call_tomorrow_if_possible 1581304438084 360 222 touchmove 202 69 0.68359375 0.68359375 0 tomorrow 0
please_call_tomorrow_if_possible 1581304438100 360 222 touchmove 189 71 0.68359375 0.68359375 0 tomorrow 0
please_call_tomorrow_if_possible 1581304438119 360 222 touchmove 176 71 0.68359375 0.68359375 0 tomorrow 0
please_call_tomorrow_if_possible 1581304438133 360 222 touchmove 165 70 0.68359375 0.68359375 0 tomorrow 0
please_call_tomorrow_if_possible 1581304438150 360 222 touchmove 154 68 0.68359375 0.68359375 0 tomorrow 0
please_call_tomorrow_if_possible 1581304438167 360 222 touchmove 144 65 0.751953125 0.751953125 0 tomorrow 0
please_call_tomorrow_if_possible 1581304438183 360 222 touchmove 135 61 0.68359375 0.68359375 0 tomorrow 0
please_call_tomorrow_if_possible 1581304438200 360 222 touchmove 125 57 0.68359375 0.68359375 0 tomorrow 0
please_call_tomorrow_if_possible 1581304438217 360 222 touchmove 115 53 0.68359375 0.68359375 0 tomorrow 0
please_call_tomorrow_if_possible 1581304438234 360 222 touchmove 104 49 0.68359375 0.68359375 0 tomorrow 0
please_call_tomorrow_if_possible 1581304438251 360 222 touchmove 93 45 0.751953125 0.751953125 0 tomorrow 0
please_call_tomorrow_if_possible 1581304438268 360 222 touchmove 82 41 0.751953125 0.751953125 0 tomorrow 0
please_call_tomorrow_if_possible 1581304438284 360 222 touchmove 73 39 0.68359375 0.68359375 0 tomorrow 0
please_call_tomorrow_if_possible 1581304438301 360 222 touchmove 63 38 0.751953125 0.751953125 0 tomorrow 0
please_call_tomorrow_if_possible 1581304438317 360 222 touchmove 55 38 0.751953125 0.751953125 0 tomorrow 0
please_call_tomorrow_if_possible 1581304438334 360 222 touchmove 49 38 0.615234375 0.615234375 0 tomorrow 0
please_call_tomorrow_if_possible 1581304438351 360 222 touchmove 45 40 0.615234375 0.615234375 0 tomorrow 0
please_call_tomorrow_if_possible 1581304438365 360 222 touchmove 39 43 0.751953125 0.751953125 0 tomorrow 0
please_call_tomorrow_if_possible 1581304438368 360 222 touchend 39 43 0.751953125 0.751953125 0 tomorrow 0
please_call_tomorrow_if_possible 1581304439865 360 222 touchstart 271 21 0.615234375 0.615234375 0 if 0
please_call_tomorrow_if_possible 1581304439871 360 222 touchmove 270 21 0.68359375 0.68359375 0 if 0
please_call_tomorrow_if_possible 1581304439888 360 222 touchmove 270 21 0.615234375 0.615234375 0 if 0
please_call_tomorrow_if_possible 1581304439905 360 222 touchmove 269 21 0.615234375 0.615234375 0 if 0
please_call_tomorrow_if_possible 1581304439922 360 222 touchmove 267 22 0.615234375 0.615234375 0 if 0
please_call_tomorrow_if_possible 1581304439939 360 222 touchmove 263 28 0.546875 0.546875 0 if 0
please_call_tomorrow_if_possible 1581304439955 360 222 touchmove 255 38 0.615234375 0.615234375 0 if 0
please_call_tomorrow_if_possible 1581304439971 360 222 touchmove 246 49 0.615234375 0.615234375 0 if 0
please_call_tomorrow_if_possible 1581304439989 360 222 touchmove 237 60 0.615234375 0.615234375 0 if 0
please_call_tomorrow_if_possible 1581304440005 360 222 touchmove 227 69 0.615234375 0.615234375 0 if 0
please_call_tomorrow_if_possible 1581304440023 360 222 touchmove 217 75 0.615234375 0.615234375 0 if 0
please_call_tomorrow_if_possible 1581304440039 360 222 touchmove 207 80 0.546875 0.546875 0 if 0
please_call_tomorrow_if_possible 1581304440056 360 222 touchmove 198 83 0.615234375 0.615234375 0 if 0
please_call_tomorrow_if_possible 1581304440072 360 222 touchmove 190 86 0.68359375 0.68359375 0 if 0
please_call_tomorrow_if_possible 1581304440089 360 222 touchmove 181 88 0.68359375 0.68359375 0 if 0
please_call_tomorrow_if_possible 1581304440106 360 222 touchmove 173 90 0.615234375 0.615234375 0 if 0
please_call_tomorrow_if_possible 1581304440122 360 222 touchmove 166 91 0.615234375 0.615234375 0 if 0
please_call_tomorrow_if_possible 1581304440139 360 222 touchmove 161 93 0.615234375 0.615234375 0 if 0
please_call_tomorrow_if_possible 1581304440155 360 222 touchmove 157 95 0.615234375 0.615234375 0 if 0
please_call_tomorrow_if_possible 1581304440163 360 222 touchend 157 95 0.615234375 0.615234375 0 if 0
please_call_tomorrow_if_possible 1581304441257 360 222 touchstart 342 35 0.341796875 0.341796875 0 possible 1
please_call_tomorrow_if_possible 1581304441282 360 222 touchmove 342 34 0.478515625 0.478515625 0 possible 1
please_call_tomorrow_if_possible 1581304441292 360 222 touchmove 341 34 0.478515625 0.478515625 0 possible 1
please_call_tomorrow_if_possible 1581304441308 360 222 touchmove 341 33 0.478515625 0.478515625 0 possible 1
please_call_tomorrow_if_possible 1581304441325 360 222 touchmove 340 33 0.546875 0.546875 0 possible 1
please_call_tomorrow_if_possible 1581304441341 360 222 touchmove 334 30 0.546875 0.546875 0 possible 1
please_call_tomorrow_if_possible 1581304443580 360 222 touchstart 330 38 0.478515625 0.478515625 0 possible 1
please_call_tomorrow_if_possible 1581304443597 360 222 touchmove 330 39 0.546875 0.546875 0 possible 1
please_call_tomorrow_if_possible 1581304443647 360 222 touchmove 330 39 0.546875 0.546875 0 possible 1
please_call_tomorrow_if_possible 1581304443668 360 222 touchmove 329 39 0.546875 0.546875 0 possible 1
please_call_tomorrow_if_possible 1581304443685 360 222 touchmove 329 39 0.615234375 0.615234375 0 possible 1
please_call_tomorrow_if_possible 1581304443697 360 222 touchmove 329 39 0.615234375 0.615234375 0 possible 1
please_call_tomorrow_if_possible 1581304443713 360 222 touchmove 328 39 0.68359375 0.68359375 0 possible 1
please_call_tomorrow_if_possible 1581304443730 360 222 touchmove 325 36 0.615234375 0.615234375 0 possible 1
please_call_tomorrow_if_possible 1581304443747 360 222 touchmove 323 35 0.615234375 0.615234375 0 possible 1
please_call_tomorrow_if_possible 1581304443764 360 222 touchmove 321 33 0.68359375 0.68359375 0 possible 1
please_call_tomorrow_if_possible 1581304443780 360 222 touchmove 318 32 0.68359375 0.68359375 0 possible 1
please_call_tomorrow_if_possible 1581304443797 360 222 touchmove 316 31 0.68359375 0.68359375 0 possible 1
please_call_tomorrow_if_possible 1581304443815 360 222 touchmove 312 30 0.751953125 0.751953125 0 possible 1
please_call_tomorrow_if_possible 1581304443832 360 222 touchmove 309 29 0.68359375 0.68359375 0 possible 1
please_call_tomorrow_if_possible 1581304443859 360 222 touchmove 301 27 0.68359375 0.68359375 0 possible 1
please_call_tomorrow_if_possible 1581304443865 360 222 touchmove 299 26 0.68359375 0.68359375 0 possible 1
please_call_tomorrow_if_possible 1581304443881 360 222 touchmove 295 26 0.68359375 0.68359375 0 possible 1
please_call_tomorrow_if_possible 1581304443899 360 222 touchmove 291 25 0.68359375 0.68359375 0 possible 1
please_call_tomorrow_if_possible 1581304443915 360 222 touchmove 288 25 0.68359375 0.68359375 0 possible 1
please_call_tomorrow_if_possible 1581304443932 360 222 touchmove 285 25 0.751953125 0.751953125 0 possible 1
please_call_tomorrow_if_possible 1581304443948 360 222 touchmove 281 26 0.751953125 0.751953125 0 possible 1
please_call_tomorrow_if_possible 1581304443966 360 222 touchmove 278 27 0.751953125 0.751953125 0 possible 1
please_call_tomorrow_if_possible 1581304443984 360 222 touchmove 275 28 0.68359375 0.68359375 0 possible 1
please_call_tomorrow_if_possible 1581304443999 360 222 touchmove 272 28 0.68359375 0.68359375 0 possible 1
please_call_tomorrow_if_possible 1581304444016 360 222 touchmove 269 30 0.68359375 0.68359375 0 possible 1
please_call_tomorrow_if_possible 1581304444032 360 222 touchmove 266 31 0.751953125 0.751953125 0 possible 1
please_call_tomorrow_if_possible 1581304444050 360 222 touchmove 264 33 0.751953125 0.751953125 0 possible 1
please_call_tomorrow_if_possible 1581304444065 360 222 touchmove 260 35 0.68359375 0.68359375 0 possible 1
please_call_tomorrow_if_possible 1581304444082 360 222 touchmove 257 37 0.68359375 0.68359375 0 possible 1
please_call_tomorrow_if_possible 1581304444100 360 222 touchmove 253 39 0.68359375 0.68359375 0 possible 1
please_call_tomorrow_if_possible 1581304444118 360 222 touchmove 248 42 0.68359375 0.68359375 0 possible 1
please_call_tomorrow_if_possible 1581304444132 360 222 touchmove 244 44 0.68359375 0.68359375 0 possible 1
please_call_tomorrow_if_possible 1581304444148 360 222 touchmove 239 46 0.615234375 0.615234375 0 possible 1
please_call_tomorrow_if_possible 1581304444165 360 222 touchmove 235 48 0.68359375 0.68359375 0 possible 1
please_call_tomorrow_if_possible 1581304444181 360 222 touchmove 231 50 0.615234375 0.615234375 0 possible 1
please_call_tomorrow_if_possible 1581304444194 360 222 touchmove 229 50 0.615234375 0.615234375 0 possible 1
please_call_tomorrow_if_possible 1581304444198 360 222 touchend 229 50 0.615234375 0.615234375 0 possible 1
please_call_tomorrow_if_possible 1581304445223 360 222 touchstart 334 41 0.478515625 0.478515625 0 possible 0
please_call_tomorrow_if_possible 1581304445237 360 222 touchmove 334 41 0.546875 0.546875 0 possible 0
please_call_tomorrow_if_possible 1581304445252 360 222 touchmove 334 41 0.546875 0.546875 0 possible 0
please_call_tomorrow_if_possible 1581304445269 360 222 touchmove 333 41 0.546875 0.546875 0 possible 0
please_call_tomorrow_if_possible 1581304445285 360 222 touchmove 333 41 0.546875 0.546875 0 possible 0
please_call_tomorrow_if_possible 1581304445302 360 222 touchmove 332 41 0.615234375 0.615234375 0 possible 0
please_call_tomorrow_if_possible 1581304445318 360 222 touchmove 330 41 0.615234375 0.615234375 0 possible 0
please_call_tomorrow_if_possible 1581304445335 360 222 touchmove 328 41 0.615234375 0.615234375 0 possible 0
please_call_tomorrow_if_possible 1581304445352 360 222 touchmove 325 41 0.615234375 0.615234375 0 possible 0
please_call_tomorrow_if_possible 1581304445369 360 222 touchmove 323 41 0.68359375 0.68359375 0 possible 0
please_call_tomorrow_if_possible 1581304445385 360 222 touchmove 319 41 0.751953125 0.751953125 0 possible 0
please_call_tomorrow_if_possible 1581304445402 360 222 touchmove 315 40 0.68359375 0.68359375 0 possible 0
please_call_tomorrow_if_possible 1581304445419 360 222 touchmove 311 41 0.68359375 0.68359375 0 possible 0
please_call_tomorrow_if_possible 1581304445436 360 222 touchmove 307 41 0.68359375 0.68359375 0 possible 0
please_call_tomorrow_if_possible 1581304445452 360 222 touchmove 302 42 0.68359375 0.68359375 0 possible 0
please_call_tomorrow_if_possible 1581304445468 360 222 touchmove 297 44 0.68359375 0.68359375 0 possible 0
please_call_tomorrow_if_possible 1581304445486 360 222 touchmove 291 45 0.68359375 0.68359375 0 possible 0
please_call_tomorrow_if_possible 1581304445503 360 222 touchmove 287 46 0.68359375 0.68359375 0 possible 0
please_call_tomorrow_if_possible 1581304445519 360 222 touchmove 282 47 0.68359375 0.68359375 0 possible 0
please_call_tomorrow_if_possible 1581304445537 360 222 touchmove 277 48 0.68359375 0.68359375 0 possible 0
please_call_tomorrow_if_possible 1581304445552 360 222 touchmove 273 49 0.68359375 0.68359375 0 possible 0
please_call_tomorrow_if_possible 1581304445570 360 222 touchmove 269 51 0.68359375 0.68359375 0 possible 0
please_call_tomorrow_if_possible 1581304445586 360 222 touchmove 266 53 0.68359375 0.68359375 0 possible 0
please_call_tomorrow_if_possible 1581304445603 360 222 touchmove 262 55 0.68359375 0.68359375 0 possible 0
please_call_tomorrow_if_possible 1581304445619 360 222 touchmove 258 57 0.68359375 0.68359375 0 possible 0
please_call_tomorrow_if_possible 1581304445636 360 222 touchmove 254 59 0.751953125 0.751953125 0 possible 0
please_call_tomorrow_if_possible 1581304445652 360 222 touchmove 249 62 0.751953125 0.751953125 0 possible 0
please_call_tomorrow_if_possible 1581304445676 360 222 touchmove 241 66 0.68359375 0.68359375 0 possible 0
please_call_tomorrow_if_possible 1581304445686 360 222 touchmove 237 68 0.68359375 0.68359375 0 possible 0
please_call_tomorrow_if_possible 1581304445702 360 222 touchmove 230 71 0.68359375 0.68359375 0 possible 0
please_call_tomorrow_if_possible 1581304445720 360 222 touchmove 222 75 0.68359375 0.68359375 0 possible 0
please_call_tomorrow_if_possible 1581304445737 360 222 touchmove 214 78 0.68359375 0.68359375 0 possible 0
please_call_tomorrow_if_possible 1581304445753 360 222 touchmove 204 82 0.68359375 0.68359375 0 possible 0
please_call_tomorrow_if_possible 1581304445770 360 222 touchmove 195 86 0.68359375 0.68359375 0 possible 0
please_call_tomorrow_if_possible 1581304445789 360 222 touchmove 189 89 0.615234375 0.615234375 0 possible 0
please_call_tomorrow_if_possible 1581304445805 360 222 touchmove 174 92 0.68359375 0.68359375 0 possible 0
please_call_tomorrow_if_possible 1581304445820 360 222 touchmove 164 93 0.615234375 0.615234375 0 possible 0
please_call_tomorrow_if_possible 1581304445838 360 222 touchmove 154 95 0.68359375 0.68359375 0 possible 0
please_call_tomorrow_if_possible 1581304445853 360 222 touchmove 145 96 0.68359375 0.68359375 0 possible 0
please_call_tomorrow_if_possible 1581304445870 360 222 touchmove 136 97 0.615234375 0.615234375 0 possible 0
please_call_tomorrow_if_possible 1581304445888 360 222 touchmove 128 98 0.68359375 0.68359375 0 possible 0
please_call_tomorrow_if_possible 1581304445905 360 222 touchmove 121 99 0.615234375 0.615234375 0 possible 0
please_call_tomorrow_if_possible 1581304445921 360 222 touchmove 114 100 0.68359375 0.68359375 0 possible 0
please_call_tomorrow_if_possible 1581304445938 360 222 touchmove 108 101 0.68359375 0.68359375 0 possible 0
please_call_tomorrow_if_possible 1581304445955 360 222 touchmove 103 101 0.68359375 0.68359375 0 possible 0
please_call_tomorrow_if_possible 1581304445970 360 222 touchmove 98 101 0.68359375 0.68359375 0 possible 0
please_call_tomorrow_if_possible 1581304445987 360 222 touchmove 94 101 0.68359375 0.68359375 0 possible 0
please_call_tomorrow_if_possible 1581304446004 360 222 touchmove 91 101 0.68359375 0.68359375 0 possible 0
please_call_tomorrow_if_possible 1581304446020 360 222 touchmove 88 101 0.751953125 0.751953125 0 possible 0
please_call_tomorrow_if_possible 1581304446038 360 222 touchmove 85 100 0.68359375 0.68359375 0 possible 0
please_call_tomorrow_if_possible 1581304446054 360 222 touchmove 82 100 0.68359375 0.68359375 0 possible 0
please_call_tomorrow_if_possible 1581304446072 360 222 touchmove 80 99 0.615234375 0.615234375 0 possible 0
please_call_tomorrow_if_possible 1581304446087 360 222 touchmove 79 99 0.615234375 0.615234375 0 possible 0
please_call_tomorrow_if_possible 1581304446104 360 222 touchmove 77 98 0.68359375 0.68359375 0 possible 0
please_call_tomorrow_if_possible 1581304446122 360 222 touchmove 75 98 0.68359375 0.68359375 0 possible 0
please_call_tomorrow_if_possible 1581304446139 360 222 touchmove 74 98 0.68359375 0.68359375 0 possible 0
please_call_tomorrow_if_possible 1581304446154 360 222 touchmove 73 98 0.68359375 0.68359375 0 possible 0
please_call_tomorrow_if_possible 1581304446171 360 222 touchmove 72 98 0.68359375 0.68359375 0 possible 0
please_call_tomorrow_if_possible 1581304446188 360 222 touchmove 72 98 0.68359375 0.68359375 0 possible 0
please_call_tomorrow_if_possible 1581304446205 360 222 touchmove 71 98 0.68359375 0.68359375 0 possible 0
please_call_tomorrow_if_possible 1581304446228 360 222 touchmove 71 99 0.68359375 0.68359375 0 possible 0
please_call_tomorrow_if_possible 1581304446238 360 222 touchmove 71 98 0.68359375 0.68359375 0 possible 0
please_call_tomorrow_if_possible 1581304446254 360 222 touchmove 72 98 0.68359375 0.68359375 0 possible 0
please_call_tomorrow_if_possible 1581304446273 360 222 touchmove 73 99 0.68359375 0.68359375 0 possible 0
please_call_tomorrow_if_possible 1581304446288 360 222 touchmove 76 99 0.68359375 0.68359375 0 possible 0
please_call_tomorrow_if_possible 1581304446308 360 222 touchmove 79 98 0.615234375 0.615234375 0 possible 0
please_call_tomorrow_if_possible 1581304446321 360 222 touchmove 84 97 0.615234375 0.615234375 0 possible 0
please_call_tomorrow_if_possible 1581304446339 360 222 touchmove 90 95 0.68359375 0.68359375 0 possible 0
please_call_tomorrow_if_possible 1581304446355 360 222 touchmove 98 93 0.615234375 0.615234375 0 possible 0
please_call_tomorrow_if_possible 1581304446372 360 222 touchmove 107 91 0.68359375 0.68359375 0 possible 0
please_call_tomorrow_if_possible 1581304446388 360 222 touchmove 119 88 0.615234375 0.615234375 0 possible 0
please_call_tomorrow_if_possible 1581304446406 360 222 touchmove 134 85 0.68359375 0.68359375 0 possible 0
please_call_tomorrow_if_possible 1581304446421 360 222 touchmove 149 81 0.615234375 0.615234375 0 possible 0
please_call_tomorrow_if_possible 1581304446447 360 222 touchmove 171 76 0.68359375 0.68359375 0 possible 0
please_call_tomorrow_if_possible 1581304446455 360 222 touchmove 178 75 0.68359375 0.68359375 0 possible 0
please_call_tomorrow_if_possible 1581304446470 360 222 touchmove 192 71 0.615234375 0.615234375 0 possible 0
please_call_tomorrow_if_possible 1581304446488 360 222 touchmove 205 68 0.751953125 0.751953125 0 possible 0
please_call_tomorrow_if_possible 1581304446505 360 222 touchmove 216 61 0.68359375 0.68359375 0 possible 0
please_call_tomorrow_if_possible 1581304446522 360 222 touchmove 225 56 0.68359375 0.68359375 0 possible 0
please_call_tomorrow_if_possible 1581304446539 360 222 touchmove 233 51 0.615234375 0.615234375 0 possible 0
please_call_tomorrow_if_possible 1581304446555 360 222 touchmove 240 47 0.615234375 0.615234375 0 possible 0
please_call_tomorrow_if_possible 1581304446572 360 222 touchmove 247 42 0.615234375 0.615234375 0 possible 0
please_call_tomorrow_if_possible 1581304446589 360 222 touchmove 253 36 0.615234375 0.615234375 0 possible 0
please_call_tomorrow_if_possible 1581304446605 360 222 touchmove 258 31 0.68359375 0.68359375 0 possible 0
please_call_tomorrow_if_possible 1581304446622 360 222 touchmove 262 27 0.615234375 0.615234375 0 possible 0
please_call_tomorrow_if_possible 1581304446638 360 222 touchmove 265 25 0.615234375 0.615234375 0 possible 0
please_call_tomorrow_if_possible 1581304446656 360 222 touchmove 267 23 0.615234375 0.615234375 0 possible 0
please_call_tomorrow_if_possible 1581304446672 360 222 touchmove 267 23 0.615234375 0.615234375 0 possible 0
please_call_tomorrow_if_possible 1581304446689 360 222 touchmove 267 24 0.68359375 0.68359375 0 possible 0
please_call_tomorrow_if_possible 1581304446705 360 222 touchmove 267 25 0.68359375 0.68359375 0 possible 0
please_call_tomorrow_if_possible 1581304446722 360 222 touchmove 267 28 0.68359375 0.68359375 0 possible 0
please_call_tomorrow_if_possible 1581304446738 360 222 touchmove 267 33 0.751953125 0.751953125 0 possible 0
please_call_tomorrow_if_possible 1581304446755 360 222 touchmove 267 39 0.68359375 0.68359375 0 possible 0
please_call_tomorrow_if_possible 1581304446772 360 222 touchmove 269 45 0.68359375 0.68359375 0 possible 0
please_call_tomorrow_if_possible 1581304446789 360 222 touchmove 272 52 0.751953125 0.751953125 0 possible 0
please_call_tomorrow_if_possible 1581304446806 360 222 touchmove 275 59 0.68359375 0.68359375 0 possible 0
please_call_tomorrow_if_possible 1581304446822 360 222 touchmove 280 66 0.68359375 0.68359375 0 possible 0
please_call_tomorrow_if_possible 1581304446839 360 222 touchmove 286 73 0.68359375 0.68359375 0 possible 0
please_call_tomorrow_if_possible 1581304446856 360 222 touchmove 291 79 0.68359375 0.68359375 0 possible 0
please_call_tomorrow_if_possible 1581304446872 360 222 touchmove 298 84 0.615234375 0.615234375 0 possible 0
please_call_tomorrow_if_possible 1581304446890 360 222 touchmove 304 89 0.615234375 0.615234375 0 possible 0
please_call_tomorrow_if_possible 1581304446906 360 222 touchmove 311 93 0.615234375 0.615234375 0 possible 0
please_call_tomorrow_if_possible 1581304446923 360 222 touchmove 316 97 0.615234375 0.615234375 0 possible 0
please_call_tomorrow_if_possible 1581304446940 360 222 touchmove 321 100 0.546875 0.546875 0 possible 0
please_call_tomorrow_if_possible 1581304446957 360 222 touchmove 325 104 0.615234375 0.615234375 0 possible 0
please_call_tomorrow_if_possible 1581304446973 360 222 touchmove 327 107 0.615234375 0.615234375 0 possible 0
please_call_tomorrow_if_possible 1581304446989 360 222 touchmove 327 109 0.615234375 0.615234375 0 possible 0
please_call_tomorrow_if_possible 1581304447006 360 222 touchmove 327 110 0.615234375 0.615234375 0 possible 0
please_call_tomorrow_if_possible 1581304447024 360 222 touchmove 326 111 0.615234375 0.615234375 0 possible 0
please_call_tomorrow_if_possible 1581304447040 360 222 touchmove 322 113 0.615234375 0.615234375 0 possible 0
please_call_tomorrow_if_possible 1581304447057 360 222 touchmove 318 113 0.615234375 0.615234375 0 possible 0
please_call_tomorrow_if_possible 1581304447073 360 222 touchmove 312 114 0.615234375 0.615234375 0 possible 0
please_call_tomorrow_if_possible 1581304447090 360 222 touchmove 305 114 0.615234375 0.615234375 0 possible 0
please_call_tomorrow_if_possible 1581304447106 360 222 touchmove 296 115 0.68359375 0.68359375 0 possible 0
please_call_tomorrow_if_possible 1581304447124 360 222 touchmove 287 116 0.68359375 0.68359375 0 possible 0
please_call_tomorrow_if_possible 1581304447141 360 222 touchmove 275 118 0.615234375 0.615234375 0 possible 0
please_call_tomorrow_if_possible 1581304447158 360 222 touchmove 264 120 0.68359375 0.68359375 0 possible 0
please_call_tomorrow_if_possible 1581304447173 360 222 touchmove 252 122 0.68359375 0.68359375 0 possible 0
please_call_tomorrow_if_possible 1581304447190 360 222 touchmove 240 125 0.68359375 0.68359375 0 possible 0
please_call_tomorrow_if_possible 1581304447207 360 222 touchmove 229 128 0.68359375 0.68359375 0 possible 0
please_call_tomorrow_if_possible 1581304447223 360 222 touchmove 219 132 0.68359375 0.68359375 0 possible 0
please_call_tomorrow_if_possible 1581304447240 360 222 touchmove 210 135 0.68359375 0.68359375 0 possible 0
please_call_tomorrow_if_possible 1581304447256 360 222 touchmove 202 139 0.68359375 0.68359375 0 possible 0
please_call_tomorrow_if_possible 1581304447279 360 222 touchmove 196 142 0.68359375 0.68359375 0 possible 0
please_call_tomorrow_if_possible 1581304447290 360 222 touchmove 190 145 0.68359375 0.68359375 0 possible 0
please_call_tomorrow_if_possible 1581304447307 360 222 touchmove 186 147 0.68359375 0.68359375 0 possible 0
please_call_tomorrow_if_possible 1581304447324 360 222 touchmove 182 148 0.68359375 0.68359375 0 possible 0
please_call_tomorrow_if_possible 1581304447340 360 222 touchmove 178 147 0.615234375 0.615234375 0 possible 0
please_call_tomorrow_if_possible 1581304447357 360 222 touchmove 175 146 0.615234375 0.615234375 0 possible 0
please_call_tomorrow_if_possible 1581304447374 360 222 touchmove 172 144 0.615234375 0.615234375 0 possible 0
please_call_tomorrow_if_possible 1581304447391 360 222 touchmove 168 141 0.615234375 0.615234375 0 possible 0
please_call_tomorrow_if_possible 1581304447407 360 222 touchmove 163 135 0.615234375 0.615234375 0 possible 0
please_call_tomorrow_if_possible 1581304447424 360 222 touchmove 158 128 0.615234375 0.615234375 0 possible 0
please_call_tomorrow_if_possible 1581304447440 360 222 touchmove 152 121 0.68359375 0.68359375 0 possible 0
please_call_tomorrow_if_possible 1581304447457 360 222 touchmove 147 112 0.68359375 0.68359375 0 possible 0
please_call_tomorrow_if_possible 1581304447474 360 222 touchmove 142 102 0.68359375 0.68359375 0 possible 0
please_call_tomorrow_if_possible 1581304447491 360 222 touchmove 137 92 0.615234375 0.615234375 0 possible 0
please_call_tomorrow_if_possible 1581304447507 360 222 touchmove 132 82 0.615234375 0.615234375 0 possible 0
please_call_tomorrow_if_possible 1581304447530 360 222 touchmove 129 71 0.68359375 0.68359375 0 possible 0
please_call_tomorrow_if_possible 1581304447541 360 222 touchmove 127 61 0.615234375 0.615234375 0 possible 0
please_call_tomorrow_if_possible 1581304447557 360 222 touchmove 125 54 0.615234375 0.615234375 0 possible 0
please_call_tomorrow_if_possible 1581304447567 360 222 touchend 125 54 0.615234375 0.615234375 0 possible 0
i_am_trying_again 1581304452041 360 222 touchstart 265 36 0.546875 0.546875 0 i 0
i_am_trying_again 1581304452052 360 222 touchmove 265 36 0.615234375 0.615234375 0 i 0
i_am_trying_again 1581304452069 360 222 touchmove 264 36 0.615234375 0.615234375 0 i 0
i_am_trying_again 1581304452085 360 222 touchmove 263 36 0.615234375 0.615234375 0 i 0
i_am_trying_again 1581304452102 360 222 touchmove 264 37 0.615234375 0.615234375 0 i 0
i_am_trying_again 1581304452118 360 222 touchmove 264 38 0.615234375 0.615234375 0 i 0
i_am_trying_again 1581304452120 360 222 touchend 264 38 0.615234375 0.615234375 0 i 0
i_am_trying_again 1581304452949 360 222 touchstart 37 97 0.546875 0.546875 0 am 0
i_am_trying_again 1581304452971 360 222 touchmove 38 97 0.68359375 0.68359375 0 am 0
i_am_trying_again 1581304452988 360 222 touchmove 38 97 0.68359375 0.68359375 0 am 0
i_am_trying_again 1581304453004 360 222 touchmove 40 98 0.615234375 0.615234375 0 am 0
i_am_trying_again 1581304453022 360 222 touchmove 42 99 0.68359375 0.68359375 0 am 0
i_am_trying_again 1581304453037 360 222 touchmove 52 106 0.751953125 0.751953125 0 am 0
i_am_trying_again 1581304453055 360 222 touchmove 62 111 0.68359375 0.68359375 0 am 0
i_am_trying_again 1581304453071 360 222 touchmove 72 116 0.68359375 0.68359375 0 am 0
i_am_trying_again 1581304453088 360 222 touchmove 85 120 0.68359375 0.68359375 0 am 0
i_am_trying_again 1581304453104 360 222 touchmove 101 124 0.68359375 0.68359375 0 am 0
i_am_trying_again 1581304453121 360 222 touchmove 117 127 0.68359375 0.68359375 0 am 0
i_am_trying_again 1581304453138 360 222 touchmove 135 132 0.751953125 0.751953125 0 am 0
i_am_trying_again 1581304453155 360 222 touchmove 154 135 0.751953125 0.751953125 0 am 0
i_am_trying_again 1581304453171 360 222 touchmove 173 138 0.751953125 0.751953125 0 am 0
i_am_trying_again 1581304453187 360 222 touchmove 192 141 0.68359375 0.68359375 0 am 0
i_am_trying_again 1581304453205 360 222 touchmove 211 144 0.68359375 0.68359375 0 am 0
i_am_trying_again 1581304453222 360 222 touchmove 228 147 0.68359375 0.68359375 0 am 0
i_am_trying_again 1581304453238 360 222 touchmove 246 151 0.68359375 0.68359375 0 am 0
i_am_trying_again 1581304453254 360 222 touchmove 261 156 0.615234375 0.615234375 0 am 0
i_am_trying_again 1581304453272 360 222 touchmove 275 160 0.615234375 0.615234375 0 am 0
i_am_trying_again 1581304453289 360 222 touchmove 286 164 0.546875 0.546875 0 am 0
i_am_trying_again 1581304453306 360 222 touchmove 300 170 0.41015625 0.41015625 0 am 0
i_am_trying_again 1581304453314 360 222 touchend 300 170 0.41015625 0.41015625 0 am 0
i_am_trying_again 1581304454577 360 222 touchstart 171 27 0.615234375 0.615234375 0 trying 0
i_am_trying_again 1581304454592 360 222 touchmove 171 27 0.615234375 0.615234375 0 trying 0
i_am_trying_again 1581304454608 360 222 touchmove 170 26 0.615234375 0.615234375 0 trying 0
i_am_trying_again 1581304454626 360 222 touchmove 169 26 0.68359375 0.68359375 0 trying 0
i_am_trying_again 1581304454641 360 222 touchmove 167 26 0.68359375 0.68359375 0 trying 0
i_am_trying_again 1581304454659 360 222 touchmove 161 27 0.68359375 0.68359375 0 trying 0
i_am_trying_again 1581304454675 360 222 touchmove 153 30 0.68359375 0.68359375 0 trying 0
i_am_trying_again 1581304454691 360 222 touchmove 144 32 0.68359375 0.68359375 0 trying 0
i_am_trying_again 1581304454708 360 222 touchmove 135 35 0.751953125 0.751953125 0 trying 0
i_am_trying_again 1581304454725 360 222 touchmove 126 38 0.68359375 0.68359375 0 trying 0
i_am_trying_again 1581304454742 360 222 touchmove 120 41 0.68359375 0.68359375 0 trying 0
i_am_trying_again 1581304454759 360 222 touchmove 117 43 0.68359375 0.68359375 0 trying 0
i_am_trying_again 1581304454775 360 222 touchmove 116 45 0.68359375 0.68359375 0 trying 0
i_am_trying_again 1581304454792 360 222 touchmove 117 46 0.68359375 0.68359375 0 trying 0
i_am_trying_again 1581304454808 360 222 touchmove 120 48 0.615234375 0.615234375 0 trying 0
i_am_trying_again 1581304454825 360 222 touchmove 124 50 0.615234375 0.615234375 0 trying 0
i_am_trying_again 1581304454843 360 222 touchmove 132 51 0.68359375 0.68359375 0 trying 0
i_am_trying_again 1581304454858 360 222 touchmove 139 52 0.615234375 0.615234375 0 trying 0
i_am_trying_again 1581304454875 360 222 touchmove 147 52 0.68359375 0.68359375 0 trying 0
i_am_trying_again 1581304454892 360 222 touchmove 156 52 0.68359375 0.68359375 0 trying 0
i_am_trying_again 1581304454909 360 222 touchmove 165 52 0.615234375 0.615234375 0 trying 0
i_am_trying_again 1581304454926 360 222 touchmove 174 52 0.615234375 0.615234375 0 trying 0
i_am_trying_again 1581304454943 360 222 touchmove 182 50 0.615234375 0.615234375 0 trying 0
i_am_trying_again 1581304454959 360 222 touchmove 190 48 0.68359375 0.68359375 0 trying 0
i_am_trying_again 1581304454976 360 222 touchmove 199 44 0.615234375 0.615234375 0 trying 0
i_am_trying_again 1581304454992 360 222 touchmove 206 40 0.615234375 0.615234375 0 trying 0
i_am_trying_again 1581304455008 360 222 touchmove 213 34 0.615234375 0.615234375 0 trying 0
i_am_trying_again 1581304455026 360 222 touchmove 223 29 0.68359375 0.68359375 0 trying 0
i_am_trying_again 1581304455043 360 222 touchmove 233 25 0.68359375 0.68359375 0 trying 0
i_am_trying_again 1581304455059 360 222 touchmove 244 21 0.615234375 0.615234375 0 trying 0
i_am_trying_again 1581304455081 360 222 touchmove 255 19 0.68359375 0.68359375 0 trying 0
i_am_trying_again 1581304455093 360 222 touchmove 264 17 0.68359375 0.68359375 0 trying 0
i_am_trying_again 1581304455109 360 222 touchmove 273 17 0.68359375 0.68359375 0 trying 0
i_am_trying_again 1581304455126 360 222 touchmove 280 18 0.615234375 0.615234375 0 trying 0
i_am_trying_again 1581304455142 360 222 touchmove 285 21 0.615234375 0.615234375 0 trying 0
i_am_trying_again 1581304455159 360 222 touchmove 289 24 0.615234375 0.615234375 0 trying 0
i_am_trying_again 1581304455176 360 222 touchmove 291 27 0.615234375 0.615234375 0 trying 0
i_am_trying_again 1581304455193 360 222 touchmove 293 34 0.615234375 0.615234375 0 trying 0
i_am_trying_again 1581304455210 360 222 touchmove 294 43 0.615234375 0.615234375 0 trying 0
i_am_trying_again 1581304455228 360 222 touchmove 293 52 0.615234375 0.615234375 0 trying 0
i_am_trying_again 1581304455243 360 222 touchmove 291 63 0.615234375 0.615234375 0 trying 0
i_am_trying_again 1581304455261 360 222 touchmove 289 74 0.68359375 0.68359375 0 trying 0
i_am_trying_again 1581304455276 360 222 touchmove 286 84 0.68359375 0.68359375 0 trying 0
i_am_trying_again 1581304455292 360 222 touchmove 282 94 0.615234375 0.615234375 0 trying 0
i_am_trying_again 1581304455311 360 222 touchmove 280 105 0.615234375 0.615234375 0 trying 0
i_am_trying_again 1581304455326 360 222 touchmove 277 114 0.615234375 0.615234375 0 trying 0
i_am_trying_again 1581304455344 360 222 touchmove 274 124 0.615234375 0.615234375 0 trying 0
i_am_trying_again 1581304455360 360 222 touchmove 272 133 0.615234375 0.615234375 0 trying 0
i_am_trying_again 1581304455377 360 222 touchmove 271 141 0.615234375 0.615234375 0 trying 0
i_am_trying_again 1581304455393 360 222 touchmove 269 149 0.615234375 0.615234375 0 trying 0
i_am_trying_again 1581304455410 360 222 touchmove 269 158 0.615234375 0.615234375 0 trying 0
i_am_trying_again 1581304455427 360 222 touchmove 268 166 0.615234375 0.615234375 0 trying 0
i_am_trying_again 1581304455444 360 222 touchmove 267 171 0.615234375 0.615234375 0 trying 0
i_am_trying_again 1581304455460 360 222 touchmove 267 175 0.615234375 0.615234375 0 trying 0
i_am_trying_again 1581304455478 360 222 touchmove 267 177 0.546875 0.546875 0 trying 0
i_am_trying_again 1581304455494 360 222 touchmove 266 177 0.546875 0.546875 0 trying 0
i_am_trying_again 1581304455510 360 222 touchmove 266 176 0.546875 0.546875 0 trying 0
i_am_trying_again 1581304455527 360 222 touchmove 264 173 0.615234375 0.615234375 0 trying 0
i_am_trying_again 1581304455544 360 222 touchmove 261 169 0.615234375 0.615234375 0 trying 0
i_am_trying_again 1581304455560 360 222 touchmove 255 165 0.68359375 0.68359375 0 trying 0
i_am_trying_again 1581304455577 360 222 touchmove 247 159 0.615234375 0.615234375 0 trying 0
i_am_trying_again 1581304455594 360 222 touchmove 237 152 0.68359375 0.68359375 0 trying 0
i_am_trying_again 1581304455610 360 222 touchmove 228 145 0.68359375 0.68359375 0 trying 0
i_am_trying_again 1581304455631 360 222 touchmove 218 135 0.68359375 0.68359375 0 trying 0
i_am_trying_again 1581304455644 360 222 touchmove 211 126 0.615234375 0.615234375 0 trying 0
i_am_trying_again 1581304455660 360 222 touchmove 205 120 0.615234375 0.615234375 0 trying 0
i_am_trying_again 1581304455674 360 222 touchmove 203 118 0.615234375 0.615234375 0 trying 0
i_am_trying_again 1581304455676 360 222 touchend 203 118 0.615234375 0.615234375 0 trying 0
