sentence timestamp keyb_width keyb_height event x_pos y_pos x_radius y_radius angle word is_err
dragon_gruppo_world_resistant 1580232426279 411 248 touchstart 135 108 1.7131266593933 1.7131266593933 0 dragon 0
dragon_gruppo_world_resistant 1580232426286 411 248 touchmove 135 108 1.9034739732742 1.9034739732742 0 dragon 0
dragon_gruppo_world_resistant 1580232426301 411 248 touchmove 135 108 2.2841687202454 2.2841687202454 0 dragon 0
dragon_gruppo_world_resistant 1580232426319 411 248 touchmove 135 107 2.2841687202454 2.2841687202454 0 dragon 0
dragon_gruppo_world_resistant 1580232426334 411 248 touchmove 136 103 2.6648635864258 2.6648635864258 0 dragon 0
dragon_gruppo_world_resistant 1580232426350 411 248 touchmove 139 91 2.6648635864258 2.6648635864258 0 dragon 0
dragon_gruppo_world_resistant 1580232426366 411 248 touchmove 145 76 2.4745161533356 2.4745161533356 0 dragon 0
dragon_gruppo_world_resistant 1580232426383 411 248 touchmove 151 63 2.6648635864258 2.6648635864258 0 dragon 0
dragon_gruppo_world_resistant 1580232426400 411 248 touchmove 156 53 2.6648635864258 2.6648635864258 0 dragon 0
dragon_gruppo_world_resistant 1580232426416 411 248 touchmove 159 46 2.6648635864258 2.6648635864258 0 dragon 0
dragon_gruppo_world_resistant 1580232426432 411 248 touchmove 160 43 2.6648635864258 2.6648635864258 0 dragon 0
dragon_gruppo_world_resistant 1580232426449 411 248 touchmove 160 41 2.6648635864258 2.6648635864258 0 dragon 0
dragon_gruppo_world_resistant 1580232426469 411 248 touchmove 160 39 2.6648635864258 2.6648635864258 0 dragon 0
dragon_gruppo_world_resistant 1580232426481 411 248 touchmove 158 39 2.4745161533356 2.4745161533356 0 dragon 0
dragon_gruppo_world_resistant 1580232426498 411 248 touchmove 153 39 2.0938215255737 2.0938215255737 0 dragon 0
dragon_gruppo_world_resistant 1580232426514 411 248 touchmove 140 43 2.6648635864258 2.6648635864258 0 dragon 0
dragon_gruppo_world_resistant 1580232426530 411 248 touchmove 123 49 1.9034739732742 1.9034739732742 0 dragon 0
dragon_gruppo_world_resistant 1580232426547 411 248 touchmove 106 58 1.7131266593933 1.7131266593933 0 dragon 0
dragon_gruppo_world_resistant 1580232426564 411 248 touchmove 92 67 1.7131266593933 1.7131266593933 0 dragon 0
dragon_gruppo_world_resistant 1580232426580 411 248 touchmove 81 76 1.9034739732742 1.9034739732742 0 dragon 0
dragon_gruppo_world_resistant 1580232426596 411 248 touchmove 73 82 2.0938215255737 2.0938215255737 0 dragon 0
dragon_gruppo_world_resistant 1580232426612 411 248 touchmove 67 87 1.9034739732742 1.9034739732742 0 dragon 0
dragon_gruppo_world_resistant 1580232426629 411 248 touchmove 61 92 2.0938215255737 2.0938215255737 0 dragon 0
dragon_gruppo_world_resistant 1580232426646 411 248 touchmove 55 95 1.7131266593933 1.7131266593933 0 dragon 0
dragon_gruppo_world_resistant 1580232426662 411 248 touchmove 52 98 2.0938215255737 2.0938215255737 0 dragon 0
dragon_gruppo_world_resistant 1580232426678 411 248 touchmove 49 100 1.9034739732742 1.9034739732742 0 dragon 0
dragon_gruppo_world_resistant 1580232426695 411 248 touchmove 46 102 1.7131266593933 1.7131266593933 0 dragon 0
dragon_gruppo_world_resistant 1580232426711 411 248 touchmove 44 103 1.7131266593933 1.7131266593933 0 dragon 0
dragon_gruppo_world_resistant 1580232426727 411 248 touchmove 42 105 1.7131266593933 1.7131266593933 0 dragon 0
dragon_gruppo_world_resistant 1580232426744 411 248 touchmove 41 106 1.9034739732742 1.9034739732742 0 dragon 0
dragon_gruppo_world_resistant 1580232426761 411 248 touchmove 40 107 1.9034739732742 1.9034739732742 0 dragon 0
dragon_gruppo_world_resistant 1580232426779 411 248 touchmove 38 109 1.7131266593933 1.7131266593933 0 dragon 0
dragon_gruppo_world_resistant 1580232426793 411 248 touchmove 36 112 1.5227792263031 1.5227792263031 0 dragon 0
dragon_gruppo_world_resistant 1580232426810 411 248 touchmove 34 115 1.5227792263031 1.5227792263031 0 dragon 0
dragon_gruppo_world_resistant 1580232426826 411 248 touchmove 33 117 1.7131266593933 1.7131266593933 0 dragon 0
dragon_gruppo_world_resistant 1580232426843 411 248 touchmove 32 118 1.7131266593933 1.7131266593933 0 dragon 0
dragon_gruppo_world_resistant 1580232426894 411 248 touchmove 32 118 1.9034739732742 1.9034739732742 0 dragon 0
dragon_gruppo_world_resistant 1580232426909 411 248 touchmove 33 117 1.9034739732742 1.9034739732742 0 dragon 0
dragon_gruppo_world_resistant 1580232426925 411 248 touchmove 33 117 1.9034739732742 1.9034739732742 0 dragon 0
dragon_gruppo_world_resistant 1580232426941 411 248 touchmove 34 117 2.0938215255737 2.0938215255737 0 dragon 0
dragon_gruppo_world_resistant 1580232426958 411 248 touchmove 35 116 2.0938215255737 2.0938215255737 0 dragon 0
dragon_gruppo_world_resistant 1580232426974 411 248 touchmove 35 116 2.0938215255737 2.0938215255737 0 dragon 0
dragon_gruppo_world_resistant 1580232426991 411 248 touchmove 36 116 2.2841687202454 2.2841687202454 0 dragon 0
dragon_gruppo_world_resistant 1580232427125 411 248 touchmove 36 116 2.4745161533356 2.4745161533356 0 dragon 0
dragon_gruppo_world_resistant 1580232427188 411 248 touchmove 36 115 2.4745161533356 2.4745161533356 0 dragon 0
dragon_gruppo_world_resistant 1580232427204 411 248 touchmove 37 115 2.4745161533356 2.4745161533356 0 dragon 0
dragon_gruppo_world_resistant 1580232427220 411 248 touchmove 38 114 2.4745161533356 2.4745161533356 0 dragon 0
dragon_gruppo_world_resistant 1580232427238 411 248 touchmove 38 113 2.4745161533356 2.4745161533356 0 dragon 0
dragon_gruppo_world_resistant 1580232427253 411 248 touchmove 38 113 2.6648635864258 2.6648635864258 0 dragon 0
dragon_gruppo_world_resistant 1580232427270 411 248 touchmove 38 113 2.6648635864258 2.6648635864258 0 dragon 0
dragon_gruppo_world_resistant 1580232427286 411 248 touchmove 38 113 2.6648635864258 2.6648635864258 0 dragon 0
dragon_gruppo_world_resistant 1580232427370 411 248 touchmove 39 112 2.6648635864258 2.6648635864258 0 dragon 0
dragon_gruppo_world_resistant 1580232427385 411 248 touchmove 40 111 2.6648635864258 2.6648635864258 0 dragon 0
dragon_gruppo_world_resistant 1580232427401 411 248 touchmove 41 110 2.855211019516 2.855211019516 0 dragon 0
dragon_gruppo_world_resistant 1580232427469 411 248 touchmove 41 110 2.6648635864258 2.6648635864258 0 dragon 0
dragon_gruppo_world_resistant 1580232427483 411 248 touchmove 44 108 2.4745161533356 2.4745161533356 0 dragon 0
dragon_gruppo_world_resistant 1580232427501 411 248 touchmove 51 103 2.6648635864258 2.6648635864258 0 dragon 0
dragon_gruppo_world_resistant 1580232427518 411 248 touchmove 69 94 2.0938215255737 2.0938215255737 0 dragon 0
dragon_gruppo_world_resistant 1580232427533 411 248 touchmove 92 86 2.2841687202454 2.2841687202454 0 dragon 0
dragon_gruppo_world_resistant 1580232427549 411 248 touchmove 118 83 2.2841687202454 2.2841687202454 0 dragon 0
dragon_gruppo_world_resistant 1580232427566 411 248 touchmove 143 83 2.2841687202454 2.2841687202454 0 dragon 0
dragon_gruppo_world_resistant 1580232427582 411 248 touchmove 165 85 2.2841687202454 2.2841687202454 0 dragon 0
dragon_gruppo_world_resistant 1580232427600 411 248 touchmove 181 89 2.0938215255737 2.0938215255737 0 dragon 0
dragon_gruppo_world_resistant 1580232427615 411 248 touchmove 194 93 2.2841687202454 2.2841687202454 0 dragon 0
dragon_gruppo_world_resistant 1580232427631 411 248 touchmove 202 97 2.4745161533356 2.4745161533356 0 dragon 0
dragon_gruppo_world_resistant 1580232427648 411 248 touchmove 209 100 2.4745161533356 2.4745161533356 0 dragon 0
dragon_gruppo_world_resistant 1580232427664 411 248 touchmove 213 103 2.2841687202454 2.2841687202454 0 dragon 0
dragon_gruppo_world_resistant 1580232427680 411 248 touchmove 216 105 1.9034739732742 1.9034739732742 0 dragon 0
dragon_gruppo_world_resistant 1580232427697 411 248 touchmove 218 108 2.0938215255737 2.0938215255737 0 dragon 0
dragon_gruppo_world_resistant 1580232427714 411 248 touchmove 219 110 2.4745161533356 2.4745161533356 0 dragon 0
dragon_gruppo_world_resistant 1580232427730 411 248 touchmove 219 112 2.6648635864258 2.6648635864258 0 dragon 0
dragon_gruppo_world_resistant 1580232427747 411 248 touchmove 220 113 2.6648635864258 2.6648635864258 0 dragon 0
dragon_gruppo_world_resistant 1580232427763 411 248 touchmove 220 114 2.6648635864258 2.6648635864258 0 dragon 0
dragon_gruppo_world_resistant 1580232427780 411 248 touchmove 221 115 2.6648635864258 2.6648635864258 0 dragon 0
dragon_gruppo_world_resistant 1580232427797 411 248 touchmove 221 115 2.855211019516 2.855211019516 0 dragon 0
dragon_gruppo_world_resistant 1580232427812 411 248 touchmove 222 115 3.0455584526062 3.0455584526062 0 dragon 0
dragon_gruppo_world_resistant 1580232427829 411 248 touchmove 222 115 3.0455584526062 3.0455584526062 0 dragon 0
dragon_gruppo_world_resistant 1580232427845 411 248 touchmove 223 115 3.0455584526062 3.0455584526062 0 dragon 0
dragon_gruppo_world_resistant 1580232427861 411 248 touchmove 223 114 3.0455584526062 3.0455584526062 0 dragon 0
dragon_gruppo_world_resistant 1580232427879 411 248 touchmove 223 114 3.0455584526062 3.0455584526062 0 dragon 0
dragon_gruppo_world_resistant 1580232427895 411 248 touchmove 223 113 3.0455584526062 3.0455584526062 0 dragon 0
dragon_gruppo_world_resistant 1580232427911 411 248 touchmove 223 113 3.0455584526062 3.0455584526062 0 dragon 0
dragon_gruppo_world_resistant 1580232427927 411 248 touchmove 222 113 3.0455584526062 3.0455584526062 0 dragon 0
dragon_gruppo_world_resistant 1580232427944 411 248 touchmove 222 112 3.0455584526062 3.0455584526062 0 dragon 0
dragon_gruppo_world_resistant 1580232427960 411 248 touchmove 222 112 3.0455584526062 3.0455584526062 0 dragon 0
dragon_gruppo_world_resistant 1580232427977 411 248 touchmove 222 111 3.235906124115 3.235906124115 0 dragon 0
dragon_gruppo_world_resistant 1580232428061 411 248 touchmove 222 111 3.0455584526062 3.0455584526062 0 dragon 0
dragon_gruppo_world_resistant 1580232428083 411 248 touchmove 222 111 3.235906124115 3.235906124115 0 dragon 0
dragon_gruppo_world_resistant 1580232428100 411 248 touchmove 222 111 3.0455584526062 3.0455584526062 0 dragon 0
dragon_gruppo_world_resistant 1580232428141 411 248 touchmove 222 111 3.235906124115 3.235906124115 0 dragon 0
dragon_gruppo_world_resistant 1580232428158 411 248 touchmove 222 111 3.235906124115 3.235906124115 0 dragon 0
dragon_gruppo_world_resistant 1580232428174 411 248 touchmove 222 111 3.235906124115 3.235906124115 0 dragon 0
dragon_gruppo_world_resistant 1580232428191 411 248 touchmove 222 111 3.0455584526062 3.0455584526062 0 dragon 0
dragon_gruppo_world_resistant 1580232428208 411 248 touchmove 222 111 3.235906124115 3.235906124115 0 dragon 0
dragon_gruppo_world_resistant 1580232428373 411 248 touchmove 222 111 3.235906124115 3.235906124115 0 dragon 0
dragon_gruppo_world_resistant 1580232428389 411 248 touchmove 222 110 3.235906124115 3.235906124115 0 dragon 0
dragon_gruppo_world_resistant 1580232428404 411 248 touchmove 223 109 3.4262533187866 3.4262533187866 0 dragon 0
dragon_gruppo_world_resistant 1580232428422 411 248 touchmove 223 108 3.235906124115 3.235906124115 0 dragon 0
dragon_gruppo_world_resistant 1580232428436 411 248 touchmove 223 108 3.0455584526062 3.0455584526062 0 dragon 0
dragon_gruppo_world_resistant 1580232428453 411 248 touchmove 224 107 3.235906124115 3.235906124115 0 dragon 0
dragon_gruppo_world_resistant 1580232428469 411 248 touchmove 225 106 3.235906124115 3.235906124115 0 dragon 0
dragon_gruppo_world_resistant 1580232428486 411 248 touchmove 227 105 3.0455584526062 3.0455584526062 0 dragon 0
dragon_gruppo_world_resistant 1580232428502 411 248 touchmove 231 103 3.0455584526062 3.0455584526062 0 dragon 0
dragon_gruppo_world_resistant 1580232428519 411 248 touchmove 237 99 3.0455584526062 3.0455584526062 0 dragon 0
dragon_gruppo_world_resistant 1580232428535 411 248 touchmove 247 91 3.0455584526062 3.0455584526062 0 dragon 0
dragon_gruppo_world_resistant 1580232428551 411 248 touchmove 258 83 2.855211019516 2.855211019516 0 dragon 0
dragon_gruppo_world_resistant 1580232428569 411 248 touchmove 271 73 2.4745161533356 2.4745161533356 0 dragon 0
dragon_gruppo_world_resistant 1580232428585 411 248 touchmove 284 64 2.4745161533356 2.4745161533356 0 dragon 0
dragon_gruppo_world_resistant 1580232428601 411 248 touchmove 296 57 2.6648635864258 2.6648635864258 0 dragon 0
dragon_gruppo_world_resistant 1580232428617 411 248 touchmove 307 52 2.4745161533356 2.4745161533356 0 dragon 0
dragon_gruppo_world_resistant 1580232428634 411 248 touchmove 316 48 2.4745161533356 2.4745161533356 0 dragon 0
dragon_gruppo_world_resistant 1580232428651 411 248 touchmove 324 45 2.6648635864258 2.6648635864258 0 dragon 0
dragon_gruppo_world_resistant 1580232428667 411 248 touchmove 330 43 2.6648635864258 2.6648635864258 0 dragon 0
dragon_gruppo_world_resistant 1580232428683 411 248 touchmove 336 42 2.6648635864258 2.6648635864258 0 dragon 0
dragon_gruppo_world_resistant 1580232428700 411 248 touchmove 341 41 2.4745161533356 2.4745161533356 0 dragon 0
dragon_gruppo_world_resistant 1580232428716 411 248 touchmove 346 41 2.4745161533356 2.4745161533356 0 dragon 0
dragon_gruppo_world_resistant 1580232428733 411 248 touchmove 349 41 2.6648635864258 2.6648635864258 0 dragon 0
dragon_gruppo_world_resistant 1580232428749 411 248 touchmove 352 41 2.6648635864258 2.6648635864258 0 dragon 0
dragon_gruppo_world_resistant 1580232428765 411 248 touchmove 354 41 2.855211019516 2.855211019516 0 dragon 0
dragon_gruppo_world_resistant 1580232428782 411 248 touchmove 355 41 2.855211019516 2.855211019516 0 dragon 0
dragon_gruppo_world_resistant 1580232428798 411 248 touchmove 355 42 2.855211019516 2.855211019516 0 dragon 0
dragon_gruppo_world_resistant 1580232428814 411 248 touchmove 355 42 3.0455584526062 3.0455584526062 0 dragon 0
dragon_gruppo_world_resistant 1580232428831 411 248 touchmove 355 43 3.0455584526062 3.0455584526062 0 dragon 0
dragon_gruppo_world_resistant 1580232428847 411 248 touchmove 355 43 3.0455584526062 3.0455584526062 0 dragon 0
dragon_gruppo_world_resistant 1580232428863 411 248 touchmove 355 43 3.0455584526062 3.0455584526062 0 dragon 0
dragon_gruppo_world_resistant 1580232428880 411 248 touchmove 355 44 3.0455584526062 3.0455584526062 0 dragon 0
dragon_gruppo_world_resistant 1580232428897 411 248 touchmove 354 44 3.0455584526062 3.0455584526062 0 dragon 0
dragon_gruppo_world_resistant 1580232428913 411 248 touchmove 354 44 3.0455584526062 3.0455584526062 0 dragon 0
dragon_gruppo_world_resistant 1580232428930 411 248 touchmove 354 45 3.0455584526062 3.0455584526062 0 dragon 0
dragon_gruppo_world_resistant 1580232428946 411 248 touchmove 353 46 3.0455584526062 3.0455584526062 0 dragon 0
dragon_gruppo_world_resistant 1580232428962 411 248 touchmove 352 46 3.235906124115 3.235906124115 0 dragon 0
dragon_gruppo_world_resistant 1580232428979 411 248 touchmove 352 47 3.235906124115 3.235906124115 0 dragon 0
dragon_gruppo_world_resistant 1580232428996 411 248 touchmove 349 49 2.6648635864258 2.6648635864258 0 dragon 0
dragon_gruppo_world_resistant 1580232429012 411 248 touchmove 343 53 3.0455584526062 3.0455584526062 0 dragon 0
dragon_gruppo_world_resistant 1580232429028 411 248 touchmove 332 66 2.6648635864258 2.6648635864258 0 dragon 0
dragon_gruppo_world_resistant 1580232429044 411 248 touchmove 319 88 2.6648635864258 2.6648635864258 0 dragon 0
dragon_gruppo_world_resistant 1580232429062 411 248 touchmove 306 114 2.4745161533356 2.4745161533356 0 dragon 0
dragon_gruppo_world_resistant 1580232429078 411 248 touchmove 296 142 1.9034739732742 1.9034739732742 0 dragon 0
dragon_gruppo_world_resistant 1580232429094 411 248 touchmove 289 168 1.7131266593933 1.7131266593933 0 dragon 0
dragon_gruppo_world_resistant 1580232429110 411 248 touchmove 284 193 1.9034739732742 1.9034739732742 0 dragon 0
dragon_gruppo_world_resistant 1580232429126 411 248 touchmove 281 210 1.5227792263031 1.5227792263031 0 dragon 0
dragon_gruppo_world_resistant 1580232429143 411 248 touchmove 279 219 1.9034739732742 1.9034739732742 0 dragon 0
dragon_gruppo_world_resistant 1580232429161 411 248 touchmove 278 223 1.7131266593933 1.7131266593933 0 dragon 0
dragon_gruppo_world_resistant 1580232429176 411 248 touchmove 279 225 1.9034739732742 1.9034739732742 0 dragon 0
dragon_gruppo_world_resistant 1580232429192 411 248 touchmove 281 226 1.5227792263031 1.5227792263031 0 dragon 0
dragon_gruppo_world_resistant 1580232429208 411 248 touchmove 284 229 0.19034740328789 0.19034740328789 0 dragon 0
dragon_gruppo_world_resistant 1580232429215 411 248 touchend 284 229 0.19034740328789 0.19034740328789 0 dragon 0
dragon_gruppo_world_resistant 1580232431133 411 248 touchstart 214 122 1.5227792263031 1.5227792263031 0 gruppo 0
dragon_gruppo_world_resistant 1580232431149 411 248 touchmove 214 122 2.6648635864258 2.6648635864258 0 gruppo 0
dragon_gruppo_world_resistant 1580232431167 411 248 touchmove 214 122 2.855211019516 2.855211019516 0 gruppo 0
dragon_gruppo_world_resistant 1580232431181 411 248 touchmove 214 122 3.0455584526062 3.0455584526062 0 gruppo 0
dragon_gruppo_world_resistant 1580232431396 411 248 touchmove 214 121 3.0455584526062 3.0455584526062 0 gruppo 0
dragon_gruppo_world_resistant 1580232431421 411 248 touchmove 215 121 3.0455584526062 3.0455584526062 0 gruppo 0
dragon_gruppo_world_resistant 1580232431428 411 248 touchmove 215 121 3.0455584526062 3.0455584526062 0 gruppo 0
dragon_gruppo_world_resistant 1580232431445 411 248 touchmove 215 121 3.0455584526062 3.0455584526062 0 gruppo 0
dragon_gruppo_world_resistant 1580232431527 411 248 touchmove 215 121 3.235906124115 3.235906124115 0 gruppo 0
dragon_gruppo_world_resistant 1580232431542 411 248 touchmove 215 121 3.0455584526062 3.0455584526062 0 gruppo 0
dragon_gruppo_world_resistant 1580232431593 411 248 touchmove 215 121 3.0455584526062 3.0455584526062 0 gruppo 0
dragon_gruppo_world_resistant 1580232431695 411 248 touchmove 215 121 3.235906124115 3.235906124115 0 gruppo 0
dragon_gruppo_world_resistant 1580232431708 411 248 touchmove 215 122 3.235906124115 3.235906124115 0 gruppo 0
dragon_gruppo_world_resistant 1580232431723 411 248 touchmove 215 123 3.235906124115 3.235906124115 0 gruppo 0
dragon_gruppo_world_resistant 1580232432694 411 248 touchmove 215 123 3.235906124115 3.235906124115 0 gruppo 0
dragon_gruppo_world_resistant 1580232432710 411 248 touchmove 215 123 3.235906124115 3.235906124115 0 gruppo 0
dragon_gruppo_world_resistant 1580232432825 411 248 touchmove 215 123 3.0455584526062 3.0455584526062 0 gruppo 0
dragon_gruppo_world_resistant 1580232432841 411 248 touchmove 215 123 3.235906124115 3.235906124115 0 gruppo 0
dragon_gruppo_world_resistant 1580232432891 411 248 touchmove 215 123 3.0455584526062 3.0455584526062 0 gruppo 0
dragon_gruppo_world_resistant 1580232433024 411 248 touchmove 215 122 3.0455584526062 3.0455584526062 0 gruppo 0
dragon_gruppo_world_resistant 1580232433040 411 248 touchmove 215 121 3.0455584526062 3.0455584526062 0 gruppo 0
dragon_gruppo_world_resistant 1580232433054 411 248 touchmove 215 121 3.0455584526062 3.0455584526062 0 gruppo 0
dragon_gruppo_world_resistant 1580232433188 411 248 touchmove 215 120 3.235906124115 3.235906124115 0 gruppo 0
dragon_gruppo_world_resistant 1580232433204 411 248 touchmove 215 119 3.235906124115 3.235906124115 0 gruppo 0
dragon_gruppo_world_resistant 1580232433220 411 248 touchmove 214 118 3.235906124115 3.235906124115 0 gruppo 0
dragon_gruppo_world_resistant 1580232433253 411 248 touchmove 214 117 3.235906124115 3.235906124115 0 gruppo 0
dragon_gruppo_world_resistant 1580232433267 411 248 touchmove 211 109 2.855211019516 2.855211019516 0 gruppo 0
dragon_gruppo_world_resistant 1580232433283 411 248 touchmove 207 102 3.0455584526062 3.0455584526062 0 gruppo 0
dragon_gruppo_world_resistant 1580232433300 411 248 touchmove 204 97 3.0455584526062 3.0455584526062 0 gruppo 0
dragon_gruppo_world_resistant 1580232433316 411 248 touchmove 200 92 3.235906124115 3.235906124115 0 gruppo 0
dragon_gruppo_world_resistant 1580232433332 411 248 touchmove 194 86 3.4262533187866 3.4262533187866 0 gruppo 0
dragon_gruppo_world_resistant 1580232433349 411 248 touchmove 188 80 2.855211019516 2.855211019516 0 gruppo 0
dragon_gruppo_world_resistant 1580232433365 411 248 touchmove 182 74 3.0455584526062 3.0455584526062 0 gruppo 0
dragon_gruppo_world_resistant 1580232433382 411 248 touchmove 175 68 3.0455584526062 3.0455584526062 0 gruppo 0
dragon_gruppo_world_resistant 1580232433398 411 248 touchmove 167 62 2.6648635864258 2.6648635864258 0 gruppo 0
dragon_gruppo_world_resistant 1580232433415 411 248 touchmove 159 55 3.0455584526062 3.0455584526062 0 gruppo 0
dragon_gruppo_world_resistant 1580232433431 411 248 touchmove 152 50 3.0455584526062 3.0455584526062 0 gruppo 0
dragon_gruppo_world_resistant 1580232433449 411 248 touchmove 145 44 2.855211019516 2.855211019516 0 gruppo 0
dragon_gruppo_world_resistant 1580232433465 411 248 touchmove 139 38 2.855211019516 2.855211019516 0 gruppo 0
dragon_gruppo_world_resistant 1580232433481 411 248 touchmove 134 33 3.0455584526062 3.0455584526062 0 gruppo 0
dragon_gruppo_world_resistant 1580232433497 411 248 touchmove 131 28 3.235906124115 3.235906124115 0 gruppo 0
dragon_gruppo_world_resistant 1580232433514 411 248 touchmove 128 25 3.0455584526062 3.0455584526062 0 gruppo 0
dragon_gruppo_world_resistant 1580232433530 411 248 touchmove 126 21 3.235906124115 3.235906124115 0 gruppo 0
dragon_gruppo_world_resistant 1580232433547 411 248 touchmove 124 18 3.235906124115 3.235906124115 0 gruppo 0
dragon_gruppo_world_resistant 1580232433563 411 248 touchmove 123 15 3.235906124115 3.235906124115 0 gruppo 0
dragon_gruppo_world_resistant 1580232433579 411 248 touchmove 122 13 3.4262533187866 3.4262533187866 0 gruppo 0
dragon_gruppo_world_resistant 1580232433595 411 248 touchmove 121 12 3.4262533187866 3.4262533187866 0 gruppo 0
dragon_gruppo_world_resistant 1580232433612 411 248 touchmove 121 11 3.4262533187866 3.4262533187866 0 gruppo 0
dragon_gruppo_world_resistant 1580232433630 411 248 touchmove 121 11 3.4262533187866 3.4262533187866 0 gruppo 0
dragon_gruppo_world_resistant 1580232433645 411 248 touchmove 121 11 3.4262533187866 3.4262533187866 0 gruppo 0
dragon_gruppo_world_resistant 1580232433662 411 248 touchmove 121 11 3.6166005134583 3.6166005134583 0 gruppo 0
dragon_gruppo_world_resistant 1580232433678 411 248 touchmove 121 11 3.6166005134583 3.6166005134583 0 gruppo 0
dragon_gruppo_world_resistant 1580232433694 411 248 touchmove 121 12 3.6166005134583 3.6166005134583 0 gruppo 0
dragon_gruppo_world_resistant 1580232433711 411 248 touchmove 122 12 3.6166005134583 3.6166005134583 0 gruppo 0
dragon_gruppo_world_resistant 1580232433727 411 248 touchmove 123 13 3.6166005134583 3.6166005134583 0 gruppo 0
dragon_gruppo_world_resistant 1580232433743 411 248 touchmove 123 14 3.8069479465485 3.8069479465485 0 gruppo 0
dragon_gruppo_world_resistant 1580232433760 411 248 touchmove 124 14 3.8069479465485 3.8069479465485 0 gruppo 0
dragon_gruppo_world_resistant 1580232433777 411 248 touchmove 125 15 3.8069479465485 3.8069479465485 0 gruppo 0
dragon_gruppo_world_resistant 1580232433793 411 248 touchmove 126 16 3.6166005134583 3.6166005134583 0 gruppo 0
dragon_gruppo_world_resistant 1580232433810 411 248 touchmove 126 16 3.6166005134583 3.6166005134583 0 gruppo 0
dragon_gruppo_world_resistant 1580232433826 411 248 touchmove 127 16 3.235906124115 3.235906124115 0 gruppo 0
dragon_gruppo_world_resistant 1580232433843 411 248 touchmove 129 17 3.235906124115 3.235906124115 0 gruppo 0
dragon_gruppo_world_resistant 1580232433859 411 248 touchmove 134 20 3.4262533187866 3.4262533187866 0 gruppo 0
dragon_gruppo_world_resistant 1580232433876 411 248 touchmove 140 24 3.8069479465485 3.8069479465485 0 gruppo 0
dragon_gruppo_world_resistant 1580232433892 411 248 touchmove 148 30 3.4262533187866 3.4262533187866 0 gruppo 0
dragon_gruppo_world_resistant 1580232433909 411 248 touchmove 156 34 3.6166005134583 3.6166005134583 0 gruppo 0
dragon_gruppo_world_resistant 1580232433924 411 248 touchmove 165 39 3.6166005134583 3.6166005134583 0 gruppo 0
dragon_gruppo_world_resistant 1580232433941 411 248 touchmove 173 43 3.4262533187866 3.4262533187866 0 gruppo 0
dragon_gruppo_world_resistant 1580232433958 411 248 touchmove 180 47 3.235906124115 3.235906124115 0 gruppo 0
dragon_gruppo_world_resistant 1580232433974 411 248 touchmove 189 50 3.235906124115 3.235906124115 0 gruppo 0
dragon_gruppo_world_resistant 1580232433990 411 248 touchmove 196 53 3.4262533187866 3.4262533187866 0 gruppo 0
dragon_gruppo_world_resistant 1580232434006 411 248 touchmove 203 55 3.235906124115 3.235906124115 0 gruppo 0
dragon_gruppo_world_resistant 1580232434023 411 248 touchmove 210 55 3.6166005134583 3.6166005134583 0 gruppo 0
dragon_gruppo_world_resistant 1580232434040 411 248 touchmove 217 56 3.6166005134583 3.6166005134583 0 gruppo 0
dragon_gruppo_world_resistant 1580232434057 411 248 touchmove 222 56 3.4262533187866 3.4262533187866 0 gruppo 0
dragon_gruppo_world_resistant 1580232434072 411 248 touchmove 228 56 3.6166005134583 3.6166005134583 0 gruppo 0
dragon_gruppo_world_resistant 1580232434089 411 248 touchmove 234 55 3.6166005134583 3.6166005134583 0 gruppo 0
dragon_gruppo_world_resistant 1580232434105 411 248 touchmove 240 54 3.8069479465485 3.8069479465485 0 gruppo 0
dragon_gruppo_world_resistant 1580232434122 411 248 touchmove 245 52 3.235906124115 3.235906124115 0 gruppo 0
dragon_gruppo_world_resistant 1580232434138 411 248 touchmove 250 51 3.235906124115 3.235906124115 0 gruppo 0
dragon_gruppo_world_resistant 1580232434155 411 248 touchmove 255 49 3.235906124115 3.235906124115 0 gruppo 0
dragon_gruppo_world_resistant 1580232434171 411 248 touchmove 258 48 3.4262533187866 3.4262533187866 0 gruppo 0
dragon_gruppo_world_resistant 1580232434188 411 248 touchmove 261 47 3.4262533187866 3.4262533187866 0 gruppo 0
dragon_gruppo_world_resistant 1580232434204 411 248 touchmove 262 46 3.6166005134583 3.6166005134583 0 gruppo 0
dragon_gruppo_world_resistant 1580232434220 411 248 touchmove 263 44 3.8069479465485 3.8069479465485 0 gruppo 0
dragon_gruppo_world_resistant 1580232434236 411 248 touchmove 263 43 3.6166005134583 3.6166005134583 0 gruppo 0
dragon_gruppo_world_resistant 1580232434253 411 248 touchmove 264 40 3.9972956180573 3.9972956180573 0 gruppo 0
dragon_gruppo_world_resistant 1580232434269 411 248 touchmove 264 38 3.9972956180573 3.9972956180573 0 gruppo 0
dragon_gruppo_world_resistant 1580232434286 411 248 touchmove 264 37 3.9972956180573 3.9972956180573 0 gruppo 0
dragon_gruppo_world_resistant 1580232434302 411 248 touchmove 264 36 3.9972956180573 3.9972956180573 0 gruppo 0
dragon_gruppo_world_resistant 1580232434319 411 248 touchmove 264 35 3.9972956180573 3.9972956180573 0 gruppo 0
dragon_gruppo_world_resistant 1580232434335 411 248 touchmove 264 35 3.9972956180573 3.9972956180573 0 gruppo 0
dragon_gruppo_world_resistant 1580232434352 411 248 touchmove 264 34 3.9972956180573 3.9972956180573 0 gruppo 0
dragon_gruppo_world_resistant 1580232434368 411 248 touchmove 264 33 3.9972956180573 3.9972956180573 0 gruppo 0
dragon_gruppo_world_resistant 1580232434385 411 248 touchmove 265 33 3.9972956180573 3.9972956180573 0 gruppo 0
dragon_gruppo_world_resistant 1580232434484 411 248 touchmove 265 33 4.1876430511475 4.1876430511475 0 gruppo 0
dragon_gruppo_world_resistant 1580232434501 411 248 touchmove 264 33 4.1876430511475 4.1876430511475 0 gruppo 0
dragon_gruppo_world_resistant 1580232434517 411 248 touchmove 263 33 4.1876430511475 4.1876430511475 0 gruppo 0
dragon_gruppo_world_resistant 1580232434532 411 248 touchmove 262 34 4.1876430511475 4.1876430511475 0 gruppo 0
dragon_gruppo_world_resistant 1580232434549 411 248 touchmove 261 35 4.1876430511475 4.1876430511475 0 gruppo 0
dragon_gruppo_world_resistant 1580232434565 411 248 touchmove 261 35 4.1876430511475 4.1876430511475 0 gruppo 0
dragon_gruppo_world_resistant 1580232434581 411 248 touchmove 260 35 4.1876430511475 4.1876430511475 0 gruppo 0
dragon_gruppo_world_resistant 1580232434613 411 248 touchmove 260 36 4.1876430511475 4.1876430511475 0 gruppo 0
dragon_gruppo_world_resistant 1580232434632 411 248 touchmove 260 36 4.1876430511475 4.1876430511475 0 gruppo 0
dragon_gruppo_world_resistant 1580232434647 411 248 touchmove 260 37 4.1876430511475 4.1876430511475 0 gruppo 0
dragon_gruppo_world_resistant 1580232434664 411 248 touchmove 260 38 4.1876430511475 4.1876430511475 0 gruppo 0
dragon_gruppo_world_resistant 1580232434680 411 248 touchmove 260 39 4.1876430511475 4.1876430511475 0 gruppo 0
dragon_gruppo_world_resistant 1580232434699 411 248 touchmove 260 39 4.1876430511475 4.1876430511475 0 gruppo 0
dragon_gruppo_world_resistant 1580232434713 411 248 touchmove 260 40 4.3779902458191 4.3779902458191 0 gruppo 0
dragon_gruppo_world_resistant 1580232434729 411 248 touchmove 261 41 4.5683374404907 4.5683374404907 0 gruppo 0
dragon_gruppo_world_resistant 1580232434746 411 248 touchmove 261 42 4.3779902458191 4.3779902458191 0 gruppo 0
dragon_gruppo_world_resistant 1580232434762 411 248 touchmove 261 43 4.3779902458191 4.3779902458191 0 gruppo 0
dragon_gruppo_world_resistant 1580232434779 411 248 touchmove 261 43 4.3779902458191 4.3779902458191 0 gruppo 0
dragon_gruppo_world_resistant 1580232434811 411 248 touchmove 261 43 4.3779902458191 4.3779902458191 0 gruppo 0
dragon_gruppo_world_resistant 1580232434829 411 248 touchmove 262 44 4.3779902458191 4.3779902458191 0 gruppo 0
dragon_gruppo_world_resistant 1580232434845 411 248 touchmove 263 44 4.3779902458191 4.3779902458191 0 gruppo 0
dragon_gruppo_world_resistant 1580232434861 411 248 touchmove 263 45 4.3779902458191 4.3779902458191 0 gruppo 0
dragon_gruppo_world_resistant 1580232434878 411 248 touchmove 263 45 4.1876430511475 4.1876430511475 0 gruppo 0
dragon_gruppo_world_resistant 1580232434894 411 248 touchmove 264 45 3.8069479465485 3.8069479465485 0 gruppo 0
dragon_gruppo_world_resistant 1580232434910 411 248 touchmove 266 46 3.8069479465485 3.8069479465485 0 gruppo 0
dragon_gruppo_world_resistant 1580232434927 411 248 touchmove 268 47 3.9972956180573 3.9972956180573 0 gruppo 0
dragon_gruppo_world_resistant 1580232434943 411 248 touchmove 271 50 3.8069479465485 3.8069479465485 0 gruppo 0
dragon_gruppo_world_resistant 1580232434960 411 248 touchmove 276 54 3.9972956180573 3.9972956180573 0 gruppo 0
dragon_gruppo_world_resistant 1580232434976 411 248 touchmove 284 58 3.4262533187866 3.4262533187866 0 gruppo 0
dragon_gruppo_world_resistant 1580232434993 411 248 touchmove 295 62 3.0455584526062 3.0455584526062 0 gruppo 0
dragon_gruppo_world_resistant 1580232435009 411 248 touchmove 304 67 3.0455584526062 3.0455584526062 0 gruppo 0
dragon_gruppo_world_resistant 1580232435026 411 248 touchmove 313 70 3.0455584526062 3.0455584526062 0 gruppo 0
dragon_gruppo_world_resistant 1580232435042 411 248 touchmove 321 71 3.0455584526062 3.0455584526062 0 gruppo 0
dragon_gruppo_world_resistant 1580232435059 411 248 touchmove 328 73 2.855211019516 2.855211019516 0 gruppo 0
dragon_gruppo_world_resistant 1580232435075 411 248 touchmove 335 74 2.4745161533356 2.4745161533356 0 gruppo 0
dragon_gruppo_world_resistant 1580232435092 411 248 touchmove 340 74 2.6648635864258 2.6648635864258 0 gruppo 0
dragon_gruppo_world_resistant 1580232435107 411 248 touchmove 344 74 2.6648635864258 2.6648635864258 0 gruppo 0
dragon_gruppo_world_resistant 1580232435124 411 248 touchmove 349 74 3.0455584526062 3.0455584526062 0 gruppo 0
dragon_gruppo_world_resistant 1580232435141 411 248 touchmove 353 73 3.0455584526062 3.0455584526062 0 gruppo 0
dragon_gruppo_world_resistant 1580232435157 411 248 touchmove 356 71 2.855211019516 2.855211019516 0 gruppo 0
dragon_gruppo_world_resistant 1580232435173 411 248 touchmove 358 70 2.6648635864258 2.6648635864258 0 gruppo 0
dragon_gruppo_world_resistant 1580232435190 411 248 touchmove 360 69 2.6648635864258 2.6648635864258 0 gruppo 0
dragon_gruppo_world_resistant 1580232435207 411 248 touchmove 362 67 2.4745161533356 2.4745161533356 0 gruppo 0
dragon_gruppo_world_resistant 1580232435223 411 248 touchmove 364 64 2.2841687202454 2.2841687202454 0 gruppo 0
dragon_gruppo_world_resistant 1580232435240 411 248 touchmove 366 61 2.2841687202454 2.2841687202454 0 gruppo 0
dragon_gruppo_world_resistant 1580232435255 411 248 touchmove 368 57 2.4745161533356 2.4745161533356 0 gruppo 0
dragon_gruppo_world_resistant 1580232435272 411 248 touchmove 371 53 2.4745161533356 2.4745161533356 0 gruppo 0
dragon_gruppo_world_resistant 1580232435288 411 248 touchmove 373 49 2.0938215255737 2.0938215255737 0 gruppo 0
dragon_gruppo_world_resistant 1580232435305 411 248 touchmove 375 46 1.9034739732742 1.9034739732742 0 gruppo 0
dragon_gruppo_world_resistant 1580232435322 411 248 touchmove 377 41 1.7131266593933 1.7131266593933 0 gruppo 0
dragon_gruppo_world_resistant 1580232435338 411 248 touchmove 378 38 1.7131266593933 1.7131266593933 0 gruppo 0
dragon_gruppo_world_resistant 1580232435354 411 248 touchmove 379 36 1.7131266593933 1.7131266593933 0 gruppo 0
dragon_gruppo_world_resistant 1580232435370 411 248 touchmove 380 35 1.7131266593933 1.7131266593933 0 gruppo 0
dragon_gruppo_world_resistant 1580232435387 411 248 touchmove 380 34 1.7131266593933 1.7131266593933 0 gruppo 0
dragon_gruppo_world_resistant 1580232435410 411 248 touchmove 380 34 1.7131266593933 1.7131266593933 0 gruppo 0
dragon_gruppo_world_resistant 1580232435420 411 248 touchmove 379 34 1.7131266593933 1.7131266593933 0 gruppo 0
dragon_gruppo_world_resistant 1580232435439 411 248 touchmove 379 35 1.9034739732742 1.9034739732742 0 gruppo 0
dragon_gruppo_world_resistant 1580232435455 411 248 touchmove 378 36 1.9034739732742 1.9034739732742 0 gruppo 0
dragon_gruppo_world_resistant 1580232435469 411 248 touchmove 377 37 2.2841687202454 2.2841687202454 0 gruppo 0
dragon_gruppo_world_resistant 1580232435485 411 248 touchmove 376 39 2.2841687202454 2.2841687202454 0 gruppo 0
dragon_gruppo_world_resistant 1580232435502 411 248 touchmove 376 40 2.4745161533356 2.4745161533356 0 gruppo 0
dragon_gruppo_world_resistant 1580232435518 411 248 touchmove 375 42 2.6648635864258 2.6648635864258 0 gruppo 0
dragon_gruppo_world_resistant 1580232435535 411 248 touchmove 375 43 2.6648635864258 2.6648635864258 0 gruppo 0
dragon_gruppo_world_resistant 1580232435551 411 248 touchmove 375 45 2.6648635864258 2.6648635864258 0 gruppo 0
dragon_gruppo_world_resistant 1580232435568 411 248 touchmove 375 47 2.4745161533356 2.4745161533356 0 gruppo 0
dragon_gruppo_world_resistant 1580232435584 411 248 touchmove 375 49 2.4745161533356 2.4745161533356 0 gruppo 0
dragon_gruppo_world_resistant 1580232435600 411 248 touchmove 375 51 2.2841687202454 2.2841687202454 0 gruppo 0
dragon_gruppo_world_resistant 1580232435617 411 248 touchmove 375 53 2.0938215255737 2.0938215255737 0 gruppo 0
dragon_gruppo_world_resistant 1580232435633 411 248 touchmove 375 54 1.9034739732742 1.9034739732742 0 gruppo 0
dragon_gruppo_world_resistant 1580232435650 411 248 touchmove 375 55 1.9034739732742 1.9034739732742 0 gruppo 0
dragon_gruppo_world_resistant 1580232435733 411 248 touchmove 375 55 2.0938215255737 2.0938215255737 0 gruppo 0
dragon_gruppo_world_resistant 1580232435758 411 248 touchmove 375 54 2.0938215255737 2.0938215255737 0 gruppo 0
dragon_gruppo_world_resistant 1580232435768 411 248 touchmove 375 54 2.0938215255737 2.0938215255737 0 gruppo 0
dragon_gruppo_world_resistant 1580232435783 411 248 touchmove 375 54 2.2841687202454 2.2841687202454 0 gruppo 0
dragon_gruppo_world_resistant 1580232435798 411 248 touchmove 375 53 2.2841687202454 2.2841687202454 0 gruppo 0
dragon_gruppo_world_resistant 1580232435815 411 248 touchmove 375 52 2.2841687202454 2.2841687202454 0 gruppo 0
dragon_gruppo_world_resistant 1580232435831 411 248 touchmove 375 52 2.2841687202454 2.2841687202454 0 gruppo 0
dragon_gruppo_world_resistant 1580232435847 411 248 touchmove 375 51 2.2841687202454 2.2841687202454 0 gruppo 0
dragon_gruppo_world_resistant 1580232436062 411 248 touchmove 375 51 2.4745161533356 2.4745161533356 0 gruppo 0
dragon_gruppo_world_resistant 1580232436081 411 248 touchmove 375 51 2.2841687202454 2.2841687202454 0 gruppo 0
dragon_gruppo_world_resistant 1580232436379 411 248 touchmove 375 51 2.4745161533356 2.4745161533356 0 gruppo 0
dragon_gruppo_world_resistant 1580232436523 411 248 touchmove 375 51 2.6648635864258 2.6648635864258 0 gruppo 0
dragon_gruppo_world_resistant 1580232436570 411 248 touchmove 373 52 2.6648635864258 2.6648635864258 0 gruppo 0
dragon_gruppo_world_resistant 1580232436589 411 248 touchmove 371 54 2.6648635864258 2.6648635864258 0 gruppo 0
dragon_gruppo_world_resistant 1580232436603 411 248 touchmove 368 55 2.855211019516 2.855211019516 0 gruppo 0
dragon_gruppo_world_resistant 1580232436619 411 248 touchmove 365 57 2.855211019516 2.855211019516 0 gruppo 0
dragon_gruppo_world_resistant 1580232436635 411 248 touchmove 363 56 2.4745161533356 2.4745161533356 0 gruppo 0
dragon_gruppo_world_resistant 1580232436653 411 248 touchmove 361 55 2.855211019516 2.855211019516 0 gruppo 0
dragon_gruppo_world_resistant 1580232436668 411 248 touchmove 359 53 2.855211019516 2.855211019516 0 gruppo 0
dragon_gruppo_world_resistant 1580232436685 411 248 touchmove 357 49 3.0455584526062 3.0455584526062 0 gruppo 0
dragon_gruppo_world_resistant 1580232436702 411 248 touchmove 354 45 3.0455584526062 3.0455584526062 0 gruppo 0
dragon_gruppo_world_resistant 1580232436718 411 248 touchmove 352 42 2.855211019516 2.855211019516 0 gruppo 0
dragon_gruppo_world_resistant 1580232436735 411 248 touchmove 351 39 2.6648635864258 2.6648635864258 0 gruppo 0
dragon_gruppo_world_resistant 1580232436751 411 248 touchmove 351 37 2.0938215255737 2.0938215255737 0 gruppo 0
dragon_gruppo_world_resistant 1580232436767 411 248 touchmove 352 36 1.5227792263031 1.5227792263031 0 gruppo 0
dragon_gruppo_world_resistant 1580232436774 411 248 touchend 352 36 1.5227792263031 1.5227792263031 0 gruppo 0
dragon_gruppo_world_resistant 1580232439429 411 248 touchmove 354 44 3.0455584526062 3.0455584526062 0 world 0
dragon_gruppo_world_resistant 1580232439446 411 248 touchmove 350 47 2.6648635864258 2.6648635864258 0 world 0
dragon_gruppo_world_resistant 1580232439462 411 248 touchmove 346 50 2.6648635864258 2.6648635864258 0 world 0
dragon_gruppo_world_resistant 1580232439479 411 248 touchmove 341 52 2.855211019516 2.855211019516 0 world 0
dragon_gruppo_world_resistant 1580232439495 411 248 touchmove 335 54 2.6648635864258 2.6648635864258 0 world 0
dragon_gruppo_world_resistant 1580232439511 411 248 touchmove 330 56 2.4745161533356 2.4745161533356 0 world 0
dragon_gruppo_world_resistant 1580232439528 411 248 touchmove 325 58 2.4745161533356 2.4745161533356 0 world 0
dragon_gruppo_world_resistant 1580232439544 411 248 touchmove 321 59 2.855211019516 2.855211019516 0 world 0
dragon_gruppo_world_resistant 1580232439561 411 248 touchmove 317 60 3.0455584526062 3.0455584526062 0 world 0
dragon_gruppo_world_resistant 1580232439577 411 248 touchmove 315 60 2.855211019516 2.855211019516 0 world 0
dragon_gruppo_world_resistant 1580232439593 411 248 touchmove 312 60 3.0455584526062 3.0455584526062 0 world 0
dragon_gruppo_world_resistant 1580232439610 411 248 touchmove 308 60 2.6648635864258 2.6648635864258 0 world 0
dragon_gruppo_world_resistant 1580232439626 411 248 touchmove 303 60 2.4745161533356 2.4745161533356 0 world 0
dragon_gruppo_world_resistant 1580232439643 411 248 touchmove 295 60 2.855211019516 2.855211019516 0 world 0
dragon_gruppo_world_resistant 1580232439659 411 248 touchmove 287 60 2.2841687202454 2.2841687202454 0 world 0
dragon_gruppo_world_resistant 1580232439676 411 248 touchmove 276 59 2.6648635864258 2.6648635864258 0 world 0
dragon_gruppo_world_resistant 1580232439692 411 248 touchmove 265 58 2.855211019516 2.855211019516 0 world 0
dragon_gruppo_world_resistant 1580232439709 411 248 touchmove 256 57 2.4745161533356 2.4745161533356 0 world 0
dragon_gruppo_world_resistant 1580232439726 411 248 touchmove 247 57 2.4745161533356 2.4745161533356 0 world 0
dragon_gruppo_world_resistant 1580232439742 411 248 touchmove 238 57 2.2841687202454 2.2841687202454 0 world 0
dragon_gruppo_world_resistant 1580232439759 411 248 touchmove 229 58 2.2841687202454 2.2841687202454 0 world 0
dragon_gruppo_world_resistant 1580232439774 411 248 touchmove 219 59 2.0938215255737 2.0938215255737 0 world 0
dragon_gruppo_world_resistant 1580232439791 411 248 touchmove 209 60 2.0938215255737 2.0938215255737 0 world 0
dragon_gruppo_world_resistant 1580232439807 411 248 touchmove 200 60 2.2841687202454 2.2841687202454 0 world 0
dragon_gruppo_world_resistant 1580232439824 411 248 touchmove 192 60 2.2841687202454 2.2841687202454 0 world 0
dragon_gruppo_world_resistant 1580232439840 411 248 touchmove 185 60 2.2841687202454 2.2841687202454 0 world 0
dragon_gruppo_world_resistant 1580232439856 411 248 touchmove 179 60 2.0938215255737 2.0938215255737 0 world 0
dragon_gruppo_world_resistant 1580232439874 411 248 touchmove 171 60 2.0938215255737 2.0938215255737 0 world 0
dragon_gruppo_world_resistant 1580232439889 411 248 touchmove 163 60 2.0938215255737 2.0938215255737 0 world 0
dragon_gruppo_world_resistant 1580232439906 411 248 touchmove 156 59 2.0938215255737 2.0938215255737 0 world 0
dragon_gruppo_world_resistant 1580232439922 411 248 touchmove 150 57 2.2841687202454 2.2841687202454 0 world 0
dragon_gruppo_world_resistant 1580232439939 411 248 touchmove 144 55 2.4745161533356 2.4745161533356 0 world 0
dragon_gruppo_world_resistant 1580232439955 411 248 touchmove 140 52 2.4745161533356 2.4745161533356 0 world 0
dragon_gruppo_world_resistant 1580232439972 411 248 touchmove 136 50 2.4745161533356 2.4745161533356 0 world 0
dragon_gruppo_world_resistant 1580232439988 411 248 touchmove 134 48 2.4745161533356 2.4745161533356 0 world 0
dragon_gruppo_world_resistant 1580232440005 411 248 touchmove 133 46 2.4745161533356 2.4745161533356 0 world 0
dragon_gruppo_world_resistant 1580232440022 411 248 touchmove 132 44 2.6648635864258 2.6648635864258 0 world 0
dragon_gruppo_world_resistant 1580232440038 411 248 touchmove 131 42 2.6648635864258 2.6648635864258 0 world 0
dragon_gruppo_world_resistant 1580232440054 411 248 touchmove 131 40 2.6648635864258 2.6648635864258 0 world 0
dragon_gruppo_world_resistant 1580232440070 411 248 touchmove 131 39 2.6648635864258 2.6648635864258 0 world 0
dragon_gruppo_world_resistant 1580232440086 411 248 touchmove 131 38 2.6648635864258 2.6648635864258 0 world 0
dragon_gruppo_world_resistant 1580232440103 411 248 touchmove 131 37 2.2841687202454 2.2841687202454 0 world 0
dragon_gruppo_world_resistant 1580232440120 411 248 touchmove 131 37 2.6648635864258 2.6648635864258 0 world 0
dragon_gruppo_world_resistant 1580232440136 411 248 touchmove 132 36 2.4745161533356 2.4745161533356 0 world 0
dragon_gruppo_world_resistant 1580232440159 411 248 touchmove 132 36 2.6648635864258 2.6648635864258 0 world 0
dragon_gruppo_world_resistant 1580232440184 411 248 touchmove 132 36 2.6648635864258 2.6648635864258 0 world 0
dragon_gruppo_world_resistant 1580232440220 411 248 touchmove 133 37 2.6648635864258 2.6648635864258 0 world 0
dragon_gruppo_world_resistant 1580232440236 411 248 touchmove 133 37 2.6648635864258 2.6648635864258 0 world 0
dragon_gruppo_world_resistant 1580232440259 411 248 touchmove 133 38 2.6648635864258 2.6648635864258 0 world 0
dragon_gruppo_world_resistant 1580232440268 411 248 touchmove 133 38 2.6648635864258 2.6648635864258 0 world 0
dragon_gruppo_world_resistant 1580232440318 411 248 touchmove 133 38 2.855211019516 2.855211019516 0 world 0
dragon_gruppo_world_resistant 1580232440334 411 248 touchmove 133 38 3.0455584526062 3.0455584526062 0 world 0
dragon_gruppo_world_resistant 1580232440352 411 248 touchmove 133 39 2.855211019516 2.855211019516 0 world 0
dragon_gruppo_world_resistant 1580232440366 411 248 touchmove 133 39 2.855211019516 2.855211019516 0 world 0
dragon_gruppo_world_resistant 1580232440383 411 248 touchmove 134 40 3.0455584526062 3.0455584526062 0 world 0
dragon_gruppo_world_resistant 1580232440400 411 248 touchmove 134 41 2.855211019516 2.855211019516 0 world 0
dragon_gruppo_world_resistant 1580232440415 411 248 touchmove 134 41 2.855211019516 2.855211019516 0 world 0
dragon_gruppo_world_resistant 1580232440433 411 248 touchmove 134 42 2.855211019516 2.855211019516 0 world 0
dragon_gruppo_world_resistant 1580232440448 411 248 touchmove 135 43 2.855211019516 2.855211019516 0 world 0
dragon_gruppo_world_resistant 1580232440465 411 248 touchmove 135 43 2.855211019516 2.855211019516 0 world 0
dragon_gruppo_world_resistant 1580232440481 411 248 touchmove 135 44 2.855211019516 2.855211019516 0 world 0
dragon_gruppo_world_resistant 1580232440505 411 248 touchmove 136 44 2.855211019516 2.855211019516 0 world 0
dragon_gruppo_world_resistant 1580232440514 411 248 touchmove 136 44 2.855211019516 2.855211019516 0 world 0
dragon_gruppo_world_resistant 1580232440530 411 248 touchmove 137 44 2.855211019516 2.855211019516 0 world 0
dragon_gruppo_world_resistant 1580232440547 411 248 touchmove 138 45 3.0455584526062 3.0455584526062 0 world 0
dragon_gruppo_world_resistant 1580232440563 411 248 touchmove 139 45 3.0455584526062 3.0455584526062 0 world 0
dragon_gruppo_world_resistant 1580232440649 411 248 touchmove 140 45 3.0455584526062 3.0455584526062 0 world 0
dragon_gruppo_world_resistant 1580232440662 411 248 touchmove 140 45 3.0455584526062 3.0455584526062 0 world 0
dragon_gruppo_world_resistant 1580232440680 411 248 touchmove 141 45 3.0455584526062 3.0455584526062 0 world 0
dragon_gruppo_world_resistant 1580232440695 411 248 touchmove 142 45 3.0455584526062 3.0455584526062 0 world 0
dragon_gruppo_world_resistant 1580232440711 411 248 touchmove 142 45 2.855211019516 2.855211019516 0 world 0
dragon_gruppo_world_resistant 1580232440727 411 248 touchmove 143 45 2.855211019516 2.855211019516 0 world 0
dragon_gruppo_world_resistant 1580232440744 411 248 touchmove 148 46 2.4745161533356 2.4745161533356 0 world 0
dragon_gruppo_world_resistant 1580232440760 411 248 touchmove 161 50 2.4745161533356 2.4745161533356 0 world 0
dragon_gruppo_world_resistant 1580232440777 411 248 touchmove 179 55 1.9034739732742 1.9034739732742 0 world 0
dragon_gruppo_world_resistant 1580232440793 411 248 touchmove 200 60 1.9034739732742 1.9034739732742 0 world 0
dragon_gruppo_world_resistant 1580232440810 411 248 touchmove 222 66 2.0938215255737 2.0938215255737 0 world 0
dragon_gruppo_world_resistant 1580232440826 411 248 touchmove 243 71 2.0938215255737 2.0938215255737 0 world 0
dragon_gruppo_world_resistant 1580232440843 411 248 touchmove 264 75 1.9034739732742 1.9034739732742 0 world 0
dragon_gruppo_world_resistant 1580232440859 411 248 touchmove 284 77 1.9034739732742 1.9034739732742 0 world 0
dragon_gruppo_world_resistant 1580232440876 411 248 touchmove 301 79 1.9034739732742 1.9034739732742 0 world 0
dragon_gruppo_world_resistant 1580232440892 411 248 touchmove 315 81 1.9034739732742 1.9034739732742 0 world 0
dragon_gruppo_world_resistant 1580232440908 411 248 touchmove 326 83 1.9034739732742 1.9034739732742 0 world 0
dragon_gruppo_world_resistant 1580232440925 411 248 touchmove 335 85 1.9034739732742 1.9034739732742 0 world 0
dragon_gruppo_world_resistant 1580232440941 411 248 touchmove 343 87 1.9034739732742 1.9034739732742 0 world 0
dragon_gruppo_world_resistant 1580232440957 411 248 touchmove 349 89 1.7131266593933 1.7131266593933 0 world 0
dragon_gruppo_world_resistant 1580232440974 411 248 touchmove 355 92 2.2841687202454 2.2841687202454 0 world 0
dragon_gruppo_world_resistant 1580232440990 411 248 touchmove 360 95 2.0938215255737 2.0938215255737 0 world 0
dragon_gruppo_world_resistant 1580232441010 411 248 touchmove 364 100 2.0938215255737 2.0938215255737 0 world 0
dragon_gruppo_world_resistant 1580232441023 411 248 touchmove 368 104 1.9034739732742 1.9034739732742 0 world 0
dragon_gruppo_world_resistant 1580232441039 411 248 touchmove 371 108 1.7131266593933 1.7131266593933 0 world 0
dragon_gruppo_world_resistant 1580232441056 411 248 touchmove 373 112 1.9034739732742 1.9034739732742 0 world 0
dragon_gruppo_world_resistant 1580232441072 411 248 touchmove 375 116 1.7131266593933 1.7131266593933 0 world 0
dragon_gruppo_world_resistant 1580232441088 411 248 touchmove 376 119 1.9034739732742 1.9034739732742 0 world 0
dragon_gruppo_world_resistant 1580232441105 411 248 touchmove 377 121 1.9034739732742 1.9034739732742 0 world 0
dragon_gruppo_world_resistant 1580232441122 411 248 touchmove 377 123 1.9034739732742 1.9034739732742 0 world 0
dragon_gruppo_world_resistant 1580232441138 411 248 touchmove 377 125 1.9034739732742 1.9034739732742 0 world 0
dragon_gruppo_world_resistant 1580232441154 411 248 touchmove 377 126 1.9034739732742 1.9034739732742 0 world 0
dragon_gruppo_world_resistant 1580232441171 411 248 touchmove 377 126 2.0938215255737 2.0938215255737 0 world 0
dragon_gruppo_world_resistant 1580232441187 411 248 touchmove 377 127 1.9034739732742 1.9034739732742 0 world 0
dragon_gruppo_world_resistant 1580232441271 411 248 touchmove 377 127 2.0938215255737 2.0938215255737 0 world 0
dragon_gruppo_world_resistant 1580232441288 411 248 touchmove 376 126 2.0938215255737 2.0938215255737 0 world 0
dragon_gruppo_world_resistant 1580232441305 411 248 touchmove 376 126 2.0938215255737 2.0938215255737 0 world 0
dragon_gruppo_world_resistant 1580232441321 411 248 touchmove 376 126 2.0938215255737 2.0938215255737 0 world 0
dragon_gruppo_world_resistant 1580232441336 411 248 touchmove 376 126 2.2841687202454 2.2841687202454 0 world 0
dragon_gruppo_world_resistant 1580232441352 411 248 touchmove 376 125 2.2841687202454 2.2841687202454 0 world 0
dragon_gruppo_world_resistant 1580232441368 411 248 touchmove 376 125 2.2841687202454 2.2841687202454 0 world 0
dragon_gruppo_world_resistant 1580232441385 411 248 touchmove 376 124 2.2841687202454 2.2841687202454 0 world 0
dragon_gruppo_world_resistant 1580232441453 411 248 touchmove 376 124 2.0938215255737 2.0938215255737 0 world 0
dragon_gruppo_world_resistant 1580232441468 411 248 touchmove 376 124 2.2841687202454 2.2841687202454 0 world 0
dragon_gruppo_world_resistant 1580232441483 411 248 touchmove 375 124 2.2841687202454 2.2841687202454 0 world 0
dragon_gruppo_world_resistant 1580232441501 411 248 touchmove 373 122 2.4745161533356 2.4745161533356 0 world 0
dragon_gruppo_world_resistant 1580232441516 411 248 touchmove 367 118 2.4745161533356 2.4745161533356 0 world 0
dragon_gruppo_world_resistant 1580232441534 411 248 touchmove 355 111 2.2841687202454 2.2841687202454 0 world 0
dragon_gruppo_world_resistant 1580232441549 411 248 touchmove 339 105 2.4745161533356 2.4745161533356 0 world 0
dragon_gruppo_world_resistant 1580232441566 411 248 touchmove 319 98 3.235906124115 3.235906124115 0 world 0
dragon_gruppo_world_resistant 1580232441582 411 248 touchmove 297 91 2.4745161533356 2.4745161533356 0 world 0
dragon_gruppo_world_resistant 1580232441599 411 248 touchmove 273 86 2.0938215255737 2.0938215255737 0 world 0
dragon_gruppo_world_resistant 1580232441616 411 248 touchmove 250 83 2.0938215255737 2.0938215255737 0 world 0
dragon_gruppo_world_resistant 1580232441631 411 248 touchmove 227 81 2.0938215255737 2.0938215255737 0 world 0
dragon_gruppo_world_resistant 1580232441647 411 248 touchmove 206 79 2.2841687202454 2.2841687202454 0 world 0
dragon_gruppo_world_resistant 1580232441664 411 248 touchmove 188 76 1.9034739732742 1.9034739732742 0 world 0
dragon_gruppo_world_resistant 1580232441680 411 248 touchmove 172 75 2.2841687202454 2.2841687202454 0 world 0
dragon_gruppo_world_resistant 1580232441698 411 248 touchmove 160 76 1.9034739732742 1.9034739732742 0 world 0
dragon_gruppo_world_resistant 1580232441713 411 248 touchmove 149 78 2.0938215255737 2.0938215255737 0 world 0
dragon_gruppo_world_resistant 1580232441731 411 248 touchmove 140 83 2.0938215255737 2.0938215255737 0 world 0
dragon_gruppo_world_resistant 1580232441746 411 248 touchmove 131 90 2.2841687202454 2.2841687202454 0 world 0
dragon_gruppo_world_resistant 1580232441762 411 248 touchmove 122 98 2.0938215255737 2.0938215255737 0 world 0
dragon_gruppo_world_resistant 1580232441780 411 248 touchmove 116 105 2.0938215255737 2.0938215255737 0 world 0
dragon_gruppo_world_resistant 1580232441795 411 248 touchmove 113 110 2.0938215255737 2.0938215255737 0 world 0
dragon_gruppo_world_resistant 1580232441812 411 248 touchmove 111 116 2.2841687202454 2.2841687202454 0 world 0
dragon_gruppo_world_resistant 1580232441828 411 248 touchmove 110 123 1.9034739732742 1.9034739732742 0 world 0
dragon_gruppo_world_resistant 1580232441845 411 248 touchmove 110 132 2.0938215255737 2.0938215255737 0 world 0
dragon_gruppo_world_resistant 1580232441861 411 248 touchmove 110 141 2.0938215255737 2.0938215255737 0 world 0
dragon_gruppo_world_resistant 1580232441877 411 248 touchmove 111 151 1.7131266593933 1.7131266593933 0 world 0
dragon_gruppo_world_resistant 1580232441894 411 248 touchmove 113 169 0.57104218006134 0.57104218006134 0 world 0
dragon_gruppo_world_resistant 1580232441902 411 248 touchend 113 169 0.57104218006134 0.57104218006134 0 world 0
dragon_gruppo_world_resistant 1580232439429 411 248 touchmove 354 44 3.0455584526062 3.0455584526062 0 world 0 0
dragon_gruppo_world_resistant 1580232439446 411 248 touchmove 350 47 2.6648635864258 2.6648635864258 0 world 0 0
dragon_gruppo_world_resistant 1580232439462 411 248 touchmove 346 50 2.6648635864258 2.6648635864258 0 world 0 0
dragon_gruppo_world_resistant 1580232439479 411 248 touchmove 341 52 2.855211019516 2.855211019516 0 world 0 0
dragon_gruppo_world_resistant 1580232439495 411 248 touchmove 335 54 2.6648635864258 2.6648635864258 0 world 0 0
dragon_gruppo_world_resistant 1580232439511 411 248 touchmove 330 56 2.4745161533356 2.4745161533356 0 world 0 0
dragon_gruppo_world_resistant 1580232439528 411 248 touchmove 325 58 2.4745161533356 2.4745161533356 0 world 0 0
dragon_gruppo_world_resistant 1580232439544 411 248 touchmove 321 59 2.855211019516 2.855211019516 0 world 0 0
dragon_gruppo_world_resistant 1580232439561 411 248 touchmove 317 60 3.0455584526062 3.0455584526062 0 world 0 0
dragon_gruppo_world_resistant 1580232439577 411 248 touchmove 315 60 2.855211019516 2.855211019516 0 world 0 0
dragon_gruppo_world_resistant 1580232439593 411 248 touchmove 312 60 3.0455584526062 3.0455584526062 0 world 0 0
dragon_gruppo_world_resistant 1580232439610 411 248 touchmove 308 60 2.6648635864258 2.6648635864258 0 world 0 0
dragon_gruppo_world_resistant 1580232439626 411 248 touchmove 303 60 2.4745161533356 2.4745161533356 0 world 0 0
dragon_gruppo_world_resistant 1580232439643 411 248 touchmove 295 60 2.855211019516 2.855211019516 0 world 0 0
dragon_gruppo_world_resistant 1580232439659 411 248 touchmove 287 60 2.2841687202454 2.2841687202454 0 world 0 0
dragon_gruppo_world_resistant 1580232439676 411 248 touchmove 276 59 2.6648635864258 2.6648635864258 0 world 0 0
dragon_gruppo_world_resistant 1580232439692 411 248 touchmove 265 58 2.855211019516 2.855211019516 0 world 0 0
dragon_gruppo_world_resistant 1580232439709 411 248 touchmove 256 57 2.4745161533356 2.4745161533356 0 world 0 0
dragon_gruppo_world_resistant 1580232439726 411 248 touchmove 247 57 2.4745161533356 2.4745161533356 0 world 0 0
dragon_gruppo_world_resistant 1580232439742 411 248 touchmove 238 57 2.2841687202454 2.2841687202454 0 world 0 0
dragon_gruppo_world_resistant 1580232439759 411 248 touchmove 229 58 2.2841687202454 2.2841687202454 0 world 0 0
dragon_gruppo_world_resistant 1580232439774 411 248 touchmove 219 59 2.0938215255737 2.0938215255737 0 world 0 0
dragon_gruppo_world_resistant 1580232439791 411 248 touchmove 209 60 2.0938215255737 2.0938215255737 0 world 0 0
dragon_gruppo_world_resistant 1580232439807 411 248 touchmove 200 60 2.2841687202454 2.2841687202454 0 world 0 0
dragon_gruppo_world_resistant 1580232439824 411 248 touchmove 192 60 2.2841687202454 2.2841687202454 0 world 0 0
dragon_gruppo_world_resistant 1580232439840 411 248 touchmove 185 60 2.2841687202454 2.2841687202454 0 world 0 0
dragon_gruppo_world_resistant 1580232439856 411 248 touchmove 179 60 2.0938215255737 2.0938215255737 0 world 0 0
dragon_gruppo_world_resistant 1580232439874 411 248 touchmove 171 60 2.0938215255737 2.0938215255737 0 world 0 0
dragon_gruppo_world_resistant 1580232439889 411 248 touchmove 163 60 2.0938215255737 2.0938215255737 0 world 0 0
dragon_gruppo_world_resistant 1580232439906 411 248 touchmove 156 59 2.0938215255737 2.0938215255737 0 world 0 0
dragon_gruppo_world_resistant 1580232439922 411 248 touchmove 150 57 2.2841687202454 2.2841687202454 0 world 0 0
dragon_gruppo_world_resistant 1580232439939 411 248 touchmove 144 55 2.4745161533356 2.4745161533356 0 world 0 0
dragon_gruppo_world_resistant 1580232439955 411 248 touchmove 140 52 2.4745161533356 2.4745161533356 0 world 0 0
dragon_gruppo_world_resistant 1580232439972 411 248 touchmove 136 50 2.4745161533356 2.4745161533356 0 world 0 0
dragon_gruppo_world_resistant 1580232439988 411 248 touchmove 134 48 2.4745161533356 2.4745161533356 0 world 0 0
dragon_gruppo_world_resistant 1580232440005 411 248 touchmove 133 46 2.4745161533356 2.4745161533356 0 world 0 0
dragon_gruppo_world_resistant 1580232440022 411 248 touchmove 132 44 2.6648635864258 2.6648635864258 0 world 0 0
dragon_gruppo_world_resistant 1580232440038 411 248 touchmove 131 42 2.6648635864258 2.6648635864258 0 world 0 0
dragon_gruppo_world_resistant 1580232440054 411 248 touchmove 131 40 2.6648635864258 2.6648635864258 0 world 0 0
dragon_gruppo_world_resistant 1580232440070 411 248 touchmove 131 39 2.6648635864258 2.6648635864258 0 world 0 0
dragon_gruppo_world_resistant 1580232440086 411 248 touchmove 131 38 2.6648635864258 2.6648635864258 0 world 0 0
dragon_gruppo_world_resistant 1580232440103 411 248 touchmove 131 37 2.2841687202454 2.2841687202454 0 world 0 0
dragon_gruppo_world_resistant 1580232440120 411 248 touchmove 131 37 2.6648635864258 2.6648635864258 0 world 0 0
dragon_gruppo_world_resistant 1580232440136 411 248 touchmove 132 36 2.4745161533356 2.4745161533356 0 world 0 0
dragon_gruppo_world_resistant 1580232440159 411 248 touchmove 132 36 2.6648635864258 2.6648635864258 0 world 0 0
dragon_gruppo_world_resistant 1580232440184 411 248 touchmove 132 36 2.6648635864258 2.6648635864258 0 world 0 0
dragon_gruppo_world_resistant 1580232440220 411 248 touchmove 133 37 2.6648635864258 2.6648635864258 0 world 0 0
dragon_gruppo_world_resistant 1580232440236 411 248 touchmove 133 37 2.6648635864258 2.6648635864258 0 world 0 0
dragon_gruppo_world_resistant 1580232440259 411 248 touchmove 133 38 2.6648635864258 2.6648635864258 0 world 0 0
dragon_gruppo_world_resistant 1580232440268 411 248 touchmove 133 38 2.6648635864258 2.6648635864258 0 world 0 0
dragon_gruppo_world_resistant 1580232440318 411 248 touchmove 133 38 2.855211019516 2.855211019516 0 world 0 0
dragon_gruppo_world_resistant 1580232440334 411 248 touchmove 133 38 3.0455584526062 3.0455584526062 0 world 0 0
dragon_gruppo_world_resistant 1580232440352 411 248 touchmove 133 39 2.855211019516 2.855211019516 0 world 0 0
dragon_gruppo_world_resistant 1580232440366 411 248 touchmove 133 39 2.855211019516 2.855211019516 0 world 0 0
dragon_gruppo_world_resistant 1580232440383 411 248 touchmove 134 40 3.0455584526062 3.0455584526062 0 world 0 0
dragon_gruppo_world_resistant 1580232440400 411 248 touchmove 134 41 2.855211019516 2.855211019516 0 world 0 0
dragon_gruppo_world_resistant 1580232440415 411 248 touchmove 134 41 2.855211019516 2.855211019516 0 world 0 0
dragon_gruppo_world_resistant 1580232440433 411 248 touchmove 134 42 2.855211019516 2.855211019516 0 world 0 0
dragon_gruppo_world_resistant 1580232440448 411 248 touchmove 135 43 2.855211019516 2.855211019516 0 world 0 0
dragon_gruppo_world_resistant 1580232440465 411 248 touchmove 135 43 2.855211019516 2.855211019516 0 world 0 0
dragon_gruppo_world_resistant 1580232440481 411 248 touchmove 135 44 2.855211019516 2.855211019516 0 world 0 0
dragon_gruppo_world_resistant 1580232440505 411 248 touchmove 136 44 2.855211019516 2.855211019516 0 world 0 0
dragon_gruppo_world_resistant 1580232440514 411 248 touchmove 136 44 2.855211019516 2.855211019516 0 world 0 0
dragon_gruppo_world_resistant 1580232440530 411 248 touchmove 137 44 2.855211019516 2.855211019516 0 world 0 0
dragon_gruppo_world_resistant 1580232440547 411 248 touchmove 138 45 3.0455584526062 3.0455584526062 0 world 0 0
dragon_gruppo_world_resistant 1580232440563 411 248 touchmove 139 45 3.0455584526062 3.0455584526062 0 world 0 0
dragon_gruppo_world_resistant 1580232440649 411 248 touchmove 140 45 3.0455584526062 3.0455584526062 0 world 0 0
dragon_gruppo_world_resistant 1580232440662 411 248 touchmove 140 45 3.0455584526062 3.0455584526062 0 world 0 0
dragon_gruppo_world_resistant 1580232440680 411 248 touchmove 141 45 3.0455584526062 3.0455584526062 0 world 0 0
dragon_gruppo_world_resistant 1580232440695 411 248 touchmove 142 45 3.0455584526062 3.0455584526062 0 world 0 0
dragon_gruppo_world_resistant 1580232440711 411 248 touchmove 142 45 2.855211019516 2.855211019516 0 world 0 0
dragon_gruppo_world_resistant 1580232440727 411 248 touchmove 143 45 2.855211019516 2.855211019516 0 world 0 0
dragon_gruppo_world_resistant 1580232440744 411 248 touchmove 148 46 2.4745161533356 2.4745161533356 0 world 0 0
dragon_gruppo_world_resistant 1580232440760 411 248 touchmove 161 50 2.4745161533356 2.4745161533356 0 world 0 0
dragon_gruppo_world_resistant 1580232440777 411 248 touchmove 179 55 1.9034739732742 1.9034739732742 0 world 0 0
dragon_gruppo_world_resistant 1580232440793 411 248 touchmove 200 60 1.9034739732742 1.9034739732742 0 world 0 0
dragon_gruppo_world_resistant 1580232440810 411 248 touchmove 222 66 2.0938215255737 2.0938215255737 0 world 0 0
dragon_gruppo_world_resistant 1580232440826 411 248 touchmove 243 71 2.0938215255737 2.0938215255737 0 world 0 0
dragon_gruppo_world_resistant 1580232440843 411 248 touchmove 264 75 1.9034739732742 1.9034739732742 0 world 0 0
dragon_gruppo_world_resistant 1580232440859 411 248 touchmove 284 77 1.9034739732742 1.9034739732742 0 world 0 0
dragon_gruppo_world_resistant 1580232440876 411 248 touchmove 301 79 1.9034739732742 1.9034739732742 0 world 0 0
dragon_gruppo_world_resistant 1580232440892 411 248 touchmove 315 81 1.9034739732742 1.9034739732742 0 world 0 0
dragon_gruppo_world_resistant 1580232440908 411 248 touchmove 326 83 1.9034739732742 1.9034739732742 0 world 0 0
dragon_gruppo_world_resistant 1580232440925 411 248 touchmove 335 85 1.9034739732742 1.9034739732742 0 world 0 0
dragon_gruppo_world_resistant 1580232440941 411 248 touchmove 343 87 1.9034739732742 1.9034739732742 0 world 0 0
dragon_gruppo_world_resistant 1580232440957 411 248 touchmove 349 89 1.7131266593933 1.7131266593933 0 world 0 0
dragon_gruppo_world_resistant 1580232440974 411 248 touchmove 355 92 2.2841687202454 2.2841687202454 0 world 0 0
dragon_gruppo_world_resistant 1580232440990 411 248 touchmove 360 95 2.0938215255737 2.0938215255737 0 world 0 0
dragon_gruppo_world_resistant 1580232441010 411 248 touchmove 364 100 2.0938215255737 2.0938215255737 0 world 0 0
dragon_gruppo_world_resistant 1580232441023 411 248 touchmove 368 104 1.9034739732742 1.9034739732742 0 world 0 0
dragon_gruppo_world_resistant 1580232441039 411 248 touchmove 371 108 1.7131266593933 1.7131266593933 0 world 0 0
dragon_gruppo_world_resistant 1580232441056 411 248 touchmove 373 112 1.9034739732742 1.9034739732742 0 world 0 0
dragon_gruppo_world_resistant 1580232441072 411 248 touchmove 375 116 1.7131266593933 1.7131266593933 0 world 0 0
dragon_gruppo_world_resistant 1580232441088 411 248 touchmove 376 119 1.9034739732742 1.9034739732742 0 world 0 0
dragon_gruppo_world_resistant 1580232441105 411 248 touchmove 377 121 1.9034739732742 1.9034739732742 0 world 0 0
dragon_gruppo_world_resistant 1580232441122 411 248 touchmove 377 123 1.9034739732742 1.9034739732742 0 world 0 0
dragon_gruppo_world_resistant 1580232441138 411 248 touchmove 377 125 1.9034739732742 1.9034739732742 0 world 0 0
dragon_gruppo_world_resistant 1580232441154 411 248 touchmove 377 126 1.9034739732742 1.9034739732742 0 world 0 0
dragon_gruppo_world_resistant 1580232441171 411 248 touchmove 377 126 2.0938215255737 2.0938215255737 0 world 0 0
dragon_gruppo_world_resistant 1580232441187 411 248 touchmove 377 127 1.9034739732742 1.9034739732742 0 world 0 0
dragon_gruppo_world_resistant 1580232441271 411 248 touchmove 377 127 2.0938215255737 2.0938215255737 0 world 0 0
dragon_gruppo_world_resistant 1580232441288 411 248 touchmove 376 126 2.0938215255737 2.0938215255737 0 world 0 0
dragon_gruppo_world_resistant 1580232441305 411 248 touchmove 376 126 2.0938215255737 2.0938215255737 0 world 0 0
dragon_gruppo_world_resistant 1580232441321 411 248 touchmove 376 126 2.0938215255737 2.0938215255737 0 world 0 0
dragon_gruppo_world_resistant 1580232441336 411 248 touchmove 376 126 2.2841687202454 2.2841687202454 0 world 0 0
dragon_gruppo_world_resistant 1580232441352 411 248 touchmove 376 125 2.2841687202454 2.2841687202454 0 world 0 0
dragon_gruppo_world_resistant 1580232441368 411 248 touchmove 376 125 2.2841687202454 2.2841687202454 0 world 0 0
dragon_gruppo_world_resistant 1580232441385 411 248 touchmove 376 124 2.2841687202454 2.2841687202454 0 world 0 0
dragon_gruppo_world_resistant 1580232441453 411 248 touchmove 376 124 2.0938215255737 2.0938215255737 0 world 0 0
dragon_gruppo_world_resistant 1580232441468 411 248 touchmove 376 124 2.2841687202454 2.2841687202454 0 world 0 0
dragon_gruppo_world_resistant 1580232441483 411 248 touchmove 375 124 2.2841687202454 2.2841687202454 0 world 0 0
dragon_gruppo_world_resistant 1580232441501 411 248 touchmove 373 122 2.4745161533356 2.4745161533356 0 world 0 0
dragon_gruppo_world_resistant 1580232441516 411 248 touchmove 367 118 2.4745161533356 2.4745161533356 0 world 0 0
dragon_gruppo_world_resistant 1580232441534 411 248 touchmove 355 111 2.2841687202454 2.2841687202454 0 world 0 0
dragon_gruppo_world_resistant 1580232441549 411 248 touchmove 339 105 2.4745161533356 2.4745161533356 0 world 0 0
dragon_gruppo_world_resistant 1580232441566 411 248 touchmove 319 98 3.235906124115 3.235906124115 0 world 0 0
dragon_gruppo_world_resistant 1580232441582 411 248 touchmove 297 91 2.4745161533356 2.4745161533356 0 world 0 0
dragon_gruppo_world_resistant 1580232441599 411 248 touchmove 273 86 2.0938215255737 2.0938215255737 0 world 0 0
dragon_gruppo_world_resistant 1580232441616 411 248 touchmove 250 83 2.0938215255737 2.0938215255737 0 world 0 0
dragon_gruppo_world_resistant 1580232441631 411 248 touchmove 227 81 2.0938215255737 2.0938215255737 0 world 0 0
dragon_gruppo_world_resistant 1580232441647 411 248 touchmove 206 79 2.2841687202454 2.2841687202454 0 world 0 0
dragon_gruppo_world_resistant 1580232441664 411 248 touchmove 188 76 1.9034739732742 1.9034739732742 0 world 0 0
dragon_gruppo_world_resistant 1580232441680 411 248 touchmove 172 75 2.2841687202454 2.2841687202454 0 world 0 0
dragon_gruppo_world_resistant 1580232441698 411 248 touchmove 160 76 1.9034739732742 1.9034739732742 0 world 0 0
dragon_gruppo_world_resistant 1580232441713 411 248 touchmove 149 78 2.0938215255737 2.0938215255737 0 world 0 0
dragon_gruppo_world_resistant 1580232441731 411 248 touchmove 140 83 2.0938215255737 2.0938215255737 0 world 0 0
dragon_gruppo_world_resistant 1580232441746 411 248 touchmove 131 90 2.2841687202454 2.2841687202454 0 world 0 0
dragon_gruppo_world_resistant 1580232441762 411 248 touchmove 122 98 2.0938215255737 2.0938215255737 0 world 0 0
dragon_gruppo_world_resistant 1580232441780 411 248 touchmove 116 105 2.0938215255737 2.0938215255737 0 world 0 0
dragon_gruppo_world_resistant 1580232441795 411 248 touchmove 113 110 2.0938215255737 2.0938215255737 0 world 0 0
dragon_gruppo_world_resistant 1580232441812 411 248 touchmove 111 116 2.2841687202454 2.2841687202454 0 world 0 0
dragon_gruppo_world_resistant 1580232441828 411 248 touchmove 110 123 1.9034739732742 1.9034739732742 0 world 0 0
dragon_gruppo_world_resistant 1580232441845 411 248 touchmove 110 132 2.0938215255737 2.0938215255737 0 world 0 0
dragon_gruppo_world_resistant 1580232441861 411 248 touchmove 110 141 2.0938215255737 2.0938215255737 0 world 0 0
dragon_gruppo_world_resistant 1580232441877 411 248 touchmove 111 151 1.7131266593933 1.7131266593933 0 world 0 0
dragon_gruppo_world_resistant 1580232441894 411 248 touchmove 113 169 0.57104218006134 0.57104218006134 0 world 0 0
dragon_gruppo_world_resistant 1580232441902 411 248 touchend 113 169 0.57104218006134 0.57104218006134 0 world 0 0
dragon_gruppo_world_resistant 1580232443782 411 248 touchstart 156 39 1.7131266593933 1.7131266593933 0 resistant 0
dragon_gruppo_world_resistant 1580232443802 411 248 touchmove 156 39 2.0938215255737 2.0938215255737 0 resistant 0
dragon_gruppo_world_resistant 1580232443818 411 248 touchmove 156 39 2.2841687202454 2.2841687202454 0 resistant 0
dragon_gruppo_world_resistant 1580232443866 411 248 touchmove 156 39 1.9034739732742 1.9034739732742 0 resistant 0
dragon_gruppo_world_resistant 1580232443883 411 248 touchmove 156 39 1.9034739732742 1.9034739732742 0 resistant 0
dragon_gruppo_world_resistant 1580232443899 411 248 touchmove 151 38 2.0938215255737 2.0938215255737 0 resistant 0
dragon_gruppo_world_resistant 1580232443915 411 248 touchmove 141 35 1.9034739732742 1.9034739732742 0 resistant 0
dragon_gruppo_world_resistant 1580232443932 411 248 touchmove 131 31 2.2841687202454 2.2841687202454 0 resistant 0
dragon_gruppo_world_resistant 1580232443948 411 248 touchmove 123 28 2.4745161533356 2.4745161533356 0 resistant 0
dragon_gruppo_world_resistant 1580232443965 411 248 touchmove 118 26 2.2841687202454 2.2841687202454 0 resistant 0
dragon_gruppo_world_resistant 1580232443980 411 248 touchmove 114 25 2.2841687202454 2.2841687202454 0 resistant 0
dragon_gruppo_world_resistant 1580232443997 411 248 touchmove 112 25 2.0938215255737 2.0938215255737 0 resistant 0
dragon_gruppo_world_resistant 1580232444013 411 248 touchmove 110 25 2.0938215255737 2.0938215255737 0 resistant 0
dragon_gruppo_world_resistant 1580232444030 411 248 touchmove 108 26 2.0938215255737 2.0938215255737 0 resistant 0
dragon_gruppo_world_resistant 1580232444046 411 248 touchmove 108 27 2.2841687202454 2.2841687202454 0 resistant 0
dragon_gruppo_world_resistant 1580232444063 411 248 touchmove 108 28 1.9034739732742 1.9034739732742 0 resistant 0
dragon_gruppo_world_resistant 1580232444079 411 248 touchmove 107 31 1.9034739732742 1.9034739732742 0 resistant 0
dragon_gruppo_world_resistant 1580232444096 411 248 touchmove 105 35 2.0938215255737 2.0938215255737 0 resistant 0
dragon_gruppo_world_resistant 1580232444112 411 248 touchmove 103 40 1.9034739732742 1.9034739732742 0 resistant 0
dragon_gruppo_world_resistant 1580232444128 411 248 touchmove 100 44 2.2841687202454 2.2841687202454 0 resistant 0
dragon_gruppo_world_resistant 1580232444145 411 248 touchmove 99 49 2.0938215255737 2.0938215255737 0 resistant 0
dragon_gruppo_world_resistant 1580232444161 411 248 touchmove 97 54 1.9034739732742 1.9034739732742 0 resistant 0
dragon_gruppo_world_resistant 1580232444178 411 248 touchmove 96 59 1.7131266593933 1.7131266593933 0 resistant 0
dragon_gruppo_world_resistant 1580232444194 411 248 touchmove 94 64 2.0938215255737 2.0938215255737 0 resistant 0
dragon_gruppo_world_resistant 1580232444210 411 248 touchmove 93 70 2.0938215255737 2.0938215255737 0 resistant 0
dragon_gruppo_world_resistant 1580232444227 411 248 touchmove 91 76 1.7131266593933 1.7131266593933 0 resistant 0
dragon_gruppo_world_resistant 1580232444243 411 248 touchmove 91 83 1.9034739732742 1.9034739732742 0 resistant 0
dragon_gruppo_world_resistant 1580232444259 411 248 touchmove 90 89 2.0938215255737 2.0938215255737 0 resistant 0
dragon_gruppo_world_resistant 1580232444276 411 248 touchmove 90 97 1.9034739732742 1.9034739732742 0 resistant 0
dragon_gruppo_world_resistant 1580232444292 411 248 touchmove 90 103 1.9034739732742 1.9034739732742 0 resistant 0
dragon_gruppo_world_resistant 1580232444309 411 248 touchmove 90 108 1.9034739732742 1.9034739732742 0 resistant 0
dragon_gruppo_world_resistant 1580232444325 411 248 touchmove 90 111 1.9034739732742 1.9034739732742 0 resistant 0
dragon_gruppo_world_resistant 1580232444342 411 248 touchmove 90 113 1.9034739732742 1.9034739732742 0 resistant 0
dragon_gruppo_world_resistant 1580232444359 411 248 touchmove 90 114 1.9034739732742 1.9034739732742 0 resistant 0
dragon_gruppo_world_resistant 1580232444375 411 248 touchmove 90 114 2.0938215255737 2.0938215255737 0 resistant 0
dragon_gruppo_world_resistant 1580232444408 411 248 touchmove 90 114 2.0938215255737 2.0938215255737 0 resistant 0
dragon_gruppo_world_resistant 1580232444425 411 248 touchmove 90 113 2.0938215255737 2.0938215255737 0 resistant 0
dragon_gruppo_world_resistant 1580232444442 411 248 touchmove 90 112 2.2841687202454 2.2841687202454 0 resistant 0
dragon_gruppo_world_resistant 1580232444458 411 248 touchmove 91 111 2.2841687202454 2.2841687202454 0 resistant 0
dragon_gruppo_world_resistant 1580232444473 411 248 touchmove 91 109 2.4745161533356 2.4745161533356 0 resistant 0
dragon_gruppo_world_resistant 1580232444489 411 248 touchmove 92 108 2.4745161533356 2.4745161533356 0 resistant 0
dragon_gruppo_world_resistant 1580232444506 411 248 touchmove 95 102 2.6648635864258 2.6648635864258 0 resistant 0
dragon_gruppo_world_resistant 1580232444523 411 248 touchmove 99 94 2.2841687202454 2.2841687202454 0 resistant 0
dragon_gruppo_world_resistant 1580232444539 411 248 touchmove 103 86 2.2841687202454 2.2841687202454 0 resistant 0
dragon_gruppo_world_resistant 1580232444555 411 248 touchmove 107 79 2.4745161533356 2.4745161533356 0 resistant 0
dragon_gruppo_world_resistant 1580232444572 411 248 touchmove 111 73 2.6648635864258 2.6648635864258 0 resistant 0
dragon_gruppo_world_resistant 1580232444588 411 248 touchmove 115 67 2.4745161533356 2.4745161533356 0 resistant 0
dragon_gruppo_world_resistant 1580232444605 411 248 touchmove 119 61 2.2841687202454 2.2841687202454 0 resistant 0
dragon_gruppo_world_resistant 1580232444623 411 248 touchmove 123 55 2.6648635864258 2.6648635864258 0 resistant 0
dragon_gruppo_world_resistant 1580232444640 411 248 touchmove 127 51 2.6648635864258 2.6648635864258 0 resistant 0
dragon_gruppo_world_resistant 1580232444656 411 248 touchmove 130 47 2.4745161533356 2.4745161533356 0 resistant 0
dragon_gruppo_world_resistant 1580232444671 411 248 touchmove 133 45 2.4745161533356 2.4745161533356 0 resistant 0
dragon_gruppo_world_resistant 1580232444687 411 248 touchmove 135 44 2.6648635864258 2.6648635864258 0 resistant 0
dragon_gruppo_world_resistant 1580232444705 411 248 touchmove 138 42 2.6648635864258 2.6648635864258 0 resistant 0
dragon_gruppo_world_resistant 1580232444720 411 248 touchmove 140 40 2.0938215255737 2.0938215255737 0 resistant 0
dragon_gruppo_world_resistant 1580232444739 411 248 touchmove 142 39 2.0938215255737 2.0938215255737 0 resistant 0
dragon_gruppo_world_resistant 1580232444754 411 248 touchmove 144 39 2.0938215255737 2.0938215255737 0 resistant 0
dragon_gruppo_world_resistant 1580232444770 411 248 touchmove 145 38 2.2841687202454 2.2841687202454 0 resistant 0
dragon_gruppo_world_resistant 1580232444785 411 248 touchmove 146 38 2.2841687202454 2.2841687202454 0 resistant 0
dragon_gruppo_world_resistant 1580232444805 411 248 touchmove 146 38 2.4745161533356 2.4745161533356 0 resistant 0
dragon_gruppo_world_resistant 1580232444819 411 248 touchmove 147 38 2.2841687202454 2.2841687202454 0 resistant 0
dragon_gruppo_world_resistant 1580232444835 411 248 touchmove 147 38 2.4745161533356 2.4745161533356 0 resistant 0
dragon_gruppo_world_resistant 1580232444852 411 248 touchmove 147 39 2.6648635864258 2.6648635864258 0 resistant 0
dragon_gruppo_world_resistant 1580232444868 411 248 touchmove 147 39 2.6648635864258 2.6648635864258 0 resistant 0
dragon_gruppo_world_resistant 1580232444884 411 248 touchmove 147 39 2.6648635864258 2.6648635864258 0 resistant 0
dragon_gruppo_world_resistant 1580232444901 411 248 touchmove 146 39 3.0455584526062 3.0455584526062 0 resistant 0
dragon_gruppo_world_resistant 1580232444919 411 248 touchmove 146 40 3.0455584526062 3.0455584526062 0 resistant 0
dragon_gruppo_world_resistant 1580232444933 411 248 touchmove 146 40 3.0455584526062 3.0455584526062 0 resistant 0
dragon_gruppo_world_resistant 1580232444950 411 248 touchmove 145 41 3.0455584526062 3.0455584526062 0 resistant 0
dragon_gruppo_world_resistant 1580232444966 411 248 touchmove 145 41 3.0455584526062 3.0455584526062 0 resistant 0
dragon_gruppo_world_resistant 1580232444983 411 248 touchmove 145 41 3.0455584526062 3.0455584526062 0 resistant 0
dragon_gruppo_world_resistant 1580232444999 411 248 touchmove 144 41 2.855211019516 2.855211019516 0 resistant 0
dragon_gruppo_world_resistant 1580232445117 411 248 touchmove 143 41 2.855211019516 2.855211019516 0 resistant 0
dragon_gruppo_world_resistant 1580232445282 411 248 touchmove 143 41 2.855211019516 2.855211019516 0 resistant 0
dragon_gruppo_world_resistant 1580232445298 411 248 touchmove 143 42 2.855211019516 2.855211019516 0 resistant 0
dragon_gruppo_world_resistant 1580232445312 411 248 touchmove 143 43 2.855211019516 2.855211019516 0 resistant 0
dragon_gruppo_world_resistant 1580232445328 411 248 touchmove 143 43 2.855211019516 2.855211019516 0 resistant 0
dragon_gruppo_world_resistant 1580232445344 411 248 touchmove 142 44 2.855211019516 2.855211019516 0 resistant 0
dragon_gruppo_world_resistant 1580232445361 411 248 touchmove 142 44 2.6648635864258 2.6648635864258 0 resistant 0
dragon_gruppo_world_resistant 1580232445377 411 248 touchmove 141 45 2.4745161533356 2.4745161533356 0 resistant 0
dragon_gruppo_world_resistant 1580232445393 411 248 touchmove 141 46 2.6648635864258 2.6648635864258 0 resistant 0
dragon_gruppo_world_resistant 1580232445410 411 248 touchmove 140 47 2.6648635864258 2.6648635864258 0 resistant 0
dragon_gruppo_world_resistant 1580232445427 411 248 touchmove 140 47 2.6648635864258 2.6648635864258 0 resistant 0
dragon_gruppo_world_resistant 1580232445592 411 248 touchmove 140 47 2.6648635864258 2.6648635864258 0 resistant 0
dragon_gruppo_world_resistant 1580232445641 411 248 touchmove 140 47 2.855211019516 2.855211019516 0 resistant 0
dragon_gruppo_world_resistant 1580232445658 411 248 touchmove 140 47 2.6648635864258 2.6648635864258 0 resistant 0
dragon_gruppo_world_resistant 1580232445708 411 248 touchmove 140 47 2.6648635864258 2.6648635864258 0 resistant 0
dragon_gruppo_world_resistant 1580232445723 411 248 touchmove 140 47 2.855211019516 2.855211019516 0 resistant 0
dragon_gruppo_world_resistant 1580232445889 411 248 touchmove 141 47 1.9034739732742 1.9034739732742 0 resistant 0
dragon_gruppo_world_resistant 1580232445905 411 248 touchmove 142 46 0.76138961315155 0.76138961315155 0 resistant 0
dragon_gruppo_world_resistant 1580232445912 411 248 touchend 142 46 0.76138961315155 0.76138961315155 0 resistant 0
